"Time" "IECs" "pheme_e" "BiomassCD" "pro_L_e" "leu_L_e" "ile_L_e" "val_L_e" "trp_L_e" "cys_L_e" "Drug" "Damage" "pro_L_v" "leu_L_v" "ile_L_v" "val_L_v" "trp_L_v" "cys_L_v" "CD" "pheme_c"
0 457000 1e+05 0.4963 224235600.199112 195370466.451958 120509812.093413 157438605.791629 18978882.6152 31300034.1459915 0 0 0 0 0 0 0 0 45700000 1000
1 298649.966326966 173762.368651734 0.594123777859119 490353298.471791 540628342.19097 291365510.225656 398286075.270052 79560820.3733879 55827036.0693207 0 158350.033673034 300813333.427925 313319914.307138 174251487.526787 235607435.593445 42661673.1741334 36279411.007116 48532264.0542513 1007.33083726973
2 189496.868806186 306904.573234148 0.697811927274223 596279019.981112 675924537.453866 358740257.046868 493081077.924243 102879364.187179 65917738.3040703 0 267503.131193814 585192483.461638 631991451.633164 344466066.933626 469026148.80835 90509662.2571732 68103498.2203457 52252903.469007 1553.97972210372
3 115710.32494707 424638.549162469 0.803528918238505 655971382.357375 750866111.473683 396252387.369896 545810214.495467 115482441.929558 71862702.4126709 0 341289.67505293 788739579.991099 863928113.523414 467196224.538846 637904490.707032 126013495.875403 90492566.9536458 57057136.6582104 1899.1809654657
4 67265.5483800455 509670.601444357 0.907130679294242 696697147.226321 801646541.509175 421585563.138721 581528275.671918 123834638.607538 76103424.1035247 0 389734.451619955 920054863.980825 1014629509.23018 546591955.952725 747340553.974237 149244671.514275 104854639.46453 63165456.9056622 2042.37463013933
5 36750.8209603401 561898.725556484 1.0047945181094 725859094.474739 838459167.120887 439603296.985021 607197513.343244 129793854.080487 79284913.7271198 0 420249.179039661 998215836.856808 1104727634.95702 593909140.607531 812648409.997714 163177600.719447 113390805.170101 70824626.4687348 2049.30843839001
6 18585.637119043 586423.532923737 1.09354968375686 745624813.889278 864549022.316011 451768281.812 624966675.700588 133972763.602795 81588180.1758889 0 438414.362880957 1040961692.45719 1154186779.35785 619802971.285706 848437822.061523 170837942.471825 118062969.31639 80308688.2166551 1976.73366514537
7 8546.25622101519 589556.054250794 1.17156378797591 757149539.266692 881660921.023619 458850673.884768 635980511.667005 136693291.253462 83118993.2428392 0 448453.743778985 1062175564.13857 1178828665.80514 632657674.331225 866235010.66011 174657478.677655 120387278.514283 91917624.2762459 1862.99433174199
8 3500.21375197365 577301.803643485 1.23815234655541 761837701.994365 891678669.545749 461739899.912865 641523162.1327 138275560.919684 84022836.0655997 9737.47760380151 453499.786248027 1071575419.75351 1189797407.91175 638354502.566075 874138739.752419 176358262.774053 121421115.999634 105972253.263388 1731.70796207928
9 3360.4021118758 739368.250791462 1.29357884268403 756611635.809108 885775526.594902 458573752.980511 637197031.605632 137360793.348907 83465485.9941018 6822.67124796799 453639.597888125 1077114518.7042 1196282027.47377 641711687.302018 878803585.499509 177363858.720129 122032153.74093 118.964471235107 63.9079455466822
10 3360.4017672665 813703.55995746 1.33875780180071 751123771.497728 879350809.808197 455247620.508341 632575306.884479 136364486.53416 82860093.2108613 6760.33149363659 453639.598232734 1082602383.75946 1202706745.6937 645037820.228281 883425311.043421 178360165.758703 122637546.6565 0.00371428784466633 1.60680434120909
11 3360.40176725556 845440.574822133 1.37495908443924 745675711.147249 872972691.496869 451945612.763339 627987103.742868 135375405.931882 82259091.3446073 6758.76541208322 453639.598232745 1088050444.10997 1209084864.00507 648339827.973299 888013514.185057 179349246.360988 123238548.522758 1.37082186185021e-07 0.0407241548595641
12 3360.40176725556 858990.495253977 1.40357101758226 740267166.736344 866640835.033147 448667555.182271 623432179.813747 134393499.341415 81662448.6726158 6758.7257203053 453639.598232745 1093458988.52087 1215416720.4688 651617885.554366 892568438.114179 180331152.951455 123835191.19475 5.0340952569706e-08 0.00103237712889279
13 3360.40176725556 864775.50411708 1.42594016973149 734897851.64757 860354904.870114 445413274.049549 618910293.715976 133418714.72814 81070133.5767334 6758.72471424379 453639.598232745 1098828303.60964 1221702650.63183 654872166.687088 897090324.211949 181305937.56473 124427506.290632 5.62702476247474e-08 2.63157400473838e-05
14 3360.40176725556 867245.297568555 1.44328045732819 729567481.342502 854114567.894767 442182596.909652 614421205.819299 132451000.434878 80482114.668151 6758.72468856207 453639.598232745 1104158673.91471 1227942987.60718 658102843.826985 901579412.108626 182273651.857992 125015525.199215 6.15163002282827e-08 6.34125215453399e-07
15 3360.40176725556 868299.622428226 1.45663391124195 724275773.347182 847919493.411004 438975352.558311 609964678.232098 131490305.179245 79898360.7858014 6758.72468793671 453639.598232745 1109450381.91003 1234138062.09094 661310088.178326 906035939.695827 183234347.113625 125599279.081564 6.56255367909945e-08 8.85667359716406e-09
16 3360.40176725556 868749.900628014 1.46686497128128 719022447.236073 841769353.120837 435791371.032779 605540474.787874 130536578.050746 79318840.9945883 16496.2022917286 453639.598232745 1114703708.02114 1240288202.38111 664494069.703858 910460143.140052 184188074.242124 126178798.872777 6.5496214300501e-08 0
17 3360.40176725556 868942.435331541 1.47467397214245 713807250.440645 835663851.338854 432630499.254127 601148382.780517 129589773.196248 78743527.4324565 16496.2022917286 453639.598232745 1119918904.81657 1246393704.16309 667654941.48251 914852235.147409 185134879.096622 126754112.434909 -1.27296635824589e-07 -1.23587808615179e-12
18 3360.40176725556 869024.326360174 1.48061432772879 708629855.272623 829602604.435938 429492538.6142 596788126.240183 128649831.124831 78172383.950529 16496.2022917286 453639.598232745 1125096299.98459 1252454951.06601 670792902.122436 919212491.687743 186074821.168039 127325255.916836 -1.27296635824589e-07 -2.23587808615181e-12
19 3360.40176725556 869059.432522272 1.48512507075956 703490012.338986 823585320.444288 426377337.958709 592459495.135084 127716706.559869 77605383.0370562 16496.2022917286 453639.598232745 1130236142.91823 1258472235.05766 673908102.777928 923541122.792842 187007945.733001 127892256.830309 -1.27296635824589e-07 -3.23587808615183e-12
20 3360.40176725556 869074.51363246 1.48854346670715 698387449.791469 817611681.107446 423284732.523495 588162260.522263 126790350.148044 77042494.7031423 16496.2022917286 453639.598232745 1135338705.46574 1264445874.3945 677000708.213141 927838357.405663 187934302.144825 128455145.164223 -1.27296635824589e-07 -4.23587808615188e-12
21 3360.40176725556 869080.948017573 1.49113116516384 693321897.2111 811681369.842245 420214558.41068 583896194.662469 125870712.795526 76483689.1175635 16496.2022917286 453639.598232745 1140404258.04611 1270376185.6597 680070882.325957 932104423.265457 188853939.497344 129013950.749802 -1.27296635824589e-07 -5.23587808615193e-12
22 3360.40176725556 869083.623374802 1.49308770645445 688293086.173401 805794072.4005 417166652.931223 579661071.496159 124957745.770577 75928936.6691187 16496.2022917286 453639.598232745 1145433069.08381 1276263483.10145 683118787.805414 936339546.431767 189766906.522293 129568703.198247 -1.27296635824589e-07 -6.23587808615199e-12
23 3360.40176725556 869084.804282216 1.4945663365526 683300750.166616 799949476.773273 414140854.555363 575456666.574629 124051400.688708 75378207.9576077 16496.2022917286 453639.598232745 1150425405.0906 1282108078.72867 686144586.181273 940543951.353297 190673251.604162 130119431.909758 -1.27296635824589e-07 -7.23587808615206e-12
24 3360.40176725556 869085.26876005 1.49568294018414 678344624.641997 794147273.249751 411137002.943099 571282757.102369 123151629.521813 74831473.79938 26233.6798955301 453639.598232745 1155381530.61522 1287910282.2522 689148437.793538 944717860.825557 191573022.771057 130666166.067985 0 0
25 3360.40176725556 869085.451109508 1.49652731223589 673424462.480539 788387172.524356 408154948.318396 567139134.962705 122258387.406104 74288706.9335437 26233.6798955301 453639.598232745 1160301692.77668 1293670382.9776 692130492.418241 948861482.965221 192466264.886766 131208932.933821 0 0
26 3360.40176725556 869085.526315783 1.49716330112674 668539970.048382 782668830.835934 405194512.713094 563025552.865462 121371621.033149 73749874.9679286 26233.6798955301 453639.598232745 1165186185.20883 1299388724.66602 695090928.023543 952975065.062464 193353031.259721 131747764.899436 0 0
27 3360.40176725556 869085.559228822 1.49764191984051 663690911.394748 776991971.953706 402255553.120097 558941812.099534 120491287.566724 73214951.8736644 26233.6798955301 453639.598232745 1170035243.86247 1305065583.54824 698029887.616541 957058805.828392 194233364.726146 132282687.993701 0 0
28 3360.40176725556 869085.579855794 1.49800409842884 658877020.232361 771356284.131533 399337908.145696 554887688.405267 119617338.663095 72683908.2753144 26233.6798955301 453639.598232745 1174849135.02486 1310701271.37042 700947532.590941 961112929.522659 195107313.629775 132813731.592051 0 0
29 3360.40176725556 869085.586535015 1.49827723517876 654098045.24747 765761473.152994 396441425.471473 550862970.133294 118749728.696931 72156716.4492444 26233.6798955301 453639.598232745 1179628110.00975 1316296082.34896 703844015.265164 965137647.794632 195974923.595939 133340923.418121 0 0
30 3360.40176725556 869085.584110401 1.49848305868472 649353733.22241 760207242.572726 393565951.625064 546867444.03082 117888411.69725 71633348.4617901 26233.6798955301 453639.598232745 1184372422.03481 1321850312.92922 706719489.111573 969133173.897106 196836240.59562 133864291.405575 0 0
31 3360.40176725556 869085.582338557 1.49863795507535 644643832.920629 754693298.26468 390711334.334837 542900898.513489 117033342.052738 71113776.5978331 26233.6798955301 453639.598232745 1189082322.33659 1327364257.23727 709574106.401799 973099719.414437 197691310.240132 134383863.269532 0 0
32 3360.40176725556 869085.586174338 1.49875532965429 639968094.434047 749219347.658073 387877422.134334 538963123.115749 116184474.393258 70597973.2888055 35971.1574993316 453639.598232745 1193758060.82317 1332838207.84388 712408018.602303 977037494.812177 198540177.899612 134899666.578559 0 0
33 3360.40176725556 869085.585522644 1.49884433537015 635326278.115226 743785110.194389 385064069.775952 535053916.01327 115341765.211468 70085912.0980402 35971.1574993316 453639.598232745 1198399877.14199 1338272445.30756 715221370.960685 980946701.914656 199382887.081402 135411727.769324 0 0
34 3360.40176725556 869085.58532197 1.49891119086268 630718096.371693 738390249.185212 382271102.953147 531173035.003763 114505162.295733 69577561.2998217 35971.1574993316 453639.598232745 1203008058.88552 1343667306.31674 718014337.78349 984827582.924163 200219489.997137 135920078.567543 0 0
35 3360.40176725556 869085.585276352 1.4989613668609 626143342.586035 733034522.740728 379498396.437442 527320306.079856 113674628.135221 69072898.1011848 35971.1574993316 453639.598232745 1207582812.67118 1349023032.76122 720787044.299194 988680311.84807 201050024.157649 136424741.76618 0 0
36 3360.40176725556 869085.585216892 1.49899882988095 621601789.932714 727717665.313194 376745812.752445 523495538.215462 112850121.55037 68571897.4799078 35971.1574993316 453639.598232745 1212124365.3245 1354339890.18876 723539627.984192 992505079.712464 201874530.7425 136925742.387457 0 0
37 3360.40176725556 869085.585101012 1.49902647489393 617093207.537746 722439406.615301 374013211.968047 519698536.975009 112031600.626633 68074533.9671661 35971.1574993316 453639.598232745 1216632947.71947 1359618148.88665 726272228.76859 996302080.952917 202693051.666237 137423105.900198 0 0
38 3360.40176725556 869085.584850069 1.499048073968 612617301.501466 717199402.574715 371300415.954985 515929054.844467 111219012.007323 67580775.1414672 35971.1574993316 453639.598232745 1221108853.75575 1364858152.92724 728985024.781652 1000071563.08346 203505640.285547 137916864.725897 0 0
39 3360.40176725556 869085.58455888 1.49906461844796 608173858.540823 711997403.49807 368607295.444814 512186912.202852 110412316.971479 67090597.4745271 35971.1574993316 453639.598232745 1225552296.71639 1370060152.00388 731678145.291823 1003813705.72507 204312335.321391 138407042.392837 0 0
40 3360.40176725556 869085.584328345 1.49907736483424 603762644.640166 706833135.420059 365933708.603297 508471911.968766 109611473.034193 66603975.1509483 45708.6351031331 453639.598232745 1229963510.61705 1375224420.08189 734351732.13334 1007528705.95916 205113179.258678 138893664.716416 0 0
41 3360.40176725556 869085.584707101 1.49908668838903 599383395.081034 701706288.431185 363279494.987568 504783831.203771 108816432.136545 66120878.9683582 45708.6351031331 453639.598232745 1234342760.17618 1380351267.07076 737005945.749069 1011216786.72415 205908220.156325 139376760.899006 0 0
42 3360.40176725556 869085.584615177 1.49909373805004 595035814.653884 696616516.925621 360644475.674463 501122421.290694 108027140.684043 65641276.3607652 45708.6351031331 453639.598232745 1238690340.60333 1385441038.57633 739640965.062174 1014878196.63723 206697511.608828 139856363.506599 0 0
43 3360.40176725556 869085.584069493 1.4990987647026 590719834.778802 691563740.61593 358028609.098472 497487624.473462 107243586.226189 65165159.7627877 45708.6351031331 453639.598232745 1243006320.47841 1390493814.88602 742256831.638164 1018512993.45446 207481066.066682 140332480.104577 0 0
44 3360.40176725556 869085.583125719 1.49910256924923 586435085.272854 686547526.12392 355431670.895908 493879128.994423 106465701.557274 64692488.3377573 45708.6351031331 453639.598232745 1247291069.98436 1395510029.37803 744853769.840729 1022121488.9335 208258950.735597 140805151.529607 0 0
45 3360.40176725556 869085.581802213 1.49910527149545 582181492.53563 681567787.284588 352853616.458392 490296872.869383 105693473.315342 64223253.966457 45708.6351031331 453639.598232745 1251544662.72159 1400489768.21736 747431824.278244 1025703745.05854 209031178.977529 141274385.900907 0 0
46 3360.40176725556 869085.580214921 1.49910736667535 577958679.53185 676624082.697609 350294217.269109 486740538.569837 104926833.050659 63757415.056303 45708.6351031331 453639.598232745 1255767475.72536 1405433472.80434 749991223.467527 1029260079.35809 209797819.242212 141740224.811061 0 0
47 3360.40176725556 869085.578387863 1.49910896736241 573766555.028365 671716305.555094 347753418.032679 483210049.261793 104165764.200095 63294961.5429258 45708.6351031331 453639.598232745 1259959600.22885 1410341249.94686 752532022.703958 1032790568.66613 210558888.092776 142202678.324439 0 0
48 3360.40176725556 869085.576264519 1.49911022498316 569604785.972226 666844065.947428 345231016.889476 479705124.45743 103410206.298789 62835856.6856449 55446.1127069346 453639.598232745 1264121369.28499 1415213489.55452 755054423.84716 1036295493.4705 211314445.994082 142661783.18172 0 0
49 3360.40176725556 869085.580876571 1.49911131559791 565473311.749004 662007292.912476 342726977.101782 476225713.10898 102660148.342355 62380093.7977898 55446.1127069346 453639.598232745 1268252843.50821 1420050262.58947 757558463.634854 1039774904.81895 212064503.950516 143117546.069575 0 0
50 3360.40176725556 869085.579852273 1.49911214119314 561371694.577212 657205473.933499 340241033.335189 472771446.529192 101915510.852749 61927624.5855689 55446.1127069346 453639.598232745 1272354460.68 1424852081.56845 760044407.401447 1043229171.39874 212809141.440122 143570015.281796 0 0
51 3360.40176725556 869085.573382443 1.49911272971245 557299891.646062 652438558.891326 337773159.642563 469342288.664025 101176286.05779 61478444.3263173 55446.1127069346 453639.598232745 1276426263.61115 1429618996.61062 762512281.094073 1046658329.26391 213548366.235081 144019195.541048 0 0
52 3360.40176725556 869085.562137804 1.49911317514992 553257551.481386 647706136.310371 335323142.999388 465937943.511824 100442410.148293 61032514.2472211 55446.1127069346 453639.598232745 1280468603.77583 1434351419.19158 764962297.737248 1050062674.41611 214282242.144578 144465125.620144 0 0
53 3360.40176725556 869085.545480616 1.49911345622241 549244823.239079 643008380.809467 332891073.807364 462558536.687487 99713910.203108 60589850.8023877 55446.1127069346 453639.598232745 1284481332.01814 1439049174.69248 767394366.929272 1053442081.24044 215010742.089763 144907789.064977 0 0
54 3360.40176725556 869085.527267598 1.4991137333679 545260718.679423 638344135.442943 330476353.105577 459203235.923327 98990606.8099899 60150344.974318 55446.1127069346 453639.598232745 1288465436.57779 1443713420.05901 769809087.631059 1056797382.0046 215734045.482881 145347294.893047 0 0
55 3360.40176725556 869085.505189568 1.49911392349205 541305746.859798 633713996.171193 328079289.427946 455872469.933149 98272592.3869277 59714052.9195917 55446.1127069346 453639.598232745 1292420408.39742 1448343559.33075 772206151.30869 1060128147.99478 216452059.905943 145783586.947773 0 0
56 3360.40176725556 869085.464019527 1.49911405101533 537379616.64214 629117622.15493 325699706.318986 452565993.528666 97559814.0785943 59280942.5213621 55446.1127069346 453639.598232745 1296346538.61508 1452939933.34702 774585734.41765 1063434624.39926 217164838.214277 146216697.346003 0 0
57 3360.40176725556 869085.390461787 1.49911414157131 533482046.341775 624554683.622075 323337433.0528 449283569.482971 96852220.7458998 58850982.7056314 55446.1127069346 453639.598232745 1300244108.91544 1457502871.87987 776948007.683835 1066717048.44496 217872431.546971 146646657.161734 0 0
58 3360.40176725556 869085.278224987 1.49911422519322 529612788.558879 620024890.938291 320992319.683157 446024989.442893 96149767.4740764 58424146.1805294 55446.1127069346 453639.598232745 1304113366.69834 1462032664.56366 779293121.053479 1069975628.48504 218574884.818795 147073493.686835 0 0
59 3360.40176725556 869085.121017768 1.49911433191427 525771595.89363 615527954.469245 318664216.26382 442790045.055263 95452409.3483563 58000405.6541861 55446.1127069346 453639.598232745 1307954559.36359 1466529601.0327 781621224.472816 1073210572.87267 219272242.944515 147497234.213179 0 0
60 3360.40176725556 869084.912548771 1.49911449176769 521958220.946205 611063584.580599 316352972.848558 439578527.96691 94760101.4539717 57579733.8347314 55446.1127069346 453639.598232745 1311767934.31101 1470993970.92135 783932467.888078 1076422089.96102 219964550.838899 147917906.032634 0 0
61 3360.40176725556 869084.646526636 1.49911473478668 518172416.316781 606631491.638019 314058439.491135 436390229.824665 94072798.8761547 57162103.4302953 55446.1127069346 453639.598232745 1315553738.94043 1475426063.86393 786227001.245501 1079610388.10327 220651853.416716 148335536.43707 0 0
62 3360.40176725556 869084.465961858 1.49911497122334 514413989.003524 602231449.691632 311780499.215324 433224988.087812 93390466.5759448 56747493.1499126 55446.1127069346 453639.598232745 1319312166.25369 1479826105.81032 788504941.521312 1082775629.84012 221334185.716926 148750146.717452 0 0
63 3360.40176725556 869084.724138235 1.49911494629412 510682827.980725 597863328.762133 309519084.729698 430082709.253624 92713084.3969256 56335890.745801 55446.1127069346 453639.598232745 1323043327.27649 1484194226.73981 790766356.006938 1085917908.67431 222011567.895945 149161749.121564 0 0
64 3360.40176725556 869085.332684188 1.49911481132167 506978737.14989 593526899.27435 307274077.181179 426963228.173467 92040616.7379464 55927274.5853878 55446.1127069346 453639.598232745 1326747418.10733 1488530656.2276 793011363.555457 1089037389.75446 222684035.554925 149570365.281977 0 0
65 3360.40176725556 869086.019696751 1.49911472300151 503301512.805911 589221922.747942 305045353.106406 423866373.29263 91373026.6168965 55521622.1969781 55446.1127069346 453639.598232745 1330424642.4513 1492835632.75401 795240087.63023 1092134244.6353 223351625.675974 149976017.670387 0 0
66 3360.40176725556 869086.226681941 1.49911467441673 499650890.320294 584948089.378736 302832752.117041 420791921.748441 90710265.9911895 55118904.3881239 55446.1127069346 453639.598232745 1334075264.93692 1497109466.12321 797452688.619595 1095208696.17949 224014386.301681 150378735.479241 0 0
67 3360.40176725556 869085.897600287 1.49911467583103 496026885.023532 580705417.114347 300636283.504723 417739886.45181 90052337.644035 54719122.8500059 55446.1127069346 453639.598232745 1337699270.23368 1501352138.3876 799649157.231913 1098260731.47612 224672314.648836 150778517.017359 0 0
68 3360.40176725556 869085.426572492 1.49911465701265 492429092.55493 576493432.564213 298455702.19101 414709926.861535 89399168.1648437 54322232.9756417 55446.1127069346 453639.598232745 1341297062.70229 1505564122.93774 801829738.545626 1101290691.0664 225325484.128027 151175406.891723 0 0
69 3360.40176725556 869085.527974897 1.49911463812165 488857392.276098 572311994.49533 296290935.058337 411701941.37936 88750735.6520426 53928221.4568274 55446.1127069346 453639.598232745 1344868762.98112 1509745561.00662 803994505.678299 1104298676.54857 225973916.640828 151569418.410538 0 0
70 3360.40176725556 869085.574581628 1.49911462396826 485311598.669496 568160885.719793 294141869.666624 408715773.767633 88107006.425425 53537067.8282269 55446.1127069346 453639.598232745 1348414556.58772 1513896669.78215 806143571.070012 1107284844.1603 226617645.867446 151960572.039138 0 0
71 3360.40176725556 869085.576918832 1.49911461331165 481791523.450969 564039885.810783 292008391.898972 405751265.458734 87467946.3025121 53148751.3193047 55446.1127069346 453639.598232745 1351934631.80625 1518017669.69116 808277048.837664 1110249352.4692 227256705.990359 152348888.54806 0 0
72 3360.40176725556 869085.581760729 1.49911460524783 478296965.550975 559948759.373452 289890379.889408 402808247.117553 86833518.7796733 52763249.7491082 55446.1127069346 453639.598232745 1355429189.70624 1522108796.1285 810395060.847227 1113192370.81038 227891133.513198 152734390.118257 0 0
