/home/docker/data/EpitCellDifficile_analysis/params_EpitCellDifficile-analysis.RDS[1] "[experiment.configurations] Generating configurations..."
[1] "[experiment.configurations] Reading parameters file"
[1] "[experiment.configurations] Done reading parameters file"
[1] "[experiment.configurations] Parsing parameters..."
[1] "[experiment.configurations] Parsing parameter g; FBAfile ; FBA.generation; model = \"/home/docker/data/Input/FinalMatrix.RData\"; load=T"
[1] "[experiment.configurations] Parsing parameter i; init; init.gen; n_file=\"/home/docker/data/Input/NAMES.RDS\""
[1] "[experiment.configurations] Parsing parameter g; ReactNames; saveNames; model = \"/home/docker/data/Input/CD196_heme.RData\""
[1] "[experiment.configurations] Parsing parameter g; VmaxValues; saveMMConstant; type = \"Vmax\""
[1] "[experiment.configurations] Parsing parameter g; KMValues; saveMMConstant; type = \"KM\""
[1] "[experiment.configurations] Parsing parameter g; gDW_CDmax; ComputeBiomassBac; diameter = 0.7; len = 9"
[1] "[experiment.configurations] Parsing parameter g; gDW_CDmean; ComputeBiomassBac; diameter = 0.5; len = 5.5"
[1] "[experiment.configurations] Parsing parameter g; gDW_CDmin; ComputeBiomassBac; diameter = 0.3; len = 2"
[1] "[experiment.configurations] Parsing parameter g; Inflammation_rate; InflammationFunction; gamma = 0.15"
[1] "[experiment.configurations] Parsing parameter g; Emax; 2.023e05"
[1] "[experiment.configurations] Parsing parameter g; Imax; 24"
[1] "[experiment.configurations] Parsing parameter g; Mmtz; 0.17116"
[1] "[experiment.configurations] Parsing parameter g; Na; 6.022e20"
[1] "[experiment.configurations] Parsing parameter g; Drug50; 4e-06"
[1] "[experiment.configurations] Parsing parameter g; K50; 1.030726e+27"
[1] "[experiment.configurations] Parsing parameter g; h; 0.5"
[1] "[experiment.configurations] Parsing parameter g; rCDdup; 0.91"
[1] "[experiment.configurations] Parsing parameter g; RCD; 0.21e-12"
[1] "[experiment.configurations] Parsing parameter g; DAMAGEmax_rate; 4.57e05"
[1] "[experiment.configurations] Parsing parameter c; IECsDeath; 1"
[1] "[experiment.configurations] Parsing parameter c; Treat; EvalTreat; dose = 0.0625"
[1] "[experiment.configurations] Parsing parameter c; Clear; 0.0625"
[1] "[experiment.configurations] Parsing parameter c; D_pheme_e; EvalDiet; diet = NULL; ex = \"EX_pheme_e\""
[1] "[experiment.configurations] Parsing parameter c; D_cys_L_e; EvalDiet; diet = \"EU_average\"; ex = \"EX_cys_L_e\""
[1] "[experiment.configurations] Parsing parameter c; D_trp_L_e; EvalDiet; diet = \"EU_average\"; ex = \"EX_trp_L_e\""
[1] "[experiment.configurations] Parsing parameter c; D_val_L_e; EvalDiet; diet = \"EU_average\"; ex = \"EX_val_L_e\""
[1] "[experiment.configurations] Parsing parameter c; D_ile_L_e; EvalDiet; diet = \"EU_average\"; ex = \"EX_ile_L_e\""
[1] "[experiment.configurations] Parsing parameter c; D_leu_L_e; EvalDiet; diet = \"EU_average\"; ex = \"EX_leu_L_e\""
[1] "[experiment.configurations] Parsing parameter c; D_pro_L_e; EvalDiet; diet = \"EU_average\"; ex = \"EX_pro_L_e\""
[1] "[experiment.configurations] Parsing parameter c; T_pheme_e; EvalTransport; yield = 0.4"
[1] "[experiment.configurations] Parsing parameter c; T_cys_L_e; EvalTransport; yield = 0.99"
[1] "[experiment.configurations] Parsing parameter c; T_trp_L_e; EvalTransport; yield = 0.99"
[1] "[experiment.configurations] Parsing parameter c; T_val_L_e; EvalTransport; yield = 0.99"
[1] "[experiment.configurations] Parsing parameter c; T_ile_L_e; EvalTransport; yield = 0.99"
[1] "[experiment.configurations] Parsing parameter c; T_leu_L_e; EvalTransport; yield = 0.99"
[1] "[experiment.configurations] Parsing parameter c; T_pro_L_e; EvalTransport; yield = 0.99"
[1] "[experiment.configurations] Done parsing parameters"
[1] "[experiment.configurations] Done generating configurations"
[1] "[model.mngr] Generating command template"
[[1]]
R version 4.1.3 (2022-03-10)
Platform: x86_64-pc-linux-gnu (64-bit)
Running under: Debian GNU/Linux bookworm/sid

Matrix products: default
BLAS:   /usr/lib/x86_64-linux-gnu/openblas-pthread/libblas.so.3
LAPACK: /usr/lib/x86_64-linux-gnu/openblas-pthread/libopenblasp-r0.3.20.so

locale:
 [1] LC_CTYPE=en_US.UTF-8       LC_NUMERIC=C              
 [3] LC_TIME=en_US.UTF-8        LC_COLLATE=en_US.UTF-8    
 [5] LC_MONETARY=en_US.UTF-8    LC_MESSAGES=en_US.UTF-8   
 [7] LC_PAPER=en_US.UTF-8       LC_NAME=C                 
 [9] LC_ADDRESS=C               LC_TELEPHONE=C            
[11] LC_MEASUREMENT=en_US.UTF-8 LC_IDENTIFICATION=C       

attached base packages:
[1] parallel  stats     graphics  grDevices utils     datasets  methods  
[8] base     

other attached packages:
[1] epimod_1.0.0

loaded via a namespace (and not attached):
[1] compiler_4.1.3

[experiment.run] cmdln_exp
IECsDeath 1
Treat 3073068406459206
Clear 0.0625
D_pheme_e 172921760984239
D_cys_L_e 702448658961561
D_trp_L_e 2704532239095882
D_val_L_e 4384586776720308
D_ile_L_e 5032390309739655
D_leu_L_e 425932144522746
D_pro_L_e 3533303853620268
T_pheme_e 8.7527352297593e-07
T_cys_L_e 2.16630196936543e-06
T_trp_L_e 2.16630196936543e-06
T_val_L_e 2.16630196936543e-06
T_ile_L_e 2.16630196936543e-06
T_leu_L_e 2.16630196936543e-06
T_pro_L_e 2.16630196936543e-06
[experiment.run] cmdln_params
IECsDeath 1
Treat 3073068406459206
Clear 0.0625
D_pheme_e 172921760984239
D_cys_L_e 702448658961561
D_trp_L_e 2704532239095882
D_val_L_e 4384586776720308
D_ile_L_e 5032390309739655
D_leu_L_e 425932144522746
D_pro_L_e 3533303853620268
T_pheme_e 8.7527352297593e-07
T_cys_L_e 2.16630196936543e-06
T_trp_L_e 2.16630196936543e-06
T_val_L_e 2.16630196936543e-06
T_ile_L_e 2.16630196936543e-06
T_leu_L_e 2.16630196936543e-06
T_pro_L_e 2.16630196936543e-06
457000
15460882800000
2.26821898758401e-05
2.16792e+20
3.43254e+20
1.92704e+20
3.49276e+20
5.90156e+19
1.5055e+20
2.1077e+17
0
0
0
0
0
0
0
45700000


 =========================================================
|	              ODE/SDE Solver                       |
 =========================================================

 If you find any bug, send an email to beccuti@di.unito.it

=====================INPUT PARAMETERS======================

	Compact CPP code: OFF
	Type solution: 7
	Transition policy: Genelarized Mass Action policy
	Solution final time: 96
	Initial size step: 1e-06
	Initial  time: 0
	Abosolute tolerance: 1e-06
	Relative tolerance: 1e-06
	Epsilon value for TAU-leaping: 0.1
	Solution runs: 1
	Initial marking file: init
	Initial parameter file: cmdln_params
	Detailed output: 0.25

===========================================================


START EXECUTION...


-----------------------------------------------------------
		  Reading initial marking
-----------------------------------------------------------
Place 0 marking:457000
Place 1 marking:1.54609e+13
Place 2 marking:2.26822e-05
Place 3 marking:2.16792e+20
Place 4 marking:3.43254e+20
Place 5 marking:1.92704e+20
Place 6 marking:3.49276e+20
Place 7 marking:5.90156e+19
Place 8 marking:1.5055e+20
Place 9 marking:2.1077e+17
Place 10 marking:0
Place 11 marking:0
Place 12 marking:0
Place 13 marking:0
Place 14 marking:0
Place 15 marking:0
Place 16 marking:0
Place 17 marking:4.57e+07
-----------------------------------------------------------


-----------------------------------------------------------
		  Reading Parameter
-----------------------------------------------------------
New rate of transition IECsDeath is 1
New rate of transition Treat is 3.07307e+15
New rate of transition Clear is 0.0625
New rate of transition D_pheme_e is 1.72922e+14
New rate of transition D_cys_L_e is 7.02449e+14
New rate of transition D_trp_L_e is 2.70453e+15
New rate of transition D_val_L_e is 4.38459e+15
New rate of transition D_ile_L_e is 5.03239e+15
New rate of transition D_leu_L_e is 4.25932e+14
New rate of transition D_pro_L_e is 3.5333e+15
New rate of transition T_pheme_e is 8.75274e-07
New rate of transition T_cys_L_e is 2.1663e-06
New rate of transition T_trp_L_e is 2.1663e-06
New rate of transition T_val_L_e is 2.1663e-06
New rate of transition T_ile_L_e is 2.1663e-06
New rate of transition T_leu_L_e is 2.1663e-06
New rate of transition T_pro_L_e is 2.1663e-06
-----------------------------------------------------------


 =========================================================
|		      System equation			  |
 =========================================================

	dCD/dt = -1*Therapy() -1*DeathCD() +1*Duplication()
	CD_0 = 4.57e+07

	dcys_L_v/dt = +1*T_cys_L_e*Prod( cys_L_e, IECs )
	cys_L_v_0 = 0

	dtrp_L_v/dt = +1*T_trp_L_e*Prod( trp_L_e, IECs )
	trp_L_v_0 = 0

	dval_L_v/dt = +1*T_val_L_e*Prod( val_L_e, IECs )
	val_L_v_0 = 0

	dile_L_v/dt = +1*T_ile_L_e*Prod( ile_L_e, IECs )
	ile_L_v_0 = 0

	dleu_L_v/dt = +1*T_leu_L_e*Prod( IECs, leu_L_e )
	leu_L_v_0 = 0

	dpro_L_v/dt = +1*T_pro_L_e*Prod( pro_L_e, IECs )
	pro_L_v_0 = 0

	dDamage/dt = +1*IECsDeath*Prod( CD, IECs )
	Damage_0 = 0

	dDrug/dt = -1*Therapy() +1*Treat*Prod( 1.0 ) -1*Clear*Prod( Drug )
	Drug_0 = 2.1077e+17

	dcys_L_e/dt = +1*IECsDeath*Prod( CD, IECs ) +1*D_cys_L_e*Prod( 1.0 ) -1*FBA() -1*T_cys_L_e*Prod( cys_L_e, IECs ) +1*FBA()
	cys_L_e_0 = 1.5055e+20

	dtrp_L_e/dt = +1*IECsDeath*Prod( CD, IECs ) -1*FBA() +1*D_trp_L_e*Prod( 1.0 ) -1*T_trp_L_e*Prod( trp_L_e, IECs ) +1*FBA()
	trp_L_e_0 = 5.90156e+19

	dval_L_e/dt = +1*IECsDeath*Prod( CD, IECs ) -1*FBA() +1*D_val_L_e*Prod( 1.0 ) -1*T_val_L_e*Prod( val_L_e, IECs ) +1*FBA()
	val_L_e_0 = 3.49276e+20

	dile_L_e/dt = +1*IECsDeath*Prod( CD, IECs ) -1*FBA() +1*D_ile_L_e*Prod( 1.0 ) -1*T_ile_L_e*Prod( ile_L_e, IECs ) +1*FBA()
	ile_L_e_0 = 1.92704e+20

	dleu_L_e/dt = +1*IECsDeath*Prod( CD, IECs ) +1*FBA() +1*D_leu_L_e*Prod( 1.0 ) -1*T_leu_L_e*Prod( IECs, leu_L_e ) -1*FBA()
	leu_L_e_0 = 3.43254e+20

	dpro_L_e/dt = -1*FBA() +1*D_pro_L_e*Prod( 1.0 ) -1*T_pro_L_e*Prod( pro_L_e, IECs )
	pro_L_e_0 = 2.16792e+20

	dBiomassCD/dt = -1*FBA() -1*Starvation()
	BiomassCD_0 = 2.26822e-05

	dpheme_e/dt = -1*FBA() -1*Therapy() +1*D_pheme_e*Prod( 1.0 ) +1*FBA() +1*Heam() -1*T_pheme_e*Prod( pheme_e, IECs )
	pheme_e_0 = 1.54609e+13

	IECs = -1*Damage+457000

	Transitions' rate
		EX_pheme_e_in: 1
		EX_pro_L_e_in: 1
		EX_biomass_e_out: 1
		IECsDeath: 1
		D_cys_L_e: 7.02449e+14
		Death4Treat: 1
		EX_val_L_e_in: 1
		EX_ile_L_e_in: 1
		EX_leu_L_e_out: 1
		EX_cys_L_e_in: 1
		EX_trp_L_e_in: 1
		D_pheme_e: 1.72922e+14
		D_trp_L_e: 2.70453e+15
		D_val_L_e: 4.38459e+15
		D_ile_L_e: 5.03239e+15
		D_leu_L_e: 4.25932e+14
		D_pro_L_e: 3.5333e+15
		T_cys_L_e: 2.1663e-06
		EX_pheme_e_out: 1
		Inflam: 1
		T_trp_L_e: 2.1663e-06
		T_val_L_e: 2.1663e-06
		T_ile_L_e: 2.1663e-06
		T_leu_L_e: 2.1663e-06
		T_pro_L_e: 2.1663e-06
		EX_cys_L_e_out: 1
		EX_trp_L_e_out: 1
		EX_val_L_e_out: 1
		EX_ile_L_e_out: 1
		EX_leu_L_e_in: 1
		EX_biomass_e_in: 1
		Starv: 1
		DeathBac: 1
		T_pheme_e: 8.75274e-07
		Dup: 1
		Treat: 3.07307e+15
		Clear: 0.0625
===========================================================

#### ./ReactNames####
Bounds of 500 is updated as: [-1000;1.57872012159895e-12]
Trans: EX_cys_L_e_in, MEt input: 45700000;
Segmentation fault
[[1]]
[1] "EpitCellDifficile-analysis-1.trace"

logical(0)
