"Time" "IECs" "pheme_e" "BiomassCD" "pro_L_e" "leu_L_e" "ile_L_e" "val_L_e" "trp_L_e" "cys_L_e" "Drug" "Damage" "pro_L_v" "leu_L_v" "ile_L_v" "val_L_v" "trp_L_v" "cys_L_v" "CD" "pheme_c"
0 457000 1e+05 0.4963 224235600.199112 195370466.451958 120509812.093413 157438605.791629 18978882.6152 31300034.1459915 0 0 0 0 0 0 0 0 45700000 1000
1 298649.966326966 173762.368651734 0.594123777859119 490353298.471791 540628342.19097 291365510.225656 398286075.270052 79560820.3733879 55827036.0693207 0 158350.033673034 300813333.427925 313319914.307138 174251487.526787 235607435.593445 42661673.1741334 36279411.007116 48532264.0542513 1007.33083726973
2 189496.868806186 306904.573234148 0.697811927274223 596279019.981112 675924537.453866 358740257.046868 493081077.924243 102879364.187179 65917738.3040703 0 267503.131193814 585192483.461638 631991451.633164 344466066.933626 469026148.80835 90509662.2571732 68103498.2203457 52252903.469007 1553.97972210372
3 115710.32494707 424638.549162469 0.803528918238505 655971382.357375 750866111.473683 396252387.369896 545810214.495467 115482441.929558 71862702.4126709 0 341289.67505293 788739579.991099 863928113.523414 467196224.538846 637904490.707032 126013495.875403 90492566.9536458 57057136.6582104 1899.1809654657
4 67265.5483800455 509670.601444357 0.907130679294242 696697147.226321 801646541.509175 421585563.138721 581528275.671918 123834638.607538 76103424.1035247 0 389734.451619955 920054863.980825 1014629509.23018 546591955.952725 747340553.974237 149244671.514275 104854639.46453 63165456.9056622 2042.37463013933
5 36750.8209603401 561898.725556484 1.0047945181094 725859094.474739 838459167.120887 439603296.985021 607197513.343244 129793854.080487 79284913.7271198 0 420249.179039661 998215836.856808 1104727634.95702 593909140.607531 812648409.997714 163177600.719447 113390805.170101 70824626.4687348 2049.30843839001
6 18585.637119043 586423.532923737 1.09354968375686 745624813.889278 864549022.316011 451768281.812 624966675.700588 133972763.602795 81588180.1758889 0 438414.362880957 1040961692.45719 1154186779.35785 619802971.285706 848437822.061523 170837942.471825 118062969.31639 80308688.2166551 1976.73366514537
7 8546.25622101519 589556.054250794 1.17156378797591 757149539.266692 881660921.023619 458850673.884768 635980511.667005 136693291.253462 83118993.2428392 0 448453.743778985 1062175564.13857 1178828665.80514 632657674.331225 866235010.66011 174657478.677655 120387278.514283 91917624.2762459 1862.99433174199
8 3500.21375197365 577301.803643485 1.23815234655541 761837701.994365 891678669.545749 461739899.912865 641523162.1327 138275560.919684 84022836.0655997 9737.47760380151 453499.786248027 1071575419.75351 1189797407.91175 638354502.566075 874138739.752419 176358262.774053 121421115.999634 105972253.263388 1731.70796207928
9 3350.35105519241 739055.182004031 1.25089601614002 756812598.149959 885791972.85784 458695647.627398 637290592.555743 137369967.84654 83470770.1440634 5324.72100511595 453649.648944808 1077102668.15924 1196266636.88801 641704505.36368 878793080.569477 177361517.412562 122030729.196735 4990.75391764519 198.791621120565
10 3350.32543163285 813579.739636414 1.26260459907553 751339753.994799 879386421.337256 455378618.260588 632682064.31397 136376586.435514 82867156.7442736 5135.2230925182 453649.674568368 1082575598.01771 1202672287.83049 645021586.914754 883401680.796555 178354915.52157 122634352.435971 16.3666117499134 12.1482437089855
11 3350.32534316544 845399.108300606 1.2733431363975 745906409.244388 873027101.771322 452085528.801125 628106797.592073 135390373.46981 82267899.4473147 5123.81285197095 453649.674656835 1088008943.06398 1209031607.73963 648314676.554363 887976947.766954 179341128.544926 123233609.766902 0.0621603969992448 0.74908213559165
12 3350.32534282832 858984.239749037 1.28317601207594 740512355.687535 866713769.58221 448816253.293626 623564616.879255 134411292.292176 81672975.6738693 5123.10993802276 453649.674657173 1093402996.62196 1215344939.93005 651583952.062549 892519128.480718 180320209.722779 123828533.540477 0.000238565679786455 0.0462119071317103
13 3350.32534282703 864784.345725431 1.29216622616721 735157309.454736 860446092.519067 445570619.688785 619055283.136368 133439291.381041 81082354.1165857 5123.06657700569 453649.674657174 1098758042.85477 1221612616.9932 654829585.667392 897028462.223609 181292210.633914 124419155.097761 8.94107998104831e-07 0.00285106044696683
14 3350.32534282702 867260.67349396 1.30037482262956 729840988.463902 854223740.426108 442348457.019808 614578558.830021 132474319.53536 80496003.6639241 5123.06390182633 453649.674657174 1104074363.8456 1227834969.08616 658051748.336369 901505186.529956 182257182.479596 125005505.550422 7.82442366973618e-08 0.000175881882728566
15 3350.32534282702 868317.91662596 1.30786045464737 724563112.671905 848046385.534005 439149595.555689 610134208.143776 131516325.924164 79913893.4292215 5123.06373683009 453649.674657174 1109352239.6376 1234012323.97827 661250609.800488 905949537.216201 183215176.090792 125587615.785125 8.71317521377137e-08 1.08859221805832e-05
16 3350.32534282702 868769.46211344 1.31467914810411 719323403.626683 841913701.935659 435973866.529747 605721996.600987 130565260.005285 79335992.7012975 14860.5413305121 453649.674657174 1114591948.68282 1240145007.57661 664426338.826429 910361748.75899 184166242.009671 126165516.513049 9.6556827643518e-08 7.66651694460338e-07
17 3350.32534282702 868962.413461318 1.31943828009715 714121611.548501 835825397.282756 432821118.55328 601341713.869167 129621076.440901 78762273.931315 14860.5413297075 453649.674657174 1119793740.761 1246233312.22951 667579086.802895 914742031.49081 185110425.574055 126739235.283031 -8.74039728690079e-08 -3.80349687813624e-08
18 3350.32534282702 869044.152316918 1.32378600679675 708957411.559795 829781091.330654 429691154.721633 596993086.378063 128683716.262092 78192701.287708 14860.5413297075 453649.674657174 1124957940.74971 1252277618.18162 670709050.634543 919090658.981914 186047785.752864 127308807.926638 -8.74039728690079e-08 -3.80389687813627e-08
19 3350.32534282702 869079.600874077 1.32775543776279 703830556.250723 823780494.504822 426583825.082467 592675905.790807 127753134.5612 77627247.4830209 14860.5413297075 453649.674657174 1130084796.05878 1258278215.00745 673816380.273708 923407839.56917 186978367.453756 127874261.731326 -8.74039728690079e-08 -3.8042968781363e-08
20 3350.32534282702 869094.660026082 1.33137754583686 698740774.575571 817823289.566728 423498965.358009 588389943.867433 126829282.140389 77065882.6229383 14860.5413297075 453649.674657174 1135174577.73393 1264235419.94554 676901239.998167 927693801.492544 187902219.874567 128435626.591408 -8.74039728690079e-08 -3.80469687813633e-08
21 3350.32534282702 869101.006834166 1.3346818281796 693687789.96438 811909152.812129 420436407.922301 584134967.716159 125912108.799112 76508576.2038617 14860.5413297075 453649.674657174 1140227562.34512 1270149556.70014 679963797.433875 931948777.643818 188819393.215844 128992933.010485 -8.74039728690079e-08 -3.80509687813636e-08
22 3350.32534282702 869103.536531751 1.33769342086755 688671350.488484 806037789.377553 417396000.084195 579910765.194945 125001568.809493 75955300.4399429 14860.5413297075 453649.674657174 1145244001.82102 1276020920.13472 683004205.271981 936172980.165032 189729933.205463 129546208.774404 -8.74039728690079e-08 -3.80549687813638e-08
23 3350.32534282702 869104.656443803 1.3404362703441 683691200.644179 800208900.215219 414377586.985758 575717121.151313 124097615.794745 75406027.151034 14860.5413297075 453649.674657174 1150224151.66532 1281849809.29705 686022618.370417 940366624.208664 190633886.220211 130095482.063313 -8.74039728690079e-08 -3.80589687813641e-08
24 3350.32534282702 869105.403183834 1.34293506751514 678747059.044066 794422155.982432 411380998.081235 571553798.636851 123200198.679902 74860725.302209 24598.018933509 453649.674657174 1155168293.26544 1287636553.52984 689019207.274941 944529946.723126 191531303.335054 130640783.912138 0 0
25 3350.32534282702 869105.528887318 1.34476003932042 673838678.173759 788677266.982303 408406083.354925 567420589.22666 122309272.538329 74319367.5944818 24598.018933509 453649.674657174 1160076674.13575 1293381442.52997 691994122.001251 948663156.133317 192422229.476627 131182141.619865 0 0
26 3350.32534282702 869105.574226758 1.34642344243966 668965781.816432 782973909.923904 405452675.394901 563317260.326323 121424787.233575 73781923.5632019 24598.018933509 453649.674657174 1164949570.49307 1299084799.58837 694947529.961275 952766485.033654 193306714.781381 131719585.651145 0 0
27 3350.32534282702 869105.596590441 1.34794051893972 664128106.717205 777311776.687286 402520614.645326 559243590.256315 120546694.98193 73248364.1733247 24598.018933509 453649.674657174 1169787245.5923 1304746932.82499 697879590.71085 956840155.103662 194184807.033026 132253145.041022 0 0
28 3350.32534282702 869105.609143935 1.34932057206461 659325460.433382 771690642.03281 399609784.468835 555199416.966056 119674960.852887 72718668.1998595 24598.018933509 453649.674657174 1174589891.87612 1310368067.47946 700790420.887341 960884328.393921 195056541.162069 132782841.014488 0 0
29 3350.32534282702 869105.641470154 1.35057912497873 654557527.470174 766110136.697662 396719993.647565 551184474.786261 118809527.580606 72192800.8460904 24598.018933509 453649.674657174 1179357824.83933 1315948572.81461 703680211.70861 964899270.573716 195921974.43435 133308708.368257 0 0
30 3350.32534282702 869105.691326732 1.35172594734657 649824067.851199 760569979.807615 393851096.734518 547198561.639573 117950351.606683 71670735.6444167 24598.018933509 453649.674657174 1184091284.45831 1321488729.70466 706549108.621658 968885183.720404 196781150.408273 133830773.56993 0 0
31 3350.32534282702 869105.752641907 1.35277082122572 645124838.090487 755069886.380736 391002946.155572 543241472.493309 117097388.735687 71152445.7401569 24598.018933509 453649.674657174 1188790514.21902 1326988823.13154 709397259.200604 972842272.866668 197634113.279269 134349063.47419 0 0
32 3350.32534282702 869105.790122153 1.35372228823733 640459591.376921 749609567.543258 388175392.321269 539312999.514771 116250594.168634 70637903.91189 34335.4965373105 453649.674657174 1193455760.93259 1332449141.96901 712224813.034907 976770745.845206 198480907.846322 134863605.302457 0 0
33 3350.32534282702 869105.691752067 1.35442840229309 635828085.800039 744188740.15726 385368288.612385 535412938.997967 115409923.996063 70127083.478701 34335.4965373105 453649.674657174 1198087266.50947 1337869969.35501 715031916.743791 980670806.36201 199321578.018894 135374425.735646 0 0
34 3350.32534282702 869105.663773883 1.35507169057997 631230041.308529 738807076.44384 382581465.292954 531541055.119568 114575327.385521 69619953.5530244 34335.4965373105 453649.674657174 1202685311.00098 1343251633.06843 717818740.063222 984542690.240409 200156174.629435 135881555.661323 0 0
35 3350.32534282702 869105.661529205 1.35565747362619 626665258.141731 733464342.598234 379814801.290275 527697179.666742 113746768.078211 69116492.1027529 34335.4965373105 453649.674657174 1207250094.16778 1348594366.91403 720585404.065902 988386565.693235 200984733.936745 136385017.111594 0 0
36 3350.32534282702 869105.652912501 1.35619113116264 622133481.237514 728160240.089488 377068142.014043 523881097.858847 112924199.777497 68616670.9964408 34335.4965373105 453649.674657174 1211781871.072 1353898469.42278 723332063.342133 992202647.50113 201807302.237459 136884838.217906 0 0
37 3350.32534282702 869105.631708218 1.35667583294718 617634534.818689 722894563.183682 374341380.927672 520092661.678859 112107590.577849 68120470.8471785 34335.4965373105 453649.674657174 1216280817.49082 1359164146.32859 726058824.428504 995991083.681118 202623911.437107 137381038.367168 0 0
38 3350.32534282702 869105.573125033 1.3571176277187 613168109.505036 717666949.77464 371634330.519272 516331610.6064 111296884.32329 67627857.5326412 34335.4965373105 453649.674657174 1220747242.80448 1364391759.73763 728765874.836904 999752134.753577 203434617.691666 137873651.681706 0 0
39 3350.32534282702 869105.468493756 1.35752060292532 608733959.277031 712477111.915094 368946841.679161 512597737.475351 110492036.358517 67138803.9187147 34335.4965373105 453649.674657174 1225181393.03248 1369581597.59717 731453363.677015 1003486007.88463 204239465.656439 138362705.295632 0 0
40 3350.32534282702 869105.321115471 1.35788757013884 604331875.276246 707324805.152036 366278787.820584 508890866.411909 109693008.773387 66653286.9698765 44072.974141112 453649.674657174 1229583477.03327 1374733904.36023 734121417.535592 1007192878.94807 205038493.241569 138848222.244471 0 0
41 3350.32534282702 869105.492675907 1.35816172806339 599961624.180739 702209756.399756 363630027.529722 505210800.942231 108899759.217351 66171280.9524609 44072.974141112 453649.674657174 1233953728.12878 1379848953.11251 736770177.826454 1010872944.41775 205831742.797605 139330228.261887 0 0
42 3350.32534282702 869105.510018004 1.35841136365968 595622937.453698 697131651.356203 361000398.049418 501557314.939024 108112238.947968 65692756.2488654 44072.974141112 453649.674657174 1238292414.85582 1384927058.15606 739399807.306758 1014526430.42095 206619263.066988 139808752.965482 0 0
43 3350.32534282702 869105.451427819 1.35863890386217 591315601.068529 692090239.519418 358389769.660548 497930228.176515 107330409.117012 65217689.2535572 44072.974141112 453649.674657174 1242599751.24099 1389968469.99285 742010435.695628 1018153517.18346 207401092.897944 140283819.96079 0 0
44 3350.32534282702 869105.360141097 1.3588456580763 587039467.973863 687085348.776883 355798053.236923 494329416.826886 106554243.033013 64746063.7478698 44072.974141112 453649.674657174 1246875884.33565 1394973360.73538 744602152.119254 1021754328.53309 208177258.981943 140755445.466478 0 0
45 3350.32534282702 869105.335358147 1.35903446477794 582794191.930992 682116573.882349 353225038.927136 490754589.332264 105783677.849763 64277841.5442628 44072.974141112 453649.674657174 1251121160.37852 1399942135.62992 747175166.42904 1025329156.02771 208947824.165193 141223667.670085 0 0
46 3350.32534282702 869105.362799166 1.35920550746769 578579728.358173 677183862.65625 350670699.71069 487205708.151617 105018705.475176 63813017.7257032 44072.974141112 453649.674657174 1255335623.95134 1404874846.85602 749729505.645486 1028878037.20836 209712796.53978 141688491.488644 0 0
47 3350.32534282702 869105.495045347 1.3593612052628 574395747.8818 672286829.591665 348134835.957929 483682495.928699 104259266.124252 63351555.9647452 44072.974141112 453649.674657174 1259519604.42772 1409771879.9206 752265369.398247 1032401249.43128 210472235.890704 142149953.249602 0 0
48 3350.32534282702 869105.630579553 1.35950345416566 570241981.186157 667425159.474893 345617284.439611 480184725.880325 103505310.91317 62893426.5578789 53810.4517449135 453649.674657174 1263673371.12336 1414633550.03737 754782920.916565 1035899019.47965 211226191.101786 142608082.656469 0 0
49 3350.32534282702 869105.6255294 1.35960997883806 566118244.66853 662598637.41283 343117933.876185 476712243.399817 102756806.515979 62438609.2550982 53810.4517449135 453649.674657174 1267797107.64099 1419460072.09943 757282271.479991 1039371501.96016 211974695.498977 143062899.95925 0 0
50 3350.32534282702 869105.626511018 1.35970716052352 562024224.415658 657806895.993717 340636594.008336 473264784.149649 102013695.953903 61987069.4341175 53810.4517449135 453649.674657174 1271891127.89386 1424251813.51855 759763611.34784 1042818961.21033 212717806.061053 143514439.78023 0 0
51 3350.32534282702 869105.633213341 1.35979540922917 557959867.683706 653049873.484881 338173232.868616 469842303.715725 101275969.653346 61538801.2776862 53810.4517449135 453649.674657174 1275955484.62581 1429008836.02738 762226972.48756 1046241441.64425 213455532.36161 143962707.936662 0 0
52 3350.32534282702 869105.644696783 1.35987596910027 553924838.067865 648327176.149906 335727646.565834 466444518.821019 100543566.553064 61093767.6828694 53810.4517449135 453649.674657174 1279990514.24165 1433731533.36236 764672558.790342 1049639226.53896 214187935.461892 144407741.531478 0 0
53 3350.32534282702 869105.661570973 1.35994854274683 549919236.458733 643638922.073617 333299896.248652 463071514.422665 99816504.9658326 60651979.7771455 53810.4517449135 453649.674657174 1283996115.85078 1438419787.43865 767100309.107524 1053012230.93731 214914997.049123 144849529.437202 0 0
54 3350.32534282702 869105.679065674 1.36001581408182 545942191.242274 638984091.097628 330889453.641555 459722556.55901 99094626.6839335 60213341.4280039 53810.4517449135 453649.674657174 1287973161.06724 1443074618.41463 769510751.714621 1056361188.80096 215636875.331023 145288167.786344 0 0
55 3350.32534282702 869105.699876445 1.36007645048678 541994132.589322 634363186.704406 328496579.466274 456398007.464811 98378009.7881954 59777900.080071 53810.4517449135 453649.674657174 1291921219.7202 1447695522.80786 771903625.889902 1059685737.89516 216353492.226761 145723609.134277 0 0
56 3350.32534282702 869105.729509458 1.36013123182946 538074752.363388 629775848.243469 326121086.96473 453097607.666999 97666598.3483916 59345621.7481961 53810.4517449135 453649.674657174 1295840599.94613 1452282861.26879 774279118.391446 1062986137.69298 217064903.666564 146155887.466152 0 0
57 3350.32534282702 869105.772436283 1.36018091776826 534183757.513637 625221732.720951 323762798.52209 449821110.395712 96960339.1725111 58916474.1110635 53810.4517449135 453649.674657174 1299731594.79588 1456836976.79131 776637406.834086 1066262634.96426 217771162.842445 146585035.103284 0 0
58 3350.32534282702 869105.831412138 1.36022623443507 530320880.015756 620700526.434644 321421551.691817 446568289.95522 96259183.611137 58490427.6075954 53810.4517449135 453649.674657174 1303594472.29376 1461358183.07762 778978653.664359 1069515455.40475 218472318.403819 147011081.606753 0 0
59 3350.32534282702 869105.89577926 1.36026786681292 526485859.825738 616211925.022682 319097188.864149 443338927.369781 95563084.4633674 58067453.5568824 53810.4517449135 453649.674657174 1307429492.48378 1465846784.48958 781303016.492027 1072744817.9902 219168417.551589 147434055.657465 0 0
60 3350.32534282702 869105.784876509 1.36030590866499 522678550.65671 611755757.267331 316789621.376248 440132899.455335 94872015.1764954 57647535.8245764 53810.4517449135 453649.674657174 1311236801.65281 1470302952.24493 783610583.979928 1075950845.90464 219859486.838461 147853973.389771 0 0
61 3350.32534282702 869105.634993478 1.36034053549385 518898778.796045 607331819.851086 314498743.942834 436950059.933369 94185944.2197321 57230655.2514734 53810.4517449135 453649.674657174 1315016573.51347 1474726889.66118 785901461.413342 1079133685.42661 220545557.795224 148270853.962875 0 0
62 3350.32534282702 869105.629158795 1.36037207316292 515146336.775814 602939869.948409 312224430.819918 433790234.100977 93504833.935323 56816788.9554122 53810.4517449135 453649.674657174 1318769015.5337 1479118839.56385 788175774.536258 1082293511.259 221226668.079633 148684720.258936 0 0
63 3350.32534282702 869105.657072398 1.36040078947756 511421033.815371 598579684.264966 309966566.377484 430653261.307145 92828649.6944428 56405915.8947141 53810.4517449135 453649.674657174 1322494318.49415 1483479025.2473 790433638.978692 1085430484.05283 221902852.320513 149095593.319634 0 0
64 3350.32534282702 869105.634393155 1.36042694744763 507722664.67142 594251022.578984 307725026.219867 427538968.72227 92157354.2431326 55998013.4325783 53810.4517449135 453649.674657174 1326192687.6381 1487807686.93328 792675179.136309 1088544776.63771 222574147.771823 149503495.78177 0 0
65 3350.32534282702 869105.625626488 1.36045077517096 504051033.080427 589953655.178826 305499691.393936 424447191.078353 91490911.9573615 55593059.9226046 53810.4517449135 453649.674657174 1329864319.22909 1492105054.33344 794900513.96224 1091636554.28162 223240590.057595 149908449.291743 0 0
66 3350.32534282702 869105.62661398 1.36047247884448 500405946.63826 585687356.869988 303290445.285698 421377766.357288 90829287.913623 55191034.1440559 53810.4517449135 453649.674657174 1333509405.67126 1496371352.64228 797109760.070478 1094705979.00269 223902214.101333 150310475.070292 0 0
67 3350.32534282702 869105.627919213 1.36049221538353 496787249.452909 581451945.19265 301097193.410751 418330563.2868 90172453.81577 54791918.9032091 53810.4517449135 453649.674657174 1337128102.85661 1500606764.31961 799303011.945425 1097753182.07317 224559048.199186 150709590.311139 0 0
68 3350.32534282702 869105.625888078 1.3605102403003 493194657.995959 577247088.298222 298919763.925694 415305343.115589 89520358.2002172 54395682.9290002 53810.4517449135 453649.674657174 1340720694.31356 1504811621.21404 801480441.430482 1100778402.24439 225211143.814739 151105826.285348 0 0
69 3350.32534282702 869105.61551861 1.36052656743468 489628127.020784 573072733.228945 296758129.407054 412302067.742745 88872992.854195 54002321.2310645 53810.4517449135 453649.674657174 1344287225.28873 1508985976.28332 803642075.949122 1103781677.61723 225858509.160761 151499187.983283 0 0
70 3350.32534282702 869105.588920683 1.36054136395576 486087425.858729 568928610.004587 294612150.04914 409320542.928685 88230315.9087572 53611808.3683743 53810.4517449135 453649.674657174 1347827926.45079 1513130099.50768 805788055.307036 1106763202.43129 226501186.106199 151889700.845974 0 0
71 3350.32534282702 869105.541856617 1.36055479758512 482572345.198232 564814473.641777 292481698.990556 406360592.418032 87592289.3715093 53224121.2554296 53810.4517449135 453649.674657174 1351343007.11128 1517244235.87049 807918506.36562 1109723152.94194 227139212.643447 152277387.958918 0 0
72 3350.32534282702 869105.470088729 1.36056703604437 479082675.727731 560730079.157142 290366649.369906 403422039.955409 86958875.2500567 52839236.8067299 53810.4517449135 453649.674657174 1354832676.58179 1521328630.35512 810033555.98627 1112661705.40457 227772626.764899 152662272.407618 0 0
