"Time" "IECs" "pheme_e" "BiomassCD" "pro_L_e" "leu_L_e" "ile_L_e" "val_L_e" "trp_L_e" "cys_L_e" "Drug" "Damage" "pro_L_v" "leu_L_v" "ile_L_v" "val_L_v" "trp_L_v" "cys_L_v" "CD" "pheme_c"
0 457000 1e+05 0.4963 224235600.199112 195370466.451958 120509812.093413 157438605.791629 18978882.6152 31300034.1459915 0 0 0 0 0 0 0 0 45700000 1000
1 358371.343324612 140558.643257691 0.594123777957242 328832279.904872 355033268.992524 193539744.277149 263511532.046676 50825476.081268 38281296.9495939 0 98628.6566753872 248465863.638842 250533780.572369 141893585.934427 190669739.115732 32458874.9760508 30892141.3597463 48532264.0520796 818.741119854187
2 276332.45206648 227732.430543745 0.697812005670121 379143043.467626 427095780.280693 227452563.059353 312249180.946551 64517810.5329139 42207545.5186255 0 180667.54793352 491588517.353598 519671018.026776 286602652.763767 388652587.510144 72255086.805368 58468827.0338378 52252899.6955085 1153.72155996014
3 208451.06260067 316605.367451185 0.803529051851214 414362892.681678 473936355.972386 250252312.143292 344621026.937272 72852212.0238718 45403099.0446378 0 248548.93739933 698868256.299305 755149141.123387 411418878.727779 560294452.541908 108178147.724244 81339727.0626965 57057130.9614745 1415.42042655777
4 152888.792230026 393481.891982824 0.907130886178183 445365687.446737 513149546.480666 269763426.844848 372122378.142179 79464516.7428195 48493297.4407424 0 304111.207769974 865969491.663056 947019433.086614 512498866.378445 699613362.380388 137790775.651479 99585440.4889193 63165448.4861907 1575.8652721505
5 108230.121526345 454061.18504894 1.00479481517932 474992699.016462 549808783.139789 288127277.256867 397972977.7787 85449887.9249153 51605084.6399425 0 348769.878473655 995053937.035019 1096095607.8841 590747151.182314 807620591.199007 160920610.506052 113622582.839932 70824613.832331 1655.12789775373
6 73305.8793754966 497126.827253829 1.09354997689001 503201846.507298 584650050.673624 305479245.611981 422494327.144543 91040761.2996155 54672926.1129748 0 383694.120624503 1090267278.58457 1206504263.45564 648526565.293622 887476428.800084 178097366.600155 123965650.352826 80308675.4995301 1675.00934623314
7 47024.0847736632 522814.063528822 1.1715639384765 528737348.429865 616659919.316427 321125616.716468 444822287.597536 96129474.2318731 57544675.3784888 0 409975.915226337 1156679061.55452 1283800378.56187 688852513.456125 943288251.703368 190140501.38508 131186110.214416 91917607.2147496 1651.56697940555
8 28233.7321398899 532225.455945946 1.23815226197231 549968753.074133 644258853.497295 334108439.913178 463712878.516545 100493220.056826 60045935.6584495 9737.47760380151 428766.26786011 1199936708.76805 1334350520.98486 715128290.19901 979716775.355863 198023081.013743 135900345.345824 105972224.712601 1596.15142910053
9 27557.2899798298 694002.590310861 1.25089594041318 520343990.646417 609503594.568476 316100045.002897 438707930.75236 95078251.2883645 56806825.5181483 5396.71405979051 429442.71002017 1231985163.45526 1371890591.24507 734597219.161784 1006737292.20636 203879042.806778 139399146.520486 4328.89895751954 70.9992639461763
10 27557.1954645521 767447.84243917 1.26260453156393 490190225.963439 574183052.846311 297782148.915957 413284945.539925 89568497.3632803 53514887.8405678 5324.87493331292 429442.804535447 1262139266.78648 1407211522.22834 752915319.401308 1032160559.15452 209388858.349478 142691120.483508 6.90748953444216 1.31184616109265
11 27557.1953110182 798557.852024521 1.27334307647784 461783573.931554 540908994.478006 280525595.360546 389334974.653306 84377979.4723657 50413686.0674335 5323.58221511807 429442.804688981 1290545919.36847 1440485581.22929 770171873.288511 1056110530.49902 214579376.340487 145792322.315586 0.0115486745471346 0.0229934991151012
12 27557.1953107614 811734.99820523 1.28317595914396 435023094.369551 509563175.984717 264269063.328986 366772910.474013 79488253.3698769 47492199.7006327 5323.55961556198 429442.804689238 1317306398.9314 1471831399.72363 786428405.320626 1078672594.67908 219469102.443143 148713808.682485 1.94675617826229e-05 0.000400639457403547
13 27557.195310761 817316.254095725 1.29216617950651 409813391.978188 480033856.317702 248954601.811896 345518324.1361 74881888.2435198 44740014.274479 5323.55922171389 429442.804689239 1342516101.32276 1501360719.39065 801742866.837717 1099927181.01699 224075467.5695 151465994.108639 9.04304574795017e-08 6.80293513997816e-06
14 27557.195310761 819680.339075384 1.30037478159839 386064598.638399 452215768.688204 234527617.469386 325495446.807934 70542463.2183776 42147318.7359194 5323.55921502023 429442.804689239 1366264894.66255 1529178807.02015 816169851.180227 1119950058.34516 228414892.594642 154058689.647199 2.56853129342222e-08 1.09401641357418e-07
15 27557.195310761 820681.956055601 1.30786041921975 363692053.212289 426009745.491407 220936680.113263 306632899.722846 66454508.8491114 39704870.4867567 5323.5592148995 429442.804689239 1388637440.08866 1555384830.21695 829760788.53635 1138812605.43025 232502846.963909 156501137.896362 3.04967541101076e-08 -1.12263183298175e-08
16 27557.195310761 821106.038076518 1.31467904001134 342616002.939838 401322368.538218 208133341.310648 288863442.423283 62603452.5585925 37403962.7846255 15061.0368186996 429442.804689239 1409713490.36111 1580072207.17014 842564127.338965 1156582062.72981 236353903.254428 158802045.598493 3.62451090435653e-08 0
17 27557.195310761 821285.633165655 1.31943824034693 322761479.695577 378065824.108846 196072059.212031 272123868.431412 58975596.0272855 35236411.2337272 15061.0368186996 429442.804689239 1429568013.60537 1603328751.59951 854625409.437582 1173321636.72168 239981759.785735 160969597.149391 -1.95211907389315e-08 -2.53537558605069e-13
18 27557.195310761 821361.616914766 1.32378602400612 304057396.557037 356156844.720593 184709649.732109 256354243.555721 55557950.1165042 33194455.1556938 15061.0368186996 429442.804689239 1448272096.74391 1625237730.98777 865987818.917504 1189091261.59737 243399405.696516 163011553.227425 -1.95211907389315e-08 -2.53537558605069e-13
19 27557.195310761 821394.09506901 1.32775546001457 286437216.680575 335517492.613819 174005692.880372 241498469.82782 52338357.0866841 31270830.6118826 15061.0368186996 429442.804689239 1465892276.62037 1645877083.09454 876691775.769241 1203947035.32527 246618998.726336 164935177.771236 -1.95211907389315e-08 -2.5353755860507e-13
20 27557.195310761 821407.720933621 1.33137741700269 269838138.80702 316074205.696087 163922037.96976 227503598.793003 49305341.771413 29458681.4836628 15061.0368186996 429442.804689239 1482491354.49393 1665320370.01227 886775430.679853 1217941906.36009 249652014.041607 166747326.899456 -1.95211907389315e-08 -2.5353755860507e-13
21 27557.195310761 821413.523960195 1.33468060944584 254200985.953216 297757667.1613 154422735.998687 214319737.66483 46448091.2389373 27751547.320686 15061.0368186996 429442.804689239 1498128507.34773 1683636908.54706 896274732.650926 1231125767.48826 252509264.574083 168454461.062433 -1.95211907389315e-08 -2.53537558605071e-13
22 27557.195310761 821415.926794909 1.33769168105961 239470002.067576 280502567.302692 145473916.12278 201899877.883104 43756417.6366741 26143341.1414312 15061.0368186996 429442.804689239 1512859491.23337 1700892008.40567 905223552.526833 1243545627.26999 255200938.176346 170062667.241687 -1.95211907389315e-08 -2.53537558605071e-13
23 27557.195310761 821416.932778699 1.34043528063064 225592688.075638 264247411.465238 137043686.055371 190199756.882032 41220728.2331424 24628331.534025 15061.0368186996 429442.804689239 1526736805.22531 1717147164.24312 913653782.594242 1255245748.27106 257736627.579878 171577676.849094 -1.95211907389315e-08 -2.53537558605072e-13
24 27557.195310761 821417.351522204 1.34293419732888 212519561.772943 248934238.796774 129101986.206536 179177655.653171 38831981.5451281 23201116.4433435 24798.5144225011 429442.804689239 1539809931.528 1732460336.91158 921595482.443077 1266267849.49992 260125374.267892 173004891.939775 0 0
25 27557.195310761 821417.523776376 1.34475858577698 200203948.776832 234508377.379941 121620462.689902 168794222.494522 36581649.139997 21856600.3488712 24798.5144225011 429442.804689239 1552125544.52411 1746886198.32841 929077005.95971 1276651282.65857 262375706.673023 174349408.034247 0 0
26 27557.195310761 821417.595504591 1.34642184971186 188602426.429542 220918964.196924 114572736.986163 159012847.270267 34461796.7465186 20590042.7263446 24798.5144225011 429442.804689239 1563727066.8714 1760475611.51143 936124731.66345 1286432657.88282 264495559.066501 175615965.656774 0 0
27 27557.195310761 821417.628162261 1.3479381247869 177672882.948624 208116671.720311 107933226.910263 149798025.058452 32464729.6191115 19396846.1619535 24798.5144225011 429442.804689239 1574656610.35232 1773277903.98804 942764241.73935 1295647480.09464 266492626.193909 176809162.221165 0 0
28 27557.195310761 821417.640746768 1.34932000024726 167376719.039009 196056286.7657 101678484.052946 141117212.355118 30583394.8206191 18272796.7060171 24798.5144225011 429442.804689239 1584952774.26193 1785338288.94265 949018984.596667 1304328292.79797 268373960.992401 177933211.677101 0 0
29 27557.195310761 821417.646646594 1.35057915728471 157677204.352969 184694785.335319 95786195.3583881 132939441.387028 28811080.911524 17213884.4449653 24798.5144225011 429442.804689239 1594652288.94797 1796699790.37303 954911273.291225 1312506063.76606 270146274.901496 178992123.938153 0 0
30 27557.195310761 821417.649827215 1.35172630022183 148539747.883479 173991649.342589 90235347.3835211 125235548.083382 27141467.3567409 16216333.0206351 24798.5144225011 429442.804689239 1603789745.41746 1807402926.36577 960462121.266092 1320209957.06971 271815888.456279 179989675.362483 0 0
31 27557.195310761 821417.648939459 1.35277122836786 139931774.605614 163908722.116352 85006151.3598044 117978068.070786 25568601.9852975 15276586.1630056 24798.5144225011 429442.804689239 1612397718.69533 1817485853.592 965691317.289809 1327467437.0823 273388753.827722 180929422.220113 0 0
32 27557.195310761 821417.64333876 1.35372287195158 131822684.600309 154410160.520588 80080018.3616054 111141202.210016 24086893.5213481 14391303.2276697 34535.9920263026 429442.804689239 1620506808.70063 1826984415.18777 970617450.288008 1334304302.94307 274870462.291672 181814705.155449 0 0
33 27557.195310761 821417.647227465 1.35442830557982 124183507.760296 145462030.495106 75439349.5459865 104700525.474686 22691048.4913819 13557321.4995039 34535.9920263026 429442.804689239 1628145985.54064 1835932545.21325 975258119.103627 1340744979.6784 276266307.321638 182648686.883615 0 0
34 27557.195310761 821417.648846617 1.35507097174085 116987257.902801 137032721.844542 71067751.2700891 98633285.5076752 21376135.9283731 12771694.8517438 34535.9920263026 429442.804689239 1635342235.39814 1844361853.86382 979629717.379524 1346812219.64541 277581219.884647 183434313.531375 0 0
35 27557.195310761 821417.649583892 1.35565650614796 110207825.891868 129091651.700048 66949362.6819426 92917469.3999946 20137385.1209709 12031572.9062946 34535.9920263026 429442.804689239 1642121667.40907 1852302924.00831 983748105.967671 1352528035.75309 278819970.692049 184174435.476824 0 0
36 27557.195310761 821417.649868038 1.35618990074974 103821269.746706 121610775.684374 63069639.4391434 87532891.395782 18970421.3445688 11334341.8770204 34535.9920263026 429442.804689239 1648508223.55423 1859783800.02398 987627829.21047 1357912613.7573 279986934.468451 184871666.506098 0 0
37 27557.195310761 821417.650001145 1.35667576713393 97804806.2287112 114563406.709932 59414741.1152792 82460342.6878711 17871081.6021534 10677514.47961 34535.9920263026 429442.804689239 1654524687.07223 1866831168.99843 991282727.534335 1362985162.46521 281086274.210867 185528493.903509 0 0
38 27557.195310761 821417.65007297 1.35711831376042 92136978.9889079 107924411.937867 55971633.3466122 77681733.1848073 16835445.3485262 10058748.288515 34535.9920263026 429442.804689239 1660192514.31203 1873470163.77049 994725835.303002 1367763771.96828 282121910.464494 186147260.094604 0 0
39 27557.195310761 821417.650053238 1.35752137899075 86797582.1686919 101670123.287985 52728041.4208429 73180027.0977674 15859820.5304859 9475837.39631482 34535.9920263026 429442.804689239 1665531911.13225 1879724452.42037 997969427.228771 1372265478.05532 283097535.282534 186730170.986804 0 0
40 27557.195310761 821417.649927055 1.3578884484068 81767635.1965144 95778307.9169142 49672434.9665276 68939221.6913577 14940738.9816294 8926709.66222879 44273.4696301041 429442.804689239 1670561858.10442 1885616267.79144 1001025033.68309 1376506283.46173 284016616.831391 187279298.72089 0 0
41 27557.195310761 821417.650014554 1.35816209019134 77029172.8893881 90227922.3540457 46793900.4433462 64944170.31581 14074918.0692976 8409403.7971457 44273.4696301041 429442.804689239 1675300320.41155 1891166653.35431 1003903568.20627 1380501334.83728 284882437.743723 187796604.585973 0 0
42 27557.195310761 821417.650050985 1.35841131528968 72565446.8874704 84999348.4514139 44082263.5101539 61180752.2387662 13259297.5010876 7922091.35457479 44273.4696301041 429442.804689239 1679764046.41346 1896395227.25694 1006615205.13946 1384264752.91432 285698058.311933 188283917.028544 0 0
43 27557.195310761 821417.650067575 1.35863833487519 68360266.5673131 80073621.3641354 41527688.6410933 57635316.9617555 12490918.8952595 7463004.77704144 44273.4696301041 429442.804689239 1683969226.73362 1901320954.34422 1009169780.00852 1387810188.19133 286466436.917761 188743003.606077 0 0
44 27557.195310761 821417.650073969 1.35884510370398 64398781.2772617 75433345.8198203 39121154.3201726 54295343.7317416 11767068.7122871 7030522.7940357 44273.4696301041 429442.804689239 1687930712.02367 1905961229.88853 1011576314.32945 1391150161.42135 287190287.100733 189175485.589083 0 0
45 27557.195310761 821417.650076963 1.35903342465006 60666858.9296551 71061968.2341528 36854075.5466933 51148917.6251498 11085164.7100337 6623102.58188204 44273.4696301041 429442.804689239 1691662634.37128 1910332607.4742 1013843393.10292 1394296587.52794 287872191.102987 189582905.801237 0 0
46 27557.195310761 821417.650078579 1.35920494045229 57151190.4499786 66943899.0571369 34718367.2863173 48184817.6101347 10442775.0289019 6239291.16662835 44273.4696301041 429442.804689239 1695178302.85096 1914450676.65122 1015979101.3633 1397260687.54295 288514580.784118 189966717.21649 0 0
47 27557.195310761 821417.650078139 1.35936114730441 53839242.4260053 63064457.3087903 32706415.7062336 45392476.6245331 9837609.53979383 5877720.25467341 44273.4696301041 429442.804689239 1698490250.87493 1918330118.39956 1017991052.94338 1400053028.52855 289119746.273227 190328288.128445 0 0
48 27557.195310761 821417.650075302 1.35950340208149 50719241.5266726 59409852.328236 30811068.7098928 42761968.439242 9267516.99709835 5537104.53174956 54010.9472339056 429442.804689239 1701610251.77426 1921984723.38012 1019886399.93973 1402683536.71385 289689838.815922 190668903.851369 0 0
49 27557.195310761 821417.650077268 1.35960967852723 47780045.9712712 55967033.2194688 29025557.8567453 40283899.2924323 8730461.55329495 5216227.63099873 54010.9472339056 429442.804689239 1704549447.32966 1925427542.48889 1021671910.79288 1405161605.86066 290226894.259725 190989780.75212 0 0
50 27557.195310761 821417.650078086 1.35970646178622 45011263.4368475 52723826.961887 27343569.988965 37949507.298619 8224544.30322042 4913955.00512115 54010.9472339056 429442.804689239 1707318229.86408 1928670748.74647 1023353898.66066 1407495997.85447 290732811.5098 191292053.377997 0 0
51 27557.195310761 821417.650078459 1.35979461435163 42402852.8561438 49668471.977339 25759005.3305324 35750326.7199824 7747930.52382528 4629190.45398956 54010.9472339056 429442.804689239 1709926640.44479 1931726103.73102 1024938463.31909 1409695178.43311 291209425.289195 191576817.929129 0 0
52 27557.195310761 821417.650078603 1.35987489815564 39945602.6666356 46790178.3258962 24266268.0153161 33678591.1835625 7298937.06075437 4360928.33589749 54010.9472339056 429442.804689239 1712383890.6343 1934604397.38246 1026431200.63431 1411766913.96953 291658418.752266 191845080.047221 0 0
53 27557.195310761 821417.65007867 1.35994801549188 37630746.9505211 44078678.0724232 22860032.8987049 31726910.0445252 6875962.18871021 4108211.66091916 54010.9472339056 429442.804689239 1714698746.35041 1937315897.63593 1027837435.75092 1413718595.10857 292081393.62431 192097796.722199 0 0
54 27557.195310761 821417.650078706 1.36001460590162 35450030.2794665 41524301.2423014 21535284.9496777 29888323.0575031 6477497.46000904 3870139.17011882 54010.9472339056 429442.804689239 1716879463.02147 1939870274.46605 1029162183.69994 1415557182.09559 292479858.353011 192335869.213 0 0
55 27557.195310761 821417.650078696 1.36007525156314 33395678.3574265 39117941.4339743 20287301.4168209 28156275.625225 6102122.34038083 3645862.13057844 54010.9472339056 429442.804689239 1718933814.94351 1942276634.27438 1030410167.2328 1417289229.52787 292855233.472639 192560146.25254 0 0
56 27557.195310761 821417.650078633 1.36013048017343 31460388.3753222 36851044.5209227 19111645.9689605 26524610.666434 5748502.44655741 3434583.28240158 54010.9472339056 429442.804689239 1720869104.92561 1944543531.18743 1031585822.68066 1418920894.48666 293208853.366463 192771425.100717 0 0
57 27557.195310761 821417.650078609 1.3601807766585 29637249.2298229 34715515.2001426 18004120.2294414 24987501.3514379 5415374.96849557 3235548.12886433 54010.9472339056 429442.804689239 1722692244.07111 1946679060.50821 1032693348.42018 1420458003.80165 293541980.844525 192970460.254254 0 0
58 27557.195310761 821417.650078679 1.36022658123899 27919761.3023312 32703740.1602073 16960775.7915218 23539467.777995 5101552.28343097 3048047.09572017 54010.9472339056 429442.804689239 1724409731.9986 1948690835.54815 1033736692.8581 1421906037.3751 293855803.529589 193157961.287398 0 0
59 27557.195310761 821417.650078776 1.36026829491881 26301801.331812 30808546.935147 15977892.879219 22175347.3551982 4805915.53737422 2871411.69630789 54010.9472339056 429442.804689239 1726027691.96912 1950586028.77321 1034719575.7704 1423270157.79789 294151440.275646 193334596.686811 0 0
60 27557.195310761 821417.65007871 1.36030628344864 24777597.2238745 29023174.3971323 15051965.0442598 20890273.5647254 4527410.04217809 2705011.78141694 54010.9472339056 429442.804689239 1727551896.07706 1952371401.31122 1035645503.60536 1424555231.58837 294429945.770842 193500996.601702 0 0
61 27557.195310761 821417.650078199 1.36034088021659 23341709.330897 27341250.8289962 14179687.7940772 19679660.1779005 4265041.85500599 2548253.49560722 54010.9472339056 429442.804689239 1728987783.97004 1954053324.87936 1036517780.85555 1425765844.97519 294692313.958014 193657754.887511 0 0
62 27557.195310761 821417.650076766 1.36037238529458 21989037.9668535 25756802.7267075 13357963.1569386 18539207.591529 4017879.15145553 2400580.09761537 54010.9472339056 429442.804689239 1730340455.33408 1955637772.98165 1037339505.49268 1426906297.56156 294939476.661565 193805428.285503 0 0
63 27557.195310761 821417.650073793 1.36040107198816 20714778.5632883 24264202.2714374 12583872.4399703 17464865.0193909 3785044.03157224 2261467.06465737 54010.9472339056 429442.804689239 1731614714.73764 1957130373.43692 1038113596.20965 1427980640.1337 295172311.781448 193944541.318461 0 0
64 27557.195310761 821417.650068616 1.36042719173834 19514385.6321095 22858125.1174703 11854654.3371725 16452800.1088626 3565705.93506215 2130418.15818634 54010.9472339056 429442.804689239 1732815107.66882 1958536450.59089 1038842814.31245 1428992705.04423 295391649.877958 194075590.224932 0 0
65 27557.195310761 821417.650060226 1.36045097843572 18383553.8663524 21533528.2546332 11167693.4484584 15499383.0067561 3359078.18798708 2006963.36063132 54010.9472339056 429442.804689239 1733945939.43458 1959861047.45372 1039529775.20116 1429946122.14634 295598277.625033 194199045.022487 0 0
66 27557.195310761 821417.650067072 1.36047264593089 17318222.5766872 20285655.2049864 10520522.9747554 14601190.0997891 3164418.81341182 1890659.35973812 54010.9472339056 429442.804689239 1735011270.72425 1961108920.50337 1040176945.67487 1430844315.0533 295792936.999609 194315349.02338 0 0
67 27557.195310761 821417.650072913 1.36049237764839 16314626.7588337 19110095.8405082 9910855.74058383 13755047.0701021 2981039.86254004 1781095.12368465 54010.9472339056 429442.804689239 1736014866.5421 1962284479.86785 1040786612.90904 1431690458.08299 295976315.95048 194424913.259434 0 0
68 27557.195310761 821417.650074565 1.36051034631073 15369189.845724 18002660.7586178 9336519.0428362 12957938.4733887 2808287.81818383 1677880.19265477 54010.9472339056 429442.804689239 1736960303.45521 1963391914.94974 1041360949.60679 1432487566.6797 296149067.994836 194528128.190464 0 0
69 27557.195310761 821417.650086258 1.36052670945767 14478541.2516037 16959401.8324131 8795465.30851771 12207022.5305272 2645546.80045567 1580646.59415733 54010.9472339056 429442.804689239 1737850952.04933 1964435173.87594 1041902003.3411 1433238482.62257 296311809.012565 194625361.788961 0 0
70 27557.195310761 821417.650097835 1.36054161050584 13639505.9832843 15976600.0418376 8285765.78376004 11499622.3687085 2492236.66851637 1489047.70886906 54010.9472339056 429442.804689239 1738689987.31765 1965417975.66652 1042411702.86586 1433945882.78438 296465119.144504 194716960.67425 0 0
71 27557.195310761 821417.650074749 1.36055518007388 12849093.0283627 15050751.8722525 7805603.47986455 10833216.2314134 2347810.89884845 1402757.00295722 54010.9472339056 429442.804689239 1739480400.27257 1966343823.8361 1042891865.16976 1434612288.92168 296609544.914172 194803251.380161 0 0
72 27557.195310761 821417.650087368 1.36056753711157 12104484.7114029 14178556.8468262 7353266.70736492 10205428.5044877 2211754.64039718 1321466.86607597 54010.9472339056 429442.804689239 1740225008.58953 1967216018.86153 1043344201.94226 1435240076.6486 296745601.172623 194884541.517043 0 0
