"Time" "IECs" "pheme_e" "BiomassCD" "pro_L_e" "leu_L_e" "ile_L_e" "val_L_e" "trp_L_e" "cys_L_e" "Drug" "Damage" "pro_L_v" "leu_L_v" "ile_L_v" "val_L_v" "trp_L_v" "cys_L_v" "CD" "pheme_c"
0 457000 1e+05 0.4963 224235600.199112 195370466.451958 120509812.093413 157438605.791629 18978882.6152 31300034.1459915 0 0 0 0 0 0 0 0 45700000 1000
1 334444.548716062 153614.464616205 0.594123777912482 392250523.760386 427919135.687678 231953290.7966 316435743.686027 62113259.6956172 45168350.2840405 0 122555.451283938 270733306.394337 277159452.654178 155637681.37029 209746084.21963 36771285.4863838 33192977.1549832 48532264.0530847 892.824399108507
2 239515.371801171 260128.367912452 0.697811959699572 465866358.913727 526543596.344272 279906798.64387 384505520.536653 79863166.8974996 51668137.9797994 0 217484.628198829 536626248.995423 573345438.786616 314352883.823732 427148750.889873 80914201.9226913 63145993.3945425 52252901.9113706 1317.35498687231
3 166766.309308801 362853.118619537 0.803528796314407 512250753.269947 586268355.285657 309443577.831389 426199912.971998 90173591.8002672 56102884.969466 0 290233.690691199 750013987.636386 816184030.750998 442946681.271132 604046983.500851 118034675.197879 86646886.4019458 57057143.6711687 1622.34355605284
4 111999.36788983 445814.402344905 0.907130716011481 548832997.931541 632114168.628381 332327297.932785 458430837.90028 97807303.7834299 59825968.3406901 0 345000.63211017 908456954.483155 998113926.769773 538780886.212372 736143232.381824 146106950.154132 103954308.535606 63165463.0164002 1785.83052669514
5 71869.8244055045 505431.381849032 1.00479464530961 580093932.856549 670985862.031347 351673040.261059 485757668.982526 104128767.420965 63153645.4589403 0 385130.175594496 1019384341.5979 1126141004.71812 605990716.231303 828913660.510365 165947196.377162 116036376.115337 70824628.4278762 1842.77965287798
6 43575.696212093 542320.181344694 1.09354987831696 606422610.291388 704105564.48464 367870158.107957 508854557.27987 109440366.030226 66072363.511974 0 413424.303787907 1092357677.50806 1210696581.42122 650244181.080228 890079079.143619 179079767.075448 123982603.288574 80308692.9494464 1827.62567911959
7 24638.995048202 558832.11846127 1.17156394886825 626996979.672478 730959897.215742 380487269.448911 527219424.796288 113711532.481754 68477614.0167994 0 432361.004951798 1136979591.87306 1262599988.83074 677317759.860853 927556831.008862 187150701.090445 128849046.030682 91917631.758342 1765.60965859712
8 12796.7911661249 558233.846682155 1.23815242804568 641082079.658719 750992362.092462 389112172.230277 540354850.296847 116880291.213363 70288973.3797842 9737.47760380151 444203.208833876 1161990952.37312 1291819249.89958 692497173.37967 948609831.622502 191697214.795381 131585092.958415 105972260.818741 1674.33372859843
9 12495.7185181161 722602.475781265 1.25089608909809 624976613.692394 732114465.684245 379338608.776038 526776941.731354 113943623.279001 68522876.6974047 8113.14221654972 444504.281481885 1179153449.80402 1311923873.42941 702914197.999279 963075668.453836 194826223.661909 133466801.53763 0.0113302090250088 1422.14224302219
10 12495.718518065 796336.67037482 1.26260466411566 608285735.524127 712562320.717142 369207838.496181 512708623.711669 110900598.80011 66692877.043596 7458.16260293837 444504.281481936 1195844327.97247 1331476018.39672 713044968.279245 977143986.473672 197869248.140834 135296801.191458 3.40889773279641e-08 767.162630690897
11 12495.718518065 827722.971984659 1.27334319412382 592040610.694834 693532343.236696 359347624.662372 499016019.879566 107938842.562971 64911750.1002453 7120.81958226987 444504.281481936 1212089452.80176 1350505995.87717 722905182.113055 990836590.305774 200831004.377973 137077928.134809 3.26417479564761e-08 429.819610022471
12 12495.718518065 841083.010581937 1.28317606306742 576229334.73902 675010588.030869 349750741.686836 485689096.262911 105056184.185682 63178190.6533599 6936.70292467403 444504.281481936 1227900728.75758 1369027751.08299 732502065.088591 1004163513.92243 203713662.755261 138811487.581695 3.86291763883399e-08 245.702952426757
13 12495.718518065 846769.925829771 1.29216627097477 560840321.112569 656983482.309307 340410156.948786 472718086.857439 102250511.248693 61490928.3460714 6833.02704568999 444504.281481936 1243289742.38403 1387054856.80456 741842649.826641 1017134523.3279 206519335.69225 140498749.888983 4.39073869219394e-08 142.027073442834
14 12495.718518065 849190.64976747 1.30037486177628 545862292.706963 639437815.762861 331319025.643852 460093486.474306 99519767.7477046 59848726.7482485 6773.61886986737 444504.281481936 1258267770.78963 1404600523.351 750933781.131575 1029759123.71104 209250079.193239 142140951.486806 -8.87056752197901e-08 82.6188976202215
15 12495.718518065 850221.064558539 1.30786048874529 531284273.584702 622360730.882239 322470685.767776 447806043.774081 96861952.5868984 58250382.4503629 6739.23583027266 444504.281481936 1272845789.9119 1421677608.23163 759782121.00765 1042046566.41126 211907894.354045 143739295.784691 -1.04007710364444e-07 48.235858025514
16 12495.718518065 850659.676091819 1.31467909998532 517095580.936111 605739713.53599 313858653.234482 435846754.487347 94275118.1125315 56694724.1816276 16456.6990103991 444504.281481936 1287034482.56049 1438298625.57787 768394153.540945 1054005855.69799 214494728.828412 145294954.053427 0 28.2214343504389
17 12495.718518065 850846.377268303 1.31943835223293 503285817.482709 589562584.071607 305476617.265184 424206855.011689 91757368.7279425 55180611.9770971 16436.0919500835 444504.281481936 1300844246.01389 1454475755.04225 776776189.510243 1065645755.17365 217012478.213001 146809066.257957 0 7.61437403482229
18 12495.718518065 850925.849606553 1.3237861416277 489844862.924662 573817487.296844 297318435.197301 412877815.202972 89306859.3342805 53706936.2399602 16430.5338739315 444504.281481936 1314285200.57194 1470220851.81701 784934371.578126 1076974794.98236 219462987.606663 148282741.995094 0 2.05629788278522
19 12495.718518065 850959.678248328 1.32775558132342 476762867.934232 558492885.443475 289378128.83869 401851333.312571 86921794.2354111 52272617.0829773 16429.0330247484 444504.281481936 1327367195.56237 1485545453.67038 792874677.936737 1088001276.87277 221848052.705532 149717061.152077 0 0.555448699731602
20 12495.718518065 850974.077935297 1.33137754661391 464030245.992052 543577548.604094 281649879.512556 391119329.106372 84600425.6495335 50876603.4334041 16428.6276239944 444504.281481936 1340099817.50455 1500460790.50977 800602927.262871 1098733281.07896 224169421.29141 151113074.80165 0 0.150047945761172
21 12495.718518065 850980.207383872 1.33468074929524 451637666.600218 529060546.781738 274128023.938039 380673938.144261 82341052.4718145 49517872.2888698 16428.5181105027 444504.281481936 1352492396.89638 1514977792.33212 808124782.837388 1109178672.04108 226428794.469129 152471805.946185 0 0.0405344540334378
22 12495.718518065 850982.816478138 1.33769182548486 439576048.444876 514931241.880367 266807050.080148 370507506.017042 80142019.0278144 48195427.9677188 16428.4885262136 444504.281481936 1364554015.05173 1529107097.23349 815445756.695279 1119345104.16829 228627827.913129 153794250.267336 0 0.0109501649839931
23 12495.718518065 850983.927077686 1.34043543262894 427836552.741411 501179279.909235 259681593.110527 360612582.737267 78001713.8602047 46908301.3793723 16428.4805342596 444504.281481936 1376293510.75519 1542859059.20462 822571213.6649 1129240027.44807 230768133.080739 155081376.855682 0 0.00295821089195043
24 12495.718518065 850984.39982085 1.34293435239736 416410576.757367 487794583.39546 252746431.476097 350981917.279867 75918568.547888 45655549.3141766 26165.9559790182 444504.281481936 1387719486.73923 1556243755.7184 829506375.299331 1138870692.90547 232851278.393055 156334128.920878 0 0.000799168048441526
25 12495.718518065 850984.6010038 1.3447586258085 405289874.130529 474767492.327876 245996559.927858 341608558.995211 73891079.6419849 44436267.6351626 26165.9552795116 444504.281481936 1398840189.36607 1569270846.78598 836256246.84757 1148244051.19012 234878767.298958 157553410.599892 0 9.9661389475735e-05
26 12495.718518065 850984.686674102 1.34642200881933 394466038.172759 462088158.885207 239426875.904671 332485422.099017 71917714.4635355 43249534.6271141 26165.9551919588 444504.281481936 1409664025.32384 1581950180.22865 842825930.870756 1157367188.08632 236852132.477407 158740143.60794 0 1.21086036553699e-05
27 12495.718518065 850984.723251567 1.34793835701682 383931217.895977 449747386.208212 233032614.135595 323605889.192488 69997041.6469356 42094489.5021607 26165.9551814234 444504.281481936 1420198845.60062 1594290952.90565 849220192.639833 1166246720.99285 238772805.294008 159895188.732894 0 1.57321031005769e-06
28 12495.718518065 850984.738759424 1.34932028904555 373677750.410057 437736197.780671 226809123.518466 314963501.419825 68127664.1199642 40970292.0956248 26165.95518006 444504.281481936 1430452313.08654 1606302141.33319 855443683.256961 1174889108.76551 240642182.820979 161019386.13943 0 2.09855597499532e-07
29 12495.718518065 850984.74524125 1.35057936386291 363698192.066688 426045873.912143 220751886.023119 306551984.718599 66308224.7818271 39876126.2806559 26165.9551798933 444504.281481936 1440431871.42991 1617992465.20172 861500920.752309 1183300625.46674 242461622.159116 162113551.954399 0 4.31350053538705e-08
30 12495.718518065 850984.748106666 1.35172640481781 353985155.417667 414667760.746505 214856417.730855 298365112.396023 64537376.7779434 38811182.092223 26165.9551797957 444504.281481936 1450144908.07893 1629370578.36736 867396389.044573 1191487497.78931 244232470.163 163178496.142832 0 -5.44624785586446e-08
31 12495.718518065 850984.749645429 1.3527712682515 344531491.379439 403593483.654416 209118379.401852 290396858.670829 62813816.7115692 37774675.699763 26165.9551797931 444504.281481936 1459598572.11716 1640444855.45944 873134427.373576 1199455751.51451 245956030.229374 164215002.535292 0 -5.70747038476659e-08
32 12495.718518065 850984.750117448 1.35372287795454 335330300.630983 392814960.585101 203533583.393276 282641408.280257 61136286.7218208 36765850.6568533 35903.4327835971 444504.281481936 1468799762.86561 1651223378.52876 878719223.382152 1207211201.90508 247633560.219122 165223827.578201 0 0
33 12495.718518065 850984.750162972 1.3544284314494 326374787.423069 382324230.814584 198097904.926694 275093033.259586 59503547.8306743 35783961.8727557 35903.4327835971 444504.281481936 1477755276.07352 1661714108.29928 884154901.848734 1214759576.92575 249266299.110269 166205716.362299 0 0
34 12495.718518065 850984.750181706 1.35507126059878 317658338.669869 372113547.595717 192807330.093866 267746159.60644 57914394.3626788 34828284.284076 35903.4327835971 444504.281481936 1486471724.82672 1671924791.51814 889445476.681562 1222106450.5789 250855452.578264 167161393.950978 0 0
35 12495.718518065 850984.750188531 1.35565633636192 309175231.046407 362176206.471222 187658385.039795 260595963.27531 56367782.8605742 33898190.3814273 35903.4327835971 444504.281481936 1494954832.45019 1681862132.64264 894594421.735633 1229256646.91003 252402064.080369 168091487.853627 0 0
36 12495.718518065 850984.750197608 1.35618951010035 300918479.407527 352504024.853621 182646830.029445 253636556.664449 54862439.8163114 32992914.3085685 35903.4327835971 444504.281481936 1503211584.08907 1691534314.26024 899605976.745983 1236216053.52089 253907407.124631 168996763.926486 0 0
37 12495.718518065 850984.750209463 1.35667538500364 292882022.318479 343089902.214724 177768985.98719 246862830.74419 53397260.1295991 32111791.4855185 35903.4327835971 444504.281481936 1511248041.17811 1700948436.89914 904483820.788238 1242989779.44115 255372586.811344 169877886.749536 0 0
38 12495.718518065 850984.750217533 1.35711793686648 285060211.590949 333927222.114366 173021424.663318 240270024.79981 51971214.0418395 31254202.6409274 35903.4327835971 444504.281481936 1519069851.90564 1710111116.9995 909231382.11211 1249582585.38553 256798632.899103 170735475.594127 0 0
39 12495.718518065 850984.750212519 1.35752099252435 277447295.644582 325009246.996153 168400655.052817 233853290.970056 50583252.944347 30419517.1674684 35903.4327835971 444504.281481936 1526682767.85201 1719029092.11771 913852151.722611 1255999319.21528 258186593.996596 171570161.067586 0 0
40 12495.718518065 850984.750198171 1.35788804640542 270037701.272764 316329448.255507 163903294.417202 227607931.740379 49232360.7489342 29607124.014838 45640.9103873986 444504.281481936 1534092362.22383 1727708890.85835 918349512.358226 1262244678.44496 259537486.192009 172382554.220216 0 0
41 12495.718518065 850984.750197031 1.35816177355562 262825957.404116 307881416.931817 159526022.010448 221529335.683429 47917539.9883635 28816423.3309115 45640.9103873986 444504.281481936 1541304106.09248 1736156922.18204 922726784.76498 1268323274.50191 260852306.95258 173173254.904143 0 0
42 12495.718518065 850984.750196562 1.35841110208038 255806697.000617 299658865.931957 155265580.231085 215612979.058938 46637812.1624083 28046826.6698553 45640.9103873986 444504.281481936 1548323366.49598 1744379473.1819 926987226.544343 1274239631.1264 262132034.778535 173942851.565199 0 0
43 12495.718518065 850984.750196391 1.35863797668745 248975343.91788 291656434.636935 151119191.521989 209855004.750827 45392342.9638947 27297832.2999712 45640.9103873986 444504.281481936 1555154719.57871 1752381904.47692 931133615.253439 1279997605.43451 263377503.977048 174691845.935083 0 0
44 12495.718518065 850984.750196166 1.35884468901511 242326276.747154 283867537.97689 147083443.887689 204250674.616187 44180107.5165841 26568823.8860392 45640.9103873986 444504.281481936 1561803786.74944 1760170801.13697 935169362.887739 1285601935.56915 264589739.424359 175420854.349015 0 0
45 12495.718518065 850984.750195871 1.35903304228322 235854607.943068 276286450.549321 143155370.761725 198795869.066947 43000214.7397288 25859265.5541381 45640.9103873986 444504.281481936 1568275455.55353 1767751888.56454 939097436.013703 1291056741.11839 265769632.201214 176130412.680916 0 0
46 12495.718518065 850984.750195668 1.35920458671223 229555791.33549 268907846.847887 139332212.780281 193486756.251568 41851835.7909596 25168658.8589681 45640.9103873986 444504.281481936 1574574272.1611 1775130492.26597 942920593.995147 1296365853.93377 266918011.149984 176821019.376086 0 0
47 12495.718518065 850984.750195791 1.35936081380395 223425195.565743 261726301.574093 135611158.87312 188319432.515246 40734126.2966205 24496496.0150976 45640.9103873986 444504.281481936 1580704867.93085 1782312037.53976 946641647.902308 1301533177.67009 268035720.644323 177493182.219956 0 0
48 12495.718518065 850984.750196148 1.35950308446346 217458332.334299 254736557.012787 131989484.801829 183290114.784109 39646267.9651156 23842284.922201 55378.3879912001 444504.281481936 1586671731.1623 1789301782.10107 950263321.973599 1306562495.40123 269123578.975828 178147393.312853 0 0
49 12495.718518065 850984.750196178 1.35960940973225 211650814.764391 247933474.258177 128464527.888008 178395105.470956 38587460.995904 23205544.6000156 55378.3879912001 444504.281481936 1592479248.73221 1796104864.85568 953788278.88742 1311457504.71438 270182385.94504 178784133.635038 0 0
50 12495.718518065 850984.75019619 1.35970624887267 205998281.456021 241311944.248646 125033640.916752 173630728.46231 37556910.2332832 22585796.8615698 55378.3879912001 444504.281481936 1598131782.04058 1802726394.86521 957219165.858676 1316221881.72303 271212936.70766 179403881.373484 0 0
51 12495.718518065 850984.750196195 1.3597943589015 200497067.983928 234867674.377583 121694599.712066 168993895.107026 36553947.5916281 21982639.9366934 55378.3879912001 444504.281481936 1603632995.51267 1809170664.73627 960558207.063362 1320858715.07831 272215899.349316 180007038.298361 0 0
52 12495.718518065 850984.7501962 1.35987463288712 195142649.662036 228595364.305657 118444657.950196 164480791.661936 35577748.1454708 21395577.7356142 55378.3879912001 444504.281481936 1608987413.83456 1815442974.8082 963808148.825233 1325371818.5234 273192098.795473 180594100.49944 0 0
53 12495.718518065 850984.750196208 1.35994777434453 189931086.887042 222490399.075273 115281424.431847 160088097.535298 34627593.6396557 20824178.3174473 55378.3879912001 444504.281481936 1614198976.60956 1821547940.03858 966971382.343581 1329764512.65004 274142253.301288 181165499.917607 0 0
54 12495.718518065 850984.750196213 1.36001438644607 184858719.994047 216548491.656242 112202677.8704 155812728.08836 33702816.8564515 20268040.4339524 55378.3879912001 444504.281481936 1619271343.50255 1827489847.45761 970050128.905028 1334039882.09698 275067030.084492 181721637.801102 0 0
55 12495.718518065 850984.75019621 1.36007504953453 179921819.591573 210765273.338776 109206154.657674 151651539.911601 32802737.8658122 19726755.1920176 55378.3879912001 444504.281481936 1624208243.90503 1833273065.77508 973046652.117754 1338201070.27374 275967109.075131 182262923.043036 0 0
56 12495.718518065 850984.750196201 1.36013029304527 175116771.148519 205136509.963633 106289660.901659 147601486.408401 31926697.6786475 19199926.2919038 55378.3879912001 444504.281481936 1629013292.34808 1838901829.15022 975963145.873769 1342251123.77694 276843149.262296 182789751.94315 0 0
57 12495.718518065 850984.750196192 1.36018060613259 170440043.190358 199658064.666278 103451053.122734 143659590.988419 31074052.4484606 18687166.5402531 55378.3879912001 444504.281481936 1633690020.30624 1844380274.44758 978801753.652694 1346193019.19692 277695794.492483 183302511.694801 0 0
58 12495.718518065 850984.750196192 1.36022642761844 165888210.715133 194325925.307022 100688252.466351 139822966.804346 30244177.7404745 18188100.4174356 55378.3879912001 444504.281481936 1638241852.78147 1849712413.80683 981564554.309077 1350029643.38099 278525669.200469 183801577.817618 0 0
59 12495.718518065 850984.750196209 1.36026816438801 161457933.459002 189136179.010688 97999231.5109846 136088798.432479 29436464.569078 17702361.6945678 55378.3879912001 444504.281481936 1642672130.0376 1854902160.10317 984253575.264444 1353763811.75286 279333382.371866 184287316.540486 0 0
60 12495.718518065 850984.750196252 1.36030618188881 157145961.603355 184085018.852084 95382017.7321542 132454346.68311 28650320.4383293 17229594.0592454 55378.3879912001 444504.281481936 1646984101.89324 1859953320.26177 986870789.043274 1357398263.50223 280119526.502614 184760084.175809 0 0
61 12495.718518065 850984.750196334 1.36034079813282 152949150.49943 179168761.104814 92834702.4397419 128916961.011527 27885172.0264975 16769452.7299602 55378.3879912001 444504.281481936 1651180912.99717 1864869578.00904 989418104.335686 1360935649.17381 280884674.914446 185220225.505094 0 0
62 12495.718518065 850984.750196465 1.36037233020235 148864404.98732 174383780.015064 90355406.9816074 125474032.585922 27140455.0344926 16321598.3511973 55378.3879912001 444504.281481936 1655265658.50928 1869654559.09879 991897399.793821 1364378577.59942 281629391.906451 185668079.883857 0 0
63 12495.718518065 850984.750196654 1.36040104835728 144888740.687008 169726579.599569 87942319.9450688 122123045.948045 26415625.3602394 15885703.7134267 55378.3879912001 444504.281481936 1659241322.80959 1874311759.51429 994310486.830359 1367729564.23729 282354221.580704 186103974.521627 0 0
64 12495.718518065 850984.750196915 1.3604271817238 141019276.322187 165193784.653534 85593692.497735 118861572.54315 25710157.6991827 15461452.9114821 55378.3879912001 444504.281481936 1663110787.17441 1878844554.46032 996659114.277693 1370991037.64219 283059689.241761 186528225.323572 0 0
65 12495.718518065 850984.750197244 1.36045097659793 137253155.208849 160782048.780245 83307790.733867 115687204.544717 25023531.2303522 15048532.7365141 55378.3879912001 444504.281481936 1666876908.28775 1883256290.33361 998945016.041561 1374165405.64062 283746315.710591 186941145.49854 0 0
66 12495.718518065 850984.75019764 1.36047264698656 133587611.928217 156488132.493541 81082936.1424794 112597611.051374 24355241.7719457 14646639.9860577 55378.3879912001 444504.281481936 1670542451.56838 1887550206.62032 1001169870.63295 1377254999.13397 284414605.168998 187343038.248996 0 0
67 12495.718518065 850984.750198094 1.36049237943999 130019965.915467 152308895.707474 78917501.7159234 109590532.682997 23704800.6124471 14255480.7610951 55378.3879912001 444504.281481936 1674110097.58113 1891729443.40638 1003335305.0595 1380262077.50234 285065046.328497 187734197.473959 0 0
68 12495.718518065 850984.750198572 1.36051035227609 126547596.227705 148241268.17883 76809896.6349436 106663760.313271 23071729.9104088 13874767.699599 55378.3879912001 444504.281481936 1677582467.26889 1895797070.93503 1005442910.14049 1383188849.87207 285698117.030535 188114910.535455 0 0
69 12495.718518065 850984.750199034 1.36052672176291 123167959.466524 144282270.5021 74758577.1470342 103815150.176165 22455565.962032 13504221.9415742 55378.3879912001 444504.281481936 1680962104.03008 1899756068.61176 1007494229.62839 1386037460.00917 286314280.978912 188485456.29348 0 0
70 12495.718518065 850984.750199429 1.36054162518894 119878585.907308 140429009.575241 72762044.2170645 101042620.603421 21855858.4954743 13143572.704672 55378.3879912001 444504.281481936 1684251477.58929 1903609329.53862 1009490762.55836 1388809989.58192 286913988.445469 188846105.530382 0 0
71 12495.718518065 850984.75019967 1.36055520101031 116677054.761719 136678649.621488 70818828.512487 98344131.1739252 21272166.1607904 12792554.5719518 55378.3879912001 444504.281481936 1687453008.73488 1907359689.49237 1011433978.26294 1391508479.01141 287497680.780153 189197123.663102 0 0
72 12495.718518065 850984.750199668 1.36056756365951 113561024.98796 133028448.281322 68927509.1040708 95717708.6829025 20704062.1471542 12450910.8699399 55378.3879912001 444504.281481936 1690569038.50864 1911009890.83253 1013325297.67136 1394134901.50244 288065784.793789 189538767.365114 0 0
