"Time" "IECs" "pheme_e" "BiomassCD" "pro_L_e" "leu_L_e" "ile_L_e" "val_L_e" "trp_L_e" "cys_L_e" "Drug" "Damage" "pro_L_v" "leu_L_v" "ile_L_v" "val_L_v" "trp_L_v" "cys_L_v" "CD" "pheme_c"
0 457000 1e+05 0.4963 224235600.199112 195370466.451958 120509812.093413 157438605.791629 18978882.6152 31300034.1459915 0 0 0 0 0 0 0 0 45700000 1000
1 346543.253885853 146974.161633451 0.594123777914746 359976792.294155 390829685.639965 212405153.517145 289503613.931138 56369706.6750583 41663205.2924932 0 110456.746114147 259679843.210659 263930387.900732 148812168.040228 200270856.878613 34626521.5020513 32052219.3613308 48532264.0529956 855.133907467618
2 257792.284533309 243857.260611946 0.6978120040984 421946981.000206 476190518.490233 253345226.903894 347917781.90288 72095536.6955335 46875562.7032324 0 199207.715466692 515138004.98109 547684836.587696 301100074.59631 408756988.611957 76765419.6122329 60920234.1819687 52252899.7695642 1235.14545507186
3 187042.744225702 339968.870077806 0.803529047832177 462875435.028682 529628420.396725 279593326.525096 385061544.276627 81444446.4907052 50702591.5249851 0 269957.255774298 726902465.94948 788494272.820539 428673030.1139 584224064.797209 113543864.496765 84261028.8383368 57057131.099609 1519.92565364221
4 131439.772920569 420377.265789258 0.90713088468197 496898222.132222 572432035.482172 300933836.573292 415125015.490148 88612595.0741663 54132081.6710476 0 325560.227079431 891015690.423469 976943415.393141 527943530.044937 721054089.771799 142626990.97323 102183079.673445 63165448.6245243 1683.74584617795
5 88713.1109497743 480987.133169735 1.0047948189732 527661535.061801 610572601.871474 319985569.474599 441984856.152915 94826725.3411465 57384283.7507221 0 368286.889050226 1011893928.1376 1116503036.14037 601200989.754101 822172806.427873 164268144.24035 115337915.790556 70824613.9290759 1753.46323216749
6 56940.1957020959 521348.512689824 1.09354997474941 555279362.806238 644961666.449365 336974535.396028 466089378.470728 100343557.707177 60413537.5593281 0 400059.804297904 1096223948.84126 1214257526.07758 652359413.19377 892880363.060928 179463960.861496 124509461.437059 80308675.6437426 1756.78740384725
7 34354.3665497986 542605.335607491 1.17156394096052 578608641.902334 674717642.911586 351274684.462178 486668868.65653 105075367.683199 63080692.2686004 0 422645.633450202 1151379881.81702 1278436013.05976 685838001.722346 939220369.905816 189453850.506932 130515265.122269 91917608.0652713 1714.21918256374
8 19224.0616857435 546917.32701974 1.23815223833674 596356150.617984 698646998.539835 362133665.883684 502760738.323278 108860079.512377 65246752.7649791 9737.47760380151 437775.938314257 1184754551.75408 1317433595.36112 706102201.518171 967320570.884575 195528674.4752 134159241.693687 105972224.044452 1640.30742506625
9 18748.8000877881 710285.820050849 1.25089591925209 574231795.9611 672683095.590194 348687188.084238 484084396.64689 104820477.057815 62822430.7597968 6707.9297582998 438251.199912212 1208581768.71643 1345346043.26608 720570675.959407 987407251.475459 199878105.029872 136766007.407226 44.1072219413591 392.992875144739
10 18748.7996081661 784132.121532953 1.26260451269818 551376336.248533 645909096.789896 334808809.976005 464816965.764906 100648433.28061 60321984.8640318 6376.62971101836 438251.200391834 1231437230.14749 1372120044.03331 734449055.099278 1006674683.78109 204050149.119748 139266453.48711 0.00298297078032078 61.7059776188334
11 18748.7996081303 815501.502334952 1.27334305973338 529430563.461396 620200749.609562 321482815.391512 446316412.063801 96642444.0805912 57921061.0541666 6325.03302170259 438251.20039187 1253383002.93475 1397828391.21379 747775049.683849 1025175237.4823 208056138.319791 141667377.296989 3.21762862658991e-07 10.1092894775237
12 18748.7996081303 828826.987456015 1.28317594435686 508358272.018126 595515641.021078 308687219.429612 428552213.772275 92795900.4769471 55615698.3428471 6316.59121762488 438251.20039187 1274455294.37802 1422513499.80227 760570645.645748 1042939435.77383 211902681.923434 143972740.008308 -8.95477893950815e-09 1.66748539998043
13 18748.7996081303 834487.556991474 1.29216616666047 488124695.785719 571813044.282843 296400911.268433 411495062.616841 89102456.2473462 53402093.2259848 6315.19908367204 438251.20039187 1294688870.61043 1446216096.54051 772856953.806927 1059996586.92926 215596126.153035 146186345.125171 -8.95477893950818e-09 0.275351447138503
14 18748.7996081303 836892.125853207 1.30037477064087 468696452.385857 549053853.650907 284603620.334823 395116816.84607 85556017.7605319 51276593.5858027 6314.9692092761 438251.20039187 1314117114.01029 1468975287.17245 784654244.740537 1076374832.70003 219142564.63985 148311844.765353 -8.95477893950818e-09 0.0454770511944771
15 18748.7996081303 837913.569249498 1.30786040964283 450041488.1191 527200519.860468 273275882.861008 379390454.801003 82150733.922764 49235692.6653991 6314.93124344496 438251.20039187 1332772078.27705 1490828620.96288 795981982.214353 1092101194.7451 222547848.477618 150352745.685756 -8.95477893950818e-09 0.00751122005884124
16 18748.7996081303 838347.470724677 1.31467903184373 432129025.081068 506216988.175202 262399009.772281 364290030.333457 78880986.524388 47276023.2831234 16052.402576666 438251.20039187 1350684541.31508 1511812152.64815 806858855.303079 1107201619.21265 225817595.875994 152312415.068032 0 0.00124063959919467
17 18748.7996081303 838531.780571575 1.3194382679896 414929549.574101 486068684.812111 251955079.65029 349790663.036902 75741388.1244955 45394356.5647808 16052.4013485418 438251.20039187 1367884016.82205 1531960456.01124 817302785.42507 1121700986.50921 228957194.275886 154194081.786375 0 1.25154004707432e-05
18 18748.7996081303 838610.122921428 1.32378610244439 398414574.212118 466722238.259575 241926794.277455 335868337.697973 72726738.6254605 43587575.9172952 16052.401336167 438251.20039187 1384398992.18403 1551306902.56378 827331070.797905 1135623311.84813 231971843.774922 156000862.43386 0 1.40641681510539e-07
19 18748.7996081303 838643.427344497 1.32775569569037 382556826.076897 448145699.692774 232297592.889931 322500062.914495 69832059.619053 41852697.6134877 16052.4013360428 438251.20039187 1400256740.31925 1569883441.13058 836960272.185429 1148991586.63161 234866522.781329 157735740.737668 0 1.64028707174359e-08
20 18748.7996081303 838657.339779506 1.33137745998557 367330531.280329 430308876.32378 223051824.970567 309664110.984936 67052646.3305354 40186901.9239174 16052.4013360237 438251.20039187 1415483035.11582 1587720264.49957 846206040.104793 1161827538.56117 237645936.069847 159401536.427238 0 -2.71285709453085e-09
21 18748.7996081303 838663.651282796 1.33468063901636 352710130.288635 413181826.469768 214173970.163257 297338934.911071 64383833.1134862 38587392.5700566 16052.4013360223 438251.20039187 1430103436.10751 1604847314.35358 855083894.912103 1174152714.63504 240314749.286896 161001045.781099 0 -4.06248770938926e-09
22 18748.7996081303 838666.192395933 1.33769169624789 338671646.052752 396736462.247588 205649469.034206 285504321.748565 61821243.1888085 37051546.4012628 16052.4013360226 438251.20039187 1444141920.3434 1621292678.57576 863608396.041154 1185987327.79754 242877339.211573 162536891.949893 0 -3.84457262707065e-09
23 18748.7996081303 838667.179744443 1.34043529843727 325191912.740491 380945646.073049 197464254.739776 274140742.418782 59360647.8572237 35576829.0160994 16052.4013360226 438251.20039187 1457621653.65566 1637083494.7503 871793610.335584 1197350907.12733 245337934.543158 164011609.335056 0 -3.84457262707065e-09
24 18748.7996081303 838667.613703348 1.3429342137462 312248697.210299 365783332.961202 189604826.788241 263229454.112652 56997988.6731343 34160808.0518768 25789.8789398241 438251.20039187 1470564869.18585 1652245807.86215 879653038.287119 1208262195.43345 247700593.727248 165427630.299278 0 0
25 18748.7996081303 838667.784003669 1.34475866766955 299820580.247929 351224431.401188 182058178.923872 252752400.171737 54729355.7655246 32801140.1916396 25789.8789398241 438251.20039187 1482992986.14822 1666804709.42216 887199686.151488 1218739249.37437 249969226.634858 166787298.159515 0 0
26 18748.7996081303 838667.852556563 1.34642181948269 287887448.78578 337245379.965949 174812098.014211 242692625.035123 52551077.6878533 31495625.014224 25789.8789398241 438251.20039187 1494926117.61037 1680783760.8574 894445767.061149 1228799024.51098 252147504.712529 168092813.336931 0 0
27 18748.7996081303 838667.887218928 1.34793794411747 276429196.115502 323822624.677965 167854374.788289 233033178.502827 50459484.1543996 30242062.7941848 25789.8789398241 438251.20039187 1506384370.28065 1694206516.14539 901403490.287071 1238458471.04328 254239098.245983 169346375.55697 0 0
28 18748.7996081303 838667.90799846 1.34931982495955 265426827.635622 310933914.335877 161173475.272852 223758047.894502 48451107.8838287 29038375.4734206 25789.8789398241 438251.20039187 1517386738.76053 1707095226.48747 908084389.802508 1247733601.6516 256247474.516553 170550062.877734 0 0
29 18748.7996081303 838667.910510349 1.35057896598758 254862389.073963 298558216.430739 154758497.207309 214852097.540066 46522671.496887 27882598.8085219 25789.8789398241 438251.20039187 1527951177.32219 1719470924.39261 914499367.868051 1256639552.00604 258175910.903495 171705839.542633 0 0
30 18748.7996081303 838667.907149401 1.35172608024987 244718434.027884 286675093.396716 148598846.721517 206300619.909642 44670990.3210075 26772824.1183088 25789.8789398241 438251.20039187 1538095132.36826 1731354047.42664 920659018.353844 1265191029.63646 260027592.079375 172815614.232846 0 0
31 18748.7996081303 838667.909844933 1.35277098866554 234978212.493046 275264923.462864 142684352.814923 198089494.545603 42893006.8044179 25707218.9093614 25789.8789398241 438251.20039187 1547835353.9031 1742764217.36049 926573512.260437 1273402155.0005 261805575.595964 173881219.441793 0 0
32 18748.7996081303 838667.920926209 1.35372269328721 225625638.323398 264308862.534172 137005247.597501 190205160.63094 41185784.5762745 24684023.3160581 35527.3565436256 438251.20039187 1557187928.07275 1753720278.28918 932252617.477859 1281286488.91516 263512797.824108 174904415.035097 0 0
33 18748.7996081303 838667.914080422 1.35442816794686 216645323.116126 253788883.886044 131552186.865491 182634645.554691 39546514.6320335 23701553.8076766 35527.3565436256 438251.20039187 1566168243.28002 1764240256.93731 937705678.209869 1288857003.99141 265152067.768349 175886884.543478 0 0
34 18748.7996081303 838667.911322163 1.35507080853124 208022637.159962 243687849.562115 126316287.110667 175365616.292105 37972526.4589766 22758209.856295 35527.3565436256 438251.20039187 1574790929.23619 1774341291.26124 942941577.964693 1296126033.25399 266726055.941406 176830228.49486 0 0
35 18748.7996081303 838667.909931547 1.35565629711646 199743098.315499 233988794.478884 121288754.433937 168385864.223309 36461176.4822057 21852407.0787311 35527.3565436256 438251.20039187 1583070468.08065 1784040346.34447 947969110.641423 1303105785.32279 268237405.918177 177736031.272424 0 0
36 18748.7996081303 838667.909096441 1.35618970852782 191792971.309608 224675628.468392 116461248.451162 161683810.345795 35009957.4600603 20982642.800889 35527.3565436256 438251.20039187 1591020595.08654 1793353512.35496 952796616.624198 1309807839.2003 269688624.940322 178605795.550266 0 0
37 18748.7996081303 838667.908993167 1.3566755816574 184159285.290781 215733156.843394 111825892.953167 155248520.073792 33616501.6886746 20147497.9783573 35527.3565436256 438251.20039187 1598654281.10537 1802295983.97996 957431972.122193 1316243129.47231 271082080.711708 179440940.372798 0 0
38 18748.7996081303 838667.90912802 1.35711812856294 176829433.633998 207146611.589296 107375032.897755 149069365.868891 32278507.9502165 19345593.4140367 35527.3565436256 438251.20039187 1605984132.76215 1810882529.23406 961882832.177605 1322422283.67721 272420074.450166 180242844.937118 0 0
39 18748.7996081303 838667.909021571 1.357521196732 169791313.10357 198901814.386287 103101318.912688 143136144.556023 30993766.9157221 18575604.9829113 35527.3565436256 438251.20039187 1613022253.29258 1819127326.43706 966156546.162672 1328355504.99008 273704815.48466 181012833.368244 0 0
40 18748.7996081303 838667.908579104 1.357888302291 163033300.05306 190985148.728765 98997692.8437165 137439057.259694 29760156.8006207 17836261.0282588 45264.8341474271 438251.20039187 1619780266.34309 1827043992.09459 970260172.231644 1334052592.28641 274938425.599762 181752177.322896 0 0
41 18748.7996081303 838667.908851781 1.35816196683002 156544290.915353 183383607.357377 95057412.3411092 131968743.537615 28575650.7558067 17126346.7913684 45264.8341474271 438251.20039187 1626269275.4808 1834645533.46598 974200452.734251 1339522906.00849 276122931.644576 182462091.559786 0 0
42 18748.7996081303 838667.90896171 1.35841118959114 150313679.68792 176084765.884162 91274037.1881727 126716262.400502 27438312.7577918 16444701.9483705 45264.8341474271 438251.20039187 1632499886.70823 1841944374.93919 977983827.887188 1344775387.1456 277260269.642591 183143736.402784 0 0
43 18748.7996081303 838667.909017032 1.35863819739998 144331024.325676 169076391.988894 87641226.7270673 121672811.07719 26346236.7119378 15790184.1127604 45264.8341474271 438251.20039187 1638482542.07048 1848952748.83446 981616638.348293 1349818838.46891 278352345.688445 183798254.238394 0 0
44 18748.7996081303 838667.90905029 1.35884497883038 138586395.350983 162346853.797825 84152951.5430858 116830018.897117 25297610.0878519 15161706.9742263 45264.8341474271 438251.20039187 1644227171.04517 1855682287.02553 985104913.532275 1354661630.64899 279400972.312531 184426731.376929 0 0
45 18748.7996081303 838667.909054461 1.35903330785417 133070421.424701 155885173.267821 80803521.1364736 112179985.707269 24290722.237941 14558245.2842389 45264.8341474271 438251.20039187 1649743144.97145 1862143967.55553 988454343.938887 1359311663.83884 280407860.162442 185030193.066916 0 0
46 18748.7996081303 838667.909049096 1.35920482867214 127773993.143959 149680679.200661 77587404.0614035 107715032.170096 23323910.3285531 13978802.4507686 45264.8341474271 438251.20039187 1655039573.25219 1868348461.62269 991670461.013957 1363776617.37601 281374672.07183 185609635.900386 0 0
47 18748.7996081303 838667.909053289 1.35936104115622 122688364.928324 143723126.597444 74499289.7936748 103427785.654798 22395577.9383132 13422421.684893 45264.8341474271 438251.20039187 1660125201.46783 1874306014.22591 994758575.281686 1368063863.89131 282303004.46207 186166016.666262 0 0
48 18748.7996081303 838667.909070839 1.35950331447822 117805137.69628 138002676.364978 71534078.2114603 99311165.6333751 21504191.8958826 12888184.1055599 55002.3117512286 438251.20039187 1665008428.69987 1880026464.45838 997723786.8639 1372180483.91273 283194390.5045 186700254.245595 0 0
49 18748.7996081303 838667.90906004 1.3596096026331 113116296.011533 132509938.830771 68686902.1514262 95358414.9954263 20648289.0606584 12375212.8034878 55002.3117512286 438251.20039187 1669697270.38462 1885519201.99259 1000570962.92393 1376133234.55068 284050293.339724 187213225.547667 0 0
50 18748.7996081303 838667.909055685 1.3597063880214 108614159.021921 127235916.270482 65953097.6176724 91563058.6890471 19826467.3671448 11882667.4737572 55002.3117512286 438251.20039187 1674199407.37423 1890793224.55288 1003304767.45769 1379928590.85706 284872115.033238 187705770.877398 0 0
51 18748.7996081303 838667.909053496 1.35979453855676 104291192.456792 122171782.672486 63328089.6220724 87918745.2323287 19037351.5068867 11409723.8478416 55002.3117512286 438251.20039187 1678522373.93936 1895857358.15087 1005929775.45329 1383572904.31378 285661230.893496 188178714.503313 0 0
52 18748.7996081303 838667.909052179 1.35987482968898 100140219.27449 117309130.500612 60807520.0944346 84419424.2917596 18279631.3801381 10955596.7389827 55002.3117512286 438251.20039187 1682673347.12166 1900720010.32275 1008450344.98093 1387072225.25434 286418951.020244 188632841.612172 0 0
53 18748.7996081303 838667.909052012 1.35994795236716 96154468.4565377 112640027.854006 58387277.5114846 81059387.8163082 17552071.0027681 10519545.3803985 55002.3117512286 438251.20039187 1686659097.93961 1905389112.96935 1010870587.56388 1390432261.7298 287146511.397614 189068892.970756 0 0
54 18748.7996081303 838667.909052225 1.36001454672125 92327357.6692303 108156763.866358 56063364.9238266 77833086.8185075 16853468.8332325 10100849.6479054 55002.3117512286 438251.20039187 1690486208.72692 1909872376.957 1013194500.15153 1393658562.7276 287845113.56715 189487588.70325 0 0
55 18748.7996081303 838667.90905206 1.36007519638824 88652567.5088088 103851935.680296 53831945.0393728 74735193.9640345 16182671.3253128 9698818.18252978 55002.3117512286 438251.20039187 1694160998.88734 1914177205.14306 1015425920.03599 1396756455.58207 288515911.07507 189889620.168625 0 0
56 18748.7996081303 838667.909051366 1.36013043392202 85124028.925887 99718433.7157577 51689332.5871584 71760592.9703517 15538570.6325671 9312787.01470829 55002.3117512286 438251.20039187 1697689537.47026 1918310707.1076 1017568532.4882 1399731056.57575 289160011.767815 190275651.336447 0 0
57 18748.7996081303 838667.909050384 1.36018073848389 81735929.9799089 95749449.5824867 49631998.4188081 68904384.3007962 14920105.8412912 8942120.3032428 55002.3117512286 438251.20039187 1701077636.41624 1922279691.24087 1019625866.65655 1402587265.24531 289778476.559091 190646318.047912 0 0
58 18748.7996081303 838667.909049943 1.36022655397814 78482667.9475717 91938419.9775081 47656540.4276332 66161844.7913974 14326254.2283732 8586205.09583912 55002.3117512286 438251.20039187 1704330898.44858 1926090720.84585 1021601324.64773 1405329804.75471 290372328.172009 191002233.255316 0 0
59 18748.7996081303 838667.909051104 1.36026827165365 75358911.7422433 88279099.8062738 45759721.4511841 63528480.2712059 13756042.6553557 8244458.15795129 55002.3117512286 438251.20039187 1707454654.65391 1929750041.01708 1023498143.62418 1407963169.2749 290942539.745027 191343980.193204 0 0
60 18748.7996081303 838667.909053834 1.36030626304746 72359487.2818726 84765427.8970494 43938399.663923 60999928.926046 13208526.6434538 7916313.43173705 55002.3117512286 438251.20039187 1710454079.11428 1933263712.92631 1025319465.41144 1410491720.62006 291490055.756929 191672124.919418 0 0
61 18748.7996081303 838667.909057704 1.36034086020466 69479447.7073767 81391609.2581528 42189571.2154963 58572020.4934712 12682803.1912444 7601229.71812942 55002.3117512286 438251.20039187 1713334118.68877 1936637531.56521 1027068293.85986 1412919629.05263 292015779.209138 191987208.633025 0 0
62 18748.7996081303 838667.909060375 1.36037236797076 66714036.0957141 78152071.3982325 40510347.5892265 56240744.8294307 12178003.968297 7298686.59755136 55002.3117512286 438251.20039187 1716099530.30044 1939877069.42513 1028747517.48613 1415250904.71667 292520578.432086 192289751.753603 0 0
63 18748.7996081303 838667.909059229 1.36040106018297 64058695.6658697 75041476.2820551 38897961.7994297 54002260.5120391 11693297.1781782 7008185.54647665 55002.3117512286 438251.20039187 1718754870.73028 1942987664.5413 1030359903.27593 1417489389.03407 293005285.222204 192580252.804678 0 0
64 18748.7996081303 838667.909053434 1.36042719001942 61509039.7839161 72054685.1929732 37349750.1777753 51852869.5554781 11227882.0831647 6729246.65590668 55002.3117512286 438251.20039187 1721304526.61223 1945974455.63038 1031908114.89759 1419638779.99063 293470700.317218 192859191.695248 0 0
65 18748.7996081303 838667.909041152 1.36045098550985 59060863.2963828 69186772.0093866 35863159.2551776 49789026.9641645 10780991.0730405 6461409.87127018 55002.3117512286 438251.20039187 1723752703.09977 1948842368.81397 1033394705.82018 1421702622.58194 293917591.327342 193127028.479885 0 0
66 18748.7996081303 838667.909018533 1.36047265898116 56710111.5794457 66432986.9474543 34435726.9677281 47807314.6408398 10351884.0153253 6204231.6063251 55002.3117512286 438251.20039187 1726103454.8167 1951596153.8759 1034822138.10763 1423684334.90527 294346698.385057 193384206.74483 0 0
67 18748.7996081303 838667.908982692 1.36049239737948 54452914.3435526 63788796.1614805 33065103.1836673 45904469.8842816 9939854.42598221 5957288.44147134 55002.3117512286 438251.20039187 1728360652.0526 1954240344.66188 1036192761.89169 1425587179.66182 294758727.974401 193631149.909684 0 0
68 18748.7996081303 838667.908931376 1.36051036945825 52285562.5420209 61249854.6935205 31749035.6817369 44077365.9229702 9544225.25430563 5720174.5974922 55002.3117512286 438251.20039187 1730528003.85413 1956779286.12984 1037508829.39362 1427414283.62314 295154357.146077 193868263.753663 0 0
69 18748.7996081303 838667.908863093 1.36052672922575 50204497.3803886 58811993.5983992 30485363.4773959 42323002.6498374 9164346.87668383 5492500.7331491 55002.3117512286 438251.20039187 1732609069.01576 1959217147.22496 1038772501.59796 1429168646.89627 295534235.523699 194095937.618006 0 0
70 18748.7996081303 838667.908767213 1.36054161679144 48206290.7237714 56471196.991935 29272004.9257032 40638490.10543 8799593.52015102 5273891.80169626 55002.3117512286 438251.20039187 1734607275.67238 1961557943.83142 1039985860.14966 1430853159.44068 295898988.880232 194314546.549459 0 0
71 18748.7996081303 838667.908631775 1.36055516319748 46287642.5388516 54223599.0543614 28106956.1680321 39021046.3214756 8449362.7954472 5063986.77102776 55002.3117512286 438251.20039187 1736525923.8573 1963805541.769 1041150908.90733 1432470603.22463 296249219.604935 194524451.580127 0 0
72 18748.7996081303 838667.908446257 1.360567494117 44445373.4922376 52065475.3596839 26988286.6376182 37467991.0812091 8113074.3459199 4862437.81391903 55002.3117512286 438251.20039187 1738368192.90391 1965963665.46367 1042269578.43774 1434023658.4649 296585508.054463 194726000.537236 0 0
