"Time" "IECs" "pheme_e" "BiomassCD" "pro_L_e" "leu_L_e" "ile_L_e" "val_L_e" "trp_L_e" "cys_L_e" "Drug" "Damage" "pro_L_v" "leu_L_v" "ile_L_v" "val_L_v" "trp_L_v" "cys_L_v" "CD" "pheme_c"
0 457000 1e+05 0.4963 224235600.199112 195370466.451958 120509812.093413 157438605.791629 18978882.6152 31300034.1459915 0 0 0 0 0 0 0 0 45700000 1000
1 297706.117265306 174304.493396491 0.594123778185918 492996017.386586 543663861.521106 292965794.807615 400490655.077238 80030592.3969143 56114248.2592785 0 159293.882734693 301550542.019189 314209863.224442 174708595.438528 236243024.461411 42807287.4900204 36354636.8568352 48532264.0472675 1010.41504490289
2 188259.732329818 308109.731839549 0.697811946142143 599721516.453409 679864795.300403 360820407.906219 495945694.115005 103485866.377891 66294287.9152372 0 268740.267670181 586176283.963695 633196444.39184 345080259.4686 469882560.353766 90709762.1668146 68202009.016104 52252902.569793 1560.08227143996
3 114533.746889383 426149.702138853 0.803528936307197 659698799.22969 755129246.149163 398502117.611825 548909462.213197 116136708.287067 72272297.7153208 0 342466.253110617 789214941.524768 864558366.989851 467504811.819091 638341168.17564 126126336.450264 90534777.6251475 57057135.8713193 1905.95837004338
4 66313.3750246682 511138.924780505 0.907130695488081 700461776.587512 805954555.936046 423855519.417738 584658126.663855 124494112.329428 76519225.1498927 0 390686.624975331 919680446.347512 1014281583.78832 546385748.008442 747067492.21176 149205978.451201 104804472.986626 63165456.2655391 2048.2790540232
5 36067.9483317711 563106.434608099 1.00479450418665 729505480.861928 842638434.543874 441799590.46088 610230130.715058 130431835.282661 79690291.8556888 0 420932.051668228 996984275.81045 1103388434.79625 593182933.759573 811657463.831655 162984798.414302 113247650.130903 70824629.1170978 2053.72872191954
6 18147.9772327447 587290.622520182 1.09354965355932 749064341.234379 868502043.45463 453837492.077271 627829746.964342 134574327.625046 81973717.7079606 0 438852.022767254 1039046010.63561 1152053985.68634 618661584.915992 846872985.443269 170521657.760338 117845493.180657 80308693.8114623 1979.66770238552
7 8296.90153721491 590103.979844076 1.17156375798734 760358763.101203 885364560.975326 460778973.253427 638655978.887581 137255114.861647 83482204.5540141 0 448703.098462784 1059801221.5795 1176162091.98336 631237927.809012 864284812.365238 174258135.326852 120119819.401687 91917630.094087 1864.73202943449
8 3375.58897100818 577605.70405492 1.23815231566013 764845747.899496 895169720.151001 463545383.985699 644036701.118018 138803659.451034 84366833.6504512 9737.47760380151 453624.411028991 1068939059.35195 1186824671.77053 636775753.822811 871967978.107233 175911293.08059 121124974.330673 105972259.316407 1732.6231035429
9 3251.3719825352 740162.986124767 1.25089598847961 759880047.984664 889353643.480865 460537021.447588 639854473.517773 137908022.135197 83820960.3401625 5506.2919441652 453748.628017464 1074320106.2063 1193122579.95342 640037019.837716 876499071.067927 176887878.825988 121718546.964535 1003.21868588323 115.628104717583
10 3251.36798546423 814164.93041665 1.2626045744157 754546691.83027 883111553.239633 457304658.740346 635363538.633252 136940089.81185 83232647.7659498 5394.60791796803 453748.632014535 1079653475.70408 1199364685.67369 643269390.669769 880990017.160013 177855813.754075 122306861.073623 0.681522192973116 4.40555722291281
11 3251.36798266471 845760.956419293 1.27334311451063 749250756.526227 876913260.008849 454094975.478689 630904113.879826 135978948.68708 82648462.95341 5390.37200771759 453748.632017334 1084949411.01747 1205562978.91532 646479073.937115 885449441.921288 178816954.880669 122891045.887238 0.000509278372038913 0.170005949238098
12 3251.36798266261 859251.165418548 1.283175992743 743991991.783751 870758470.715976 450907820.009064 626475988.474472 135024553.519847 82068378.3566132 5390.20856614027 453748.632017336 1090208175.75995 1211717768.2082 649666229.406744 889877567.326647 179771350.047904 123471130.484036 4.17959067330619e-07 0.00656465011713439
13 3251.36798266261 865010.931969172 1.29216620917912 738770136.722542 864646880.030037 447743034.22097 622078942.74378 134076856.964008 81492365.1983811 5390.202254951 453748.632017336 1095430030.82116 1217829358.89414 652831015.194839 894274613.057339 180719046.603743 124047143.642268 2.07543861790824e-08 0.000253461196051287
14 3251.36798266261 867470.036978915 1.30037480756437 733584932.284855 858578184.753245 444600461.108465 617712758.549037 133135812.004063 80920394.902534 5390.20201125299 453748.632017336 1100615235.25885 1223898054.17093 655973588.307343 898640797.252082 181660091.563688 124619113.938115 3.22476125771551e-08 9.76328934619773e-06
15 3251.36798266261 868519.963431109 1.30786044105035 728436121.231143 852552083.815804 441479944.767554 613377219.282533 132201371.954488 80352439.0934538 5390.20200184504 453748.632017336 1105764046.31256 1229924155.10837 659094104.648254 902976336.518586 182594531.613262 125187069.747195 3.82876432839402e-08 3.55485693703375e-07
16 3251.3679826626 868968.287422038 1.31467905752609 723323448.127389 846568278.261094 438381330.388513 609072109.856904 131273490.457441 79788469.5946873 15127.6796053017 453748.632017336 1110876719.41631 1235907960.66308 662192719.027295 907281445.944216 183522413.110309 125751039.245962 4.55046575694451e-08 1.08052791178898e-08
17 3251.3679826626 869159.980398189 1.31943817989413 718246683.54473 840626499.568581 435304478.922441 604797237.082336 130352125.874665 79228461.0983617 15127.6796052896 453748.632017336 1115953483.99897 1241849739.35559 665269570.493367 911556318.718784 184443777.693085 126311047.742288 -5.96899615512871e-08 -1.26937781954507e-09
18 3251.3679826626 869241.417633673 1.32378590525568 713205527.571513 834726396.725599 432249208.603255 600552348.419215 129437223.776222 78672380.5217781 15127.6796052896 453748.632017336 1120994639.97218 1247749842.19858 668324840.812553 915801207.381905 185358679.791528 126867128.318871 -5.96899615512871e-08 -1.27037781954507e-09
19 3251.3679826626 869276.375762753 1.32775535510098 708199753.412653 828867704.294155 429215381.978296 596337252.895494 128528743.001851 78120202.8475909 15127.6796052896 453748.632017336 1126000414.13105 1253608534.63002 671358667.437511 920016302.905626 186267160.565899 127419305.993058 -5.96899615512871e-08 -1.27137781954508e-09
20 3251.3679826626 869291.368560523 1.3313773151072 703229113.28332 823050132.270132 426202848.873748 592151741.864779 127626638.581934 77571900.7431144 15127.6796052896 453748.632017336 1130971054.26038 1259426106.65404 674371200.542059 924201813.936342 187169264.985816 127967608.097535 -5.96899615512871e-08 -1.27237781954509e-09
21 3251.3679826626 869297.811493678 1.33468070752225 698293358.815894 817273389.967328 423211458.762584 587995606.189938 126730865.441084 77027446.8113767 15127.6796052896 453748.632017336 1135906808.7278 1265202848.95685 677362590.653223 928357949.611182 188065038.126666 128512062.029273 -5.96899615512871e-08 -1.27337781954509e-09
22 3251.3679826626 869300.476888823 1.3376922106425 693392244.207079 811537189.700785 420241062.671926 583868638.893123 125841378.969303 76486813.9382714 15127.6796052896 453748.632017336 1140807923.33662 1270939049.22339 680332986.743881 932484916.907997 188954524.598447 129052694.902378 -5.96899615512871e-08 -1.2743778195451e-09
23 3251.3679826626 869301.554324163 1.34043636356532 688525526.89227 805841247.576072 417291513.591754 579770635.723612 124958135.144374 75949975.3669464 15127.6796052896 453748.632017336 1145674640.65143 1276634991.3481 683282535.824053 936582920.077508 189837768.423376 129589533.473703 -5.96899615512871e-08 -1.27537781954511e-09
24 3251.3679826626 869301.982386965 1.34293499128855 683692974.518903 800185291.650795 414362670.701214 575701401.029699 124081091.797428 75416905.4670208 24865.1572090911 453748.632017336 1150507193.0248 1282290947.27338 686211378.714593 940652154.771421 190714811.770322 130122603.373628 0 0
25 3251.3679826626 869302.221189131 1.34475997070393 678894347.154954 794569041.111659 411454388.585802 571660732.777419 123210205.384025 74887577.7720374 24865.1572090911 453748.632017336 1155305820.38875 1287907197.81252 689119660.830005 944692823.0237 191585698.183725 130651931.068611 0 0
26 3251.3679826626 869302.307331361 1.34642338125296 674129389.454048 788992197.104616 408566512.488911 567648415.953206 122345429.562227 74361964.1152107 24865.1572090911 453748.632017336 1160070778.08965 1293484041.81956 692007536.926896 948705139.847914 192450474.005523 131177544.725438 0 0
27 3251.3679826626 869302.349817922 1.34794046390407 669397859.62715 783454476.64295 405698895.870566 563664246.959403 121486720.450572 73840037.8252403 24865.1572090911 453748.632017336 1164802307.91655 1299021762.28122 694875153.54524 952689308.841717 193309183.117178 131699471.015409 0 0
28 3251.3679826626 869302.373664123 1.34932052310055 664699580.371966 777955672.21438 402851431.273979 559708076.499203 120634045.871076 73321779.3442383 24865.1572090911 453748.632017336 1169500587.17174 1304520566.70979 697722618.141828 956645479.301917 194161857.696674 132217729.496411 0 0
29 3251.3679826626 869302.435064059 1.35057908167011 660034261.068779 772495443.681403 400023942.564587 555779659.857237 119787353.080163 72807156.6144823 24865.1572090911 453748.632017336 1174165906.47492 1309980795.24277 700550106.851219 960573895.943883 195008550.487587 132732352.226167 0 0
30 3251.3679826626 869302.529757427 1.35172590905289 655401680.549528 767073532.191818 397216295.700078 551878810.799672 118946601.938801 72296145.2393332 24865.1572090911 453748.632017336 1178798486.99417 1315402706.73236 703357753.715729 964474745.001448 195849301.628949 133243363.601316 0 0
31 3251.3679826626 869302.646212628 1.35277078750694 650801614.397261 761689675.090968 394428354.669095 548005340.356959 118111751.718327 71788720.4637726 24865.1572090911 453748.632017336 1183398553.14644 1320786563.83321 706145694.746712 968348215.444161 196684151.849423 133750788.376876 0 0
32 3251.3679826626 869302.717391371 1.35372225867548 646233835.050547 756343606.043939 391659981.554526 544159056.91175 117282761.119398 71284857.1859209 34602.6348128926 453748.632017336 1187966332.49316 1326132632.88024 708914067.861281 972194498.88937 197513142.448352 134254651.654728 0 0
33 3251.3679826626 869302.530565859 1.35442837548342 641698120.544466 751035065.265898 388911041.831106 540339773.55922 116459589.858362 70784530.9212386 34602.6348128926 453748.632017336 1192502046.99924 1331441173.65828 711663007.584701 976013782.2419 198336313.709388 134754977.91941 0 0
34 3251.3679826626 869302.477416752 1.35507166655189 637194210.396688 745763747.891745 386181377.629503 536547270.961088 115642190.661176 70287712.9364028 34602.6348128926 453748.632017336 1197005957.14702 1336712491.03243 714392671.786303 979806284.840032 199153712.906574 135251795.904246 0 0
35 3251.3679826626 869302.473141482 1.35565745215889 632721921.398527 740529439.496432 383470877.913268 532781394.847087 114830530.277923 69794383.0220024 34602.6348128926 453748.632017336 1201478246.14518 1341946799.42775 717103171.502539 983572160.954033 199965373.289827 135745125.818646 0 0
36 3251.3679826626 869302.456776332 1.35619111202334 628281018.202232 735331864.632041 380779400.046266 529041947.043424 114024565.996147 69304515.2172633 34602.6348128926 453748.632017336 1205919149.34148 1347144374.29214 719794649.369541 987311608.757695 200771337.571603 136234993.623385 0 0
37 3251.3679826626 869302.416519161 1.35667581597105 623871338.55018 730170833.394377 378106845.689763 525328790.921607 113224268.368271 68818091.6238474 34602.6348128926 453748.632017336 1210328828.99353 1352305405.5298 722467203.726044 991024764.879513 201571635.199479 136721417.216801 0 0
38 3251.3679826626 869302.305296276 1.3571176127142 619492596.919263 725046011.610938 375453041.798076 521641686.057849 112429585.575683 68335080.7462298 34602.6348128926 453748.632017336 1214707570.62444 1357430227.31324 725121007.617731 994711869.743271 202366317.992067 137204428.094419 0 0
39 3251.3679826626 869302.106649656 1.35752058969229 615144566.162751 719957133.432169 372817850.705426 517980441.183999 111640476.394305 67855457.5282754 34602.6348128926 453748.632017336 1219055601.38096 1362519105.49201 727756198.710381 998373114.617121 203155427.173445 137684051.312373 0 0
40 3251.3679826626 869301.826851882 1.35788755851929 610827053.354448 714903973.059784 370201155.485918 514344893.847195 110856905.810622 67379200.688653 44340.1124166941 453748.632017336 1223373114.18926 1367572265.8644 730372893.929889 1002008661.95392 203938997.757128 138160308.151996 0 0
41 3251.3679826626 869302.152561564 1.35816171734002 606539844.62336 709886280.181972 367602826.519737 510734863.958076 110078835.009922 66906286.6356494 44340.1124166941 453748.632017336 1227660322.92035 1372589958.74221 732971222.89607 1005618691.84304 204717068.557828 138633222.205 0 0
42 3251.3679826626 869302.185544356 1.3584113541191 602282688.599715 704903760.598851 365022711.460356 507150139.851559 109306218.371968 66436687.6411307 44340.1124166941 453748.632017336 1231917478.94399 1377572478.32533 735551337.955451 1009203415.94956 205489685.195782 139102821.199518 0 0
43 3251.3679826626 869302.07437782 1.35863889534428 598055389.103754 699956184.7042 362460691.410006 503590556.335128 108539020.292767 65970382.064871 44340.1124166941 453748.632017336 1236144778.43995 1382520054.21998 738113358.005801 1012762999.46599 206256883.274983 139569126.775778 0 0
44 3251.3679826626 869301.916912958 1.35884588822478 593857783.41723 695043362.054722 359916667.750786 500055976.392424 107777211.241145 65507351.9577222 44340.1124166941 453748.632017336 1240342384.12648 1387432876.86946 740657381.665021 1016297579.40869 207018692.326605 140032156.882927 0 0
45 3251.3679826626 869301.854507996 1.35903446423433 589689631.132216 690165011.280127 357390494.779763 496546197.588749 107020747.586291 65047570.800731 44340.1124166941 453748.632017336 1244510536.41149 1392311227.64406 743183554.636044 1019807358.21237 207775155.981459 140491938.039918 0 0
46 3251.3679826626 869301.958001953 1.35920610475254 585550745.165359 685320913.420516 354882059.112187 493061062.391187 106269595.37509 64591017.9570794 44340.1124166941 453748.632017336 1248649422.37835 1397155325.50367 745691990.30362 1023292493.40993 208526308.19266 140948490.88357 0 0
47 3251.3679826626 869302.201869694 1.35936237402503 581440914.867711 680510821.935118 352391233.081013 489600393.42349 105523716.377586 64137670.1904721 44340.1124166941 453748.632017336 1252759252.676 1401965416.98906 748182816.334794 1026753162.37763 209272187.190163 141401838.650177 0 0
48 3251.3679826626 869302.423155394 1.35950466261899 577359933.005281 675734494.279993 349917891.088886 486164016.184963 104783072.983595 63687504.6413115 54077.5900204956 453748.632017336 1256840234.53843 1406741744.64419 750656158.326921 1030189539.61615 210012830.584155 141852004.199338 0 0
49 3251.3679826626 869302.408925394 1.35961106161562 573307613.126947 670991712.23519 347461920.134228 482751773.675058 104047631.354741 63240500.7425198 54077.5900204956 453748.632017336 1260892554.41676 1411484526.68899 753112129.281579 1033601782.12606 210748272.213009 142299008.09813 0 0
50 3251.3679826626 869302.411692149 1.35970812933874 569283636.000846 666282102.175921 345023126.741646 479363397.085642 103317333.55473 62796623.2802216 54077.5900204956 453748.632017336 1264916531.54286 1416194136.74826 755550922.674161 1036990158.71547 211478570.01302 142742885.560428 0 0
51 3251.3679826626 869302.430586952 1.35979627388956 565287955.281687 661605609.860268 342601482.82286 475998847.391818 102592171.172513 62355867.1421535 54077.5900204956 453748.632017336 1268912212.26202 1420870629.06392 757972566.592946 1040354708.40929 212203732.395237 143183641.698496 0 0
52 3251.3679826626 869302.462973684 1.3598767391326 561320259.186875 656961870.381969 340196799.417222 472657862.058086 101872087.623737 61918197.9361552 54077.5900204956 453748.632017336 1272879908.35683 1425514368.54221 760377249.998585 1043695693.74303 212923815.944013 143621310.904494 0 0
53 3251.3679826626 869302.51058199 1.35994922457401 557380642.267932 652350994.402886 337809133.829139 469340520.701241 101157100.068234 61483626.0920298 54077.5900204956 453748.632017336 1276819525.27578 1430125244.5213 762764915.586668 1047013035.09987 213638803.499516 144055882.74862 0 0
54 3251.3679826626 869302.559989476 1.36001641876035 553468294.68989 647772034.102793 335437995.24564 466046141.402435 100447061.531833 61052062.2783824 54077.5900204956 453748.632017336 1280731872.85382 1434704204.82139 765136054.170167 1050307414.39868 214348842.035917 144487446.562267 0 0
55 3251.3679826626 869302.618611599 1.36007698587094 549583616.594438 643225457.802274 333083626.178766 462775061.09965 99742044.6348783 60623550.6341014 54077.5900204956 453748.632017336 1284616550.94927 1439250781.12191 767490423.237041 1053578494.70146 215053858.932872 144915958.206548 0 0
56 3251.3679826626 869302.698677826 1.36013171756827 545726321.183533 638710929.836662 330745852.810142 459527038.295546 99041997.3273759 60198059.5230258 54077.5900204956 453748.632017336 1288473846.36018 1443765309.08752 769828196.605665 1056826517.50557 215753906.240374 145341449.317624 0 0
57 3251.3679826626 869302.810450429 1.36018138735672 541896133.275577 634228128.137022 328424508.361715 456301841.27437 98346869.6675621 59775558.5903835 54077.5900204956 453748.632017336 1292304034.26813 1448248110.78716 772149541.054092 1060051714.52674 216449033.900188 145763950.250266 0 0
58 3251.3679826626 869302.960250557 1.36022673236223 538092800.961683 629776757.872497 326119440.160219 453099257.91708 97656615.9373574 59356020.0485718 54077.5900204956 453748.632017336 1296107366.58203 1452699481.05169 774454609.255588 1063254297.88403 217139287.630393 146183488.792078 0 0
59 3251.3679826626 869303.055326929 1.36026837855799 534316093.054324 625356548.464237 323830508.09089 449919093.552986 96971194.1793309 58939418.3957227 54077.5900204956 453748.632017336 1299884074.48939 1457119690.45995 776743541.324917 1066434462.24813 217824709.388419 146600090.444927 0 0
60 3251.3679826626 869302.664328836 1.36030634714962 530565888.454859 620967358.17998 321557638.760027 446761246.211379 96290582.4157059 58525740.2736697 54077.5900204956 453748.632017336 1303634279.08885 1461508880.7442 779016410.65578 1069592309.58973 218505321.152044 147013768.56698 0 0
61 3251.3679826626 869302.41204183 1.36034091639762 526842006.787088 616608975.909787 319300722.847853 443625564.007078 95614747.9106247 58114965.7854481 54077.5900204956 453748.632017336 1307358160.75662 1465867263.0144 781273326.567953 1072727991.79404 219181155.657125 147424543.055201 0 0
62 3251.3679826626 869302.473286627 1.36037239789592 523144261.917292 612281183.805195 317059647.545158 440511890.206802 94943656.8833174 57707074.3989924 54077.5900204956 453748.632017336 1311055905.62642 1470195055.11899 783514401.870649 1075841665.59431 219852246.684433 147832434.441657 0 0
63 3251.3679826626 869302.450379409 1.36040107642869 519472463.762963 607983759.396129 314834297.649507 437420064.752207 94277274.8363621 57302045.1466531 54077.5900204956 453748.632017336 1314727703.78075 1474492479.52805 785739751.7663 1078933491.04891 220518628.731388 148237463.693996 0 0
64 3251.3679826626 869302.412388929 1.3604271929731 515826436.186512 603716496.533464 312624566.409996 434349939.327219 93615569.803152 56899858.5990191 54077.5900204956 453748.632017336 1318373731.3572 1478759742.39072 787949483.005811 1082003616.47389 221180333.764598 148639650.24163 0 0
65 3251.3679826626 869302.40370222 1.36045097442684 512205999.923509 599479185.408463 310430345.180654 431301362.982821 92958509.2496008 56500494.9817633 54077.5900204956 453748.632017336 1321994167.6202 1482997053.51572 790143704.235153 1085052192.81829 221837394.318149 149039013.858886 0 0
66 3251.3679826626 869302.399909304 1.36047263165512 508610973.407055 595271613.517607 308251523.920061 428274182.831207 92306060.2237552 56103934.2665773 54077.5900204956 453748.632017336 1325589194.13666 1487204625.40658 792322525.495746 1088079372.96991 222489843.343995 149435574.574072 0 0
67 3251.3679826626 869302.397614613 1.36049232784263 505041197.27151 591093594.341442 306088006.042214 425268264.679069 91658193.8028921 55710158.8741326 54077.5900204956 453748.632017336 1329158970.2722 1491382644.58274 794486043.373593 1091085291.12204 223137709.764858 149829349.966517 0 0
68 3251.3679826626 869302.396676917 1.36051023722375 501496489.458713 586944914.801484 303939681.207957 422283455.224936 91014876.9459005 55319148.7219309 54077.5900204956 453748.632017336 1332703678.085 1495531324.1227 796634368.20785 1094070100.57618 223781026.621849 150220360.118719 0 0
69 3251.3679826626 869302.396917944 1.36052655866869 497976652.70849 582825344.027012 301806429.86472 419319588.366534 90376073.8527085 54930882.0505677 54077.5900204956 453748.632017336 1336223514.83522 1499650894.89717 798767619.551087 1097033967.43458 224419829.715041 150608626.790082 0 0
70 3251.3679826626 869302.398214941 1.36054144786022 494481505.952041 578734670.097475 299688142.272962 416376511.635479 89741751.6617606 54545338.8866789 54077.5900204956 453748.632017336 1339718661.59167 1503741568.82671 800885907.142845 1099977044.16563 225054151.905989 150994169.95397 0 0
71 3251.3679826626 869302.400526113 1.36055499761291 491010891.583188 574672708.552672 297584722.913031 413454092.320014 89111881.7696529 54162501.8450194 54077.5900204956 453748.632017336 1343189275.96052 1507803530.37151 802989326.502776 1102899463.4811 225684021.798097 151377006.99563 0 0
72 3251.3679826626 869302.403754686 1.36056734343626 487564636.061871 570639256.28359 295496066.608296 410552184.291304 88486432.6811948 53782351.7827063 54077.5900204956 453748.632017336 1346635531.48184 1511836982.64059 805077982.807511 1105801371.50981 226309470.886555 151757157.057943 0 0
