"Time" "IECs" "pheme_e" "BiomassCD" "pro_L_e" "leu_L_e" "ile_L_e" "val_L_e" "trp_L_e" "cys_L_e" "Drug" "Damage" "pro_L_v" "leu_L_v" "ile_L_v" "val_L_v" "trp_L_v" "cys_L_v" "CD" "pheme_c"
0 457000 1e+05 0.4963 224235600.199112 195370466.451958 120509812.093413 157438605.791629 18978882.6152 31300034.1459915 0 0 0 0 0 0 0 0 45700000 1000
1 426610.335704121 104859.517739428 0.594123778082514 156394951.493931 156762119.506015 89067375.1426699 119563822.370514 20101635.0785923 19566639.3188649 0 30389.664295879 176520195.352441 164998960.752504 97607869.8090253 129268978.431529 18691095.4783154 23403025.9167442 48532264.0494358 616.603757087254
2 396346.549891667 130742.994766764 0.697812008270711 136149370.89576 148037008.789917 80364356.4912511 109588175.387779 21372723.8360638 15756735.5449246 0 60653.4501083332 304995034.897868 299591156.662599 172196563.932481 230254529.697509 37151708.4381677 38834223.4426669 52252899.5222006 664.827540887171
3 365950.537769504 162492.606178029 0.803529055618381 134034921.338996 151398677.216421 80490556.4067082 110573068.640242 22930775.6290754 14893207.1973181 0 91049.4622304957 415775992.40099 422646502.652169 238219535.969874 320658915.95509 55411470.5599575 51369820.4451838 57057130.4301677 727.253106287912
4 335209.520535473 195297.128881722 0.907130866009442 140149934.513784 160980427.533219 84797995.4693278 116879354.238466 24860211.3188112 15291223.9798631 0 121790.479464526 519496298.477808 540916643.011704 300771417.639435 406749640.387211 73524656.1980609 62776354.2805065 63165447.7901448 782.247021771125
5 303984.671085809 227431.163282378 1.00479474889628 151081205.997806 174869956.728279 91708665.6336744 126613913.31068 27225214.3955506 16359835.7664082 0 153015.32891419 620033065.109921 656891262.677797 361713233.752869 490823675.221576 91517546.3197126 73698084.6826325 70824612.8093573 828.803443893906
6 272243.647860846 257982.874785064 1.09354990813325 165656234.162586 192507626.383578 100699780.863183 139170244.565657 30077214.8870463 17888898.716064 0 184756.352139154 718632908.250203 771264508.615119 421613196.355841 573566897.121479 109359727.786282 84357574.6513625 80308676.111732 868.884415773638
7 240094.070870789 286149.389812789 1.17156394933397 183465348.709947 213767496.266962 111598790.829262 154365833.911566 33452470.9209471 19802965.101547 0 216905.929129211 815265403.013685 883714729.433385 480376127.489777 654814148.805936 126944679.584522 94788945.8300616 91917610.9641985 903.539473624274
8 207812.68041383 311040.492040674 1.23815226095294 204291461.162191 238584886.839498 124306047.282484 172100267.181004 37364495.4698257 22069038.978054 9737.47760380151 249187.31958617 909084715.028672 993155641.771343 537454752.982636 733801582.225742 144078327.94438 104918925.889027 105972228.885522 932.412933371523
9 205652.532343313 417638.824249903 1.25089593949979 135928057.2009 158719655.895581 82715366.5822826 114504739.827597 24857801.7378295 14680513.617849 7372.85535266916 251347.467656687 985174357.78584 1082004928.54054 583756716.624632 797899155.2714 157993367.878377 113136948.10831 4859.33208609384 24.0959664878695
10 205652.351443695 464668.050517801 1.26260453074907 87062447.8849854 101660552.800206 52979513.5237347 73340729.4133778 15921518.1248745 9402925.60570576 7347.6974990616 251347.648556305 1034040614.52553 1139064783.99742 613492964.225248 839063710.193471 166929769.43405 118414605.585907 1.55509487593681 0.115938838978144
11 205652.351385489 483457.540628381 1.27334307575405 55763557.3272804 65113653.4940044 33933414.5929692 46974787.2750991 10197743.2320435 6022580.27182257 7347.58163338292 251347.648614511 1065339505.29163 1175611683.54571 632539063.282962 865429652.50695 172653544.364831 121794950.942141 0.000504906519855283 0.000494555947493374
12 205652.35138547 490964.186554387 1.28317595847683 35716620.6281548 41705367.6455596 21734389.872614 30087403.6128284 6531665.90762033 3857469.37751514 7347.58114079144 251347.64861453 1085386441.99082 1199019969.39423 644738088.003358 882317036.169278 176319621.689267 123960061.836456 1.90133755313211e-07 2.10626709275537e-06
13 205652.35138547 493963.303614865 1.29216617902451 22876519.2423298 26712315.6858799 13920891.1536612 19271002.0039813 4183536.35344658 2470711.69918748 7347.58113867436 251347.64861453 1098226543.37665 1214013021.35391 652551586.722311 893133437.778126 178667751.24344 125346819.514784 -1.71012940228426e-08 -1.07387043984259e-08
14 205652.35138547 495161.422813589 1.30037478143146 14652425.2395826 17109255.3205933 8916339.70783287 12343089.1371229 2679557.71621616 1582492.42716612 7347.58113868646 251347.64861453 1106450637.3794 1223616081.7192 657556138.16814 900061350.644984 180171729.880671 126235038.786805 -1.70980817687213e-08 1.35815366364333e-09
15 205652.35138547 495640.127373047 1.30786041901393 9384895.21843575 10958497.7110456 5710925.83799275 7905762.78872798 1716259.79912906 1013588.21970315 7347.58113867435 251347.64861453 1111718167.40054 1229766839.32874 660761552.03798 904498676.993379 181135027.797758 126803942.994268 -1.70980817687213e-08 -1.07556484238073e-08
16 205652.35138547 495831.390452289 1.31467903991645 6011033.79969152 7018927.60672893 3657853.11830341 5063648.15262244 1099265.93973588 649204.163263988 17085.0587424763 251347.64861453 1115092028.81929 1233706409.43306 662814624.757669 907340791.629484 181752021.657151 127168327.050707 0 0
17 205652.35138547 495907.801992544 1.31943829643944 3850077.66428962 4495635.41088717 2342861.3212514 3243275.5000036 704081.757435576 415816.402275892 17085.0587424763 251347.64861453 1117252984.95469 1236229701.6289 664129616.554721 909161164.282103 182147205.839451 127401714.811695 0 0
18 205652.35138547 495938.330306482 1.32378609173621 2465973.5714782 2879453.11157633 1500601.96276857 2077316.970048 450964.151217039 266330.279025343 17085.0587424763 251347.64861453 1118637089.0475 1237845883.92821 664971875.913203 910327122.812059 182400323.44567 127551200.934946 0 0
19 205652.35138547 495950.524237199 1.32775553682615 1579463.40619924 1844298.28129712 961140.019859566 1330527.69714021 288843.879996673 170585.335767084 17085.0587424763 251347.64861453 1119523599.21278 1238881038.75849 665511337.856112 911073912.084966 182562443.71689 127646945.878204 0 0
20 205652.35138547 495955.39824182 1.33137750704976 1011647.4410643 1181274.3679344 615610.869982232 852203.941410763 185004.711675389 109260.029535686 17085.0587424763 251347.64861453 1120091415.17792 1239544062.67185 665856867.00599 911552235.840695 182666282.885211 127708271.184435 0 0
21 205652.35138547 495957.345363356 1.33468071423779 647960.630399349 756606.75157356 394299.032649876 545836.998830729 118495.599097171 69981.0969134798 17085.0587424763 251347.64861453 1120455101.98858 1239968730.28821 666078178.843322 911858602.783275 182732791.99779 127747550.117058 0 0
22 205652.35138547 495958.123294023 1.33769179454104 415019.139939629 484607.040271951 252548.747149228 349608.89778495 75896.4963560055 44822.9310400607 17085.0587424763 251347.64861453 1120688043.47904 1240240729.99952 666219929.128823 912054830.884321 182775391.100531 127772708.282931 0 0
23 205652.35138547 495958.434165847 1.34043540543514 265819.912994005 310390.98895562 161757.566178076 223924.62864398 48611.7340536101 28709.1039486478 17085.0587424763 251347.64861453 1120837242.70599 1240414946.05083 666310720.309794 912180515.153462 182802675.862833 127788822.110022 0 0
24 205652.35138547 495958.558341988 1.34293432861967 170257.776118407 198805.570702179 103605.795283013 143423.827288379 31135.8379438403 18388.1942387032 26822.5363462778 251347.64861453 1120932804.84286 1240526531.46909 666368872.080689 912261015.954818 182820151.758943 127799143.019732 0 0
25 205652.35138547 495958.607951404 1.34475867127008 109050.404446348 127335.31698536 66359.6937313494 91863.2131208133 19942.5588537607 11777.6706855024 26822.5363462778 251347.64861453 1120994012.21453 1240598001.72281 666406118.182241 912312576.568986 182831345.038033 127805753.543285 0 0
26 205652.35138547 495958.627771603 1.34642205002193 69846.7508238099 81558.2317342342 42503.3636173103 58838.3600161773 12773.2028699911 7543.5944857949 26822.5363462778 251347.64861453 1121033215.86816 1240643778.80806 666429974.512355 912345601.42209 182838514.394017 127809987.619485 0 0
27 205652.35138547 495958.635688388 1.34793831418961 44737.051632303 52238.2899862821 27223.5308051863 37686.1445802065 8181.27442672505 4831.69470338655 26822.5363462778 251347.64861453 1121058325.56735 1240673098.74981 666445254.345167 912366753.637526 182843106.32246 127812699.519267 0 0
28 205652.35138547 495958.638852786 1.34932018277136 28654.1135603078 33458.6620898907 17436.6909472659 24138.0025515961 5240.11212044537 3094.70391248599 26822.5363462778 251347.64861453 1121074408.50542 1240691878.3777 666455041.185025 912380301.779555 182846047.484766 127814436.510058 0 0
29 205652.35138547 495958.640116937 1.35057932527101 18352.9723220549 21430.2877657109 11168.2082110084 15460.4012372169 3356.29411493004 1982.15921533468 26822.5363462778 251347.64861453 1121084709.64666 1240703906.75203 666461309.667761 912388979.38087 182847931.302772 127815549.054755 0 0
30 205652.35138547 495958.640622 1.35172643967471 11755.0888605643 13726.1110937691 7153.24349810758 9902.39549073288 2149.70822550525 1269.57406697798 26822.5363462778 251347.64861453 1121091307.53012 1240711610.9287 666465324.632474 912394537.386616 182849137.888661 127816261.639904 0 0
31 205652.35138547 495958.64082383 1.3527713261013 7529.138773022 8791.57924408436 4581.65511237862 6342.48798281703 1376.88891537303 813.162660554169 26822.5363462778 251347.64861453 1121095533.48021 1240716545.46055 666467896.22086 912398097.294124 182849910.707972 127816718.05131 0 0
32 205652.35138547 495958.64090445 1.35372295612413 4822.4168351112 5631.01053546788 2934.55219948613 4062.36646008198 881.897981395261 520.831056799115 36560.0139500793 251347.64861453 1121098240.20214 1240719706.02926 666469543.323773 912400377.415647 182850405.698905 127817010.382914 0 0
33 205652.35138547 495958.640936658 1.35442836955435 3088.76645914517 3606.67214547106 1879.58584176899 2601.95285801505 564.85720717643 333.593207333174 36560.0139500793 251347.64861453 1121099973.85252 1240721730.36765 666470598.290131 912401837.829249 182850722.739679 127817197.620763 0 0
34 205652.35138547 495958.640949526 1.35507107933375 1978.35397367076 2310.07240757692 1203.87415756518 1666.55001083594 361.790868670378 213.666347406468 36560.0139500793 251347.64861453 1121101084.265 1240723026.96739 666471274.001815 912402773.232096 182850925.806018 127817317.547623 0 0
35 205652.35138547 495958.640954666 1.35565660672491 1267.14160612443 1479.60824996826 771.084979680547 1067.43024025123 231.728127781662 136.853931212833 36560.0139500793 251347.64861453 1121101795.47737 1240723857.43155 666471706.790993 912403372.351867 182851055.868759 127817394.36004 0 0
36 205652.35138547 495958.640956719 1.35618999608446 811.605104997353 947.69014233798 493.880480974481 683.689832319632 148.42203157885 87.6550408213686 36560.0139500793 251347.64861453 1121102251.01387 1240724389.34965 666471983.995492 912403756.092275 182851139.174855 127817443.55893 0 0
37 205652.35138547 495958.640957542 1.35667585414036 519.833426019202 606.995952172805 316.330664861716 437.903637718453 95.0643763787261 56.1430921238151 36560.0139500793 251347.64861453 1121102542.78555 1240724730.04384 666472161.545308 912404001.878469 182851192.53251 127817475.070879 0 0
38 205652.35138547 495958.64095787 1.35711838673261 332.953595117578 388.781241032176 202.609964730801 280.477520674168 60.8887853274336 35.9596813671446 36560.0139500793 251347.64861453 1121102729.66538 1240724948.25855 666472275.266008 912404159.304587 182851226.708101 127817495.254289 0 0
39 205652.35138547 495958.640958 1.35752143264686 213.256900898811 249.014528768902 129.771757395951 179.645955796431 38.9992895371381 23.0321892243209 36560.0139500793 251347.64861453 1121102849.36207 1240725088.02527 666472348.104215 912404260.136151 182851248.597597 127817508.181782 0 0
40 205652.35138547 495958.640958053 1.35788849475755 136.591142626473 159.493919642375 83.1188700044418 115.063316905756 24.9790627972501 14.7521277392654 46297.4915538808 251347.64861453 1121102926.02783 1240725177.54588 666472394.757102 912404324.71879 182851262.617824 127817516.461843 0 0
41 205652.35138547 495958.640958074 1.35816212757306 87.4868683952932 102.156137574455 53.2377832223707 73.6982579521139 15.9991338937466 9.44876390415032 46297.4915538808 251347.64861453 1121102975.1321 1240725234.88366 666472424.638189 912404366.083849 182851271.597753 127817521.765207 0 0
42 205652.35138547 495958.640958082 1.35841136864891 56.0353102601892 65.4309723157849 34.0987825390117 47.2037098336045 10.2474399652718 6.05193015427244 46297.4915538808 251347.64861453 1121103006.58366 1240725271.60883 666472443.77719 912404392.578397 182851277.349447 127817525.162041 0 0
43 205652.35138547 495958.640958085 1.35863838433562 35.8907850625651 41.9087349193979 21.8403729598388 30.2341183786973 6.56351617448632 3.87627949898166 46297.4915538808 251347.64861453 1121103026.72819 1240725295.13106 666472456.035599 912404409.547989 182851281.033371 127817527.337691 0 0
44 205652.35138547 495958.640958087 1.35884515005384 22.9880736883819 26.8425749070291 13.9887746146346 19.3649746022881 4.20393683813154 2.48275981157895 46297.4915538808 251347.64861453 1121103039.6309 1240725310.19723 666472463.887198 912404420.417132 182851283.39295 127817528.731211 0 0
45 205652.35138547 495958.640958087 1.35903346673817 14.7238710459981 17.1926807278936 8.95981613376798 12.4032745291408 2.69262334588101 1.59020872298447 46297.4915538808 251347.64861453 1121103047.8951 1240725319.84712 666472468.916156 912404427.378833 182851284.904263 127817529.623762 0 0
46 205652.35138547 495958.640958087 1.35920497607664 9.43064750974464 11.0119214699598 5.73876716562627 7.94430416332077 1.72462673519645 1.01852956240497 46297.4915538808 251347.64861453 1121103053.18832 1240725326.02788 666472472.137205 912404431.837803 182851285.87226 127817530.195441 0 0
47 205652.35138547 495958.640958087 1.35936117443889 6.04033303173632 7.05313955687078 3.67568237877177 5.0883295979712 1.10462402769892 0.652368541315698 46297.4915538808 251347.64861453 1121103056.57864 1240725329.98666 666472474.20029 912404434.693778 182851286.492263 127817530.561602 0 0
48 205652.35138547 495958.640958087 1.35950342560023 3.86883590528479 4.51753892032714 2.35427614482494 3.25907729642113 0.707512164933314 0.417842331351537 56034.9691576823 251347.64861453 1121103058.75014 1240725332.52226 666472475.521696 912404436.52303 182851286.889375 127817530.796128 0 0
49 205652.35138547 495958.640958087 1.35960969804691 2.47799762409845 2.8934932846471 1.50791887693631 2.08744593851942 0.453163046106633 0.267628901738241 56034.9691576823 251347.64861453 1121103060.14098 1240725334.14631 666472476.368053 912404437.694661 182851287.143724 127817530.946341 0 0
50 205652.35138547 495958.640958087 1.35970648704499 1.5871551245246 1.85327970045012 0.965820608390457 1.33700714087432 0.290250500597247 0.171416057357709 56034.9691576823 251347.64861453 1121103061.03182 1240725335.18652 666472476.910152 912404438.4451 182851287.306637 127817531.042554 0 0
51 205652.35138547 495958.640958087 1.35979463762052 1.01657822180833 1.18703191218405 0.618611364127072 0.856357592785529 0.18590642667303 0.109792564120209 56034.9691576823 251347.64861453 1121103061.6024 1240725335.85277 666472477.257361 912404438.92575 182851287.410981 127817531.104178 0 0
52 205652.35138547 495958.640958087 1.35987491978066 0.651119280278955 0.760295024769093 0.396221144169619 0.548497820939043 0.119073236213215 0.0703222376756802 56034.9691576823 251347.64861453 1121103061.96786 1240725336.2795 666472477.479751 912404439.23361 182851287.477814 127817531.143648 0 0
53 205652.35138547 495958.640958087 1.35994803505919 0.417042796167942 0.486970010942495 0.253780188776739 0.351313610063056 0.0762665718604766 0.0450414901252563 56034.9691576823 251347.64861453 1121103062.20193 1240725336.55283 666472477.622192 912404439.430794 182851287.520621 127817531.168929 0 0
54 205652.35138547 495958.640958087 1.36001462258047 0.267116469050609 0.311904943693444 0.162546550531343 0.225016837388762 0.0488488413399393 0.0288491347017273 56034.9691576823 251347.64861453 1121103062.35186 1240725336.72789 666472477.713426 912404439.557091 182851287.548038 127817531.185121 0 0
55 205652.35138547 495958.640958087 1.36007526458896 0.171088499690381 0.199775584980602 0.104111309793439 0.144123622368753 0.0312877562591807 0.0184779141137402 56034.9691576823 251347.64861453 1121103062.44789 1240725336.84002 666472477.771861 912404439.637984 182851287.565599 127817531.195493 0 0
56 205652.35138547 495958.640958087 1.36013049148995 0.109581952850493 0.127955992212515 0.0666831532314348 0.092310985365121 0.0200397656031761 0.0118350790196345 56034.9691576823 251347.64861453 1121103062.50939 1240725336.91184 666472477.809289 912404439.689797 182851287.576847 127817531.202135 0 0
57 205652.35138547 495958.640958087 1.36018078645009 0.0701873098685814 0.0819558936608877 0.0427106016741254 0.0591252443085973 0.0128354824996119 0.0075803755715407 56034.9691576823 251347.64861453 1121103062.54879 1240725336.95784 666472477.833262 912404439.722982 182851287.584052 127817531.20639 0 0
58 205652.35138547 495958.640958087 1.36022658958953 0.0449550084941538 0.0524927925371904 0.0273561625975798 0.0378697497466491 0.00822113322021138 0.0048552344981615 56034.9691576823 251347.64861453 1121103062.57402 1240725336.9873 666472477.848616 912404439.744238 182851287.588666 127817531.209115 0 0
59 205652.35138547 495958.640958087 1.36026830180791 0.0287936747283954 0.033621624031057 0.0175216171465038 0.0242555677949364 0.00526563432577608 0.00310977680914174 56034.9691576823 251347.64861453 1121103062.59018 1240725337.00618 666472477.858451 912404439.757852 182851287.591621 127817531.210861 0 0
60 205652.35138547 495958.640958087 1.3603062882688 0.0184423446179053 0.0215346454679665 0.0112225933204879 0.0155356877646732 0.00337263804583366 0.00199181160931289 56034.9691576823 251347.64861453 1121103062.60053 1240725337.01826 666472477.86475 912404439.766572 182851287.593515 127817531.211979 0 0
61 205652.35138547 495958.640958087 1.36034088157743 0.0118123330958705 0.013792953696523 0.0071880779395385 0.00995061758969948 0.00216017674731239 0.00127575656353789 56034.9691576823 251347.64861453 1121103062.60716 1240725337.02601 666472477.868784 912404439.772157 182851287.594727 127817531.212695 0 0
62 205652.35138547 495958.640958087 1.36037238467818 0.00756579678813095 0.00883438385369507 0.00460396236260552 0.00637336840989409 0.00138359273855347 0.000817121802479373 56034.9691576823 251347.64861453 1121103062.61141 1240725337.03096 666472477.871369 912404439.775734 182851287.595504 127817531.213153 0 0
63 205652.35138547 495958.640958087 1.36040107349357 0.00484592350051069 0.00565845865655808 0.00294885654918914 0.00408216829238154 0.000886196755580982 0.000523369825579127 56034.9691576823 251347.64861453 1121103062.61413 1240725337.03414 666472477.873024 912404439.778025 182851287.596001 127817531.213447 0 0
64 205652.35138547 495958.640958087 1.3604271993304 0.00310386670431224 0.00362430430860639 0.00188877469029774 0.00261467318724902 0.000567618659872282 0.000335224065228819 56034.9691576823 251347.64861453 1121103062.61587 1240725337.03617 666472477.874084 912404439.779493 182851287.596319 127817531.213635 0 0
65 205652.35138547 495958.640958087 1.36045099107173 0.0019880422433501 0.00232138514789356 0.00120976969381627 0.00167471133398317 0.000363562608029292 0.000214712700683574 56034.9691576823 251347.64861453 1121103062.61699 1240725337.03748 666472477.874763 912404439.780433 182851287.596524 127817531.213756 0 0
66 205652.35138547 495958.640958087 1.36047265717692 0.00127335178616567 0.00148685971560353 0.000774864017929389 0.00107266164772047 0.000232863812577929 0.000137524643568841 56034.9691576823 251347.64861453 1121103062.6177 1240725337.03831 666472477.875198 912404439.781035 182851287.596654 127817531.213833 0 0
67 205652.35138547 495958.640958087 1.36049238749817 0.000815599546581742 0.000952354347887498 0.000496311191116415 0.000687054718934469 0.000149152513892794 8.80864488116348e-05 56034.9691576823 251347.64861453 1121103062.61816 1240725337.03885 666472477.875476 912404439.78142 182851287.596738 127817531.213882 0 0
68 205652.35138547 495958.640958087 1.36051035494099 0.000522373585785803 0.000609962030721382 0.000317876410876124 0.000440043448633268 9.55289073567859e-05 5.64174346504475e-05 56034.9691576823 251347.64861453 1121103062.61845 1240725337.03919 666472477.875654 912404439.781667 182851287.596792 127817531.213914 0 0
69 205652.35138547 495958.640958087 1.36052671697691 0.000334574372584303 0.000390673780815079 0.000203596245347978 0.000281842851085387 6.11851845528649e-05 3.61347286915536e-05 56034.9691576823 251347.64861453 1121103062.61864 1240725337.03941 666472477.875769 912404439.781826 182851287.596826 127817531.213934 0 0
70 205652.35138547 495958.640958087 1.3605416170171 0.000214283578275619 0.000250213353350522 0.0001303965143653 0.000180510820909497 3.91870428930897e-05 2.31430725023076e-05 56034.9691576823 251347.64861453 1121103062.61876 1240725337.03955 666472477.875842 912404439.781927 182851287.596848 127817531.213947 0 0
71 205652.35138547 495958.640958087 1.36055518566891 0.000137258864090336 0.000160273600753685 8.35251939971597e-05 0.000115625800347712 2.51011722020755e-05 1.48242430314318e-05 56034.9691576823 251347.64861453 1121103062.61884 1240725337.03964 666472477.875889 912404439.781992 182851287.596862 127817531.213956 0 0
72 205652.35138547 495958.640958087 1.36056754188646 8.78716503693801e-05 0.00010260543761289 5.34719319904171e-05 7.4022395367005e-05 1.60695008272298e-05 9.49032114243851e-06 56034.9691576823 251347.64861453 1121103062.61889 1240725337.0397 666472477.875919 912404439.782033 182851287.596871 127817531.213961 0 0
