"Time" "IECs" "pheme_e" "BiomassCD" "pro_L_e" "leu_L_e" "ile_L_e" "val_L_e" "trp_L_e" "cys_L_e" "Drug" "Damage" "pro_L_v" "leu_L_v" "ile_L_v" "val_L_v" "trp_L_v" "cys_L_v" "CD" "pheme_c"
0 457000 1e+05 0.4963 224235600.199112 195370466.451958 120509812.093413 157438605.791629 18978882.6152 31300034.1459915 0 0 0 0 0 0 0 0 45700000 1000
1 349178.70569736 145538.301576915 0.594123777909181 353003008.719355 382814656.103751 208180973.242603 283683738.309574 55128397.4679397 40905888.579563 0 107821.29430264 257215639.571386 260984573.352888 147291361.325988 198160120.66641 34149524.4744905 31797522.5786425 48532264.0531217 846.986975111845
2 261865.681435987 240282.856694526 0.69781200460215 412397292.793664 465239076.233704 247568978.406654 339960867.152975 70405549.6525893 45833872.8243275 0 195134.318564013 510109713.249339 541695021.125984 298002539.289666 404460338.984606 75799581.0109157 60397739.6502451 52252899.7446828 1217.09221673081
3 191674.693926627 334848.244131342 0.80352904818547 452083833.427033 517243262.264353 273067468.776999 376067332.017856 79534423.4380229 49523177.5164393 0 265325.306073373 721133339.575847 781615152.146761 425118116.629515 579291488.39522 112433917.113522 83661774.1617274 57057131.0733199 1497.01621835767
4 136002.273907702 414561.215893106 0.907130884763742 485476533.063263 559297853.955239 294026898.056762 405596582.74608 86587064.9555278 52881375.7873329 0 320997.726092298 886150766.05307 971102155.314587 524936452.114344 716875713.011753 141677874.389077 101681785.178101 63165448.5987541 1660.41229945846
5 92786.014961348 475255.925329338 1.00479481983495 516042961.704507 597174730.271919 312960065.351413 432279425.703991 92760952.9315494 56108052.3553531 0 364213.985038652 1009012732.931 1112961699.95579 599400013.320236 819659244.575126 163678543.00981 115050152.045481 70824613.9132062 1732.52844602723
6 60281.877971887 516287.555965976 1.09354997660469 543854032.017074 631736889.149291 330067695.656012 456528995.149385 98305889.7040315 59152279.8759078 0 396718.122028113 1095809830.99991 1213584246.81759 652058964.393053 892440238.275719 179323081.067003 124487513.128879 80308675.6353594 1739.69725879952
7 36877.2561982955 538558.375178428 1.17156396274473 567724677.547531 662054246.78315 344698362.443133 477540507.986047 103126695.145062 61870263.2408569 0 420122.743801704 1153406138.0747 1280606711.14009 687021836.05024 940833657.251372 189757910.72642 130756904.524989 91917608.9343358 1701.40529328147
8 20966.4862815698 543987.554565395 1.23815240706278 586266551.1917 686824601.342843 356041733.37917 494272070.527018 107044203.967109 64113031.7824121 9737.47760380151 436033.51371843 1188837936.39772 1322009248.66406 708537113.64115 970667376.921832 196208896.231074 134623871.631457 105972233.088443 1631.50022353797
9 20426.9683675579 706919.009974948 1.25089607031203 562711741.986903 659181336.118408 341724734.884137 474387429.127948 102742234.703866 61533012.8782021 6995.48016376669 436573.031632442 1214325838.28842 1351866825.32245 724015485.378672 992154706.067922 200862585.260969 137411004.628424 42.664260006663 581.87701375244
10 20426.9678828343 780836.387480176 1.26260464737059 538354096.550368 630647889.791272 326932774.251226 453853006.351662 98294915.1650275 58869483.400194 6547.36974029314 436573.032117166 1238683485.46172 1380400273.63957 738807447.055294 1012689130.28453 205309905.115807 140074534.292513 0.00295840077287996 133.778341167941
11 20426.9678827957 812218.66956016 1.27334317926171 515050799.155365 603349545.780317 312781100.25939 434207439.152675 94040102.8487754 56321247.7910372 6445.94334805177 436573.032117204 1261986782.85687 1407698617.65069 752959121.047213 1032334697.48363 209564717.432084 142622769.901684 5.19505773351975e-07 32.3519500937578
12 20426.9678827957 825542.293355062 1.28317604993851 492756212.705253 577232843.058772 299241998.308418 415412253.69651 89969465.1443439 53883315.5911171 6421.50814663132 436573.032117204 1284281369.30698 1433815320.37223 766498222.998185 1051129882.93979 213635355.136516 145060702.101604 4.41325840243918e-08 7.9167486736035
13 20426.9678827957 831198.956530758 1.29216625943807 471426673.947128 552246632.878101 286288952.488992 397430640.198072 86075029.8346221 51550912.1861813 6415.53423782072 436573.032117204 1305610908.0651 1458801530.5529 779451268.817612 1069111496.43823 217529790.446238 147393105.50654 5.23923651076533e-08 1.94283986318234
14 20426.9678827957 833600.542783117 1.3003748516973 451020409.643802 528341980.524051 273896594.664394 380227382.227499 82349169.789378 49319469.6368216 6414.06852288243 436573.032117204 1326017172.36843 1482706182.90695 791843626.64221 1086314754.4088 221255650.491482 149624548.0559 -1.24419209270733e-08 0.477124925096896
15 20426.9678827957 834620.157360419 1.30786047999719 431497454.762344 505472069.479676 262040654.787879 363768787.739979 78784588.0277826 47184617.73232 6413.70859099577 436573.032117204 1345540127.24989 1505576093.95133 803699566.518725 1102773348.89632 224820232.253077 151759399.960401 -2.18765064161369e-08 0.117193038441582
16 20426.9678827957 835053.043707366 1.31467909244966 412819574.203807 483592109.736651 250697913.370541 348022623.090935 75374303.4275016 45142175.4317278 16151.0977883284 436573.032117204 1364218007.80843 1527456053.69435 815042307.936063 1118519513.54537 228230516.853358 153801842.260994 0 0.0287865695883335
17 20426.9678827957 835236.828946098 1.31943834406469 394950191.095603 462659253.794304 239846157.93456 332958052.583762 72111637.6320199 43188143.022574 16151.0698408353 436573.032117204 1382087390.91664 1548388909.6367 825894063.372044 1133584084.05254 231493182.64884 155755874.670148 0 0.000839076407383095
18 20426.9678827957 835314.859541903 1.32378613716265 377854299.36204 442632494.241519 229464129.918861 318545564.763464 68990199.0874099 41318692.5603793 16151.0690261139 436573.032117204 1399183282.6502 1568415669.18948 836276091.387743 1147996571.87284 234614621.19345 157625325.132342 0 2.43550202629862e-05
19 20426.9678827957 835348.013701609 1.32775563507559 361498365.339898 423472548.505573 219531464.932018 304756889.474831 66003865.0788958 39530157.1102343 16151.0690025321 436573.032117204 1415539216.67234 1587575614.92543 846208756.374585 1161785247.16147 237600955.201964 159413860.582487 0 7.73221302953076e-07
20 20426.9678827957 835362.094798376 1.33137776553927 345850293.285591 405141818.445963 210028671.805378 291564968.78367 63146775.43301 37819026.9749779 16151.0690018034 436573.032117204 1431187288.72665 1605906344.98504 855711549.501225 1174977167.85264 240458044.84785 161124990.717744 0 4.4513799348321e-08
21 20426.9678827957 835368.008773616 1.33468105176186 330879624.294002 387604623.375272 200937253.392889 278944124.672952 60413368.8370144 36181971.4471433 16151.0690017786 436573.032117204 1446157957.71824 1623443540.05573 864802967.913715 1187598011.96335 243191451.443846 162762046.245578 0 1.9781863894293e-08
22 20426.9678827957 835370.491150535 1.33769172473326 316557492.082005 370827148.262361 192239679.719233 266870021.766645 57798374.7656749 34615833.9738481 16151.0690017471 436573.032117204 1460480089.93023 1640221015.16864 873500541.58737 1199672114.86966 245806445.515185 164328183.718874 0 -1.1732096938456e-08
23 20426.9678827957 835371.913868103 1.34043527761001 302854969.709748 354775507.020558 183918383.973354 255318273.552785 55296511.6188011 33117451.3693444 16151.0690017411 436573.032117204 1474182612.30249 1656272656.41044 881821837.33325 1211223863.08352 248308308.662059 165826566.323377 0 -1.77681936228415e-08
24 20426.9678827957 835372.478926314 1.34293414970254 289745576.520178 339418679.229293 175957284.927802 244266555.828974 52902944.4486232 31683927.9510123 25888.5466055443 436573.032117204 1487292005.49206 1671629484.20171 889782936.378802 1222275580.80733 250701875.832237 167260089.741709 0 0
25 20426.9678827957 835372.448321575 1.34475862074091 277203489.193582 324726414.497254 168340700.54429 233693098.553223 50612958.3267385 30312439.916635 25888.5466055443 436573.032117204 1499834092.81866 1686321748.93375 897399520.762314 1232849038.08308 252991861.954122 168631577.776086 0 0
26 20426.9678827957 835372.436045913 1.34642172934188 265204818.993649 310670728.675644 161054123.622288 223577762.611033 48422191.5489749 29000375.0123546 25888.5466055443 436573.032117204 1511832763.01859 1700377434.75536 904686097.684317 1242964374.02527 255182628.731885 169943642.680367 0 0
27 20426.9678827957 835372.429739536 1.34793796540824 253725185.349021 297223061.461906 154082748.278671 213899994.252224 46326192.6098848 27745067.2017275 25888.5466055443 436573.032117204 1523312396.66322 1713825101.9691 911657473.027933 1252642142.38408 257278627.670975 171198950.490994 0 0
28 20426.9678827957 835372.426654279 1.34931984301788 242742413.387141 284357436.390601 147413108.111589 204641099.214714 44320912.7296215 26544091.6433712 25888.5466055443 436573.032117204 1534295168.6251 1726690727.0404 918327113.195016 1261901037.42159 259283907.551239 172399926.04935 0 0
29 20426.9678827957 835372.426322043 1.35057896878505 232235068.381844 272048744.031129 141032186.196796 195783007.208011 42402438.2673235 25395104.4315471 25888.5466055443 436573.032117204 1544802513.63039 1738999419.39987 924708035.109809 1270759129.42829 261202382.013537 173548913.261174 0 0
30 20426.9678827957 835372.426196524 1.35172611669568 222182499.082661 260272792.745288 134927441.400771 187308308.441479 40566998.6323595 24295847.3342582 25888.5466055443 436573.032117204 1554855082.92958 1750775370.68571 930812779.905833 1279233828.19482 263037821.648501 174648170.358463 0 0
31 20426.9678827957 835372.425302006 1.35277104842108 212565061.411457 249006570.733775 129086944.22766 179200442.209115 38811007.1277839 23244172.254668 25888.5466055443 436573.032117204 1564472520.60078 1762041592.69723 936653277.078944 1287341694.42719 264793813.153076 175699845.438053 0 0
32 20426.9678827957 835372.423943449 1.35372273723252 203363909.184878 238228000.880733 123499249.728782 171443520.460604 37131022.7395767 22238018.3464205 35626.0242093458 436573.032117204 1573673672.82736 1772820162.55027 942240971.577823 1295098616.1757 266473797.541283 176705999.346301 0 0
33 20426.9678827957 835372.425083123 1.35442821308385 194561013.5537 227915963.525713 118153409.307791 164022344.189428 35523753.6859599 21275414.1393495 35626.0242093458 436573.032117204 1582476568.45854 1783132199.90529 947586811.998814 1302519792.44688 268081066.5949 177668603.553372 0 0
34 20426.9678827957 835372.425540489 1.35507082862008 186139495.106437 218050685.50213 113039172.401239 156922683.408861 33986118.0542471 20354513.8552942 35626.0242093458 436573.032117204 1590898086.9058 1792997477.92887 952701048.905366 1309619453.22744 269618702.226613 178589503.837427 0 0
35 20426.9678827957 835372.425775027 1.35565635663043 178082277.874575 208612163.389225 108146169.080123 150130142.427116 32514998.0435573 19473450.2224136 35626.0242093458 436573.032117204 1598955304.13766 1802436000.04178 957594052.226482 1316411994.20919 271089822.237302 179470567.470308 0 0
36 20426.9678827957 835372.425890031 1.35618976120413 170373791.782972 199582157.825405 103464943.91744 143631595.077867 31107550.805243 18630520.6396017 35626.0242093458 436573.032117204 1606663790.22927 1811466005.6056 962275277.389165 1322910541.55844 272497269.475617 180313497.05312 0 0
37 20426.9678827957 835372.425902539 1.35667562281156 162998994.324575 190943047.46184 98986361.8688143 137414359.954786 29761029.8162186 17824080.1957771 35626.0242093458 436573.032117204 1614038587.68766 1820105115.96916 966753859.437791 1329127776.68152 273843790.464641 181119937.496944 0 0
38 20426.9678827957 835372.425907144 1.35711817906864 155943390.011332 182677851.747976 94701620.084683 131466216.809387 28472788.4303868 17052543.7968561 35626.0242093458 436573.032117204 1621094192.00091 1828370311.68303 971038601.221922 1335075919.82692 275132031.850473 181891473.895865 0 0
39 20426.9678827957 835372.425940237 1.35752125299242 149193192.21365 174770420.516265 90602346.1924961 125775542.987869 27240309.4279572 16314403.8630375 35626.0242093458 436573.032117204 1627844389.79859 1836277742.91474 975137875.114109 1340766593.64844 276364510.852902 182629613.829684 0 0
40 20426.9678827957 835372.425990669 1.35788834767556 142735172.917368 167205257.981925 86680507.0568231 120331186.77051 26061177.5834525 15608213.8995977 45363.5018131473 436573.032117204 1634302409.09487 1843842905.44908 979059714.249782 1346210949.86579 277543642.697407 183335803.793124 0 0
41 20426.9678827957 835372.425948468 1.35816201022262 136556690.747931 159967555.571493 82928425.7979284 115122490.99712 24933084.7824783 14932591.5613584 45363.5018131473 436573.032117204 1640480891.26431 1851080607.85951 982811795.508677 1351419645.63918 278671735.498381 184011426.131363 0 0
42 20426.9678827957 835372.425931527 1.35841122017998 130645871.659097 153043403.588259 79338891.5207821 110139445.394499 23853863.012614 14286238.4111523 45363.5018131473 436573.032117204 1646391710.35314 1858004759.84275 986401329.785823 1356402691.2418 279750957.268246 184657779.281569 0 0
43 20426.9678827957 835372.425922849 1.35863824121946 124990746.962903 146418781.468703 75904635.8561363 105371959.902873 22821326.9813626 13667845.6626586 45363.5018131473 436573.032117204 1652046835.04934 1864629381.9623 989835585.450469 1361170176.73343 280783493.299497 185276172.030063 0 0
44 20426.9678827957 835372.425918588 1.35884501773449 119580385.806387 140080884.407589 72619020.6933006 100810819.3969 21833480.8884294 13076218.0177063 45363.5018131473 436573.032117204 1657457196.20585 1870967279.02342 993121200.613304 1365731317.2394 281771339.39243 185867799.675015 0 0
45 20426.9678827957 835372.425918122 1.35903334013477 114404231.113317 134017345.45556 69475634.9094782 96447123.8592521 20888397.1792191 12510201.0509309 45363.5018131473 436573.032117204 1662633350.89892 1877030817.97545 996264586.397127 1370095012.77705 282716423.10164 186433816.641791 0 0
46 20426.9678827957 835372.425917953 1.35920486287413 109452108.49894 128216245.962204 66468299.7835366 92272295.896098 19984218.172528 11968682.1846107 45363.5018131473 436573.032117204 1667585473.5133 1882831917.4688 999271921.523068 1374269840.7402 283620602.108331 186975335.508111 0 0
47 20426.9678827957 835372.425916732 1.3593610760315 104714341.951558 122666251.08973 63591139.247348 88278178.2610697 19119177.1821637 11450603.3385459 45363.5018131473 436573.032117204 1672323240.06068 1888381912.34127 1002149082.05926 1378263958.37523 284485643.098696 187493414.354176 0 0
48 20426.9678827957 835372.425914868 1.35950334345644 100181646.929812 117356484.583171 60838514.9656907 84456943.7322038 18291578.9982056 10954949.2401548 55100.9794169488 436573.032117204 1676855935.08243 1893691678.84783 1004901706.34091 1382085192.9041 285313241.282654 187989068.452567 0 0
49 20426.9678827957 835372.425916426 1.3596096297946 95845156.6929408 112276559.614629 58205042.3261432 80801117.3093533 17499804.6944926 10480750.3037105 55100.9794169488 436573.032117204 1681192425.3193 1898771603.81637 1007535178.98046 1385741019.32695 286105015.586367 188463267.389011 0 0
50 20426.9678827957 835372.425917051 1.35970640904041 91696524.6352785 107416698.66168 55685652.5849858 77303662.4860654 16742330.313278 10027093.8207061 55100.9794169488 436573.032117204 1685341057.37696 1903631464.76932 1010054568.72161 1389238474.15024 286862489.967582 188916923.872016 0 0
51 20426.9678827957 835372.425917371 1.35979456380358 87727357.9182512 102767070.042965 53275248.9220837 73957503.7797849 16017623.4554199 9593062.02702629 55100.9794169488 436573.032117204 1689310224.09399 1908281093.38804 1012464972.38452 1392584632.85652 287587196.82544 189350955.665695 0 0
52 20426.9678827957 835372.425917528 1.35987485212716 83929983.2920236 98318685.0299733 50969171.5106198 70756172.3486686 15324283.1072612 9177815.84620317 55100.9794169488 436573.032117204 1693107598.72022 1912729478.40103 1014771049.79598 1395785964.28764 288280537.173598 189766201.846519 0 0
53 20426.9678827957 835372.425917546 1.35994797139641 80296991.4216364 94062864.0538359 48762920.7945417 67693421.8411648 14660956.4418134 8780545.06108751 55100.9794169488 436573.032117204 1696740590.59061 1916985299.37717 1016977300.51206 1398848714.79514 288943863.839046 190163472.631634 0 0
54 20426.9678827957 835372.425917552 1.36001456578343 76821241.0114324 89991241.536831 46652159.9932509 64763231.8730617 14026339.5718109 8400468.76485823 55100.9794169488 436573.032117204 1700216341.00081 1921056921.89417 1019088061.31335 1401778904.76324 289578480.709049 190543548.927864 0 0
55 20426.9678827957 835372.425917597 1.36007521505805 73495940.9405467 86095862.1089332 44632764.9810115 61959877.2708335 13419192.5463486 8036844.34260893 55100.9794169488 436573.032117204 1703541641.0717 1924952301.32207 1021107456.32559 1404582259.36547 290185627.734511 190907173.350113 0 0
56 20426.9678827957 835372.425917665 1.36013044966887 70314574.5774453 82369091.9470661 42700778.3245285 59277864.2659143 12838325.5319176 7688959.19507758 55100.9794169488 436573.032117204 1706723007.4348 1928679071.48394 1023039442.98207 1407264272.37039 290766494.748942 191255058.497644 0 0
57 20426.9678827957 835372.42591769 1.36018075428586 67270903.5911378 78803623.2396979 40852411.5974288 56711933.7076952 12282599.5082718 7356131.15540588 55100.9794169488 436573.032117204 1709766678.4211 1932244540.1913 1024887809.70917 1409830202.92861 291322220.772588 191587886.537316 0 0
58 20426.9678827957 835372.425917564 1.36022656280991 64358995.3193369 75392506.2469156 39084062.0004533 54257084.1359256 11750931.26542 7037711.48187112 55100.9794169488 436573.032117204 1712678586.6929 1935655657.18408 1026656159.30615 1412285052.50038 291853889.01544 191906306.210851 0 0
59 20426.9678827957 835372.42591732 1.3602682791788 61573136.220558 72129047.9150138 37392259.8024708 51908498.8175363 11242277.6013523 6733075.39379874 55100.9794169488 436573.032117204 1715464445.79168 1938919115.51599 1028347961.50413 1414633637.81877 292362542.679507 192210942.298923 0 0
60 20426.9678827957 835372.425917062 1.36030626896618 58907868.2925699 69006854.5384156 35773690.4567494 49661576.448781 10755641.9714716 6441626.05395131 55100.9794169488 436573.032117204 1718129713.71967 1942041308.89259 1029966530.84985 1416880560.18752 292849178.309388 192502391.63877 0 0
61 20426.9678827957 835372.425917019 1.36034086608011 56357967.4029888 66019806.3753286 34225181.4415153 47511912.8871017 10290070.5321036 6162792.19896032 55100.9794169488 436573.032117204 1720679614.60925 1945028357.05567 1031515039.86509 1419030223.7492 293314749.748756 192781225.493762 0 0
62 20426.9678827957 835372.425917374 1.36037237214637 53918443.9226297 63162058.3896758 32743702.644576 45455301.6850675 9844652.25613706 5896028.20858368 55100.9794169488 436573.032117204 1723119138.08961 1947886105.04133 1032996518.66202 1421086834.95124 293760168.024723 193047989.484138 0 0
63 20426.9678827957 835372.425918 1.36040106397867 51584516.9137805 60428010.0142867 31326350.6883221 43487712.3301076 9418514.22021197 5640811.28317136 55100.9794169488 436573.032117204 1725453065.09846 1950620153.41671 1034413870.61828 1423054424.3062 294186306.060647 193303206.40955 0 0
64 20426.9678827957 835372.425918676 1.36042719421669 49351608.4871175 57812298.5403787 29970345.5027842 41605285.4871754 9010820.57438201 5396640.82658917 55100.9794169488 436573.032117204 1727685973.52512 1953235864.89062 1035769875.80382 1424936851.14913 294593999.706478 193547376.866133 0 0
65 20426.9678827957 835372.425918987 1.36045099292733 47215338.7403033 55309793.1884438 28673027.2519337 39804328.7317938 8620771.61798278 5163037.89275016 55100.9794169488 436573.032117204 1729822243.27194 1955738370.24256 1037067194.05467 1426737807.90451 294984048.662877 193780979.799972 0 0
66 20426.9678827957 835372.425918267 1.36047266498622 45171537.3802104 52915608.7229514 27431863.3916507 38081326.3480328 8247605.92166546 4939546.45651471 55100.9794169488 436573.032117204 1731866044.63203 1958132554.70805 1038308357.91495 1428460810.28827 295357214.359194 194004471.236207 0 0
67 20426.9678827957 835372.425915452 1.36049239643254 43216220.03863 50625077.7076931 26244434.2866795 36432919.3617496 7890596.00302101 4725730.82379293 55100.9794169488 436573.032117204 1733821361.97361 1960423085.72331 1039495787.01992 1430109217.27455 295714224.277839 194218286.868929 0 0
68 20426.9678827957 835372.42590799 1.36051035708808 41345569.2354949 48433728.2053992 25108421.6499352 34855889.4918606 7549044.85076678 4521173.54985674 55100.9794169488 436573.032117204 1735692012.77675 1962614435.2256 1040631799.65667 1431686247.14444 296055775.430093 194422844.142865 0 0
69 20426.9678827957 835372.425891266 1.36052670366011 39555918.8961968 46337265.6407516 24021599.1401494 33347146.0978504 7222283.0978544 4325473.7462952 55100.9794169488 436573.032117204 1737481663.11604 1964710897.79025 1041718622.16645 1433194990.53845 296382537.183005 194618543.946427 0 0
70 20426.9678827957 835372.425859872 1.36054158455287 37843751.4250988 44331569.3721876 22981830.5846659 31903723.7126311 6909668.48713943 4138246.76100053 55100.9794169488 436573.032117204 1739193830.58714 1966716594.05881 1042758390.72194 1434638412.92367 296695151.79372 194805770.931721 0 0
71 20426.9678827957 835372.425806747 1.36055514270434 36205680.2675934 42412672.2644509 21987059.3896926 30522767.3416932 6610582.68749008 3959122.27131426 55100.9794169488 436573.032117204 1740831901.74465 1968635491.16655 1043753161.91691 1436019369.29461 296994237.593369 194984895.421408 0 0
72 20426.9678827957 835372.425824755 1.36056750490179 34638472.7438824 40576787.4369247 21035322.4068455 29201551.7128516 6324435.46287291 3787746.78092058 55100.9794169488 436573.032117204 1742399109.26836 1970471375.99408 1044704898.89976 1437340584.92345 297280384.817987 195156270.911801 0 0
