"Time" "IECs" "pheme_e" "BiomassCD" "pro_L_e" "leu_L_e" "ile_L_e" "val_L_e" "trp_L_e" "cys_L_e" "Drug" "Damage" "pro_L_v" "leu_L_v" "ile_L_v" "val_L_v" "trp_L_v" "cys_L_v" "CD" "pheme_c"
0 457000 1e+05 0.4963 224235600.199112 195370466.451958 120509812.093413 157438605.791629 18978882.6152 31300034.1459915 0 0 0 0 0 0 0 0 45700000 1000
1 362499.11276061 138336.855767684 0.594123777975286 318055770.854785 342646078.197363 187011728.231901 254517339.156043 48906715.6370311 37111234.8291444 0 94500.8872393899 244460004.246167 245753578.283218 139423442.926201 187242569.007856 31686342.5704586 30477140.0167728 48532264.0517061 806.142676267178
2 282959.308928528 222055.457259623 0.697812006172766 364241708.548315 409999801.274298 218437265.14995 299829591.00594 61878111.6375231 40583110.0756651 0 174040.691071472 482772159.68 509205899.343914 281180724.742193 381136741.342033 70574120.1819016 57548549.4417718 52252899.6745364 1125.0657769808
3 216303.410480988 308220.394463446 0.803528988798763 397392471.576977 454444895.266636 239985561.263416 330469537.080185 69842956.6647042 43550726.1645887 0 240696.589519012 687759107.105644 741982686.994894 404593185.845892 550834347.792266 106067767.051328 80176798.3567036 57057134.0829834 1377.92807563374
4 160981.827131531 383608.845428986 0.907130843704072 427228816.620716 492270964.863284 258788434.514069 356980318.073631 76239279.8435377 46511240.8765893 0 296018.172868469 855204357.914437 934239082.548637 505880646.747156 690436656.432903 135739516.960682 98459771.6508944 63165451.2149219 1536.27669020508
5 115828.828932912 443913.019164781 1.00479477915304 456305596.291761 528232241.146477 276817484.872688 382348079.45629 82115553.2103238 49558322.7077118 0 341171.171067088 986662339.743734 1086069125.7735 585573407.34399 800437250.844969 159300840.670951 112751441.128042 70824616.6800669 1618.07789112715
6 79905.7964059332 487715.471090009 1.09354994081074 484544320.076186 563023761.629393 294187526.824142 406865049.494818 87698974.4312579 52621320.8655303 0 377094.203594067 1085490175.82353 1200681497.57029 645552694.31998 883332231.83936 177136372.956971 123482887.460583 80308678.5499934 1643.24365445047
7 52341.1483253808 514850.095309164 1.1715640621976 510692917.427175 595634679.733733 310207476.915367 429669844.719836 92882573.9930519 55548005.2528364 0 404658.851674619 1155964342.58553 1282711950.83297 688350782.888194 942562998.003587 189921178.317681 131141027.936209 91917616.4961257 1626.36254301591
8 32190.5128558301 526071.687804615 1.23815243036857 533060846.186395 624416039.57691 323882737.288697 449468150.08819 97432621.374053 58157615.6607083 9737.47760380151 424809.48714417 1203051244.25803 1337737083.90765 716956484.11027 982218362.301925 198504520.64339 136269261.548645 105972241.747374 1577.66034747178
9 31453.3771462222 687250.117130451 1.25089609117762 500380721.00732 586082966.50476 304015895.288187 421886416.67265 91457314.7307938 54587337.5038173 5716.72856612638 425546.622853778 1238372526.68463 1379108204.4736 738416650.837637 1011998934.93477 204960392.700576 140122537.197891 2290.25075452909 87.3458454017984
10 31453.3273963512 760279.854155203 1.26260466597249 467421859.889113 547479103.46494 283991106.982202 394097782.753289 85433243.7043556 50991802.0177533 5630.61429899237 425546.672603649 1271331566.05662 1417712272.64273 758441546.724548 1039787717.31963 210984496.160905 143718091.783881 2.03119501274432 2.25704827150295
11 31453.3273512436 791173.768743951 1.27334319577161 436633768.548674 511417810.461058 265285212.174497 368139393.609803 79805936.2622898 47633079.645105 5628.41407193777 425546.672648757 1302119657.55868 1453773565.83269 777147441.629843 1065746106.59779 216611803.632378 147076814.173847 0.00191973325674532 0.0578552609677329
12 31453.327351201 804242.670025111 1.28317606452194 407873623.664864 477731798.55705 247811435.093464 343890828.656045 74549287.6592265 44495589.2113968 5628.3576981316 425546.672648799 1330879802.44264 1487459577.73688 794621218.710969 1089994671.55168 221868452.235469 150214304.607572 1.88965006831211e-06 0.00148246835757384
13 31453.3273512009 809771.147342477 1.29216627225109 381007848.831383 446264613.16883 231488618.833462 321239465.503512 69638883.4064258 41564758.6514421 5628.35625369717 425546.672648799 1357745577.27612 1518926763.1251 810944034.970971 1112646034.70421 226778856.48827 153145135.167527 4.97287565030023e-08 3.80350258074513e-05
14 31453.3273512009 812109.730727585 1.30037486263097 355911666.689618 416870105.811934 216240952.519477 300080100.513718 65051917.2652369 38826975.8026255 5628.35621661121 425546.672648799 1382841759.41789 1548321270.48199 826191701.284956 1133805399.69401 231365822.629459 155882918.016343 5.89975239278424e-08 9.49269377243568e-07
15 31453.3273512009 813099.231852648 1.30786048929721 332468516.55859 389411751.983345 201997617.476427 280314457.782451 60767084.8040126 36269524.8729022 5628.35621565499 425546.672648799 1406284909.54892 1575779624.31058 840435036.328005 1153571042.42527 235650655.090683 158440368.946066 7.00474908915007e-08 -6.70991195584604e-09
16 31453.3273512009 813517.682776814 1.31467910056359 310569516.164194 363762020.6989 188692460.192448 261850735.30709 56764485.0154252 33880527.7199755 15365.8338194341 425546.672648799 1428183909.94331 1601429355.59503 853740193.611985 1172034764.90064 239653254.879271 160829366.098993 0 0
17 31453.3273512009 813694.693922363 1.31943837338952 290112929.635418 339801751.371066 176263669.089803 244603156.43782 53025523.0792334 31648885.814149 15365.8338194341 425546.672648799 1448640496.47209 1625389624.92286 866168984.71463 1189282343.76991 243392216.815463 163061008.00482 0 0
18 31453.3273512009 813769.565611549 1.32378612514254 271003901.085923 317419841.759942 164653612.657266 228491745.252042 49532861.667533 29564251.1743131 15365.8338194341 425546.672648799 1467749525.02158 1647771534.53399 877779041.147167 1205393754.95569 246884878.227163 165145642.644655 0 0
19 31453.3273512009 813801.213367178 1.32775555063914 253153486.485088 296512114.02893 153808251.244828 213441510.295002 46270243.9945462 27616920.7532008 15365.8338194341 425546.672648799 1485599939.62242 1668679262.265 888624402.559605 1220443989.91273 250147495.90015 167092973.065768 0 0
20 31453.3273512009 813814.786661893 1.33137749883166 236478851.091945 276981545.993978 143677257.018463 199382611.042432 43222529.9026991 25797857.9757736 15365.8338194341 425546.672648799 1502274575.01556 1688209830.29995 898755396.78597 1234502889.1653 253195209.991997 168912035.843195 0 0
21 31453.3273512009 813820.448937974 1.33468068200077 220902547.234359 258737425.205059 134213575.161036 186249748.973898 40375563.8583813 24098613.9509907 15365.8338194341 425546.672648799 1517850878.87315 1706453951.08887 908219078.643397 1247635751.23383 256042176.036315 170611279.867978 0 0
22 31453.3273512009 813822.808258395 1.33769174659618 206352205.56126 241694987.317924 125373236.286675 173981907.258048 37716118.5204323 22511293.7900194 15365.8338194341 425546.672648799 1532401220.54624 1723496388.97601 917059417.517758 1259903592.94968 258701621.374264 172198600.028949 0 0
23 31453.3273512009 813823.79513352 1.3404353399271 192760271.505102 225775107.419408 117115196.323493 162522128.555979 35231846.5719468 21028527.8565004 15365.8338194341 425546.672648799 1545993154.6024 1739416268.87452 925317457.48094 1271363371.65175 261185893.322749 173681365.962468 0 0
24 31453.3273512009 813824.205067651 1.34293425464006 180063591.106509 210903814.914581 109401084.873414 151817165.817224 32911205.0191856 19643426.5834934 25103.3114232356 425546.672648799 1558689835.001 1754287561.37935 933031568.931019 1282068334.39051 263506534.875511 175066467.235475 0 0
25 31453.3273512009 813824.37156482 1.34475860446528 168203214.128014 197012062.918976 102195085.590153 141817316.278881 30743419.2055995 18349558.994838 25103.3114232356 425546.672648799 1570550211.9795 1768179313.37495 940237568.21428 1292068183.92885 265674320.689097 176360334.824131 0 0
26 31453.3273512009 813824.4417324 1.34642192559367 157124253.440112 184035563.561118 95463850.7465163 132476302.909649 28718457.1110505 17140937.3653522 25103.3114232356 425546.672648799 1581629172.6674 1781155812.73281 946968803.057917 1301409197.29808 267699282.783646 177568956.453616 0 0
27 31453.3273512009 813824.472193511 1.34793819397789 146774834.890792 171913557.99194 89175863.2075202 123750389.01246 26826837.4137373 16011902.660412 25103.3114232356 425546.672648799 1591978591.21672 1793277818.30199 953256790.596913 1310135111.19527 269590902.480959 178697991.158556 0 0
28 31453.3273512009 813824.484750625 1.34932006727871 137107108.125039 160590000.331452 83302050.5731408 115599230.477564 25059814.2431899 14957234.8078753 25103.3114232356 425546.672648799 1601646317.98247 1804601375.96248 959130603.231292 1318286269.73017 271357925.651507 179752659.011093 0 0
29 31453.3273512009 813824.49074295 1.35057922608971 128076139.441468 150012260.900427 77815112.5121528 107984942.315817 23409174.8216366 13972031.9180328 25103.3114232356 425546.672648799 1610677286.66604 1815179115.3935 964617541.29228 1325900557.89192 273008565.07306 180737861.900936 0 0
30 31453.3273512009 813824.492408197 1.35172636723027 119639985.583178 140131212.649716 72689565.5951746 100872160.874032 21867252.9511606 13051718.3335705 25103.3114232356 425546.672648799 1619113440.52433 1825060163.64422 969743088.209259 1333013339.3337 274550486.943536 181658175.485398 0 0
31 31453.3273512009 813824.490013784 1.35277126415394 111759542.940122 130901054.534892 67901651.6746804 94227916.6928396 20426901.4515943 12192028.1788144 25103.3114232356 425546.672648799 1626993883.16739 1834290321.75904 974531002.129753 1339657583.51489 275990838.443102 182517865.640154 0 0
32 31453.3273512009 813824.489619868 1.35372290287675 104398171.463538 122278871.016978 63429109.3870051 88021317.4173552 19081423.4213081 11388964.3319506 34840.7890270371 425546.672648799 1634355254.64397 1842912505.27695 979003544.417428 1345864182.79038 277336316.473389 183320929.487018 0 0
33 31453.3273512009 813824.492082445 1.35442832069921 97521710.9704191 114224651.159448 59251184.0584394 82223561.5439765 17824575.2172672 10638800.2037067 34840.7890270371 425546.672648799 1641231715.13709 1850966725.13448 983181469.745994 1351661938.66376 278593164.67743 184071093.615262 0 0
34 31453.3273512009 813824.493120169 1.35507100922419 91098295.573112 106701071.27443 55348514.9583751 76807781.9602568 16650532.5373169 9938059.49317826 34840.7890270371 425546.672648799 1647655130.5344 1858490305.0195 987084138.846058 1357077718.24748 279767207.35738 184771834.32579 0 0
35 31453.3273512009 813824.493570731 1.35565654031073 85097857.2235309 99672913.4369142 51702833.6680808 71748627.3677244 15553799.6802496 9283462.02866889 34840.7890270371 425546.672648799 1653655568.88398 1865518462.85701 990729820.136353 1362136872.84001 280863940.214448 185426431.7903 0 0
36 31453.3273512009 813824.493756445 1.35618993342339 79492653.6568214 93107683.8514807 48297284.8429903 67022707.4074639 14529306.0409489 8671981.3619134 34840.7890270371 425546.672648799 1659260772.45069 1872083692.44245 994135368.961443 1366862792.80027 281888433.853748 186037912.457055 0 0
37 31453.3273512009 813824.493845067 1.35667580009126 74256632.8955621 86974868.5125467 45116040.105054 62608056.854014 13572289.9573555 8100775.44081964 34840.7890270371 425546.672648799 1664496793.21195 1878216507.78138 997316613.699379 1371277443.35372 282845449.937342 186609118.378149 0 0
38 31453.3273512009 813824.493869758 1.35711834541851 69365476.9156755 81245984.3491171 42144324.5727999 58484172.4314429 12678306.6915234 7567191.37305279 34840.7890270371 425546.672648799 1669387949.19183 1883945391.94481 1000288329.23163 1375401327.77629 283739433.203174 187142702.445916 0 0
39 31453.3273512009 813824.493834426 1.35752139710201 64796513.9338579 75894476.4893252 39368363.5698803 54631938.860176 11843212.397915 7068755.8573302 34840.7890270371 425546.672648799 1673956912.17365 1889296899.8046 1003064290.23455 1379253561.34756 284574527.496782 187641137.961638 0 0
40 31453.3273512009 813824.493828522 1.35788846407553 60528500.6912791 70895463.2549763 36775250.3473631 51033445.2936703 11063124.3302055 6603151.43240022 44578.2666308386 425546.672648799 1678224925.41623 1894295913.03895 1005657403.45707 1382852054.91406 285354615.564492 188106742.386568 0 0
41 31453.3273512009 813824.493864917 1.35816209941351 56541634.3301046 66225750.07221 34352953.2995396 47671995.3318759 10334423.012019 6168217.77267106 44578.2666308386 425546.672648799 1682211791.77741 1898965626.22172 1008079700.50489 1386213504.87585 286083316.882679 188541676.046297 0 0
42 31453.3273512009 813824.493880253 1.35841133299663 52817433.9932967 61863690.7924172 32090244.027615 44532007.1943779 9653730.59627847 5761938.77174279 44578.2666308386 425546.672648799 1685935992.11421 1903327685.50151 1010342409.77682 1389353493.01335 286764009.298419 188947955.047226 0 0
43 31453.3273512009 813824.493886912 1.35863835097717 49338469.2601627 57788869.6158406 29976532.3455234 41598784.7560335 9017861.22988912 5382412.91700485 44578.2666308386 425546.672648799 1689414956.84735 1907402506.67809 1012456121.45891 1392286715.4517 287399878.664808 189327480.901963 0 0
44 31453.3273512009 813824.493889656 1.35884511893993 46088655.7845131 53982447.3648821 28002045.900554 38858766.8086191 8423875.08913759 5027885.54127785 44578.2666308386 425546.672648799 1692664770.323 1911208928.92904 1014430607.90388 1395026733.39911 287993864.80556 189682008.27769 0 0
45 31453.3273512009 813824.493890966 1.35903343976548 43052888.9904289 50426732.4414546 26157607.6181972 36299218.2184364 7869011.4282688 4696708.86209607 44578.2666308386 425546.672648799 1695700537.11708 1914764643.85247 1016275046.18624 1397586281.98929 288548728.466429 190013184.956872 0 0
46 31453.3273512009 813824.493891331 1.35920495481659 40217069.6655866 47105210.8037795 24434651.2518587 33908251.5048345 7350693.25731746 4387344.77372441 44578.2666308386 425546.672648799 1698536356.44192 1918086165.49015 1017998002.55257 1399977248.7029 289067046.63738 190322549.045244 0 0
47 31453.3273512009 813824.493890809 1.35936115605148 37568053.0183397 44002486.2982679 22825190.4315137 31674783.8886645 6866518.03099307 4098359.28971356 44578.2666308386 425546.672648799 1701185373.08917 1921188889.99566 1019607463.37292 1402210716.31907 289551221.863705 190611534.529255 0 0
48 31453.3273512009 813824.493890722 1.35950340966737 35093522.553515 41104132.9335102 21321742.0345304 29588430.9530738 6414234.59627085 3828408.78380784 54315.7442346401 425546.672648799 1703659903.55399 1924087243.36042 1021110911.7699 1404297069.25466 290003505.298427 190881485.03516 0 0
49 31453.3273512009 813824.49389126 1.3596096834793 32781997.8232387 38396703.9586193 19917330.8948327 27639513.1784672 5991744.60905271 3576240.83549532 54315.7442346401 425546.672648799 1705971428.28427 1926794672.33531 1022515322.9096 1406245987.02927 290425995.285645 191133652.983472 0 0
50 31453.3273512009 813824.493891486 1.35970646991485 30622761.96704 35867646.9928317 18605445.7785019 25818994.8493336 5597089.29027649 3340686.32524124 54315.7442346401 425546.672648799 1708130664.14047 1929323729.3011 1023827208.02593 1408066505.3584 290820650.604421 191369207.493727 0 0
51 31453.3273512009 813824.493891585 1.35979462172619 28605709.9999838 33505126.3293318 17379947.2083246 24118356.141293 5228421.69671021 3120642.88399651 54315.7442346401 425546.672648799 1710147716.10752 1931686249.9646 1025052706.59611 1409767144.06644 291189318.197988 191589250.934971 0 0
52 31453.3273512009 813824.493891625 1.35987490507449 26721516.5280465 31298219.375923 16235169.3624834 22529734.527101 4884037.37520649 2915093.18953771 54315.7442346401 425546.672648799 1712031909.57946 1933893156.91801 1026197484.44195 1411355765.68063 291533702.519491 191794800.62943 0 0
53 31453.3273512009 813824.493891645 1.35994802226148 24961424.133465 29236668.7962735 15165791.5040203 21045746.3578116 4562335.68473805 2723081.88108459 54315.7442346401 425546.672648799 1713792001.97404 1935954707.49766 1027266862.30041 1412839753.84992 291855404.20996 191986811.937883 0 0
54 31453.3273512009 813824.49389165 1.3600146122802 23317258.3081458 27310900.0010323 14166847.0539159 19659499.4535952 4261822.52585848 2543717.18840976 54315.7442346401 425546.672648799 1715436167.79936 1937880476.2929 1028265806.75051 1414226000.75414 292155917.368839 192166176.630558 0 0
55 31453.3273512009 813824.493891642 1.36007525564754 21781397.8874149 25511986.517646 13233705.6275478 18364568.1755208 3981104.93671728 2376167.70640885 54315.7442346401 425546.672648799 1716972028.22009 1939679389.77628 1029198948.17688 1415520932.03221 292436634.957981 192333726.112559 0 0
56 31453.3273512009 813824.493891641 1.36013048372258 20346701.9609224 23831564.3829975 12362028.6280099 17154931.8018868 3718877.73416718 2219654.42169366 54315.7442346401 425546.672648799 1718406724.14658 1941359811.91093 1030070625.17642 1416730568.40585 292698862.160531 192490239.397274 0 0
57 31453.3273512009 813824.493891653 1.36018077976987 19006506.3527209 22261828.0206128 11547767.1075168 16024971.5604657 3473922.87040884 2073450.32859826 54315.7442346401 425546.672648799 1719746919.75478 1942929548.27332 1030884886.69691 1417860528.64727 292943817.024289 192636443.490369 0 0
58 31453.3273512009 813824.493891661 1.36022658398702 17754585.9000782 20795486.0588124 10787138.8491738 14969438.824609 3245102.53848363 1936876.31411404 54315.7442346401 425546.672648799 1720998840.20743 1944395890.23512 1031645514.95526 1418916061.38312 293172637.356214 192773017.504854 0 0
59 31453.3273512009 813824.493891631 1.36026829837533 16585117.0487219 19425717.5194917 10076605.6410009 13983423.5761438 3031352.33560241 1809297.07734479 54315.7442346401 425546.672648799 1722168309.05878 1945765658.77444 1032356048.16343 1419902076.63159 293386387.559095 192900596.741623 0 0
60 31453.3273512009 813824.493891513 1.3603062870022 15492676.2682245 18146169.9621019 9412872.31316958 13062353.0693351 2831680.97351677 1690120.95663851 54315.7442346401 425546.672648799 1723260749.83928 1947045206.33183 1033019781.49126 1420823147.1384 293586058.921181 193019772.862329 0 0
61 31453.3273512009 813824.493891235 1.36034087989706 14472210.3116082 16950924.6494971 8792868.66865617 12201966.755842 2645164.84270478 1578796.68515994 54315.7442346401 425546.672648799 1724281215.7959 1948240451.64443 1033639785.13577 1421683533.45189 293772575.051993 193131097.133808 0 0
62 31453.3273512009 813824.493890772 1.36037237955901 13518981.634646 15834432.6189767 8213716.32169211 11398270.2660475 2470938.03635883 1474807.43659435 54315.7442346401 425546.672648799 1725234444.47286 1949356943.67495 1034218937.48274 1422487229.94169 293946801.858339 193235086.382373 0 0
63 31453.3273512009 813824.49389008 1.36040106558833 12628538.1912156 14791479.3043665 7672710.34635265 10647509.9425895 2308186.82971766 1377667.53007415 54315.7442346401 425546.672648799 1726124887.91629 1950399896.98956 1034759943.45808 1423237990.26514 294109553.06498 193332226.288894 0 0
64 31453.3273512009 813824.493890788 1.36042719243736 11796722.5207416 13817195.1799045 7167324.79780645 9946180.50226403 2156151.34102773 1286923.42154257 54315.7442346401 425546.672648799 1726956703.58676 1951374181.11403 1035265329.00662 1423939319.70547 294261588.55367 193422970.397425 0 0
65 31453.3273512009 813824.493891294 1.36045098503667 11019697.2222853 12907085.5973812 6695228.1895869 9291046.51401568 2014130.18758165 1202156.48276306 54315.7442346401 425546.672648799 1727733728.88522 1952284290.69655 1035737425.61484 1424594453.69372 294403609.707116 193507737.336205 0 0
66 31453.3273512009 813824.493891361 1.36047265191065 10293853.0189727 12056923.1043889 6254227.63637399 8679064.88522214 1881463.68215203 1122972.97191999 54315.7442346401 425546.672648799 1728459573.08853 1953134453.18954 1036178426.16806 1425206435.32251 294536276.212546 193586920.847048 0 0
67 31453.3273512009 813824.493892346 1.3604923829306 9615818.64822353 11262759.0284897 5842274.86299216 8107393.20045101 1757535.64068262 1049005.11255958 54315.7442346401 425546.672648799 1729137607.45928 1953928617.26544 1036590378.94144 1425778107.00728 294660204.254015 193660888.706408 0 0
68 31453.3273512009 813824.49389165 1.36051035101128 8982444.97073771 10520904.8644837 5457456.54952075 7573376.32325648 1641770.47780101 979909.360013745 54315.7442346401 425546.672648799 1729770981.13677 1954670471.42945 1036975197.25491 1426312123.88448 294775969.416897 193729984.458954 0 0
69 31453.3273512009 813824.493891954 1.36052671362772 8390790.27972627 9827915.06749239 5097985.40563576 7074534.00993901 1533630.52170671 915364.798760448 54315.7442346401 425546.672648799 1730362635.82778 1955363461.22644 1037334668.3988 1426810966.19779 294884109.372991 193794529.020207 0 0
70 31453.3273512009 813824.493891383 1.3605416141907 7838106.66624993 9180571.08303311 4762191.88661 6608549.41374173 1432613.52208959 855071.654996585 54315.7442346401 425546.672648799 1730915319.44125 1956010805.2109 1037670461.91782 1427276950.79399 294985126.372608 193854822.163971 0 0
71 31453.3273512009 813824.493886049 1.36055518325477 7321827.57531764 8575866.77179983 4448516.63278235 6173258.59301346 1338250.37569016 798749.939112765 54315.7442346401 425546.672648799 1731431598.53219 1956615509.52213 1037984137.17165 1427712241.61472 295079489.519008 193911143.879855 0 0
72 31453.3273512009 813824.493880348 1.36056753980109 6839554.9305026 8010993.32905997 4155502.64687153 5766639.65557547 1250102.77299537 746138.041096982 54315.7442346401 425546.672648799 1731913871.177 1957180382.96487 1038277151.15756 1428118860.55216 295167637.121702 193963755.777871 0 0
