"Time" "IECs" "pheme_e" "BiomassCD" "pro_L_e" "leu_L_e" "ile_L_e" "val_L_e" "trp_L_e" "cys_L_e" "Drug" "Damage" "pro_L_v" "leu_L_v" "ile_L_v" "val_L_v" "trp_L_v" "cys_L_v" "CD" "pheme_c"
0 457000 1e+05 0.4963 224235600.199112 195370466.451958 120509812.093413 157438605.791629 18978882.6152 31300034.1459915 0 0 0 0 0 0 0 0 45700000 1000
1 379105.549222384 129484.158280555 0.594123778018979 275169223.220786 293344406.250486 161031246.084254 218721226.806289 41268933.6423925 32455480.0389692 0 77894.4507776156 227875119.45943 225989080.985576 129203137.008093 173066074.919481 28496778.7893388 28756023.2056267 48532264.0509069 755.968838885565
2 310440.772841441 198961.491762886 0.697812001460319 304514114.800093 341452504.618335 182295680.562151 250037942.223455 51289332.5246165 34075254.2770839 0 146559.227158559 444138660.472299 463457787.586069 257448825.668166 348254649.58037 63245164.9139568 53503523.0977941 52252899.8917665 1008.54817126435
3 249962.55027384 273269.774164559 0.803529037898338 329004367.539379 375850177.885711 198598127.187971 273417531.524261 57698427.5015926 36093311.4580693 0 207037.44972616 635768301.940086 680589041.977347 372704300.81214 506668349.441466 96266916.8839429 74709103.3827676 57057131.1334093 1221.71928236129
4 196966.841220826 341252.03166228 0.907130849919188 353615783.00362 407460824.318824 214220894.733215 295486561.775864 63121251.4415295 38479209.4585216 0 260033.158779174 800266424.520902 869387549.495719 472196923.521211 643781511.081376 125395973.023256 92673557.6586728 63165448.3887672 1366.50882552609
5 151034.05405683 398869.131838579 1.00479477011145 379677462.355874 439671996.472037 230408732.108374 318231090.656953 68406127.265137 41184414.8376633 0 305965.94594317 937746144.251195 1028210839.15757 555560388.110895 758844763.393854 150057482.72413 107606542.550506 70824613.3008864 1453.6944887247
6 111947.033711233 444237.844856386 1.09354994095992 407002847.587842 473056998.204485 247217608.191024 341857559.955191 73766300.320669 44121237.8856359 0 345052.966288767 1049093895.36418 1157388755.04246 623165042.07866 852271200.910748 170179649.912725 119679135.315242 80308674.4426289 1496.55452810925
7 79579.9276445578 476295.581394666 1.17156398587568 434531992.716478 506814020.038039 264075093.077658 365662183.278171 79128890.1114968 47155285.1360947 0 377420.072355442 1135725725.56963 1258246527.3402 675800259.582607 925101715.118256 185917242.407954 129074056.794387 91917610.8321125 1504.39262255888
8 53766.0403654026 494605.855182706 1.23815244002466 460635857.21496 539355749.552678 280023782.125744 388399077.203815 84269708.8294975 50111643.2540122 9737.47760380151 403233.959634597 1199758986.19981 1333064755.01957 714720814.387831 979035616.301956 197602936.120748 136030231.391665 105972237.909297 1483.15000814827
9 52958.8532597212 652041.185864931 1.25089609982269 413253537.302593 483849811.740234 251221811.27679 348439199.430484 75598967.6243664 44954442.0981155 6298.12082111148 404041.146740279 1250016925.40351 1391908427.18408 745273210.287657 1021411187.87631 206796938.949921 141497392.396143 84.6430633674305 22.7955129912206
10 52958.8516015572 721794.218703389 1.26260467367978 368461580.112081 431406025.734545 223992240.084922 310672375.187235 67404904.1307616 40081894.6991516 6275.47822233995 404041.148398443 1294808888.50446 1444352220.05006 772502785.077281 1059178017.0847 214991003.519022 146369940.431842 0.00192179965437946 0.177015158577456
11 52958.8516015193 751093.961097004 1.27334320261217 328524554.169983 384646540.970631 199714040.169536 276999038.869317 60098982.5633732 35737475.2133491 6275.30258346805 404041.148398481 1334745914.44669 1491111704.81413 796780984.992749 1092851353.40273 222296925.086435 150714359.917659 6.76802116897066e-08 0.00137689376970527
12 52958.8516015193 763401.233298449 1.28317607053744 292916246.324713 342955251.023963 178067320.211734 246975508.135601 53584939.5637231 31863941.2480577 6275.30121728861 404041.148398481 1370354222.29196 1532802994.7608 818427704.950551 1122874884.13645 228810968.086085 154587893.882951 1.75511999595024e-08 1.07143977586797e-05
13 52958.8516015193 768570.661916563 1.2921662772185 261167478.123943 305782827.491243 158766860.969649 220206190.088379 47776945.4814317 28410254.7511807 6275.3012066242 404041.148398481 1402102990.49273 1569975418.29352 837728164.192637 1149644202.18367 234618962.168377 158041580.379827 2.07907556669694e-08 5.00556068835724e-08
14 52958.8516015193 770742.466485524 1.30037486681239 232859913.146143 272639469.36533 141558350.685353 196338359.839307 42598471.5061439 25330908.3555961 6275.3012065504 404041.148398481 1430410555.47053 1603118776.41944 854936674.476933 1173512032.43274 239797436.143665 161120926.775412 2.46577930633236e-08 -2.3667238456248e-08
15 52958.8516015193 771654.692159311 1.30786049315463 207620555.425676 243088461.623988 126215040.611091 175057521.796892 37981283.2311748 22585326.9082218 6275.30120654946 404041.148398481 1455649913.191 1632669784.16078 870279984.551195 1194792870.47515 244414624.418634 163866508.222786 2.92762057171193e-08 -2.4505705766755e-08
16 52958.8516015193 772037.894069209 1.31467910359827 185116854.822327 216740444.447657 112534769.504368 156083282.705754 33864545.2491721 20137335.0235582 16012.778810351 404041.148398481 1478153613.79435 1659017801.33711 883960255.657917 1213767109.56629 248531362.400636 166314500.10745 3.47946040036161e-08 0
17 52958.8516015193 772198.799012072 1.31943833074163 165052438.139262 193248415.082507 100337368.52305 139165752.292466 30194040.219719 17954692.7072389 16012.778810351 404041.148398481 1498218030.47742 1682509830.70226 896157656.639235 1230684639.97958 252201867.430089 168497142.423769 -1.35583922435396e-08 -7.58044104185665e-13
18 52958.8516015193 772266.425413473 1.32378612276728 147162623.54196 172302475.985675 89461934.3865124 124081761.19925 26921348.2948745 16008607.4066811 16012.778810351 404041.148398481 1516107845.07472 1703455769.79909 907033090.775773 1245768631.07279 255474559.354934 170443227.724327 -1.35583922435396e-08 -1.89198165385812e-12
19 52958.8516015193 772294.690813017 1.32775556418721 131211870.025994 153626848.584574 79765278.8763318 110632710.475091 24003380.5348979 14273456.5597337 16012.778810351 404041.148398481 1532058598.59068 1722131397.2002 916729746.285953 1259217681.79695 258392527.11491 172178378.571274 -1.35583922435396e-08 -1.89198165385814e-12
20 52958.8516015193 772306.643279878 1.33137753109027 116989997.064431 136975447.125069 71119630.7143313 98641384.1304658 21401687.3454955 12726376.3613133 16012.778810351 404041.148398481 1546280471.55225 1738782798.6597 925375394.447954 1271209008.14158 260994220.304313 173725458.769695 -1.35583922435396e-08 -1.89198165385814e-12
21 52958.8516015193 772311.680550498 1.33468073525662 104309613.652299 122128868.518546 63411072.647694 87949781.4083225 19081988.1573847 11346982.0903684 16012.778810351 404041.148398481 1558960854.96438 1753629377.26622 933083952.514591 1281900610.86372 263313919.492423 175104853.04064 -1.35583922435396e-08 -1.89198165385814e-12
22 52958.8516015193 772313.793955003 1.33769181281839 93003639.4504571 108891490.021742 56538034.5224093 78417026.7096548 17013717.954157 10117098.4555761 16012.778810351 404041.148398481 1570266829.16622 1766866755.76303 939956990.639876 1291433365.56239 265382189.695651 176334736.675432 -1.35583922435396e-08 -1.89198165385814e-12
23 52958.8516015193 772314.686669764 1.34043542122179 82923104.1611121 97088892.6786752 50409955.4971045 69917514.1131259 15169624.6987397 9020520.20756526 16012.778810351 404041.148398481 1580347364.45556 1778669353.10609 946085069.665181 1299932878.15892 267226282.951068 177431314.923443 -1.35583922435396e-08 -1.89198165385815e-12
24 52958.8516015193 772315.061358848 1.34293434214303 73935184.1305743 86565562.5154199 44946090.4701676 62339251.9153937 13525410.1572696 8042798.55713207 25750.2564141525 404041.148398481 1589335284.4861 1789192683.26935 951548934.692118 1307511140.35665 268870497.492539 178409036.573876 0 0
25 52958.8516015193 772315.219085636 1.3447586654805 65921574.5236276 77182984.6323488 40074520.5049082 55582490.1122877 12059432.11111 7171064.0975229 25750.2564141525 404041.148398481 1597348894.09305 1798575261.15242 956420504.657377 1314267902.15976 270336475.538699 179280771.033485 0 0
26 52958.8516015193 772315.285520631 1.34642204310317 58776443.5182535 68817247.9130863 35730909.1598471 49557995.455916 10752330.1053256 6393804.25816073 25750.2564141525 404041.148398481 1604494025.09842 1806940997.87168 960764116.002439 1320292396.81613 271643577.544483 180058030.872847 0 0
27 52958.8516015193 772315.313559811 1.34793830771844 52405746.4449399 61358241.9979489 31858085.5457273 44186473.1637881 9586899.9800404 5700788.69552033 25750.2564141525 404041.148398481 1610864722.17174 1814400003.78682 964636939.616559 1325663919.10826 272809007.669768 180751046.435488 0 0
28 52958.8516015193 772315.325106296 1.34932017887251 46725540.5866015 54707684.2004318 28405019.8720532 39397146.0241019 8547785.5865999 5082885.97411809 25750.2564141525 404041.148398481 1616544928.03007 1821050561.58434 968090005.290233 1330453246.24794 273848122.063209 181368949.15689 0 0
29 52958.8516015193 772315.329881968 1.35057932195309 41661020.3939514 48777989.9080204 25326236.9428753 35126940.9271263 7621302.29368767 4531958.61555392 25750.2564141525 404041.148398481 1621609448.22272 1826980255.87675 971168788.219411 1334723451.34492 274774605.356121 181919876.515454 0 0
30 52958.8516015193 772315.332106729 1.3517264370145 37145435.3758012 43491005.6152373 22581158.3292469 31319576.4726779 6795239.03045645 4040745.38472669 25750.2564141525 404041.148398481 1626125033.24087 1832267240.16953 973913866.833039 1338530815.79937 275600668.619352 182411089.746281 0 0
31 52958.8516015193 772315.332376012 1.35277132802823 33119246.7636586 38777021.5209017 20133589.6954591 27924851.902736 6058704.01008532 3602769.55033513 25750.2564141525 404041.148398481 1630151221.85302 1836981224.26387 976361435.466827 1341925540.36931 276337203.639723 182849065.580673 0 0
32 52958.8516015193 772315.330491536 1.35372295606132 29529523.476755 34574064.3056101 17951353.5988926 24898137.8028072 5402014.23001084 3212273.17689779 35487.734017954 404041.148398481 1633740945.13992 1841184181.47916 978543671.563393 1344952254.46924 276993893.419798 183239561.95411 0 0
33 52958.8516015193 772315.332328136 1.35442836216641 26328909.4278946 30826688.0220123 16005661.7027838 22199505.3746593 4816506.55494367 2864104.7864783 35487.734017954 404041.148398481 1636941559.18878 1844931557.76276 980489363.459502 1347650886.89739 277579401.094865 183587730.34453 0 0
34 52958.8516015193 772315.333101721 1.35507107197799 23475162.2543455 27485434.0269078 14270834.3651688 19793337.5122714 4294453.33412212 2553669.18102548 35487.734017954 404041.148398481 1639795306.36233 1848272811.75786 982224190.797117 1350057054.75978 278101454.315687 183898165.949982 0 0
35 52958.8516015193 772315.333428215 1.35565660006685 20930722.0222728 24506326.0072774 12724038.4491039 17647965.1503021 3828983.50180706 2276880.52528775 35487.734017954 404041.148398481 1642339746.5944 1851251919.77749 983770986.713181 1352202427.12175 278566924.148002 184174954.60572 0 0
36 52958.8516015193 772315.333562668 1.3561899909761 18662062.2302927 21850110.1155033 11344892.7898967 15735120.0557013 3413963.85243895 2030091.74784537 35487.734017954 404041.148398481 1644608406.38638 1853908135.66927 985150132.372389 1354115272.21635 278981943.79737 184421743.383162 0 0
37 52958.8516015193 772315.333618275 1.35667584969468 16639305.7285907 19481805.2757898 10115234.7077033 14029610.9857516 3043928.77840052 1810052.76012085 35487.734017954 404041.148398481 1646631162.88808 1856276440.50898 986379790.454582 1355820781.2863 279351978.871408 184641782.370887 0 0
38 52958.8516015193 772315.333644181 1.35711838293948 14835792.5448388 17370197.1816009 9018857.28368963 12508959.2958053 2714001.20979923 1613863.44372675 35487.734017954 404041.148398481 1648434676.07184 1858388048.60317 987476167.878596 1357341432.97624 279681906.44001 184837971.687281 0 0
39 52958.8516015193 772315.333647325 1.35752143119259 13227743.0423868 15487443.911026 8041304.58983186 11153114.9274632 2419830.9939593 1438937.00822513 35487.734017954 404041.148398481 1650042725.57429 1860270801.87374 988453720.572453 1358697277.34458 279976076.65585 185012898.122783 0 0
40 52958.8516015193 772315.333625397 1.35788849263853 11794016.6586282 13808793.4503187 7169725.02305786 9944252.98621168 2157550.75997236 1282973.74626515 45225.2116217555 404041.148398481 1651476451.95805 1861949452.33445 989325300.139228 1359906139.28584 280238356.889836 185168861.384743 0 0
41 52958.8516015193 772315.333646769 1.35816212275956 10515699.769423 12312101.1530279 6392620.76305778 8866426.24484415 1923700.52424521 1143916.20075475 45225.2116217555 404041.148398481 1652754768.84725 1863446144.63174 990102404.399228 1360983966.02721 280472207.125563 185307918.930253 0 0
42 52958.8516015193 772315.333655771 1.35841136404077 9375920.37341348 10977612.766757 5699735.11664341 7905408.89253284 1715193.78958139 1019929.00589655 45225.2116217555 404041.148398481 1653894548.24326 1864780633.01801 990795290.045642 1361944983.37952 280680713.860227 185431906.125112 0 0
43 52958.8516015193 772315.33365957 1.35863838018924 8359677.3859615 9787764.56531386 5081948.74347333 7048552.60216184 1529286.31688933 909380.317484016 45225.2116217555 404041.148398481 1654910791.23072 1865970481.21946 991413076.418813 1362801839.66989 280866621.332919 185542454.813524 0 0
44 52958.8516015193 772315.333661135 1.3588451466929 7453580.40863293 8726878.66290717 4531121.45878257 6284567.11414701 1363528.51964104 810813.504571104 45225.2116217555 404041.148398481 1655816888.20805 1867031367.12186 991963903.703503 1363565825.1579 281032379.130167 185641021.626437 0 0
45 52958.8516015193 772315.333661782 1.35903346379215 6645696.58273647 7780983.70561151 4039999.13380128 5603391.10933735 1215737.44786422 722930.489932565 45225.2116217555 404041.148398481 1656624772.03394 1867977262.07916 992455026.028485 1364247001.16271 281180170.201944 185728904.641076 0 0
46 52958.8516015193 772315.333662083 1.35920497352846 5925377.98367808 6937612.77942721 3602108.7667002 4996046.67469388 1083965.2123482 644572.973720111 45225.2116217555 404041.148398481 1657345090.633 1868820633.00534 992892916.395586 1364854345.59736 281311942.43746 185807262.157288 0 0
47 52958.8516015193 772315.33366212 1.35936117295988 5283127.08403986 6185645.89036085 3211676.69597315 4454525.86702636 966474.372991648 574707.798300997 45225.2116217555 404041.148398481 1657987341.53264 1869572599.89441 993283348.466313 1365395866.40503 281429433.276817 185877127.332707 0 0
48 52958.8516015193 772315.333661864 1.35950342394853 4710500.39196347 5515197.1413134 2863570.02104766 3971709.46465175 861720.310789606 512416.465872939 54962.689225557 404041.148398481 1658559968.22471 1870243048.64346 993631455.141238 1365878682.8074 281534187.339019 185939418.665135 0 0
49 52958.8516015193 772315.333662113 1.35960969544442 4199943.91577041 4917422.08905292 2553196.57924252 3541228.2376053 768321.128381866 456877.240017926 54962.689225557 404041.148398481 1659070524.7009 1870840823.69572 993941828.583043 1366309164.03445 281627586.521427 185994957.89099 0 0
50 52958.8516015193 772315.333662218 1.35970648459783 3744718.90519744 4384430.79979418 2276459.80296884 3157400.33555831 685044.065448297 407357.067704016 54962.689225557 404041.148398481 1659525749.71148 1871373814.98498 994218565.359317 1366692991.93649 281710863.58436 186044478.063304 0 0
51 52958.8516015193 772315.333662262 1.35979463542388 3338834.02385408 3909208.43464877 2029717.48654864 2815174.09829044 610793.09060649 363204.200886711 54962.689225557 404041.148398481 1659931634.59282 1871849037.35012 994465307.675737 1367035218.17376 281785114.559202 186088630.930121 0 0
52 52958.8516015193 772315.33366228 1.35987491795725 2976941.18074797 3485493.28600643 1809718.46094227 2510040.2249112 544589.845243008 323836.864880218 54962.689225557 404041.148398481 1660293527.43593 1872272752.49877 994685306.701343 1367340352.04714 281851317.804565 186127998.266128 0 0
53 52958.8516015193 772315.333662288 1.35994803345724 2654274.42211279 3107705.23022839 1613565.44535338 2237980.24984225 485562.464626088 288736.610903677 54962.689225557 404041.148398481 1660616194.19456 1872650540.55454 994881459.716932 1367612412.02221 281910345.185182 186163098.520104 0 0
54 52958.8516015193 772315.333662291 1.3600146211864 2366580.99396652 2770865.01359366 1438673.13932627 1995408.41746621 432932.966762699 257440.816945758 54962.689225557 404041.148398481 1660903887.62271 1872987380.77118 995056352.022959 1367854983.85459 281962974.683046 186194394.314062 0 0
55 52958.8516015193 772315.333662292 1.36007526366288 2110067.60768996 2470531.33840391 1282735.55694284 1779126.37536668 386007.422436018 229536.842440377 54962.689225557 404041.148398481 1661160401.00898 1873287714.44637 995212289.605343 1368071265.89668 282009900.227372 186222298.288568 0 0
56 52958.8516015193 772315.333662288 1.3601304905363 1881361.95291132 2202755.80109808 1143702.63004074 1586290.72349975 344168.914524752 204657.841571008 54962.689225557 404041.148398481 1661389106.66376 1873555489.98368 995351322.532245 1368264101.54855 282051738.735284 186247177.289437 0 0
57 52958.8516015193 772315.333662286 1.36018078513194 1677448.85300919 1964008.14117318 1019741.39637332 1414359.18301426 306865.858543369 182475.818154703 54962.689225557 404041.148398481 1661593019.76366 1873794237.6436 995475283.765912 1368436033.08904 282089041.791265 186269359.312853 0 0
58 52958.8516015193 772315.33366229 1.36022658841929 1495632.49516837 1751132.01898487 909213.038804915 1261058.75011399 273605.093157906 162697.516961558 54962.689225557 404041.148398481 1661774836.12151 1874007113.76579 995585812.123481 1368589333.52194 282122302.556651 186289137.614046 0 0
59 52958.8516015193 772315.333662293 1.36026830076606 1333523.01893742 1561329.31322264 810664.732333131 1124374.38805457 243949.426749726 145062.964794553 54962.689225557 404041.148398481 1661936945.59774 1874196916.47155 995684360.429952 1368726017.884 282151958.223059 186306772.166213 0 0
60 52958.8516015193 772315.333662293 1.36030628734352 1188984.35877645 1392099.05337825 722797.936944365 1002505.05002228 217508.0959375 129339.796710743 54962.689225557 404041.148398481 1662081484.2579 1874366146.7314 995772227.225341 1368847887.22203 282178399.553871 186322495.334297 0 0
61 52958.8516015193 772315.333662294 1.36034088075816 1060112.04010235 1241211.42268015 644454.899561826 893844.957628957 193932.703673551 115320.840636247 54962.689225557 404041.148398481 1662210356.57657 1874517034.36209 995850570.262724 1368956547.31442 282201974.946135 186336514.290372 0 0
62 52958.8516015193 772315.333662293 1.36037238392856 945208.124880855 1106678.42363052 574603.423168653 796962.476016314 172912.635889556 102821.39190396 54962.689225557 404041.148398481 1662325260.49179 1874651567.36114 995920421.739117 1369053429.79604 282222995.013919 186349013.739104 0 0
63 52958.8516015193 772315.333662293 1.36040107281575 842758.374234362 986727.139291857 512322.983681667 710580.858261204 154170.883714345 91676.7289621202 54962.689225557 404041.148398481 1662427710.24244 1874771518.64548 995982702.178604 1369139811.41379 282241736.766094 186360158.402046 0 0
64 52958.8516015193 772315.333662308 1.36042719870315 751412.875837067 879777.051251931 456792.953111154 633561.911153838 137460.499526194 81740.0059884846 54962.689225557 404041.148398481 1662519055.74084 1874878468.73352 996038232.209174 1369216830.3609 282258447.150282 186370095.125019 0 0
65 52958.8516015193 772315.333662373 1.36045099052576 669968.171677612 784419.114264666 407281.734812137 564890.926027131 122561.327476407 72880.308717117 54962.689225557 404041.148398481 1662600500.445 1874973826.67051 996087743.427473 1369285501.34602 282273346.322332 186378954.822291 0 0
66 52958.8516015193 772315.33366247 1.3604726567056 597351.211551312 699396.96851074 363137.008618703 503663.148969745 109277.068004655 64980.908871224 54962.689225557 404041.148398481 1662673117.40512 1875058848.81626 996131888.153667 1369346729.12308 282286630.581804 186386854.222137 0 0
67 52958.8516015193 772315.333662507 1.36049238709814 532605.154009723 623590.314917439 323777.099069935 449071.808742805 97432.6803208479 57937.7195656314 54962.689225557 404041.148398481 1662737863.46266 1875134655.46986 996171248.063215 1369401320.46331 282298474.969488 186393897.411442 0 0
68 52958.8516015193 772315.333662341 1.36051035460407 474876.830568268 556000.237871629 288683.354750472 400397.547090672 86872.0891568594 51657.9316413785 54962.689225557 404041.148398481 1662795591.7861 1875202245.5469 996206341.807535 1369449994.72496 282309035.560652 186400177.199367 0 0
69 52958.8516015193 772315.333662089 1.36052671669699 423405.578723142 495736.130576281 257393.359746765 356999.003178111 77456.1419228067 46058.7989017797 54962.689225557 404041.148398481 1662847063.03795 1875262509.6542 996237631.802539 1369493393.26887 282318451.507886 186405776.332106 0 0
70 52958.8516015193 772315.333662055 1.36054161678942 377513.224339056 442003.96612533 229494.843819716 318304.367131928 69060.7761246867 41066.5483790534 54962.689225557 404041.148398481 1662892955.39233 1875316241.81865 996265530.318466 1369532087.90492 282326846.873684 186410768.582629 0 0
71 52958.8516015193 772315.333662615 1.360555185485 336595.098975634 394095.780316181 204620.22172902 283803.806202355 61575.3761095942 36615.4031833874 54962.689225557 404041.148398481 1662933873.5177 1875364150.00446 996290404.940557 1369566588.46585 282334332.273699 186415219.727825 0 0
72 52958.8516015193 772315.333663205 1.36056754172945 300112.020849078 351380.282715718 182441.718363011 253042.703423958 54901.306094567 32646.7101779329 54962.689225557 404041.148398481 1662970356.59582 1875406865.50206 996312583.443923 1369597349.56863 282341006.343714 186419188.42083 0 0
