"Time" "IECs" "pheme_e" "BiomassCD" "pro_L_e" "leu_L_e" "ile_L_e" "val_L_e" "trp_L_e" "cys_L_e" "Drug" "Damage" "pro_L_v" "leu_L_v" "ile_L_v" "val_L_v" "trp_L_v" "cys_L_v" "CD" "pheme_c"
0 457000 1e+05 0.4963 224235600.199112 195370466.451958 120509812.093413 157438605.791629 18978882.6152 31300034.1459915 0 0 0 0 0 0 0 0 45700000 1000
1 346486.222867636 147005.274768109 0.594123777914971 360127924.916105 391003381.116059 212496697.330574 289629738.353814 56396606.864543 41679617.8353651 0 110513.777132364 259732947.840665 263993884.4294 148844945.264221 200316350.32149 34636805.3554472 32057706.7294542 48532264.0529937 855.310452264747
2 257704.50122096 243934.492820769 0.697812004089557 422153708.996319 476427579.949432 253470265.822919 348090024.646603 72132116.8711386 46898114.3526426 0 199295.49877904 515245436.253309 547812865.924553 301166268.040615 408848814.175828 76786073.525058 60931391.3245002 52252899.7700041 1235.53555680759
3 186943.372317738 340079.142124519 0.803529047825374 463108837.016985 529896265.316582 279734461.820477 385256060.74194 81485748.2193819 50728103.5128144 0 270056.627682262 727024343.865792 788639715.665903 428748159.227349 584328324.795791 113567351.936517 84273675.6631657 57057131.1000993 1520.41903590247
4 131342.375101406 420502.020646967 0.907130884680247 497144980.196266 572715757.254395 301083045.640436 415330853.715909 88656342.1269474 54159108.2576515 0 325657.624898594 891116592.651165 977064771.150813 528005949.469231 721140849.570456 142646745.050009 102193453.8494 63165448.6250094 1684.2463823547
5 88626.6446987288 481109.50206549 1.00479481896299 527912199.543858 610861612.160614 320137126.038852 442194223.39184 94871275.7494964 57411826.4094145 0 368373.355301271 1011951051.9199 1116573638.98933 601236794.121644 822222828.159457 164279966.37414 115343576.172265 70824613.9293133 1753.91024266429
6 56869.6953373297 521455.993777815 1.0935499747133 555525476.813584 645246496.413592 337123297.475243 466295293.751343 100387430.18666 60440717.9086074 0 400130.30466267 1096227547.43769 1214265907.13041 652362664.565172 892885402.078461 179466049.673747 124509353.227849 80308675.6439756 1757.15037160166
7 34301.5193453535 542690.753292525 1.17156394091262 578842766.0648 674989996.193101 351416125.41086 486865200.11646 105117261.64592 63106743.7069166 0 422698.480654646 1151331185.63102 1278383451.30153 685809448.232229 939181407.581743 189446406.196434 130509507.010459 91917608.0650486 1714.48965345838
8 19187.8617007513 546978.728605747 1.23815223838424 596573017.487383 698901058.973923 362264582.767605 502943164.468855 108899084.322272 65271136.468335 9737.47760380151 437812.138299248 1184662281.39253 1317330090.66461 706047149.190511 967244889.526188 195513263.282268 134148758.784568 105972224.048154 1640.49201845056
9 18724.8967282518 710375.35267316 1.25089591929478 574425187.90747 672910767.494493 348804162.129093 484247648.897964 104855244.867617 62844315.0951295 5621.0192074027 438275.103271748 1208468914.46891 1345218480.3096 720503107.751853 987314231.239605 199858914.488705 136753303.366235 974.910196154038 63.4972964786067
10 18724.8830216223 784196.566272343 1.26260451273645 551590652.028087 646161234.014107 334938507.365442 464997847.630257 100687041.735797 60346129.3266284 5558.34718603266 438275.116978377 1231303499.45915 1371968070.00085 734368791.99757 1006564073.19216 204027126.556045 139251494.396475 0.418880615126559 1.23743096810756
11 18724.8830156362 815555.728364833 1.27334305976742 529663790.573495 620474997.665172 321624013.691768 446513228.02268 96684525.0029573 57947246.7273194 5557.13363127096 438275.116984363 1253230360.93519 1397654306.37435 747683285.684125 1025048692.81751 208029643.292787 141650376.998082 0.000188910272945656 0.0240751002665974
12 18724.8830156335 828876.978187997 1.28317594438732 508608566.883227 595809841.952123 308838798.479851 428763409.998492 92841116.52846 55643724.6369046 5557.11002439438 438275.116984366 1274285584.62547 1422319462.08741 760468500.896048 1042798510.8417 211873051.767286 143953899.088498 8.94657920572052e-08 0.000468316801431025
13 18724.8830156335 834535.767399148 1.29216616665687 488390331.602571 572125176.864906 296561821.845884 411719183.716169 89150491.4389259 53431772.2832604 5557.10956521781 438275.116984366 1294503819.90612 1446004127.17462 772745477.530015 1059842737.12403 215563676.85682 146165851.442142 4.72945385758716e-08 9.14039294218142e-06
14 18724.8830156335 836939.515111159 1.30037477035201 468975812.837005 549382026.020686 284772880.331656 395352500.550734 85606576.3017834 51307749.5937307 5557.10955624408 438275.116984366 1313918338.67169 1468747278.01884 784534419.044244 1076209420.28946 219107591.993962 148289874.131671 5.60914776412658e-08 1.66859362450524e-07
15 18724.8830156335 837960.902513337 1.30786040946484 450333060.82873 527542961.854562 273452573.310725 379636426.455073 82203539.0265405 49268161.1424792 5557.10955605864 438275.116984366 1332561090.67996 1490586342.18497 795854726.065174 1091925494.38512 222510629.269205 150329462.582923 6.62826460029358e-08 -1.83567418127638e-08
16 18724.8830156335 838394.615776225 1.31467903161159 432431396.580565 506572045.435004 262582271.791674 364545098.649237 78935779.4866213 47309650.5297472 15294.5871598587 438275.116984366 1350462754.92813 1511557258.60453 806725027.584225 1107016822.19096 225778388.809124 152287973.195655 0 0
17 18724.8830156335 838579.022543114 1.31943834346792 415241384.589561 486434794.522621 252144101.86133 350053702.63453 75797924.5421748 45428997.3988059 15294.5871598587 438275.116984366 1367652766.91913 1531694509.51691 817163197.514569 1121508218.20567 228916243.75357 154168626.326596 0 0
18 18724.8830156335 838657.085029555 1.3237860734216 398734734.769082 467098068.676718 242120885.129602 336138389.512593 72784810.1369873 43623106.7058569 15294.5871598587 438275.116984366 1384159416.73961 1551031235.36282 827186414.246298 1135423531.3276 231929358.158758 155974517.019545 0 0
19 18724.8830156335 838690.32462086 1.32775550704639 382884216.500236 448529968.570789 232496086.539535 322776203.529684 69891465.6094809 41888999.3169296 15294.5871598587 438275.116984366 1400009935.00846 1569599335.46874 836811212.836364 1148785717.31051 234822702.686264 157708624.408473 0 0
20 18724.8830156335 838704.577084703 1.33137745760291 367663793.527712 430699994.016338 223253896.279164 309945195.795564 67113138.3165217 40223826.7660025 15294.5871598587 438275.116984366 1415230357.98098 1587429310.0232 846053403.096735 1161616725.04463 237601029.979224 159373796.9594 0 0
21 18724.8830156335 838710.594279912 1.33468064702283 353048413.616375 413578797.55595 214379102.056164 297624246.961356 64445255.237455 38624848.2426288 15294.5871598587 438275.116984366 1429845737.89232 1604550506.48358 854928197.319736 1173937673.87884 240268913.05829 160972775.482773 0 0
22 18724.8830156335 838713.097188957 1.33769171485809 339014023.33168 397138201.777825 205857098.072857 285793079.679627 61883425.6721139 37089432.2089706 15294.5871598587 438275.116984366 1443880128.17702 1620991102.26171 863450201.303042 1185768841.16057 242830742.623631 162508191.516432 0 0
23 18724.8830156335 838714.153656116 1.3404353116217 325537530.429708 381351155.257557 197673862.188585 274432226.898718 59423434.3755179 35615052.285125 15294.5871598587 438275.116984366 1457356621.07899 1636778148.78198 871633437.187314 1197129693.94148 245290733.920227 163982571.440277 0 0
24 18724.8830156335 838714.590544725 1.34293422747141 312596753.174305 366191673.18566 189815925.143904 263522989.136446 57061232.3062523 34199281.7042246 25032.0647636602 438275.116984366 1470297398.33439 1651937630.85387 879491374.231996 1208038931.70375 247652935.989493 165398342.021178 0 0
25 18724.8830156335 838714.772217548 1.34475867957799 300170335.534947 351634738.026058 182270319.066786 253047362.990849 54792921.1467357 32839784.0347597 25032.0647636602 438275.116984366 1482723815.97375 1666494566.01347 887036980.309114 1218514557.84935 249921247.14901 166757839.690643 0 0
26 18724.8830156335 838714.845357783 1.3464218313968 288238213.959743 337656846.317624 175024860.907904 242988434.635685 52614838.507696 31534364.2473319 25032.0647636602 438275.116984366 1494655937.54895 1680472457.72191 894282438.467996 1228573486.20451 252099329.788049 168063259.478071 0 0
27 18724.8830156335 838714.882321769 1.34793795278487 276780341.916012 324234514.536393 168067377.952384 233329304.59212 50523325.1065376 30280829.1745091 25032.0647636602 438275.116984366 1506113809.59268 1693894789.50314 901239921.423516 1238232616.24808 254190843.189208 169316794.550894 0 0
28 18724.8830156335 838714.904549186 1.3493198327489 265777766.692507 311345540.516244 161386361.678838 224053995.486526 48514921.3262035 29077105.3171126 25032.0647636602 438275.116984366 1517116384.81619 1706783763.52329 907920937.697062 1247507925.35367 256199246.969542 170520518.40829 0 0
29 18724.8830156335 838714.907262384 1.3505789727953 255212582.464081 298968948.466471 154970939.259155 215147412.483408 46586358.6476257 27921233.7093116 25032.0647636602 438275.116984366 1527681569.04461 1719160355.57306 914336360.116745 1256414508.35679 258127809.64812 171676390.016091 0 0
30 18724.8830156335 838714.903607143 1.35172608605055 245067385.888723 287084351.230568 148810542.984519 206594884.346866 44734460.27472 26811310.358854 25032.0647636602 438275.116984366 1537826765.61997 1731044952.80896 920496756.391381 1264967036.49333 259979708.021025 172786313.366549 0 0
31 18724.8830156335 838714.90641617 1.35277099331207 235325467.709727 275672174.738718 142895026.610646 198382324.963626 42956176.1093364 25745507.2090777 25032.0647636602 438275.116984366 1547568683.79897 1742457129.30081 926412272.765255 1273179595.87657 261757992.186409 173852116.516325 0 0
32 18724.8830156335 838714.918259646 1.35372269709813 225970779.805952 264713619.4088 137214645.349943 190496205.566005 41248576.7366322 24722068.5340832 34769.5423674617 438275.116984366 1556923371.70274 1753415684.63073 932092654.025957 1281065715.27419 263465591.559113 174875555.191319 0 0
33 18724.8830156335 838714.910975862 1.35442817117961 216987970.099492 254190701.039003 131760077.068255 182923584.159505 39608859.7970985 23739314.7577657 34769.5423674617 438275.116984366 1565906181.4092 1763938603.00053 937547222.307645 1288638336.68069 265105308.498647 175858308.967636 0 0
34 18724.8830156335 838714.908040731 1.35507081194738 208362439.425519 244086317.428034 126522456.817528 175652153.46481 38034360.367548 22795648.6755938 34769.5423674617 438275.116984366 1574531712.08317 1774042986.6115 942784842.558372 1295909767.37538 266679807.928197 176801975.049808 0 0
35 18724.8830156335 838714.906561683 1.35565629936493 200079743.280958 234383547.553217 121493013.563876 168669736.584407 36522441.7566615 21889490.0036245 34769.5423674617 438275.116984366 1582814408.22773 1783745756.48631 947814285.812024 1302892184.25579 268191726.539084 177708133.721778 0 0
36 18724.8830156335 838714.905670748 1.35618971056044 192126170.930404 225066329.964496 116663421.833992 161964775.196141 35070601.2146502 21019338.7349072 34769.5423674617 438275.116984366 1590767980.57829 1793062974.07503 952643877.541908 1309597145.64405 269643567.081095 178578284.990495 0 0
37 18724.8830156335 838714.905559499 1.35667558342038 184488781.176344 216119504.68749 112025823.43564 155526359.707968 33676476.4627313 20183779.0528832 34769.5423674617 438275.116984366 1598405370.33235 1802009799.35204 957281475.94026 1316035561.13223 271037691.833014 179413844.672519 0 0
38 18724.8830156335 838714.90570576 1.35711813003277 177154993.296303 207528334.026535 107572579.065302 149343884.412829 32337771.0230287 19381434.5783432 34769.5423674617 438275.116984366 1605739158.21239 1810600970.013 961734720.310598 1322218036.42737 272376397.272717 180216189.147059 0 0
39 18724.8830156335 838714.905595172 1.3575211978358 170112728.487528 199278668.26016 103296354.196643 143407166.728291 31052280.0378054 18610983.8440173 34769.5423674617 438275.116984366 1612781423.02116 1818850635.77937 966010945.179256 1328154754.1119 273661888.25794 180986639.881385 0 0
40 18724.8830156335 838714.905123537 1.35788830315208 163350385.780103 191356917.424489 99190104.454394 137706426.89101 29817885.8726565 17871157.6593775 44507.0199712632 438275.116984366 1619543765.72859 1826772386.61504 970117194.921506 1333855493.94918 274896282.423089 181726466.066025 0 0
41 18724.8830156335 838714.905412879 1.35816196752197 156856883.304906 183750099.65661 95247100.673205 132232322.746126 28632565.6495388 17160743.6255103 44507.0199712632 438275.116984366 1626037268.20379 1834379204.38292 974060198.702695 1339329598.09406 276081602.646207 182436880.099892 0 0
42 18724.8830156335 838714.905529544 1.35841119042046 150621632.631557 176445811.132754 91460913.3150592 126975928.113838 27494386.5624345 16478583.3275899 44507.0199712632 438275.116984366 1632272518.87714 1841683492.90677 977846386.060841 1344585992.72635 277219781.733311 183119040.397812 0 0
43 18724.8830156335 838714.905588225 1.35863819782206 144634214.679618 169431846.414253 87825215.6751135 121928459.578474 26401446.7183674 15823536.8783227 44507.0199712632 438275.116984366 1638259936.82908 1848697457.62528 981482083.700787 1349633461.26172 278312721.577378 183774086.84708 0 0
44 18724.8830156335 838714.905623611 1.35884497921797 138884713.566494 162696589.533887 84333986.6018067 117081557.926464 25351936.0778072 15194519.4421857 44507.0199712632 438275.116984366 1644009437.9422 1855432714.50564 984973312.774094 1354480362.91373 279362232.217938 184403104.283217 0 0
45 18724.8830156335 838714.905628092 1.35903330818193 133363775.509706 156229082.996983 80981546.2636719 112427337.801692 24344147.2066567 14590507.6795606 44507.0199712632 438275.116984366 1649530375.99899 1861900221.04255 988325753.112228 1359134583.0385 280370021.089089 185007116.045842 0 0
46 18724.8830156335 838714.905622289 1.35920482892632 128062306.054854 150018673.098923 77762372.2992073 107958132.464875 23376420.0084182 14010506.6223144 44507.0199712632 438275.116984366 1654831845.45384 1868110630.94061 991544927.076693 1363603788.37531 281337748.287327 185587117.103088 0 0
47 18724.8830156335 838714.905626632 1.35936104130373 122971573.65561 144055131.263989 74671162.7130229 103666581.11279 22447160.6316254 13453561.0058464 44507.0199712632 438275.116984366 1659922577.85308 1874074172.77554 994636136.662877 1367895339.7274 282267007.66412 186144062.719556 0 0
48 18724.8830156335 838714.905645287 1.35950331456412 118083192.144462 138328633.510704 71702825.2316756 99545614.1008953 21554838.2700632 12918753.3513208 54244.4975750647 438275.116984366 1664810959.36423 1879800670.52883 997604474.144225 1372016306.73929 283159330.025682 186678870.374082 0 0
49 18724.8830156335 838714.90563386 1.35960960267617 113389158.47463 132829804.664625 68852500.2214254 95588484.760235 20697992.0521554 12405208.0947769 54244.4975750647 438275.116984366 1669504993.03406 1885299499.37491 1000454799.15447 1375973436.07995 284016176.24359 187192415.630626 0 0
50 18724.8830156335 838714.905629251 1.35970638814254 108881801.243758 127549658.05639 66115529.430641 91788726.0022706 19875221.6445093 11912085.9554237 54244.4975750647 438275.116984366 1674012350.26493 1890579645.98314 1003191769.94526 1379773194.83791 284838946.651236 187685537.769979 0 0
51 18724.8830156335 838714.905626935 1.35979453853914 104553599.708902 122479383.506706 63487346.0915459 88139997.7462412 19085154.2150151 11438564.1351869 54244.4975750647 438275.116984366 1678340551.79979 1895649920.53283 1005819953.28436 1383421923.09394 285629014.08073 188159059.590216 0 0
52 18724.8830156335 838714.905625538 1.35987482967738 100397383.666715 117610581.47612 60963596.2920535 84636255.4206668 18326480.9188597 10983858.1863663 54244.4975750647 438275.116984366 1682496767.84198 1900518722.56341 1008343703.08385 1386925665.41952 286387687.376885 188613765.539037 0 0
53 18724.8830156335 838714.905625359 1.35994795234973 96406391.9859621 112935331.632978 58540174.5180552 81271799.3069965 17597967.5830197 10547228.4153169 54244.4975750647 438275.116984366 1686487759.52273 1905193972.40656 1010767124.85785 1390290121.53319 287116200.712726 189050395.310086 0 0
54 18724.8830156335 838714.905625588 1.3600145466911 92574050.4102886 108445932.560325 56213088.7301607 78041087.2245513 16898414.146505 10127955.5732212 54244.4975750647 438275.116984366 1690320101.0984 1909683371.47921 1013094210.64574 1393520833.61563 287815754.14924 189469668.152182 0 0
55 18724.8830156335 838714.905625418 1.36007519633152 88894047.0599789 104134990.202497 53978506.2100978 74938798.1794536 16226668.4424071 9725349.11627073 54244.4975750647 438275.116984366 1694000104.44871 1913994313.83704 1015328793.1658 1396623122.66073 288487499.853338 189872274.609132 0 0
56 18724.8830156335 838714.905624683 1.36013043385529 85360319.7065805 99995402.9579635 51832745.8335733 71959821.6369765 15581623.8750158 9338745.81346097 54244.4975750647 438275.116984366 1697533831.80211 1918133901.08157 1017474553.54233 1399602099.20321 289132544.420729 190258877.911942 0 0
57 18724.8830156335 838714.905623633 1.36018073841379 81967062.7092038 96020369.8048665 49772282.2821527 69099263.3689312 14962220.6859681 8967510.50544928 54244.4975750647 438275.116984366 1700927088.79949 1922108934.23467 1019535017.09375 1402462657.47125 289751947.609777 190630113.219954 0 0
58 18724.8830156335 838714.905623142 1.36022655394448 78708678.9786238 92203334.0293326 47793716.8747602 66352404.9588016 14367437.1858021 8611030.84924365 54244.4975750647 438275.116984366 1704185472.53007 1925925970.0102 1021513582.50114 1405209515.88138 290346731.109943 190986592.876159 0 0
59 18724.8830156335 838714.905624346 1.3602682716814 75579842.640464 88538056.6323024 45893815.6182027 63714756.6275957 13796301.1924592 8268724.173795 54244.4975750647 438275.116984366 1707314308.86823 1929591247.40723 1023413483.7577 1407847164.21259 290917867.103286 191328899.551608 0 0
60 18724.8830156335 838714.905627229 1.36030626306918 72575384.8064573 85018482.5161977 44069439.8448566 61181960.937583 13247869.1800352 7940024.98293563 54244.4975750647 438275.116984366 1710318766.70223 1933110821.52334 1025237859.53104 1410379959.9026 291466299.11571 191657598.742467 0 0
61 18724.8830156335 838714.905631361 1.36034086021661 69690362.7271203 81638821.493868 42317588.2037598 58749851.088868 12721238.90187 7624392.52094669 54244.4975750647 438275.116984366 1713203788.78157 1936490482.54567 1026989711.17214 1412812069.75132 291992929.393875 191973231.204456 0 0
62 18724.8830156335 838714.905634285 1.36037236798039 66920023.3867775 78393505.6419579 40635374.554674 56414420.2295387 12215542.7452042 7321306.78971438 54244.4975750647 438275.116984366 1715974128.12192 1939735798.39758 1028671924.82123 1415147500.61065 292498625.550541 192276316.935688 0 0
63 18724.8830156335 838714.905633188 1.360401060183 64259813.5602342 75277201.0818026 39020034.0747277 54171829.9335673 11729949.5669183 7030269.64896848 54244.4975750647 438275.116984366 1718634337.94846 1942852102.95773 1030287265.30117 1417390090.90662 292984218.728827 192567354.076434 0 0
64 18724.8830156335 838714.905627145 1.36042719003095 61705349.6982007 72284772.7016884 37468904.9721545 52018384.8138455 11263659.1964353 6750801.52163245 54244.4975750647 438275.116984366 1721188801.81049 1945844531.33785 1031838394.40375 1419543536.02634 293450509.09931 192846822.20377 0 0
65 18724.8830156335 838714.905614184 1.36045098546545 59252429.7842945 69411298.0467457 35979435.6861368 49950542.5177854 10815904.6000912 6482442.69102488 54244.4975750647 438275.116984366 1723641721.7244 1948718005.99279 1033327863.68976 1421611378.3224 293898263.695654 193115181.034378 0 0
66 18724.8830156335 838714.905590075 1.36047265888376 56897001.4810102 66652030.0035247 34549165.5443073 47964886.8739728 10385946.0665185 6224749.81590661 54244.4975750647 438275.116984366 1725997150.02768 1951477274.03601 1034758133.83159 1423597033.96621 294328222.229227 193372873.909496 0 0
67 18724.8830156335 838714.905551574 1.36049239731814 54635196.3395294 64002436.875099 33175745.5357315 46058156.7314659 9973077.45128514 5977299.67316493 54244.4975750647 438275.116984366 1728258955.16916 1954126867.16443 1036131553.84017 1425503764.10872 294741090.84446 193620324.052238 0 0
68 18724.8830156335 838714.905496061 1.36051036952136 52463307.1075145 61458175.798267 31856924.5316787 44227226.8299813 9576622.03467258 5739686.67519936 54244.4975750647 438275.116984366 1730430844.40118 1956671128.24127 1037450374.84422 1427334694.0102 295137546.261073 193857937.050203 0 0
69 18724.8830156335 838714.90542171 1.36052672947895 50377776.6765026 59015079.7959678 30590542.5742258 42469098.4824075 9195930.50413909 5511521.66072419 54244.4975750647 438275.116984366 1732516374.83219 1959114224.24357 1038716756.80167 1429092822.35778 295518237.791606 194086102.064679 0 0
70 18724.8830156335 838714.905316431 1.36054161728034 48375178.7317817 56669135.1095666 29374519.1264182 40780883.2624078 8830377.4221593 5292429.77779083 54244.4975750647 438275.116984366 1734518972.77691 1961460168.92997 1039932780.24948 1430781037.57778 295883790.873586 194305193.947612 0 0
71 18724.8830156335 838714.905165884 1.36055516379925 46452214.554956 54416477.4532178 28206851.1307138 39159800.3089427 8479360.64256636 5082050.13397628 54244.4975750647 438275.116984366 1736441936.95374 1963712826.58632 1041100448.24519 1432402120.53124 296234807.653179 194515573.591426 0 0
72 18724.8830156335 838714.90495727 1.36056749452939 44605706.2448586 52253384.0724982 27085608.8925655 37603170.6114141 8142300.0731012 4880035.05472496 54244.4975750647 438275.116984366 1738288445.26383 1965875919.96704 1042221690.48334 1433958750.22877 296571868.222644 194717588.670678 0 0
