"Time" "IECs" "pheme_e" "BiomassCD" "pro_L_e" "leu_L_e" "ile_L_e" "val_L_e" "trp_L_e" "cys_L_e" "Drug" "Damage" "pro_L_v" "leu_L_v" "ile_L_v" "val_L_v" "trp_L_v" "cys_L_v" "CD" "pheme_c"
0 457000 1e+05 0.4963 224235600.199112 195370466.451958 120509812.093413 157438605.791629 18978882.6152 31300034.1459915 0 0 0 0 0 0 0 0 45700000 1000
1 368936.126470033 134889.266603071 0.594123777994571 301343804.13163 323435256.001339 176887951.646068 240568839.437151 45930779.1394793 35296862.2201958 0 88063.8735299668 238119644.552614 238192860.46175 135515063.822493 181820643.679509 30465365.9674426 29819699.3613029 48532264.0513465 786.598365475754
2 293455.522233579 213151.505566891 0.697811966519144 341046167.980997 383383589.147113 204402730.494967 280494949.367223 57767521.1064066 38055125.7372761 0 163544.477766421 468400646.629344 492168360.33539 272347775.544218 368895482.06988 67841249.7433503 56045987.8710211 52252901.6077422 1080.1318893241
3 228952.496060921 294903.868234101 0.803528752663515 370900209.60414 424007952.076419 223955565.627446 308373269.574552 65141822.9176898 40660447.874016 0 228047.503939079 669015870.840177 719812083.25817 393087689.548682 534894166.814107 102521844.520219 78209827.7845818 57057146.2396232 1318.39877597266
4 174263.326051243 367696.907145817 0.907130622991156 398808742.642733 459541061.167561 241586376.356901 333245971.263251 71179968.3085691 43407893.1080534 0 282736.673948757 836185474.005001 911731232.237279 494205729.708622 674258049.190113 132139545.763163 96463023.8342608 63165462.7291197 1472.48809258203
5 128560.597684995 427272.592502508 1.00479453403962 426868286.076438 494226542.740891 258995135.685892 357725477.899393 76855772.2824632 46337864.878344 0 328439.402315005 970712274.602028 1067123397.93917 575767321.942778 786837107.165364 156259903.743999 111082899.756609 70824627.2192072 1557.33831832447
6 91226.3720539118 471968.526829828 1.09354969917139 454955045.903044 528708590.515595 276271691.790984 382067963.763953 82390393.8007759 49372834.0676489 0 365773.627946088 1074851759.45866 1187914394.56414 638980500.341936 874199178.838147 175064512.065262 122384273.20964 80308688.3431544 1590.10509563189
7 61708.5263418603 501208.732794988 1.17156371264941 481862149.083267 562024803.907134 292753125.117331 405449023.638173 87684960.9332179 52364483.2335913 0 395291.47365814 1151691528.79161 1277362901.48903 685653196.8191 938787580.204239 189012052.799935 130727476.797126 91917619.9929723 1583.19951265671
8 39379.4469002187 515241.180746532 1.2381520275139 505865809.172571 592485888.70145 307424454.377785 426545837.164545 92499330.7068421 55128431.6027941 9737.47760380151 417620.553099781 1205095408.45946 1339768458.0925 718103204.609618 983765891.027615 198751675.039331 136537894.933513 105972234.042622 1545.12466680854
9 38756.2264680445 676201.468868556 1.25089573050335 467164817.559145 547118434.799551 283897770.218374 393893738.028154 85420867.8789549 50907141.9134509 6777.04446625436 418243.773531955 1246029398.88136 1387708291.5725 742978965.409115 1018279777.13336 206236442.269633 140998501.268812 3.47014309778434 138.97453218523
10 38756.2264204369 747554.674178238 1.26260434442596 429544108.956347 503059074.088855 261035527.846585 362173537.827909 78541938.9477724 46807597.8556038 6646.6719654075 418243.773579563 1283650107.65474 1431767652.47979 765841207.884009 1049999977.4759 213115371.231853 145098045.34494 1.23448379531019e-05 8.60285919200279
11 38756.2264204367 777666.603384367 1.27334291038406 394952989.903655 462547806.539117 240014378.138207 333007760.196413 72216969.0456762 43038189.4148091 6638.61142644461 418243.773579563 1318241226.70743 1472278920.02953 786862357.592388 1079165755.10739 219440341.13395 148867453.785735 2.35215260880542e-08 0.542320232642332
12 38756.2264204367 790374.207314375 1.28317581243468 363147488.188906 425298904.948014 220686058.28601 306190698.017607 66401347.9678955 39572330.8386623 6638.10333263382 418243.773579563 1350046728.42218 1509527821.62064 806190677.444585 1105982817.2862 225255962.21173 152333312.361882 2.78255226904794e-08 0.0342264219419298
13 38756.2264204367 795736.972056328 1.29216605073692 333903278.489135 391049651.501676 202914244.969833 281533209.608136 61054057.9342922 36385577.3046475 6638.07126649855 418243.773579563 1379290938.12195 1543777075.06697 823962490.760763 1130640305.69567 230603252.245334 155520065.895896 3.29615141558078e-08 0.00216028678278597
14 38756.2264204367 798000.12463354 1.30037466936273 307014100.363485 359558485.009449 186573592.964515 258861384.833929 56137384.3199529 33455452.527867 6638.06924256251 418243.773579563 1406180116.2476 1575268241.5592 840303142.76608 1153312130.46988 235519925.859673 158450190.672677 3.90923387833645e-08 0.000136350878166785
15 38756.2264204367 798955.180671697 1.30786032152897 282290304.474537 330603298.316108 171548851.673281 238015319.345122 51616649.8324401 30761290.3421822 6638.06911488212 418243.773579563 1430903912.13655 1604223428.25254 855327884.057314 1174158195.95868 240040660.347186 161144352.858362 -5.66250501052603e-08 8.67056053887403e-06
16 38756.2264204367 799358.153350249 1.31467895435125 259557517.505287 303979874.724069 157734053.792896 218847988.890177 47459970.3924876 28284089.215669 16375.5467105636 418243.773579563 1453636699.1058 1630846851.84458 869142681.937699 1193325526.41363 244197339.787138 163621553.984875 0 5.50557002673533e-07
17 38756.2264204367 799528.278979917 1.31943821326527 238655426.235944 279500463.969201 145031776.392684 201224224.100543 43638032.8030134 26006379.7509678 16375.5467099943 418243.773579563 1474538790.37514 1655326262.59945 881844959.337911 1210949291.20326 248019277.376612 165899263.449576 0 -1.87982029311076e-08
18 38756.2264204367 799600.086780532 1.32378601382579 219436560.162292 256992356.488598 133352401.10725 185019684.045628 40123872.151457 23912092.026706 16375.5467099584 418243.773579563 1493757656.4488 1677834370.08005 893524334.623345 1227153831.25818 251533438.028169 167993551.173838 0 -5.46559290096504e-08
19 38756.2264204367 799630.413409546 1.32775544247506 201765487.944441 236296942.34436 122613625.815442 170120178.712169 36892724.8808116 21986468.0341895 16375.5467099584 418243.773579563 1511428728.66665 1698529784.22429 904263109.915153 1242053336.59164 254764585.298814 169919175.166355 0 -5.46559290096504e-08
20 38756.2264204367 799643.392555889 1.33137740305175 185517434.731931 217268091.90874 112739624.383757 156420503.190861 33921775.9681661 20215911.0067506 16375.5467099584 418243.773579563 1527676781.87916 1717558634.65991 914137111.346838 1255753012.11295 257735534.211459 171689732.193794 0 -5.46559290096504e-08
21 38756.2264204367 799648.718043963 1.3346805973305 170577849.296902 199771648.913684 103660783.611579 143824072.701259 31190079.7752094 18587938.2500731 16375.5467099584 418243.773579563 1542616367.31418 1735055077.65496 923215952.119016 1268349442.60255 260467230.404416 173317704.950471 0 -5.46559290096504e-08
22 38756.2264204367 799650.964756188 1.33769167196913 156841316.810045 183684157.152198 95313042.5211449 132242005.890144 28678361.2498215 17091062.6669403 16375.5467099584 418243.773579563 1556352899.80104 1751142569.41645 931563693.20945 1279931509.41366 262978948.929804 174814580.533604 0 -5.46559290096504e-08
23 38756.2264204367 799651.88719978 1.3404352747697 144210995.420606 168892200.631008 87637549.9651543 121592649.779475 26368912.9049931 15714731.361128 16375.5467099584 418243.773579563 1568983221.19048 1765934525.93764 939239185.765441 1290580865.52433 265288397.274633 176190911.839416 0 -5.46559290096504e-08
24 38756.2264204367 799652.297071807 1.34293422045188 132597661.711886 155291285.659112 80580084.5465738 111800774.934578 24245420.2808093 14449221.6202973 26113.0243137599 418243.773579563 1580596554.8992 1779535440.90954 946296651.184021 1300372740.36923 267411889.898816 177456421.580247 0 0
25 38756.2264204367 799652.439687605 1.34475854742604 121919737.906156 142785872.708733 74091071.1511705 102797598.402197 22292966.918857 13285643.8805263 26113.0243137599 418243.773579563 1591274478.70493 1792040853.85992 952785664.579424 1309375916.90161 269364343.260768 178619999.320018 0 0
26 38756.2264204367 799652.500255609 1.34642192519143 112101628.969065 131287428.920976 68124570.3997674 94519381.6268222 20497730.302545 12215760.5198943 26113.0243137599 418243.773579563 1601092587.64202 1803539297.64768 958752165.330827 1317654133.67699 271159579.87708 179689882.68065 0 0
27 38756.2264204367 799652.525786603 1.34793819729113 103074126.245725 120714900.822821 62638523.9393724 86907770.7796686 18847055.6617726 11232029.8428723 26113.0243137599 418243.773579563 1610120090.36536 1814111825.74583 964238211.791222 1325265744.52414 272810254.517853 180673613.357672 0 0
28 38756.2264204367 799652.536861526 1.34932007918404 94773576.3098423 110993740.927696 57594249.3497507 79909095.9672024 17329303.9973834 10327515.5094708 26113.0243137599 418243.773579563 1618420640.30124 1823832985.64096 969282486.380844 1332264419.33661 274328006.182242 181578127.691074 0 0
29 38756.2264204367 799652.541164048 1.35057924035564 87141436.3487498 102055387.026225 52956169.9492828 73473996.3504886 15933770.7835269 9495838.08536534 26113.0243137599 418243.773579563 1626052780.26234 1832771339.54243 973920565.781312 1338699518.95332 275723539.396098 182409805.115179 0 0
30 38756.2264204367 799652.541860405 1.35172636496595 80123944.7015598 93836876.3381404 48691614.5797912 67557142.3568073 14650625.7257137 8731139.14030284 26113.0243137599 418243.773579563 1633070271.90953 1840989850.23051 978185121.150804 1344616372.947 277006684.453911 183174504.060241 0 0
31 38756.2264204367 799652.543113399 1.35277126066066 73671571.1306584 86280201.6996741 44770483.5345165 62116772.1716859 13470812.2432165 8028021.3439613 26113.0243137599 418243.773579563 1639522645.48043 1848546524.86898 982106252.196078 1350056743.13212 278186497.936409 183877621.856583 0 0
32 38756.2264204367 799652.544341886 1.35372289980387 67738803.0314185 79332061.1838165 41165118.6369761 57114511.4799145 12386008.3776159 7381525.16913423 35850.5019175614 418243.773579563 1645455413.57967 1855494665.38484 985711617.093619 1355059003.82389 279271301.802009 184524118.03141 0 0
33 38756.2264204367 799652.544392608 1.35442830779245 62283886.0383254 72943554.3120907 37850145.6063576 52515154.7555347 11388579.3627525 6787100.6254738 35850.5019175614 418243.773579563 1650910330.57276 1861883172.25657 989026590.124237 1359658360.54827 280268730.816872 185118542.57507 0 0
34 38756.2264204367 799652.544414149 1.35507101826881 57268209.653654 67069462.5357359 34802100.7018157 48286147.2497631 10471465.2872184 6240540.31119556 35850.5019175614 418243.773579563 1655926006.95743 1867757264.03292 992074635.028779 1363887368.05404 281185844.892407 185665102.889349 0 0
35 38756.2264204367 799652.544423229 1.35565654991609 52656421.911763 61668383.5243931 31999500.4043844 44397681.6711051 9628202.06066927 5737991.90809366 35850.5019175614 418243.773579563 1660537794.69933 1873158343.04426 994877235.326211 1367775833.6327 282029108.118956 186167651.29245 0 0
36 38756.2264204367 799652.544427168 1.35618994578172 48416005.1007581 56702234.2740219 29422583.5814774 40822340.4516946 8852843.83473001 5275911.94775638 35850.5019175614 418243.773579563 1664778211.51033 1878124492.29463 997454152.149118 1371351174.85211 282804466.344895 186629731.252788 0 0
37 38756.2264204367 799652.544428698 1.35667581249767 44517052.0172256 52135989.068417 27053175.516071 37534907.0946898 8139922.09127721 4851041.42995258 35850.5019175614 418243.773579563 1668677164.59386 1882690737.50024 999823560.214524 1374638608.20912 283517388.088348 187054601.770592 0 0
38 38756.2264204367 799652.544428946 1.35711835009807 40932098.0173913 47937482.7865136 24874585.8435781 34512224.5668699 7484414.93307248 4460387.52117755 35850.5019175614 418243.773579563 1672262118.5937 1886889243.78214 1002002149.88702 1377661290.73693 284172895.246552 187445255.679367 0 0
39 38756.2264204367 799652.544429391 1.35752140053933 37635840.1000091 44077081.9072994 22871437.837491 31732958.4411345 6881695.71820028 4101192.94300011 35850.5019175614 418243.773579563 1675558376.51108 1890749644.66136 1004005297.8931 1380440556.86267 284775614.461425 187804450.257544 0 0
40 38756.2264204367 799652.544429828 1.35788846706092 34605027.6987389 40527556.6116913 21029602.0435099 29177504.8172267 6327513.09150546 3770924.0716632 45587.9795213629 418243.773579563 1678589188.91235 1894299169.95696 1005847133.68709 1382996010.48658 285329797.088119 188134719.128881 0 0
41 38756.2264204367 799652.544429846 1.35816209820558 31818331.3076134 37263926.9237124 19336116.4427574 26827879.5522489 5817966.96282138 3467256.62214704 45587.9795213629 418243.773579563 1681375885.30347 1897562799.64494 1007540619.28784 1385345635.75156 285839343.216803 188438386.578397 0 0
42 38756.2264204367 799652.544429854 1.35841134005982 29256024.1155866 34263089.8579125 17778992.9799286 24667449.8282958 5349450.29399644 3188040.95575526 45587.9795213629 418243.773579563 1683938192.4955 1900563636.71074 1009097742.75067 1387506065.47551 286307859.885628 188717602.244789 0 0
43 38756.2264204367 799652.544429857 1.35863835789391 26900047.31501 31503895.9051598 16347257.2514907 22680989.2178163 4918661.04051825 2931309.1968063 45587.9795213629 418243.773579563 1686294169.29608 1903322830.66349 1010529478.47911 1389492526.08599 286738649.139106 188974334.003738 0 0
44 38756.2264204367 799652.544429859 1.35884512662839 24733788.9848221 28966890.0724658 15030814.1321879 20854491.2472131 4522561.72040859 2695251.1374439 45587.9795213629 418243.773579563 1688460427.62627 1905859836.49619 1011845921.59841 1391319024.05659 287134748.459216 189210392.0631 0 0
45 38756.2264204367 799652.544429859 1.35903344714983 22741970.7282451 26634179.1191217 13820378.8843542 19175073.8145134 4158358.68597928 2478201.88450028 45587.9795213629 418243.773579563 1690452245.88284 1908192547.44953 1013056356.84625 1392998441.48929 287498951.493645 189427441.316044 0 0
46 38756.2264204367 799652.544429859 1.3592049588303 20910561.9703203 24489331.1865581 12707425.0762127 17630906.9286534 3823486.45317685 2278632.52046348 45587.9795213629 418243.773579563 1692283654.64077 1910337395.38209 1014169310.65439 1394542608.37515 287833823.726448 189627010.680081 0 0
47 38756.2264204367 799652.54442986 1.35936115930834 19226636.4267516 22517207.7023357 11684097.357465 16211091.6900395 3515581.45697771 2095134.46282826 45587.9795213629 418243.773579563 1693967580.18434 1912309518.86631 1015192638.37313 1395962423.61377 288141728.722647 189810508.737716 0 0
48 38756.2264204367 799652.54442986 1.35950341251179 17678316.3163255 20703898.0447161 10743177.5569756 14905613.2528061 3232471.8506554 1926413.38490064 55325.4571251644 418243.773579563 1695515900.29476 1914122828.52394 1016133558.17362 1397267902.051 288424838.328969 189979229.815644 0 0
49 38756.2264204367 799652.54442986 1.35960968454004 16254705.5893535 19036641.343388 9878044.10545163 13705284.525845 2972165.29663259 1771281.93967391 55325.4571251644 418243.773579563 1696939511.02173 1915790085.22527 1016998691.62514 1398468230.77796 288685144.882992 190134361.260871 0 0
50 38756.2264204367 799652.54442986 1.35970647405173 14945725.9304578 17503634.4147046 9082572.37373477 12601607.8972471 2732818.97966724 1628641.88898476 55325.4571251644 418243.773579563 1698248490.68063 1917323092.15395 1017794163.35686 1399571907.40656 288924491.199957 190277001.31156 0 0
51 38756.2264204367 799652.54442986 1.35979462565908 13742152.1497186 16094073.2099021 8351156.18013147 11586805.0746305 2512746.0781074 1497487.96010125 55325.4571251644 418243.773579563 1699452064.46137 1918732653.35875 1018525579.55046 1400586710.22918 289144564.101517 190408155.240443 0 0
52 38756.2264204367 799652.54442986 1.35987490917891 12635497.9054721 14798018.9797562 7678638.34373878 10653720.731407 2310394.86835833 1376895.39288914 55325.4571251644 418243.773579563 1700558718.70561 1920028707.5889 1019198097.38686 1401519794.5724 289346915.311266 190528747.807656 0 0
53 38756.2264204367 799652.54442986 1.35994802612368 11617958.0764336 13606330.7838958 7060275.66377248 9795773.91737885 2124338.18765225 1266013.66007847 55325.4571251644 418243.773579563 1701576258.53465 1921220395.78476 1019816460.06682 1402377741.38643 289532971.991972 190639629.540466 0 0
54 38756.2264204367 799652.54442986 1.3600146147082 10682365.0081369 12510614.248975 6491712.3303681 9006921.16757494 1953265.43373029 1164061.69942017 55325.4571251644 418243.773579563 1702511851.60295 1922316112.31968 1020385023.40023 1403166594.13623 289704044.745894 190741581.501124 0 0
55 38756.2264204367 799652.54442986 1.36007525767756 9822115.18218009 11503135.6876175 5968935.36121314 8281594.67284169 1795969.15634845 1070319.92280362 55325.4571251644 418243.773579563 1703372101.42891 1923323590.88104 1020907800.36938 1403891920.63096 289861341.023276 190835323.277741 0 0
56 38756.2264204367 799652.54442986 1.36013048549884 9031140.71720583 10576788.7218899 5488257.28258837 7614678.25066726 1651339.84624524 984127.11070681 55325.4571251644 418243.773579563 1704163075.89388 1924249937.84677 1021388478.44801 1404558837.05314 290005970.333379 190921516.089838 0 0
57 38756.2264204367 799652.54442986 1.3601807819047 8303857.48600081 9725033.52082502 5046284.59993923 7001463.59970063 1518356.4483776 904874.758495344 55325.4571251644 418243.773579563 1704890359.12509 1925101693.04783 1021830451.13066 1405172051.70411 290138953.731247 191000768.442049 0 0
58 38756.2264204367 799652.54442986 1.36022658635267 7635142.17696095 8941869.93603745 4639903.85804422 6437630.95894321 1396082.16762059 832004.576800908 55325.4571251644 418243.773579563 1705559074.43412 1925884856.63262 1022236831.87255 1405735884.34486 290261228.012004 191073638.623744 0 0
59 38756.2264204367 799652.54442986 1.36026829807384 7020294.0587704 8221792.72256169 4266258.40527034 5919216.8693333 1283657.47745685 765004.32500264 55325.4571251644 418243.773579563 1706173922.55231 1926604933.84609 1022610477.32533 1406254298.43447 290373652.702168 191140638.875542 0 0
60 38756.2264204367 799652.54442986 1.36030628314484 6454968.11158373 7559713.2256711 3922707.75714763 5442557.79276959 1180287.89304465 703400.524504607 55325.4571251644 418243.773579563 1706739248.4995 1927267013.34298 1022954027.97345 1406730957.51104 290477022.28658 191202242.67604 0 0
61 38756.2264204367 799652.54442986 1.36034087700852 5935151.36312117 6950931.666979 3606813.21572764 5004270.15970134 1085239.64428395 646755.880070394 55325.4571251644 418243.773579563 1707259065.24796 1927875794.90168 1023269922.51487 1407169245.1441 290572070.53534 191258887.320474 0 0
62 38756.2264204367 799652.54442986 1.36037238070877 5457194.53052727 6391174.20169023 3316357.09845679 4601277.04821359 997845.461515455 594672.727849426 55325.4571251644 418243.773579563 1707737022.08056 1928435552.36697 1023560378.63214 1407572238.25559 290659464.718109 191310970.472695 0 0
63 38756.2264204367 799652.54442986 1.36040107006646 5017727.51942558 5876493.95561594 3049291.38664243 4230736.93638182 917489.124562369 546783.827274275 55325.4571251644 418243.773579563 1708176489.09166 1928950232.61304 1023827444.34395 1407942778.36742 290739821.055062 191358859.37327 0 0
64 38756.2264204367 799652.54442986 1.36042719639674 4613650.71924816 5403260.83072934 2803732.4355928 3890036.36285979 843603.871085475 502751.412509146 55325.4571251644 418243.773579563 1708580565.89184 1929423465.73793 1024073003.295 1408283478.94095 290813706.308539 191402891.788036 0 0
65 38756.2264204367 799652.54442986 1.36045098858887 4242114.15994865 4968137.09462344 2577948.30807516 3576772.35269597 775668.585397893 462264.92114834 55325.4571251644 418243.773579563 1708952102.45114 1929858589.47403 1024298787.42252 1408596742.95111 290881641.594226 191443378.279396 0 0
66 38756.2264204367 799652.54442986 1.36047265509714 3900497.4165871 4568053.84583611 2370346.56225846 3288735.47372418 713204.124027835 425038.80441062 55325.4571251644 418243.773579563 1709293719.1945 1930258672.72282 1024506389.16834 1408884779.83008 290944106.055596 191480604.396134 0 0
67 38756.2264204367 799652.54442986 1.36049238572821 3586391.33926707 4200189.61693021 2179463.14892923 3023894.43201453 655769.975046173 390810.536242959 55325.4571251644 418243.773579563 1709607825.27182 1930626536.95173 1024697272.58167 1409149620.87179 291001540.204578 191514832.664302 0 0
68 38756.2264204367 799652.54442986 1.36051035347938 3297580.00952152 3861949.24277824 2003951.44632113 2780380.85825635 602960.958800055 359338.647100496 55325.4571251644 418243.773579563 1709896636.60156 1930964777.32588 1024872784.28427 1409393134.44555 291054349.220824 191546304.553444 0 0
69 38756.2264204367 799652.54442986 1.36052671582383 3032026.15398298 3550946.77783343 1842573.39594904 2556477.00917806 554404.560809336 330401.1344682 55325.4571251644 418243.773579563 1710162190.4571 1931275779.79082 1025034162.33465 1409617038.29463 291102905.618815 191575242.066076 0 0
70 38756.2264204367 799652.54442986 1.36054161615437 2787857.27718052 3264989.25560363 1694191.07545884 2350604.07530434 509758.396155 303793.951746051 55325.4571251644 418243.773579563 1710406359.3339 1931561737.31305 1025182544.65514 1409822911.2285 291147551.783469 191601849.248799 0 0
71 38756.2264204367 799652.54442986 1.36055518510384 2563351.21536247 3002059.77006156 1557757.91963272 2161310.00054678 468707.568002426 279329.434043185 55325.4571251644 418243.773579563 1710630865.39572 1931824666.79859 1025318977.81096 1410012205.30326 291188602.611622 191626313.766501 0 0
72 38756.2264204367 799652.54442986 1.36056754157926 2356924.53590601 2760303.88965404 1432311.67066784 1987259.70107355 430962.546438858 256835.034056785 55325.4571251644 418243.773579563 1710837292.07518 1932066422.679 1025444424.05993 1410186255.60273 291226347.633186 191648808.166488 0 0
