"Time" "IECs" "pheme_e" "BiomassCD" "pro_L_e" "leu_L_e" "ile_L_e" "val_L_e" "trp_L_e" "cys_L_e" "Drug" "Damage" "pro_L_v" "leu_L_v" "ile_L_v" "val_L_v" "trp_L_v" "cys_L_v" "CD" "pheme_c"
0 457000 1e+05 0.4963 224235600.199112 195370466.451958 120509812.093413 157438605.791629 18978882.6152 31300034.1459915 0 0 0 0 0 0 0 0 45700000 1000
1 348874.958941967 145703.600949702 0.594123777909788 353805752.097083 383737267.675889 208667216.36511 284353662.48895 55271287.0855552 40993060.8571894 0 108125.041058032 257500664.397476 261325244.536426 147467252.407104 198404232.845679 34204676.78118 31826989.0550866 48532264.0531085 847.924813470982
2 261394.522927568 240695.363615114 0.697812004541613 413497590.610119 466500932.953988 248234521.557344 340877673.773049 70600285.3659096 45953887.3462624 0 195605.477072431 510695618.921583 542392712.64221 298363407.526357 404960872.027617 75912037.2902939 60458649.9955426 52252899.7476961 1219.17554936813
3 191136.849905216 335440.900038574 0.803529048144562 453328184.085738 518671466.031597 273819978.770442 377104482.888945 79754702.0347811 49659156.5344686 0 265863.150094783 721811988.826407 782423841.664564 425536166.252006 579871476.163495 112564305.817287 83732327.2479197 57057131.0763843 1499.66759142284
4 135470.236537415 415236.646493484 0.907130884752843 486794783.79281 560813908.938608 294824122.025775 406696400.1308 86820905.1777214 53025700.5724617 0 321529.763462584 886731793.673476 971798843.754238 525295359.807843 717374294.277235 141790910.549396 101741762.743162 63165448.6017063 1663.12193938019
5 92308.8184620067 475924.142847649 1.00479481966692 517385540.40956 598723106.337485 313771962.923854 433401034.381666 92999743.0242299 56255486.7198857 0 364691.181537993 1009369170.70795 1113397984.13099 599622361.354387 819969331.538996 163750866.60173 115085961.136695 70824613.9155136 1734.96917301877
6 59888.2645670179 516880.334431612 1.09354997638434 545176059.625613 633267342.98461 330866974.242743 457635347.853365 98541766.0830527 59298167.0640139 0 397111.735432982 1095882675.5174 1213690831.13312 652108815.23284 892511971.514258 179343814.182333 124492773.488243 80308675.6360829 1741.69889878725
7 36578.284322631 539034.888686213 1.17156396184165 568985604.501614 663521543.97238 345460342.095195 478598173.778071 103352561.906163 62010428.7991394 0 420421.715677369 1153195424.1158 1280382837.98175 686899212.78616 940666789.767248 189726937.603919 130731544.166962 91917608.9043562 1702.91398802081
8 20758.5643153541 544334.614949283 1.23815240276416 587436228.100547 688195391.760657 356748073.530284 495256290.014187 107254834.242472 64244392.0985265 9737.47760380151 436241.435684645 1188385855.8773 1321503205.70374 708267693.008094 970297112.119131 196133784.00035 134572353.350369 105972232.852381 1632.54348380298
9 20205.6488526682 707020.505889307 1.25089606646344 564139583.661965 660853047.084498 342587585.638069 475588529.563568 103000097.28946 61692351.2242573 5438.47835539665 436794.351147331 1213663596.41869 1351114578.95958 723618254.290864 991607165.033728 200748974.363885 137336650.908531 3825.612687063 99.4691442682627
10 20205.5805809472 781124.574321857 1.26260464393949 539979261.626614 632550785.863679 327915636.560968 455220567.09417 98588927.2948006 59050261.5528379 5339.89065879217 436794.419419052 1237824163.07161 1379417120.43162 738290350.355237 1011975330.34485 205160188.865971 139978766.788697 6.42619132292322 2.81511583856296
11 20205.5804633262 812589.364227495 1.27334317621637 516853436.7576 605460377.509638 313871912.804949 435724723.711908 94366635.016549 56521301.4525697 5337.14985777856 436794.419536672 1260949988.36207 1406507529.26871 752334074.364604 1031471174.07673 209382481.220902 142507726.934119 0.0115692711153051 0.0780153904041191
12 20205.5804631143 825948.991895605 1.28317604724854 494718026.91947 579530176.327249 300429642.845011 417063833.31234 90325171.8229582 54100649.7101983 5337.07399272913 436794.419536884 1283085398.20095 1432437730.45197 765776344.324999 1050132064.47693 213423944.414631 144928378.676572 2.09587912431667e-05 0.00215724673661435
13 20205.5804631139 831621.352396521 1.29216625707421 473530615.746931 554710494.276854 287563068.301503 399202137.476012 86456793.3719849 51783667.8180101 5337.07189510198 436794.419536885 1304272809.37349 1457257412.50236 778642918.868507 1067993760.31325 217292322.865604 147245360.56876 7.92164969061865e-08 5.96324164385762e-05
14 20205.5804631139 834029.679037106 1.30037484936953 453250603.24212 530953771.086444 275247533.830987 382105409.047607 82754086.9525827 49565915.9008765 5337.07183707459 436794.419536885 1324552821.8783 1481014135.69277 790958453.339023 1085090488.74166 220995029.285007 149463112.485894 7.13702544368849e-08 1.60527020673033e-06
15 20205.5804631139 835052.047890788 1.30786047600019 433839128.799599 508214484.069767 263459440.378692 365740887.237771 79209957.4304072 47443144.2976007 5337.07183549291 436794.419536885 1343964296.32083 1503753422.70945 802746546.791319 1101455010.5515 224539158.807182 151585884.08917 7.9020364637392e-08 2.38301966689757e-08
16 20205.5804631139 835486.278744807 1.3146790843033 415258995.736576 486449059.71835 252176199.347644 350077213.999563 75817613.468613 45411285.3078026 15074.5494392677 436794.419536885 1362544429.38385 1525518847.06087 814029787.822366 1117118683.7897 227931502.768976 153617743.078968 0 0
17 20205.5804631139 835670.955383694 1.31943839293032 397474607.87745 465615799.414397 241376194.088074 335084380.567099 72570555.949516 43466446.2570245 15074.5494392677 436794.419536885 1380328817.24298 1546352107.36482 824829793.081936 1132111517.22216 231178560.288073 155562582.129746 0 0
18 20205.5804631139 835749.101702148 1.32378611874952 380451921.884939 445674823.58978 231038750.949328 320733687.269108 69462569.271254 41604904.283828 15074.5494392677 436794.419536885 1397351503.23549 1566293083.18944 835167236.220683 1146462210.52015 234286546.966335 157424124.102943 0 0
19 20205.5804631139 835782.355578079 1.32775554738332 364158221.887594 426587807.716753 221144002.416902 306997553.532384 66487680.1994808 39823081.69384 15074.5494392677 436794.419536885 1413645203.23283 1585380099.06247 845061984.753108 1160198344.25688 237261436.038108 159205946.692931 0 0
20 20205.5804631139 835796.61167179 1.33137749373184 348562341.922549 408318242.885245 211673022.196254 293849705.408468 63640198.4807639 38117570.285321 15074.5494392677 436794.419536885 1429241083.19788 1603649663.89398 854532964.973756 1173346192.3808 240108917.756825 160911458.10145 0 0
21 20205.5804631139 835802.624386824 1.33468067892211 333634390.730781 390831113.418304 202607658.087982 281264943.566846 60914666.59595 36485101.253728 15074.5494392677 436794.419536885 1444169034.38965 1621136793.36091 863598329.082028 1185930954.22242 242834449.641639 162543927.133043 0 0
22 20205.5804631139 835805.125270238 1.33769174320124 319345760.124434 374092906.673882 193930537.069088 269219150.348891 58305861.2878647 34922546.1067368 15074.5494392677 436794.419536885 1458457664.99599 1637875000.10534 872275450.100922 1197976747.44037 245443254.949724 164106482.280034 0 0
23 20205.5804631139 835806.179968446 1.34043533651211 305669074.287133 358071553.653419 185625034.504346 257689247.026322 55808784.3046077 33426911.1198986 15074.5494392677 436794.419536885 1472134350.83329 1653896353.1258 880580952.665665 1209506650.76294 247940331.932981 165602117.266872 0 0
24 20205.5804631139 835806.61600608 1.34293424932685 292578119.799213 342736347.030937 177675231.652414 246653134.810144 53418649.6236243 31995329.6844431 24812.0270430692 436794.419536885 1485225305.32121 1669231559.74828 888530755.517596 1220542762.97912 250330466.613965 167033698.702327 0 0
25 20205.5804631139 835806.797376884 1.34475871021537 280047703.475885 328057774.619638 170065829.334577 236089575.003463 51130857.4959239 30625046.7609512 24812.0270430692 436794.419536885 1497755721.64454 1683910132.15958 896140157.835433 1231106322.7858 252618258.741665 168403981.625819 0 0
26 20205.5804631139 835806.870118074 1.3464218117149 268054429.338926 314008429.543995 162782619.769837 225978844.014596 48941136.3048726 29313503.8462888 24812.0270430692 436794.419536885 1509748995.7815 1697959477.23522 903423367.400173 1241217053.77467 254807979.932717 169715524.540481 0 0
27 20205.5804631139 835806.907475183 1.34793802905997 256574480.945383 300560412.38124 155811139.83969 216300863.786037 46845137.6657645 28058096.4567552 24812.0270430692 436794.419536885 1521228944.17504 1711407494.39798 910394847.33032 1250895034.00323 256903978.571825 170970931.930015 0 0
28 20205.5804631139 835806.926224326 1.34931989902833 245586125.988124 287688265.138942 149138192.068169 207037313.25644 44838893.7135351 26856448.0225235 24812.0270430692 436794.419536885 1532217299.1323 1724279641.64028 917067795.101841 1260158584.53282 258910222.524054 172172580.364247 0 0
29 20205.5804631139 835806.928254041 1.35057904035381 235068375.117145 275367400.150902 142751030.158229 198170497.702155 42918572.2315632 25706263.2209848 24812.0270430692 436794.419536885 1542735050.00328 1736600506.62832 923454957.011782 1269025400.08711 260830544.006026 173322765.165785 0 0
30 20205.5804631139 835806.928400846 1.35172615754706 225001068.077429 263574200.982081 136637411.301066 189683421.354319 41080492.3786435 24605337.3964861 24812.0270430692 436794.419536885 1552802357.04299 1748393705.79714 929568575.868944 1277512476.43495 262668623.858946 174423690.990284 0 0
31 20205.5804631139 835806.933582681 1.35277108172395 215364889.828539 252286041.311666 130785605.965143 181559800.988212 39321127.632088 23551558.3231129 24812.0270430692 436794.419536885 1562438535.29188 1759681865.46755 935420381.204867 1285636096.80105 264427988.605501 175477470.063657 0 0
32 20205.5804631139 835806.942315395 1.35372276742224 206141384.170052 241481300.894377 125184406.17056 173784077.409955 37637108.2754445 22542907.6947196 34549.5046468707 436794.419536885 1571662040.95037 1770486605.88484 941021580.999451 1293411820.37931 266112007.962145 176486120.69205 0 0
33 20205.5804631139 835806.935311189 1.35442824004262 197312872.796946 231139270.739094 119823076.333458 166341347.217492 36025206.6197028 21577452.2731069 34549.5046468707 436794.419536885 1580490552.32348 1780828636.04012 946382910.836553 1300854550.57177 267723909.617887 177451576.113663 0 0
34 20205.5804631139 835806.932500456 1.35507085378339 188862782.713984 221240536.653632 114691552.096429 159217638.821864 34482396.7823179 20653379.6929251 34549.5046468707 436794.419536885 1588940642.40644 1790727370.12559 951514435.073581 1307978258.9674 269266719.455272 178375648.693844 0 0
35 20205.5804631139 835806.931059762 1.35565637505453 180774370.973729 211765485.357795 109779665.894426 152398837.358726 33005621.8510249 19768859.0034402 34549.5046468707 436794.419536885 1597029054.14669 1800202421.42142 956426321.275585 1314797060.43054 270743494.386565 179260169.383329 0 0
36 20205.5804631139 835806.930335094 1.35618977735174 173032318.964073 202696172.088115 105078115.124926 145872028.726025 31592084.967421 18922215.0142963 34549.5046468707 436794.419536885 1604771106.15635 1809271734.6911 961127872.045085 1321323869.06324 272157031.270168 180106813.372473 0 0
37 20205.5804631139 835806.930255625 1.35667564629554 165621840.029495 194015275.233867 100577920.229081 139624747.278894 30239086.3972575 18111830.7080667 34549.5046468707 436794.419536885 1612181585.09093 1817952631.54535 965628066.94093 1327571150.51037 273510029.840332 180917197.678703 0 0
38 20205.5804631139 835806.930250438 1.35711819048419 158528729.729761 185706155.211881 96270455.2125368 133645018.199412 28944032.7066287 17336152.736372 34549.5046468707 436794.419536885 1619274695.39066 1826261751.56734 969935531.957474 1333550879.58985 274805083.530961 181692875.650398 0 0
39 20205.5804631139 835806.930051738 1.35752126192151 151739379.370429 177752870.316663 92147455.8621699 127921368.903276 27704439.232359 16593692.8995287 34549.5046468707 436794.419536885 1626064045.74999 1834215036.46255 974058531.307841 1339274528.88599 276044677.00523 182435335.487241 0 0
40 20205.5804631139 835806.929715713 1.35788835601664 145240785.175778 170140187.465875 88201025.3165705 122442836.772884 26517931.7567883 15883029.1496695 44286.9822506722 436794.419536885 1632562639.94464 1841827719.31334 978004961.853441 1344753061.01638 277231184.480801 183145999.2371 0 0
41 20205.5804631139 835806.92998458 1.35816201760856 139020504.532974 162853530.943217 84423607.4942407 117198932.269706 25382238.5188708 15202800.8057562 44286.9822506722 436794.419536885 1638782920.58744 1849114375.836 981782379.675771 1349996965.51956 278366877.718719 183826227.581013 0 0
42 20205.5804631139 835806.930092513 1.35841122722643 133066832.775174 155879189.488395 80808094.4494666 112179787.968349 24295222.4910754 14551727.8859682 44286.9822506722 436794.419536885 1644736592.34524 1856088717.29082 985397892.720545 1355016109.82091 279453893.746514 184477300.500801 0 0
43 20205.5804631139 835806.93014777 1.35863824590517 127367990.509121 149203364.303952 77347332.8570878 107375473.446555 23254733.0023895 13928522.2366628 44286.9822506722 436794.419536885 1650435434.6113 1862764542.47526 988858654.312923 1359820424.34271 280494383.2352 185100506.150107 0 0
44 20205.5804631139 835806.930175602 1.35884502180623 121913181.799885 142813408.650266 74034766.621109 102776887.37031 22258798.9407361 13332003.2517937 44286.9822506722 436794.419536885 1655890243.32053 1869154498.12895 992171220.548902 1364419010.41895 281490317.296853 185697025.134976 0 0
45 20205.5804631139 835806.930178678 1.35903334741825 116691989.20461 136697119.166698 70864069.4941191 98375247.4870676 21305518.29878 12761031.715896 44286.9822506722 436794.419536885 1661111435.91581 1875270787.61252 995341917.675892 1368820650.3022 282443597.938809 186267996.670873 0 0
46 20205.5804631139 835806.930178866 1.35920486556762 111694404.651746 130842772.044629 67829163.8294644 94162116.6579796 20393063.8118311 12214513.1809334 44286.9822506722 436794.419536885 1666109020.46867 1881125134.73459 998376823.340546 1373033781.13128 283356052.425758 186814515.205836 0 0
47 20205.5804631139 835806.93018646 1.35936107795095 106910839.911118 125239135.292456 64924226.9394514 90129411.6845083 19519684.8694587 11691399.1112678 44286.9822506722 436794.419536885 1670892585.2093 1886728771.48676 1001281760.23056 1377066486.10476 284229431.368131 187337629.275502 0 0
48 20205.5804631139 835806.93019933 1.35950334535523 102332132.880305 119875476.099681 62143694.9129057 86269408.6080572 18683708.6632541 11190687.5711162 54024.4598544737 436794.419536885 1675471292.24011 1892092430.67953 1004062292.2571 1380926489.18121 285065407.574335 187838340.815653 0 0
49 20205.5804631139 835806.930189047 1.35960963144713 97949522.9906041 114741532.026595 59482247.6798414 82574721.9763757 17883535.696473 10711420.5350319 54024.4598544737 436794.419536885 1679853902.12981 1897226374.75261 1006723739.49016 1384621175.81289 285865580.541116 188317607.851737 0 0
50 20205.5804631139 835806.930184919 1.35970641069766 93754750.4001496 109827627.202596 56934869.2489126 79038388.4666746 17117657.8946263 10252694.7353208 54024.4598544737 436794.419536885 1684048674.72027 1902140279.57661 1009271117.92109 1388157509.32259 286631458.342963 188776333.651448 0 0
51 20205.5804631139 835806.930182806 1.35979456465289 89739523.7378934 105124048.822684 54496524.4819051 75653418.1760104 16384561.426655 9813603.45636664 54024.4598544737 436794.419536885 1688063901.38252 1906843857.95653 1011709462.6881 1391542479.61326 287364554.810934 189215424.930403 0 0
52 20205.5804631139 835806.930181742 1.35987485284403 85896235.2027286 100621884.83984 52162593.3551992 72413397.4737486 15682857.2670843 9393314.73539384 54024.4598544737 436794.419536885 1691907189.91769 1911346021.93937 1014043393.81481 1394782500.31552 288066258.970505 189635713.651375 0 0
53 20205.5804631139 835806.930181624 1.35994797347966 82217545.3381728 96312537.5554197 49928618.8040233 69312138.9527433 15011205.3845596 8991025.95486555 54024.4598544737 436794.419536885 1695585879.78224 1915655369.22379 1016277368.36598 1397883758.83652 288737910.853029 190038002.431904 0 0
54 20205.5804631139 835806.930181616 1.36001456614727 78696402.7391395 92187746.7043612 47790318.6898734 66343698.0428041 14368318.3398905 8605965.99754776 54024.4598544737 436794.419536885 1699107022.38127 1919780160.07485 1018415668.48013 1400852199.74646 289380797.897699 190423062.389221 0 0
55 20205.5804631139 835806.930181327 1.36007521519914 75326051.8506312 88239598.5908504 45743590.5364606 63502379.5852543 13752962.7099293 8237396.0993473 54024.4598544737 436794.419536885 1702477373.26978 1923728308.18836 1020462396.63355 1403693518.20401 289996153.52766 190791632.287422 0 0
56 20205.5804631139 835806.930180835 1.36013044987839 72100037.3195339 84460531.1861662 43784514.1724449 60782741.5016399 13163959.8821182 7884610.3252091 54024.4598544737 436794.419536885 1705703387.80088 1927507375.59304 1022421472.99756 1406413156.28763 290585156.355471 191144418.06156 0 0
57 20205.5804631139 835806.930180572 1.36018075433086 69012171.295711 80843295.8240267 41909331.8742237 58179567.2274586 12600180.0843517 7546931.99327709 54024.4598544737 436794.419536885 1708791253.8247 1931124610.95518 1024296655.29578 1409016330.56181 291148936.153237 191482096.393492 0 0
58 20205.5804631139 835806.930181295 1.36022656338337 66056560.4871133 77380988.8939011 40114464.7958093 55687888.5205216 12060547.324675 7223716.63354723 54024.4598544737 436794.419536885 1711746864.6333 1934586917.88531 1026091522.3742 1411508009.26874 291688568.912914 191805311.753222 0 0
59 20205.5804631139 835806.93018293 1.36026827962934 63227536.5373796 74066970.282871 38396470.6889221 53302926.7669438 11544026.6796883 6914344.37420318 54024.4598544737 436794.419536885 1714575888.58303 1937900936.49634 1027809516.48108 1413892971.02232 292205089.557901 192114684.012566 0 0
60 20205.5804631139 835806.930184872 1.36030626932715 60519673.6923698 70894884.0708317 36752054.6314252 51020107.8746222 11049627.5200872 6618221.87356711 54024.4598544737 436794.419536885 1717283751.42805 1941073022.70838 1029453932.53858 1416175789.91464 292699488.717502 192410806.513202 0 0
61 20205.5804631139 835806.930185622 1.36034086642567 57927778.7698208 67858646.7805925 35178062.9361521 48835053.8173198 10576401.6793309 6334781.22321603 54024.4598544737 436794.419536885 1719875646.35059 1944109259.99862 1031027924.23385 1418360843.97195 293172714.558258 192694247.163553 0 0
62 20205.5804631139 835806.930183627 1.36037237235928 55446889.9219701 64952445.9283698 33671482.3994794 46743581.5915161 10123443.2277233 6063479.81266653 54024.4598544737 436794.419536885 1722356535.19845 1947015460.85084 1032534504.77053 1420452316.19775 293625673.009866 192965548.574103 0 0
63 20205.5804631139 835806.930179446 1.360401064333 53072248.6239805 62170707.2100396 32229423.2906122 44741679.6017135 9689883.35808529 5803797.26612611 54024.4598544737 436794.419536885 1724731176.49643 1949797199.56917 1033976563.87939 1422454218.18755 294059232.879504 193225231.120643 0 0
64 20205.5804631139 835806.930174106 1.3604271938883 50799302.0837759 59508097.3241023 30849120.8150151 42825509.6920084 9274890.82573959 5555235.70602425 54024.4598544737 436794.419536885 1727004123.03664 1952459809.45511 1035356866.35499 1424370388.09726 294474225.411849 193473792.680745 0 0
65 20205.5804631139 835806.930169757 1.36045099239959 48623682.9099927 56959500.1540041 29527922.7672778 40991390.0054955 8877668.23630427 5317317.52957018 54024.4598544737 436794.419536885 1729179742.21042 1955008406.62521 1036678064.40273 1426204507.78377 294871448.001285 193711710.857199 0 0
66 20205.5804631139 835806.930169999 1.36047266496541 46541234.0255122 54520045.9527286 28263304.6604683 39235815.9872077 8497456.59438275 5089588.1332104 54024.4598544737 436794.419536885 1731262191.0949 1957447860.82648 1037942682.50954 1427960081.80206 295251659.643206 193939440.253559 0 0
67 20205.5804631139 835806.930180792 1.36049239750722 44547982.5492293 52185080.7469775 27052853.8651964 37555438.3655744 8133530.53492074 4871613.0564294 54024.4598544737 436794.419536885 1733255442.57119 1959782826.03223 1039153133.30481 1429640459.42369 295615585.702668 194157415.33034 0 0
68 20205.5804631139 835806.930214819 1.3605103597264 42640123.8430782 49950147.6492935 25894259.9217802 35947049.7035311 7785195.41052659 4662976.23718765 54024.4598544737 436794.419536885 1735163301.27734 1962017759.12992 1040311727.24823 1431248848.08574 295963920.827062 194366052.149582 0 0
69 20205.5804631139 835806.93029998 1.36052670737136 40814001.2677186 47810963.1431554 24785302.2463895 34407567.3318858 7451783.59528261 4463277.79807356 54024.4598544737 436794.419536885 1736989423.8527 1964156943.63605 1041420684.92362 1432788330.45738 296297332.642306 194565750.588696 0 0
70 20205.5804631139 835806.930468705 1.36054158752712 39066106.4509559 45763417.3974152 23723850.2940511 32934033.5756063 7132654.53375309 4272134.07565703 54024.4598544737 436794.419536885 1738737318.66946 1966204489.38179 1042482136.87595 1434261864.21366 296616461.703836 194756894.311112 0 0
71 20205.5804631139 835806.930763308 1.36055514137788 37393062.405516 43803554.4898627 22707853.3065039 31523601.5215403 6827191.65864276 4089175.77430771 54024.4598544737 436794.419536885 1740410362.7149 1968164352.28935 1043498133.8635 1435672296.26773 296921924.578946 194939852.612462 0 0
72 20205.5804631139 835806.930985711 1.36056750215704 35791623.8068921 41927572.7327054 21735340.480928 30173535.2526489 6534802.44152581 3914047.99657939 54024.4598544737 436794.419536885 1742011801.31352 1970040334.0465 1044470646.68908 1437022362.53662 297214313.796063 195114980.39019 0 0
