"Time" "IECs" "pheme_e" "BiomassCD" "pro_L_e" "leu_L_e" "ile_L_e" "val_L_e" "trp_L_e" "cys_L_e" "Drug" "Damage" "pro_L_v" "leu_L_v" "ile_L_v" "val_L_v" "trp_L_v" "cys_L_v" "CD" "pheme_c"
0 457000 1e+05 0.4963 224235600.199112 195370466.451958 120509812.093413 157438605.791629 18978882.6152 31300034.1459915 0 0 0 0 0 0 0 0 45700000 1000
1 398693.475654976 119210.196702501 0.594123778052425 225513897.788822 236251377.577369 130947600.678791 177270519.523745 32422153.9566902 27066192.926126 0 58306.5243450247 207380718.786118 201615923.625546 116586025.082061 155571793.999027 24572288.8171013 26623546.568355 48532264.05006 697.787860954912
2 344550.803666393 171210.568572726 0.697811968976604 234595429.030966 261163530.529481 139974680.331203 191728001.40977 38877365.2788001 26463342.9910934 0 112449.196333607 391962997.793365 401883143.473949 225449684.003714 303946191.798999 53417601.2758554 48017182.5470032 52252901.4329294 868.64439188211
3 294116.264717622 229531.536088529 0.803528948773685 248337733.380453 283051462.239362 149752138.258554 206075501.992159 43338513.3751177 27311542.0528623 0 162883.735282378 558491333.871554 589752459.252008 325407971.880562 441219923.713076 81839053.5828975 66535846.4415624 57057135.3620439 1026.38094046974
4 247135.460371813 285651.028896332 0.907130645501826 265845353.031199 306205688.220084 161037218.308436 222096242.094924 47426353.6202595 28927493.0550143 0 209864.539628187 708733398.823906 761991398.545505 416235805.180199 566359562.060115 108381705.007467 82960524.308201 63165470.1025829 1143.81657570778
5 203566.190781269 336321.318012263 1.00479462573907 286758253.680484 332128556.114754 174071315.696121 240396550.093302 51711825.8436649 31067974.8829829 0 253433.809218731 843149059.463175 917273122.877906 497753134.746151 678863876.429056 132502046.604386 97550642.0030012 70824638.1623301 1225.58723371098
6 163571.316497461 379750.679400218 1.09354982679445 310687839.954331 361161218.875934 188796073.662868 261018567.733118 56378177.9344873 33616638.5413139 0 293428.68350254 961476775.296202 1054579142.26309 569622868.629644 778171573.034744 153910530.778003 110360010.069653 80308702.5210661 1279.12204821329
7 127483.541462011 414526.961534665 1.17156471054247 336969789.821603 392932462.640557 204881996.390992 283582182.649495 61421672.5298809 36477046.726561 0 329516.458537989 1063104478.38726 1172896954.8709 631397718.654392 863624373.650012 172393823.191426 121357307.498018 91917658.2091748 1309.10340200315
8 95734.5166787846 439446.150913404 1.23815301256395 364536626.941517 426471180.887199 221713248.727153 307301063.305661 66714629.6938713 39531349.5495716 9737.47760380151 361265.483321216 1147450094.40444 1271402430.6977 682689527.498584 934663925.220393 187797982.777107 130494630.191767 105972297.957003 1317.57026955504
9 94337.8691616862 584340.854788206 1.25089661242121 301219046.892079 352358246.762818 183205209.522637 253912893.553795 55125020.2762026 32661326.6126779 6429.08477213105 362662.130838315 1215754514.46921 1351303727.46869 724233103.702828 992241380.105044 200298155.97483 137900965.775226 1222.6056940493 31.7941711009784
10 94337.8298957592 648745.393824252 1.2626051306753 245543463.211972 287230388.566206 149342619.951616 206981104.876892 44936030.8037616 26624396.0957538 6397.16712318501 362662.170104242 1271430238.4363 1416431748.50106 758095778.667824 1039173286.63281 210487171.047485 143937911.370266 0.254843192834646 0.269495906114185
11 94337.8298875119 675433.734821895 1.2733436082237 200158538.405781 234140278.0959 121738938.354076 168723837.677529 36630298.07342 21703286.8183344 6396.89977037057 362662.170112489 1316815163.27197 1469521859.00558 785699460.28331 1077430553.85694 218792903.783204 148859020.650853 5.43216720335e-05 0.00223448086297189
12 94337.8298875102 686492.942175896 1.28317642885489 163162317.151219 190863055.939734 99237371.6734069 137537836.423952 29859751.970623 17691768.7113501 6396.89755442099 362662.17011249 1353811384.52654 1512799081.16176 808201026.963983 1108616555.11052 225563449.886002 152870538.757838 4.63021859958783e-08 1.85515804924217e-05
13 94337.8298875102 691075.571510502 1.29216659228701 133004290.884108 155584977.306437 80894881.1163996 112116098.390219 24340639.4697575 14421719.3836364 6396.89753601489 362662.17011249 1383969410.79365 1548077159.79505 826543517.52099 1134038293.14426 231082562.386867 156140588.085551 6.15545814742543e-08 1.45630805820958e-07
14 94337.8298875102 692974.251159517 1.30037514110842 108420607.099878 126827620.244845 65942775.70755 91393257.8590937 19841667.4452243 11756098.6988034 6396.89753586956 362662.17011249 1408553094.57788 1576834516.85665 841495622.92984 1154761133.67538 235581534.4114 158806208.770384 6.38496833702721e-08 3.47461753342575e-10
15 94337.8298875102 693761.570576368 1.30786073150192 88380686.5119648 103385439.777074 53754244.1739782 74500587.0029004 16174233.2685481 9583160.44795355 6396.89753585894 362662.17011249 1428593015.16579 1600276697.32442 853684154.463411 1171653804.53158 239248968.588077 160979147.021234 6.42597014509076e-08 -1.02606400502766e-08
16 94337.8298875102 694087.776126127 1.31467930895439 72044855.7775938 84276207.7576082 43818586.6368388 60730282.3478681 13184671.3250859 7811858.44571242 16134.3751396604 362662.17011249 1444928845.90016 1619385929.34388 863619812.000551 1185424109.18661 242238530.531539 162750449.023475 6.44449290995755e-08 0
17 94337.8298875102 694222.843818574 1.319438530406 58728544.6671003 68699131.6485612 35719438.8797865 49505284.7426424 10747700.8660646 6367964.41203743 16134.3751396604 362662.17011249 1458245157.01065 1634963005.45293 871718959.757603 1196649106.79184 244675500.99056 164194343.05715 -8.34204136071107e-08 -3.26086929962255e-13
18 94337.8298875102 694278.851191427 1.32378630117128 47873438.5426983 56001109.435912 29117226.9240493 40354962.3117655 8761146.72691843 5190940.0215828 16134.3751396604 362662.17011249 1469100263.13506 1647661027.66558 878321171.713341 1205799429.22271 246662055.129706 165371367.447605 -8.34204136071107e-08 -1.12347539190966e-12
19 94337.8298875102 694302.016700382 1.32775572338777 39024755.6390385 45650149.1803714 23735346.7849191 32895956.3168761 7141780.92369136 4231473.06827557 16134.3751396604 362662.17011249 1477948946.03872 1658011987.92112 883703051.852471 1213258435.2176 248281420.932934 166330834.400912 -8.34204136071107e-08 -1.12347539190968e-12
20 94337.8298875102 694311.59077206 1.33137767285186 31811604.7794297 37212391.9821618 19348217.787922 26815623.6741942 5821727.98895038 3449347.64301575 16134.3751396604 362662.17011249 1485162096.89832 1666449745.11933 888090180.849468 1219338767.86028 249601473.867674 167112959.826172 -8.34204136071107e-08 -1.1234753919097e-12
21 94337.8298875102 694315.563108496 1.33468086071252 25931768.5060094 30334311.6805062 15772027.4773652 21859209.8790665 4745680.18687435 2811794.1611444 16134.3751396604 362662.17011249 1491041933.17175 1673327825.42098 891666371.160025 1224295181.65541 250677521.669751 167750513.308043 -8.34204136071107e-08 -1.12347539190973e-12
22 94337.8298875102 694317.238899828 1.33769192359369 21138675.8489293 24727475.9361674 12856808.2908486 17818867.6888821 3868513.44634578 2292076.81352584 16134.3751396604 362662.17011249 1495835025.82882 1678934661.16532 894581590.346541 1228335523.8456 251554688.410279 168270230.655662 -8.34204136071107e-08 -1.12347539190974e-12
23 94337.8298875102 694317.939679359 1.34043551863585 17231511.4600513 20156976.1520229 10480421.8100852 14525319.6075506 3153477.26889176 1868421.09514578 16134.3751396604 362662.17011249 1499742190.2177 1683505160.94947 896957976.827305 1231629071.92693 252269724.587733 168693886.374042 -8.34204136071107e-08 -1.12347539190975e-12
24 94337.8298875102 694318.227567828 1.34293442727677 14046539.4238145 16431278.2915583 8543281.79364072 11840544.2833022 2570606.93034871 1523073.04174081 25871.8527434619 362662.17011249 1502927162.25394 1687230858.80993 898895116.843749 1234313847.25118 252852594.926276 169039234.427447 0 0
25 94337.8298875102 694318.348392648 1.34475875565417 11450276.4263518 13394237.0287788 6964202.01260078 9652021.82484976 2095474.12696438 1241558.99323428 25871.8527434619 362662.17011249 1505523425.2514 1690267900.07271 900474196.624789 1236502369.70963 253327727.72966 169320748.475953 0 0
26 94337.8298875102 694318.398502378 1.34642212553391 9333866.07426465 10918514.9719053 5676974.64055464 7867991.62784325 1708157.43960199 1012075.59840892 25871.8527434619 362662.17011249 1507639835.60349 1692743622.12958 901761423.996835 1238286399.90664 253715044.417023 169550231.870779 0 0
27 94337.8298875102 694318.419241071 1.34793838155547 7608643.17487605 8900393.87321234 4627672.39310357 6413713.28052698 1392430.56853752 825008.847676158 25871.8527434619 362662.17011249 1509365058.50288 1694761743.22828 902810726.244287 1239740678.25396 254030771.288087 169737298.621512 0 0
28 94337.8298875102 694318.427830296 1.34932024299638 6202292.01807847 7255280.68655667 3772311.94660354 5228228.18362808 1135059.27436391 672517.513724687 25871.8527434619 362662.17011249 1510771409.65968 1696406856.41493 903666086.690786 1240926163.35085 254288142.582261 169889789.955463 0 0
29 94337.8298875102 694318.431251182 1.35057937819058 5055914.0864432 5914277.45055215 3075070.48260517 4261887.77369658 925264.750108046 548215.201913987 25871.8527434619 362662.17011249 1511917787.59131 1697747859.65094 904363328.154785 1241892503.76079 254497937.106517 170014092.267274 0 0
30 94337.8298875102 694318.432823457 1.35172648638549 4121406.08589583 4821114.1767106 2506690.97316157 3474143.33147321 754243.784004424 446886.048876357 25871.8527434619 362662.17011249 1512852295.59186 1698841022.92478 904931707.664228 1242680248.20301 254668958.07262 170115421.420312 0 0
31 94337.8298875102 694318.433468793 1.35277136714998 3359627.69471689 3930005.52964159 2043367.78274542 2832001.48409943 614833.445794395 364286.050657703 25871.8527434619 362662.17011249 1513614073.98304 1699732131.57185 905395030.854645 1243322390.05038 254808368.41083 170198021.41853 0 0
32 94337.8298875102 694318.433740665 1.3537229920158 2738652.74990674 3203605.11012177 1665683.01781967 2308550.04093614 501191.042598948 296953.438011964 35609.3303472634 362662.17011249 1514235048.92785 1700458531.99137 905772715.61957 1243845841.49355 254922010.814026 170265354.031176 0 0
33 94337.8298875102 694318.433849055 1.35442840010598 2232459.57993176 2611473.44023561 1357809.9707558 1881854.00825834 408554.441399738 242066.668549364 35609.3303472634 362662.17011249 1514741242.09783 1701050663.66126 906080588.666634 1244272537.52623 255014647.415225 170320240.800639 0 0
34 94337.8298875102 694318.433894007 1.35507110668915 1819823.20448522 2128782.0873258 1106839.34180718 1534021.7679492 333039.334480344 197324.307422413 35609.3303472634 362662.17011249 1515153878.47327 1701533355.01416 906331559.295582 1244620369.76654 255090162.522145 170364983.161766 0 0
35 94337.8298875102 694318.433912611 1.35565663114734 1483456.61844034 1735309.16018515 902256.957218255 1250481.22195998 271482.088874444 160851.916330926 35609.3303472634 362662.17011249 1515490245.05932 1701926827.94131 906536141.680171 1244903910.31253 255151719.767751 170401455.552857 0 0
36 94337.8298875102 694318.433920317 1.35619001796841 1209260.43357584 1414561.55936657 735487.391892646 1019347.27706133 221302.425982327 131120.691812576 35609.3303472634 362662.17011249 1515764441.24418 1702247575.54212 906702911.245497 1245135044.25743 255201899.430643 170431186.777375 0 0
37 94337.8298875102 694318.433923385 1.35667587332269 985751.209598727 1153106.25360836 599546.273137298 830939.955914266 180398.802476431 106885.478900077 35609.3303472634 362662.17011249 1515987950.46816 1702509030.84788 906838852.364252 1245323451.57857 255242803.054149 170455421.990288 0 0
38 94337.8298875102 694318.433924796 1.35711840368011 803550.251303563 939972.287981157 488729.360670736 677353.478130535 147054.85689823 87129.3411507159 35609.3303472634 362662.17011249 1516170151.42645 1702722164.81351 906949669.276719 1245477038.05636 255276146.999727 170475178.128037 0 0
39 94337.8298875102 694318.433925375 1.35752144755587 655026.372580647 766232.898470004 398395.271203609 552155.127840431 119874.033177328 71024.8253755255 35609.3303472634 362662.17011249 1516318675.30518 1702895904.20302 907040003.366186 1245602236.40665 255303327.823448 170491282.643812 0 0
40 94337.8298875102 694318.433925618 1.35788850780205 533954.931769823 624606.660355453 324758.099456144 450097.837207457 97717.1819113178 57896.9906783151 45346.8079510649 362662.17011249 1516439746.74599 1703037530.44114 907113640.537934 1245704293.69728 255325484.674714 170504410.478509 0 0
41 94337.8298875102 694318.433925716 1.35816213862854 435262.488672544 509158.794594592 264732.115344113 366904.944804406 79655.8309590121 47195.7214923859 45346.8079510649 362662.17011249 1516538439.18909 1703152978.3069 907173666.522046 1245787486.58968 255343546.025666 170515111.747695 0 0
42 94337.8298875102 694318.433925756 1.35841137855027 354810.803343093 415048.495197156 215800.389329268 299088.117181039 64932.6558319417 38472.3064653254 45346.8079510649 362662.17011249 1516618890.87442 1703247088.6063 907222598.248061 1245855303.41731 255358269.200793 170523835.162722 0 0
43 94337.8298875102 694318.433925773 1.35863839317767 289229.433497371 338333.106006723 175912.976059699 243806.236684453 52930.8439449968 31361.2869153351 45346.8079510649 362662.17011249 1516684472.24426 1703323803.99549 907262485.66133 1245910585.2978 255370271.01268 170530946.182272 0 0
44 94337.8298875102 694318.43392578 1.35884515798587 235769.422456834 275796.968644124 143397.925538706 198742.06756689 43147.31857046 25564.5921444535 45346.8079510649 362662.17011249 1516737932.2553 1703386340.13285 907295000.711851 1245955649.46692 255380054.538055 170536742.877043 0 0
45 94337.8298875102 694318.433925782 1.35903347367847 192191.844617593 224821.045881636 116893.495078507 162008.305278808 35172.341943018 20839.4543700361 45346.8079510649 362662.17011249 1516781509.83314 1703437316.05561 907321505.142311 1245992383.22921 255388029.514682 170541468.014817 0 0
46 94337.8298875102 694318.433925784 1.35920498220984 156668.136486287 183266.331468207 95287.5293837635 132063.560417115 28671.2751991907 16987.6015709238 45346.8079510649 362662.17011249 1516817033.54127 1703478870.77003 907343111.108006 1246022327.97407 255394530.581426 170545319.867616 0 0
47 94337.8298875102 694318.433925784 1.35936117983567 127710.446204334 149392.374805484 77675.0982569719 107653.646787833 23371.8318929287 13847.7052527782 45346.8079510649 362662.17011249 1516845991.23156 1703512744.72669 907360723.539133 1246046737.8877 255399830.024732 170548459.763935 0 0
48 94337.8298875102 694318.433925785 1.35950343032601 104105.155827882 121779.517031352 63318.0640137305 87755.5439463089 19051.9121458823 11288.1722368466 55084.2855548664 362662.17011249 1516869596.52193 1703540357.58446 907375080.573376 1246066635.99054 255404149.944479 170551019.29695 0 0
49 94337.8298875102 694318.433925785 1.35960970205785 84863.0974296796 99270.655104318 51614.8022902894 71535.4318111072 15530.4918743005 9201.74656788664 55084.2855548664 362662.17011249 1516888838.58033 1703562866.44639 907386783.8351 1246082856.10267 255407671.364751 170553105.722619 0 0
50 94337.8298875102 694318.433925785 1.35970649063737 69177.4378866177 80921.9765179237 42074.5870420915 58313.1896040661 12659.9154346598 7500.94294137501 55084.2855548664 362662.17011249 1516904524.23987 1703581215.12497 907396324.050348 1246096078.34488 255410541.94119 170554806.526246 0 0
51 94337.8298875102 694318.433925785 1.35979464082977 56391.042724269 65964.7823707169 34297.7408238986 47534.8851708111 10319.9229976055 6114.50794943662 55084.2855548664 362662.17011249 1516917310.63503 1703596172.31912 907404100.896566 1246106856.64932 255412881.933627 170556192.961237 0 0
52 94337.8298875102 694318.433925785 1.3598749226632 45967.9480555031 53772.1159783536 27958.2836643586 38748.727223229 8412.42972949252 4984.32676939487 55084.2855548664 362662.17011249 1516927733.7297 1703608364.98551 907410440.353726 1246115642.80726 255414789.426895 170557323.142417 0 0
53 94337.8298875102 694318.433925784 1.35994803757874 37471.6307046322 43833.3438271952 22790.7166824423 31586.7481191503 6857.54908554101 4063.06698285649 55084.2855548664 362662.17011249 1516936230.04705 1703618303.75766 907415607.920707 1246122804.78637 255416344.307539 170558244.402204 0 0
54 94337.8298875102 694318.433925784 1.36001462480796 30545.5757784724 35731.4240218511 18578.2030399648 25748.4232771796 5590.0365505335 3312.07150807317 55084.2855548664 362662.17011249 1516943156.10198 1703626405.67747 907419820.43435 1246128643.11121 255417611.820074 170558995.397679 0 0
55 94337.8298875102 694318.433925784 1.3600752665497 24899.6968989832 29127.0210247657 15144.3085564265 20989.2240983829 4556.80445416972 2699.88613921962 55084.2855548664 362662.17011249 1516948801.98086 1703633010.08047 907423254.328833 1246133402.31039 255418645.052171 170559607.583048 0 0
56 94337.8298875102 694318.433925785 1.36013049321282 20297.3750602911 23743.3440466014 12345.1185789782 17109.6923580132 3714.5499986574 2200.85416341191 55084.2855548664 362662.17011249 1516953404.3027 1703638393.75745 907426053.518811 1246137281.84213 255419487.306626 170560106.615023 0 0
57 94337.8298875102 694318.433925785 1.36018078798232 16545.7150851372 19354.7493011553 10063.3118367907 13947.2268758469 3027.97212766294 1794.05986358264 55084.2855548664 362662.17011249 1516957155.96267 1703642782.35219 907428335.325553 1246140444.30761 255420173.884497 170560513.409323 0 0
58 94337.8298875102 694318.433925785 1.36022659092975 13487.4904971773 15777.3173254431 8203.26121116214 11369.293438332 2468.29738620711 1462.45509710089 55084.2855548664 362662.17011249 1516960214.18726 1703646359.78417 907430195.376178 1246143022.24105 255420733.559239 170560845.01409 0 0
59 94337.8298875102 694318.433925785 1.36026830295972 10994.5357086515 12861.1233318469 6687.01478102196 9267.85473665678 2012.0706485691 1192.1428074956 55084.2855548664 362662.17011249 1516962707.14205 1703649275.97816 907431711.622609 1246145123.67975 255421189.785976 170561115.326379 0 0
60 94337.8298875102 694318.433925785 1.36030628924967 8962.36421168299 10483.9417075779 5451.022539248 7554.83376578864 1640.17021272882 971.793472343389 55084.2855548664 362662.17011249 1516964739.31355 1703651653.15978 907432947.61485 1246146836.70072 255421561.686412 170561335.675714 0 0
61 94337.8298875102 694318.433925785 1.36034088240324 7305.80874172454 8546.1459907095 4443.48468528676 6158.43869594425 1337.00992227588 792.17236408918 55084.2855548664 362662.17011249 1516966395.86902 1703653590.9555 907433955.152704 1246148233.09579 255421864.846703 170561515.296823 0 0
62 94337.8298875102 694318.433925785 1.36037238536194 5955.44135986812 6966.52117511202 3622.174274227 5020.14517743606 1089.88401847983 645.751377845075 55084.2855548664 362662.17011249 1516967746.2364 1703655170.58032 907434776.463115 1246149371.38931 255422111.972607 170561661.717809 0 0
63 94337.8298875102 694318.433925785 1.36040107404819 4854.66873588532 5678.86584772758 2952.67053144275 4092.24780664182 888.435558430596 526.394071530036 55084.2855548664 362662.17011249 1516968847.00902 1703656458.23564 907435445.966858 1246150299.28668 255422313.421066 170561781.075115 0 0
64 94337.8298875102 694318.433925785 1.36042719976836 3957.35751034563 4629.21439863223 2406.91456799272 3335.85842265634 724.221841054673 429.09818273953 55084.2855548664 362662.17011249 1516969744.32025 1703657507.88709 907435991.722821 1246151055.67606 255422477.634784 170561878.371004 0 0
65 94337.8298875102 694318.433925785 1.36045099140364 3225.90034793444 3773.57474025807 1962.03312994536 2719.27588502543 590.360482451319 349.785929974416 55084.2855548664 362662.17011249 1516970475.77741 1703658363.52675 907436436.604259 1246151672.2586 255422611.496143 170561957.683257 0 0
66 94337.8298875102 694318.433925784 1.36047265741178 2629.64198316876 3076.08713640569 1599.38129960398 2216.65930742711 481.241372149571 285.133348019077 55084.2855548664 362662.17011249 1516971072.03577 1703659061.01435 907436799.25609 1246152174.87518 255422720.615253 170562022.335839 0 0
67 94337.8298875102 694318.433925784 1.3604923876451 2143.5928499604 2507.51943939862 1303.76010884195 1806.94371044121 392.291259056443 232.430806174781 55084.2855548664 362662.17011249 1516971558.08491 1703659629.58205 907437094.87728 1246152584.59078 255422809.565366 170562075.038381 0 0
68 94337.8298875102 694318.433925786 1.36051035500883 1747.38243818008 2044.0427536793 1062.77995741228 1472.95775243104 319.782208985929 189.469520207325 55084.2855548664 362662.17011249 1516971954.29532 1703660093.05874 907437335.857432 1246152918.57674 255422882.074416 170562117.999667 0 0
69 94337.8298875102 694318.433925784 1.36052671697279 1424.40550492639 1666.23269584768 866.341327912255 1200.70402748923 260.675355837666 154.448975623311 55084.2855548664 362662.17011249 1516972277.27225 1703660470.8688 907437532.296061 1246153190.83046 255422941.181269 170562153.020211 0 0
70 94337.8298875102 694318.433925783 1.36054161694595 1161.12590345074 1358.25503175465 706.211365787168 978.772227342257 212.493497818933 125.901441504837 55084.2855548664 362662.17011249 1516972540.55186 1703660778.84646 907437692.426023 1246153412.76226 255422989.363127 170562181.567745 0 0
71 94337.8298875102 694318.433925788 1.36055518553466 946.509518652251 1107.20233911967 575.678983572275 797.861133765684 173.217320998182 102.630483431828 55084.2855548664 362662.17011249 1516972755.16824 1703661029.89915 907437822.958406 1246153593.67335 255423028.639304 170562204.838703 0 0
72 94337.8298875102 694318.433925784 1.36056754168071 771.561697378928 902.552905468404 469.273520189067 650.38869499959 141.200746079228 83.6608068265759 55084.2855548664 362662.17011249 1516972930.11606 1703661234.54859 907437929.363869 1246153741.14579 255423060.655879 170562223.80838 0 0
