"Time" "IECs" "pheme_e" "BiomassCD" "pro_L_e" "leu_L_e" "ile_L_e" "val_L_e" "trp_L_e" "cys_L_e" "Drug" "Damage" "pro_L_v" "leu_L_v" "ile_L_v" "val_L_v" "trp_L_v" "cys_L_v" "CD" "pheme_c"
0 457000 1e+05 0.4963 224235600.199112 195370466.451958 120509812.093413 157438605.791629 18978882.6152 31300034.1459915 0 0 0 0 0 0 0 0 45700000 1000
1 384833.39117348 126461.553771691 0.594123778040108 260546921.928577 276532985.773007 152172627.378604 206515526.104278 38664156.4239653 30868323.3776643 0 72166.6088265202 221984548.697318 218978406.788448 125575389.175843 168035303.548745 27367020.2935015 28143688.5577109 48532264.0503272 738.846681355453
2 320225.116128244 190903.181118254 0.697812003176044 284004478.941395 317905819.210218 169882800.222987 232935993.167167 47650237.8344972 31841722.4027665 0 136774.883871757 429626854.632965 446311389.264376 248543774.25812 335921256.130174 60504929.3161535 51979867.1499795 52252899.7809997 967.911032556049
3 262363.382052407 260761.613191599 0.80352904271017 305401676.619004 348707794.893076 184309040.010415 253718649.212081 53500584.4014857 33522215.3798512 0 194636.617947593 615014884.778633 656156365.602921 359993234.556137 489073665.750102 92379548.0458853 72518280.058016 57057131.1128239 1165.8410550857
4 210729.6253349 325637.412513283 0.907130869308655 328031140.582549 377959829.939864 198722964.972655 274101169.109193 58552083.5687915 35692211.1052144 0 246270.3746651 776671030.241901 841649124.744244 457758162.120003 623798110.272159 120992032.155102 90175646.9121754 63165448.5651372 1303.95239965893
5 165067.448169534 381679.041776203 1.0047947425123 352760446.963308 408534490.288941 214095376.800837 295692770.394337 63577434.2448938 38249823.8156438 0 291932.551830467 914587822.360699 1000983459.22593 541391868.698961 739232008.762502 145736757.483934 105152310.233247 70824613.5361636 1390.9868322219
6 125324.66862425 426963.93901779 1.09354977508315 379361325.896108 440957607.073378 230459396.450122 318666537.002467 68784318.6796106 41100857.7617144 0 331675.331375751 1029105195.26052 1133850562.57033 610929498.269301 835326534.927946 166439933.886616 117562503.632565 80308706.5631587 1438.29701494296
7 91563.1565200932 460247.61732422 1.17156460946726 406884071.902299 474548131.187647 247310334.5034 342409174.127704 74119279.7532111 44121526.5174982 0 365436.843479907 1120858650.48889 1240674167.29724 666684657.119074 912468099.84912 183114515.254807 127506255.524778 91917662.235518 1453.64214688433
8 63839.6816937502 480786.330193212 1.23815255646963 433823135.018106 507854323.230463 263765902.300438 365775907.745563 79379369.4156156 47149463.7946955 9737.47760380151 393160.31830625 1191042099.6087 1322669907.05719 709350057.193317 971582675.114606 195926240.269246 135124132.580896 105972286.726667 1441.6561267003
9 62803.7159831137 635230.346779822 1.25089620407544 381844716.872596 446992461.923704 232165148.318823 321940554.773672 69868172.3016294 41497084.2965833 7464.760960148 394196.284016887 1246714074.14349 1387840349.75448 743199120.552949 1018520848.1785 206112842.19502 141174322.911893 10.077398411299 424.551148543162
10 62803.7157943547 704003.090841113 1.26260476662276 333273080.065045 390133863.236867 202633140.240481 280988882.510523 60980759.8547966 36218547.7130002 7125.35850881162 394196.284205645 1295285711.6244 1444698949.22637 772731129.041172 1059472521.00731 215000254.764917 146452859.567959 9.35720718176158e-05 85.1508213406261
11 62803.7157943528 732797.857232838 1.27334328510365 290879880.730077 340507824.949305 176857679.755017 245246368.579144 53223849.1927724 31611454.5972868 7057.93018380969 394196.284205647 1337678910.95937 1494324987.51394 798506589.526639 1095215034.93869 222757165.426942 151059952.683673 4.65469418793351e-08 17.7224963659239
12 62803.7157943528 744854.064983606 1.28317614343057 253879206.197367 297194347.320092 154360924.631214 214050395.033808 46453637.6662239 27590395.6635301 7043.9241307522 394196.284205647 1374679585.49208 1537638465.14315 821003344.650442 1126411008.48403 229527376.953491 155081011.61743 -5.98760048555326e-09 3.71644330846807
13 62803.7157943528 749901.932117299 1.29216634159231 221585113.338262 259390456.275565 134725815.050863 186822630.155829 40544614.5882566 24080825.8451779 7040.98825626173 394196.284205647 1406973678.35119 1575442356.18768 840638454.230793 1153638773.36201 235436400.031458 158590581.435782 -5.98760048555326e-09 0.78056881799791
14 62803.7157943528 752015.445948159 1.30037492347268 193398912.768601 226395318.126199 117588342.285995 163058307.520647 35387234.5567756 21017682.4014254 7040.37168504934 394196.284205647 1435159878.92085 1608437494.33705 857775926.995661 1177403095.99719 240593780.062939 161653724.879535 -5.98760048555326e-09 0.16399760561046
15 62803.7157943528 752900.362364898 1.307860542296 168798069.945145 197597247.043697 102630800.462016 142316868.300802 30885886.6286743 18344178.7406813 7040.24214574331 394196.284205647 1459760721.7443 1637235565.41955 872733468.819641 1198144535.21704 245095127.99104 164327228.540279 -5.98760048555326e-09 0.0344582995730146
16 62803.7157943528 753270.871916535 1.31467914611635 147326518.072547 172462365.222121 89575896.7148193 124213793.89326 26957121.8205561 16010751.6729503 16777.692531513 394196.284205647 1481232273.6169 1662370447.24113 885788372.566837 1216247609.62458 249023892.799158 166660655.60801 0 0.00724026770296276
17 62803.7157943528 753426.000980483 1.31943838795809 128586237.533914 150524745.648249 78181631.4060532 108413506.376919 23528112.35206 13974146.3020304 16777.6854671468 394196.284205647 1499972554.15553 1684308066.815 897182637.875603 1232047897.14092 252452902.267654 168697260.97893 0 0.000175901584179013
18 62803.7157943528 753490.953040044 1.32378617336909 112229736.204055 131377609.457076 68236726.0834567 94623028.5214558 20535275.7285135 12196598.8213949 16777.6852955661 394196.284205647 1516329055.48539 1703455203.00618 907127543.1982 1245838374.99639 255445738.891201 170474808.459565 0 4.32080519025634e-06
19 62803.7157943528 753518.147419801 1.32775560920465 97953827.5939044 114666042.545619 59556840.5346561 82586738.0223684 17923136.2947054 10645160.3522505 16777.6852913434 394196.284205647 1530604964.09554 1720166769.91763 915807428.747001 1257874665.49547 258057878.325009 172026246.92871 0 9.80999627141492e-08
20 62803.7157943528 753529.541726188 1.3313775702239 85493857.4270101 100080237.127198 51981062.4918338 72081499.8176302 15643268.8406733 9291069.51507832 16777.6852912312 394196.284205647 1543064934.26244 1734752575.33605 923383206.789823 1268379903.70021 260337745.779041 173380337.765882 0 -1.40275565251979e-08
21 62803.7157943528 753534.307810287 1.3346807720796 74618775.9869572 87349723.3563431 45368911.5730174 62912511.4899351 13653396.9627293 8109216.91557511 16777.6852912089 394196.284205647 1553940015.70249 1747483089.10691 929995357.708639 1277548892.02791 262327617.656985 174562190.365385 0 -3.63672941041275e-08
22 62803.7157943528 753536.259709335 1.33769184601271 65127056.4247538 76238591.2455808 39597857.5749089 54909861.9138989 11916646.2143075 7077701.56553547 16777.6852912074 394196.284205647 1563431735.26469 1758594221.21767 935766411.706748 1285551541.60394 264064368.405407 175593705.715425 0 -3.78977192781844e-08
23 62803.7157943528 753537.117807226 1.34043545103745 56842713.0728367 66540829.6512952 34560899.570675 47925174.2207484 10400815.5555596 6177398.17198288 16777.6852912074 394196.284205647 1571716078.61661 1768291982.81196 940803369.710981 1292536229.29709 265580199.064154 176494009.108977 0 -3.78977192781843e-08
24 62803.7157943528 753537.445077057 1.34293436859141 49612172.3070711 58076663.2635112 30164663.3648646 41828967.5624647 9077804.79822084 5391617.0771985 26515.1628950089 394196.284205647 1578946619.38238 1776756149.19974 945199605.916792 1298632435.95538 266903209.821493 177279790.203762 0 0
25 62803.7157943528 753537.614747083 1.34475869571433 43301454.658966 50689253.9492882 26327688.1913613 36508281.2969121 7923099.0015948 4705798.02395677 26515.1628950089 394196.284205647 1585257337.03048 1784143558.51396 949036581.090296 1303953122.22093 268057915.618119 177965609.257004 0 0
26 62803.7157943528 753537.685889412 1.34642207061998 37793409.7234858 44241463.8993334 22978745.5115499 31864343.6859407 6915262.52883079 4107209.65833749 26515.1628950089 394196.284205647 1590765381.96597 1790591348.56392 952385523.770107 1308597059.8319 269065752.090883 178564197.622623 0 0
27 62803.7157943528 753537.715794263 1.34793833354944 32985973.4873837 38613815.6335648 20055779.4536939 27811102.615707 6035620.18095867 3584760.14438188 26515.1628950089 394196.284205647 1595572818.20207 1796218996.82969 955308489.827963 1312650300.90214 269945394.438755 179086647.136579 0 0
28 62803.7157943528 753537.728077349 1.34932020004883 28790067.99879 33702033.3266279 17504629.7924609 24273454.7680933 5267872.88818777 3128768.91008173 26515.1628950089 394196.284205647 1599768723.69066 1801130779.13662 957859639.489196 1316187948.74975 270713141.731526 179542638.370879 0 0
29 62803.7157943528 753537.73335918 1.3505793406533 25127892.30852 29415042.1612499 15277992.825302 21185804.6807675 4597784.99428755 2730780.9149351 26515.1628950089 394196.284205647 1603430899.38093 1805417770.302 960086276.456355 1319275598.83708 271383229.625426 179940626.366025 0 0
30 62803.7157943528 753537.735282844 1.35172645540681 21931523.9121841 25673331.1579267 13334571.0362136 18490885.5963845 4012928.35496227 2383414.66126581 26515.1628950089 394196.284205647 1606627267.77727 1809159481.30532 962029698.245443 1321970517.92146 271968086.264752 180287992.619695 0 0
31 62803.7157943528 753537.735196113 1.35277133801903 19141816.9700964 22407663.4166169 11638403.2031694 16138830.5308026 3502480.73924873 2080242.45795563 26515.1628950089 394196.284205647 1609416974.71936 1812425149.04663 963725866.078487 1324322572.98704 272478533.880465 180591164.823005 0 0
32 62803.7157943528 753537.736047767 1.35372296485756 16706959.3689244 19557386.9940763 10157987.0781479 14085955.7042728 3056961.80736045 1815633.60870444 36252.6404988104 394196.284205647 1611851832.32053 1815275425.46918 965206282.203509 1326375447.81357 272924052.812353 180855773.672256 0 0
33 62803.7157943528 753537.736688904 1.3544283727543 14581817.9951344 17069668.4723182 8865881.30728278 12294208.5290086 2668113.31186454 1584683.25943392 36252.6404988104 394196.284205647 1613976973.69432 1817763143.99094 966498387.974374 1328167194.98883 273312901.307849 181086724.021526 0 0
34 62803.7157943528 753537.736957731 1.35507108166598 12726977.1032918 14898367.2598619 7738120.74982291 10730356.8391813 2328723.14278087 1383107.89268629 36252.6404988104 394196.284205647 1615831814.58616 1819934445.20339 967626148.531834 1329731046.67866 273652291.476933 181288299.388274 0 0
35 62803.7157943528 753537.737070734 1.35565660924918 11108067.0536778 13003249.8031335 6753808.34434413 9365422.93681723 2032502.50310977 1207172.37799199 36252.6404988104 394196.284205647 1617450724.63578 1821829562.66012 968610460.937313 1331095980.58102 273948512.116604 181464234.902968 0 0
36 62803.7157943528 753537.737117149 1.35618999837076 9695090.72977156 11349201.0818861 5894705.56429751 8174115.68154548 1773962.65983222 1053616.77009605 36252.6404988104 394196.284205647 1618863700.95968 1823483611.38137 969469563.717359 1332287287.8363 274207051.959881 181617790.510864 0 0
37 62803.7157943528 753537.737137107 1.35667585621085 8461848.57248417 9905551.54669054 5144882.83346273 7134345.72600806 1548309.73934529 919593.824388349 36252.6404988104 394196.284205647 1620096943.11697 1824927260.91657 970219386.448194 1333327057.79183 274432704.880368 181751813.456572 0 0
38 62803.7157943528 753537.737144377 1.35711838953457 7385467.5933475 8645525.7755622 4490433.16157498 6226828.41790694 1351358.54848345 802617.812276544 36252.6404988104 394196.284205647 1621173324.09611 1826187286.6877 970873836.120082 1334234575.09994 274629656.07123 181868789.468684 0 0
39 62803.7157943528 753537.73714405 1.35752143418917 6446030.34787874 7545808.14528797 3919246.55667113 5434770.98038001 1179464.68578862 700524.199759929 36252.6404988104 394196.284205647 1622112761.34158 1827287004.31797 971445022.724986 1335026632.53746 274801549.933925 181970883.0812 0 0
40 62803.7157943528 753537.737147266 1.35788849529973 5626089.07014345 6585974.07093726 3420714.61437364 4743462.86959553 1029435.64010977 611416.845863485 45990.1181026119 394196.284205647 1622932702.61931 1828246838.39232 971943554.667283 1335717940.64825 274951578.979604 182059990.435097 0 0
41 62803.7157943528 753537.737149689 1.35816212622539 4910445.18360727 5748231.898357 2985596.4584325 4140089.87615111 898490.446522881 533644.040916357 45990.1181026119 394196.284205647 1623648346.50585 1829084580.5649 972378672.823224 1336321313.64169 275082524.173191 182137763.240044 0 0
42 62803.7157943528 753537.737150705 1.35841136723064 4285825.22690252 5017043.53859956 2605821.7005695 3613460.89191396 784200.388733359 465763.287691441 45990.1181026119 394196.284205647 1624272966.46255 1829815768.92466 972758447.581087 1336847942.62593 275196814.230981 182205643.993269 0 0
43 62803.7157943528 753537.737151132 1.35863838325015 3740655.27261818 4378860.39958303 2274353.28499919 3153817.71820556 684447.723274224 406516.786302586 45990.1181026119 394196.284205647 1624818136.41684 1830453952.06367 973089915.996658 1337307585.79964 275296566.89644 182264890.494658 0 0
44 62803.7157943528 753537.737151307 1.35884514910447 3264833.75364172 3821857.45361064 1985049.36472643 2752643.53136287 597384.112325554 354806.746042036 45990.1181026119 394196.284205647 1625293957.93581 1831010955.00965 973379219.91693 1337708759.98648 275383630.507388 182316600.534918 0 0
45 62803.7157943528 753537.737151383 1.35903346591172 2849537.9371577 3335706.69328101 1732545.63593301 2402499.71727994 521395.213225839 309674.35388663 45990.1181026119 394196.284205647 1625709253.7523 1831497105.76998 973631723.645724 1338058903.80057 275459619.406488 182361732.927074 0 0
46 62803.7157943528 753537.73715141 1.35920497574086 2487065.31581342 2911391.46189467 1512158.90232748 2096892.14527829 455071.65696435 270282.537637169 45990.1181026119 394196.284205647 1626071726.37364 1831921421.00136 973852110.379329 1338364511.37257 275525942.962749 182401124.743323 0 0
47 62803.7157943528 753537.737151409 1.35936117375498 2170708.66390308 2541060.19257531 1319811.10814007 1830165.82559562 397186.186542176 235902.387613341 45990.1181026119 394196.284205647 1626388083.02555 1832291752.27068 974044458.173517 1338631237.69225 275583828.433172 182435504.893347 0 0
48 62803.7157943528 753537.737151422 1.35950342466138 1894592.4291967 2217834.88638679 1151929.86282913 1597366.96822011 346663.72070919 205895.376488725 55727.5957064134 394196.284205647 1626664199.26026 1832614977.57687 974212339.418828 1338864036.54962 275634350.899005 182465511.904472 0 0
49 62803.7157943528 753537.737151431 1.35960969650973 1653598.48336309 1935724.19479894 1005403.29664599 1394180.38165761 302567.768121387 179705.290196681 55727.5957064134 394196.284205647 1626905193.20609 1832897088.26846 974358865.985011 1339067223.13618 275678446.851593 182491701.990764 0 0
50 62803.7157943528 753537.737151434 1.35970648558644 1443256.94109266 1689495.6111127 877513.677643565 1216837.42045422 264080.449931218 156846.362667158 55727.5957064134 394196.284205647 1627115534.74836 1833143316.85214 974486755.604014 1339244566.09739 275716934.169783 182514560.918294 0 0
51 62803.7157943528 753537.737151436 1.35979463639052 1259670.28540526 1474586.65054474 765891.279156039 1062052.01379798 230488.616588923 136895.030122728 55727.5957064134 394196.284205647 1627299121.40405 1833358225.81271 974598378.002501 1339399351.50404 275750526.003125 182534512.250838 0 0
52 62803.7157943528 753537.737151437 1.35987491869399 1099436.80087542 1287015.22015099 668467.826485878 926956.110612459 201169.838009793 119481.610162342 55727.5957064134 394196.284205647 1627459354.88858 1833545797.2431 974695801.455171 1339534447.40723 275779844.781704 182551925.670798 0 0
53 62803.7157943528 753537.737151437 1.35994803410265 959585.421515686 1123303.3508996 583436.883809396 809044.748566124 175580.482342563 104283.221336335 55727.5957064134 394196.284205647 1627599206.26794 1833709509.11236 974780832.397848 1339652358.76927 275805434.137372 182567124.059624 0 0
54 62803.7157943528 753537.737151437 1.36001462189108 837522.318401273 980414.672439842 509221.378954507 706131.021081169 153245.942821103 91017.9785411972 55727.5957064134 394196.284205647 1627721269.37106 1833852397.79082 974855047.902703 1339755272.49676 275827768.676893 182580389.30242 0 0
55 62803.7157943528 753537.737151436 1.36007526382709 730988.824659646 855705.159540001 444448.021402069 616310.603090736 133752.939074498 79440.4205057248 55727.5957064134 394196.284205647 1627827802.8648 1833977107.30372 974919821.260255 1339845092.91475 275847261.68064 182591966.860455 0 0
56 62803.7157943528 753537.737151436 1.36013049068691 638006.341665791 746858.638552858 387913.80473889 537915.300402628 116739.436318606 69335.5224559666 55727.5957064134 394196.284205647 1627920785.34779 1834085953.8247 974976355.476919 1339923488.21744 275864275.183396 182602071.758505 0 0
57 62803.7157943528 753537.737151436 1.36018078573223 556850.27656048 651856.278330849 338570.160425823 469491.075924485 101889.876564241 60515.863767535 55727.5957064134 394196.284205647 1628001941.4129 1834180956.18493 975025699.121231 1339991912.44192 275879124.74315 182610891.417193 0 0
58 62803.7157943528 753537.737151437 1.36022658894949 486017.478931753 568938.471175896 295503.158996466 409770.59490962 88929.2203324272 52818.089137611 55727.5957064134 394196.284205647 1628072774.21053 1834263873.99208 975068766.122661 1340051632.92293 275892085.399382 182618589.191823 0 0
59 62803.7157943528 753537.737151437 1.36026830123812 424194.797987676 496568.02545113 257914.392525023 357646.714910401 77617.1933919534 46099.491526662 55727.5957064134 394196.284205647 1628134596.89147 1834336244.43781 975106354.889132 1340103756.80293 275903397.426322 182625307.789434 0 0
60 62803.7157943528 753537.737151437 1.36030628775154 370236.179965826 433403.355506354 225107.049637712 312153.176167899 67744.096149761 40235.523212838 55727.5957064134 394196.284205647 1628188555.50949 1834399409.10775 975139162.23202 1340149250.34167 275913270.523565 182631171.757748 0 0
61 62803.7157943528 753537.73715144 1.3603408811157 323141.14983383 378273.292072888 196472.832186053 272446.459123707 59126.8663324797 35117.4572845969 55727.5957064134 394196.284205647 1628235650.53962 1834454539.17118 975167796.449471 1340188957.05872 275921887.753382 182636289.823676 0 0
62 62803.7157943528 753537.737151458 1.36037238427047 282036.710239947 330155.892936365 171480.949640039 237790.523080351 51605.7669404995 30650.4205039585 55727.5957064134 394196.284205647 1628276754.97922 1834502656.57032 975192788.332017 1340223612.99476 275929408.852774 182640756.860457 0 0
63 62803.7157943528 753537.737151484 1.36040107313874 246160.853210795 288159.141512622 149668.094046612 207542.90459955 45041.3692950228 26751.6014355192 55727.5957064134 394196.284205647 1628312630.83625 1834544653.32174 975214601.187611 1340253860.61324 275935973.250419 182644655.679525 0 0
64 62803.7157943528 753537.737151487 1.36042719902284 214848.551701499 251504.548371541 130629.922761529 181142.906711295 39311.9898369918 23348.7280741395 55727.5957064134 394196.284205647 1628343943.13776 1834581307.91489 975233639.358896 1340280260.61113 275941702.629877 182648058.552887 0 0
65 62803.7157943528 753537.737151436 1.36045099080769 187519.251826802 219512.50947781 114013.453609257 158101.053375624 34311.4015136463 20378.7085595678 55727.5957064134 394196.284205647 1628371272.43763 1834613299.95378 975250255.828048 1340303302.46446 275946703.218201 182651028.572401 0 0
66 62803.7157943528 753537.737151413 1.36047265695131 163666.307171304 191589.937855139 99510.6408450741 137990.18134832 29946.900517698 17786.4829470699 55727.5957064134 394196.284205647 1628395125.38229 1834641222.5254 975264758.640812 1340323413.33649 275951067.719197 182653620.798014 0 0
67 62803.7157943528 753537.737151482 1.36049238730737 142847.520258967 167219.191305702 86852.6242803369 120437.465513663 26137.5756093626 15523.9952989103 55727.5957064134 394196.284205647 1628415944.1692 1834665593.27195 975277416.657377 1340340966.05233 275954877.044105 182655883.285662 0 0
68 62803.7157943528 753537.737151556 1.36051035478303 124676.938109791 145948.468180578 75804.7409044382 105117.501561981 22812.8069054382 13549.3020641177 55727.5957064134 394196.284205647 1628434114.75135 1834686863.99508 975288464.540753 1340356286.01628 275958201.812809 182657857.978897 0 0
69 62803.7157943528 753537.737151373 1.36052671684958 108817.691403906 127383.424810781 66162.1710298034 91746.2685524755 19910.9556228179 11825.7938725854 55727.5957064134 394196.284205647 1628449973.99805 1834705429.03845 975298107.110628 1340369657.24929 275961103.664092 182659581.487088 0 0
70 62803.7157943528 753537.737151021 1.36054161691689 94975.7837494065 111179.905142274 57746.1621088234 80075.8925266276 17378.2276675731 10321.5205819686 55727.5957064134 394196.284205647 1628463815.90571 1834721632.55811 975306523.119549 1340381327.62531 275963636.392047 182661085.760379 0 0
71 62803.7157943528 753537.737150975 1.36055518559072 82894.6061595715 97037.5193106517 50400.6934848547 69890.0215594425 15167.6699194793 9008.59513692139 55727.5957064134 394196.284205647 1628475897.0833 1834735774.94395 975313868.588173 1340391513.49628 275965846.949795 182662398.685824 0 0
72 62803.7157943528 753537.737151868 1.36056754181403 72350.1935380516 84694.090820135 43989.5922909842 60999.8264117502 13238.3022857139 7862.67806626107 55727.5957064134 394196.284205647 1628486441.49592 1834748118.37244 975320279.689366 1340400403.69143 275967776.317429 182663544.602895 0 0
