"Time" "IECs" "pheme_e" "BiomassCD" "pro_L_e" "leu_L_e" "ile_L_e" "val_L_e" "trp_L_e" "cys_L_e" "Drug" "Damage" "pro_L_v" "leu_L_v" "ile_L_v" "val_L_v" "trp_L_v" "cys_L_v" "CD" "pheme_c"
0 457000 1e+05 0.4963 224235600.199112 195370466.451958 120509812.093413 157438605.791629 18978882.6152 31300034.1459915 0 0 0 0 0 0 0 0 45700000 1000
1 367528.805494625 135641.245965101 0.594123777991211 304987895.230462 327624337.250563 179095497.947235 243610401.17566 46579728.107173 35692477.5229344 0 89471.1945053747 239515481.112924 239856827.149249 136375366.189879 183014032.041459 30733985.9547795 29964495.313121 48532264.0514048 790.860812258346
2 291143.880049628 215103.744506351 0.697812006731081 346112618.255207 389197528.630548 207468299.634384 284718255.794164 58665494.3445752 38607246.4922243 0 165856.119950372 471607892.880689 495968540.695007 274318497.210626 371626357.097995 68450451.914395 56381537.7147101 52252899.6501114 1089.98278190216
3 226144.59906048 297840.477138644 0.80352892073819 376694361.991167 430665664.937203 227461754.900287 313206383.100297 66170324.9740525 41292449.9059989 0 230855.40093952 673263596.245656 724832414.02222 395694132.766011 538504678.256522 103324059.090201 78656058.2007684 57057137.8683082 1331.52482341732
4 171289.357255821 371229.959178098 0.907130664836601 405035465.358557 466713391.195283 245355724.991038 338446769.381793 72288982.3052878 44087573.9048822 0 285710.642744179 840581985.333785 916927638.429717 496902937.031322 677994827.150312 132969503.756906 96925347.0548741 63165463.1232494 1486.65002674351
5 125682.1889959 430997.147056448 1.00479460357703 433334021.070491 501697389.188207 262910358.501064 363134614.127192 78011795.1862052 47044834.2172423 0 331317.8110041 974509415.836607 1071623853.2298 578099360.960469 790070117.779968 156980516.735218 111481239.354324 70824628.055042 1570.93199236707
6 88639.2490970948 475526.189331817 1.09354978397002 461475308.752385 536272042.435578 280220445.943381 387533284.118977 83561090.1905257 50088128.3462932 0 368360.750902905 1077527952.95426 1191110787.02156 640629941.007971 876489352.310819 175580493.991834 122662434.146414 80308689.252348 1602.10895592345
7 59541.4970841166 504324.195053202 1.17156381355568 488238762.538238 569460052.286771 296614578.645095 410807122.764989 88835541.2375699 53067895.4228908 0 397458.502915883 1152978401.97762 1278940327.79235 686456893.849442 939908397.429657 189274201.531458 130856203.8428 91917623.0154873 1593.05752336142
8 37693.0378791078 517745.818046407 1.23815260204046 511901368.505681 599573638.772154 311078275.548631 431634165.196369 93595260.0721816 55799873.6902891 9737.47760380151 419306.962120892 1204968618.98124 1339694483.14059 718046529.484784 983695550.778079 198755053.342165 136514033.910125 105972253.76768 1552.64758551847
9 36779.7895412803 677409.530260457 1.25089624487508 475675263.781323 557083477.88649 289052641.412348 401058919.294838 86969049.8436675 51845478.3074758 5814.29145668477 420220.21045872 1244466892.50004 1385952913.60775 742048428.92862 1016998126.96713 205976648.767862 140819116.654664 4591.88726367341 146.099700683271
10 36779.6685267571 750241.329763772 1.26260480299632 439246349.545072 514420023.538641 266915954.167095 370344388.033876 80308648.3714398 47874965.2753697 5672.39408924154 420220.331473243 1280896240.33132 1428616867.52182 764185378.169518 1047713019.79419 212637129.134983 144789676.156347 8.28603348139568 6.41083755039786
11 36779.6683002167 780998.309596459 1.27334331738707 405606935.017658 475023478.895577 246474358.154862 341981788.31547 74158259.3794915 44208490.1762396 5666.25881973768 420220.331699783 1314535655.67043 1468013413.10055 784626974.672457 1076075620.18979 218787518.274625 148456151.342469 0.0166282591281321 0.280226137926867
12 36779.6682997612 793986.558608498 1.28317617194727 374543773.922162 438644093.892101 227598268.935772 315791320.488011 68478894.0659597 40822809.7709612 5665.99082940687 420220.331700239 1345598816.76756 1504392798.10591 803503063.892535 1102266088.01862 224466883.588453 151841831.747922 3.35990380159564e-05 0.012245517035594
13 36779.6682997603 799471.315964336 1.29216636665097 345859566.176326 405050802.021496 210167793.559339 291606633.752055 63234479.4998766 37696419.6457783 5665.97911894118 420220.33170024 1374283024.5134 1537986089.97652 820933539.26897 1126450774.75457 229711298.154537 154968221.873105 1.12515970257441e-07 0.000535071380244028
14 36779.6682997603 801787.458415141 1.30037494536172 319372121.082484 374030232.033006 194072220.567268 269274116.580707 58391705.2423712 34809462.2120407 5665.97860727515 420220.33170024 1400770469.60724 1569006659.96501 837029112.261041 1148783291.92592 234554072.412043 157855179.306843 3.37456924628159e-08 2.34054900251158e-05
15 36779.6682997603 802765.800521947 1.3078605998221 294913096.158535 345385230.908306 179209253.618832 248651833.375465 53919792.7628653 32143589.2455845 5665.97858484695 420220.33170024 1425229494.53119 1597651661.08971 851892079.209477 1169405575.13116 239025984.891549 160521052.273299 4.00627252927786e-08 9.77431310595583e-07
16 36779.6682997603 803178.653000665 1.31467924330472 272327233.061664 318933969.019337 165484547.186156 229608880.246027 49790355.7408516 29681878.6074358 15403.45618773 420220.33170024 1447815357.62806 1624102922.97868 865616785.642153 1188448528.2606 243155421.913562 162982762.911448 4.76142649751622e-08 5.91234189326699e-08
17 36779.6682997603 803352.972346694 1.31943843832706 251471384.171418 294508800.118482 152811115.039898 212024564.287493 45977222.0933341 27408728.1477639 15403.4561876707 420220.33170024 1468671206.51831 1648528091.87953 878290217.788411 1206032844.21913 246968555.56108 165255913.37112 -1.00583105185007e-08 -1.67307947029659e-10
18 36779.6682997603 803426.549642142 1.32378620163339 232212671.076635 271954104.664528 141108211.220666 195786850.934487 42456097.2858011 25309654.9930591 15403.4561876707 420220.33170024 1487929919.61309 1671082787.33349 889993121.607643 1222270557.57214 250489680.368612 167354986.525825 -1.00583105185007e-08 -1.68307947029661e-10
19 36779.6682997603 803457.834958317 1.32775561786293 214428869.758818 251126740.927246 130301564.102633 180792688.72311 39204634.7563879 23371337.5285891 15403.4561876707 420220.33170024 1505713720.93091 1691910151.07077 900799768.725676 1237264719.78352 253741142.898026 169293303.990295 -1.00583105185007e-08 -1.69307947029661e-10
20 36779.6682997603 803470.966467763 1.33137755811943 198007042.005244 231894442.17726 120322544.747071 166946855.386136 36202185.6932777 21581466.2314228 15403.4561876707 420220.33170024 1522135548.68448 1711142449.82076 910778788.081238 1251110553.12049 256743591.961136 171083175.287461 -1.00583105185007e-08 -1.70307947029661e-10
21 36779.6682997603 803476.527323239 1.33468073446924 182842881.013258 214135050.295482 111107769.247007 154161406.108458 33429679.3896882 19928672.3455985 15403.4561876707 420220.33170024 1537299709.67647 1728901841.70253 919993563.581302 1263896002.39817 259516098.264725 172735969.173285 -1.00583105185007e-08 -1.71307947029662e-10
22 36779.6682997603 803478.830457911 1.33769179777222 168840013.510503 197735698.456533 102598674.648023 142355085.119572 30869495.6485479 18402451.8178165 15403.4561876707 420220.33170024 1551302577.17922 1745301193.54148 928502658.180286 1275702323.38706 262076282.005866 174262189.701067 -1.00583105185007e-08 -1.72307947029662e-10
23 36779.6682997603 803479.849504598 1.34043541862387 155909448.84757 182592165.937784 94741184.17948 131452861.203785 28505364.0585511 16993105.2521579 15403.4561876707 420220.33170024 1564233141.84215 1760444726.06023 936360148.648829 1286604547.30284 264440413.595863 175671536.266726 -1.00583105185007e-08 -1.73307947029662e-10
24 36779.6682997603 803480.116984471 1.34293434909771 143969170.598631 168608399.825538 87485459.0832869 121385583.364025 26322289.3253502 15691693.3972379 25140.9337914722 420220.33170024 1576173420.09109 1774428492.17248 943615873.745022 1296671825.1426 266623488.329063 176972948.121646 0 0
25 36779.6682997603 803480.314227652 1.34475866633807 132943501.724637 155695771.530741 80785512.8438883 112089445.568111 24306435.2025542 14489967.9531669 25140.9337914722 420220.33170024 1587199088.96508 1787341120.46728 950315819.98442 1305967962.93851 268639342.451859 178174673.565717 0 0
26 36779.6682997603 803480.39796366 1.34642202329119 122762205.370301 143772023.694199 74598664.7713569 103505228.598365 22444960.0879055 13380273.564331 25140.9337914722 420220.33170024 1597380385.31942 1799264868.30382 956502668.056952 1314552179.90826 270500817.566508 179284367.954553 0 0
27 36779.6682997603 803480.433359261 1.34793828379138 113360561.594216 132761360.048474 68885586.6278325 95578364.7455299 20726031.052064 12355556.182471 25140.9337914722 420220.33170024 1606782029.0955 1810275531.94954 962215746.200476 1322479043.7611 272219746.602349 180309085.336413 0 0
28 36779.6682997603 803480.44865406 1.34932015436904 104678913.348385 122593913.695264 63610026.7338078 88258555.0077951 19138740.828765 11409313.581435 25140.9337914722 420220.33170024 1615463677.34134 1820442978.30275 967491306.094501 1329798853.49883 273807036.825648 181255327.937449 0 0
29 36779.6682997603 803480.454978546 1.35057930768196 96662104.7283582 113205089.216316 58738468.6107068 81499295.4592864 17673005.1085072 10535534.1301349 25140.9337914722 420220.33170024 1623480485.96136 1829831802.7817 972362864.217602 1336558113.04734 275272772.545906 182129107.388749 0 0
30 36779.6682997603 803480.455553418 1.35172642637482 89259282.2041378 104535329.886515 54240010.1952655 75257709.6606989 16319526.1970394 9728675.12802204 25140.9337914722 420220.33170024 1630883308.48558 1838501562.1115 976861322.633043 1342799698.84593 276626251.457374 182935966.390862 0 0
31 36779.6682997603 803480.456393535 1.35277131513467 82423407.5981095 96529547.301688 50086067.8918023 69494138.0334831 15069703.9717428 8983609.7228819 25140.9337914722 420220.33170024 1637719183.09161 1846507344.69633 981015264.936507 1348563270.47314 277876073.68267 183681031.796002 0 0
32 36779.6682997603 803480.458991945 1.35372294741178 76111054.1233385 89136882.5104077 46250252.6312149 64171965.892399 13915598.5907371 8295604.68034928 34878.4113952737 420220.33170024 1644031536.56638 1853900009.48761 984851080.197094 1353885442.61423 279030179.063676 184369036.838535 0 0
33 36779.6682997603 803480.459102036 1.35442835183034 70282204.9958553 82310470.1602989 42708247.49411 59257453.6482953 12849893.6725976 7660298.43397091 34878.4113952737 420220.33170024 1649860385.69386 1860726421.83772 988393085.334199 1358799954.85833 280095883.981816 185004343.084913 0 0
34 36779.6682997603 803480.459148771 1.3550710543096 64899738.7025107 76006835.6734002 39437494.9245453 54719302.8189325 11865802.1864256 7073644.9827845 34878.4113952737 420220.33170024 1655242851.98721 1867030056.32462 991663837.903764 1363338105.6877 281079975.467988 185590996.5361 0 0
35 36779.6682997603 803480.459168527 1.35565658165466 59929444.9414977 70185913.9147856 36417206.4165753 50528669.4690112 10957069.3662991 6531915.62873096 34878.4113952737 420220.33170024 1660213145.74822 1872850978.08323 994684126.411734 1367528739.03762 281988708.288114 186132725.890153 0 0
36 36779.6682997603 803480.459177063 1.35618997329201 55339785.6231113 64810769.2904208 33628217.2820589 46658962.7013196 10117929.014368 6031672.92730791 34878.4113952737 420220.33170024 1664802805.06661 1878226122.7076 997473115.54625 1371398445.80531 282827848.640045 186632968.591576 0 0
37 36779.6682997603 803480.459180594 1.35667583719774 51101601.8844371 59847252.6196423 31052808.612859 43085597.6302856 9343049.93352377 5569738.75409634 34878.4113952737 420220.33170024 1669040988.80528 1883189639.37838 1000048524.21545 1374971810.87634 283602727.720889 187094902.764788 0 0
38 36779.6682997603 803480.459180917 1.35711837276874 47188009.3462572 55263878.4660791 28674643.6318152 39785907.0693081 8627516.7769239 5143182.88845171 34878.4113952737 420220.33170024 1672954581.34346 1887773013.53194 1002426689.19649 1378271501.43732 284318260.877489 187521458.630433 0 0
39 36779.6682997603 803480.459181384 1.35752142071241 43574140.7744178 51031523.7574702 26478611.3162894 36738924.5593052 7966782.99804464 4749294.96528438 34878.4113952737 420220.33170024 1676568449.9153 1892005368.24055 1004622721.51202 1381318483.94732 284978994.656369 187915346.5536 0 0
40 36779.6682997603 803480.459182833 1.35788848471013 40237038.0396323 47123301.2552078 24450760.7455952 33925293.2761403 7356651.09738704 4385572.69938813 44615.8889990752 420220.33170024 1679905552.65009 1895913590.74281 1006650572.08271 1384132115.23049 285589126.557026 188279068.819496 0 0
41 36779.6682997603 803480.459182895 1.35816211454321 37155547.1921728 43514436.6718612 22578237.3412442 31327177.5643218 6793253.43868705 4049710.44927116 44615.8889990752 420220.33170024 1682987043.49755 1899522455.32616 1008523095.48706 1386730230.94231 286152524.215726 188614931.069613 0 0
42 36779.6682997603 803480.459182921 1.35841135334992 34310040.6456539 40181943.3088258 20849114.0469194 28928028.7001647 6273001.45499353 3739568.93701442 44615.8889990752 420220.33170024 1685832550.04407 1902854948.68919 1010252218.78139 1389129379.80647 286672776.199419 188925072.58187 0 0
43 36779.6682997603 803480.459182933 1.35863836958522 31682434.0601376 37104641.8288438 19252401.5877984 26712599.1265427 5792588.73545389 3453177.08841905 44615.8889990752 420220.33170024 1688460156.62959 1905932250.16917 1011848931.24051 1391344809.38009 287153188.918959 189211464.430465 0 0
44 36779.6682997603 803480.459182937 1.35884513674095 29256054.5323075 34263005.8879283 17777968.3739384 24666831.3192856 5348966.92615206 3188717.66660165 44615.8889990752 420220.33170024 1690886536.15741 1908773886.11009 1013323364.45437 1393390577.18735 287596810.728261 189475923.852282 0 0
45 36779.6682997603 803480.45918294 1.35903345624347 27015486.8670216 31638982.0974607 16416447.0844174 22777728.1731993 4939317.62350309 2944510.5166039 44615.8889990752 420220.33170024 1693127103.8227 1911397909.90056 1014684885.74389 1395279680.33343 288006460.03091 189720131.00228 0 0
46 36779.6682997603 803480.45918294 1.35920496720805 24946518.2973079 29215925.2834341 15159201.0754443 21033306.3935067 4561042.26725415 2719006.54023538 44615.8889990752 420220.33170024 1695196072.39242 1913820966.71458 1015942131.75286 1397024102.11312 288384735.387159 189945634.978649 0 0
47 36779.6682997603 803480.45918294 1.35936116677495 23036002.4758894 26978439.2011617 13998241.7323593 19422481.8222128 4211737.27367163 2510772.87204367 44615.8889990752 420220.33170024 1697106588.21383 1916058452.79686 1017103091.09595 1398634926.68442 288734040.380741 190153868.646841 0 0
48 36779.6682997603 803480.459182941 1.35950341904614 21271802.2991011 24912309.5739411 12926193.7255577 17935021.2308937 3889183.58187661 2318486.64749708 54353.3666028767 420220.33170024 1698870788.39062 1918124582.42408 1018175139.10275 1400122387.27574 289056594.072536 190346154.871387 0 0
49 36779.6682997603 803480.459182941 1.35960969059443 19642734.915419 23004439.6902119 11936261.5939324 16561495.9554106 3591336.59959929 2140929.00927573 54353.3666028767 420220.33170024 1700499855.7743 1920032452.30781 1019165071.23438 1401495912.55122 289354441.054813 190523712.509608 0 0
50 36779.6682997603 803480.459182941 1.35970647894924 18138423.0683729 21242676.3049371 11022139.4107175 15293156.5577754 3316299.0237846 1976968.90462604 54353.3666028767 420220.33170024 1702004167.62135 1921794215.69308 1020079193.41759 1402764251.94886 289629478.630628 190687672.614258 0 0
51 36779.6682997603 803480.459182941 1.35979462996458 16749306.6760797 19615823.2008864 10178017.8200007 14121942.5892715 3062322.95771094 1825564.34745379 54353.3666028767 420220.33170024 1703393284.01364 1923421068.79714 1020923315.00831 1403935465.91736 289883454.696702 190839077.17143 0 0
52 36779.6682997603 803480.459182941 1.35987491289653 15466571.432844 18113557.5709429 9398540.65019994 13040422.3918964 2827796.85701952 1685754.63636779 54353.3666028767 420220.33170024 1704676019.25688 1924923334.42708 1021702792.17811 1405016986.11474 290117980.797393 190978886.882516 0 0
53 36779.6682997603 803480.459182941 1.35994802946994 14282067.9053012 16726335.2681662 8678755.75137773 12041724.8854117 2611230.73783417 1556651.53669122 54353.3666028767 420220.33170024 1705860522.78442 1926310556.72986 1022422577.07693 1406015683.62122 290334546.916578 191107989.982193 0 0
54 36779.6682997603 803480.459182941 1.36001461780068 13188282.3367561 15445356.6135152 8014097.25397197 11119514.9514311 2411250.8388362 1437436.09832642 54353.3666028767 420220.33170024 1706954308.35297 1927591535.38451 1023087235.57434 1406937893.5552 290534526.815576 191227205.420558 0 0
55 36779.6682997603 803480.459182941 1.36007526043598 12178264.7559815 14262482.2010145 7400341.88281267 10267932.8193645 2226586.4771934 1327350.82008639 54353.3666028767 420220.33170024 1707964325.93374 1928774409.79701 1023700990.9455 1407789475.68727 290719191.177219 191337290.698798 0 0
56 36779.6682997603 803480.459182941 1.36013048791288 11245598.7321155 13170197.4764319 6833590.57814078 9481568.56568403 2056064.51876267 1225696.35317745 54353.3666028767 420220.33170024 1708896991.95761 1929866694.52159 1024267742.25017 1408575839.94095 290889713.13565 191438945.165707 0 0
57 36779.6682997603 803480.459182941 1.36018078367776 10384357.7730052 12161561.6735305 6310242.00027648 8755425.35180077 1898601.40627628 1131826.74890516 54353.3666028767 420220.33170024 1709758232.91672 1930875330.32449 1024791090.82803 1409301983.15483 291047176.248136 191532814.769979 0 0
58 36779.6682997603 803480.459182941 1.36022658830859 9589067.27356356 11230163.2501754 5826969.40685303 8084887.34135603 1753196.20225267 1045145.31129541 54353.3666028767 420220.33170024 1710553523.41616 1931806728.74784 1025274363.42146 1409972521.16528 291192581.45216 191619496.207589 0 0
59 36779.6682997603 803480.459182941 1.36026830075798 8854693.63364728 10370107.1438196 5380714.04009917 7465710.52511306 1618928.59938735 965103.411014503 54353.3666028767 420220.33170024 1711287897.05607 1932666784.8542 1025720618.78821 1410591697.98152 291326849.055025 191699538.10787 0 0
60 36779.6682997603 803480.459182941 1.36030628538363 8176579.31736553 9575938.71670676 4968645.66445888 6893967.96712585 1494947.0472633 891193.407260741 54353.3666028767 420220.33170024 1711966011.37236 1933460953.28131 1026132687.16385 1411163440.53951 291450830.607149 191773448.111623 0 0
61 36779.6682997603 803480.459182941 1.36034087748977 7550394.14164115 8842586.70784018 4588132.96620821 6366008.73437376 1380459.84630127 822943.338537653 54353.3666028767 420220.33170024 1712592196.54808 1934194305.29018 1026513199.8621 1411691399.77226 291565317.808111 191841698.180346 0 0
62 36779.6682997603 803480.459182941 1.36037238107036 6972151.60646698 8165382.35803819 4236753.4768297 5878471.66538771 1274738.13346657 759918.702544641 54353.3666028767 420220.33170024 1713170439.08325 1934871509.63998 1026864579.35148 1412178936.84125 291671039.520946 191904722.816339 0 0
63 36779.6682997603 803480.459182941 1.36040107030217 6438193.60394057 7540041.50203637 3912284.2811819 5428272.47788767 1177113.08657879 701720.78956225 54353.3666028767 420220.33170024 1713704397.08578 1935496850.49598 1027189048.54713 1412629136.02875 291768664.567834 191962920.729322 0 0
64 36779.6682997603 803480.459182941 1.36042719651798 5945128.45292386 6962591.99825036 3612664.36314456 5012551.52357661 1086964.59501394 647979.928637331 54353.3666028767 420220.33170024 1714197462.2368 1936074299.99977 1027488668.46516 1413044856.98306 291858813.059399 192016661.590247 0 0
65 36779.6682997603 803480.459182941 1.36045098860538 5489824.39887989 6429366.11615887 3335990.65567723 4628668.30761913 1003720.07126126 598354.779107954 54353.3666028767 420220.33170024 1714652766.29084 1936607525.88186 1027765342.17263 1413428740.19901 291942057.583152 192066286.739776 0 0
66 36779.6682997603 803480.459182941 1.36047265502503 5069389.52945632 5936977.01459214 3080505.83616205 4274184.55474793 926850.778832776 552530.141534018 54353.3666028767 420220.33170024 1715073201.16026 1937099914.98343 1028020826.99215 1413783223.95189 292018926.87558 192112111.37735 0 0
67 36779.6682997603 803480.459182941 1.36049238562734 4681153.45950613 5482297.29228304 2844587.19697662 3946848.76724629 855868.483683937 510214.961484875 54353.3666028767 420220.33170024 1715461437.23022 1937554594.70574 1028256745.63133 1414110559.73939 292089909.170729 192154426.557399 0 0
68 36779.6682997603 803480.459182941 1.36051035328851 4322650.57911635 5062439.36892329 2626736.46585712 3644582.10075894 790322.391403532 471140.503684556 54353.3666028767 420220.33170024 1715819940.11061 1937974452.6291 1028474596.36245 1414412826.40587 292155455.263009 192193501.0152 0 0
69 36779.6682997603 803480.459182941 1.36052671554081 3991603.26270184 4674735.82062126 2425569.60260168 3365464.20727534 729796.077284956 435058.521913353 54353.3666028767 420220.33170024 1716150987.42702 1938362156.1774 1028675763.22571 1414691944.29936 292215981.577128 192229582.996971 0 0
70 36779.6682997603 803480.459182941 1.3605416158383 3685908.48616343 4316723.70668847 2239808.6667456 3107721.95157464 673905.039503505 401739.800366009 54353.3666028767 420220.33170024 1716456682.20356 1938720168.29133 1028861524.16156 1414949686.55506 292271872.614909 192262901.718518 0 0
71 36779.6682997603 803480.459182941 1.36055518473868 3403625.02773278 3986129.58000629 2068274.03992419 2869718.61979782 622294.359010755 370972.758627922 54353.3666028767 420220.33170024 1716738965.66199 1939050762.41802 1029033058.78838 1415187689.88684 292323483.295402 192293668.760256 0 0
72 36779.6682997603 803480.459182941 1.36056754115487 3142960.16337533 3680853.90544832 1909876.34109483 2649942.70186367 574636.267017586 342562.001561516 54353.3666028767 420220.33170024 1716999630.52635 1939356038.09257 1029191456.48721 1415407465.80477 292371141.387395 192322079.517323 0 0
