"Time" "IECs" "pheme_e" "BiomassCD" "pro_L_e" "leu_L_e" "ile_L_e" "val_L_e" "trp_L_e" "cys_L_e" "Drug" "Damage" "pro_L_v" "leu_L_v" "ile_L_v" "val_L_v" "trp_L_v" "cys_L_v" "CD" "pheme_c"
0 457000 1e+05 0.4963 224235600.199112 195370466.451958 120509812.093413 157438605.791629 18978882.6152 31300034.1459915 0 0 0 0 0 0 0 0 45700000 1000
1 308156.028170275 168334.273701853 0.594123777883439 463902632.942073 510244361.735131 275347963.588472 376219806.308457 74858287.3943516 52952597.3627593 0 148843.971829725 293222573.889715 304168183.556655 169547710.882741 229068610.211775 41166286.2482307 35503521.9658468 48532264.0537347 976.45909151365
2 202190.982231063 294685.293062108 0.697811922277081 561607856.980803 636231236.091454 337787527.48905 464225661.270185 96767773.0853433 62126529.2932924 0 254809.017768937 574444424.846978 618889935.261512 337771544.402131 459699884.179447 88344800.5203737 67020167.6759709 52252903.7113529 1492.12289642568
3 128029.848415216 409083.633044509 0.803528918426041 618229165.452988 707682293.220561 373467614.966059 514420010.600845 108851288.743488 67717877.3759239 0 328970.151584784 782470761.502894 855875033.672513 463190606.127919 632269034.071783 124612540.854386 89906694.9786245 57057136.5978964 1829.43733732202
4 77461.1245009747 494288.377419656 0.907130691896788 658372452.141179 757765359.602817 398469369.036464 549653217.314884 117111620.089253 71874529.8628163 0 379538.875499026 922065186.269734 1016107290.04959 547602320.110179 748620390.346126 149320541.965474 105168432.474801 63165456.0489572 1980.53519046184
5 44248.1426132412 548988.318184264 1.00479454361885 688562352.582043 795681699.712981 417129006.2514 576163116.230574 123256438.238608 75143872.2608611 0 412751.857386759 1008973020.80449 1116323741.61051 600226983.073719 821255507.950672 164827311.207413 114652875.121646 70824624.3261129 2002.05880784148
6 23529.5535075171 576938.382030468 1.09354967941406 710347083.69227 823971023.545252 430534416.387871 595584085.107473 127789471.528252 77639932.7723482 0 433470.446492483 1058975565.95913 1174203029.86894 630525759.673446 863133661.206578 173798563.734824 120112752.826757 80308689.6691329 1944.64630744748
7 11456.8168213913 583403.21428146 1.17156379383808 724248010.754248 843654680.395914 439070587.683274 608533082.687324 130919718.47688 79401109.1090938 0 445543.183178609 1085245086.0895 1204729884.89588 646449459.612541 885179385.425227 178534375.980504 122987507.377484 91917626.2815616 1843.48064263447
8 5011.14903506316 573787.3610174 1.23815232899908 731109407.5877 855977687.796822 443286538.585935 615828031.846883 132867573.003939 80513421.166675 9737.47760380151 451988.850964937 1097653287.32864 1219214409.81831 653972320.055229 895615945.30853 180782413.317975 124350331.749852 105972254.295549 1721.12725364329
9 4846.91595707187 737005.47007011 1.2508960004221 724016991.77452 847668092.660932 438987653.082288 609852642.620535 131578776.207026 79733590.2570868 5996.73319528011 452153.084042928 1105306689.86926 1228174900.00681 658612748.08056 902062545.689653 182173299.587308 125193174.99566 178.183161981431 193.572852609786
10 4846.91513576639 811028.808608675 1.26260458506278 716454672.786297 838814244.468374 434402450.390666 603482764.183384 130204442.885345 78900777.1520783 5817.04511435592 452153.084864234 1112869011.66058 1237028751.45169 663197952.478782 908432426.481313 183547633.419103 126025988.415779 0.0347097770122708 13.9522327293489
11 4846.91513559785 842617.228173779 1.27334312396074 708971339.215399 830052871.231782 429865138.312506 597179416.602288 128844463.928498 78076662.4427208 5804.12675346578 452153.084864403 1120352345.23205 1245790124.68895 667735264.557292 914735774.062893 184907612.376055 126850103.125201 8.27467799956672e-06 1.03388751245407
12 4846.9151355978 856097.128303041 1.2831760010907 701566168.692464 821383010.104072 425375218.233942 590941907.174021 127498689.884399 77261155.5706237 5803.16963640134 452153.084864403 1127757515.75499 1254459985.81666 672225184.635856 920973283.49116 186253386.420154 127665609.997298 4.95397578163512e-08 0.076770451960007
13 4846.9151355978 861849.480166329 1.29216621651452 694238344.808864 812803705.246426 420932195.148215 584769548.22279 126166972.383533 76454166.6274138 5803.09856742998 452153.084864403 1135085339.63859 1263039290.67431 676668207.721584 927145642.442391 187585103.921019 128472598.940508 5.93288118519772e-08 0.00570148079129975
14 4846.9151355978 864304.212504603 1.30037481419692 686987059.682783 804314010.803086 416535579.218555 578661659.255089 124849164.606005 75655606.6437458 5803.09328936917 452153.084864403 1142336624.76467 1271528985.11765 681064823.651243 933253531.410092 188902911.698548 129271158.924176 6.69900642424137e-08 0.000423420157594261
15 4846.9151355978 865351.739947862 1.30786044744517 679811513.870688 795912990.797713 412184885.724517 572617566.885132 123545121.265443 74865387.5795545 5803.09289741587 452153.084864403 1149512170.57677 1279930005.12302 685415517.145281 939297623.780048 190206955.039111 130061377.988367 7.37744174746791e-08 3.14670165853651e-05
16 4846.9151355978 865798.923182136 1.31467911374209 672710915.524889 787599718.147064 407879634.551182 566636604.12525 122254698.455899 74083422.23128 15540.5704720591 452153.084864403 1156612768.92256 1288243277.77367 689720768.318617 945278586.539931 191497377.848654 130843343.336642 8.04711909679661e-08 2.30892279359179e-06
17 4846.9151355978 865989.725712392 1.31943817043589 665684532.630797 779373335.819579 403619381.861774 560718154.386278 120977763.145161 73309629.9845829 15540.5704697885 452153.084864403 1163639151.81665 1296469660.10116 693981021.008025 951197036.278903 192774313.159392 131617135.583339 -1.28154425048925e-07 3.83129286706266e-08
18 4846.9151355978 866070.97824185 1.32378599100073 658731490.218604 771232819.413902 399403597.142581 554861480.665278 119714156.321135 72543914.48194 15540.5704697508 452153.084864403 1170592194.22884 1304610176.50683 698196805.727218 957053709.999903 194037919.983418 132382851.085982 -1.28154425048925e-07 6.29790683423837e-10
19 4846.9151355978 866105.603190277 1.32775537790575 651851073.706824 763177332.308889 395231847.126908 549065981.057307 118463748.119802 71786197.028862 15540.5704697369 452153.084864403 1177472610.74062 1312665663.61184 702368555.742892 962849209.607873 195288328.184751 133140568.53906 -1.28154425048925e-07 -1.33291781179535e-08
20 4846.9151355978 866120.567299684 1.33137734940896 645042521.436566 755205982.765883 391103670.003977 543331014.003268 117226400.121558 71036393.7463812 15540.5704697382 452153.084864403 1184281163.01088 1320637013.15485 706496732.865822 968584176.661913 196525676.182995 133890371.821541 -1.28154425048925e-07 -1.20289210157701e-08
21 4846.9151355978 866126.918254949 1.33468136738703 638305060.885483 747317866.327457 387018597.376257 537655928.793576 116001971.932536 70294419.5591732 15540.5704697382 452153.084864403 1191018623.56197 1328525129.59328 710581805.493542 974259261.871605 197750104.372017 134632346.008749 -1.28154425048925e-07 -1.20309413812876e-08
22 4846.9151355978 866129.486201567 1.33769336851866 631637965.388332 739512132.224988 382976188.650402 532040113.344919 114790331.492683 69560194.4420048 15540.5704697382 452153.084864403 1197685719.05912 1336330863.69574 714624214.219397 979875077.320262 198961744.81187 135366571.125917 -1.28154425048925e-07 -1.20329413812878e-08
23 4846.9151355978 866130.482885032 1.34043596909481 625040560.550664 731787990.887703 378976034.926013 526482999.602624 113591356.241343 68833644.1260518 15540.5704697382 452153.084864403 1204283123.89679 1344055005.03303 718624367.943786 985432191.062557 200160720.06321 136093121.44187 -1.28154425048925e-07 -1.20349413812879e-08
24 4846.9151355978 866131.23391119 1.3429345428649 618512048.969181 724144508.727934 375017652.719682 520983915.899429 112404901.262926 68114680.7959334 25278.0480735397 452153.084864403 1210811635.47827 1351698487.1928 722582750.150117 990931274.765752 201347175.041627 136812084.771989 0 0
25 4846.9151355978 866131.390383462 1.34475957255811 612051720.947894 716580854.844403 371100611.726899 515542264.445534 111230837.581274 67403226.2951838 25278.0480735397 452153.084864403 1217271963.49956 1359262141.07633 726499791.1429 996372926.219648 202521238.723279 137523539.272739 0 0
26 4846.9151355978 866131.446778365 1.34642302849045 605658860.947208 709096191.494226 367224478.100047 510157442.52896 110069035.158245 66699201.8238004 25278.0480735397 452153.084864403 1223664823.50024 1366746804.42651 730375924.769752 1001757748.13622 203683041.146308 138227563.744122 0 0
27 4846.9151355978 866131.474582677 1.34794014481312 599332727.321692 701689650.370198 363388802.162956 504828825.448311 108919359.21137 66002525.7068312 25278.0480735397 452153.084864403 1229990957.12576 1374153345.55054 734211600.706844 1007086365.21687 204832717.093183 138924239.861091 0 0
28 4846.9151355978 866131.490244922 1.34932023865325 593072793.392375 694360614.844586 359593264.578417 499555969.572338 107781714.024975 65313139.9428681 25278.0480735397 452153.084864403 1236250891.05508 1381482381.07615 738007138.291382 1012359221.09284 205970362.279578 139613625.625054 0 0
29 4846.9151355978 866131.530637626 1.35057883068239 586878196.484944 687108074.91141 355837342.28775 494338148.254822 106655942.821481 64630949.5284495 25278.0480735397 452153.084864403 1242445487.96251 1388734921.00933 741763060.582049 1017577042.41036 207096133.483072 140295816.039473 0 0
30 4846.9151355978 866131.592928817 1.351725687239 580748285.380654 679931268.133661 352120640.442504 489174812.962404 105541927.252057 63955882.747015 25278.0480735397 452153.084864403 1248575399.0668 1395911727.78707 745479762.427296 1022740377.70278 208210149.052496 140970882.820907 0 0
31 4846.9151355978 866131.669522163 1.35277059236302 574682399.486949 672829421.099609 348442758.510673 484065407.265993 104439547.264326 63287866.8496967 25278.0480735397 452153.084864403 1254641284.9605 1403013574.82113 749157644.359126 1027849783.39919 209312529.040227 141638898.718226 0 0
32 4846.9151355978 866131.716325521 1.3537220877089 568679872.910119 665801754.191019 344803292.74605 479009370.271243 103348681.842511 62626828.5038289 35015.5256773412 452153.084864403 1260643811.53733 1410041241.72972 752797110.123749 1032905820.39394 210403394.462042 142299937.064094 0 0
33 4846.9151355978 866131.593351958 1.35442822716523 562740020.681238 658847465.456679 341201827.836693 474006125.016403 102269206.504211 61972692.2760552 35015.5256773412 452153.084864403 1266583663.76621 1416995530.46406 756398575.033106 1037909065.64878 211482869.800342 142954073.291868 0 0
34 4846.9151355978 866131.558475284 1.35507153432417 556862157.012753 651965751.986944 337637947.974312 469055093.850181 101200996.618253 61325382.6428668 35015.5256773412 452153.084864403 1272461527.4347 1423877243.93379 759962454.895487 1042860096.815 212551079.6863 143601382.925056 0 0
35 4846.9151355978 866131.555717651 1.35565733641968 551045714.993017 645155950.05027 334111309.427728 464155799.252615 100143949.157303 60684837.1721639 35015.5256773412 452153.084864403 1278277969.45443 1430687045.87047 763489093.442072 1047759391.41257 213608127.14725 144241928.395759 0 0
36 4846.9151355978 866131.544927999 1.35619100378611 545290015.589975 638417264.646247 330621500.484658 459307669.262691 99097940.7178935 60050981.0843982 35015.5256773412 452153.084864403 1284033668.85747 1437425731.27449 766978902.385141 1052607521.40249 214654135.586659 144875784.483525 0 0
37 4846.9151355978 866131.518235949 1.35667571850928 539594591.199717 631749148.31132 327168237.626422 454510310.009155 98062886.3203205 59423762.8839018 35015.5256773412 452153.084864403 1289729093.24773 1444093847.60942 770432165.243377 1057404880.65603 215689189.984232 145503002.684021 0 0
38 4846.9151355978 866131.444534998 1.35711752932579 533958619.377037 625150638.13914 323751022.186143 449763028.731495 97038636.4980174 58803091.9975116 35015.5256773412 452153.084864403 1295365065.07041 1450692357.7816 773849380.683656 1062152161.93369 216713439.806536 146123673.570411 0 0
39 4846.9151355978 866131.313018202 1.35752051581663 528381450.868344 618620973.993468 320369460.506887 445065278.551636 96025073.2592881 58188896.9250827 35015.5256773412 452153.084864403 1300942233.5791 1457222021.92727 777230942.362912 1066849912.11355 217727003.045265 146737868.64284 0 0
40 4846.9151355978 866131.127720508 1.35788749413338 522862537.404417 612159513.96903 317023220.160795 440416597.652471 95022096.9647677 57581117.2875441 44753.0032811427 452153.084864403 1306461147.04303 1463683481.95171 780577182.709004 1071498593.01271 218729979.339785 147345648.280379 0 0
41 4846.9151355978 866131.344426734 1.35816164059 517401224.735538 605765492.080198 313711904.461667 435816434.947596 94029588.7147919 56979681.0345439 44753.0032811427 452153.084864403 1311922459.71191 1470077503.84054 783888498.408132 1076098755.71759 219722487.589761 147947084.533379 0 0
42 4846.9151355978 866131.371223507 1.35841125701258 511996900.851798 599438191.79507 310435142.334244 431264274.929966 93047437.2861219 56384520.7674605 44753.0032811427 452153.084864403 1317326783.59565 1476404804.12567 787165260.535555 1080650915.73521 220704639.018431 148542244.800463 0 0
43 4846.9151355978 866131.310134872 1.35863876430099 506648967.364853 593176912.529667 307192570.962324 426759613.566228 92075533.9310256 55795570.5877701 44753.0032811427 452153.084864403 1322674717.08259 1482666083.39107 790407831.907475 1085155577.09895 221676542.373527 149131194.980153 0 0
44 4846.9151355978 866131.224261417 1.35884565591607 501356980.953729 586981135.250525 303983921.550511 422302077.439084 91113798.0828419 55212781.6740037 44753.0032811427 452153.084864403 1327966703.49372 1488861860.67021 793616481.319288 1089613113.2261 222638278.221711 149713983.893919 0 0
45 4846.9151355978 866131.211520741 1.35903424860837 496120213.149801 580850007.07765 300808752.412028 417891052.9462 90162097.3537802 54636073.8023277 44753.0032811427 452153.084864403 1333203471.29765 1494992988.84309 796791650.457771 1094024137.71898 223589978.950772 150290691.765595 0 0
46 4846.9151355978 866131.271025754 1.35920523004192 490938377.228029 574783192.317721 297666889.699086 413526298.573877 89220379.6360443 54065415.3966642 44753.0032811427 452153.084864403 1338385307.21942 1501059803.60302 799933513.170713 1098388892.0913 224531696.668508 150861350.171259 0 0
47 4846.9151355978 866131.469631421 1.35936094085777 485810661.716036 568779740.911209 294557841.397882 409207130.804213 88288497.4572079 53500717.0922515 44753.0032811427 452153.084864403 1343513022.73141 1507063255.00953 803042561.471917 1102708059.86097 225463578.847345 151426048.475672 0 0
48 4846.9151355978 866131.618857889 1.35950322031696 480736392.494328 562838863.609253 291481198.774728 404932981.814134 87366328.3065855 52941904.6505451 54490.4808849442 452153.084864403 1348587291.95312 1513004132.31149 806119204.095071 1106982208.85105 226385747.997967 151984860.917378 0 0
49 4846.9151355978 866131.553402109 1.35960966647573 475715115.578046 556960028.89328 288436686.568478 400703469.20396 86453789.6795222 52388928.0756982 54490.4808849442 452153.084864403 1353608568.8694 1518882967.02746 809163716.301321 1111211721.46122 227298286.62503 152537837.492225 0 0
50 4846.9151355978 866131.544869334 1.35970658596296 470746208.072448 551142507.487589 285423927.104154 396518068.298152 85550768.3746306 51841718.7703785 54490.4808849442 452153.084864403 1358577476.375 1524700488.43315 812176475.765645 1115397122.36703 228201307.929922 153085046.797545 0 0
51 4846.9151355978 866131.562923154 1.35979491335567 465829147.678258 545385687.892125 282442603.700053 392376339.154559 84657169.4721775 51300219.2154986 54490.4808849442 452153.084864403 1363494536.76919 1530457308.02862 815157799.169746 1119538851.51062 229094906.832375 153626546.352424 0 0
52 4846.9151355978 866131.588824097 1.35987522666364 460963530.253012 539689096.943031 279492471.315584 388277941.356653 83772919.5255847 50764384.9041895 54490.4808849442 452153.084864403 1368360154.19444 1536153898.97771 818107931.554215 1123637249.30853 229979156.778968 154162380.663734 0 0
53 4846.9151355978 866131.592029947 1.35994844017996 456148675.618009 534051938.297422 276573117.543229 384222301.977581 82897894.9230005 50234140.9306265 54490.4808849442 452153.084864403 1373175008.82944 1541791057.62332 821027285.32657 1127692888.6876 230854181.381552 154692624.637297 0 0
54 4846.9151355978 866131.551496987 1.36001473539474 451384354.171217 528473943.140725 273684403.170153 380209227.619385 82032053.9378427 49709462.0094991 54490.4808849442 452153.084864403 1377939330.27623 1547369052.78002 823915999.699645 1131705963.0458 231720022.36671 155217303.558424 0 0
55 4846.9151355978 866131.426692838 1.36007492439877 446669877.136751 522954305.064599 270825910.576172 376238138.113647 81175271.3958555 49190272.2882033 54490.4808849442 452153.084864403 1382653807.3107 1552888690.85614 826774492.293626 1135677052.55154 232576804.908697 155736493.27972 0 0
56 4846.9151355978 866131.182456815 1.36012979185378 442004604.274164 517492274.485259 267997251.569222 372308494.174227 80327430.943341 48676501.2591819 54490.4808849442 452153.084864403 1387319080.17328 1558350721.43548 829603151.300577 1139606696.49096 233424645.361211 156250264.308741 0 0
57 4846.9151355978 866130.849044792 1.36018007455135 437387914.995881 512087124.828202 265198049.873211 368419773.068957 79488419.7982035 48168080.5791833 54490.4808849442 452153.084864403 1391935769.45157 1563755871.09254 832402352.996588 1143495417.59623 234263656.506349 156758684.98874 0 0
58 4846.9151355978 866131.108312446 1.36022595711428 432819412.985721 506738392.092463 262428065.192798 364571640.973528 78658165.936169 47664966.6032207 54490.4808849442 452153.084864403 1396504271.46173 1569104603.82828 835172337.677001 1147343549.69166 235093910.368383 157261798.964702 0 0
59 4846.9151355978 866131.508296022 1.36026772796156 428298635.836936 501445534.899251 259687017.160457 360763708.394352 77836585.3220358 47167108.4079726 54490.4808849442 452153.084864403 1401025048.61051 1574397461.02149 837913385.709342 1151151482.27083 235915490.982517 157759657.15995 0 0
60 4846.9151355978 866131.479185962 1.36030576979482 423825074.538815 496207957.306557 256974597.151639 356995546.582475 77023585.45106 46674449.9377772 54490.4808849442 452153.084864403 1405498609.90863 1579635038.61419 840625805.718159 1154919644.08271 236728490.853492 158252315.630146 0 0
61 4846.9151355978 866131.416336085 1.36034041729978 419398233.689773 491025079.305734 254290504.793312 353266738.252159 76219076.2917436 46186936.6357009 54490.4808849442 452153.084864403 1409925450.75767 1584817916.61501 843309898.076487 1158648452.41302 237533000.012809 158739828.932222 0 0
62 4846.9151355978 866131.475803717 1.36037197431136 415017622.36084 485896326.124604 251634442.424291 349576869.885028 75422968.6254167 45704514.4373645 54490.4808849442 452153.084864403 1414306062.08661 1589946669.79614 845965960.445508 1162338320.78016 238329107.679136 159222251.130559 0 0
63 4846.9151355978 866131.494002947 1.36040072417908 410682740.361018 480821112.147145 249006106.767613 345925520.161132 74635171.5501801 45227128.2583918 54490.4808849442 452153.084864403 1418640944.08643 1595021883.7736 848594296.102186 1165989670.50405 239116904.754372 159699637.309531 0 0
64 4846.9151355978 866131.4878259 1.36042690723834 406393128.30346 475798899.530219 246405219.286788 342312302.130602 73855601.5796523 44754727.5080331 54490.4808849442 452153.084864403 1422930556.14399 1600044096.39052 851195183.583011 1169602888.53458 239896474.7249 160172038.05989 0 0
65 4846.9151355978 866131.483057438 1.36045071902016 402148389.672035 470829224.038764 243831539.565239 338736881.800707 73084186.6532212 44287268.5192817 54490.4808849442 452153.084864403 1427175294.77541 1605013771.88198 853768863.30456 1173178308.86448 240667889.651331 160639497.048641 0 0
66 4846.9151355978 866131.489306374 1.36047246349177 397947839.165267 465911283.332225 241284652.089395 335198681.929586 72320802.2280509 43824675.8221587 54490.4808849442 452153.084864403 1431375845.28218 1609931712.58852 856315750.780404 1176716508.7356 241431274.076501 161102089.745764 0 0
67 4846.9151355978 866131.514439644 1.36049216702848 393791361.091966 461044941.961115 238764486.713105 331697605.068453 71565427.2790754 43366936.6759772 54490.4808849442 452153.084864403 1435532323.35548 1614798053.95963 858835916.156694 1180217585.59673 242186649.025477 161559828.891946 0 0
68 4846.9151355978 866131.572811606 1.36051004806037 389678376.323732 456229521.890703 236270692.297902 328233163.406951 70817956.558756 42913987.3032468 54490.4808849442 452153.084864403 1439645308.12372 1619613474.03004 861329710.571896 1183682027.25823 242934119.745797 162012778.264676 0 0
69 4846.9151355978 866131.673885174 1.36052631858003 385608356.137725 451464404.100321 233802948.267335 324804911.592246 70078293.9799773 42465769.4774746 54490.4808849442 452153.084864403 1443715328.30972 1624378591.82042 863797454.602464 1187110279.07294 243673782.324575 162460996.090448 0 0
70 4846.9151355978 866131.82712326 1.36054119058007 381580771.811107 446748969.569303 231360934.04495 321412404.271501 69346343.4556242 42022224.9721678 54490.4808849442 452153.084864403 1447742912.63634 1629094026.35144 866239468.824849 1190502786.39368 244405732.848928 162904540.595755 0 0
71 4846.9151355978 866131.880373122 1.3605548062543 377595169.829354 442082687.329739 228944374.654777 318055259.44121 68622022.5665181 41583303.843276 54490.4808849442 452153.084864403 1451728514.61809 1633760308.591 868656028.215022 1193859931.22397 245130053.738034 163343461.724647 0 0
72 4846.9151355978 866131.62674209 1.36056719945906 373651206.966521 437465155.537905 226553061.991267 314733187.995932 67905268.9367056 41148968.292464 54490.4808849442 452153.084864403 1455672477.48093 1638377840.38284 871047340.878532 1197182002.66925 245846807.367847 163777797.275459 0 0
