"Time" "IECs" "pheme_e" "BiomassCD" "pro_L_e" "leu_L_e" "ile_L_e" "val_L_e" "trp_L_e" "cys_L_e" "Drug" "Damage" "pro_L_v" "leu_L_v" "ile_L_v" "val_L_v" "trp_L_v" "cys_L_v" "CD" "pheme_c"
0 457000 1e+05 0.4963 224235600.199112 195370466.451958 120509812.093413 157438605.791629 18978882.6152 31300034.1459915 0 0 0 0 0 0 0 0 45700000 1000
1 367216.036680307 135808.502332158 0.594123777990334 305798502.443517 328556166.265314 179586551.837271 244286975.224938 46724080.2441443 35780480.9199836 0 89783.9633196931 239824967.481585 240225803.633248 136566123.200084 183278650.448702 30793558.1232153 29996595.1407701 48532264.0514187 791.808910467285
2 290631.409849189 215537.126102218 0.697812006695145 347239026.296304 390490128.711582 208149858.138256 285657212.149594 58865138.7698713 38729998.1854559 0 166368.590150811 472315682.184677 496807304.177597 274753435.000976 372229077.193678 68584934.6581702 56455574.5784469 52252899.6517441 1092.16968290416
3 225523.792734836 298491.143868149 0.803528916772943 377981999.074833 432145189.74495 228240927.65976 314280435.739086 66398879.2098461 41432905.7506133 0 231476.207265164 674196123.999726 725934822.722825 396266405.732123 539297441.540966 103500263.415017 78753991.9852011 57057138.0877948 1334.43337699318
4 170633.802043511 372011.003972142 0.907130664809542 406418380.948245 468306239.267669 246192844.57673 339601790.518918 72535253.37467 44238543.319523 0 286366.197956489 841540701.527586 918061244.485326 497491211.622531 678809900.094052 133150642.315059 97026110.8417603 63165463.0733188 1489.78093861274
5 125049.810545147 431818.281312307 1.00479460376887 434768771.066154 503355053.084181 263779101.184502 364334837.69433 78268263.4147214 47201739.5543957 0 331950.189454853 975329266.861162 1072596251.31051 578603049.239681 790768496.212834 157136340.025746 111567167.34226 70824628.0146673 1573.92906400422
6 88073.0044300514 476307.997008584 1.0935497842318 462920515.236861 537948333.19354 281095617.212016 388744583.235335 83820504.2831014 50246713.4971254 0 368926.995569948 1078095346.12733 1191789507.83383 640979908.536903 876975400.774652 175690243.481483 122721286.947726 80308689.2224089 1604.74707765919
7 59069.2233569328 505006.241406033 1.17156381449536 489650309.671623 571105821.895985 297469285.750118 411993126.948793 89090161.5784192 53223658.2627008 0 397930.776643067 1153236604.79983 1279258744.61449 686618649.687121 940134209.385248 189327465.049455 130881794.114228 91917623.0164306 1595.21554815752
8 37327.3162648457 518291.722472362 1.23815261164305 513235813.37574 601140631.738389 311886040.710222 432759105.526171 93837489.905898 55948390.950579 9737.47760380151 419672.683735154 1204914925.6326 1339648526.36807 718018464.604018 983658550.68171 198751222.79276 136505953.749712 105972253.858693 1554.28747437248
9 36714.6928066004 679642.13066117 1.2508962534723 476007274.910266 557495675.2235 289255170.021121 401348298.50797 87029018.0135749 51886330.6121943 7563.92918009321 420285.3071934 1244338493.94896 1385821197.48613 741974993.653656 1016898822.05306 205959089.625 140803261.496062 0.110503589479938 640.751452464413
10 36714.6928053989 751256.882065167 1.26260481066089 439614420.741633 514872673.690776 267140337.381027 370663452.144644 80375266.0060955 47919391.9479177 7107.26341542989 420285.307194601 1280731348.1219 1428444199.02382 764089826.296352 1047583668.41998 212612841.633262 144770200.1608 1.431054152346e-07 184.085706029139
11 36714.6928053989 781499.444972916 1.27334332418984 406003960.669346 475508388.478744 246716281.163546 342324597.523936 74230222.6648421 44255743.228122 6978.44298544175 420285.307194601 1314341808.19419 1467808484.23585 784513882.513832 1075922523.04068 218757884.974516 148433848.880596 -1.30170239766278e-08 55.2652760410564
12 36714.6928053989 794270.735324734 1.28317617795632 374963168.40812 439153676.369766 227853734.063182 316152373.242848 68554994.9713851 40872196.6005336 6939.98228763641 420285.307194601 1345382600.45541 1504163196.34483 803376429.614196 1102094747.32177 224433112.667973 151817395.508185 -1.30170239766278e-08 16.8045782357182
13 36714.6928053989 799663.989995661 1.29216637193135 346295581.527976 405578442.235403 210433311.825572 291981130.862481 63313663.4487355 37747337.0256518 6928.30716573354 420285.307194601 1374050187.33556 1537738430.47919 820796851.851806 1126265989.70214 229674444.190622 154942255.083066 -1.30170239766278e-08 5.12945633284288
14 36714.6928053989 801941.535098924 1.300374949979 319819758.017603 374570182.73392 194344757.648778 269657886.497177 58473054.8222335 34861386.7381314 6924.74526518954 420285.307194601 1400526010.84593 1568746689.98067 836885406.0286 1148589234.06744 234515052.817124 157828205.370587 -1.30170239766278e-08 1.56755578884521
15 36714.6928053989 802903.331228353 1.30786056530287 295368127.907156 345932641.340658 179486244.349326 249041352.553608 54002532.060277 32196080.0699577 6923.65692368572 420285.307194601 1424977640.95638 1597384231.37393 851743919.328053 1169205768.01101 238985575.579081 160493512.038761 -1.30170239766278e-08 0.479214285025919
16 36714.6928053989 803309.493054312 1.31467916593595 272785932.689549 319484566.207267 165763729.880717 230001043.497682 49873800.4673624 29734547.8439416 16660.8018287056 420285.307194601 1447559836.17399 1623832306.50732 865466433.796661 1188246077.06694 243114307.171996 162955044.264777 0 0.146515503417155
17 36714.6928053989 803481.013015595 1.31943841103631 251930247.980303 295058565.509233 153090363.433499 212416451.804516 46060728.9957374 27461210.8404863 16660.6637747218 420285.307194601 1468415520.88324 1648258307.20535 878139800.243879 1205830668.76011 246927378.643621 165228381.268232 0 0.00846151954555436
18 36714.6928053989 803553.445186681 1.32378619417105 232669070.136185 272500037.701376 141385930.401131 196176277.835635 42539183.2507183 25361680.2360675 16660.6558018596 420285.307194601 1487676698.72735 1670816835.01321 889844233.276248 1222070842.72899 250448924.38864 167327911.872651 0 0.000488657375043934
19 36714.6928053989 803584.033360644 1.3277556281912 214880494.014323 251666208.516328 130576352.729166 181177736.561799 39286875.1593406 23422667.9763222 16660.6553413676 420285.307194601 1505465274.84922 1691650664.19826 900653810.948212 1237069384.00282 253701232.480018 169266924.132396 0 2.81653738750928e-05
20 36714.6928053989 803596.950204607 1.33137759333776 198451914.882145 232425196.248225 120593203.94015 167325884.648726 36283217.0545328 21631899.7816526 16660.6553147971 420285.307194601 1521893853.98139 1710891676.46636 910636959.737228 1250921235.9159 256704890.584825 171057692.327066 0 1.59490409650941e-06
21 36714.6928053989 803602.389024302 1.33468076598595 183279480.292598 214655369.793625 111373376.054829 154533158.302505 33509221.4607631 19978055.3998553 16660.6553133522 420285.307194601 1537066288.57094 1728661502.92096 919856787.622549 1263713962.26212 259478886.178595 172711536.708863 0 1.50026439780943e-07
22 36714.6928053989 803604.709889431 1.33769182285133 169267018.249121 198244093.327434 102858428.270545 142718469.545665 30947305.1290724 18450651.7726406 16660.6553130729 420285.307194601 1551078750.61442 1745072779.38715 928371735.406833 1275528651.01896 262040802.510286 174238940.336078 0 -1.29280540728307e-07
23 36714.6928053989 803605.686396175 1.34043542026271 156325840.849639 183087496.332418 94994467.641653 131807040.658468 28581253.1370546 17040021.6321935 16660.6553130782 420285.307194601 1564019928.0139 1760229376.38217 936235696.035725 1286440079.90615 264406854.502304 175649570.476525 0 -1.23969698534953e-07
24 36714.6928053989 803606.104913259 1.34293434832822 144374010.075659 169089613.697637 87731702.9218432 121729785.124725 26396084.6521403 15737233.4698139 26398.1329168416 420285.307194601 1575971758.78788 1774227259.01695 943498460.755535 1296517335.4399 266592022.987218 176952358.638905 0 0
25 36714.6928053989 803606.270522075 1.34475866580469 133336102.567316 156162110.22497 81024301.6250774 112423109.300502 24378009.9251168 14534065.8956364 26398.1329168416 420285.307194601 1587009666.29622 1787154762.48962 950205862.052301 1305824011.26412 268610097.714242 178155526.213082 0 0
26 36714.6928053989 803606.340826312 1.34642202249252 123142072.15442 144222948.435149 74829698.8202393 103827953.350575 22514222.3252276 13422883.65084 26398.1329168416 420285.307194601 1597203696.70912 1799093924.27944 956400464.857139 1314419167.21405 270473885.314131 179266708.457879 0 0
27 36714.6928053989 803606.370547824 1.34793828302943 113727343.354113 133196498.071419 69108653.9468205 95889870.081513 20792915.4344679 12396647.7991949 26398.1329168416 420285.307194601 1606618425.50943 1810120374.64317 962121509.730558 1322357250.48311 272195192.20489 180292944.309524 0 0
28 36714.6928053989 803606.383387723 1.34932015362481 105032388.586969 123013040.938627 63824993.9019817 88558668.4689864 19203205.7494645 11448869.6422517 26398.1329168416 420285.307194601 1615313380.27657 1820303831.77596 967405169.775396 1329688452.09564 273784901.889894 181240722.466467 0 0
29 36714.6928053989 803606.388707227 1.35057930700039 97002162.2464541 113608108.090182 58945269.1417424 81787936.4901382 17735029.2116721 10573549.0310842 26398.1329168416 420285.307194601 1623343606.61708 1829708764.6244 972284894.535636 1336459184.07449 275253078.427686 182116043.077635 0 0
30 36714.6928053989 803606.389186913 1.35172642587846 89585905.1013348 104922250.74582 54438634.8222645 75534876.2043432 16379105.4460163 9765153.04552029 26398.1329168416 420285.307194601 1630759863.7622 1838394621.96877 976791528.855114 1342712244.36028 276609002.193342 182924439.063199 0 0
31 36714.6928053989 803606.389860893 1.35277131469558 82736661.2013198 96900474.4955968 50276557.2380756 69759896.429391 15126849.4361347 9018563.33529648 26398.1329168416 420285.307194601 1637609107.66222 1846416398.21899 980953606.439303 1348487224.13523 277861258.203224 183671028.773423 0 0
32 36714.6928053989 803606.392054951 1.3537229470317 76411071.9878577 89491998.1642009 46432688.7094516 64426439.1448113 13970333.8813911 8329053.67746942 36135.6105206431 420285.307194601 1643934696.87568 1853824874.55038 984797474.967927 1353820681.41981 279017773.757967 184360538.431249 0 0
33 36714.6928053989 803606.392156339 1.35442835154947 70569178.198924 82650021.8035266 42882747.2059698 59500812.4667431 12902252.9788748 7692268.38339796 36135.6105206431 420285.307194601 1649776590.66461 1860666850.91105 988347416.471409 1358746308.09788 280085854.660483 184997323.72532 0 0
34 36714.6928053989 803606.392199378 1.35507105392762 65173907.9465696 76331127.1334479 39604205.2667761 54951759.0175471 11915828.827965 7104166.49754227 36135.6105206431 420285.307194601 1655171860.91697 1866985745.58113 991625958.410602 1363295361.54708 281072278.811393 185585425.611176 0 0
35 36714.6928053989 803606.392217574 1.35565658129241 60191088.8632727 70495291.7675233 36576297.3815549 50750466.1670732 11004813.6510639 6561023.12145544 36135.6105206431 420285.307194601 1660154680.00026 1872821580.94706 994653866.295824 1367496654.39755 281983293.988294 186128568.987263 0 0
36 36714.6928053989 803606.392225435 1.35618997294145 55589215.848556 65105617.1998068 33779878.8571986 46870370.2068712 10163447.3304138 6059404.09741447 36135.6105206431 420285.307194601 1664756553.01498 1878211255.51477 997450284.82018 1371376750.35775 282824660.308944 186630188.011304 0 0
37 36714.6928053989 803606.392228692 1.35667583687897 51339155.5651311 60127982.7132438 31197246.2490861 43286907.1943987 9386403.38075 5596133.79754546 36135.6105206431 420285.307194601 1669006613.29841 1883188890.00134 1000032917.42829 1374960213.37022 283601704.258608 187093458.311173 0 0
38 36714.6928053989 803606.392228987 1.35711837253168 47414043.2495039 55530924.5251292 28812074.6560202 39977425.9482844 8668770.08305218 5168283.87584628 36135.6105206431 420285.307194601 1672931725.61403 1887785948.18945 1002418089.02136 1378269694.61634 284319337.556306 187521308.232872 0 0
39 36714.6928053989 803606.392229398 1.35752142050296 43789027.1709634 51285336.4996465 26609262.435713 36920972.5874395 8006003.76365452 4773145.41339085 36135.6105206431 420285.307194601 1676556741.69257 1892031536.21494 1004620901.24167 1381326147.97718 284982103.875704 187916446.695328 0 0
40 36714.6928053989 803606.39223074 1.3578884845288 40441159.4434597 47364342.2676672 24574864.8544789 34098198.4684588 7393908.8312422 4408217.01647113 45873.0881244446 420285.307194601 1679904609.42008 1895952530.44691 1006655298.8229 1384148922.09616 285594198.808116 188281375.092247 0 0
41 36714.6928053989 803606.392230803 1.35816211440347 37349292.7368579 43743174.2558491 22696031.3217996 31491273.0971147 6828618.89243795 4071193.55779018 45873.0881244446 420285.307194601 1682996476.12668 1899573698.45873 1008534132.35558 1386755847.4675 286159488.74692 188618398.550928 0 0
42 36714.6928053989 803606.392230829 1.35841135317325 34493803.5962196 40398849.6405302 20960837.2598508 29083650.8434021 6306546.16591288 3759936.01737003 45873.0881244446 420285.307194601 1685851965.26732 1902918023.07405 1010269326.41753 1389163469.72122 286681561.473445 188929656.091348 0 0
43 36714.6928053989 803606.392230841 1.35863836941957 31856607.3919547 37310187.8572194 19358293.1882555 26860083.5468459 5824384.21574194 3472473.11216657 45873.0881244446 420285.307194601 1688489161.47159 1906006684.85736 1011871870.48912 1391387037.01777 287163723.423616 189217118.996552 0 0
44 36714.6928053989 803606.392230846 1.35884513658223 29421029.8956749 34457660.1913272 17878266.6846295 24806512.2349361 5379084.47145307 3206987.29742267 45873.0881244446 420285.307194601 1690924738.96786 1908859212.52325 1013351896.99275 1393440608.32968 287609023.167905 189482604.811295 0 0
45 36714.6928053989 803606.392230848 1.35903345609877 27171652.0544581 31823207.9791038 16511388.0586137 22909936.2436468 4967827.84790778 2961797.84656164 45873.0881244446 420285.307194601 1693174116.80908 1911493664.73547 1014718775.61876 1395337184.32097 288020279.79145 189727794.262156 0 0
46 36714.6928053989 803606.392230848 1.35920496709821 25094255.4690875 29390178.7522158 15249017.2206555 21158367.2470977 4588014.777018 2735354.90813915 45873.0881244446 420285.307194601 1695251513.39445 1913926693.96236 1015981146.45672 1397088753.31752 288400092.86234 189954237.200579 0 0
47 36714.6928053989 803606.392230848 1.35936116667775 23175687.1862432 27143167.8835098 14083161.5203286 19540715.2563041 4237240.48752968 2526224.76775531 45873.0881244446 420285.307194601 1697170081.6773 1916173704.83107 1017147002.15705 1398706405.30831 288750867.151829 190163367.340963 0 0
48 36714.6928053989 803606.392230849 1.35950341896144 21403801.8486869 25067950.8338005 13006440.5927559 18046739.8427698 3913284.42826726 2333083.54223798 55610.5657282461 420285.307194601 1698941967.01485 1918248921.88078 1018223723.08462 1400200380.72185 289074823.211091 190356508.56648 0 0
49 36714.6928053989 803606.392230849 1.35960969052731 19767407.5123851 23151419.6933461 12012053.4333206 16667004.4538799 3614100.36180911 2154711.27353417 55610.5657282461 420285.307194601 1700578361.35115 1920165453.02123 1019218110.24406 1401580116.11074 289374007.277549 190534880.835184 0 0
50 36714.6928053989 803606.392230849 1.35970647886941 18256117.40837 21381409.5665992 11093688.3178494 15392751.4250524 3337789.26191918 1989975.77027398 55610.5657282461 420285.307194601 1702089651.45517 1921935463.14798 1020136475.35953 1402854369.13957 289650318.377439 190699616.338444 0 0
51 36714.6928053989 803606.392230849 1.35979462988965 16860360.5335646 19746710.9760912 10245529.2383352 14215910.9094542 3082601.24988112 1837833.7622048 55610.5657282461 420285.307194601 1703485408.32997 1923570161.73849 1020984634.43904 1404031209.65517 289905506.389477 190851758.346513 0 0
52 36714.6928053989 803606.392230849 1.35987491282602 15571311.9501172 18236988.2296053 9462213.54795873 13129042.1094801 2846922.85103657 1697323.30259359 55610.5657282461 420285.307194601 1704774456.91342 1925079884.48498 1021767950.12942 1405118078.45514 290141184.788322 190992268.806124 0 0
53 36714.6928053989 803606.392230849 1.35994802940657 14380811.0012458 16842683.6352684 8738782.26334022 12125264.3199669 2629262.04208352 1567554.85348972 55610.5657282461 420285.307194601 1705964957.86229 1926474189.07931 1022491381.41404 1406121856.24465 290358845.597275 191122037.255228 0 0
54 36714.6928053989 803606.392230849 1.36001461775111 13281332.4834742 15554983.738719 8070662.54678225 11198232.6218971 2428242.98045948 1447708.14340562 55610.5657282461 420285.307194601 1707064436.38006 1927761888.97586 1023159501.13059 1407048887.94272 290559864.658899 191241883.965312 0 0
55 36714.6928053989 803606.392230849 1.36007526039266 12265915.0989767 14365735.5271014 7453624.22893184 10342077.5565774 2242592.92319223 1337024.3683912 55610.5657282461 420285.307194601 1708079853.76456 1928951137.18748 1023776539.44844 1407905043.00804 290745514.716166 191352567.740327 0 0
56 36714.6928053989 803606.392230849 1.36013048787573 11328130.8192544 13267410.5480635 6883761.19201639 9551379.29444477 2071136.62562159 1234802.85257559 55610.5657282461 420285.307194601 1709017638.04428 1930049462.16652 1024346402.48536 1408695741.27017 290916971.013736 191454789.256142 0 0
57 36714.6928053989 803606.392230849 1.36018078363513 10462041.7857259 12253054.4320954 6357465.17964156 8821131.29554907 1912788.46147954 1140396.35019237 55610.5657282461 420285.307194601 1709883727.07781 1931063818.28249 1024872698.49774 1409425989.26907 291075319.177879 191549195.758526 0 0
58 36714.6928053989 803606.392230849 1.36022658827612 9662161.77875366 11316241.7653798 5871402.38268773 8146707.82193859 1766545.37822286 1053206.84557888 55610.5657282461 420285.307194601 1710683607.08478 1932000630.9492 1025358761.29469 1410100412.74268 291221562.261135 191636385.263139 0 0
59 36714.6928053989 803606.392230849 1.36026830076622 8923445.84731118 10451063.944147 5422507.13757414 7523855.19385422 1631485.00101216 972684.422776545 55610.5657282461 420285.307194601 1711422323.01623 1932865808.77043 1025807656.5398 1410723265.37077 291356622.638346 191716907.685941 0 0
60 36714.6928053989 803606.392230849 1.36030628540974 8241225.90745761 9652053.74815523 5007942.79140667 6948637.48920878 1506753.85809858 898320.245556477 55610.5657282461 420285.307194601 1712104542.95608 1933664818.96642 1026222220.88597 1411298483.07541 291481353.781259 191791271.863162 0 0
61 36714.6928053989 803606.392230849 1.36034087743493 7611161.6979101 8914127.90027399 4625071.89916824 6417395.19149326 1391558.41396855 829641.2114185 55610.5657282461 420285.307194601 1712734607.16563 1934402744.81431 1026605091.77821 1411829725.37313 291596549.225389 191859950.897299 0 0
62 36714.6928053989 803606.392230849 1.36037238103124 7029254.58410169 8232603.23367917 4271464.61202567 5926756.82874829 1285167.59315724 766211.456278018 55610.5657282461 420285.307194601 1713316514.27943 1935084269.4809 1026958699.06535 1412320363.73587 291702940.046201 191923380.65244 0 0
63 36714.6928053989 803606.392230849 1.36040107026793 6491837.08885252 7603184.43026426 3944892.31543646 5473630.14628885 1186910.86612788 707631.213275371 55610.5657282461 420285.307194601 1713853931.77468 1935713688.28432 1027285271.36194 1412773490.41833 291801196.77323 191981960.895443 0 0
64 36714.6928053989 803606.392230849 1.36042719648883 5995507.53151364 7021887.47056098 3643287.9113407 5055146.99731868 1096166.29926289 653529.688231368 55610.5657282461 420285.307194601 1714350261.33202 1936294985.24402 1027586875.76604 1413191973.5673 291891941.340095 192036062.420487 0 0
65 36714.6928053989 803606.392230849 1.36045098858018 5537124.55785083 6485033.22718573 3364742.49413755 4668658.73077012 1012359.55475561 603564.46338696 55610.5657282461 420285.307194601 1714808644.30569 1936831839.4874 1027865421.18324 1413578461.83385 291975748.084602 192086027.645331 0 0
66 36714.6928053989 803606.392230849 1.36047265500287 5113786.9828613 5989223.85691776 3107493.10177689 4311719.19565787 934960.20524665 557419.300205139 55610.5657282461 420285.307194601 1715231981.88068 1937327648.85766 1028122670.5756 1413935401.36896 292053147.434111 192132172.808513 0 0
67 36714.6928053989 803606.392230849 1.36049238561093 4722815.47473339 5531321.34910845 2869911.5856577 3982069.29780327 863478.385078942 514802.142863386 55610.5657282461 420285.307194601 1715622953.3888 1937785551.36547 1028360252.09172 1414265051.26682 292124629.254279 192174789.965855 0 0
68 36714.6928053989 803606.392230849 1.36051035329057 4361735.82393139 5108427.93057562 2650494.44375879 3677622.89306598 797461.73136308 475443.294529866 55610.5657282461 420285.307194601 1715984033.0396 1938208444.784 1028579669.23362 1414569497.67155 292190645.907995 192214148.814188 0 0
69 36714.6928053989 803606.392230849 1.36052671555362 4028262.17591447 4717866.42790645 2447852.6316712 3396452.6499136 736492.318393947 439093.589675629 55610.5657282461 420285.307194601 1716317506.68762 1938599006.28667 1028782311.0457 1414850667.91471 292251615.320964 192250498.519042 0 0
70 36714.6928053989 803606.392230849 1.36054161588096 3720283.52853975 4357164.45333068 2260703.35747988 3136778.66462856 680184.188953651 405522.922247928 55610.5657282461 420285.307194601 1716625485.335 1938959708.26125 1028969460.3199 1415110341.89999 292307923.450404 192284069.18647 0 0
71 36714.6928053989 803606.392230849 1.36055518482531 3435851.04750474 4024039.54867459 2087862.3737432 2896957.76624983 628181.035177677 374518.86301247 55610.5657282461 420285.307194601 1716909917.81603 1939292833.16591 1029142301.30363 1415350162.79837 292359926.60418 192315073.245705 0 0
72 36714.6928053989 803606.392230849 1.36056754123388 3173164.80239078 3716383.65072783 1928235.91738921 2675472.33299086 580153.773488769 345885.213739304 55610.5657282461 420285.307194601 1717172604.06115 1939600489.06385 1029301927.75999 1415571648.23163 292407953.865869 192343706.894979 0 0
