"Time" "IECs" "pheme_e" "BiomassCD" "pro_L_e" "leu_L_e" "ile_L_e" "val_L_e" "trp_L_e" "cys_L_e" "Drug" "Damage" "pro_L_v" "leu_L_v" "ile_L_v" "val_L_v" "trp_L_v" "cys_L_v" "CD" "pheme_c"
0 457000 1e+05 0.4963 224235600.199112 195370466.451958 120509812.093413 157438605.791629 18978882.6152 31300034.1459915 0 0 0 0 0 0 0 0 45700000 1000
1 330598.490045233 155742.50714621 0.594123777907413 402600690.287913 439812629.443935 238222083.790473 325072341.413195 63954839.2445089 46292584.41618 0 126401.509954768 274156333.714199 281261716.9099 157752754.855738 212682984.991021 37437323.7087957 33545629.5524422 48532264.0531935 904.908159419103
2 233850.704178615 265253.083337799 0.697811961121449 479851177.341205 542572338.091919 288363241.079611 396153485.188558 82334850.9664104 53194837.9965607 0 223149.295821386 542912786.445942 580876049.681182 318235855.377461 432540550.347908 82135838.0715319 63794525.7448428 52252901.8422146 1343.25783336516
3 160653.025202489 369914.384834973 0.803528811909095 527879126.952828 604186714.419838 318889069.739198 439216390.435999 92933051.2111811 57813633.5516477 0 296346.974797511 756237360.220703 823690820.21497 446802712.902641 609408936.055361 119260987.983032 87283638.9165881 57057142.8385487 1653.95810386642
4 106314.099485591 453475.150308125 0.907130670487299 565157493.122484 650860160.533732 342190743.069523 472035985.239803 100692092.106615 61618088.6251582 0 350685.900514409 912414259.111104 1003012966.15766 541263486.606601 739612465.54477 146928805.871058 104345331.318366 63165460.417985 1816.58620479849
5 67109.5250888697 512588.058915013 1.00479459676374 596439868.496071 689802726.798072 361545712.91523 499394896.324449 107021609.492866 64955684.9644822 0 389890.474911131 1019959792.85402 1127122224.80928 606418792.600646 829546644.696745 166157839.660021 116062291.547383 70824624.7794787 1868.93816941503
6 39942.1208022937 548261.723853228 1.09354976945946 622235231.354277 722372679.905865 377415211.237424 522066345.832501 112244498.721297 67826381.5741017 0 417057.879197707 1089373105.61121 1207541506.12935 648508505.847501 887721677.4799 178644399.634629 123623878.183809 80308685.6960444 1847.70145292977
7 22112.4110112091 563258.881582845 1.17156380539354 641866242.546529 748222053.387844 389455712.090717 539668774.894235 116355948.796375 70141144.5280213 0 434887.588988791 1130906061.64196 1255845895.6685 673704542.867876 922601193.604554 186153178.729396 128155723.789666 91917619.1571776 1779.63463245604
8 11209.1682612273 561189.953176084 1.23815232345371 654808982.56049 767035092.737616 397383557.705603 551880576.260686 119331783.723082 71841718.8142844 9737.47760380151 445790.831738773 1153620454.9513 1282379442.9159 687487907.033257 941718901.919614 190280284.696792 130641994.719396 105972245.603255 1683.22351188933
9 10623.8325318314 720638.406291058 1.25089599545703 641837008.00939 751818052.040573 389515038.870845 540942031.710412 116967231.234178 70418468.1961629 5043.2770401517 446376.167468169 1168641514.10307 1299974466.11281 696603808.036768 954378706.199042 193017697.041246 132290014.257605 113376.622323242 678.199894751946
10 10621.286568279 797525.797661611 1.26260458063614 627245418.68292 734726047.148184 380659779.889448 528644174.824541 114308083.625216 68817567.5237096 4396.77419250211 446378.713431722 1183242013.29837 1317076810.9675 705464490.913761 966684047.49251 195678465.925885 133891892.580063 6322.70480744173 136.714685437321
11 10621.1189844699 830336.547197311 1.2733431200315 612978682.728758 718014651.371649 372001650.667613 516620128.667632 111708139.014693 67252307.6678929 4278.25060339739 446378.881015531 1197509335.92646 1333788887.58518 714122977.273832 978708586.463822 198278517.290016 135457216.788062 516.111946335218 26.5789715438883
12 10621.104892185 844316.0554921 1.28317599761962 599036008.739184 701682852.55277 363540185.645822 504869204.342809 109167251.025751 65722601.9389194 4255.91050714915 446378.895107816 1211452059.26708 1350120743.67665 722584472.338086 990459552.244277 200819414.259084 136986927.928473 45.0733355555144 4.98056661944684
13 10621.1036542209 850270.704489931 1.29216621346438 585410435.135697 685722490.834957 355271160.945662 493385533.226757 106684150.856576 64227686.5459782 4251.77614328313 446378.89634578 1225077637.20746 1366081110.4275 730853499.678324 1001943227.00338 203302515.217418 138481843.796793 3.99003063333332 0.91244074339495
14 10621.10354448 852806.988139941 1.30037481153179 572094783.350671 670125157.129412 347190220.149138 482163065.087269 104257530.286482 62766773.8978509 4251.02296051523 446378.896455521 1238393289.37707 1381678444.57937 738934440.708968 1013165695.46593 205729135.857494 139942756.48706 0.354428600142618 0.16516576177111
15 10621.1035347266 853887.264203171 1.30786044513472 559082006.95737 654882597.54097 339293086.960394 471195861.166276 101886105.186265 61339090.9029433 4250.88698488881 446378.896465274 1251406065.80457 1396921004.20749 746831573.918526 1024132899.41565 208100560.963933 141370439.485713 0.0315307032655203 0.029716479180698
16 10621.1035338586 854347.383735251 1.31467906241761 546365217.068005 639986742.744157 331575580.683869 460478115.489207 99568620.1372447 59943881.7541766 13988.3401557291 446378.896466142 1264122855.69698 1411816859.00784 754549080.196905 1034850645.09528 210418046.013507 142765648.634813 0.00280819803771641 0.00533040659996366
17 10621.1035338552 854543.361343851 1.3194383187682 533937681.288112 625429706.725697 324033615.595404 450004153.975332 97303848.2398904 58580407.814013 13988.3348437338 446378.896466145 1276550391.47686 1426373895.02631 762091045.285377 1045324606.60916 212682817.910863 144129122.574978 -8.91764947570689e-08 1.85364653341797e-05
18 10621.1035338552 854626.85282325 1.32378612825618 521792816.894599 611203778.790562 316663196.802612 439768428.687387 95090589.8705065 57247946.865946 13988.3348252662 446378.896466145 1288695255.87037 1440599822.96145 769461464.078169 1055560331.8971 214896076.280247 145461583.523045 -8.91764947570689e-08 6.88315955277002e-08
19 10621.1035338552 854662.464120719 1.32775571965551 509924169.400598 597301398.453785 309460407.236551 429765499.76601 92927668.7749527 55945790.7627804 13988.3348252 446378.896466145 1300563903.36437 1454502203.29823 776664253.64423 1065563260.81848 217058997.375801 146763739.626211 -8.91764947570689e-08 2.62652410329866e-09
20 10621.1035338552 854677.611280193 1.33137847704384 498325336.94464 583715066.873311 302421361.765323 419989971.704659 90813918.2894436 54673237.1310585 13988.3348251951 446378.896466145 1312162735.82033 1468088534.8787 783703299.115458 1075338788.87983 219172747.86131 148036293.257933 -8.91764947570689e-08 -2.28646760641043e-09
21 10621.1035338552 854683.84375685 1.33468265884074 486990258.430969 570437684.364147 295542382.059336 410436736.195071 88748233.8507266 53429620.9840715 13988.3348251932 446378.896466145 1323497814.334 1481365917.38787 790582278.821445 1084892024.38942 221238432.300027 149279909.40492 -8.91764947570689e-08 -4.1182795156992e-09
22 10621.1035338552 854686.582587701 1.33769434602574 475913061.473027 557462372.286463 288819904.311961 401100843.973621 86729545.2855766 52214298.039141 13988.3348251932 446378.896466145 1334575011.29194 1494341229.46555 797304756.56882 1094227916.61087 223257120.865177 150495232.34985 -8.91764947570689e-08 -4.11927951569923e-09
23 10621.1035338552 854687.811644375 1.34043857354367 465087795.768889 544782160.733995 282250317.431652 391977280.109394 84756768.2216114 51026615.4651867 13988.3348251932 446378.896466145 1345400276.99608 1507021441.01802 803874343.449129 1103351480.4751 225229897.929143 151682914.923804 -8.91764947570689e-08 -4.12027951569926e-09
24 10621.1035338552 854688.294321495 1.34293644510393 454509137.232727 532390813.320826 275830390.361976 383061557.448138 82828932.4069503 49865989.1357646 23725.8124289947 446378.896466145 1355978935.53224 1519412788.43119 810294270.518805 1112267203.13635 227157733.743804 152843541.253226 0 0
25 10621.1035338552 854688.566186163 1.34476103869236 444170849.060683 520281024.545686 269556338.140427 374348419.594315 80944901.2576109 48731734.7865378 23725.8124289947 446378.896466145 1366317223.70428 1531522577.20633 816568322.740354 1120980340.99017 229041764.893143 153977795.602453 0 0
26 10621.1035338552 854688.676044273 1.34642477769752 434067566.320279 508446510.176793 263424904.921745 365833344.968002 79103697.0778923 47623263.8096153 23725.8124289947 446378.896466145 1376420506.44469 1543357091.57522 822699755.959036 1129495415.61649 230882969.072862 155086266.579375 0 0
27 10621.1035338552 854688.718460147 1.34794006060593 424194553.885883 496881723.708741 257433217.07492 357512342.792223 77304456.9469665 46540056.6956981 23725.8124289947 446378.896466145 1386293518.87908 1554921878.04328 828691443.805861 1137816417.79226 232682209.203788 156169473.693293 0 0
28 10621.1035338552 854688.757926963 1.34932055616027 414546254.858706 485580156.049363 251577902.255072 349380729.697318 75546168.1855353 45481503.7755146 23725.8124289947 446378.896466145 1395941817.90626 1566223445.70265 834546758.625709 1145948030.88717 234440497.965219 157228026.613476 0 0
29 10621.1035338552 854688.844292639 1.3505794136381 405117079.242695 474535259.337897 245855568.031406 341433794.419157 73827812.0827142 44446991.7485617 23725.8124289947 446378.896466145 1405370993.52227 1577268342.41412 840269092.849375 1153894966.16533 236158854.06804 158262538.640429 0 0
30 10621.1035338552 854688.975034679 1.35172629620667 395902381.390613 463741591.879758 240263395.075142 333667621.593406 72148542.024058 43436010.9225679 23725.8124289947 446378.896466145 1414585691.37435 1588062009.87226 845861265.805639 1161661138.99108 237838124.126696 159273519.466423 0 0
31 10621.1035338552 854689.110172043 1.35277103269927 386897278.643777 453193434.356203 234798420.221099 326078096.101826 70507468.2025796 42448025.6018014 23725.8124289947 446378.896466145 1423590794.12119 1598610167.39581 851326240.659682 1169250664.48266 239479197.948175 160261504.787189 0 0
32 10621.1035338552 854689.168968162 1.35372252916136 378097000.304317 442885198.594167 229457748.250352 318661197.187065 68903721.2148304 41482512.3741927 33463.2900327962 446378.896466145 1432391072.46065 1608918403.15785 856666912.630429 1176667563.39742 241082944.935924 161227018.014798 0 0
33 10621.1035338552 854688.935677971 1.35442815945025 369496832.079479 432811362.490905 224238518.174849 311412951.630154 67336441.9365289 40538954.0160998 33463.2900327962 446378.896466145 1440991240.68549 1618992239.26111 861886142.705932 1183915808.95433 242650224.214225 162170576.372891 0 0
34 10621.1035338552 854688.841370787 1.35507113378752 361092113.856712 422966467.407839 219137901.88717 304329431.875353 65804781.1170974 39616839.2482045 33463.2900327962 446378.896466145 1449395958.90826 1628837134.34418 866986758.993611 1190999328.70913 244181885.033657 163092691.140786 0 0
35 10621.1035338552 854688.804223548 1.35565634903109 352878961.966834 413345964.195951 214153542.484232 297407364.755536 64308031.0036087 38715741.9778512 33463.2900327962 446378.896466145 1457609110.79813 1638457637.55607 871971118.396549 1197921395.82895 245678635.147146 163993788.411139 0 0
36 10621.1035338552 854688.766744416 1.35618904678197 344852867.316898 403944571.113986 209282703.508688 290642949.994703 62845369.8670274 37835167.4946777 33463.2900327962 446378.896466145 1465635205.44807 1647859030.63803 876841957.372093 1204685810.58978 247141296.283727 164874362.894313 0 0
37 10621.1035338552 854688.671702738 1.35667488171013 337008947.168728 394756568.750089 204522421.747114 284032072.407619 61415907.8858802 36974580.0942309 33463.2900327962 446378.896466145 1473479125.59624 1657047033.00193 881602239.133667 1211296688.17687 248570758.264874 165734950.29476 0 0
38 10621.1035338552 854688.560486277 1.3571174669736 329343390.90895 385777493.529406 199870384.632195 277571520.398796 60018950.6207994 36133561.6990958 33463.2900327962 446378.896466145 1481144681.85602 1666026108.22261 886254276.248586 1217757240.18569 249967715.529955 166575968.689895 0 0
39 10621.1035338552 854688.479561807 1.35752057274901 321852214.23162 377002678.421715 195324174.186881 271257935.984172 58653771.978995 35311675.1753613 33463.2900327962 446378.896466145 1488635858.53335 1674800923.3303 890800486.6939 1224070824.60031 251332894.171759 167397855.213629 0 0
40 10621.1035338552 854688.50989023 1.35788767004206 314531433.666721 368427457.375952 190881372.941421 265087961.884201 57319646.0200143 34508483.4808285 43200.7676365977 446378.896466145 1495956639.09825 1683376144.37607 895243287.93936 1230240798.70028 252667020.13074 168201046.908162 0 0
41 10621.1035338552 854688.657231629 1.35816145065905 307377157.194556 360047271.461697 186539618.925012 259058317.893922 56015863.4691474 33723559.6066742 43200.7676365977 446378.896466145 1503110915.57042 1691756330.29032 899585041.955769 1236270442.69056 253970802.681607 168985970.782316 0 0
42 10621.1035338552 854688.716812936 1.35841085784764 300385437.485964 351857496.961602 182296516.6009 253165677.193406 54741704.9721868 32956470.4758556 43200.7676365977 446378.896466145 1510102635.27901 1699946104.79042 903828144.279881 1242163083.39107 255244961.178567 169753059.913135 0 0
43 10621.1035338552 854688.74030702 1.358637810292 293553073.279856 343854384.067677 178150123.20265 247407341.750956 53496587.1370362 32206864.8653992 43200.7676365977 446378.896466145 1516934999.48512 1707949217.68435 907974537.678131 1247921418.83352 256490079.013718 170502665.523591 0 0
44 10621.1035338552 854688.763661559 1.35884435409386 286876323.869354 336033551.090284 174098168.587478 241780158.888473 52279828.2639633 31474332.3676073 43200.7676365977 446378.896466145 1523611748.89562 1715770050.66174 912026492.293303 1253548601.69601 257706837.886791 171235198.021383 0 0
45 10621.1035338552 854688.823136377 1.35903270755211 280351122.537843 328390234.467176 170138184.765328 236280701.165951 51090687.2418045 30758426.8069691 43200.7676365977 446378.896466145 1530136950.22713 1723413367.28485 915986476.115453 1259048059.41853 258895978.90895 171951103.582021 0 0
46 10621.1035338552 854688.892953658 1.35920428041884 273974296.821493 320920718.122129 166268246.446111 230906294.822103 49928585.9264243 30058800.1199717 43200.7676365977 446378.896466145 1536513775.94348 1730882883.62989 919856414.43467 1264422465.76238 260058080.22433 172650730.269019 0 0
47 10621.1035338552 854688.94409391 1.35936054183241 267742533.929952 313621121.606974 162486343.179033 225654147.828062 48792920.6008331 29375088.8473265 43200.7676365977 446378.896466145 1542745538.83502 1738182480.14505 923638317.701748 1269674612.75642 261193745.549921 173334441.541664 0 0
48 10621.1035338552 854688.925642551 1.35950284237512 261652520.53028 306487563.837979 158790464.184018 220521467.697665 47683087.4491609 28706929.4702155 52938.2452403992 446378.896466145 1548835552.23469 1745316037.91404 927334196.696763 1274807292.88682 262303578.701593 174002600.918775 0 0
49 10621.1035338552 854688.832891563 1.3596091978123 255701042.082447 299516279.452819 155178658.635968 215505545.207687 46598500.6593807 28053969.30878 52938.2452403992 446378.896466145 1554787030.68252 1752287322.2992 930946002.244813 1279823215.3768 263388165.491373 174655561.080211 0 0
50 10621.1035338552 854688.795375978 1.35970607637186 249884767.517222 292703366.592296 151648904.991088 210603572.923772 45538553.1833927 27415842.8982836 52938.2452403992 446378.896466145 1560603305.24775 1759100235.15972 934475755.889693 1284725187.66071 264448112.967361 175293687.490707 0 0
51 10621.1035338552 854688.780570189 1.35979422568593 244201054.580448 286045730.243081 148199599.73047 205813323.94681 44502763.5015244 26792260.3466069 52938.2452403992 446378.896466145 1566287018.18452 1765757871.50894 937925061.150311 1289515436.63767 265483902.64923 175917270.042384 0 0
52 10621.1035338552 854688.766017356 1.3598744413941 238646798.065774 279539733.111223 144828858.380932 201132181.200305 43490565.726523 26182880.9693202 52938.2452403992 446378.896466145 1571841274.6992 1772263868.6408 941295802.499849 1294196579.38418 266496100.424231 176526649.41967 0 0
53 10621.1035338552 854688.728840277 1.35994758935066 233218611.903554 273181408.912601 141534626.020283 196557290.895396 42501342.7871112 25587333.2673747 52938.2452403992 446378.896466145 1577269460.86142 1778622192.83942 944590034.860498 1298771469.68909 267485323.363643 177122197.121616 0 0
54 10621.1035338552 854688.685092013 1.36001421867668 227913855.360204 266967664.415015 138315300.052414 192086427.414519 41534613.440723 25005327.5154791 52938.2452403992 446378.896466145 1582574217.40477 1784835937.337 947809360.828367 1303242333.16997 268452052.710031 177704202.873511 0 0
55 10621.1035338552 854688.652886849 1.36007490091659 222729773.663578 260895272.806801 135169208.67402 187717269.028092 40589875.6626085 24436561.4767217 52938.2452403992 446378.896466145 1587758299.10139 1790908328.94522 950955452.206761 1307611491.55639 269396790.488145 178272968.912269 0 0
56 10621.1035338552 854688.664168864 1.36013016119236 217663610.793425 254961005.81433 132094679.324358 183447492.954629 39666627.2005658 23880732.7772567 52938.2452403992 446378.896466145 1592824461.97154 1796842595.93769 954029981.556423 1311881267.62986 270320038.950188 178828797.611734 0 0
57 10621.1035338552 854688.720265908 1.36018048425786 212712684.546441 249161721.629701 129090084.240366 179274838.625769 38764379.2546609 23337547.141986 52938.2452403992 446378.896466145 1597775388.21853 1802641880.12232 957034576.640415 1316053921.95871 271222286.896093 179371983.247004 0 0
58 10621.1035338552 854688.806197474 1.36022631752776 207874365.329894 243494340.070583 126153827.587042 175197089.813487 37882652.6126167 22806716.0679252 52938.2452403992 446378.896466145 1602613707.43508 1808309261.68144 959970833.293738 1320131670.771 272104013.538137 179902814.321065 0 0
59 10621.1035338552 854688.874101834 1.3602680533128 203146105.216268 237955876.613474 123284363.089992 171212099.11743 37020982.9446789 22287960.0119025 52938.2452403992 446378.896466145 1607341967.5487 1813847725.13855 962840297.790789 1324116661.46705 272965683.206075 180421570.377088 0 0
60 10621.1035338552 854688.880992307 1.36030606548535 198525387.043686 232543382.772304 120480163.145727 167317745.066607 36178911.5277683 21781002.8061655 52938.2452403992 446378.896466145 1611962685.72128 1819260218.97972 965644497.735054 1328011015.51788 273807754.622986 180928527.582825 0 0
61 10621.1035338552 854688.810980692 1.36034067450382 194009786.07091 227254018.318235 117739756.238567 163511984.0824 35355996.4813777 21285578.4227948 52938.2452403992 446378.896466145 1616478286.69406 1824549583.43378 968384904.642214 1331816776.50208 274630669.669376 181423951.966196 0 0
62 10621.1035338552 854688.660708111 1.3603722006995 189596881.229885 222084947.325021 115061673.081997 159792775.681959 34551796.5943942 20801421.23687 52938.2452403992 446378.896466145 1620891191.53508 1829718654.427 971062987.798784 1335535984.90252 275434869.55636 181908109.15212 0 0
63 10621.1035338552 854688.492885758 1.3604009048835 185284364.568139 217033466.364735 112444513.036559 156158174.716558 33765891.2696861 20328278.0338273 52938.2452403992 446378.896466145 1625203708.19683 1834770135.38728 973680147.844222 1339170585.86793 276220774.881068 182381252.355163 0 0
64 10621.1035338552 854688.360371524 1.36042705128161 181069926.264226 212096869.820227 109886874.328562 152606234.462298 32997859.5695241 19865895.3940507 52938.2452403992 446378.896466145 1629418146.50074 1839706731.93179 976237786.552219 1342722526.12219 276988806.58123 182843634.99494 0 0
65 10621.1035338552 854688.346363895 1.36045085688216 176951361.205209 207272574.725007 107387418.729327 149135096.443898 32247299.6380695 19414031.3859072 52938.2452403992 446378.896466145 1633536711.55976 1844531027.02701 978737242.151454 1346193664.14058 277739366.512685 183295499.003083 0 0
66 10621.1035338552 854688.49961503 1.36047254089495 172926463.691549 202557997.425468 104944807.654181 145742901.69169 31513809.5125824 18972444.0134052 52938.2452403992 446378.896466145 1637561609.07342 1849245604.32655 981179853.2266 1349585858.89279 278472856.638171 183737086.375585 0 0
67 10621.1035338552 854688.790832457 1.3604922835246 168993127.428935 197950670.706653 102557762.845032 142427875.015003 30797005.3457541 18540902.1866928 52938.2452403992 446378.896466145 1641494945.33604 1853852931.04537 983566898.035749 1352900885.56948 279189660.805 184168628.202298 0 0
68 10621.1035338552 854689.116377348 1.36051026848402 165149239.938115 193448120.108857 100225002.290304 139188236.010485 30096502.1631437 18119174.1373441 52938.2452403992 446378.896466145 1645338832.82685 1858355481.64316 985899658.590477 1356140524.574 279890163.98761 184590356.251646 0 0
69 10621.1035338552 854689.071004455 1.3605266461331 161392784.298108 189047983.104872 97945301.9703739 136022284.811557 29411932.4046782 17707038.5810074 52938.2452403992 446378.896466145 1649095288.46686 1862755618.64715 988179358.910407 1359306475.77293 280574733.746076 185002491.807983 0 0
70 10621.1035338552 854688.755841624 1.36054155985145 157721773.585925 184747932.305744 95717456.0706643 132928346.834029 28742933.9770648 17304277.5245288 52938.2452403992 446378.896466145 1652766299.17904 1867055669.44627 990407204.810117 1362400413.75045 281243732.173689 185405252.864462 0 0
71 10621.1035338552 854688.541626865 1.36055514091451 154134263.677478 180545690.455154 93540284.7501946 129904783.564746 28089152.5866064 16910677.6703911 52938.2452403992 446378.896466145 1656353809.08749 1871257911.29686 992584376.130586 1365423977.01974 281897513.564147 185798852.718599 0 0
72 10621.1035338552 854688.669512355 1.36056750921378 150628345.050608 176439020.827872 91412629.1670424 126949985.653153 27450240.2453995 16526029.5173907 52938.2452403992 446378.896466145 1659859727.71436 1875364580.92415 994712031.713738 1368378774.93133 282536425.905354 186183500.8716 0 0
