"Time" "IECs" "pheme_e" "BiomassCD" "pro_L_e" "leu_L_e" "ile_L_e" "val_L_e" "trp_L_e" "cys_L_e" "Drug" "Damage" "pro_L_v" "leu_L_v" "ile_L_v" "val_L_v" "trp_L_v" "cys_L_v" "CD" "pheme_c"
0 457000 1e+05 0.4963 224235600.199112 195370466.451958 120509812.093413 157438605.791629 18978882.6152 31300034.1459915 0 0 0 0 0 0 0 0 45700000 1000
1 390201.448176888 123642.695064428 0.594123778045797 246920357.982663 260865539.218423 143917034.252753 195140592.637267 36236464.5192086 29389354.187879 0 66798.5518231121 216386648.679852 212320104.265859 122128881.383743 163256413.412107 26294755.0599724 27561323.8581876 48532264.0502072 722.882674747903
2 329537.353047131 183308.234540917 0.697811971319724 264830119.617267 295888509.996286 158277044.004198 216945673.096618 44246755.1870032 29754113.3066162 0 127462.646952868 415468913.499895 429599105.132653 239859800.303499 323896228.417859 57836890.893507 50491577.2692768 52252901.2867149 929.619899937303
3 274364.82596834 248827.939097258 0.80352901155671 283288333.158428 323270419.426295 170919301.937932 235258904.337382 49564733.5392837 31114565.7405399 0 182635.17403166 594198134.641225 631679735.823336 347250865.254975 471439844.050896 88490579.3478111 70317375.2336089 57057133.0368839 1112.54121252747
4 224296.22829264 310523.828552525 0.907130882617804 303985841.561403 350222805.179586 184153798.047557 253996713.963275 54253384.1266916 33074967.98906 0 232703.77170736 752230765.683169 812962647.803282 442813406.647233 603120628.832792 116445518.612393 87583314.4925576 63165451.7159666 1243.41637450127
5 179187.028203194 364756.420397329 1.00479522694502 327334500.464569 379109298.385486 198680599.184433 274395947.566137 59010494.7781076 35480908.0934047 0 277812.971796806 889616877.167778 971685317.769387 526129100.923963 718112828.500759 141098063.819854 102499307.22256 70824632.2022703 1329.26739358176
6 139098.701362951 409617.784315274 1.09355024537159 353056852.045908 410399827.757829 214505408.840996 296590123.985455 64036847.5029292 38230923.1650413 0 317901.298637049 1006341461.67183 1107122139.72561 597014512.060525 816066456.66625 162207226.00666 115143209.657577 80308698.7383988 1379.80679517227
7 104230.292025195 443753.723887681 1.17156420395113 380314267.890255 443534165.301114 231191636.481704 320056741.660147 69298307.0297384 41211966.3166476 0 352769.707974805 1102440145.95193 1219005516.61806 655417606.995536 896865460.480141 179677204.589511 125551635.691669 91917637.4727116 1401.49202193516
8 74814.91171659 466192.652627269 1.23815257064112 407751780.875783 477225896.241061 247948549.054889 343774270.135865 74617791.7667336 44277010.3528746 9737.47760380151 382185.08828341 1178325794.97647 1307652352.3816 701555765.663161 960782455.262345 193532900.025105 133782097.693946 105972266.620866 1397.84578943053
9 71953.7968363728 610704.297904194 1.25089621676315 357499056.801188 418369588.478258 217396114.225826 301379159.387888 65419371.6863869 38811616.4921702 3714.33846305494 385046.203163627 1238785783.80756 1378408036.93122 738321469.073682 1011752334.57219 204596652.632734 140346159.668654 1244035.44276883 951.982038383312
10 71767.2813780286 682526.119986226 1.26260477793416 306580660.566022 358778267.050594 186432874.322422 258452088.416274 56101509.7691032 33283093.3310008 2018.83512585061 385232.718621971 1290369986.54822 1438775076.15014 769689992.07986 1055238727.75285 214036116.202666 145946304.765827 529797.394976315 807.033349085681
11 71658.4793267219 713139.348245454 1.27334329514319 262828051.945593 307574379.845185 159826962.705849 221566927.331532 48095014.5909739 28532835.1774013 1101.32591259639 385341.520673278 1334511188.45853 1490431471.08694 796532444.20898 1092450333.91602 222113547.0915 150738342.907129 405187.361074599 910.412967135524
12 71563.6030933979 726112.41705529 1.28317615229874 225374438.481139 263742335.317062 137051435.747163 189992197.628536 41241197.348018 24466496.3034882 525.6674584106 385436.396906602 1372303806.93187 1534658105.86945 819514326.72081 1124309851.57379 229029221.210261 154841114.254638 394677.618707591 1175.58203061921
13 71464.9433113344 731589.37756867 1.29216634938543 193356016.875636 226270878.7416 117581054.919759 162999488.335145 35381962.8099672 20990228.0952928 197.240484182703 385535.056688665 1404674885.16703 1572539888.47852 839199372.891076 1151598817.53294 234952779.744657 158355267.819146 432887.401591037 1573.12621221995
14 71353.4455937861 733877.127954047 1.30037493028123 166013311.299368 194271022.795745 100954000.298087 139948451.549975 30378316.9511668 18021544.0638156 54.3149343598118 385646.554406214 1432416264.88483 1605003463.43166 856069104.060903 1174984769.35081 240029119.983509 161366766.974162 501036.876420993 2018.15989160235
15 71223.0748960974 734802.640497578 1.3078605482055 142689552.515563 166974046.249941 86770899.3614818 120285365.688761 26110064.863561 15489122.0130621 11.0801696301084 385776.925103902 1456206309.84465 1632842651.70915 870536037.522148 1195039569.61494 244382371.608689 163949251.372828 591370.920785357 2392.06100114341
16 71068.9625059142 735140.184649628 1.31467915120738 122820119.641421 143719099.744192 74688411.4629006 103534210.54241 22473876.4325415 13331650.0671968 9739.28770609556 385931.037494085 1476627075.17798 1656738551.64567 882954126.290442 1212253884.63821 248119039.108443 166165902.476523 701999.67144428 2634.33129215168
17 71052.2020343979 736644.846023354 1.31943839838886 105340113.403398 123276549.173999 64062458.5451121 88798861.5329875 19277224.1530816 11435334.8516939 6954.27930798144 385947.797965601 1494155076.77518 1677250809.0169 893613671.919082 1227029518.58784 251326618.484286 168068653.713088 767.867706841843 16.4910118714693
18 71052.1696006627 737382.674381045 1.32378618288 90312399.2345317 105690060.771024 54923379.3438186 76130905.3504672 16527157.935043 9803983.29760041 6937.4516634486 385947.830399337 1509182887.20962 1694837432.31178 902752816.958879 1239697555.58323 254076705.847911 169700017.721736 2.78980582577177 0.126591585543398
19 71052.169482436 737690.994904851 1.3277556180871 77428452.1550757 90612339.9282367 47088022.1053078 65270087.0790264 14169397.2162618 8405349.19473441 6937.32429965178 385947.830517563 1522066834.65015 1709915153.64627 910588174.439882 1250558374.15782 256434466.643772 171098651.870001 0.0102113670401768 0.000920720007628431
20 71052.1694820032 737819.738821449 1.33137757927368 66382525.8717099 77685603.0590654 40370455.0285687 55958670.5348841 12147994.0657152 7206243.89163831 6937.32337924578 385947.830517996 1533112760.93487 1722841890.51724 917305741.517517 1259869790.7031 258455869.7946 172297757.173263 3.72534777347398e-05 6.51373853357711e-06
21 71052.1694820016 737873.498013677 1.33468077820955 56912408.9226854 66602991.5349634 34611214.5449402 47975618.5597087 10414963.8294042 6178202.67867072 6937.32337274411 385947.830517997 1542582877.8839 1733924502.04135 923064982.001149 1267852842.67828 260188900.030912 173325798.386231 6.48838832784774e-08 3.50881064809214e-08
22 71052.1694820016 737895.949164655 1.33769185101314 48793295.385423 57101421.3074879 29673585.1971003 41131425.8523533 8929167.05119564 5296821.44821727 6937.32337270679 385947.830517997 1550701991.42116 1743426072.26883 928002611.348989 1274697035.38563 261674696.809121 174207179.616685 -4.46055620678363e-07 -1.59241444415544e-09
23 71052.1694820016 737905.340542678 1.34043545539331 41832440.5067053 48955328.6127796 25440349.4900898 35263613.8086826 7655331.4649694 4541176.53577025 6937.3233727047 385947.830517997 1557662846.29988 1751572164.96354 932235847.055999 1280564847.42931 262948532.395347 174962824.529132 -5.45719060303799e-07 -3.67701212780988e-09
24 71052.1694820016 737909.253000973 1.34293437275324 35864617.9772838 41971353.7480152 21811025.2382814 30232901.1271563 6563220.67646515 3893331.57831656 16674.8009764844 385947.830517997 1563630668.8293 1758556139.8283 935865171.307807 1285595560.11083 264040643.183852 175610669.486586 0 0
25 71052.1694820016 737910.874510391 1.34475870249353 30748236.6624338 35983796.5903921 18699503.9596344 25919930.317913 5626923.52545207 3337915.96082884 16674.8009764844 385947.830517997 1568747050.14415 1764543696.98592 938976692.586454 1289908530.92007 264976940.334865 176166085.104074 0 0
26 71052.1694820016 737911.552350153 1.3464220771717 26361707.4736023 30850364.8491965 16031841.3929604 22222205.0740158 4824189.22368724 2861730.41715729 16674.8009764844 385947.830517997 1573133579.33298 1769677128.72712 941644355.153128 1293606256.16397 265779674.63663 176642270.647745 0 0
27 71052.1694820016 737911.835411302 1.34793833905133 22600939.5110737 26449243.8719853 13744734.7800311 19051979.5875679 4135969.14933182 2453475.22044761 16674.8009764844 385947.830517997 1576894347.29551 1774078249.70433 943931461.766058 1296776481.65042 266467894.710985 177050525.844455 0 0
28 71052.1694820016 737911.95322323 1.34932020486671 19376691.3755266 22675996.9589933 11783912.0688163 16334025.7771257 3545932.1372917 2103462.65122396 16674.8009764844 385947.830517997 1580118595.43106 1777851496.61732 945892284.477272 1299494435.46086 267057931.723025 177400538.413679 0 0
29 71052.1694820016 737912.002322576 1.35057934563783 16612398.1407019 19441022.3303618 10102810.3894687 14003801.4845414 3040066.81548329 1803381.10150032 16674.8009764844 385947.830517997 1582882888.66588 1781086471.24595 947573386.15662 1301824659.75344 267563797.044834 177700619.963402 0 0
30 71052.1694820016 737912.018218888 1.35172645751253 14242484.6153807 16667579.1840703 8661550.26657918 12006028.600516 2606372.931983 1546111.96867819 16674.8009764844 385947.830517997 1585252802.1912 1783859914.39225 949014646.279509 1303822432.63747 267997490.928334 177957889.096224 0 0
31 71052.1694820016 737912.027634451 1.35277134042642 12210689.2026535 14289826.155579 7425916.27616313 10293280.1233818 2234554.62147974 1325547.69984755 16674.8009764844 385947.830517997 1587284597.60393 1786237667.42074 950250280.269925 1305535181.1146 268369309.238837 178178453.365055 0 0
32 71052.1694820016 737912.033901794 1.35372296851083 10468714.7147967 12251242.4044245 6366536.54031455 8824842.8326024 1915773.50456341 1136445.32919105 26412.2785802859 385947.830517997 1589026572.09179 1788276251.17189 951309660.005774 1307003618.40539 268688090.355754 178367555.735711 0 0
33 71052.1694820016 737912.036383393 1.35442837728612 8975267.10354296 10503502.6672897 5458298.13215032 7565906.96443784 1642472.77548255 974322.126062595 26412.2785802859 385947.830517997 1590520019.70304 1790023990.90902 952217898.413938 1308262554.27356 268961391.084835 178529678.938839 0 0
34 71052.1694820016 737912.037420778 1.35507108592949 7694859.6601524 9005077.84697859 4679619.85149043 6486558.18500791 1408158.37090466 835325.783326654 26412.2785802859 385947.830517997 1591800427.14643 1791522415.72934 952996576.694598 1309341903.05298 269195705.489413 178668675.281575 0 0
35 71052.1694820016 737912.037853983 1.35565661290092 6597109.00349058 7720411.12706394 4012024.08083546 5561184.12731827 1207270.13582101 716157.992402287 26412.2785802859 385947.830517997 1592898177.8031 1792807082.44925 953664172.465253 1310267277.11067 269396593.724496 178787843.0725 0 0
36 71052.1694820016 737912.038034285 1.35619000158409 5655965.98628359 6619017.92310766 3439669.06191024 4767826.06607377 1035041.07948598 613990.953262907 26412.2785802859 385947.830517997 1593839320.8203 1793908475.65321 954236527.484178 1311060635.17192 269568822.780832 178890010.111639 0 0
37 71052.1694820016 737912.038109429 1.35667585938316 4849081.6644457 5674743.8943968 2948963.31065627 4087644.44700205 887381.347882085 526398.546388538 26412.2785802859 385947.830517997 1594646205.14214 1794852749.68192 954727233.235432 1311740816.79099 269716482.512435 178977602.518513 0 0
38 71052.1694820016 737912.03813376 1.35711839128253 4157314.93676505 4865188.7485151 2528266.18888565 3504503.84045014 760788.121842985 451302.88393331 26412.2785802859 385947.830517997 1595337971.86982 1795662304.8278 955147930.357202 1312323957.39754 269843075.738474 179052698.180969 0 0
39 71052.1694820016 737912.038148167 1.3575214359946 3564243.31987616 4171133.71505239 2167590.38265609 3004560.53794288 652256.088933691 386921.201248183 26412.2785802859 385947.830517997 1595931043.48671 1796356359.86126 955508606.163432 1312823900.70005 269951607.771384 179117079.863654 0 0
40 71052.1694820016 737912.038157731 1.35788849762888 3055769.08645423 3576080.62021056 1858362.37567701 2575930.5373532 559205.366788586 331723.10068579 36149.7561840874 385947.830517997 1596439517.72013 1796951412.9561 955817834.170411 1313252530.70064 270044658.493529 179172277.964216 0 0
41 71052.1694820016 737912.038161545 1.35816212881516 2619838.71513164 3065923.56693112 1593251.83310626 2208453.04678386 479430.162480659 284400.096110849 36149.7561840874 385947.830517997 1596875448.09145 1797461570.00938 956082944.712982 1313620008.19121 270124433.697837 179219600.968791 0 0
42 71052.1694820016 737912.038163139 1.35841136963198 2246093.73893863 2628540.332645 1365959.26543999 1893396.15926392 411034.877829123 243827.710285603 36149.7561840874 385947.830517997 1597249193.06765 1797898953.24367 956310237.280648 1313935065.07873 270192828.982488 179260173.354616 0 0
43 71052.1694820016 737912.038163805 1.3586383853312 1925665.42888476 2253552.09324236 1171091.16557422 1623283.77657141 352396.53652008 209043.186471365 36149.7561840874 385947.830517997 1597569621.3777 1798273941.48307 956505105.380514 1314205177.46142 270251467.323798 179294957.87843 0 0
44 71052.1694820016 737912.038164082 1.35884515094134 1650950.16029406 1932060.54061229 1004023.39810579 1391706.2491408 302123.676173508 179221.103020557 36149.7561840874 385947.830517997 1597844336.64629 1798595433.0357 956672173.147982 1314436754.98885 270301740.184144 179324779.961881 0 0
45 71052.1694820016 737912.038164197 1.35903346767339 1415424.38054913 1656431.34459765 860788.672183541 1193164.39888507 259022.487463187 153653.286952661 36149.7561840874 385947.830517997 1598079862.42603 1798871062.23171 956815407.873904 1314635296.83911 270344841.372854 179350347.777949 0 0
46 71052.1694820016 737912.038164235 1.35920497686473 1213500.8900702 1420125.96266682 737989.138954792 1022948.36795547 222070.51355356 131733.212343656 36149.7561840874 385947.830517997 1598281785.91651 1799107367.61364 956938207.407133 1314805512.87004 270381793.346764 179372267.852558 0 0
47 71052.1694820016 737912.038164257 1.35936117485554 1040386.04447675 1217534.52761966 632709.549227903 877017.244033141 190390.518112881 112940.498715664 36149.7561840874 385947.830517997 1598454900.76211 1799309959.04869 957043486.99686 1314951443.99396 270413473.342205 179391060.566186 0 0
48 71052.1694820016 737912.038164272 1.35950342593928 891964.781123196 1043841.29737573 542447.332495179 751902.140814205 163229.445183396 96828.4299387426 45887.2337878889 385947.830517997 1598603322.02546 1799483652.27893 957133749.213593 1315076559.09718 270440634.415134 179407172.634963 0 0
49 71052.1694820016 737912.038164277 1.3596096978524 764718.739143772 894928.833165573 465062.801734458 644637.175426241 139943.435159626 83015.0656428207 45887.2337878889 385947.830517997 1598730568.06744 1799632564.74314 957211133.744354 1315183824.06257 270463920.425158 179420985.999259 0 0
50 71052.1694820016 737912.03816428 1.35970648682072 655624.318469137 767258.700864983 398717.158119983 552673.534941635 119979.169600956 71172.1748778964 45887.2337878889 385947.830517997 1598839662.48811 1799760234.87544 957277479.387968 1315275787.70305 270483884.690716 179432828.890024 0 0
51 71052.1694820016 737912.038164281 1.35979463746794 562092.784694071 657801.377406131 341836.065868136 473828.986404023 102862.910429791 61018.7341178276 45887.2337878889 385947.830517997 1598933194.02189 1799869692.1989 957334360.48022 1315354632.25159 270501000.949888 179442982.330784 0 0
52 71052.1694820016 737912.038164281 1.3598749196477 481904.675170317 563959.48807281 293069.76137995 406232.58294196 88188.4962546196 52313.8066260003 45887.2337878889 385947.830517997 1599013382.13141 1799963534.08823 957383126.784708 1315422228.65505 270515675.364063 179451687.258276 0 0
53 71052.1694820016 737912.038164282 1.35994803500202 413155.795254384 483504.607428073 251260.210922734 348279.140069164 75607.4596900069 44850.6800057716 45887.2337878889 385947.830517997 1599082131.01133 1800043988.96888 957424936.335165 1315480182.09792 270528256.400627 179459150.384896 0 0
54 71052.1694820016 737912.038164281 1.36001462251507 354215.267172663 414528.165080921 215415.598096737 298593.872014567 64821.3503040726 38452.3121389072 45887.2337878889 385947.830517997 1599141071.53941 1800112965.41122 957460780.947991 1315529867.36598 270539042.510013 179465548.752763 0 0
55 71052.1694820016 737912.038164281 1.36007526442108 303683.848773241 355392.667293813 184684.975433084 255997.255559532 55574.1069552026 32966.8064219298 45887.2337878889 385947.830517997 1599191602.95781 1800172100.90901 957491511.570655 1315572463.98243 270548289.753362 179471034.25848 0 0
56 71052.1694820016 737912.038164281 1.3601304913324 260360.372132393 304692.42102774 158337.854071799 219476.738692546 47645.916061167 28263.7684641546 45887.2337878889 385947.830517997 1599234926.43445 1800222801.15528 957517858.692016 1315608984.4993 270556217.944256 179475737.296438 0 0
57 71052.1694820016 737912.038164281 1.36018078630097 223217.4178147 261225.066212984 135749.4100917 188166.234669652 40848.7599917147 24231.6653744566 45887.2337878889 385947.830517997 1599272069.38877 1800266268.51009 957540447.135996 1315640295.00332 270563015.100326 179479769.399527 0 0
58 71052.1694820016 737912.038164282 1.36022658944612 191373.275204544 223958.761713668 116383.432218982 161322.485333699 35021.2858126878 20774.7818775498 45887.2337878889 385947.830517997 1599303913.53138 1800303534.81459 957559813.113869 1315667138.75266 270568842.574505 179483226.283024 0 0
59 71052.1694820016 737912.038164281 1.36026830166028 164072.026810766 192008.878549613 99780.2101205218 138308.272722824 30025.1607162253 17811.0583390394 45887.2337878889 385947.830517997 1599331214.77977 1800335484.69776 957576416.335967 1315690152.96527 270573838.699601 179486190.006563 0 0
60 71052.1694820016 737912.038164276 1.36030628811045 140665.521004328 164616.90309823 85545.5711454862 118577.222576786 25741.7730339721 15270.1337918443 45887.2337878889 385947.830517997 1599354621.28558 1800362876.67321 957590650.974942 1315709884.01542 270578122.087283 179488730.93111 0 0
61 71052.1694820016 737912.038164259 1.36034088142387 120598.170737217 141132.647462781 73341.635684118 101660.990068918 22069.4504045106 13091.6957407944 45887.2337878889 385947.830517997 1599374688.63585 1800386360.92884 957602854.910404 1315726800.24793 270581794.409913 179490909.369161 0 0
62 71052.1694820016 737912.038164253 1.36037238453435 103393.661026064 120998.693614302 62878.7333395316 87158.0545750024 18921.0272444979 11224.0371757342 45887.2337878889 385947.830517997 1599391893.14556 1800406494.88269 957613317.812748 1315741303.18342 270584942.833073 179492777.027726 0 0
63 71052.1694820016 737912.038164278 1.36040107335866 88643.5402319687 103737.042087244 53908.464727958 74724.1024313063 16221.7569542782 9622.81808264334 45887.2337878889 385947.830517997 1599406643.26635 1800423756.53422 957622288.08136 1315753737.13556 270587642.103363 179494378.246819 0 0
64 71052.1694820016 737912.038164284 1.3604271992034 75997.6662784004 88937.9314569784 46217.891357398 64063.9733551547 13907.5635769333 8250.02832004157 45887.2337878889 385947.830517997 1599419289.14031 1800438555.64485 957629978.65473 1315764397.26464 270589956.29674 179495751.036582 0 0
65 71052.1694820016 737912.03816425 1.36045099095301 65155.8520683134 76250.0612064143 39624.4547978689 54924.6177579426 11923.5129106441 7073.08067606807 45887.2337878889 385947.830517997 1599430130.95451 1800451243.5151 957636572.09129 1315773536.62024 270591940.347407 179496927.984226 0 0
66 71052.1694820016 737912.038164261 1.36047265706528 55860.7287197267 65372.2397713143 33971.6364665159 47089.0806461145 10222.506481679 6064.03612747363 45887.2337878889 385947.830517997 1599439426.07786 1800462121.33653 957642224.909621 1315781372.15735 270593641.353836 179497937.028774 0 0
67 71052.1694820016 737912.038164375 1.36049238739308 47891.6344367934 56046.2328579789 29125.2411517409 40371.3501050695 8764.1632085518 5198.94043784498 45887.2337878889 385947.830517997 1599447395.17215 1800471447.34345 957647071.304936 1315788089.88789 270595099.697109 179498802.124464 0 0
68 71052.1694820016 737912.038164399 1.36051035484208 41059.4203701643 48050.6848877123 24970.2382032925 34611.9787801945 7513.86887510766 4457.26030082876 45887.2337878889 385947.830517997 1599454227.38621 1800479442.89142 957651226.307885 1315793849.25921 270596349.991442 179499543.804601 0 0
69 71052.1694820016 737912.038164146 1.36052671688328 35201.8902151216 41195.7820867767 21407.9881292348 29674.2395816644 6441.94157754255 3821.38827960679 45887.2337878889 385947.830517997 1599460084.91637 1800486297.79422 957654788.557959 1315798786.99841 270597421.91874 179500179.676622 0 0
70 71052.1694820016 737912.038163991 1.36054161692744 30179.9919387657 35318.7957718246 18353.9265993153 25440.9154136538 5522.93481094713 3276.22939474667 45887.2337878889 385947.830517997 1599465106.81464 1800492174.78053 957657842.619488 1315803020.32258 270598340.925506 179500724.835507 0 0
71 71052.1694820016 737912.038164455 1.36055518558007 25874.5154150622 30280.2176850708 15735.5561156033 21811.5153701661 4735.03313692665 2808.84263155703 45887.2337878889 385947.830517997 1599469412.29117 1800497213.35862 957660460.989972 1315806649.72262 270599128.82718 179501192.22227 0 0
72 71052.1694820016 737912.038165045 1.36056754178523 22183.2609411105 25960.4463885161 13490.724048989 18699.8878709734 4059.53402242669 2408.13356458352 45887.2337878889 385947.830517997 1599473103.54564 1800501533.12992 957662705.822039 1315809761.35012 270599804.326295 179501592.931337 0 0
