"Time" "IECs" "pheme_e" "BiomassCD" "pro_L_e" "leu_L_e" "ile_L_e" "val_L_e" "trp_L_e" "cys_L_e" "Drug" "Damage" "pro_L_v" "leu_L_v" "ile_L_v" "val_L_v" "trp_L_v" "cys_L_v" "CD" "pheme_c"
0 457000 1e+05 0.4963 224235600.199112 195370466.451958 120509812.093413 157438605.791629 18978882.6152 31300034.1459915 0 0 0 0 0 0 0 0 45700000 1000
1 299221.803988996 173434.174424468 0.594123777861028 488753723.644297 538791010.710119 290396894.8058 396951693.588913 79276477.0068035 55653194.0694558 0 157778.196011004 300365153.581453 312778972.951603 173973616.129439 235221080.216183 42573180.350676 36233667.3447611 48532264.0542091 1005.46378657043
2 190248.465411726 306173.761787584 0.697811926935192 594193241.099116 673537075.026773 357479886.164502 491345385.661321 102511856.383817 65689602.5970449 0 266751.534588274 584589144.199002 631253023.777815 344089537.378478 468501202.139779 90387135.6625314 68043020.8308437 52252903.4857603 1550.27926717827
3 116427.2268111 423720.090713358 0.803528918191318 653711220.012372 748280949.403505 394888191.257968 543930869.728669 115085660.89542 71614363.1431245 0 340572.7731889 788438898.221313 863531680.741088 467001582.512145 637629338.114614 125942870.199196 90465615.9074047 57057136.6576818 1895.0618965685
4 67847.5942517728 508775.884368845 0.907130680187054 694412644.257427 799032070.436962 420208009.894566 579628864.270801 123434362.939933 75851138.1385403 0 389152.405748228 920266882.963103 1014823251.52187 546707911.608056 747493615.652139 149265475.319896 104883419.81477 63165456.8441994 2038.77692061718
5 37169.6964467085 561160.734209857 1.00479450643566 723644884.684107 835921110.925603 438269548.836027 605355869.863189 129406347.010471 79038800.4931022 0 419830.303553292 998948564.092725 1105523588.00449 594340999.967029 813237591.907432 163292033.756851 113476070.217353 70824627.8569714 2046.60698183805
6 18855.2187982821 585891.954730237 1.09354971710797 743535426.892826 862147406.221556 450511216.503801 623227310.524845 133607217.543454 81354032.991977 0 438144.781201718 1042112036.54916 1155467205.24835 620488284.572729 849377347.020681 171027766.743736 118193597.135474 80308690.9552398 1974.93464954638
7 8700.56133983524 589218.846415133 1.17156382115696 755200263.11325 879411019.813018 457679334.719188 634355279.131172 136351921.153922 82898429.3975335 0 448299.438660165 1063607499.42473 1180436812.02657 633513890.294567 867411131.872638 174898301.927836 120548589.193961 91917627.8743269 1861.92447638941
8 3577.73773697495 577114.002563779 1.2381523613679 760011581.036773 889558989.221816 460643745.311072 639997085.566625 137954848.390628 83814042.0773853 9737.47760380151 453422.262263026 1073169197.60625 1191594665.98206 639308933.810739 875451100.428896 176628506.471779 121600140.777608 105972257.183024 1731.14239466475
9 3412.71316776874 738321.248391615 1.25089602940157 754944125.383958 883622069.587648 457573886.36837 635728658.382985 137042021.561112 83257502.3965024 4659.37407393356 453587.286832232 1078790285.16758 1198173854.0157 642715890.918819 880184546.014251 177648876.416375 122220049.893066 25313.8991609238 199.281531270843
10 3412.53712031679 813187.564790357 1.26260461089825 749384237.630987 877114509.697307 454204023.44994 631046747.743183 136032764.794536 82644343.8746158 4451.84942112683 453587.462879684 1084350762.42623 1204682097.7803 646086112.781451 884866951.801978 178658247.907896 122833276.017174 365.480389675667 11.2419950252617
11 3412.53443883348 845161.104383465 1.2733431468907 743864789.243426 870654287.967911 450858669.33076 626398891.818565 135030841.216622 82035642.5727328 4440.84300402973 453587.465561167 1089870219.79179 1211142329.92489 649431472.367249 889514815.267551 179660173.233252 123441978.348747 5.98522107627778 0.567208993907894
12 3412.53439478456 858811.946379897 1.28317602134466 738385985.624253 864241638.8762 447537950.102373 621785262.345303 134036295.607226 81431423.6589645 4440.29748878746 453587.465605216 1095349023.55844 1217554979.18768 652752191.685431 894128444.864682 180654718.871354 124046197.27943 0.0987827413046568 0.0273270521994931
13 3412.53439405724 864639.991378902 1.29216623431221 732947535.030964 857876220.862833 444241688.96303 617205613.632109 133049075.12155 80831654.9974179 4440.27136264243 453587.465605944 1100787474.15416 1223920397.20387 656048452.826257 898708093.579921 181641939.357503 124645965.941255 0.00163315057335446 0.0012951775804727
14 3412.53439404521 867128.188959878 1.30037482972123 727549140.375766 851557686.200824 440969705.847331 612659695.504901 132069125.832295 80236303.8249902 4440.27012696399 453587.465605956 1106185868.8094 1230238931.86593 659320435.94198 903254011.707163 182621888.646766 125241317.113688 2.7154481982347e-05 6.10671050113394e-05
15 3412.53439404501 868190.380271941 1.30786046804379 722190506.590118 845285689.528067 437721821.91336 608147259.490281 131096394.176863 79645337.6006469 4440.27006890783 453587.465605956 1111544502.59505 1236510928.53869 662568319.875952 907766447.721783 183594620.302198 125832283.338031 6.33060346879604e-07 3.0371647382751e-06
16 3412.534394045 868643.853773259 1.31467907624722 716871340.936006 839059888.210241 434497859.731733 603668059.077364 130130827.015677 79058724.0403609 14177.7476697829 453587.465605956 1116863668.24916 1242736729.85651 665792282.057579 912245648.1347 184560187.463384 126418896.898317 7.70127572062877e-08 1.11446153171677e-07
17 3412.534394045 868837.821608595 1.31943819438769 711591378.974227 832879972.735282 431297659.025059 599221871.585327 129172376.346132 78476433.9809831 14177.7476696547 453587.465605956 1122143630.21094 1248916645.33147 668992482.764253 916691835.626737 185518638.132929 127001186.957695 -4.55563990740599e-08 -1.67255175031179e-08
18 3412.534394045 868920.233537764 1.32378591970885 706350279.899523 826745544.20871 428121013.230253 594808410.026482 128220980.303194 77898429.8374861 14177.7476696547 453587.465605956 1127384729.28564 1255051073.85804 672169128.559058 921105297.185582 186470034.175867 127579191.101192 -4.55563990740599e-08 -1.67263433727339e-08
19 3412.534394045 868955.598736795 1.32775536782957 701147782.605839 820656297.019733 424967764.090157 590427454.526806 127276591.48931 77324682.8143103 14177.7476696547 453587.465605956 1132587226.57933 1261140321.04702 675322377.699154 925486252.685258 187414422.989751 128152938.124368 -4.55563990740599e-08 -1.6727343372734e-08
20 3412.534394045 868970.772039101 1.33137732658288 695983603.395277 814611899.115007 421837739.654628 586078766.187979 126339158.40592 76755161.6243996 14177.7476696547 453587.465605956 1137751405.78989 1267184718.95174 678452402.134683 929834941.024084 188351856.073141 128722459.314278 -4.55563990740599e-08 -1.67283433727341e-08
21 3412.534394045 868977.286395747 1.33468070189842 690857458.182375 808612017.987564 418730767.738619 581762105.785318 125408629.48411 76189834.9379562 14177.7476696547 453587.465605956 1142877551.00279 1273184600.07919 681559374.050692 934151601.426746 189282384.994951 129287786.000722 -4.55563990740599e-08 -1.67293433727341e-08
22 3412.534394045 868979.985323046 1.33769222115579 685769065.2279 802656323.876571 415646677.57914 577477236.069868 124484953.580869 75628671.6839313 14177.7476696547 453587.465605956 1147965943.95727 1279140294.19018 684643464.210172 938436471.142196 190206060.898192 129848949.254747 -4.55563990740599e-08 -1.67303433727342e-08
23 3412.534394045 868981.07545384 1.34043639914298 680718147.325548 796744492.326752 412585301.160622 573223923.609795 123568080.37603 75071641.2911817 14177.7476696547 453587.465605956 1153016861.85962 1285052125.74 687704840.62869 942689783.602269 191122934.103031 130405979.647496 -4.55563990740599e-08 -1.67313433727343e-08
24 3412.534394045 868981.506986615 1.34293497806052 675704439.854382 790876213.613333 409546478.095527 569001945.571242 122657961.833998 74518714.5765156 23915.2252734562 453587.465605956 1158030569.33078 1290920404.45342 690743663.693785 946911761.640822 192033052.645063 130958906.362162 0 0
25 3412.534394045 868981.749328099 1.34475995926102 670727665.980511 785051163.716923 406530040.594005 564811068.835977 121754547.702208 73969861.0098603 23915.2252734562 453587.465605956 1163007343.20465 1296745454.34983 693760101.195307 951102638.376087 192936466.776853 131507759.928817 0 0
26 3412.534394045 868981.836734902 1.34642337100168 665787536.883072 779269004.588022 403535813.600869 560651050.191699 120857785.552148 73425048.7391839 23915.2252734562 453587.465605956 1167947472.30209 1302527613.47873 696754328.188442 955262657.020365 193833228.926913 132052572.199494 0 0
27 3412.534394045 868981.879847209 1.34794045496609 660883775.248179 773529411.645429 400563629.035347 556521656.11598 119967625.044123 72884247.1814783 23915.2252734562 453587.465605956 1172851233.93698 1308267206.42132 699726512.753965 959392051.096084 194723389.434938 132593373.757199 0 0
28 3412.534394045 868981.904051117 1.3493205151159 656016178.690932 767832148.008354 397613364.231345 552422716.183121 119084029.439999 72347434.017129 23915.2252734562 453587.465605956 1177718830.49423 1313964470.0584 702676777.557967 963490991.028943 195606985.039061 133130186.921549 0 0
29 3412.534394045 868981.966381961 1.35057907453178 651184415.433771 762176825.348756 394684818.097493 548353951.00754 118206938.513506 71814572.6567104 23915.2252734562 453587.465605956 1182550593.75139 1319619792.718 705605323.691819 967559756.204524 196484075.965555 133663048.281967 0 0
30 3412.534394045 868982.062514054 1.35172590275222 646388233.194301 756563148.383471 391777837.72468 544315148.145507 117336306.468814 71285635.2777625 23915.2252734562 453587.465605956 1187346775.99086 1325233469.68328 708512304.064632 971598559.066557 197354708.010247 134191985.660915 0 0
31 3412.534394045 868982.180739457 1.35277078196807 641627376.00249 750990817.513151 388892267.968705 540306092.047976 116472086.840694 70760593.6511417 23915.2252734562 453587.465605956 1192107633.18267 1330805800.5536 711397873.820607 975607615.164088 198218927.638367 134717027.287536 0 0
32 3412.534394045 868982.253006138 1.35372225383396 636901584.452821 745459529.117393 386027951.603109 536326564.272924 115614232.540284 70239419.1688283 33652.7028772577 453587.465605956 1196833424.73234 1336337088.94936 714262190.186203 979587142.93914 199076781.938777 135238201.769849 0 0
33 3412.534394045 868982.06332696 1.35442837177759 632210603.548062 739968984.735462 383184734.073309 532376350.090491 114762697.278944 69722083.7089622 33652.7028772577 453587.465605956 1201524405.6371 1341827633.33129 717105407.716003 983537357.121573 199928317.200117 135755537.229715 0 0
34 3412.534394045 868982.009393815 1.35507166336764 627554140.512366 734518841.688755 380362437.926991 528455202.957934 113917427.910229 69208554.9833438 33652.7028772577 453587.465605956 1206180868.6728 1347277776.378 719927703.862321 987458504.254131 200773586.568832 136269065.955334 0 0
35 3412.534394045 868982.005088198 1.3556574491336 622931984.74125 729108853.475891 377560935.516147 524562945.527946 113078386.203937 68698809.7658782 33652.7028772577 453587.465605956 1210803024.44391 1352687764.59086 722729206.273165 991350761.684118 201612628.275124 136778811.172799 0 0
36 3412.534394045 868981.988476821 1.35619111003617 618343868.226608 723738706.407598 374780064.400267 520699352.11438 112245523.509614 68192818.499827 33652.7028772577 453587.465605956 1215391140.95855 1358057911.65915 725510077.389045 995214355.097684 202445490.969447 137284802.43885 0 0
37 3412.534394045 868981.947586947 1.35667581429102 613789606.435038 718408184.497314 372019712.733103 516864267.324051 111418806.32964 67690560.8342922 33652.7028772577 453587.465605956 1219945402.75012 1363388433.56944 728270429.05621 999049439.888013 203272208.149421 137787060.104385 0 0
38 3412.534394045 868981.834610051 1.35711761083778 609268874.378745 713116907.364056 369279683.538581 513057417.488949 110598175.670262 67192000.9286441 33652.7028772577 453587.465605956 1224466134.80642 1368679710.7027 731010458.250731 1002856289.72311 204092838.808799 138285620.010033 0 0
39 3412.534394045 868981.632809936 1.35752058810579 604781413.677821 707864572.587848 366559820.211871 509278585.030706 109783584.628794 66697110.2879706 33652.7028772577 453587.465605956 1228953595.50734 1373932045.4789 733730321.577441 1006635122.18136 204907429.850267 138780510.650707 0 0
40 3412.534394045 868981.348562232 1.35788755710704 600327005.087425 702650923.554229 363859989.868017 505527585.326086 108974993.406585 66205864.7332922 43390.1804810592 453587.465605956 1233408004.09774 1379145694.51252 736430151.921295 1010386121.88598 205716021.072476 139271756.205385 0 0
41 3412.534394045 868981.679434908 1.35816171642411 595905402.553596 697475672.270085 361180043.372981 501804211.176237 108172357.33843 65718237.1290393 43390.1804810592 453587.465605956 1237829606.63157 1384320945.79666 739110098.416331 1014109496.03583 206518657.140631 139759383.809638 0 0
42 3412.534394045 868981.712897404 1.35841135301638 591516326.418369 692338491.410601 358519811.225235 498108227.084816 107375625.659122 65234196.6336919 43390.1804810592 453587.465605956 1242218682.7668 1389458126.65615 741770330.564077 1017805480.12725 207315388.819939 140243424.304985 0 0
43 3412.534394045 868981.599997295 1.35863889412006 587159550.968681 687239116.790604 355879156.619418 494439442.981779 106584757.395858 64753718.3549355 43390.1804810592 453587.465605956 1246575458.21648 1394557501.27615 744410985.169894 1021474264.23029 208106257.083203 140723902.583742 0 0
44 3412.534394045 868981.440206163 1.35884588726286 582834891.408359 682177332.115974 353257967.550017 490797703.252665 105799719.003319 64276781.9128934 43390.1804810592 453587.465605956 1250900117.77681 1399619285.95077 747032174.239295 1025116003.9594 208891295.475742 141200839.025784 0 0
45 3412.534394045 868981.377080962 1.35903446263777 578542075.054728 677152818.226101 350656078.743249 487182778.27493 105020460.982493 63803357.2353013 43390.1804810592 453587.465605956 1255192934.13044 1404643799.84065 749634063.046063 1028730928.93714 209670553.496568 141674263.703376 0 0
46 3412.534394045 868981.485618599 1.35920609555921 574280890.764516 672165327.988983 348073362.224547 483594490.247563 104246945.005376 63333421.0366452 43390.1804810592 453587.465605956 1259454118.42065 1409631290.07777 752216779.564765 1032319216.9645 210444069.473685 142144199.902032 0 0
47 3412.534394045 868981.735286107 1.3593623641618 570051097.422732 667214579.192307 345509671.853394 480032636.130757 103479127.303314 62866946.7260398 43390.1804810592 453587.465605956 1263683911.76243 1414582038.87444 754780469.935917 1035881071.08131 211211887.175747 142610674.212638 0 0
48 3412.534394045 868981.954885628 1.3595046517295 565852461.069058 662300297.997931 342964865.825745 476497018.909562 102716965.406413 62403908.5016388 53127.6580848607 453587.465605956 1267882548.11611 1419496320.06882 757325275.963567 1039416688.3025 211974049.072648 143073712.437038 0 0
49 3412.534394045 868981.940120047 1.35961105215586 561684765.921939 657422231.844987 340438813.355754 472987456.877131 101960420.144699 61944282.5664045 53127.6580848607 453587.465605956 1272050243.26323 1424374386.22176 759851328.433558 1042926250.33493 212730594.334362 143533338.372272 0 0
50 3412.534394045 868981.942993224 1.35970812017939 557547658.964949 652579967.546467 337931300.47911 469503652.762907 101209427.436492 61488029.9886252 53127.6580848607 453587.465605956 1276187350.22022 1429216650.52028 762358841.310202 1046410054.44915 213481587.042569 143989590.950052 0 0
51 3412.534394045 868981.962593416 1.35979626586155 553441083.306568 647773438.513867 335442292.713696 466045558.659281 100463976.954499 61035144.4941333 53127.6580848607 453587.465605956 1280293925.8786 1434023179.55288 764847849.075616 1049868148.55278 214227037.524562 144442476.444543 0 0
52 3412.534394045 868981.996171028 1.35987673155367 549364686.406533 643002232.117503 332971576.383804 462612877.696669 99724004.703477 60585587.2037303 53127.6580848607 453587.465605956 1284370322.77864 1438794385.94925 767318565.405508 1053300829.51539 214967009.775584 144892033.734946 0 0
53 3412.534394045 868982.045504728 1.35994922114393 545318573.654439 638266471.710307 330519215.366382 459205698.622282 98989529.8143829 60139369.7400967 53127.6580848607 453587.465605956 1288416435.53073 1443530146.35644 769770926.42293 1056708008.58978 215701484.664678 145338251.19858 0 0
54 3412.534394045 868982.096644542 1.36001641332574 541301832.374474 633565089.053642 328084656.485897 455823252.883656 98260386.6127766 59696391.4506039 53127.6580848607 453587.465605956 1292433176.81069 1448231529.01311 772205485.303415 1060090454.32841 216430627.866284 145781229.488073 0 0
55 3412.534394045 868982.157476923 1.36007697845024 537314912.860169 628898611.192205 325668172.666602 452465919.667132 97536656.8386668 59256701.9949744 53127.6580848607 453587.465605956 1296420096.325 1452898006.87455 774621969.12271 1063447787.54493 217154357.640394 146220918.943702 0 0
56 3412.534394045 868982.244115562 1.36013169553417 533357492.231909 624266660.212532 323269568.210199 449133427.079976 96818281.8809904 58820265.7650748 53127.6580848607 453587.465605956 1300377516.95326 1457529957.85422 777020573.579113 1066780280.13209 217872732.598071 146657355.173602 0 0
57 3412.534394045 868982.369622089 1.36018132324283 529429263.53976 619668876.846 320888657.073415 445825516.643627 96105206.0203364 58387048.9095445 53127.6580848607 453587.465605956 1304305745.64541 1462127741.22075 779401484.715897 1070088190.56843 218585808.458724 147090572.029132 0 0
58 3412.534394045 868982.542048618 1.36022658683759 525529945.980084 615104932.426843 318525269.060328 442541951.896984 95397378.2835282 57957020.4605153 53127.6580848607 453587.465605956 1308205063.20508 1466691685.63991 781764872.728984 1073371755.31508 219293636.195533 147520600.478162 0 0
59 3412.534394045 868982.730309119 1.36026817053907 521659267.10946 610574508.074487 316179239.042167 439282503.418976 94694749.2149862 57530150.3721087 53127.6580848607 453587.465605956 1312075742.07571 1471222109.99226 784110902.747144 1076631203.79309 219996265.264075 147947470.566568 0 0
60 3412.534394045 868982.406376226 1.36030616807446 517817073.829525 606077424.595413 313850474.225558 436047042.287457 93997291.0233681 57106421.7601775 53127.6580848607 453587.465605956 1315917935.35564 1475719193.47134 786439667.563754 1079866664.9246 220693723.455693 148371199.178499 0 0
61 3412.534394045 868981.967869269 1.36034075454578 514003184.364206 601613469.23037 311538864.435479 432835415.431153 93304970.7115806 56685814.5779104 53127.6580848607 453587.465605956 1319731824.82096 1480183148.83638 788751277.353833 1083078291.78091 221386043.76748 148791806.360766 0 0
62 3412.534394045 868981.950389133 1.36037225549791 510217381.476554 597182387.715029 309244278.003968 429647439.917647 92617748.8454572 56268304.8677645 53127.6580848607 453587.465605956 1323517627.70861 1484614230.35172 791045863.785344 1086266267.29441 222073265.633604 149209316.070912 0 0
63 3412.534394045 868982.032455785 1.36040093828264 506459465.588144 592783946.453427 306966593.965945 426482947.684535 91935589.1963133 55853870.6196318 53127.6580848607 453587.465605956 1327275543.59702 1489012671.61332 793323547.823367 1089430759.52753 222755425.282748 149623750.319045 0 0
64 3412.534394045 868981.966135067 1.36042706576877 502729221.774483 588417893.887843 304705682.055034 423341757.74669 91258452.7497538 55442488.1309939 53127.6580848607 453587.465605956 1331005787.41068 1493378724.17891 795584459.734278 1092571949.46537 223432561.729307 150035132.807683 0 0
65 3412.534394045 868981.939882303 1.36045086024914 499026450.523364 584083996.499819 302461421.34629 420223702.097469 90586303.2891144 55034135.3990454 53127.6580848607 453587.465605956 1334708558.6618 1497712621.56693 797828720.443022 1095690005.11459 224104711.189947 150443485.539631 0 0
66 3412.534394045 868981.933845818 1.36047252160352 495350958.567141 579782028.079823 300233694.699615 417128617.988692 89919105.7312816 54628791.10965 53127.6580848607 453587.465605956 1338384050.61803 1502014589.98693 800056447.089697 1098785089.22337 224771908.747779 150848829.829027 0 0
67 3412.534394045 868981.929916763 1.36049225011072 491702532.779684 575511739.175026 298022372.938628 414056325.949614 89256821.3883099 54226431.7586183 53127.6580848607 453587.465605956 1342032476.40548 1506284878.89173 802267768.850684 1101857381.26245 225434193.090751 151251189.180059 0 0
68 3412.534394045 868981.927304519 1.36051018247828 488081005.964684 571272934.09101 295827354.725145 411006685.186386 88599419.9097125 53827038.907039 53127.6580848607 453587.465605956 1345654003.22048 1510523683.97574 804462787.064167 1104907022.02568 226091594.569349 151650582.031638 0 0
69 3412.534394045 868981.925249198 1.36052651511549 484486149.175791 567065344.858217 293648501.2941 407979502.90626 87946859.7357617 53430587.3060215 53127.6580848607 453587.465605956 1349248860.00938 1514731273.20853 806641640.495212 1107934204.3058 226744154.743299 152047033.632655 0 0
70 3412.534394045 868981.923064071 1.36054141009434 480917753.69064 562888727.178187 291485686.138246 404974603.346837 87299102.9779098 53037053.9370364 53127.6580848607 453587.465605956 1352817255.49453 1518907890.88856 808804455.651067 1110939103.86523 227391911.501151 152440567.00164 0 0
71 3412.534394045 868981.920212676 1.3605549686179 477375641.073407 558742872.201248 289338801.107094 401991836.249624 86656117.2454052 52646419.1216452 53127.6580848607 453587.465605956 1356359368.11176 1523053745.8655 810951340.682218 1113921870.96244 228034897.233656 152831201.817032 0 0
72 3412.534394045 868981.916086759 1.36056732417445 473859616.498301 554627551.894147 287207728.116154 399031037.55435 86017867.1722909 52258661.3738749 53127.6580848607 453587.465605956 1359875392.68687 1527169066.1726 813082413.673158 1116882669.65771 228673147.30677 153218959.564802 0 0
