"Time" "IECs" "pheme_e" "BiomassCD" "pro_L_e" "leu_L_e" "ile_L_e" "val_L_e" "trp_L_e" "cys_L_e" "Drug" "Damage" "pro_L_v" "leu_L_v" "ile_L_v" "val_L_v" "trp_L_v" "cys_L_v" "CD" "pheme_c"
0 457000 1e+05 0.4963 224235600.199112 195370466.451958 120509812.093413 157438605.791629 18978882.6152 31300034.1459915 0 0 0 0 0 0 0 0 45700000 1000
1 286646.906312062 180702.134195955 0.594123778245816 524184403.713297 579484776.591699 311850930.007692 426506756.008145 85573567.703384 59504216.5337561 0 170353.093687938 309964992.052458 324384206.508393 179930066.308411 243505469.49908 44474879.2387729 37211405.5884037 48532264.0458764 1046.82475141836
2 174075.152570966 322117.852721073 0.697811952587964 640052157.793406 726015456.368743 385187274.236638 529500499.959518 110587220.755858 70707349.9583016 0 282924.847429034 596594029.375362 646039450.540565 351604592.908892 478990908.622393 92856625.6248648 69235825.6004389 52252902.2630631 1631.03924672799
3 101355.925986981 443411.815924729 0.80352893114112 703084532.475951 804727866.146695 424681553.033287 584972230.676724 123743746.96349 77043223.7993421 0 355644.074013019 792894047.06613 869766304.125411 469974749.891625 641878273.080338 127110979.593303 90824134.7676487 57057136.1992773 1983.40286619321
4 55918.2012924808 527576.503630978 0.907130676687119 744007214.497971 855752915.870255 450102189.898921 620844669.64148 132109887.575812 81334065.2447156 0 401081.798707519 913130725.153545 1007716751.40628 542659856.067716 742062403.642846 148367432.150185 103981379.604963 63165457.45634 2114.39825307612
5 28821.3062891188 576318.645110171 1.00479455093675 771468655.882933 890694893.440172 467062464.857804 645109884.076266 137758531.505336 84362219.7194439 0 428178.693710881 980614735.4471 1085470760.15534 583501066.931492 798429947.424955 160382284.852897 111358432.811526 70824625.4361476 2102.10840644883
6 13648.1596153062 596534.804046281 1.09354974185811 788552069.951164 913842001.458892 477579683.320336 660677483.100276 141463890.399793 86407302.2419808 0 443351.840384694 1015167771.35431 1125428769.15301 604423980.927891 827348156.345146 166565108.779191 115139838.611733 80308688.1673311 2010.95443339517
7 5822.87729658521 595781.37278255 1.17156383586892 797249815.256891 927893665.463267 482932327.0799 669388784.918006 143696640.6264 87664267.1973764 0 451177.122703415 1031097396.55072 1143922454.31219 614072457.140017 840706500.108624 169428530.442794 116887782.066726 91917624.8417199 1882.74598831631
8 2188.13307321915 580657.028983625 1.23815238903269 799578297.133058 935430821.527854 484381078.132602 673036676.601177 144885269.879547 88344028.8529183 9737.47760380151 454811.866926781 1037596331.61967 1151502199.47259 618009325.379601 846168723.954172 170602444.764897 117603762.192957 105972254.566102 1741.81307334858
9 2067.03491159423 740531.460389283 1.25089605416975 796376732.266447 931681342.008794 482442842.307369 670341074.92557 144313240.485098 87993632.9287542 3998.20648958989 454932.965088406 1041188422.40868 1155704588.98001 620185403.634693 849192325.889614 171253372.421385 118000659.811185 87265.4375559672 291.997357571413
10 2066.47572169987 815597.58597046 1.26260463297955 792821148.9376 927521645.910001 480288885.481989 667348199.700686 143668963.861087 87600783.9679323 3645.32476002201 454933.5242783 1044745801.78891 1159866367.96483 622340454.334541 852186709.593412 171898013.360908 118393723.500926 4755.09371097024 31.4248833809106
11 2066.44232839843 847710.683767621 1.27334316648867 789280076.738058 923378943.632691 478143713.967348 664367542.187247 143027280.257471 87209523.054061 3610.66669063057 454933.557671602 1048286981.18424 1164009194.55681 624485691.136337 855167457.139015 172539718.720377 118784997.237825 315.224489211393 2.97395097451055
12 2066.44009443911 861430.273386477 1.28317603865592 785754740.786334 919254652.217563 476008075.103161 661400130.667412 142388446.078189 86819999.963047 3607.51749702161 454933.559905561 1051812324.30405 1168133494.28471 626621334.366225 858134874.679212 173178554.355087 119174521.18668 21.3098523415301 0.254497333330993
13 2066.43994324101 867290.481116865 1.29216624952406 782245145.501288 915148775.880336 473881971.870085 658445968.687427 141752464.15566 86432216.0360816 3607.25398064236 454933.560056759 1055321920.07407 1172239371.18436 628747437.894677 861089037.066522 173814536.376121 119562305.171705 1.44479319816008 0.0204471143378832
14 2066.43993298546 869793.538616455 1.30037484303557 778751225.560505 911061238.136597 471765364.716262 655505001.251319 141119322.788847 86046164.1128016 3607.23310128583 454933.560067015 1058815840.04774 1176326908.96624 630864045.068529 864030004.530251 174447677.749616 119948357.098923 0.09808655620561 0.00157718493758561
15 2066.43993228897 870862.658421559 1.30786047247879 775272911.286951 906991957.466857 469658211.432909 652577169.708453 140489009.360654 85661836.4983101 3607.23150564704 454933.560067711 1062294154.32353 1180396189.63857 632971198.353242 866957836.074992 175077991.178263 120332684.713682 0.00666662508601466 0.00011832326868004
16 2066.43993224162 871319.306365524 1.31467908597307 771810133.000366 902940852.351871 467560469.808007 649662415.406208 139861511.244787 85279225.4937262 13344.7089905194 454933.560067759 1065756932.61027 1184447294.75373 635068939.978237 869872590.377365 175705489.294161 120715295.718285 0.00045358874328848 8.7026343041766e-06
17 2066.4399322415 871514.903158807 1.31943853539711 768362820.928293 898907841.164811 465472097.573601 646760679.61441 139236815.79766 84898323.3897355 13344.7089817814 454933.560067759 1069204244.68234 1188480305.94079 637157312.212644 872774326.169162 176330184.741288 121096197.822276 -4.39223981696987e-07 -1.81254177391534e-08
18 2066.4399322415 871597.418136037 1.32378635411598 764930906.603365 894892843.805677 463393053.252342 643871904.701424 138614910.612143 84519122.6212084 13344.7089816342 454933.560067759 1072636159.00727 1192495303.29993 639236356.533902 875663101.082149 176952089.926805 121475398.590803 -4.27842477263806e-07 -1.65244383635504e-07
19 2066.4399322415 871632.50863539 1.32775565595517 761514321.335859 890895779.914351 461323295.232187 640996032.848458 137995783.240814 84141615.5984468 13344.7089816166 454933.560067759 1076052744.27478 1196492367.19125 641306114.554057 878538972.935115 177571217.298135 121852905.613564 -4.23631916698862e-07 -1.82882478355245e-07
20 2066.4399322415 871647.963303172 1.33137757574538 758112996.182111 886916568.833626 459262781.747253 638133006.022967 137379421.190229 83765794.7036934 13344.7089816205 454933.560067759 1079454069.42852 1200471578.27198 643366628.038992 881401999.760605 178187579.348719 122228726.508318 -4.23987995566898e-07 -1.79014435626261e-07
21 2066.4399322415 871654.533222228 1.33468067867305 754726863.147948 882955131.017102 457211471.606855 635282766.991627 136765812.139007 83391652.4241024 13344.7089816208 454933.560067759 1082840202.46269 1204433016.0885 645417938.17939 884252238.791945 178801188.399941 122602868.787909 -4.24133714366157e-07 -1.78692315484156e-07
22 2066.4399322415 871657.379298907 1.33769163419113 751355854.382264 879011387.085755 455169323.706978 632445258.641541 136154943.79169 83019181.2626362 13344.7089816207 454933.560067759 1086211211.22837 1208376760.01985 647460086.079266 887089747.142031 179412056.747258 122975339.949375 -4.24147302207431e-07 -1.78874396986875e-07
23 2066.4399322415 871658.657980343 1.34043507880157 747999902.333518 875085258.011022 453136297.125084 629620424.111966 135546803.907108 82648373.7553564 13344.7089816206 454933.560067759 1089567163.27712 1212302889.09458 649493112.66116 889914581.671607 180020196.63184 123346147.456655 -4.2413686768602e-07 -1.78964480689437e-07
24 2066.4399322415 871659.215202969 1.34293372564524 744658939.762072 871176665.129234 451112351.127584 626808206.804699 134941380.300607 82279222.4727879 23082.1865854221 454933.560067759 1092908125.84856 1216211481.97637 651517058.65866 892726798.978874 180625620.238341 123715298.739223 0 0
25 2066.4399322415 871659.538104445 1.34475883457045 741332905.080718 867285536.389503 449097448.405115 624008554.879409 134338661.811827 81911720.6100066 23082.1865854221 454933.560067759 1096234160.52991 1220102610.7161 653531961.381129 895526450.904164 181228338.72712 124082800.602004 0 0
26 2066.4399322415 871659.654657725 1.34642236330805 738021719.85445 863411780.030696 447091541.441965 621221402.314318 133738634.227379 81545859.5005331 23082.1865854221 454933.560067759 1099545345.75618 1223976367.07491 655537868.344279 898313603.469255 181828366.311569 124448661.711478 0 0
27 2066.4399322415 871659.712157578 1.34793955840791 734725319.613687 859555320.629837 445094591.182638 618446694.842891 133141285.864578 81181632.0209627 23082.1865854221 454933.560067759 1102841745.99694 1227832826.47577 657534818.603606 901088310.940682 182425714.67437 124812889.191048 0 0
28 2066.4399322415 871659.744353016 1.34931971759779 731443654.443922 855716099.791932 443106567.389062 615684390.450156 132546607.678301 80819032.6561171 23082.1865854221 454933.560067759 1106123411.16671 1231672047.31367 659522842.397183 903850615.333417 183020392.860647 125175488.555894 0 0
29 2066.4399322415 871659.827152657 1.35057836634837 728176642.502878 851894021.769683 441127420.481409 612934420.246307 131954584.837719 80458052.3630392 23082.1865854221 454933.560067759 1109390423.10775 1235494125.33592 661501989.304835 906600585.537266 183612415.701229 125536468.848972 0 0
30 2066.4399322415 871659.954841897 1.35172527669458 724924221.133006 848089013.260007 439157112.501906 610196731.490063 131365205.98851 80098684.21854 23082.1865854221 454933.560067759 1112642844.47763 1239299133.8456 663472297.284338 909338274.29351 184201794.550438 125895836.993471 0 0
31 2066.4399322415 871660.111877439 1.3527702306879 721686326.73834 844300999.861972 437195604.924293 607471270.650243 130778459.606303 79740921.195743 23082.1865854221 454933.560067759 1115880738.87229 1243087147.24363 665433804.861951 912063735.13333 184788540.932645 126253600.016268 0 0
32 2066.4399322415 871660.207844005 1.35372177071559 718462894.550082 840529905.802545 435242858.511809 604757983.208446 130194333.954192 79384756.1381821 32819.6641892236 454933.560067759 1119104171.06055 1246858241.30306 667386551.274435 914777022.575127 185372666.584756 126609765.073829 0 0
33 2066.4399322415 871659.956067095 1.35442793550659 715253867.268989 836775664.047326 433298838.552727 602056820.933684 129612818.648848 79030182.7147211 32819.6641892236 454933.560067759 1122313198.34164 1250612483.05828 669330571.233517 917478184.849889 185954181.8901 126964338.49729 0 0
34 2066.4399322415 871659.884291546 1.35507127275862 712059158.598374 833038173.637804 431363492.76875 599367711.186702 129033898.052247 78677191.3902239 32819.6641892236 454933.560067759 1125507907.01226 1254349973.4678 671265917.017493 920167294.596871 186533102.486701 127317329.821787 0 0
35 2066.4399322415 871659.878431744 1.35565709955728 708878721.924865 829317380.040983 429436792.921627 596690614.731223 128457563.717472 78325777.0142629 32819.6641892236 454933.560067759 1128688343.68577 1258070767.06462 673192616.864617 922844391.05235 187109436.821476 127668744.197748 0 0
36 2066.4399322415 871659.856390969 1.35619080062634 705712489.587385 825613204.100154 427518698.022459 594025474.614303 127883803.383502 77975932.110797 32819.6641892236 454933.560067759 1131854576.02325 1261774943.00545 675110711.763785 925509531.16927 187683197.155446 128018589.101214 0 0
37 2066.4399322415 871659.802381855 1.35667554013429 702560414.835063 821925591.121462 425609179.7497 591372251.483928 127312608.578502 77627651.5142061 32819.6641892236 454933.560067759 1135006650.77557 1265462555.98414 677020230.036544 928162754.299645 188254391.960446 128366869.697805 0 0
38 2066.4399322415 871659.65312535 1.35711736726455 699422415.448356 818254444.916243 423708188.294972 588730876.132731 126743964.403277 77280926.1398477 32819.6641892236 454933.560067759 1138144650.16228 1269133702.18936 678921221.491273 930804129.650842 188823036.135671 128713595.072163 0 0
39 2066.4399322415 871659.38645522 1.35752037349216 696298425.657601 814599688.540557 421815683.815194 586101293.199845 126177858.939554 76935748.7206679 32819.6641892236 454933.560067759 1141268639.95303 1272788458.56505 680813725.97105 933433712.583728 189389141.599394 129058772.491343 0 0
40 2066.4399322415 871659.01094985 1.35788736857766 693188389.336473 810961256.332201 419931632.309193 583483455.441574 125614282.016551 76592113.0551292 42557.1417930251 454933.560067759 1144378676.27416 1276426890.7734 682697777.477051 936051550.341999 189952718.522397 129402408.156882 0 0
41 2066.4399322415 871659.447973043 1.35816154385664 690092253.301805 807339086.072176 418056001.558751 580877318.09159 125053223.996822 76250013.2668908 42557.1417930251 454933.560067759 1147474812.30883 1280049061.03343 684573408.227493 938657687.691983 190513776.542126 129744507.94512 0 0
42 2066.4399322415 871659.493128011 1.35841119928899 687009926.254498 803733070.949643 416188736.255121 578282804.299913 124494668.335845 75909439.2680876 42557.1417930251 454933.560067759 1150557139.35613 1283655076.15596 686440673.531123 941252201.48366 191072332.203104 130085081.943924 0 0
43 2066.4399322415 871659.345120514 1.35863875692702 683941359.689447 800143154.218472 414329807.014046 575699873.237922 123938606.243896 75570385.6992699 42557.1417930251 454933.560067759 1153625705.92119 1287244992.88713 688299602.772198 943835132.545651 191628394.295052 130424135.512741 0 0
44 2066.4399322415 871659.13493013 1.35884576463366 680886505.887484 796569280.051996 412479184.927384 573128484.738551 123385029.073675 75232847.2878277 42557.1417930251 454933.560067759 1156680559.72315 1290818867.05361 690150224.85886 946406521.045022 192181971.465273 130761673.924184 0 0
45 2066.4399322415 871659.052220503 1.35903435418482 677845294.207375 793011365.807018 410636827.200866 570568579.340339 122833924.024118 74896816.2284348 42557.1417930251 454933.560067759 1159721771.40326 1294376781.29858 691992582.585378 948966426.443234 192733076.51483 131097704.983576 0 0
46 2066.4399322415 871659.274598112 1.35920589339726 674817674.596948 789469352.927492 408802703.513026 568020114.912444 122285282.025156 74562286.9907024 42557.1417930251 454933.560067759 1162749391.01368 1297918794.17811 693826706.273218 951514890.871129 193281718.513792 131432234.221309 0 0
47 2066.4399322415 871659.61291094 1.35936212095518 671803577.912294 785943160.521942 406976771.976671 565483033.253762 121739090.547059 74229251.9347473 42557.1417930251 454933.560067759 1165763487.69834 1301444986.58366 695652637.809573 954051972.529812 193827909.991889 131765269.277264 0 0
48 2066.4399322415 871659.760316981 1.3595043877763 668802943.952393 782432718.161181 405158996.122189 562957283.690768 121195338.680661 73897704.4088088 52294.6193968266 454933.560067759 1168764121.65824 1304955428.94442 697470413.664056 956577722.092805 194371661.858287 132096816.803202 0 0
49 2066.4399322415 871659.768060807 1.35961081244856 665815727.758427 778937973.247877 403349348.713649 560442828.379889 120654018.278869 73567639.445275 52294.6193968266 454933.560067759 1171751337.85221 1308450173.85772 699280061.072596 959092177.403684 194912982.260079 132426881.766736 0 0
50 2066.4399322415 871659.766598758 1.35970790737045 662841811.876287 775458788.372443 401547758.597674 557939568.455463 120115108.057551 73239044.0663488 52294.6193968266 454933.560067759 1174725253.73435 1311929358.73316 701081651.188571 961595437.32811 195451892.481398 132755477.145662 0 0
51 2066.4399322415 871659.756397438 1.3597960752939 659881195.050761 771995162.066403 399754225.01386 555447502.860928 119578607.789246 72911918.1333384 52294.6193968266 454933.560067759 1177685870.55987 1315392985.0392 702875184.772386 964087502.922645 195988392.749702 133082603.078672 0 0
52 2066.4399322415 871659.738893669 1.35987656257313 656933783.82625 768546984.996033 397968691.347059 552966552.931096 119044500.538649 72586251.320102 52294.6193968266 454933.560067759 1180633281.78438 1318841162.10957 704660718.439186 966568452.852477 196522500.000299 133408269.891909 0 0
53 2066.4399322415 871659.713131705 1.35994906401067 653999607.137788 765114291.012434 396191175.126037 550496743.021702 118512791.549143 72262046.8237434 52294.6193968266 454933.560067759 1183567458.47285 1322273856.09317 706438234.660208 969038262.761871 197054208.989805 133732474.388267 0 0
54 2066.4399322415 871659.686437445 1.36001627915359 651078420.348006 761696793.914292 394421528.150145 548037867.21202 117983436.489423 71939277.6136701 52294.6193968266 454933.560067759 1186488645.26263 1325691353.19131 708207881.6361 971497138.571553 197583564.049525 134055243.598341 0 0
55 2066.4399322415 871659.654690712 1.36007686446498 648170344.496418 758294635.305765 392659823.744788 545590027.385685 117456457.29334 71617957.0638397 52294.6193968266 454933.560067759 1189396721.11421 1329093511.79984 709969586.041457 973944978.397888 198110543.245608 134376564.148171 0 0
56 2066.4399322415 871659.609548658 1.36013159787047 645275293.344132 754907714.295949 390906009.666682 543153150.95209 116931838.333343 71298075.6455019 52294.6193968266 454933.560067759 1192291772.2665 1332480432.80965 711723400.119563 976381854.831483 198635162.205605 134696445.566509 0 0
57 2066.4399322415 871659.544135911 1.3601812385451 642393184.637877 751535934.656726 389160036.08702 540727168.675477 116409564.704126 70979624.2702878 52294.6193968266 454933.560067759 1195173880.97275 1335852212.44887 713469373.699225 978807837.108096 199157435.834822 135014896.941723 0 0
58 2066.4399322415 871659.45424555 1.36022651156792 639523943.371823 748179208.638757 387421857.567474 538312017.420541 115889622.813707 70662594.6506162 52294.6193968266 454933.560067759 1198043122.23881 1339208938.46684 715207552.218771 981222988.363032 199677377.725241 135331926.561395 0 0
59 2066.4399322415 871659.355214948 1.36026810279124 636667496.602326 744837450.905257 385691429.918985 535907635.787799 115371999.4438 70346978.7267622 52294.6193968266 454933.560067759 1200899569.00831 1342550696.20034 716937979.86726 983627369.995774 200195001.095148 135647542.485249 0 0
60 2066.4399322415 871659.522039697 1.36030611040989 633823802.031081 741510611.97143 383968727.517356 533513988.173131 114856686.92943 70032771.8250806 52294.6193968266 454933.560067759 1203743263.57955 1345877535.13417 718660682.268889 986021017.610442 200710313.609518 135961749.38693 0 0
61 2066.4399322415 871659.752284678 1.36034070585953 630992810.183118 738198633.956495 382253720.390783 531131032.931544 114343676.305122 69719968.4789587 52294.6193968266 454933.560067759 1206574255.42752 1349189513.14911 720375689.395461 988403972.852029 201223324.233826 136274552.733052 0 0
62 2066.4399322415 871659.763445104 1.36037221521518 628174461.905491 734901447.657408 380546372.704576 528758720.271718 113832956.851633 69408562.1524399 52294.6193968266 454933.560067759 1209392603.70514 1352486699.44819 722083037.081669 990776285.511855 201734043.687315 136585959.059571 0 0
63 2066.4399322415 871659.719682615 1.36040090504993 625368702.903882 731618989.555235 378846651.567383 526397004.492026 113324518.730164 69098546.8464098 52294.6193968266 454933.560067759 1212198362.70675 1355769157.55036 723782758.218862 993138001.291546 202242481.808784 136895974.365601 0 0
64 2066.4399322415 871659.754241964 1.3604270393062 622575474.130331 728351190.569752 377154521.208112 524045835.889519 112818351.240496 68789916.0365121 52294.6193968266 454933.560067759 1214991591.4803 1359036956.53585 725474888.578133 995489169.894054 202748649.298452 137204605.175499 0 0
65 2066.4399322415 871659.768147208 1.3604508399353 619794720.869363 725097986.689314 375469948.480278 521705168.408067 112314444.46751 68482663.6770974 52294.6193968266 454933.560067759 1217772344.74127 1362290160.41629 727159461.305966 997829837.375505 203252556.071438 137511857.534913 0 0
66 2066.4399322415 871659.771339116 1.3604725117102 617026388.448159 721859313.952176 373792900.263237 519374956.027446 111812788.503818 68176783.7272298 52294.6193968266 454933.560067759 1220540677.16247 1365528833.15342 728836509.523008 1000160049.75613 203754212.03513 137817737.484781 0 0
67 2066.4399322415 871659.773364085 1.3604922521954 614270418.942809 718635104.593142 372123341.466841 517055149.990861 111313372.852893 67872269.7867521 52294.6193968266 454933.560067759 1223296646.66782 1368753042.51246 730506068.319403 1002479855.79271 204253627.686055 138122251.425259 0 0
68 2066.4399322415 871659.774383958 1.36051023444143 611526756.657505 715425293.453675 370461238.350723 514745703.416999 110816187.421968 67569115.7016955 52294.6193968266 454933.560067759 1226040308.95313 1371962853.65193 732168171.435522 1004789302.36657 204750813.11698 138425405.510315 0 0
69 2066.4399322415 871659.774541605 1.36052657783949 608795361.06966 712229833.12639 368806566.366411 512446582.196433 110321224.867851 67267316.9946186 52294.6193968266 454933.560067759 1228771704.54097 1375158313.97921 733822843.419834 1007088423.58714 205245775.671097 138727204.217392 0 0
70 2066.4399322415 871659.774619408 1.3605415218097 606076139.516361 709048615.204925 367159269.378964 510157708.331207 109828468.398879 66966863.426965 52294.6193968266 454933.560067759 1231490926.09427 1378339531.90068 735470140.407281 1009377297.45237 205738532.140069 139027657.785046 0 0
71 2066.4399322415 871659.77532217 1.36055505431527 603369089.231528 705881636.45324 365519345.712698 507879079.493005 109337917.513805 66667754.6931035 52294.6193968266 454933.560067759 1234197976.37911 1381506510.65236 737110064.073547 1011655926.29057 206229083.025143 139326766.518907 0 0
72 2066.4399322415 871659.778634937 1.36056730838247 600674142.3647 702728817.493068 363886754.263992 505610638.569473 108849559.917289 66369983.2960678 52294.6193968266 454933.560067759 1236892923.24593 1384659329.61253 738742655.522254 1013924367.2141 206717440.621659 139624537.915943 0 0
