"Time" "IECs" "pheme_e" "BiomassCD" "pro_L_e" "leu_L_e" "ile_L_e" "val_L_e" "trp_L_e" "cys_L_e" "Drug" "Damage" "pro_L_v" "leu_L_v" "ile_L_v" "val_L_v" "trp_L_v" "cys_L_v" "CD" "pheme_c"
0 457000 1e+05 0.4963 224235600.199112 195370466.451958 120509812.093413 157438605.791629 18978882.6152 31300034.1459915 0 0 0 0 0 0 0 0 45700000 1000
1 410898.174351628 112895.668872067 0.59412377807317 195063999.319682 201235322.572082 112498181.874652 151849387.229799 26995276.1057062 23762005.3790823 0 46101.8256483725 194121787.791548 185872636.751457 108429495.079508 144265723.521384 22041738.6966897 25241129.8158842 48532264.0497868 662.053844238125
2 366733.953386202 153648.731691221 0.697811977533871 191369041.481839 211502225.710819 113803652.502361 155666937.27132 31195303.4548427 21760661.6620682 0 90266.0466137975 355782054.692125 359284728.607923 203284634.962408 273268419.156977 46636378.1016653 44201534.3836215 52252901.0376341 780.165807418893
3 324191.17464103 200902.676231923 0.803528942571743 198225577.647809 225354857.073461 119393437.81364 164216872.854667 34399785.7268812 21863626.5684611 0 132808.82535897 501005057.405114 522367514.046454 290270188.724835 392622369.538462 71169214.5724179 60434996.5153749 57057135.8864425 898.601152224114
4 283083.580790476 247792.836157482 0.907130521444613 210900386.066898 242753027.875015 127721197.50496 176118555.790601 37574214.5623499 22960835.534783 0 173916.419209524 635155654.517753 675935826.069352 371318259.157588 504254519.480151 94796150.0867226 75123103.5876657 63165471.6789002 992.276355358708
5 243384.351986883 291719.982731037 1.00479447880446 227800711.5263 263820861.815345 138294403.837438 190969666.734871 41085482.8694427 24668162.3693598 0 213615.648013117 759878613.824581 819977084.723167 446953633.177055 608629222.61129 117167708.188952 88660280.6136688 70824637.3358659 1063.02014976524
6 205248.77882886 331212.545960545 1.09354967394369 248284654.671832 288608413.641684 150906152.61654 208603554.401863 45075365.2510374 26837677.8833456 0 251751.221171141 875202487.070844 953795381.661047 517010165.589982 705421042.216766 138040767.699839 101134825.192364 80308699.5047835 1115.55207886984
7 169021.599241211 365003.157263032 1.17156378107521 271883635.392449 316949782.473523 165347168.572636 228797573.011271 49573151.8981842 29390989.8713646 0 287978.40075879 980287106.695485 1076122852.73424 580900647.828997 793782804.669647 157161140.279992 112492750.166002 91917704.1209082 1152.60898738085
8 135218.288628352 391837.997690805 1.23815292550549 297965864.794523 348346404.605014 181266388.332409 251119806.023284 54524992.8788406 32254218.3582429 9737.47760380151 321781.711371648 1073824324.85758 1185314199.44163 637795381.520916 872553945.401744 174246420.217704 122609992.954461 105972352.128926 1174.72955038012
9 134042.937071999 524828.17963983 1.25089653447204 226037045.668108 264219655.544705 137504941.015997 190484093.4272 41359404.5476547 24464638.4399662 7590.68798990665 322957.062928001 1149964428.6104 1274316590.88109 684113690.37535 936718350.44929 188178299.331056 130850907.870378 1.41614128424323 29.9968907243918
10 134042.937044113 582080.477864854 1.2626050611766 169071453.385706 197631326.510196 102851106.359848 142478514.64936 30936055.7131389 18299088.8301379 7561.18157872352 322957.062955888 1206930020.99272 1340904920.03135 718767525.0922 984723929.310904 198601648.183754 137016457.490914 3.32177322559106e-07 0.490704850825722
11 134042.937044113 605497.687326447 1.27334354653453 126462263.090028 147824510.332604 76930690.6110694 106571245.727442 23139587.0693656 13687373.8268836 7560.69893176723 322957.062955888 1249539211.2884 1390711736.20894 744687940.840979 1020631198.23282 206398116.827527 141628172.494169 3.03105223834656e-08 0.008057894652967
12 134042.937044113 615075.744020173 1.28317637435683 94591391.123815 110569949.74543 57542707.7391176 79713284.7447166 17307975.3393606 10237897.8477945 7560.6910061281 322957.062955888 1281410083.25462 1427966296.79611 764075923.712931 1047489159.21555 212229728.557532 145077648.473258 -2.51414056647081e-08 0.000132255591402247
13 134042.937044113 618993.274564865 1.29216654442755 70752598.3181952 82704262.4858052 43040873.3652937 59624051.9265068 12946043.1053826 7657756.85759368 7560.69087603826 322957.062955888 1305248876.06024 1455831984.05574 778577758.086755 1067578392.03376 216591660.79151 147657789.463459 -2.60479336993241e-08 2.16575105947244e-06
14 134042.937044113 620595.792407126 1.30037510067966 52921588.0159034 61861203.8352143 32193748.6710926 44597648.523135 9683392.21378094 5727855.41699763 7560.69087382786 322957.062955888 1323079886.36253 1476675042.70633 789424882.780956 1082604795.43713 219854311.683112 149587690.904054 -2.60479336993241e-08 -4.46463995822238e-08
15 134042.937044113 621251.144154209 1.30786069606046 39584335.2884596 46270996.8798555 24080308.0437792 33358187.8095975 7242992.10380413 4284326.26099803 7560.69087383691 322957.062955888 1336417139.08997 1492265249.66169 797538323.40827 1093844256.15067 222294711.793088 151031220.060054 -2.60479336993241e-08 -3.56001037097493e-08
16 134042.937044113 621519.168497966 1.31467927862083 29608354.3349477 34609854.1523176 18011627.2727401 24951310.5990249 5417624.80263709 3204597.19982045 17298.1684776684 322957.062955888 1346393120.04348 1503926392.38923 803607004.179309 1102251133.36124 224120079.094255 152110949.121232 0 0
17 134042.937044113 621628.807478466 1.31943850698388 22146540.2243094 25887576.1371537 13472387.6710087 18663151.5409253 4052290.25073508 2396983.6346076 17298.1684776684 322957.062955888 1353854934.15412 1512648670.40439 808146243.781041 1108539292.41934 225485413.646157 152918562.686445 0 0
18 134042.937044113 621673.661373467 1.3237862799182 16565183.8378155 19363406.3598198 10077085.4609431 13959676.4612961 3031034.74798884 1792897.40796289 17298.1684776684 322957.062955888 1359436290.54061 1519172840.18173 811541545.991106 1113242767.49897 226506669.148903 153522648.91309 0 0
19 134042.937044113 621692.002139922 1.32775570451167 12390424.3646194 14483438.5354081 7537457.26229659 10441557.2469165 2267153.03368716 1341051.20380094 17298.1684776684 322957.062955888 1363611050.01381 1524052808.00614 814081174.189753 1116760886.71335 227270550.863205 153974495.117251 0 0
20 134042.937044113 621699.483749529 1.33137765589536 9267839.91326949 10833381.1490051 5637897.88020073 7810118.37544382 1695794.32929626 1003084.92321007 17298.1684776684 322957.062955888 1366733634.46516 1527702865.39254 815980733.571848 1119392325.58482 227841909.567596 154312461.397842 0 0
21 134042.937044113 621702.566227323 1.33468084591122 6932169.72598265 8103165.08851638 4217041.44321173 5841821.46705777 1268422.22363048 750288.632770894 17298.1684776684 322957.062955888 1369069304.65245 1530433081.45303 817401590.008837 1121360622.49321 228269281.673262 154565257.688282 0 0
22 134042.937044113 621703.826949433 1.33769191054634 5185132.82561875 6061015.37508421 3154267.83799531 4369572.79576009 948756.012686696 561201.813032284 17298.1684776684 322957.062955888 1370816341.55281 1532475231.16646 818464363.614054 1122832871.16451 228588947.884205 154754344.50802 0 0
23 134042.937044113 621704.34265942 1.34043550715799 3878382.16030934 4533525.88923932 2359333.21732384 3268358.54532361 709651.713435367 419768.436643268 17298.1684776684 322957.062955888 1372123092.21812 1534002720.65231 819259298.234725 1123934085.41494 228828052.183457 154895777.884409 0 0
24 134042.937044113 621704.553562654 1.342934417333 2900957.95137853 3390993.314367 1764737.50492942 2444671.59710126 530806.324829919 313979.008175124 27035.6460814699 322957.062955888 1373100516.42705 1535145253.22718 819853893.94712 1124757772.36316 229006897.572062 155001567.312877 0 0
25 134042.937044113 621704.639840334 1.3447587493883 2169866.73984947 2536404.77773915 1319993.35415794 1828572.38102468 397034.017333085 234850.907275777 27035.6460814699 322957.062955888 1373831607.63858 1535999841.76381 820298638.097892 1125373871.57924 229140669.879559 155080695.413776 0 0
26 134042.937044113 621704.675137253 1.34642211991699 1623018.31397063 1897181.67033558 987329.474558645 1367736.74084235 296973.75860309 175663.932056789 27035.6460814699 322957.062955888 1374378456.06446 1536639064.87121 820631301.977491 1125834707.21942 229240730.138289 155139882.388995 0 0
27 134042.937044113 621704.689569827 1.34793837660271 1213985.09397592 1419053.77685924 738502.612472036 1023039.6056368 222130.405518442 131393.092259339 27035.6460814699 322957.062955888 1374787489.28445 1537117192.76469 820880128.839577 1126179404.35462 229315573.491374 155184153.228793 0 0
28 134042.937044113 621704.695457294 1.34932023819743 908041.498779269 1061429.60468113 552388.182037114 765217.317265858 166150.00246075 98279.9385399868 27035.6460814699 322957.062955888 1375093432.87965 1537474816.93687 821066243.270012 1126437226.643 229371553.894431 155217266.382512 0 0
29 134042.937044113 621704.697882974 1.35057937440231 679197.941125456 793929.355781871 413175.957757458 572368.142974988 124277.072954309 73511.5432499871 27035.6460814699 322957.062955888 1375322276.4373 1537742317.18577 821205455.494292 1126630075.81729 229413426.823938 155242034.777802 0 0
30 134042.937044113 621704.698875442 1.35172648312012 508027.328157379 593844.275639625 309047.871273824 428120.641702995 92956.9209523483 54985.2563512385 27035.6460814699 322957.062955888 1375493447.05027 1537942402.26591 821309583.580776 1126774323.31856 229444746.97594 155260561.064701 0 0
31 134042.937044113 621704.699280193 1.35277136438576 379994.705128375 444184.137165052 231161.884816693 320226.035070505 69529.9953548691 41127.9179594141 27035.6460814699 322957.062955888 1375621479.6733 1538092062.40438 821387469.567233 1126882217.92519 229468173.901537 155274418.403093 0 0
32 134042.937044113 621704.699445021 1.35372298964914 284228.865135544 332241.348402427 172904.72550623 239523.028364819 52007.123799048 30762.9061385023 36773.1236852714 322957.062955888 1375717245.51329 1538204005.19315 821445726.726543 1126962920.9319 229485696.773093 155284783.414914 0 0
33 134042.937044113 621704.699514001 1.35442839905034 212598.312742581 248510.826161135 129329.767018257 179159.114149331 38900.4359743666 23010.1257906549 36773.1236852714 322957.062955888 1375788876.06568 1538287735.71539 821489301.685031 1127023284.84612 229498803.460918 155292536.195262 0 0
34 134042.937044113 621704.699542221 1.35507110573583 159019.422143559 185881.286933879 96736.1619755947 134007.548960536 29096.7730175092 17211.1286278694 36773.1236852714 322957.062955888 1375842454.95628 1538350365.25462 821521895.290074 1127068436.4113 229508607.123874 155298335.192425 0 0
35 134042.937044113 621704.69955376 1.35565663031999 118943.333205136 139035.468437409 72356.7058145999 100234.954530441 21763.8016888995 12873.5784574353 36773.1236852714 322957.062955888 1375882531.04522 1538397211.07312 821546274.746235 1127102209.00573 229515940.095203 155302672.742595 0 0
36 134042.937044113 621704.699558467 1.35619001704062 88967.7172319812 103996.314108854 54121.6625537865 74974.1482025294 16278.9767393816 9629.23147604684 36773.1236852714 322957.062955888 1375912506.66119 1538432250.22744 821564509.789495 1127127469.81206 229521424.920153 155305917.089577 0 0
37 134042.937044113 621704.699560407 1.35667587273013 66546.1770765135 77787.2845264464 40481.9843875338 56079.2509651221 12176.3680403156 7202.48380932276 36773.1236852714 322957.062955888 1375934928.20135 1538458459.25703 821578149.467662 1127146364.7093 229525527.528852 155308343.837243 0 0
38 134042.937044113 621704.699561201 1.35711840317114 49775.2930224281 58183.4306765818 30279.76547326 41946.2284972101 9107.69504398091 5387.32287635595 36773.1236852714 322957.062955888 1375951699.0854 1538478063.11088 821588351.686576 1127160497.73177 229528596.201848 155310158.998176 0 0
39 134042.937044113 621704.699561522 1.35752144712676 37230.965237516 43520.0910609039 22648.6842624336 31374.9750166384 6812.38134396442 4029.61426349629 36773.1236852714 322957.062955888 1375964243.41319 1538492726.45049 821595982.767787 1127171068.98525 229530891.515548 155311516.706789 0 0
40 134042.937044113 621704.699561654 1.35788850745481 27848.0590774086 32552.2064546697 16940.7882213667 23467.8889532293 5095.53262759337 3014.07539001801 46510.6012890729 322957.062955888 1375973626.31935 1538503694.3351 821601690.663828 1127178976.07131 229532608.364264 155312532.245663 0 0
41 134042.937044113 621704.69956171 1.35816213873813 20829.870298252 24348.4918100722 12671.418874125 17553.5782120667 3811.37096263147 2254.47666814813 46510.6012890729 322957.062955888 1375980644.50813 1538511898.04975 821605960.033175 1127184890.38205 229533892.525929 155313291.844385 0 0
42 134042.937044113 621704.699561733 1.35841137864329 15580.3397276703 18212.200499835 9477.97600578668 13129.7366745093 2850.83169389487 1686.30490228265 46510.6012890729 322957.062955888 1375985894.0387 1538518034.34105 821609153.476044 1127189314.22359 229534853.065198 155313860.016151 0 0
43 134042.937044113 621704.699561742 1.35863839327054 11653.7811192074 13622.3601047198 7089.33564705099 9820.77926618108 2132.36483600849 1261.32219033371 46510.6012890729 322957.062955888 1375989820.59731 1538522624.18145 821611542.116402 1127192623.181 229535571.532056 155314284.998863 0 0
44 134042.937044113 621704.699561746 1.35884515798841 8716.84251345171 10189.308215053 5302.71005849693 7345.78634582201 1594.97490699159 943.448892629338 46510.6012890729 322957.062955888 1375992757.53591 1538526057.23334 821613328.741991 1127195098.17392 229536108.921985 155314602.87216 0 0
45 134042.937044113 621704.699561748 1.35903347377714 6520.03404713247 7621.41066290361 3966.32726473122 5494.50985305857 1193.01119434693 705.682004943885 46510.6012890729 322957.062955888 1375994954.34438 1538528625.13089 821614665.124784 1127196949.45041 229536510.885697 155314840.639048 0 0
46 134042.937044113 621704.699561747 1.35920498229406 4876.86324718963 5700.67231013934 2966.73844398115 4109.79037379223 892.350010005729 527.83691146943 46510.6012890729 322957.062955888 1375996597.51518 1538530545.86924 821615664.713605 1127198334.16989 229536811.546882 155315018.484142 0 0
47 134042.937044113 621704.699561757 1.35936117990525 3647.80024351535 4263.99363425064 2219.06349837412 3074.04443521263 667.46070554175 394.811893752433 46510.6012890729 322957.062955888 1375997826.57819 1538531982.54792 821616412.388551 1127199369.91583 229537036.436186 155315151.509159 0 0
48 134042.937044113 621704.699561756 1.3595034303945 2728.48571183068 3189.38673439476 1659.81760095612 2299.32719970634 499.248006114518 295.311842494479 56248.0788928744 322957.062955888 1375998745.89272 1538533057.15482 821616971.634449 1127200144.63306 229537204.648885 155315251.009211 0 0
49 134042.937044113 621704.699561752 1.35960970228334 2040.86049585141 2385.60655238012 1241.5150856104 1719.85729247921 373.428942249463 220.888191091058 56248.0788928744 322957.062955888 1375999433.51794 1538533860.935 821617389.936965 1127200724.10297 229537330.467949 155315325.432862 0 0
50 134042.937044113 621704.69956175 1.3597064908377 1526.52414046086 1784.38751656595 928.629248683629 1286.41995886244 279.317619332307 165.220090608182 56248.0788928744 322957.062955888 1375999947.85429 1538534462.15404 821617702.822802 1127201157.5403 229537424.579272 155315381.100963 0 0
51 134042.937044113 621704.699561749 1.35979464101226 1141.80938882514 1334.68601361409 694.596021628913 962.216284740672 208.923967701966 123.581308463298 56248.0788928744 322957.062955888 1376000332.56904 1538534911.85554 821617936.856029 1127201481.74397 229537494.972923 155315422.739745 0 0
52 134042.937044113 621704.699561749 1.35987492279507 854.055224165177 998.323865352166 519.546753391925 719.72244474636 156.271797916094 92.4368490355889 56248.0788928744 322957.062955888 1376000620.32321 1538535248.21769 821618111.905297 1127201724.23781 229537547.625093 155315453.884204 0 0
53 134042.937044113 621704.699561749 1.35994803773525 638.81722436666 746.727451151242 388.611187590311 538.338835075535 116.888361978147 69.1410223359213 56248.0788928744 322957.062955888 1376000835.56121 1538535499.8141 821618242.840863 1127201905.62142 229537587.008529 155315477.180031 0 0
54 134042.937044113 621704.699561749 1.36001462495155 477.82330917366 558.538136027318 290.673883786406 402.667357455038 87.4303036829664 51.7161886562371 56248.0788928744 322957.062955888 1376000996.55512 1538535688.00342 821618340.778167 1127202041.2929 229537616.466588 155315494.604865 0 0
55 134042.937044113 621704.699561749 1.36007526668709 357.402677448596 417.775820979802 217.418494106755 301.187465978721 65.3961914927834 38.6827179384383 56248.0788928744 322957.062955888 1376001116.97575 1538535828.76573 821618414.033556 1127202142.77279 229537638.5007 155315507.638335 0 0
56 134042.937044113 621704.699561749 1.36013049333223 267.330455083588 312.488426619337 162.624928800391 225.282538229291 48.9151165774735 28.9339427006394 56248.0788928744 322957.062955888 1376001207.04798 1538535934.05313 821618468.827121 1127202218.67772 229537654.981775 155315517.387111 0 0
57 134042.937044113 621704.699561749 1.36018078805753 199.958123603648 233.735432108255 121.640370544147 168.507077171252 36.5875819259988 21.6420418282171 56248.0788928744 322957.062955888 1376001274.42031 1538536012.80612 821618509.81168 1127202275.45318 229537667.309309 155315524.679012 0 0
58 134042.937044113 621704.699561749 1.36022659098514 149.564860105301 174.829642201571 90.9846755696424 126.040077640595 27.3668129793023 16.1878342329639 56248.0788928744 322957.062955888 1376001324.81357 1538536071.71191 821618540.467375 1127202317.92018 229537676.530078 155315530.133219 0 0
59 134042.937044113 621704.699561749 1.36026830300944 111.871680437901 130.769258565659 68.0548127608775 94.2755890538027 20.46985738541 12.1081931746323 56248.0788928744 322957.062955888 1376001362.50675 1538536115.7723 821618563.397237 1127202349.68467 229537683.427034 155315534.21286 0 0
60 134042.937044113 621704.699561749 1.36030628929442 83.6778856082952 97.8129140145782 50.903703377011 70.516344490577 15.3110633362235 9.0566978114934 56248.0788928744 322957.062955888 1376001390.70055 1538536148.72864 821618580.548347 1127202373.44391 229537688.585828 155315537.264356 0 0
61 134042.937044113 621704.699561749 1.36034088244184 62.58947045122 73.1622034538629 38.0750041090576 52.744887466223 11.4523848122224 6.77423809095267 56248.0788928744 322957.062955888 1376001411.78896 1538536173.37935 821618593.377046 1127202391.21537 229537692.444506 155315539.546815 0 0
62 134042.937044113 621704.699561749 1.36037238539638 46.8157339225257 54.723937195653 28.4793791770125 39.4521730187307 8.56616610241552 5.06700129762317 56248.0788928744 322957.062955888 1376001427.5627 1538536191.81762 821618602.972671 1127202404.50809 229537695.330725 155315541.254052 0 0
63 134042.937044113 621704.699561749 1.36040107407831 35.0172777374099 40.9324632363122 21.3020334591105 29.5094743623472 6.40732916949405 3.79002050952177 56248.0788928744 322957.062955888 1376001439.36116 1538536205.60909 821618610.150017 1127202414.45078 229537697.489562 155315542.531033 0 0
64 134042.937044113 621704.699561749 1.3604271997943 26.1922595844536 30.6167061459272 15.9335169975725 22.0725271249069 4.79256069272173 2.83486345683991 56248.0788928744 322957.062955888 1376001448.18617 1538536215.92485 821618615.518533 1127202421.88773 229537699.104331 155315543.48619 0 0
65 134042.937044113 621704.699561749 1.36045099142649 19.591311199217 22.9007129402407 11.9179671761782 16.5098298015448 3.58474409851897 2.12042386076548 56248.0788928744 322957.062955888 1376001454.78712 1538536223.64084 821618619.534083 1127202427.45043 229537700.312147 155315544.20063 0 0
66 134042.937044113 621704.699561749 1.3604726574316 14.653929172707 17.1292989028828 8.91441339002069 12.349039536208 2.68132059094013 1.58603682805145 56248.0788928744 322957.062955888 1376001459.7245 1538536229.41226 821618622.537637 1127202431.61122 229537701.215571 155315544.735017 0 0
67 134042.937044113 621704.699561749 1.36049238766213 10.9608601917802 12.8123896495557 6.66781159565963 9.23684660024452 2.00557678287233 1.18632536887546 56248.0788928744 322957.062955888 1376001463.41757 1538536233.72917 821618624.784239 1127202434.72341 229537701.891314 155315545.134728 0 0
68 134042.937044113 621704.699561749 1.36051035502284 8.19851510729974 9.58342395255324 4.98739634875002 6.90898570649644 1.50013331668616 0.887348829263613 56248.0788928744 322957.062955888 1376001466.17992 1538536236.95813 821618626.464654 1127202437.05127 229537702.396758 155315545.433705 0 0
69 134042.937044113 621704.699561749 1.36052671698383 6.13233360755506 7.16821912389534 3.73047775644222 5.16779010437419 1.12207123281836 0.66372007322068 56248.0788928744 322957.062955888 1376001468.2461 1538536239.37334 821618627.721573 1127202438.79247 229537702.77482 155315545.657333 0 0
70 134042.937044113 621704.699561749 1.36054161695421 4.5868687143948 5.36169134647445 2.79032629433101 3.86540854905705 0.839287906123727 0.49644997056602 56248.0788928744 322957.062955888 1376001469.79156 1538536241.17986 821618628.661724 1127202440.09485 229537703.057603 155315545.824603 0 0
71 134042.937044113 621704.699561749 1.36055518554072 3.430890847514 4.01044348840527 2.08711117341432 2.89125232018159 0.627771443841968 0.371335167042874 56248.0788928744 322957.062955888 1376001470.94754 1538536242.53111 821618629.364939 1127202441.06901 229537703.26912 155315545.949718 0 0
72 134042.937044113 621704.699561749 1.36056754168464 2.56624098415784 2.99973531715592 1.56111939136467 2.16260164760642 0.469561078877982 0.277751629788803 56248.0788928744 322957.062955888 1376001471.81219 1538536243.54182 821618629.890931 1127202441.79766 229537703.42733 155315546.043302 0 0
