"Time" "IECs" "pheme_e" "BiomassCD" "pro_L_e" "leu_L_e" "ile_L_e" "val_L_e" "trp_L_e" "cys_L_e" "Drug" "Damage" "pro_L_v" "leu_L_v" "ile_L_v" "val_L_v" "trp_L_v" "cys_L_v" "CD" "pheme_c"
0 457000 1e+05 0.4963 224235600.199112 195370466.451958 120509812.093413 157438605.791629 18978882.6152 31300034.1459915 0 0 0 0 0 0 0 0 45700000 1000
1 302083.369765883 171795.074495486 0.594123777869841 480765526.997869 529615263.347166 285559623.509475 390287758.240551 77856408.5031654 54785061.9621463 0 154916.630234116 298106045.490333 310053468.248482 172573260.275268 233274168.516095 42127517.7737432 36002958.193746 48532264.0540219 996.140104835458
2 194032.676489072 302508.48791028 0.697811925838542 583755710.771817 661589018.405542 351172576.223268 482659315.282125 100672487.603349 64548097.3678974 0 262967.323510928 581487095.018477 627462546.528363 342155133.674107 465805125.700222 89759231.7437395 67731389.0062904 52252903.5397346 1531.72197205372
3 120060.834945612 419090.88319667 0.803528918918272 642380856.388814 735319657.318536 388048885.796295 534508734.619374 113095946.774407 70369671.1186122 0 336939.165054388 786789141.567991 861380796.59462 465939626.496779 636131208.981046 125563538.388159 90315002.4082643 57057136.6080931 1874.30287668904
4 70819.3681041841 504240.272975304 0.907130684496122 682939917.728516 785899828.231391 413289223.438795 570088830.74084 121423261.343461 74584559.808015 0 386180.631895816 921156788.627683 1015595886.27526 547184552.001355 748116702.393694 149339090.815139 105008836.98597 63165456.5669421 2020.54037527196
5 39326.0611580384 557394.591064174 1.00479452042854 712508069.824332 823152471.09736 431560243.220007 596091424.694583 127456135.425715 77801445.5544631 0 417673.938841961 1002456147.70343 1109323906.99832 596405842.042136 816053273.24048 163836460.005093 113885381.106842 70824626.6123837 2032.82185887384
6 20255.7283238954 583158.822469224 1.09354974221412 733017522.445853 850054507.633857 444182145.373811 614469734.255483 131765788.447859 80175923.9079624 0 436744.271676104 1047746782.72967 1161735384.71902 623844197.713676 853977626.967278 171956291.952753 118833910.561653 80308689.8663428 1965.6876907592
7 9510.70575262605 587470.524008478 1.17156384866977 745389492.443771 868083732.880254 451782911.575586 626173692.53133 134632483.423353 81788878.3897851 0 447489.294247374 1070694015.94256 1188394708.34653 637750977.036811 873231284.854278 176089827.481061 121347044.747198 91917626.8533951 1856.37913106887
8 3989.77105630345 576131.068310398 1.23815238428895 750831831.234386 878899807.623162 455132551.577332 632323860.646485 136341382.965967 82764889.5510471 9737.47760380151 453010.228943696 1081100880.60157 1200540201.00563 644058958.038088 881982762.179154 177973712.319511 122491072.509324 105972256.342256 1728.18255964517
9 3734.71572388175 734604.901304797 1.25089604992278 745593614.472206 872759219.404864 451959597.273167 627910528.15287 135400060.863124 82190528.2085513 4453.90002677573 453265.284276118 1087199716.72135 1207679239.06246 647755913.027061 887118971.17433 179081254.387114 123163375.09947 164786.27451846 668.783307164871
10 3732.7722148385 811133.071450999 1.26260462919304 739594345.59094 865736670.243914 448323012.928968 622858158.097903 134310669.487704 81529223.5911586 3753.65695379922 453267.227785161 1093205528.45938 1214709378.78225 651396481.125096 892176836.863581 180171912.328968 123825426.024335 15368.4120566454 152.710815072679
11 3732.55580876557 843907.306509249 1.27334316312817 733638820.851004 858765386.894911 444712929.420822 617842640.63111 133229152.178658 80872718.7736639 3610.41876932427 453267.444191234 1099161781.67488 1221681507.25638 655007008.180834 897192966.209034 181253570.667716 124482013.941762 2100.37536122757 33.9745550598965
12 3732.52517166952 857911.020369625 1.28317603568741 727730785.002231 851849698.504239 441131630.760241 612867117.890309 132156251.342629 80221446.4866344 3579.9496170935 453267.47482833 1105069920.65464 1228597315.29221 658588369.634874 902168575.57408 182326491.469637 125133297.993436 309.493702863094 7.15001332257559
13 3732.52062222198 863890.93763066 1.29216624691538 721870261.734615 844989627.174169 437579132.762996 607931608.629243 131091977.755479 79575411.4131325 3573.6861946826 453267.479377778 1110930459.23729 1235457404.3897 662140876.957002 907104097.698925 183390768.021618 125779334.813926 46.3671681633085 1.43684460298104
14 3732.51993934053 866443.992313828 1.30037484075676 716056924.46083 838184789.832592 434055237.662847 603035837.641912 130036273.010165 78934577.8403267 3572.44549320308 453267.480060659 1116743798.8101 1242262244.39843 665664773.456955 911999870.617302 184446473.21196 126420168.648958 6.97638646003209 0.279244331312988
15 3732.51983652423 867533.911933051 1.30786047050119 710290401.473874 831434751.259755 430559720.170559 598179491.866211 128989069.737786 78298904.835719 3572.20669163224 453267.480163476 1122510322.14324 1249012283.3729 669160291.160027 916856216.683783 185493676.551343 127055841.693047 1.05145035179287 0.0529848649164858
16 3732.51982102179 867999.195819074 1.31467908426966 704570317.016085 824739071.592872 427092352.516023 593362254.84967 127950299.720535 77668350.9840219 13309.6392963415 453267.480178978 1128230406.65324 1255707963.10034 672627658.84635 921673453.744175 186532446.578697 127686395.550697 0.158646573373332 0.00987871376684115
17 3732.51982092484 868197.822191788 1.31943833842365 698896297.286752 818097313.276764 423652908.112608 588583811.792162 126919895.079252 77042875.0804117 13309.629423934 453267.480179075 1133904426.38115 1262349721.41685 676067103.249976 926451896.801611 187562851.220043 128311871.454344 -6.02736634152907e-08 1.43922770776558e-05
18 3732.51982092484 868282.631913066 1.32378614375585 693267971.198473 811509041.928149 420241162.014707 583843850.175668 125897788.424274 76422436.2178586 13309.6294095648 453267.480179075 1139532752.46943 1268937992.76547 679478849.347877 931191858.418105 188584957.875021 128932310.316897 -6.02736634152907e-08 2.30548356013162e-08
19 3732.51982092484 868318.737477308 1.32775556353401 687684971.240394 804973827.357031 416856891.447793 579142060.497688 124883913.015779 75806993.8839757 13309.6294095426 453267.480179075 1145115752.42751 1275473207.33659 682863119.914791 935893648.096086 189598833.283516 129547752.65078 -6.02736634152907e-08 8.93008117074309e-10
20 3732.51982092484 868334.241544279 1.33137747298844 682146932.446906 798491242.350695 413499875.179128 574478135.398101 123878202.575843 75196507.8467574 13309.6294095381 453267.480179075 1150653791.221 1281955792.34292 686220136.183457 940557573.195673 190604543.723452 130158238.687999 -6.02736634152907e-08 -3.63365555318032e-09
21 3732.51982092484 868340.981257779 1.33468070533532 676653491.30934 792060861.401857 410169892.859132 569851768.743768 122880591.091119 74590938.0348037 13309.6294095385 453267.480179075 1156147232.35856 1288386173.29176 689550118.503452 945183939.850006 191602155.208176 130763808.499952 -6.02736634152907e-08 -3.2123812621251e-09
22 3732.51982092484 868343.765800984 1.33769238237066 671204281.234028 785682255.392067 406866722.268181 565262651.80348 121891011.988027 73990244.0366398 13309.6294095385 453267.480179075 1161596442.43387 1294764779.30155 692853289.094403 949773056.790294 192591734.311268 131364502.498116 -6.02736634152907e-08 -3.21338126212512e-09
23 3732.51982092484 868344.891559807 1.34043678697774 665798949.717764 779355011.696552 403590149.727922 560710487.712477 120909401.251819 73394386.9940535 13309.6294095385 453267.480179075 1167001773.95014 1301092022.99706 696129861.634662 954325220.881296 193573345.047476 131960359.540703 -6.02736634152907e-08 -3.21438126212514e-09
24 3732.51982092484 868345.325529668 1.34293486176558 660437170.555549 773078748.474068 400339977.501301 556195001.753351 119935699.643514 72803330.9478175 23047.10701334 453267.480179075 1172363553.11235 1307368286.21955 699380033.861283 958840706.840423 194547046.655781 132551415.586939 0 0
25 3732.51982092484 868345.584386481 1.34475985567837 655118568.544585 766853026.528696 397115978.150059 551715877.94461 118969839.026109 72217034.5374289 23047.10701334 453267.480179075 1177682155.12331 1313594008.16492 702604033.212525 963319830.649164 195512907.273186 133137711.997328 0 0
26 3732.51982092484 868345.677735315 1.34642327907715 649842786.926787 760677428.255087 393917935.416646 547272815.838197 118011754.612167 71635458.4356389 23047.10701334 453267.480179075 1182957936.74111 1319769606.43853 705802075.945938 967762892.755577 196470991.687128 133719288.099118 0 0
27 3732.51982092484 868345.723773945 1.34794037194769 644609468.891463 754551535.986316 390745633.011624 542865514.941755 117061381.6047 71058563.3093994 23047.10701334 453267.480179075 1188191254.77644 1325895498.7073 708974378.35096 972170193.652019 197421364.694595 134296183.225357 0 0
28 3732.51982092484 868345.749639438 1.34932044114592 639418356.052368 748475047.266792 387598914.307918 538493757.652241 116118673.080646 70486320.6754873 23047.10701334 453267.480179075 1193382367.61553 1331971987.42683 712121097.054666 976541950.941533 198364073.21865 134868425.859269 0 0
29 3732.51982092484 868345.816270636 1.35057900922059 634269024.904729 742447466.360426 384477522.587857 534157187.310084 115183552.131337 69918683.8488289 23047.10701334 453267.480179075 1198531698.76317 1337999568.33319 715242488.774727 980878521.28369 199299194.167958 135436062.685928 0 0
30 3732.51982092484 868345.919033405 1.35172584502626 629161153.938263 736468416.921398 381381262.9602 529855533.151581 114255960.370358 69355617.3877186 23047.10701334 453267.480179075 1203639569.72964 1343978617.77222 718338748.402383 985180175.442193 200226785.928937 135999129.147038 0 0
31 3732.51982092484 868346.045408992 1.35277073117331 624094416.960107 730537517.122671 378309937.69525 525588520.469545 113335838.560931 68797085.3342669 23047.10701334 453267.480179075 1208706306.70779 1349909517.57095 721410073.667334 989447188.124229 201146907.738364 136557661.20049 0 0
32 3732.51982092484 868346.122652721 1.35372220932585 619068483.792045 724654380.472123 375263346.647486 521355871.200469 112423126.742536 68243051.2912583 32784.5846171415 453267.480179075 1213732239.87585 1355792654.22149 724456664.715098 993679837.393305 202059619.556759 137111695.243498 0 0
33 3732.51982092484 868345.919865011 1.35442833258371 614083025.542569 718818621.983799 372241290.451361 517157308.364468 111517765.188323 67693479.0033179 32784.5846171415 453267.480179075 1218717698.12533 1361628412.70981 727478720.911223 997878400.229306 202964981.110972 137661267.531438 0 0
34 3732.51982092484 868345.862226082 1.35507162829581 609137678.766184 713029816.224362 369243548.795589 512992525.881603 110619687.896418 67148328.4060097 32784.5846171415 453267.480179075 1223663044.90171 1367417218.46925 730476462.566994 1002043182.71217 203863058.402877 138206418.128747 0 0
35 3732.51982092484 868345.857613978 1.35565741863384 604232171.505051 707287644.85191 366269956.826345 508861294.719353 109728845.479152 66607569.5200451 32784.5846171415 453267.480179075 1228568552.16284 1373159389.8417 733450054.536239 1006174413.87442 204753900.820143 138747177.014711 0 0
36 3732.51982092484 868345.839843155 1.35619108076185 599366163.716619 701591709.827566 363320308.418604 504763328.506849 108845176.184637 66071164.8608133 32784.5846171415 453267.480179075 1233434559.95128 1378855324.86605 736399702.94398 1010272380.08693 205637570.114658 139283581.673943 0 0
37 3732.51982092484 868345.796056036 1.35667578784512 594539421.080856 695941736.866591 360394461.533608 500698429.908693 107968637.460245 65539088.5980316 32784.5846171415 453267.480179075 1238261302.58704 1384505297.82702 739325549.828976 1014337278.68508 206514108.83905 139815657.936725 0 0
38 3732.51982092484 868345.675099692 1.35711758860351 589751531.283338 690337243.331826 357492166.236987 496666251.6894 107099154.429485 65011295.2801945 32784.5846171415 453267.480179075 1243049192.38456 1390109791.36179 742227845.125597 1018369456.90437 207383591.86981 140343451.254562 0 0
39 3732.51982092484 868345.459118833 1.35752056833755 585002167.062877 684777846.145697 354613224.151451 492666518.242078 106236667.661571 64487748.8316458 32784.5846171415 453267.480179075 1247798556.60502 1395669188.54792 745106787.211133 1022369190.3517 208246078.637724 140866997.70311 0 0
40 3732.51982092484 868345.154876997 1.35788753989936 580291050.958859 679263220.524994 351757467.087532 488698995.899975 105381126.769525 63968418.666498 42522.062220943 453267.480179075 1252509672.70903 1401183814.16862 747962544.275052 1026336712.6938 209101619.52977 141386327.868258 0 0
41 3732.51982092484 868345.509093474 1.35816170216573 575617864.996326 673792994.262196 348924702.297013 484763416.876708 104532474.008947 63453269.7327626 42522.062220943 453267.480179075 1257182858.67156 1406654040.43142 750795309.065571 1030272291.71707 209950272.290349 141901476.801993 0 0
42 3732.51982092484 868345.544663571 1.35841134021905 570982268.719038 668366768.834177 346114723.404103 480859494.453012 103690647.552823 62942264.5002255 42522.062220943 453267.480179075 1261818454.94885 1412080265.85944 753605287.958481 1034176214.14076 210792098.746473 142412482.03453 0 0
43 3732.51982092484 868345.42345147 1.35863888287078 566383970.504219 662984202.880125 343327353.634596 476986983.035306 102855594.44232 62435370.8218326 42522.062220943 453267.480179075 1266416753.16367 1417462831.81349 756392657.727988 1038048725.55847 211627151.856975 142919375.712923 0 0
44 3732.51982092484 868345.252014319 1.35884587733989 561822737.058544 657645023.317117 340562451.572097 473145686.152847 102027272.311262 61932562.9804805 42522.062220943 453267.480179075 1270977986.60934 1422802011.3765 759157559.790487 1041890022.44093 212455473.988033 143422183.554276 0 0
45 3732.51982092484 868345.184301414 1.35903445370445 557298224.309603 652348827.389102 337819808.648787 469335314.040972 101205618.675938 61433803.0473264 42522.062220943 453267.480179075 1275502499.35828 1428098207.30451 761900202.713797 1045700394.5528 213277127.623357 143920943.48743 0 0
46 3732.51982092484 868345.316400633 1.35920605411576 552810173.246055 647095311.908778 335099267.85867 465555648.570207 100390586.499766 60939062.4702397 42522.062220943 453267.480179075 1279990550.42183 1433351722.78484 764620743.503913 1049480060.02357 214092159.799529 144415684.064516 0 0
47 3732.51982092484 868345.591830745 1.35936231664226 548358268.331716 641884107.523343 332400637.931852 461806424.008007 99582118.4812286 60448306.4660702 42522.062220943 453267.480179075 1284442455.33617 1438562927.17027 767319373.430732 1053229284.58577 214900627.818066 144906440.068686 0 0
48 3732.51982092484 868345.80083142 1.35950460306277 543942218.280544 636714873.266151 329723742.298246 458087395.044376 98780161.7226431 59961502.9248837 52259.5398247445 453267.480179075 1288858505.38735 1443732161.42746 769996269.064337 1056948313.5494 215702584.576652 145393243.609872 0 0
49 3732.51982092484 868345.786229339 1.35961097993256 539561752.865068 631587292.82079 327068417.152931 454398334.104042 97984667.1505744 59478622.0581388 52259.5398247445 453267.480179075 1293238970.80283 1448859741.87282 772651594.209652 1060637374.48973 216498079.148721 145876124.476617 0 0
50 3732.51982092484 868345.787405479 1.35970795135283 535216463.195463 626500887.558788 324434414.637441 450738896.835586 97195560.5104388 58999618.7918414 52259.5398247445 453267.480179075 1297584260.47243 1453946147.13482 775285596.725142 1064296811.75819 217287185.788856 146355127.742914 0 0
51 3732.51982092484 868345.801651283 1.35979613833411 530906197.338485 621455479.633761 321821642.653763 447108955.286622 96412814.2110877 58524476.3776209 52259.5398247445 453267.480179075 1301894526.32941 1458991555.05985 777898368.70882 1067926753.30715 218069932.088208 146830270.157135 0 0
52 3732.51982092484 868345.824776956 1.35987651869288 526630611.641996 616450666.78161 319229892.888835 443508220.046426 95636365.8451322 58053156.9329638 52259.5398247445 453267.480179075 1306170112.0259 1463996367.912 780490118.473748 1071527488.54735 218846380.454163 147301589.601792 0 0
53 3732.51982092484 868345.854086632 1.35994943378036 522389565.048825 611486283.887003 316659079.837438 439936572.322025 94866189.7965236 57585644.908424 52259.5398247445 453267.480179075 1310411158.61907 1468960750.80661 783060931.525145 1075099136.27175 219616556.502771 147769101.626332 0 0
54 3732.51982092484 868345.878689167 1.36001624278621 518182493.217721 606561670.356854 314108861.410461 436393536.846736 94102183.5806264 57121878.0938101 52259.5398247445 453267.480179075 1314618230.45017 1473885364.33676 785611149.952121 1078642171.74704 220380562.718669 148232868.440946 0 0
55 3732.51982092484 868345.903935903 1.36007655995273 514009525.934917 601676978.113231 311579316.280974 432879222.921577 93344370.7666814 56661870.7961155 52259.5398247445 453267.480179075 1318791197.73298 1478770056.58038 788140695.081609 1082156485.6722 221138375.532614 148692875.73864 0 0
56 3732.51982092484 868345.929019921 1.36013119654899 509870249.824358 596831723.276275 309070193.871072 429393282.416996 92592676.2854031 56205577.4468057 52259.5398247445 453267.480179075 1322930473.84354 1483615311.41734 790649817.491511 1085642426.17678 221890070.013892 149149169.08795 0 0
57 3732.51982092484 868345.950949447 1.36018089608846 505764316.308368 592025497.816268 306581282.881961 425935421.774168 91847036.8349226 55752959.6204001 52259.5398247445 453267.480179075 1327036407.35952 1488421536.87734 793138728.480622 1089100286.81961 222635709.464372 149601786.914355 0 0
58 3732.51982092484 868345.966677284 1.36022640036593 501691378.45298 587257895.627543 304112373.011218 422505348.818533 91107389.4118686 55303979.0726119 52259.5398247445 453267.480179075 1331109345.21491 1493189139.06607 795607638.351365 1092530359.77524 223375356.887427 150050767.462144 0 0
59 3732.51982092484 868345.975061486 1.36026806469553 497651178.407653 582528614.88158 301663307.956496 419102846.398197 90373687.1904619 54858607.3792713 52259.5398247445 453267.480179075 1335149545.26024 1497918419.81203 798056703.406087 1095932862.19558 224109059.108833 150496139.155484 0 0
60 3732.51982092484 868345.976248122 1.36030598311576 493643518.545638 577837424.245187 299233967.921558 415727748.079451 89645894.2815928 54416822.7549822 52259.5398247445 453267.480179075 1339157205.12226 1502609610.44842 800486043.441025 1099307960.51432 224836852.017702 150937923.779774 0 0
61 3732.51982092484 868345.968942118 1.3603405420026 489668133.856679 573184013.508995 296824192.264022 412379830.680758 88923962.5592741 53978595.9863226 52259.5398247445 453267.480179075 1343132589.81121 1507263021.18462 802895819.098562 1102655877.91302 225558783.740021 151376150.548433 0 0
62 3732.51982092484 868345.951822543 1.36037212579572 485724759.424805 568568072.574003 294433820.398659 409058871.099993 88207843.9146417 53543897.8702651 52259.5398247445 453267.480179075 1347075964.24309 1511878962.11961 805286190.963924 1105976837.49378 226274902.384654 151810848.664491 0 0
63 3732.51982092484 868345.92121475 1.36040092836852 481813141.513776 563989304.427711 292062698.517107 405764655.650167 87497492.2690753 53112700.4361799 52259.5398247445 453267.480179075 1350987582.15412 1516457730.2659 807657312.845477 1109271052.94361 226985254.03022 152242046.098576 0 0
64 3732.51982092484 868345.873071492 1.36042711342707 477933028.15714 559447414.129256 289710673.8838 402496972.134744 86792861.8653492 52684975.9085301 52259.5398247445 453267.480179075 1354867695.51075 1520999620.56435 810009337.478783 1112538736.45903 227689884.433946 152669770.626226 0 0
65 3732.51982092484 868345.804408102 1.36045093070833 474084162.341375 554942100.829894 287377590.703771 399255604.106734 86093906.0296873 52260695.9554148 52259.5398247445 453267.480179075 1358716561.32652 1525504933.86372 812342420.658812 1115780104.48704 228388840.269608 153094050.579341 0 0
66 3732.51982092484 868345.715703729 1.36047262705106 470266287.34911 550473064.027547 285063293.361572 396040335.368557 85400578.1420949 51839832.2775793 52259.5398247445 453267.480179075 1362534436.31878 1529973970.66606 814656718.001011 1118995373.22522 229082168.1572 153514914.257176 0 0
67 3732.51982092484 868345.711303934 1.36049235942054 466479155.85326 546040014.21199 282767631.933903 392850957.630774 84712833.2878574 51422357.6109076 52259.5398247445 453267.480179075 1366321567.81463 1534407020.48162 816952379.42868 1122184750.963 229769913.011438 153932388.923848 0 0
68 3732.51982092484 868345.77377163 1.36051030854622 462722523.171843 541642664.96924 280490458.100859 389687264.831549 84030627.0326122 51008244.9828669 52259.5398247445 453267.480179075 1370078200.49605 1538804369.72437 819229553.261724 1125348443.76223 230452119.266683 154346501.551889 0 0
69 3732.51982092484 868345.78311235 1.36052666230633 458996134.771695 537280718.353952 278231617.571 386549042.612756 83353913.1530175 50597466.3349784 52259.5398247445 453267.480179075 1373804588.8962 1543166316.33966 821488393.791584 1128486665.98102 231128833.146278 154757280.199777 0 0
70 3732.51982092484 868345.760101244 1.36054154765078 455299768.464481 532953914.28222 275990975.659488 383436103.855853 82682651.2995674 50189997.1742979 52259.5398247445 453267.480179075 1377500955.20341 1547493120.41139 823729035.703095 1131599604.73792 231800094.999728 155164749.360458 0 0
71 3732.51982092484 868345.768357422 1.36055510504172 451633166.241452 528661950.740333 273768375.968076 380348231.275709 82016794.6177523 49785809.0592155 52259.5398247445 453267.480179075 1381167557.42644 1551785083.95328 825951635.394507 1134687477.31807 232465951.681543 155568937.47554 0 0
72 3732.51982092484 868345.771770086 1.36056745624721 447996078.065718 524404535.046088 271563666.930851 377285214.300789 81356297.7007559 49384874.4268998 52259.5398247445 453267.480179075 1384804645.60218 1556042499.64752 828156344.431733 1137750494.29299 233126448.598539 155969872.107856 0 0
