"Time" "IECs" "pheme_e" "BiomassCD" "pro_L_e" "leu_L_e" "ile_L_e" "val_L_e" "trp_L_e" "cys_L_e" "Drug" "Damage" "pro_L_v" "leu_L_v" "ile_L_v" "val_L_v" "trp_L_v" "cys_L_v" "CD" "pheme_c"
0 457000 1e+05 0.4963 224235600.199112 195370466.451958 120509812.093413 157438605.791629 18978882.6152 31300034.1459915 0 0 0 0 0 0 0 0 45700000 1000
1 377798.745633748 130175.938497605 0.594123778015162 278517344.557705 297193646.426305 163059601.269554 221515946.325851 41865312.8309948 32818913.8427474 0 79201.2543662515 229206985.533944 227574836.934893 130023531.563302 174203840.779421 28752431.5877876 28894401.9798847 48532264.0509861 759.888196458328
2 308230.452869022 200793.366386756 0.697811983897779 309200330.790377 346832058.118454 185131715.878846 253945248.423493 52120610.0341256 34585673.1914074 0 148769.547130978 447363814.005545 467270954.851241 259428527.325805 350996852.276809 63855001.945435 53841867.0528796 52252900.7358606 1017.78755112843
3 247191.081621354 276090.605449329 0.803528834705348 334389603.098657 382041994.79568 201858032.509107 277911537.468283 58655817.1389079 36680108.6943747 0 209808.918378646 640295848.436611 685923763.193063 375478439.770954 510508935.157316 97116495.010645 75186550.1090165 57057141.7630154 1234.32330111918
4 193927.22345578 344741.208949088 0.907130619730114 359440976.040223 414176054.08794 217748953.345987 300354791.136807 64160903.9368322 39114077.0683401 0 263072.77654422 805302038.209762 875314090.011427 475280020.031666 648049475.203335 126338099.613434 93205903.2706317 63165463.6584478 1380.48952301768
5 147975.442864598 402668.676705897 1.00479452772572 385785879.234851 446736199.703213 234110008.198624 323344720.903048 69501026.6630639 41850860.7877435 0 309024.557135403 942549698.975416 1033867399.87488 558501460.594055 762917166.248246 150956717.005646 108114603.298242 70824628.1423158 1467.55701077086
6 109074.691005627 448007.088141375 1.09354970532085 413246206.191385 480305367.523527 251001750.599524 347094507.718041 74890526.5967199 44804127.19312 0 347925.308994373 1053073477.50844 1162086459.03603 625603887.697243 855650211.891461 170928072.800366 120099225.606711 80308688.3889898 1509.26859653802
7 77050.5692307581 479745.053124616 1.17156371392138 440739121.64768 514056702.99007 267837684.533279 370881584.077693 80252493.5888859 47837284.4277795 0 379949.430769242 1138485812.01855 1261523446.03116 677496354.946194 927454205.040632 186442615.671514 129363331.133601 91917619.3709348 1515.30267518531
8 51681.2697156131 497524.574732857 1.23815210043754 466613881.397762 546378995.690019 283647171.56935 393442249.963876 85358971.5851335 50773234.8841896 9737.47760380151 405318.730284387 1201123158.21132 1334712070.0147 715567031.80086 980212112.713373 197872722.756896 136169191.691007 105972236.904902 1491.91499322424
9 50646.8041103396 654505.365720978 1.25089579579142 421395714.34476 493396986.246962 256162518.440478 355304541.885932 77083870.4700838 45849627.9291537 6158.21533725674 406353.195889661 1250025844.94323 1391970696.46091 745294498.773282 1021445037.24662 206818276.39047 141490033.438467 1548.8003929867 105.00194190148
10 50646.7627980724 725359.362398844 1.2626044026312 377607951.494526 442127478.602793 229544346.540714 318384396.129961 69073987.6474469 41085334.8303416 6056.1921733526 406353.237201928 1293813755.01562 1443240374.98646 771912760.288972 1058365306.67824 214828186.002421 146254342.40119 0.811231551389997 3.58724846752166
11 50646.7627758534 755144.44625664 1.27334296204383 338370114.699418 396185316.157157 205692032.067107 285300572.221868 61896400.8318176 36816092.9979202 6052.72784321362 406353.237224147 1333051591.88995 1489182537.52405 795765074.810802 1091449130.65288 222005772.832466 150523584.242144 0.000461838717615564 0.123285606812448
12 50646.7627758407 767665.156086318 1.28317585806635 303209543.244332 355017076.076103 184318249.10858 255654540.495056 55464648.3521607 32990474.7996335 6052.60879616591 406353.237224159 1368212163.34508 1530350777.60516 817138857.769357 1121095162.37973 228437525.312131 154349202.440435 2.84447509707744e-07 0.00423877632239402
13 50646.7627758407 772928.467969434 1.29216609083494 271702562.135645 318126692.648502 165165449.594052 229089074.607865 49701229.4005899 29562382.6124391 6052.60470311643 406353.237224159 1399719144.45377 1567241161.03276 836291657.283885 1147660628.26692 234200944.263702 157777294.62763 6.47496601867024e-08 0.000145727115219284
14 50646.7627758407 775140.932136163 1.30037470418883 243469523.817181 285069650.296479 148002849.320349 205284070.448515 44536696.8944847 26490509.1839309 6052.60456241163 406353.237224159 1427952182.77223 1600298203.38478 853454257.557589 1171465632.42627 239365476.769807 160849168.056138 7.28703715212899e-08 5.02248389120968e-06
15 50646.7627758407 776070.951208507 1.30786035123768 218170230.500798 255447623.747213 132623645.229788 183952686.421338 39908820.1055914 23737839.5625459 6052.60455755241 406353.237224159 1453251476.08861 1629920229.93405 868833461.648149 1192797016.45345 243993353.5587 163601837.677523 7.98345263992947e-08 1.63403533750305e-07
16 50646.7627758407 776461.976814148 1.31467898021237 195499830.503751 228903673.202947 118842520.832 164837883.397432 35761833.9969591 21271204.6017938 15790.082161195 406353.237224159 1475921876.08566 1656464180.47832 882614586.045938 1211911819.47736 248140339.667333 166068472.638275 8.51122020475593e-08 4.62232790810847e-09
17 50646.7627758407 776626.225629371 1.31943821418237 175185323.642708 205118152.633353 106493521.865584 147709478.198264 32045799.9716469 19060900.7324127 15790.0821611904 406353.237224159 1496236382.9467 1680249701.04791 894963585.012354 1229040224.67653 251856373.692645 168278776.507656 -6.66408172671193e-09 -3.97320562762179e-12
18 50646.7627758407 776695.464478917 1.32378600482892 156981676.828342 183804161.66589 95427695.0043526 132360868.415521 28715895.3173197 17080267.3227089 15790.0821611884 406353.237224159 1514440029.76107 1701563692.01538 906029411.873586 1244388834.45927 255186278.346972 170259409.91736 -6.66408172671193e-09 -1.96766908017847e-09
19 50646.7627758407 776724.605119811 1.32775544589907 140669587.390135 164704926.743796 85511728.2033664 118607146.53323 25732004.0621223 15305443.3188783 15790.0821611885 406353.237224159 1530752119.19928 1720662926.93747 915945378.674572 1258142556.34156 258170169.60217 172034233.921191 -6.66408172671193e-09 -1.88572615913785e-09
20 50646.7627758407 776736.801214116 1.33137741135019 126052514.60011 147590325.444705 76626146.189943 106282597.023568 23058173.9657411 13715044.262292 15790.0821611885 406353.237224159 1545369191.9893 1737777528.23656 924830960.687995 1270467105.85122 260843999.698551 173624632.977777 -6.66408172671193e-09 -1.88672615913785e-09
21 50646.7627758407 776741.975394674 1.33468062777685 112954189.144129 132253970.410759 68663796.4945202 95238596.4295457 20662160.9390906 12289891.3094882 15790.0821611885 406353.237224159 1558467517.44528 1753113883.27051 932793310.383418 1281511106.44525 263240012.725201 175049785.930581 -6.66408172671193e-09 -1.88772615913785e-09
22 50646.7627758407 776744.103428135 1.33769172701247 101216837.155994 118511129.934443 61528769.857576 85342115.9393615 18515104.1755019 11012817.9996058 15790.0821611885 406353.237224159 1570204869.43342 1766856723.74682 939928337.020362 1291407586.93543 265387069.48879 176326859.240463 -6.66408172671193e-09 -1.88872615913785e-09
23 50646.7627758407 776744.749342959 1.34043534561357 90699224.5395154 106196438.126097 55135211.3912794 76474072.4345297 16591168.4080608 9868457.46839178 15790.0821611885 406353.237224159 1580722482.0499 1779171415.55517 946321895.486659 1300275630.44026 267311005.256231 177471219.771677 -6.66408172671193e-09 -1.88972615913785e-09
24 50646.7627758407 776745.243930352 1.34293427630781 81274509.3924021 95161380.3948096 49406015.0880376 68527517.7369078 14867151.0639474 8843008.78287987 25527.55976499 406353.237224159 1590147197.19701 1790206473.28646 952051091.7899 1308222185.13788 269035022.600345 178496668.457189 0 0
25 50646.7627758407 776745.450082229 1.34475860421265 72829279.1825328 85273166.1129743 44272238.5289415 61406826.7930238 13322306.139769 7924132.18211508 25527.55976499 406353.237224159 1598592427.40688 1800094687.5683 957184868.348996 1315342876.08176 270579867.524523 179415545.057954 0 0
26 50646.7627758407 776745.537039477 1.34642198843951 65261486.5227582 76412311.68974 39671848.0605504 55025957.1993598 11937966.6028758 7100724.48076196 25527.55976499 406353.237224159 1606160220.06665 1808955541.99153 961785258.817387 1321723745.67543 271964207.061417 180238952.759307 0 0
27 50646.7627758407 776745.573754111 1.34793825845104 58480064.647729 68472190.346754 35549485.0468481 49308124.9873088 10697474.0524054 6362877.23136468 25527.55976499 406353.237224159 1612941641.94168 1816895663.33452 965907621.831089 1327441577.88748 273204699.611887 180976800.008704 0 0
28 50646.7627758407 776745.588982339 1.34932013549212 52403284.680415 61357108.701005 31855467.2669036 44184419.533944 9585878.22202964 5701697.98802852 25527.55976499 406353.237224159 1619018421.909 1824010744.98026 969601639.611034 1332565283.34084 274316295.442263 181637979.25204 0 0
29 50646.7627758407 776745.595013808 1.35057928346855 46957971.6296501 54981388.8047357 28545312.3271024 39593142.5215208 8589793.56619565 5109225.00365211 25527.55976499 406353.237224159 1624463734.95976 1830386464.87653 972911794.550835 1337156560.35327 275312380.098097 182230452.236417 0 0
30 50646.7627758407 776745.59806815 1.35172640292359 42078489.3659544 49268179.6903823 25579120.6374298 35478952.1084121 7697213.58668491 4578316.79102375 25527.55976499 406353.237224159 1629343217.22346 1836099673.99089 975877986.240507 1341270750.76638 276204960.077608 182761360.449045 0 0
31 50646.7627758407 776745.598721141 1.3527712974864 37706008.322047 44148599.9476191 22921130.2534528 31792245.4825501 6897376.87662666 4102572.44555418 25527.55976499 406353.237224159 1633715698.26736 1841219253.73365 978535976.624484 1344957457.39224 277004796.787666 183237104.794515 0 0
32 50646.7627758407 776745.596192653 1.35372293288275 33787901.5226016 39561030.5564666 20539349.7284505 28488649.6171139 6180656.63915599 3676265.93077137 35265.0373687915 406353.237224159 1637633805.06681 1845806823.1248 980917757.149487 1348261053.25767 277721517.025136 183663411.309298 0 0
33 50646.7627758407 776745.598459947 1.35442834044934 30277003.7689538 35450247.4934882 18405107.7787169 25528396.6437743 5538425.17367223 3294265.47449789 35265.0373687915 406353.237224159 1641144702.82046 1849917606.18778 983051999.09922 1351221306.23101 278363748.49062 184045411.765572 0 0
34 50646.7627758407 776745.599416322 1.35507105259959 27130877.7925905 31766562.4974803 16492607.1851224 22875705.1017454 4962919.63686275 2951953.72326106 35265.0373687915 406353.237224159 1644290828.79682 1853601291.18379 984964499.692815 1353873997.77304 278939254.027429 184387723.516808 0 0
35 50646.7627758407 776745.599820115 1.35565658256315 24311666.3757196 28465649.9228014 14778834.8985891 20498655.251577 4447214.99183732 2645211.65238841 35265.0373687915 406353.237224159 1647110040.21369 1856902203.75847 986678271.979348 1356251047.62321 279454958.672455 184694465.587681 0 0
36 50646.7627758407 776745.599987605 1.35618997558717 21785392.7094142 25507727.5540549 13243136.7343419 18368599.1642472 3985096.02604328 2370342.44202827 35265.0373687915 406353.237224159 1649636313.88 1859860126.12721 988213970.143595 1358381103.71054 279917077.638249 184969334.798041 0 0
37 50646.7627758407 776745.600053938 1.3566758360347 19521636.0785007 22857176.8772671 11867020.2237818 16459887.2712233 3570998.02587805 2124036.19030032 35265.0373687915 406353.237224159 1651900070.51091 1862510676.804 989590086.654155 1360289815.60356 280331175.638414 185215641.049769 0 0
38 50646.7627758407 776745.600087529 1.35711837082493 17493109.8506274 20482048.9625664 10633898.077982 14749512.541193 3199929.58028014 1903323.99672955 35265.0373687915 406353.237224159 1653928596.73878 1864885804.7187 990823208.799955 1362000190.33359 280702244.084012 185436353.24334 0 0
39 50646.7627758407 776745.60009472 1.35752142028154 15675357.0768741 18353708.0539589 9528903.14614214 13216853.8222917 2867416.89842782 1705544.84231109 35265.0373687915 406353.237224159 1655746349.51254 1867014145.62731 991928203.731795 1363532849.05249 281034756.765864 185634132.397758 0 0
40 50646.7627758407 776745.600066937 1.35788848468507 14046499.3274526 16446537.4901433 8538735.73515667 11843464.0700945 2569457.8654743 1528318.26177706 45002.514972593 406353.237224159 1657375207.26196 1868921316.19112 992918371.142781 1364906238.80469 281332715.798818 185811358.978292 0 0
41 50646.7627758407 776745.600091853 1.35816211525328 12586929.1675789 14737579.6356448 7651476.66857027 10612811.0551855 2302465.78865346 1369510.8836768 45002.514972593 406353.237224159 1658834777.42183 1870630274.04562 993805630.209367 1366136891.8196 281599707.875639 185970166.356392 0 0
42 50646.7627758407 776745.600102363 1.35841135734366 11279003.6827499 13206177.0406571 6856400.98345599 9510018.95554409 2063213.33534788 1227203.08463671 45002.514972593 406353.237224159 1660142702.90666 1872161676.64061 994600705.894482 1367239683.91924 281838960.328944 186112474.155432 0 0
43 50646.7627758407 776745.6001068 1.35863837412707 10106984.9897567 11833902.7875421 6143941.76761611 8521818.19773571 1848821.65105765 1099682.51670811 45002.514972593 406353.237224159 1661314721.59966 1873533950.89372 995313165.110322 1368227884.67705 282053352.013235 186239994.723361 0 0
44 50646.7627758407 776745.600108641 1.35884514137347 9056748.05242965 10604218.3828645 5505512.54350263 7636299.09846737 1656706.91155436 985412.316490125 45002.514972593 406353.237224159 1662364958.53698 1874763635.2984 995951594.334435 1369113403.77632 282245466.752738 186354264.923579 0 0
45 50646.7627758407 776745.600109369 1.35903345906914 8115646.19916102 9502316.29672864 4933425.5175757 6842798.47417284 1484555.72265511 883016.472870096 45002.514972593 406353.237224159 1663306060.39025 1875865537.38453 996523681.360362 1369906904.40061 282417617.941637 186456660.767199 0 0
46 50646.7627758407 776745.600109739 1.35920496933578 7272335.67386985 8514914.53585524 4420784.92647382 6131751.7091829 1330293.02618299 791260.737429852 45002.514972593 406353.237224159 1664149370.91554 1876852939.14541 997036321.951464 1370617951.1656 282571880.638109 186548416.502639 0 0
47 50646.7627758407 776745.600109818 1.35936116916694 6516649.09693947 7630108.48357478 3961410.11509982 5494586.06289012 1192058.95279132 709038.856463021 45002.514972593 406353.237224159 1664905057.49247 1877737745.19769 997495696.762838 1371255116.81189 282710114.711501 186630638.383606 0 0
48 50646.7627758407 776745.600109513 1.35950342128184 5839491.033412 6837248.6244075 3549772.05350172 4923632.61689605 1068189.71876092 635361.208354927 54739.9925763945 406353.237224159 1665582215.556 1878530605.05685 997907334.824436 1371826070.25789 282833983.945531 186704316.031714 0 0
49 50646.7627758407 776745.600109786 1.35960969290545 5232710.25052637 6126790.9750398 3180915.68342339 4412018.56751617 957194.258692303 569340.90466495 54739.9925763945 406353.237224159 1666188996.33889 1879241062.70622 998276191.194515 1372337684.30727 282944979.4056 186770336.335404 0 0
50 50646.7627758407 776745.600109902 1.35970648233377 4688971.98029879 5490147.52120457 2850382.26792032 3953559.52253621 857730.859120204 510179.891757502 54739.9925763945 406353.237224159 1666732734.60911 1879877706.16005 998606724.610018 1372796143.35225 283044442.805172 186829497.348311 0 0
51 50646.7627758407 776745.600109951 1.35979463337061 4201733.65995329 4919657.81302971 2554194.64419398 3542739.046483 768602.720828449 457166.311258747 54739.9925763945 406353.237224159 1667219972.92946 1880448195.86823 998902912.233744 1373206963.8283 283133570.943464 186882510.92881 0 0
52 50646.7627758407 776745.600109971 1.35987491616049 3765123.14791746 4408446.37255687 2288783.1922332 3174605.97707006 688735.681493841 409661.249444232 54739.9925763945 406353.237224159 1667656583.44149 1880959407.3087 999168323.685705 1373575096.89772 283213437.982798 186930015.990625 0 0
53 50646.7627758407 776745.600109979 1.35994803186258 3373882.89796598 3950357.32926732 2050951.89879745 2844727.35499807 617168.003733501 367092.663150674 54739.9925763945 406353.237224159 1668047823.69145 1881417496.35199 999406154.979141 1373904975.51979 283285005.660559 186972584.576918 0 0
54 50646.7627758407 776745.600109983 1.36001461977148 3023297.01859186 3539869.01654072 1837834.01749001 2549126.92324246 553037.032430102 328947.443528482 54739.9925763945 406353.237224159 1668398409.57082 1881827984.66472 999619272.860448 1374200575.95154 283349136.631862 187010729.79654 0 0
55 50646.7627758407 776745.600109983 1.36007526237848 2709138.66925876 3172032.37983151 1646860.09143103 2284240.77361122 495569.572183925 294765.69253255 54739.9925763945 406353.237224159 1668712567.92015 1882195821.30143 999810246.786507 1374465462.10118 283406604.092108 187044911.547536 0 0
56 50646.7627758407 776745.60010998 1.36013048967233 2427626.64155052 2842420.13910893 1475731.55934398 2046880.73765223 444073.944913515 264135.99876853 54739.9925763945 406353.237224159 1668994079.94786 1882525433.54215 999981375.318594 1374702822.13713 283458099.719378 187075541.2413 0 0
57 50646.7627758407 776745.600109974 1.3601807842193 2175374.96568419 2547067.78494772 1322390.12182557 1834191.89681734 397930.771620006 236689.954469299 54739.9925763945 406353.237224159 1669246331.62373 1882820785.89631 1000134716.75611 1374915510.97797 283504242.892672 187102987.285599 0 0
58 50646.7627758407 776745.600109978 1.3602265875012 1949329.59041922 2282399.43932632 1184979.24965405 1643599.19341476 356581.389550588 212095.266002507 54739.9925763945 406353.237224159 1669472376.99899 1883085454.24193 1000272127.62828 1375106103.68137 283545592.274741 187127581.974066 0 0
59 50646.7627758407 776745.600109982 1.36026829996851 1746771.6807795 2045231.71681031 1061846.18844363 1472810.21112058 319528.455434782 190056.112676614 54739.9925763945 406353.237224159 1669674934.90863 1883322621.96445 1000395260.68949 1375276892.66367 283582645.208857 187149621.127392 0 0
60 50646.7627758407 776745.600109985 1.36030628665546 1565261.88558338 1832708.46942105 951508.07939656 1319768.18351915 286325.750614528 170307.082813531 54739.9925763945 406353.237224159 1669856444.70383 1883535145.21184 1000505598.79854 1375429934.69127 283615847.913677 187169370.157255 0 0
61 50646.7627758407 776745.600109985 1.36034088016998 1402613.05910249 1642268.84741376 852635.377054325 1182628.99406256 256573.191149787 152610.205750253 54739.9925763945 406353.237224159 1670019093.53031 1883725584.83384 1000604471.50088 1375567073.88072 283645600.473142 187187067.034319 0 0
62 50646.7627758407 776745.600109985 1.36037238345779 1256865.36294047 1471618.14696871 764036.713962291 1059740.18293932 229912.273326201 136752.242818448 54739.9925763945 406353.237224159 1670164841.22647 1883896235.53429 1000693070.16398 1375689962.69185 283672261.390966 187202924.99725 0 0
63 50646.7627758407 776745.600109984 1.36040107244154 1126262.66764443 1318700.17969254 684644.555429772 949621.049827416 206021.756916558 122542.119740442 54739.9925763945 406353.237224159 1670295443.92177 1884049153.50156 1000772462.32251 1375800081.82496 283696151.907375 187217135.120328 0 0
64 50646.7627758407 776745.600110004 1.36042719845799 1009230.86297831 1181671.87690264 613502.014547759 850944.36595697 184613.697584487 109808.566695635 54739.9925763945 406353.237224159 1670412475.72643 1884186181.80435 1000843604.86339 1375898758.50883 283717559.966707 187229868.673373 0 0
65 50646.7627758407 776745.600110102 1.36045099036909 904359.976657589 1058882.35310097 549751.982334808 762521.297320149 165430.175951492 98398.1727635716 54739.9925763945 406353.237224159 1670517346.61275 1884308971.32816 1000907354.8956 1375987181.57747 283736743.48834 187241279.067305 0 0
66 50646.7627758407 776745.600110305 1.36047265662735 810386.306966467 948851.985702545 492626.266321912 683286.339586123 148240.029203439 88173.4418774602 54739.9925763945 406353.237224159 1670611320.28244 1884419001.69555 1000964480.61162 1376066416.5352 283753933.635088 187251503.798191 0 0
67 50646.7627758407 776745.600110525 1.36049238706375 726177.76167979 850255.248909839 441436.678220084 612284.956448011 132836.169210784 79011.1976371618 54739.9925763945 406353.237224159 1670695528.82773 1884517598.43235 1001015670.19972 1376137417.91834 283769337.495081 187260666.042432 0 0
68 50646.7627758407 776745.600110496 1.3605103546096 650719.47622877 761903.874543794 395566.291337637 548661.453417368 119032.951729515 70801.0185050707 54739.9925763945 406353.237224159 1670770987.11318 1884605949.80671 1001061540.5866 1376201041.42137 283783140.712562 187268876.221564 0 0
69 50646.7627758407 776745.600109978 1.36052671673978 583102.171100842 682733.220144838 354462.363152312 491649.161234781 106664.046676882 63443.9710422062 54739.9925763945 406353.237224159 1670838604.41831 1884685120.46111 1001102644.51479 1376258053.71355 283795509.617615 187276233.269026 0 0
70 50646.7627758407 776745.600109374 1.3605416168662 522511.076083499 611789.300770993 317629.602462557 440561.097221345 95580.412097145 56851.4048193117 54739.9925763945 406353.237224159 1670899195.51333 1884756064.38049 1001139477.27548 1376309141.77757 283806593.252195 187282825.83525 0 0
71 50646.7627758407 776745.600109438 1.36055518559411 468216.094732166 548217.272929427 284624.190459425 394781.672339003 85648.494995472 50943.8822695536 54739.9925763945 406353.237224159 1670953490.49468 1884819636.40833 1001172482.68748 1376354921.20245 283816525.169296 187288733.357799 0 0
72 50646.7627758407 776745.600110972 1.3605675418654 419563.01818204 491251.147146857 255048.439684857 353759.283017074 76748.6241232384 45650.22271426 54739.9925763945 406353.237224159 1671002143.57123 1884876602.53411 1001202058.43825 1376395943.59177 283825425.040169 187294027.017354 0 0
