"Time" "IECs" "pheme_e" "BiomassCD" "pro_L_e" "leu_L_e" "ile_L_e" "val_L_e" "trp_L_e" "cys_L_e" "Drug" "Damage" "pro_L_v" "leu_L_v" "ile_L_v" "val_L_v" "trp_L_v" "cys_L_v" "CD" "pheme_c"
0 457000 1e+05 0.4963 224235600.199112 195370466.451958 120509812.093413 157438605.791629 18978882.6152 31300034.1459915 0 0 0 0 0 0 0 0 45700000 1000
1 396856.623567041 120166.214176755 0.594123778050854 230128743.071943 241557909.705186 133743619.303857 181123063.726722 33244507.832837 27567003.4584334 0 60143.3764329586 209344183.168781 203948859.331447 117794281.481824 157246816.001906 24947557.0959314 26828087.2378141 48532264.0500945 703.199612037501
2 341274.052534572 173836.01220063 0.697811999641676 241124717.845849 268663178.314179 143927328.837929 197174176.591814 40037145.9830507 27173901.4471468 0 115725.947465428 397162966.916742 408011503.646494 228636759.259418 308358124.859293 54394242.8371552 48564896.525569 52252899.9354785 881.875137512833
3 289763.446392494 233748.746804313 0.803529046103934 255893212.555433 291747343.714104 154328423.924283 212385013.460343 44685041.9007512 28133425.5366673 0 167236.553607506 566507823.495289 599159949.191473 330310539.069059 448001922.947393 83330521.1182539 67385445.1946065 57057131.3500154 1045.20826954656
4 242048.510777963 291132.076249983 0.907130904101754 274103805.919872 315738754.451948 166043319.607879 229004695.534412 48905469.5250787 29825121.6802448 0 214951.489222037 718659330.309204 773614955.674463 422298804.127038 574744557.328052 110219207.789063 84016284.3270089 63165450.2676162 1165.76175153296
5 198072.137788886 342648.500440386 1.00479496181341 295569158.316905 342332373.38194 179416041.192472 247780595.34116 53297744.721781 32025620.8359304 0 258927.862211114 853957044.474276 929919072.006042 504350759.430245 687988169.22869 134498136.030224 98702712.3991289 70824621.5511637 1248.65440226897
6 157983.280295598 386472.133530037 1.09355091849501 319928367.458067 371901519.215256 194404328.617439 268777722.492259 58049595.6848119 34622178.5711709 0 299016.719704402 972160267.456684 1067079484.48731 576142759.765654 787189884.126102 155882343.392623 111500275.941311 80308708.4132549 1301.77700056536
7 122094.373340917 421191.541150298 1.17156607022983 346481179.550643 404036524.56927 210656671.510818 291586822.295272 63151143.6576778 37514929.1958843 0 334905.626659083 1072764176.36927 1184206443.15782 637292941.476249 871780988.412586 174177849.82996 122388865.587195 91917689.8743255 1330.16733120879
8 90803.3433503534 445639.457927349 1.23815432292533 374094712.737315 437694559.465674 227517415.31071 315368045.134451 68463450.2284811 40579409.5757924 9737.47760380151 366196.656649647 1155371900.17614 1280687801.99217 687525890.198173 941357678.698338 189263959.139126 131340140.723663 105972358.037233 1336.15546598885
9 89510.4101137521 592261.766574307 1.25089778558361 311950832.85815 364949953.310772 189724697.098951 262968402.021951 57088948.6932529 33834943.5903189 7231.91770258679 367489.589886248 1222131529.83028 1358790027.156 728128260.045583 997634863.179044 201481405.461017 138581093.071992 67.7465602470049 161.001852167061
10 89510.4084534202 657210.967107857 1.26260617656806 256964780.157051 300622003.946536 156282849.558453 216616243.624622 47026157.9851905 27871023.0075644 7083.05496975896 367489.59154658 1277117588.46226 1423117983.4044 761570111.196263 1043987026.55872 211544197.251565 144545014.292314 0.00155336443835749 12.1554577985926
11 89510.4084533805 684167.507256374 1.27334453650376 211670846.907548 247632823.98279 128735631.018946 178434350.862916 38737085.6093575 22958333.2026484 7071.83491274952 367489.59154662 1322411521.71191 1476107163.36831 789117329.735857 1082168919.32055 219833269.627424 149457704.097246 1.36567924693556e-07 0.935401241746889
12 89510.4084533805 695355.556153583 1.28317724882001 174360655.197012 203983789.306537 106044026.84451 146982594.819495 31909087.7461286 18911579.3597854 7070.97159936296 367489.59154662 1359721713.42245 1519756198.04456 811808933.910293 1113620675.36397 226661267.490653 153504457.940109 2.80251054521058e-08 0.0720878552827198
13 89510.4084533805 699999.046755198 1.29216731293627 143626949.695299 168028557.889294 87352161.483185 121074686.995016 26284627.8901493 15578127.1543026 7070.90506765678 367489.59154662 1390455418.92416 1555711429.4618 830500799.271618 1139528583.18845 232285727.346632 156837910.145591 3.31981974745734e-08 0.00555614919422693
14 89510.4084533805 701926.281830608 1.30037577210736 118310525.136346 138410980.418085 71955020.4108299 99733440.2038609 21651564.2453889 12832246.3728172 7070.89993974607 367489.59154662 1415771843.48311 1585329006.93301 845897940.343973 1160869829.97961 236918790.991392 159583790.927077 3.93730461215978e-08 0.000428238603608258
15 89510.4084533805 702726.1686785 1.30786127890325 97456502.5828705 114013948.08338 59271857.8878515 82153910.3272919 17835148.0087861 10570368.5309086 7070.89954452722 367489.59154662 1436625866.03659 1609726039.26772 858581102.866952 1178449359.85617 240735207.227995 161845668.768985 4.67476574651435e-08 3.3019890037438e-05
16 89510.4084533805 703058.105309278 1.31467977970518 80278356.4528682 93917307.9503177 48824318.6348555 67673071.8059906 14691440.0916604 8707185.15720271 16808.3771178155 367489.59154662 1453804012.16659 1629822679.40078 869028642.119948 1192930198.37748 243878915.145121 163708852.142691 0 2.50669780442934e-06
17 89510.4084533805 703195.887256198 1.31943894862897 66128206.2168462 77363107.3415898 40218369.6047427 55744774.1265273 12101874.3149549 7172425.55883431 16808.3771152111 367489.59154662 1467954162.40261 1646376880.00951 877634591.150061 1204858496.05694 246468480.921827 165243611.741059 0 -9.76971367723919e-08
18 89510.4084533805 703253.094005947 1.32378667378165 54472128.8358941 63726711.963686 33129285.3082267 45918930.6933666 9968739.43137575 5908179.1486301 16808.3771152111 367489.59154662 1479610239.78357 1660013275.38741 884723675.446577 1214684339.4901 248601615.805406 166507858.151264 0 -9.76971367723919e-08
19 89510.4084533805 703276.862242032 1.32775605573565 44870560.7842214 52493878.3163717 27289728.5626381 37824998.1202398 8211592.57324386 4866769.80096266 16808.3771152111 367489.59154662 1489211807.83524 1671246109.03473 890563232.192166 1222778272.06323 250358762.663538 167549267.498931 0 -9.76971367723919e-08
20 89510.4084533805 703286.69333515 1.3313779678319 36961433.6616411 43241024.1174234 22479493.7768381 31157759.8839498 6764172.96436167 4008926.69939651 16808.3771152111 367489.59154662 1497120934.95782 1680498963.23368 895373466.977966 1229445510.29952 251806182.27242 168407110.600497 0 -9.76971367723919e-08
21 89510.4084533805 703290.780180485 1.33468112213826 30446396.7242839 35619110.0998799 18517127.6622037 25665712.1893846 5571880.55717553 3302289.99896919 16808.3771152111 367489.59154662 1503635971.89517 1688120877.25122 899335833.0926 1234937557.99409 252998474.679606 169113747.300925 0 -9.76971367723919e-08
22 89510.4084533805 703292.435088439 1.3376921536583 25079805.0610068 29340757.3264332 15253231.9756393 21141781.2193279 4589760.80035503 2720216.45710876 16808.3771152111 367489.59154662 1509002563.55845 1694399230.02467 902599728.779164 1239461488.96414 253980594.436426 169695820.842785 0 -9.76971367723919e-08
23 89510.4084533805 703293.18023832 1.34043572041234 20659102.1422887 24168995.7742661 12564614.3029513 17415215.8127852 3780744.58523726 2240736.30157191 16808.3771152111 367489.59154662 1513423266.47717 1699570991.57683 905288346.451852 1243188054.37069 254789610.651544 170175300.998322 0 -9.76971367723919e-08
24 89510.4084533805 703293.481861378 1.34293460341084 17017617.5651644 19908838.4474665 10349907.7350383 14345516.1059555 3114330.18821436 1845772.05639911 26545.8547190126 367489.59154662 1517064751.05429 1703831148.90363 907503053.019765 1246257754.07751 255456025.048567 170570265.243495 0 0
25 89510.4084533805 703293.605395502 1.344758912918 14018032.7490346 16399636.9223337 8525596.78366773 11816925.2426225 2565387.452299 1520429.81544142 26545.8547190126 367489.59154662 1520064335.87042 1707340350.42876 909327363.971135 1248786344.94084 256004967.784482 170895607.484453 0 0
26 89510.4084533805 703293.656712666 1.34642226607272 11547140.5235173 13508950.6114823 7022830.22663353 9734011.81002794 2113198.75900595 1252430.85455459 26545.8547190126 367489.59154662 1522535228.09594 1710231036.73961 910830130.52817 1250869258.37344 256457156.477776 171163606.44534 0 0
27 89510.4084533805 703293.677982659 1.34793850701989 9511779.11557381 11127789.9526658 5784948.20824833 8018242.27017979 1740714.92262802 1031670.62198563 26545.8547190126 367489.59154662 1524570589.50388 1712612197.39843 912068012.546555 1252585027.91329 256829640.314153 171384366.677908 0 0
28 89510.4084533805 703293.686818181 1.34932035460017 7835174.11359676 9166336.88811319 4765257.46645568 6604897.30769679 1433885.74684158 849821.978929801 26545.8547190126 367489.59154662 1526247194.50586 1714573650.46298 913087703.288347 1253998372.87577 257136469.48994 171566215.320964 0 0
29 89510.4084533805 703293.690300044 1.35057947736098 6454120.09965477 7550647.66807338 3925317.23588758 5440696.00135441 1181144.24582333 700029.512531328 26545.8547190126 367489.59154662 1527628248.5198 1716189339.68302 913927643.518916 1255162574.18211 257389210.990958 171716007.787363 0 0
30 89510.4084533805 703293.691918013 1.35172657387324 5316490.33156328 6219739.43845579 3233424.66683124 4481696.5351672 972950.900532083 576639.429963635 26545.8547190126 367489.59154662 1528765878.28789 1717520247.91264 914619536.087972 1256121573.6483 257597404.336249 171839397.86993 0 0
31 89510.4084533805 703293.692603331 1.35277144416397 4379378.41525585 5123416.19123748 2663484.61299896 3691729.66483454 801453.573158488 474997.999709636 26545.8547190126 367489.59154662 1529702990.2042 1718616571.15986 915189476.141804 1256911540.51863 257768901.663623 171941039.300184 0 0
32 89510.4084533805 703293.692889439 1.35372305948917 3607446.82447266 4220336.70466718 2194005.22131714 3041006.55239696 660185.275924356 391272.428003527 36283.3323228141 367489.59154662 1530474921.79498 1719519650.64643 915658955.533486 1257562263.63107 257910169.960857 172024764.871891 0 0
33 89510.4084533805 703293.693006103 1.3544284603432 2971585.67503788 3476445.44899392 1807282.21477731 2504988.13939416 543818.718407449 322305.386237408 36283.3323228141 367489.59154662 1531110782.94442 1720263541.9021 916045678.540026 1258098282.04407 258026536.518374 172093731.913657 0 0
34 89510.4084533805 703293.693054567 1.35507116053137 2447798.34578236 2863668.87912174 1488721.1406541 2063445.74727272 447962.369217663 265494.14270501 36283.3323228141 367489.59154662 1531634570.27367 1720876318.47198 916364239.614149 1258539824.43619 258122392.867564 172150543.15719 0 0
35 89510.4084533805 703293.693074654 1.35565667924077 2016336.17729775 2358903.12236049 1226311.1048265 1699731.64549524 369002.10047037 218696.709930844 36283.3323228141 367489.59154662 1532066032.44215 1721381084.22874 916626649.649976 1258903538.53797 258201353.136311 172197340.589964 0 0
36 89510.4084533805 703293.693082998 1.35619006077378 1660924.2952518 1943108.2724135 1010153.92694738 1400126.43585796 303959.50862299 180147.87559016 36283.3323228141 367489.59154662 1532421444.3242 1721796879.07868 916842806.827855 1259203143.74761 258266395.728158 172235889.424304 0 0
37 89510.4084533805 703293.693086286 1.35667591140607 1368164.21864279 1600609.5033139 832100.814059921 1153335.46302682 250382.588058401 148394.407951992 36283.3323228141 367489.59154662 1532714204.40081 1722139377.84778 917020859.940743 1259449934.72044 258319972.648723 172267642.891943 0 0
38 89510.4084533805 703293.693087814 1.35711843729121 1127005.96399756 1318479.48636998 685431.300800298 950043.8087838 206249.122859597 122237.799020708 36283.3323228141 367489.59154662 1532955362.65546 1722421507.86473 917167529.454003 1259653226.37468 258364106.113922 172293799.500874 0 0
39 89510.4084533805 703293.693088462 1.35752147717864 928354.099186947 1086077.5141986 564613.65612647 782584.203160021 169894.592200076 100691.536177807 36283.3323228141 367489.59154662 1533154014.52027 1722653909.8369 917288347.098676 1259820685.98031 258400460.644581 172315345.763717 0 0
40 89510.4084533805 703293.693088732 1.35788853380575 764717.667549191 894639.948445285 465091.971433744 644641.917373448 139948.104274273 82943.1321036604 46020.8099266156 367489.59154662 1533317650.9519 1722845347.40265 917387868.783369 1259958628.26609 258430407.132507 172333094.167791 0 0
41 89510.4084533805 703293.693088842 1.35816216184234 629925.871564177 736947.599323348 383113.24282835 531015.090771589 115280.364636083 68323.2871395639 46020.8099266156 367489.59154662 1533452442.74788 1723003039.75177 917469847.511974 1260072255.09269 258455074.872145 172347714.012755 0 0
42 89510.4084533805 703293.693088888 1.35841139930065 518891.822464863 607049.337288632 315583.686518538 437415.576411585 94960.4409037784 56280.2649978578 46020.8099266156 367489.59154662 1533563476.79698 1723132938.01381 917537377.068284 1260165854.60705 258475394.795877 172359757.034897 0 0
43 89510.4084533805 703293.693088907 1.35863841171592 427429.144841237 500047.539545278 259957.199968396 360314.342356977 78222.2002583156 46360.0012526725 46020.8099266156 367489.59154662 1533654939.47461 1723239939.81155 917593003.554834 1260242955.84111 258492133.036523 172369677.298642 0 0
44 89510.4084533805 703293.693088914 1.35884517448963 352087.840923859 411906.068368782 214135.536554207 296803.108504661 64434.2715831739 38188.3007822121 46020.8099266156 367489.59154662 1533730280.77853 1723328081.28273 917638825.218248 1260306467.07496 258505920.965198 172377848.999112 0 0
45 89510.4084533805 703293.693088918 1.35903348836742 290027.659268099 339302.125668004 176391.289940529 244487.598882229 53076.8711435117 31457.1030292587 46020.8099266156 367489.59154662 1533792340.96018 1723400685.22543 917676569.464862 1260358782.58458 258517278.365638 172384580.196865 0 0
46 89510.4084533805 703293.693088919 1.35920499517467 238906.190763586 279495.336982319 145299.835436083 201393.208790116 43721.3234577204 25912.3446230719 46020.8099266156 367489.59154662 1533843462.42869 1723460492.01411 917707660.919366 1260401876.97467 258526633.913324 172390124.955272 0 0
47 89510.4084533805 703293.69308892 1.35936119126749 196795.357435192 230230.052084897 119688.53949965 165894.60650725 36014.7782269741 21344.9015522898 46020.8099266156 367489.59154662 1533885573.26201 1723509757.29901 917733272.215303 1260437375.57696 258534340.458554 172394692.398342 0 0
48 89510.4084533805 703293.69308892 1.35950344035943 162107.203331795 189648.528058936 98591.6266624581 136653.176473308 29666.6296048791 17582.5402648215 55758.2875304171 367489.59154662 1533920261.41612 1723550338.82304 917754369.12814 1260466617.00699 258540688.607176 172398454.75963 0 0
49 89510.4084533805 703293.69308892 1.35960971101388 133533.624433293 156220.419572076 81213.5239916878 112566.212788548 24437.4863944282 14483.3806274507 55758.2875304171 367489.59154662 1533948834.99502 1723583766.93153 917771747.230811 1260490703.97067 258545917.750386 172401553.919267 0 0
50 89510.4084533805 703293.69308892 1.35970649864342 109996.285077941 128684.186317654 66898.4008715831 92724.6997494524 20130.0064417306 11930.4637401289 55758.2875304171 367489.59154662 1533972372.33437 1723611303.16478 917786062.353931 1260510545.48371 258550225.230339 172404106.836155 0 0
51 89510.4084533805 703293.69308892 1.3597946479831 90607.7452552307 106001.615999893 55106.5270964348 76380.5429229995 16581.7826880797 9827.53570792321 55758.2875304171 367489.59154662 1533991760.8742 1723633985.7351 917797854.227706 1260526889.64054 258553773.454093 172406209.764187 0 0
52 89510.4084533805 703293.69308892 1.35987492903215 74636.6638424413 87317.1157482572 45393.1099028595 62917.2361610882 13658.9751451427 8095.27349969575 55758.2875304171 367489.59154662 1534007731.95561 1723652670.23535 917807567.6449 1260540352.9473 258556696.261636 172407942.026395 0 0
53 89510.4084533805 703293.69308892 1.35994804324882 61480.9555685538 71926.3085636503 37391.9683621928 51827.2334503309 11251.3984518822 6668.37348733521 55758.2875304171 367489.59154662 1534020887.66388 1723668061.04254 917815568.78644 1260551442.95001 258559103.838329 172409368.926407 0 0
54 89510.4084533805 703293.69308892 1.36001462981264 50644.0693948472 59248.2814967148 30801.1061804869 42691.9520545643 9268.18067020494 5492.97854140862 55758.2875304171 367489.59154662 1534031724.55006 1723680739.0696 917822159.648622 1260560578.23141 258561087.056111 172410544.321353 0 0
55 89510.4084533805 703293.69308892 1.36007527096301 41717.2853774789 48804.8748226211 25371.9448659498 35166.8491190227 7634.52350036295 4524.7579059598 55758.2875304171 367489.59154662 1534040651.33407 1723691182.47628 917827588.809936 1260568103.33434 258562720.71328 172411512.541989 0 0
56 89510.4084533805 703293.69308892 1.36013049708264 34363.9837403853 40202.2784963254 20899.7563706803 28968.1608089263 6288.82342314855 3727.20098401999 55758.2875304171 367489.59154662 1534048004.63571 1723699785.0726 917832060.998432 1260574302.02265 258564066.413358 172412310.098911 0 0
57 89510.4084533805 703293.69308892 1.36018079133712 28306.8132107911 33116.0204428304 17215.8590286091 23862.0854692921 5180.32342523505 3070.22558416994 55758.2875304171 367489.59154662 1534054061.80624 1723706871.33066 917835744.895774 1260579408.09799 258565174.913356 172412967.074311 0 0
58 89510.4084533805 703293.69308892 1.36022659383872 23317.3019383523 27278.812415654 14181.2990430571 19656.0258345911 4267.21173256188 2529.05109564412 55758.2875304171 367489.59154662 1534059051.31751 1723712708.53868 917838779.455759 1260583614.15763 258566088.025048 172413508.248799 0 0
59 89510.4084533805 703293.69308892 1.36026830546839 19207.2715744327 22470.5053646741 11681.6286343243 16191.3512668496 3515.05053327423 2083.26723855452 55758.2875304171 367489.59154662 1534063161.34788 1723717516.84573 917841279.126168 1260587078.8322 258566840.186248 172413954.032656 0 0
60 89510.4084533805 703293.69308892 1.36030629139098 15821.6980861344 18509.737332812 9622.56407373568 13337.3795626259 2895.46946214889 1716.05973047309 55758.2875304171 367489.59154662 1534066546.92137 1723721477.61377 917843338.190729 1260589932.8039 258567459.767319 172414321.240164 0 0
61 89510.4084533805 703293.69308892 1.36034088420798 13032.8829425675 15247.1143516271 7926.44067012363 10986.4633779499 2385.09889131536 1413.57807916395 55758.2875304171 367489.59154662 1534069335.73651 1723724740.23675 917845034.314132 1260592283.72008 258567970.13789 172414623.721816 0 0
62 89510.4084533805 703293.69308892 1.36037238686164 10735.6393195057 12559.5788026069 6529.285078129 9049.93229375177 1964.68897567419 1164.41346667034 55758.2875304171 367489.59154662 1534071632.98013 1723727427.7723 917846431.469724 1260594220.25117 258568390.547805 172414872.886428 0 0
63 89510.4084533805 703293.69308892 1.36040107527017 8843.31774834511 10345.7598407793 5378.39814630451 7454.74251628843 1618.38232186041 959.167681565894 55758.2875304171 367489.59154662 1534073525.3017 1723729641.59126 917847582.356656 1260595815.44095 258568736.854459 172415078.132213 0 0
64 89510.4084533805 703293.69308892 1.36042720073648 7284.54800057085 8522.16173919996 4430.37337092951 6140.73034998223 1333.11773277327 790.099735845242 55758.2875304171 367489.59154662 1534075084.07145 1723731465.18936 917848530.381432 1260597129.45311 258569022.119048 172415247.200159 0 0
65 89510.4084533805 703293.693088921 1.36045099214188 6000.53533927471 7020.00078509701 3649.45250911393 5058.3329907549 1098.13540473519 650.832609809073 55758.2875304171 367489.59154662 1534076368.08411 1723732967.35031 917849311.302293 1260598211.85047 258569257.101376 172415386.467285 0 0
66 89510.4084533805 703293.69308892 1.36047265794064 4942.84925888325 5782.61833587846 3006.1807172331 4166.724477213 904.572253065821 536.113413414321 55758.2875304171 367489.59154662 1534077425.77019 1723734204.73276 917849954.574085 1260599103.45899 258569450.664528 172415501.186481 0 0
67 89510.4084533805 703293.693088918 1.36049238798358 4071.59671025068 4763.34368293429 2476.29552867868 3432.2757554161 745.127600876698 441.615249839156 55758.2875304171 367489.59154662 1534078297.02274 1723735224.00742 917850484.459274 1260599837.90771 258569610.10918 172415595.684645 0 0
68 89510.4084533805 703293.693088922 1.36051035517296 3353.91566687045 3923.73168115123 2039.81065917634 2827.28478489239 613.787492289256 363.773824022287 55758.2875304171 367489.59154662 1534079014.70378 1723736063.61942 917850920.944143 1260600442.89868 258569741.449289 172415673.526071 0 0
69 89510.4084533805 703293.693088922 1.36052671697684 2762.73680333995 3232.11404181265 1680.26287471028 2328.93265799787 505.598071867906 299.653131307222 55758.2875304171 367489.59154662 1534079605.88265 1723736755.23706 917851280.491928 1260600941.2508 258569849.638709 172415737.646764 0 0
70 89510.4084533805 703293.693088914 1.3605416168054 2275.76229164349 2662.40463071124 1384.09090786041 1918.42274531586 416.478697968484 246.83469521145 55758.2875304171 367489.59154662 1534080092.85716 1723737324.94647 917851576.663895 1260601351.76072 258569938.758083 172415790.4652 0 0
71 89510.4084533805 703293.693088921 1.36055518526294 1874.62445021484 2193.11517526382 1140.12375840949 1580.27145340396 343.067970267463 203.326312464096 55758.2875304171 367489.59154662 1534080493.995 1723737794.23592 917851820.631044 1260601689.91201 258570012.168811 172415833.973582 0 0
72 89510.4084533805 703293.693088931 1.36056754128915 1544.19326191981 1806.54513274291 939.159534214363 1301.72447610558 282.597001232331 167.486944727556 55758.2875304171 367489.59154662 1534080824.42619 1723738180.80597 917852021.595268 1260601968.45899 258570072.63978 172415869.81295 0 0
