"Time" "IECs" "pheme_e" "BiomassCD" "pro_L_e" "leu_L_e" "ile_L_e" "val_L_e" "trp_L_e" "cys_L_e" "Drug" "Damage" "pro_L_v" "leu_L_v" "ile_L_v" "val_L_v" "trp_L_v" "cys_L_v" "CD" "pheme_c"
0 457000 1e+05 0.4963 224235600.199112 195370466.451958 120509812.093413 157438605.791629 18978882.6152 31300034.1459915 0 0 0 0 0 0 0 0 45700000 1000
1 401639.841123567 117679.840181686 0.594123778054986 218129179.054397 227759628.45397 126473336.031326 171105551.422466 31106150.2467142 26264815.0158048 0 55360.158876433 204213616.222978 197853738.765073 114637303.232505 152870374.041225 23967270.8849944 26293520.1387369 48532264.049998 689.125833573611
2 349840.621394284 166990.007471148 0.697811987236688 224134918.410821 249147206.663819 133641854.866041 183002145.738355 37018864.3290853 25325122.7976588 0 107159.378605715 383488245.669754 391899115.409308 220256414.738563 296757559.985049 51827172.2386016 47124112.7329273 52252900.5338351 847.376726430475
3 301192.278552573 222716.93945572 0.803529037778061 236224867.591999 269108532.025853 142414952.000947 195959261.054223 41179102.8380772 25994186.1543512 0 155807.721447427 545289572.131885 574266247.925953 317335829.367563 430054138.539935 79384969.5648887 65136013.0274522 57057131.6806781 995.959565423615
4 255468.38099307 276741.385959787 0.907130843287616 252590740.972942 290903184.701974 153001788.736549 211007195.831684 45051509.1594158 27487257.2725095 0 201531.619006929 692198733.109888 742637285.199804 406138073.457573 552395806.015262 105323601.392017 81200918.5721428 63165448.9481037 1108.14656084496
5 212643.178524068 325965.134224114 1.0047947218273 272588683.773203 315716272.563201 165474877.776036 228520127.09322 49160126.3074998 29528601.498188 0 244356.821475932 824902148.992191 895934214.407159 486617126.173837 663464711.666973 129135733.475353 95604452.0945614 70824613.7658897 1187.83392527538
6 172893.130144718 368658.610978868 1.09355023489851 295780121.180487 343831642.519685 179746829.0008 248499192.329962 53680243.4507935 31995420.3999351 0 284106.869855281 943141692.896388 1033139295.66039 558436585.153152 762700591.325432 150530914.675929 108401651.770484 80308684.3527379 1241.73617101551
7 136572.814320713 403421.817374873 1.17156461139805 321556460.481152 374937790.411528 195522396.462335 270609557.778502 58617737.052311 34796512.4400207 0 320427.185679287 1046173493.36711 1153089341.28059 621068604.195985 849335075.277888 169271938.887393 119547561.006817 91917637.5379151 1274.00581548953
8 104157.058394267 429008.523841578 1.23815289944659 348956322.579393 408179152.332305 212250191.200773 294151347.972932 63862957.4622208 37824802.9880699 9737.47760380151 352842.941605733 1133156563.83774 1254665108.2579 673967557.163115 922594258.508762 185158687.431955 128966920.734523 105972270.276363 1286.24951176156
9 103117.570880141 572208.306597071 1.25089651114741 282068678.716586 329912827.601152 171567656.109279 237760058.893912 51620376.6650694 30571958.141164 7469.16274852337 353882.429119859 1203756688.74663 1337240622.38365 716909913.92633 982104287.545594 198078977.487861 136618928.786853 0.677804759893294 76.5274467034928
10 103117.570867717 634333.281498658 1.262605040388 225600736.928049 263866861.671407 137221154.179144 190162355.99979 41286381.2782223 24451691.4013717 7395.82442539164 353882.429132283 1260224630.57956 1403286588.36492 751256415.88349 1029701990.47701 208412972.882808 142739195.531416 1.67885633402152e-07 3.18923868341597
11 103117.570867717 660002.743833981 1.27334352808916 180437235.095137 211042781.160792 109750553.095688 152093340.664586 33021170.8807581 19556654.1578725 7392.76935829451 353882.429132283 1305388132.41248 1456110668.87554 778727016.966946 1067771005.81222 216678183.280273 147634232.774915 3.00425027819118e-08 0.134171586387546
12 103117.570867717 670609.127157861 1.28317635806985 144315112.849824 168793668.132312 87779351.3461 121645444.246269 26410590.9158789 15641565.0587323 7392.64083351635 353882.429132283 1341510254.65779 1498359781.90402 800698218.716534 1098218902.23053 223288763.245152 151549321.874056 2.81815083837251e-08 0.00564680831776336
13 103117.570867717 674991.585837525 1.29216653020804 115424356.765738 135002496.866531 70206612.2276511 97292978.3883348 21123397.3218078 12510246.1555246 7392.63542436541 353882.429132283 1370401010.74187 1532150953.1698 818270957.834983 1122571368.08847 228575956.839223 154680640.777263 -1.48417774355537e-08 0.000237657386830737
14 103117.570867717 676802.369888735 1.3003750882184 92317307.3344799 107976057.59627 56151800.0146794 77815688.4650618 16894659.1269591 10005793.1577955 7392.63519673476 353882.429132283 1393508060.17313 1559177392.44006 832325770.047955 1142048658.01174 232804695.034072 157185093.774992 -1.48417774355537e-08 1.00267330663911e-05
15 103117.570867717 677550.512999311 1.30786068472821 73836143.8657682 86360141.4830152 44910672.8079059 62237629.4804924 13512487.7217401 8002715.89825901 7392.63518711594 353882.429132283 1411989223.64184 1580793308.55332 843566897.254728 1157626716.99631 236186866.439291 159188171.034529 -1.48417774355537e-08 4.07913411776508e-07
16 103117.570867717 677859.834283002 1.31467926887942 59054695.177931 69071481.3069605 35919889.0143595 49778117.3980226 10807387.8418352 6400631.49595727 17130.1127904908 353882.429132283 1426770672.32968 1598081968.72937 852557681.048275 1170086229.07878 238891966.319196 160790255.436831 0 0
17 103117.570867717 677987.491107138 1.31943849403425 47232508.5505322 55244029.6508061 28729069.8883994 39813013.1490397 8643851.89205346 5119286.12874434 17130.1127904908 353882.429132283 1438592858.95708 1611909420.38552 859748500.174235 1180051333.32776 241055502.268978 162071600.804044 0 0
18 103117.570867717 678040.27060366 1.32378626841568 37776910.262207 44184584.1918064 22977722.9369391 31842742.8725336 6913416.78150678 4094442.97215836 17130.1127904908 353882.429132283 1448048457.2454 1622968865.84452 865499847.125695 1188021603.60427 242785937.379524 163096443.96063 0 0
19 103117.570867717 678062.064707036 1.32775569414328 30214261.1025429 35339167.6082652 18377758.1474978 25468068.7407721 5529403.49799121 3274766.73374285 17130.1127904908 353882.429132283 1455611106.40507 1631814282.42807 870099811.915137 1194396277.73603 244169950.66304 163916120.199045 0 0
20 103117.570867717 678071.029347109 1.33137764688068 24165572.4069825 28264507.6357055 14698656.4948296 20369535.337382 4422454.68603841 2619180.80179628 17130.1127904908 353882.429132283 1461659795.10063 1638888942.40062 873778913.567805 1199494811.13942 245276899.474993 164571706.130992 0 0
21 103117.570867717 678074.716911752 1.33468083771519 19327882.1927138 22606254.2454044 11756142.0163649 16291771.3137837 3537126.36037819 2094848.70153164 17130.1127904908 353882.429132283 1466497485.3149 1644547195.79093 876721428.04627 1203572575.16302 246162227.800653 165096038.231257 0 0
22 103117.570867717 678076.298764295 1.33769190324276 15458591.1387599 18080658.7123291 9402654.20640295 13030285.9441528 2829021.28986636 1675476.3533662 17130.1127904908 353882.429132283 1470366776.36885 1649072791.324 879074915.856232 1206834060.53265 246870332.871165 165515410.579422 0 0
23 103117.570867717 678076.952260489 1.34043550073984 12363896.8770229 14461046.1445852 7520313.19896837 10421720.2101737 2262672.39859323 1340058.52583613 17130.1127904908 353882.429132283 1473461470.63059 1652692403.89175 880957256.863666 1209442626.26663 247436681.762438 165850828.406952 0 0
24 103117.570867717 678077.221983656 1.34293441179202 9888733.49594125 11566048.5378252 6014800.4929425 8335366.65282246 1809701.63055083 1071788.43068353 26867.5903942923 353882.429132283 1475936634.01167 1655587401.49851 882462769.569692 1211528979.82398 247889652.53048 166119098.502105 0 0
25 103117.570867717 678077.333551719 1.34475874261223 7909103.65165293 9250636.26836079 4810694.9754709 6666705.9900808 1447416.67681372 857226.64023636 26867.5903942923 353882.429132283 1477916263.85596 1657902813.76798 883666875.087164 1213197640.48672 248251937.484217 166333660.292552 0 0
26 103117.570867717 678077.379679396 1.34642211391555 6325759.69385819 7398727.41922024 3847629.48060746 5332080.84003837 1157654.58105899 685616.217480645 26867.5903942923 353882.429132283 1479499607.81375 1659754722.61712 884629940.582027 1214532265.63677 248541699.579972 166505270.715308 0 0
27 103117.570867717 678077.398726776 1.34793837118366 5059390.87507347 5917558.64964382 3077363.41988294 4264638.94501665 925900.968002875 548361.082684171 26867.5903942923 353882.429132283 1480765976.63254 1661235891.38669 885400206.642752 1215599707.53179 248773453.193028 166642525.850104 0 0
28 103117.570867717 678077.406561626 1.3493202336183 4046535.37698793 4732903.82428436 2461296.2812888 3410887.35525692 740541.918014308 438582.939178953 26867.5903942923 353882.429132283 1481778832.13062 1662420546.21205 886016273.781346 1216453459.12155 248958812.243017 166752303.99361 0 0
29 103117.570867717 678077.409784417 1.3505793700736 3236462.09523986 3785426.89008049 1968570.98169633 2728064.0370032 592293.31373684 350783.306218901 26867.5903942923 353882.429132283 1482588905.41237 1663368023.14626 886508999.080938 1217136282.4398 249107060.847294 166840103.62657 0 0
30 103117.570867717 678077.411166784 1.351726479222 2588547.71554055 3027614.05519796 1574478.47915296 2181926.96933458 473720.828202628 280559.233892527 26867.5903942923 353882.429132283 1483236819.79207 1664125835.98114 886903091.583482 1217682419.50747 249225633.332828 166910327.698896 0 0
31 103117.570867717 678077.411738483 1.35277136086197 2070340.85083452 2421509.56747117 1259280.28854955 1745122.37538863 378885.649521147 224393.485010663 26867.5903942923 353882.429132283 1483755026.65678 1664731940.46886 887218289.774085 1218119224.10141 249320468.51151 166966493.447778 0 0
32 103117.570867717 678077.411978215 1.35372298655374 1655874.78604752 1936742.26895155 1007182.21230834 1395762.50877173 303035.702350371 179471.662278564 36605.0679980938 353882.429132283 1484169492.72156 1665216707.76738 887470387.850326 1218468583.96803 249396318.458681 167011415.27051 0 0
33 103117.570867717 678077.412073116 1.35442839554671 1324384.51230491 1549025.01501832 805553.979255943 1116344.22182698 242370.856933113 143543.154302566 36605.0679980938 353882.429132283 1484500982.9953 1665604425.02131 887672016.083378 1218748002.25497 249456983.304098 167047343.778486 0 0
34 103117.570867717 678077.412112352 1.35507110262893 1059252.5443209 1238921.68258542 644288.040358955 892860.378780927 193850.006920444 114806.878215618 36605.0679980938 353882.429132283 1484766114.96329 1665914528.35375 887833282.022275 1218971486.09802 249505504.154111 167076080.054573 0 0
35 103117.570867717 678077.412128554 1.3556566275196 847198.268124538 990899.015967174 515306.491253608 714116.544383831 155042.714808129 91823.4172903627 36605.0679980938 353882.429132283 1484978169.23948 1666162551.02036 887962263.57138 1219150229.93242 249544311.446223 167099063.515498 0 0
36 103117.570867717 678077.412135219 1.35619001466552 677594.960938055 792527.800492546 412145.651082453 571155.28938481 124004.222195484 73440.9962732783 36605.0679980938 353882.429132283 1485147772.54667 1666360922.23584 888065424.411552 1219293191.18742 249575349.938836 167117445.936515 0 0
37 103117.570867717 678077.41213796 1.35667587048962 541947.667135988 633872.176414571 329638.481689946 456816.084089468 99179.8977383465 58738.8910734308 36605.0679980938 353882.429132283 1485283419.84047 1666519577.85992 888147931.580944 1219407530.39271 249600174.263293 167132148.041715 0 0
38 103117.570867717 678077.412139136 1.35711840117714 433453.985996137 506975.928009669 263647.437733815 365365.079551198 79324.8584915273 46979.8248294384 36605.0679980938 353882.429132283 1485391913.52161 1666646474.10832 888213922.6249 1219498981.39725 249620029.30254 167143907.107959 0 0
39 103117.570867717 678077.412139623 1.35752144535279 346679.911968004 405483.340263609 210867.297238243 292221.86831181 63444.6465996096 37574.8339208653 36605.0679980938 353882.429132283 1485478687.59564 1666747966.69607 888266702.765395 1219572124.60849 249635909.514432 167153312.098868 0 0
40 103117.570867717 678077.412139827 1.35788850586732 277277.301874792 324308.743201274 168653.311638218 233721.333129297 50743.5239834808 30052.6457066036 46342.5456018953 353882.429132283 1485548090.20573 1666829141.29313 888308916.750995 1219630625.14367 249648610.637048 167160834.287082 0 0
41 103117.570867717 678077.412139907 1.35816213702789 221769.042948276 259385.240382863 134890.534707216 186932.561786412 40585.156713336 24036.39400468 46342.5456018953 353882.429132283 1485603598.46466 1666894064.79595 888342679.527926 1219677413.91501 249658769.004318 167166850.538784 0 0
42 103117.570867717 678077.412139941 1.3584113771251 177372.523463228 207458.236840365 107886.448957186 149510.047753758 32460.3090029746 19224.4859917661 46342.5456018953 353882.429132283 1485647994.98414 1666945991.79949 888369683.613676 1219714836.42905 249666893.852028 167171662.446797 0 0
43 103117.570867717 678077.412139954 1.35863839190328 141863.897799948 165926.680943796 86288.4051600841 119579.277108281 25962.0028459899 15375.8905987366 46342.5456018953 353882.429132283 1485683503.60981 1666987523.35539 888391281.657473 1219744767.19969 249673392.158186 167175511.04219 0 0
44 103117.570867717 678077.41213996 1.35884515681942 113463.714328769 132709.292625503 69014.0557591 95640.322505362 20764.5871853464 12297.7423114769 46342.5456018953 353882.429132283 1485711903.79328 1667020740.74371 888408556.006874 1219768706.15429 249678589.573846 167178589.190477 0 0
45 103117.570867717 678077.412139963 1.35903347268242 90749.4872876074 106142.305805088 55198.1769046375 76494.1486600208 16607.7380064334 9835.86529106491 46342.5456018953 353882.429132283 1485734618.02032 1667047307.73053 888422371.885729 1219787852.32814 249682746.423025 167181051.067497 0 0
46 103117.570867717 678077.412139963 1.35920498132903 72582.1502282521 84893.4469580198 44147.9339240867 61180.6188174692 13282.9988461986 7866.80204504487 46342.5456018953 353882.429132283 1485752785.35738 1667068556.58937 888433422.128709 1219803165.85798 249686071.162185 167183020.130744 0 0
47 103117.570867717 678077.412139964 1.359361179057 58051.7754231715 67898.4475137195 35309.8652698844 48932.7408002295 10623.8470965775 6291.93023603385 46342.5456018953 353882.429132283 1485767315.73218 1667085551.58882 888442260.197364 1219815413.736 249688730.313935 167184595.002553 0 0
48 103117.570867717 678077.412139964 1.35950342960949 46430.263488277 54305.7087492379 28241.1060861698 39136.7883582654 8497.0359021331 5032.33495581087 56080.0232056968 353882.429132283 1485778937.24412 1667099144.32758 888449328.956547 1219825209.68844 249690857.125129 167185854.597833 0 0
49 103117.570867717 678077.412139964 1.35960970146754 37135.3697720186 43434.2263778811 22587.5073387321 31301.9784550732 6796.01075861867 4024.90973259015 56080.0232056968 353882.429132283 1485788232.13784 1667110015.80995 888454982.555295 1219833044.49834 249692558.150272 167186862.023056 0 0
50 103117.570867717 678077.412139964 1.35970649011225 29701.1438492468 34739.0160256932 18065.6557018883 25035.554259128 5435.49975082932 3219.15262139035 56080.0232056968 353882.429132283 1485795666.36376 1667118711.0203 888459504.406931 1219839310.92254 249693918.66128 167187667.780167 0 0
51 103117.570867717 678077.412139964 1.35979464036052 23755.2015008307 27784.5301116865 14449.04928986 20023.6273434179 4347.35417915362 2574.70283202559 56080.0232056968 353882.429132283 1485801612.30611 1667125665.50622 888463121.013343 1219844322.84945 249695006.806852 167188312.229957 0 0
52 103117.570867717 678077.412139964 1.35987492223288 18999.5723947069 22222.2569356628 11556.4483007135 16015.0338991062 3477.04356241189 2059.2649087913 56080.0232056968 353882.429132283 1485806367.93521 1667131227.77939 888466013.614333 1219848331.4429 249695877.117469 167188827.66788 0 0
53 103117.570867717 678077.412139964 1.35994803721324 15196.0603799924 17773.5978030807 9242.97044731529 12808.9947006513 2780.97647781773 1647.02200882742 56080.0232056968 353882.429132283 1485810171.44723 1667135676.43853 888468327.092186 1219851537.4821 249696573.184553 167189239.91078 0 0
54 103117.570867717 678077.412139964 1.36001462448487 12153.9280313784 14215.4626367322 7392.60010842913 10244.7342174947 2224.24675364246 1317.30109389015 56080.0232056968 353882.429132283 1485813213.57958 1667139234.57369 888470177.462525 1219854101.74258 249697129.914277 167189569.631695 0 0
55 103117.570867717 678077.412139964 1.36007526626009 9720.80736598054 11369.6389803532 5912.65979214594 8193.81911648862 1778.97007212357 1053.58779018945 56080.0232056968 353882.429132283 1485815646.70024 1667142080.39735 888471657.402841 1219856152.65768 249697575.190959 167189833.344999 0 0
56 103117.570867717 678077.412139964 1.36013049291638 7774.77767128954 9093.52607731226 4728.99149208381 6553.48054035172 1422.83416118734 842.667745333097 56080.0232056968 353882.429132283 1485817592.72994 1667144356.51025 888472841.071141 1219857792.99626 249697931.32687 167190044.265043 0 0
57 103117.570867717 678077.412139964 1.36018078766795 6218.32568156541 7273.07057941331 3782.28297790689 5241.52304678689 1137.99346800515 673.972003235751 56080.0232056968 353882.429132283 1485819149.18193 1667146176.96575 888473787.779655 1219859104.95375 249698216.167563 167190212.960786 0 0
58 103117.570867717 678077.412139964 1.3602265906405 4973.46559268495 5817.05882455086 3025.09955504331 4192.21119339913 910.176090422951 539.048087890135 56080.0232056968 353882.429132283 1485820394.04202 1667147632.9775 888474544.963078 1219860154.2656 249698443.984941 167190347.884701 0 0
59 103117.570867717 678077.412139964 1.36026830270761 3977.8162325003 4652.52862143874 2419.49801214659 3352.96292382109 727.965873985975 431.134828249622 56080.0232056968 353882.429132283 1485821389.69138 1667148797.50771 888475150.564621 1219860993.51387 249698626.195157 167190455.79796 0 0
60 103117.570867717 678077.412139964 1.36030628903036 3181.48826375461 3721.12846364092 1935.13326908608 2681.72574282951 582.232750114877 344.824978329848 56080.0232056968 353882.429132283 1485822186.01934 1667149728.90787 888475634.929364 1219861664.75106 249698771.928281 167190542.10781 0 0
61 103117.570867717 678077.412139964 1.36034088221269 2544.5784399027 2976.18676408837 1547.73426353732 2144.86458575927 465.674168855537 275.793632619769 56080.0232056968 353882.429132283 1485822822.92917 1667150473.84957 888476022.32837 1219862201.61221 249698888.486862 167190611.139156 0 0
62 103117.570867717 678077.412139964 1.36037238519898 2035.17338574566 2380.3770393939 1237.88975492469 1715.47917427634 372.449777936598 220.581866239239 56080.0232056968 353882.429132283 1485823332.33422 1667151069.65929 888476332.172878 1219862630.99762 249698981.711253 167190666.350923 0 0
63 103117.570867717 678077.412139964 1.36040107390953 1627.74735519483 1903.84389722171 990.073764090222 1372.05346157622 297.888202167638 176.423076230092 56080.0232056968 353882.429132283 1485823739.76025 1667151546.19243 888476579.988869 1219862974.42334 249699056.272829 167190710.509713 0 0
64 103117.570867717 678077.412139964 1.36042719965213 1301.88482941676 1522.70896307121 791.868596412695 1097.37889057176 238.25327070973 141.104530607885 56080.0232056968 353882.429132283 1485824065.62278 1667151927.32737 888476778.194037 1219863249.09791 249699115.90776 167190745.828258 0 0
65 103117.570867717 678077.412139964 1.36045099130786 1041.2575455256 1217.87439381076 633.342621750093 877.692115530882 190.556806767461 112.856493818375 56080.0232056968 353882.429132283 1485824326.25006 1667152232.16194 888476936.720012 1219863468.78468 249699163.604224 167190774.076295 0 0
66 103117.570867717 678077.412139964 1.36047265733487 832.805773399673 974.065283655889 506.55228785624 701.984887622141 152.408795997193 90.2634895866659 56080.0232056968 353882.429132283 1485824534.70183 1667152475.97105 888477063.510345 1219863644.49191 249699201.752235 167190796.669299 0 0
67 103117.570867717 678077.412139964 1.36049238758468 666.084459807727 779.064902051324 405.144413977503 561.452909669713 121.897726690011 72.1934328772251 56080.0232056968 353882.429132283 1485824701.42315 1667152670.97143 888477164.918219 1219863785.02389 249699232.263305 167190814.739356 0 0
68 103117.570867717 678077.412139964 1.3605103549637 532.739464716989 623.102089813688 324.037612734212 449.054347623693 97.4947376580436 57.7408618693743 56080.0232056968 353882.429132283 1485824834.76814 1667152826.93424 888477246.025021 1219863897.42245 249699256.666294 167190829.191927 0 0
69 103117.570867717 678077.412139964 1.36052671694111 426.089108478809 498.361828855759 259.167767112709 359.157110200495 77.9770386865547 46.181584031492 56080.0232056968 353882.429132283 1485824941.4185 1667152951.6745 888477310.894866 1219863987.31969 249699276.183993 167190840.751205 0 0
70 103117.570867717 678077.412139964 1.3605416169265 340.789337467301 398.593613624821 207.284368198331 287.256611812655 62.3666336990511 36.9363851647604 56080.0232056968 353882.429132283 1485825026.71827 1667153051.44272 888477362.778265 1219864059.22019 249699291.794397 167190849.996404 0 0
71 103117.570867717 678077.412139964 1.36055518552752 272.565924544642 318.798227734057 165.787626694897 229.75004019247 49.8813117254585 29.542004003385 56080.0232056968 353882.429132283 1485825094.94168 1667153131.2381 888477404.275007 1219864116.72676 249699304.279719 167190857.390785 0 0
72 103117.570867717 678077.412139964 1.36056754168437 218.000319896795 254.977271075471 132.598217164517 183.755846743992 39.8954562320598 23.6279216996383 56080.0232056968 353882.429132283 1485825149.50729 1667153195.05906 888477437.464416 1219864162.72095 249699314.265575 167190863.304867 0 0
