"Time" "IECs" "pheme_e" "BiomassCD" "pro_L_e" "leu_L_e" "ile_L_e" "val_L_e" "trp_L_e" "cys_L_e" "Drug" "Damage" "pro_L_v" "leu_L_v" "ile_L_v" "val_L_v" "trp_L_v" "cys_L_v" "CD" "pheme_c"
0 457000 1e+05 0.4963 224235600.199112 195370466.451958 120509812.093413 157438605.791629 18978882.6152 31300034.1459915 0 0 0 0 0 0 0 0 45700000 1000
1 300872.255622012 172488.142553152 0.594123777866344 484143095.922271 533494994.179877 287604929.356612 393105423.355609 78456856.3995788 55152120.2344959 0 156127.744377987 299065495.84337 311210761.14013 173167937.308809 234100914.850556 42316712.1550369 36100967.7526428 48532264.0540965 1000.08229132399
2 192426.365556601 304061.420888801 0.697811926159562 588173213.296698 666645999.180825 353842083.1689 486335628.697575 101451030.848439 65031195.6154794 0 264573.634443399 582816863.845496 629086212.92123 342984063.497012 466960285.843466 90027989.3021987 67865114.1567774 52252903.5241019 1539.58411138287
3 118513.554476198 421056.863918081 0.80352891846047 647180324.405723 740810316.794969 390946069.888291 538500059.601167 113938902.645283 70896863.5209844 0 338486.445523802 787517034.290583 862325276.59048 466407057.972204 636790047.97953 125729381.209746 90381965.7061469 57057136.6358752 1883.11865288941
4 69549.5065131481 506171.804463933 0.90713068260592 687803823.439385 791467783.31452 416222619.810196 574133613.284751 122276063.263426 75121449.9479823 0 387450.493486851 920815255.878554 1015309285.54925 547004086.103199 747882307.985609 149314191.880406 104959573.69696 63165456.6846614 2028.30626451324
5 38401.0607781246 559003.494777041 1.00479451137561 717233057.221469 828570389.612746 434406975.452392 600022335.725985 128283782.812462 78326309.0560036 0 418598.939221875 1001004332.57625 1107753065.06299 595551722.390637 814888864.140633 163611843.183293 113715717.751188 70824627.4172254 2038.71059811253
6 19652.2930795706 584330.63673715 1.09354966445448 737481759.863535 855187915.543727 446868684.094791 618187162.929124 132547634.359293 80675842.8003289 0 437347.706920428 1045387489.18311 1159111663.99029 622439267.417734 852051852.620007 171567789.024204 118565710.803107 80308692.1358919 1969.65246374298
7 9159.9103549583 588223.102567995 1.17156375955609 749553193.612672 872891769.293381 454285574.549268 629646329.24631 135362487.628299 82259658.4571483 0 447840.089645041 1067711533.60408 1185045629.9923 635967778.815345 870781849.269557 175588413.805553 121010970.112539 91917628.060305 1858.76622455779
8 3810.35720707161 576556.084923594 1.23815230048919 754725398.4311 883421650.386615 457470300.911195 635578807.943513 137025994.300901 83209794.936647 9737.47760380151 453189.642792927 1077753361.86438 1196764540.44113 642054208.876614 879226010.684938 177405915.019872 122115062.041829 105972255.573887 1729.46306478559
9 3691.39833595395 739893.916920536 1.250895974897 749104072.23747 876837643.354525 454064067.936952 630844037.377811 136010123.110429 82591514.6692282 5858.45551184967 453308.601664045 1083775480.12331 1203813522.28827 645704472.366289 884297425.662475 178499311.64397 122779022.515757 95.143343860272 101.154808711861
10 3691.39800855418 813556.844159967 1.26260456230644 743137613.382311 869853813.037578 450447541.639582 625819495.215618 134926830.650025 81933690.3572772 5761.06664759393 453308.601991445 1089741940.08023 1210797353.8834 649320999.334492 889321968.750087 179582604.317738 123436846.953429 0.00813871806410968 3.80003006498096
11 3691.39800852539 845003.371159326 1.27334310376295 737218675.106924 862925606.289239 446859819.598263 620834971.626701 133852166.189596 81281105.3620273 5757.41161422016 453308.601991474 1095660878.35571 1217725560.63185 652908721.375869 894306492.339085 180657268.778186 124089431.94869 8.1545405831893e-07 0.145000021530149
12 3691.39800852539 858427.811182155 1.28317598324903 731346879.957669 856052581.282862 443300673.025188 615890148.743101 132786061.210588 80633718.0720598 5757.27215044147 453308.601991474 1101532673.50497 1224598585.63823 656467867.948945 899251315.222684 181723373.757194 124736819.238658 4.60550530734637e-08 0.00553624323266845
13 3691.39800852539 864158.669156887 1.29216620083633 725521852.44933 849234298.507327 439769874.322681 610984710.356941 131728447.538509 79991487.0887314 5757.26682556982 453308.601991474 1107357701.0133 1231416868.41376 659998666.651451 904156753.608845 182780987.429273 125379050.221986 5.50493222202938e-08 0.000211371777545454
14 3691.39800852539 866605.127566728 1.3003748003998 719743220.087375 842470321.952148 436267197.70585 606118342.778887 130679257.541865 79354371.343132 5757.26662231525 453308.601991474 1113136333.37526 1238180844.96894 663501343.268282 909023121.186898 183830177.425917 126016165.967586 6.03110846633036e-08 8.11733611524737e-06
15 3691.39800852539 867649.467159553 1.30786043493087 714010613.344362 835760219.079871 432792419.188284 601290734.818293 129638424.12788 78722330.0934848 5757.2666144951 453308.601991474 1118868940.11827 1244890947.84122 666976121.785849 913850729.147493 184871010.839902 126648207.217233 6.51210275557213e-08 2.97294847923084e-07
16 3691.39800852539 868095.253199859 1.31467905141943 708323665.636845 829103560.799025 429345316.568051 596501577.763736 128605880.738297 78095322.9225989 15494.7442180068 453308.601991474 1124555887.82579 1251547606.12206 670423224.406082 918639886.20205 185903554.229485 127275214.388119 6.79798374515701e-08 7.49463129163786e-09
17 3691.39800852539 868285.911259472 1.31943817641639 702682043.493392 822499956.776259 425925687.713831 591750590.788465 127581566.826804 77473313.0640067 15494.7442179985 453308.601991474 1130197509.96924 1258151210.14483 673842853.260301 923390873.177321 186927868.140978 127897224.246711 -1.33288763862241e-07 -7.32921655148522e-10
18 3691.39800852539 868366.893194293 1.32378590174069 697085326.300545 815948914.677161 422533277.673791 587037419.680693 126565406.025256 76856254.1435076 15494.7442179985 453308.601991474 1135794227.16209 1264702252.24392 677235263.300342 928104044.285093 187944028.942526 128514283.16721 -1.33288763862241e-07 -7.33921655148529e-10
19 3691.39800852539 868401.653643311 1.32775535203886 691533185.036845 809450049.377138 419167887.013929 582361787.361129 125557338.595291 76244109.88526 15494.7442179985 453308.601991474 1141346368.42579 1271201117.54395 680600653.960204 932779676.604657 188952096.372491 129126427.425458 -1.33288763862241e-07 -7.34921655148538e-10
20 3691.39800852539 868416.557622845 1.33137731239039 686025265.457331 803002946.227105 415829301.011198 577723395.508977 124557300.218877 75636841.232437 15494.7442179985 453308.601991474 1146854288.0053 1277648220.69398 683939239.962934 937418068.456809 189952134.748905 129733696.078281 -1.33288763862241e-07 -7.35921655148547e-10
21 3691.39800852539 868422.962850491 1.33468070909056 680561212.760867 796607189.92697 412517304.605433 573121945.335073 123565226.476999 75034409.066892 15494.7442179985 453308.601991474 1152318340.70177 1284043976.99411 687251236.3687 942019518.630713 190944208.490783 130336128.243826 -1.33288763862241e-07 -7.36921655148555e-10
22 3691.39800852539 868425.611218863 1.33769220779231 675140676.375021 790262370.126399 409231685.299663 568557141.611374 122581053.718421 74436774.7367079 15494.7442179985 453308.601991474 1157738877.08761 1290388796.79469 690536855.674469 946584322.354412 191928381.249361 130933762.57401 -1.33288763862241e-07 -7.37921655148564e-10
23 3691.39800852539 868426.681847173 1.34043635524196 669763310.421041 783968081.969084 405972233.441962 564028693.062535 121604719.144111 73843900.1074642 15494.7442179985 453308.601991474 1163116243.04159 1296683084.952 693796307.53217 951112770.903251 192904715.823671 131526637.203254 -1.33288763862241e-07 -7.38921655148573e-10
24 3691.39800852539 868427.107446056 1.34293499315082 664428783.738451 777723937.826679 402738748.301778 559536320.807929 120636162.627338 73255748.6674844 25232.2218218 453308.601991474 1168450769.72418 1302927229.09441 697029792.672354 955605143.157857 193873272.340443 132114788.643233 0 0
25 3691.39800852539 868427.344523259 1.34475997340883 659136751.523803 771529534.101536 399531020.878971 555079734.477758 119675321.564307 72672282.4009039 25232.2218218 453308.601991474 1173742801.93883 1309121632.81955 700237520.095161 960061729.488028 194834113.403474 132698254.909813 0 0
26 3691.39800852539 868427.430016483 1.34642338404638 653886858.087892 765384454.454061 396348835.575077 550658634.534984 118722131.374762 72093462.0916628 25232.2218218 453308.601991474 1178992695.37474 1315266712.46703 703419705.399055 964482829.430802 195787303.593019 133277075.219055 0 0
27 3691.39800852539 868427.472183851 1.34794046615924 648678756.417338 759288292.699848 393191982.050422 546272728.748755 117776529.053663 71519249.4802433 25232.2218218 453308.601991474 1184200797.04529 1321362874.22124 706576558.92371 968868735.217031 196732905.914118 133851287.830474 0 0
28 3691.39800852539 868427.495870851 1.34932052500665 643512195.034198 753240754.48016 390060307.873451 541921805.341607 116838468.941737 70949616.840265 25232.2218218 453308.601991474 1189367358.42843 1327410412.44093 709708233.100681 973219658.624179 197670966.026045 134420920.470452 0 0
29 3691.39800852539 868427.556887451 1.35057908344863 638386761.689955 747241357.251876 386953563.162678 537605517.146133 115907876.189609 70384518.7197935 25232.2218218 453308.601991474 1194492791.77268 1333409809.66921 712814977.811454 977535946.819654 198601558.778172 134986018.590924 0 0
30 3691.39800852539 868427.6509934 1.35172591064697 633302143.356058 741289734.610343 383871558.178089 533323600.551169 114984693.962652 69823920.6062646 25232.2218218 453308.601991474 1199577410.10657 1339361432.31075 715896982.796042 981817863.414617 199524741.005129 135546616.704453 0 0
31 3691.39800852539 868427.766725012 1.35277078894161 628258022.451458 735385514.822141 380814100.420207 529075788.111752 114068864.599669 69267787.4851847 25232.2218218 453308.601991474 1204621531.01117 1345265652.09895 718954440.553925 986065675.854034 200440570.368113 136102749.825533 0 0
32 3691.39800852539 868427.837467974 1.35372225995645 623254077.462771 729528321.550994 377780995.005996 524861809.071379 113160329.725491 68716083.9085055 34969.6994256015 453308.601991474 1209625475.99986 1351122845.3701 721987545.968136 990279654.894407 201349105.24229 136654453.402212 0 0
33 3691.39800852539 868427.651764849 1.3544283779346 618289988.627147 723717780.509649 374772048.113495 520681394.14772 112259031.282787 68168774.6211813 34969.6994256015 453308.601991474 1214589564.83548 1356933386.41144 724996492.860637 994460069.818066 202250403.684994 137201762.689536 0 0
34 3691.39800852539 868427.598983158 1.3550716688929 613365400.97011 717953476.195117 371787044.577468 516534244.405635 111364904.821071 67625820.485954 34969.6994256015 453308.601991474 1219514152.49252 1362697690.72598 727981496.396664 998607219.560151 203144530.14671 137744716.824764 0 0
35 3691.39800852539 868427.594768953 1.3556574546387 608480050.126101 712235099.163511 368825824.154625 512420137.214595 110477902.341146 67087192.3555356 34969.6994256015 453308.601991474 1224399503.33653 1368416067.75758 730942716.819507 1002721326.75119 204031532.626635 138283344.955182 0 0
36 3691.39800852539 868427.578498562 1.35619111347027 603633604.798969 706562261.627678 365888186.032176 508338793.579717 109597963.691651 66552853.7032913 34969.6994256015 453308.601991474 1229245948.66366 1374088905.29342 733880354.941956 1006802670.38607 204911471.27613 138817683.607426 0 0
37 3691.39800852539 868427.538412031 1.35667581701321 598825836.803402 700934696.493262 362973991.89723 504290021.338994 108725047.442411 66022779.3709405 34969.6994256015 453308.601991474 1234053716.65923 1379716470.42783 736794549.076902 1010851442.62679 205784387.52537 139347757.939777 0 0
38 3691.39800852539 868427.427671284 1.35711761405056 594056344.467392 695351933.597101 360082998.279175 500273482.231827 107859080.664363 65496925.0726478 34969.6994256015 453308.601991474 1238823208.99524 1385299233.32399 739685542.694957 1014867981.73396 206650354.303418 139873612.23807 0 0
39 3691.39800852539 868427.229910994 1.35752059082418 589324808.893043 689813599.664388 357215011.880337 496288907.704296 107000005.457216 64975255.6487322 34969.6994256015 453308.601991474 1243554744.56959 1390837567.25671 742553529.093795 1018852556.26149 207509429.510565 140395281.661985 0 0
40 3691.39800852539 868426.951337574 1.35788755959367 584630959.713185 684319378.226263 354369868.819591 492336070.071724 106147772.732102 64457741.290206 44707.177029403 453308.601991474 1248248593.74945 1396331788.69483 745398672.154541 1022805393.89406 208361662.235679 140912796.020512 0 0
41 3691.39800852539 868427.275653918 1.35816171955305 579974487.850228 678868907.502731 351547381.75177 488414709.050179 105302326.371743 63944347.9201134 44707.177029403 453308.601991474 1252905065.61241 1401782259.41836 748221159.222362 1026726754.9156 209207108.596038 141426189.390605 0 0
42 3691.39800852539 868427.308288804 1.35841135563999 575355059.956086 673461797.304819 348747348.620319 484524543.91678 104463605.85222 63435038.7855861 44707.177029403 453308.601991474 1257524493.50655 1407189369.61627 751021192.353813 1030616920.049 210045829.115561 141935498.525132 0 0
43 3691.39800852539 868427.197445804 1.35863889644095 570772392.548433 668097715.812178 345969597.594458 480665335.942169 103631559.703428 62929782.6316417 44707.177029403 453308.601991474 1262107160.9142 1412553451.10892 753798943.379674 1034476128.02362 210877875.264353 142440754.679076 0 0
44 3691.39800852539 868427.040699266 1.35884588945456 566226258.17048 662776396.783196 343213990.802882 476836893.577849 102806146.627464 62428554.3803217 44707.177029403 453308.601991474 1266653295.29216 1417874770.1379 756554550.17125 1038304570.38794 211703288.340317 142941982.930396 0 0
45 3691.39800852539 868426.978803454 1.35903446432464 561716321.470417 657497447.683509 340480324.974493 473038934.41354 101987305.736606 61931317.0578396 44707.177029403 453308.601991474 1271163231.99222 1423153719.23758 759288215.999639 1042102529.55224 212522129.231175 143439220.252878 0 0
46 3691.39800852539 868427.081910483 1.35920610621574 557242320.848235 652260562.306351 337768441.54232 469271238.14767 101174989.533784 61438041.8218201 44707.177029403 453308.601991474 1275637232.6144 1428390604.61474 762000099.431812 1045870225.81811 213334445.433997 143932495.488898 0 0
47 3691.39800852539 868427.324562586 1.35936237581463 552803963.377585 647065397.777003 335078162.951155 465533558.097771 100369144.834199 60948696.3760419 44707.177029403 453308.601991474 1280075590.08505 1433585769.14409 764690378.022977 1049607905.86801 214140290.133583 144421840.934676 0 0
48 3691.39800852539 868427.545435898 1.35950466457196 548400960.43533 641911616.257717 332409314.25415 461825651.205246 99569719.2343593 60463248.8987288 54444.6546332045 453308.601991474 1284478593.0273 1438739550.66338 767359226.719982 1053315812.76054 214939715.733422 144907288.411989 0 0
49 3691.39800852539 868427.530653647 1.35961103855988 544033049.569786 636798910.544829 329761736.368097 458147296.451299 98776665.0825619 59981670.453605 54444.6546332045 453308.601991474 1288846503.89284 1443852256.37627 770006804.606035 1056994167.51449 215732769.885219 145388866.857113 0 0
50 3691.39800852539 868427.532025792 1.35970801657166 539699825.696798 631726806.481211 327135183.754137 454498152.701857 97989908.8302196 59503916.3786333 54444.6546332045 453308.601991474 1293179727.76583 1448924360.43989 772633357.219995 1060643311.26393 216519526.137562 145866620.932085 0 0
51 3691.39800852539 868427.547060305 1.35979619291369 535401150.386523 626695142.032638 324529572.504012 450878103.380806 97209425.3434948 59029971.4114077 54444.6546332045 453308.601991474 1297478403.07611 1453956024.88846 775238968.47012 1064263360.58498 217300009.624287 146340565.89931 0 0
52 3691.39800852539 868427.571577031 1.35987658227178 531136675.182248 621703509.325259 321944691.403181 447286855.041818 96435151.3552902 58559797.1332777 54444.6546332045 453308.601991474 1301742878.28038 1458947657.59584 777823849.570951 1067854608.92397 218074283.612491 146810740.17744 0 0
53 3691.39800852539 868427.603522687 1.3599494510347 526906292.760777 616751782.73565 319380475.398458 443724317.304663 95667067.3796067 58093381.7114608 54444.6546332045 453308.601991474 1305973260.70185 1463899384.18545 780388065.575674 1071417146.66112 218842367.588175 147277155.599257 0 0
54 3691.39800852539 868427.630999887 1.36001630011282 522709392.986646 611839248.091025 316836554.6606 440189976.355126 94905062.6379787 57630657.8762493 54444.6546332045 453308.601991474 1310170160.47598 1468811918.83007 782931986.313532 1074951487.61066 219604372.329803 147739879.434469 0 0
55 3691.39800852539 868427.660302465 1.36007663796083 518546150.606006 606966109.934396 314313035.110737 436683979.352426 94149168.8579682 57171644.8940573 54444.6546332045 453308.601991474 1314333402.85662 1473685056.9867 785455505.863395 1078457484.61336 220360266.109813 148198892.41666 0 0
56 3691.39800852539 868427.692338367 1.36013127699174 514416158.523521 602131891.754517 311809669.990946 433205983.468808 93399312.1258306 56716297.8811074 54444.6546332045 453308.601991474 1318463394.93911 1478519275.16658 787958870.983186 1081935480.49698 221110122.841951 148654239.42961 0 0
57 3691.39800852539 868427.725061782 1.36018096041854 510319074.400474 597336192.838743 309326251.795065 429755700.410101 92655430.2852745 56264579.0932808 54444.6546332045 453308.601991474 1322560479.06216 1483314974.08235 790442289.179067 1085385763.55569 221854004.682507 149105958.217437 0 0
58 3691.39800852539 868427.756278594 1.3602264279797 506254559.149539 592578616.280233 306862574.98774 426332844.62023 91917461.7703432 55816451.1449364 54444.6546332045 453308.601991474 1326624994.31309 1488072550.64086 792905965.986392 1088808619.34556 222591973.197438 149554086.165781 0 0
59 3691.39800852539 868427.789696367 1.36026808942131 502222348.351481 587858852.572273 304418479.293148 422937193.423465 91185358.5720964 55371884.8828687 54444.6546332045 453308.601991474 1330657205.11115 1492792314.34882 795350061.680984 1092204270.54232 223324076.395685 149998652.427849 0 0
60 3691.39800852539 868427.835259704 1.36030600574539 498222256.498146 583176684.574763 301993852.266847 419568590.597566 90459087.0089829 54930859.8541123 54444.6546332045 453308.601991474 1334657296.96448 1497474482.34633 797774688.707285 1095572873.36822 224050347.958798 150439677.456605 0 0
61 3691.39800852539 868427.897187431 1.36034055811085 494254025.63878 578531810.352448 299588537.553837 416226818.914118 89738600.2465045 54493347.618636 54444.6546332045 453308.601991474 1338625527.82385 1502119356.56865 800180003.420295 1098914645.05167 224770834.721277 150877189.692082 0 0
62 3691.39800852539 868427.979396619 1.3603721300896 490317397.225035 573923927.270574 297202378.436888 412911660.641441 89023851.3416604 54059319.6705209 54444.6546332045 453308.601991474 1342562156.2376 1506727239.65052 802566162.537244 1102229803.32435 225485583.626121 151311217.640197 0 0
63 3691.39800852539 868427.896302439 1.36040090462373 486412119.444628 569352740.579058 294835222.281788 409622903.720515 88314794.5744755 53628748.2465248 54444.6546332045 453308.601991474 1346467434.018 1511298426.34204 804933318.692344 1105518560.24527 226194640.393306 151741789.064193 0 0
64 3691.39800852539 868427.612002279 1.36042701568381 482537947.025435 564817963.183171 292486920.418596 406360341.599991 87611385.4124304 53201606.3044825 54444.6546332045 453308.601991474 1350341606.4372 1515833203.73793 807281620.555535 1108781122.36579 226898049.555351 152168931.006235 0 0
65 3691.39800852539 868427.498155708 1.3604508231276 478694609.67033 560319278.696038 290157309.008646 403123746.654181 86913574.779373 52777864.0431286 54444.6546332045 453308.601991474 1354184943.7923 1520331888.22506 809611231.965485 1112017717.3116 227595860.188408 152592673.267589 0 0
66 3691.39800852539 868427.577799809 1.36047247058253 474881926.165972 555856475.004705 287846278.210769 399912966.277644 86221329.7735344 52357501.4830174 54444.6546332045 453308.601991474 1357997627.29666 1524794691.91639 811922262.763363 1115228497.68814 228288105.194247 153013035.8277 0 0
67 3691.39800852539 868427.550794768 1.36049220682304 471099578.97825 551429180.430693 285553635.553937 396727733.064946 85534592.7422401 51940483.61483 54444.6546332045 453308.601991474 1361779974.48438 1529221986.49041 814214905.420195 1118413730.90084 228974842.225541 153430053.695888 0 0
68 3691.39800852539 868427.528070571 1.36051017783949 467347359.283576 547037150.542835 283279254.461228 393567871.159193 84853325.7707021 51526787.4149881 54444.6546332045 453308.601991474 1365532194.17905 1533614016.37826 816489286.512904 1121573592.80659 229656109.197079 153843749.89573 0 0
69 3691.39800852539 868427.524916323 1.3605265491333 463625013.912668 542680089.002656 281022981.475895 390433167.358591 84177482.8925633 51116384.9706349 54444.6546332045 453308.601991474 1369254539.54996 1537971077.91844 818745559.498237 1124708296.60719 230331952.075218 154254152.340083 0 0
70 3691.39800852539 868427.524721173 1.36054144401829 459932339.609674 538357757.896113 278784693.39586 387323450.495012 83507027.2039352 50709253.8720559 54444.6546332045 453308.601991474 1372947213.85296 1542293409.02499 820983847.578272 1127818013.47077 231002407.763846 154661283.438662 0 0
71 3691.39800852539 868427.521944816 1.36055502953836 456269032.798 534069801.882209 276564206.210344 384238464.917081 82841903.5863212 50305360.6488003 54444.6546332045 453308.601991474 1376610520.66463 1546581365.03889 823204334.763788 1130902999.04871 231667531.38146 155065176.661918 0 0
72 3691.39800852539 868427.513900121 1.36056734837617 452634978.801404 529816086.730668 274361450.409165 381178114.05234 82182091.2186762 49904692.6573854 54444.6546332045 453308.601991474 1380244574.66123 1550835080.19043 825407090.564967 1133963349.91345 232327343.749105 155465844.653332 0 0
