"Time" "IECs" "pheme_e" "BiomassCD" "pro_L_e" "leu_L_e" "ile_L_e" "val_L_e" "trp_L_e" "cys_L_e" "Drug" "Damage" "pro_L_v" "leu_L_v" "ile_L_v" "val_L_v" "trp_L_v" "cys_L_v" "CD" "pheme_c"
0 457000 1e+05 0.4963 224235600.199112 195370466.451958 120509812.093413 157438605.791629 18978882.6152 31300034.1459915 0 0 0 0 0 0 0 0 45700000 1000
1 357175.044066159 141204.187005299 0.594123777951267 331964337.985994 358633351.497211 195437004.315126 266125533.472129 51383104.8591113 38621373.6788809 0 99824.9559338407 249617983.856093 251909106.68359 142604143.330579 191655660.5822 32681229.5835318 31011443.5457053 48532264.0522067 822.402087026367
2 274427.038542101 229372.941501118 0.69781200551596 383465421.839269 432054307.992675 230067476.035597 315851469.726774 65283339.2482707 42678801.3240246 0 182572.961457899 494085585.290003 522637105.162686 288138813.714019 390782281.00616 72731874.5918607 58729250.0218001 52252899.7020955 1162.00342057539
3 206212.635434141 319013.072606623 0.803529051699279 419277855.146892 479580537.660324 253225489.266452 348719109.389907 73723406.1396194 45939724.1019697 0 250787.364565859 701957506.17799 758814578.021043 413317983.764999 562927080.581688 108766380.624331 81662658.0373117 57057130.9661121 1426.18757289367
4 150603.530990099 396295.648046064 0.90713088572292 450608110.260282 519183089.004918 272935282.458173 376498452.594311 80396225.5087299 49066449.4757874 0 306396.469009901 868887529.487016 950490292.059219 514294445.552702 702103965.173489 138349009.942285 99889828.7700061 63165448.4880927 1587.14907073558
5 106107.05021848 456927.97156991 1.00479479160648 480379607.126659 556026942.75002 291386919.845602 402476241.837215 86410353.2451901 52195463.692464 0 350892.94978152 997231315.194562 1098707301.84328 592092101.990043 809489289.601622 161344314.584521 113847463.169631 70824613.7708224 1665.5956750083
6 71483.8580316533 499758.301036937 1.09354990928395 508562034.201369 590861259.891981 308722479.93933 426983445.763913 91999944.3891954 55262840.552986 0 385516.141968347 1091373891.09715 1207870841.00633 649219944.066147 888444938.899735 178326035.920437 124075392.108851 80308676.4327875 1683.89276960499
7 45576.1977002782 525014.294802471 1.17156395885885 533902676.181356 622676645.327824 324250036.176086 449158614.028139 97057907.5182096 58116874.4129384 0 411423.802299722 1156617347.55471 1283805414.88868 688835009.313107 943273548.904997 190155945.785458 131169899.816146 91917612.6381495 1658.53085916541
8 27173.0838451871 533902.2012873 1.23815237213972 554794583.797245 649920586.410335 337025972.704274 467777415.711073 101365690.716573 60585643.0387012 9737.47760380151 429826.916154813 1198800750.80808 1333100024.32949 714457221.955095 978796813.137639 197841962.721461 135767926.910738 105972235.948465 1601.18978116921
9 26370.9173254402 695009.58358697 1.25089603904543 526659520.966659 616899051.015383 319920626.682295 444022915.38358 96223110.7751909 57507585.3080743 7441.7914639359 430629.08267456 1229809976.27892 1369422691.82971 733293902.178043 1004940586.77304 203507497.8076 139153940.218667 232.166530793468 941.759573377096
10 26370.9139026655 769189.440048062 1.26260461949597 497416115.028019 582644985.929017 302156647.46671 419368006.634324 90880206.3337437 54314407.159147 6835.3034653057 430629.086097335 1259053394.48136 1403676771.00642 751057888.783514 1029595505.7205 208850404.48046 142347119.681625 0.0438603663060004 335.331863188301
11 26370.9139018834 800621.808116914 1.27334315452152 469796473.898253 550292906.992973 285379028.254393 396082082.647104 85833971.1819195 51298532.947211 6625.97733000124 430629.086098117 1286673035.61393 1436028849.94568 767835507.99752 1052881429.71005 213896639.632793 145362993.893861 2.39299559921446e-05 126.005746522049
12 26370.9139018829 813940.686340038 1.28317602808515 443710447.285354 519737216.998976 269533006.967695 374089138.206524 81067934.4384695 48450118.8572546 6548.24284351172 430629.086098117 1312759062.22683 1466584539.93968 783681529.284219 1074874374.15063 218662676.376244 148211407.983817 9.7830685399141e-08 48.2712600445279
13 26370.9139018829 819584.316902485 1.29216624023407 419072879.360436 490878169.245509 254566855.488049 353317379.035819 76566537.7427634 45759866.4604065 6518.59848804295 430629.086098117 1337396630.15175 1495443587.69315 798647680.763864 1095646133.32133 223164073.07195 150901660.380666 4.18425047824555e-08 18.626904575922
14 26370.9139018829 821975.694472904 1.30037483491976 395803342.675808 463621555.588301 240431717.963737 333698997.322983 72315086.6311113 43218993.634398 6507.17939281249 430629.086098117 1360666166.83638 1522700201.35036 812782818.288177 1115264515.03417 227415524.183602 153442533.206674 4.96253443888302e-08 7.20780934563253
15 26370.9139018829 822988.997821193 1.30786046543476 373825875.614734 437878398.903817 227081451.32308 315169950.366484 68299702.5676278 40819205.8948822 6502.76368614687 430629.086098117 1382643633.89745 1548443358.03484 826133084.928834 1133793561.99067 231430908.247086 155842320.94619 5.89202526357713e-08 2.7921026802166
16 26370.9139018829 823418.366057058 1.31467907990477 353068734.423465 413564662.63367 214472474.645688 297669751.515228 64507277.6393463 38552669.319044 16238.5312187005 430629.086098117 1403400775.08872 1572757094.30499 838742061.606225 1151293760.84192 235223333.175367 158108857.522028 7.00264565728956e-08 1.08203143257083
17 26370.9139018829 823600.302495917 1.31943833423184 333464159.728661 390600977.296387 202563627.332893 281141273.321051 60925431.8978816 36411985.0509129 16237.5505940861 430629.086098117 1423005349.78352 1595720779.64227 850650908.91902 1167822239.0361 238805178.916832 160249541.790159 -2.09688718997466e-08 0.101406818200365
18 26370.9139018829 823677.394733183 1.32378612554132 314948152.418221 368912377.966942 191316032.965999 265530558.585425 57542472.4118281 34390164.8290967 16237.4586916522 430629.086098117 1441521357.09397 1617409378.97172 861898503.285914 1183432953.77172 242188138.402885 162271362.011975 -2.09688718997466e-08 0.00950438432561711
19 26370.9139018829 823710.061125741 1.32775556698954 297460269.170653 348428064.771475 180692975.100098 250786647.971728 54347355.9090389 32480608.6599999 16237.4500780438 430629.086098117 1459009240.34153 1637893692.16719 872521561.151815 1198176864.38542 245383254.905674 164180918.181072 -2.09688718997466e-08 0.000890775864043442
20 26370.9139018829 823723.902908341 1.33137753388234 280943422.133466 329081168.241935 170659775.578214 236861411.115502 51329652.1769475 30677082.9440859 16237.4492707556 430629.086098117 1475526087.37872 1657240588.69672 882554760.673699 1212102101.24165 248400958.637766 165984443.896986 -2.09688718997466e-08 8.34877198446706e-05
21 26370.9139018829 823729.767982853 1.33468073787162 265343693.550243 310808532.180767 161183681.926058 223709390.337861 48479510.1940852 28973700.2344334 16237.4491951217 430629.086098117 1491125815.96194 1675513224.75789 892030854.325855 1225254122.01929 251251100.620628 167687826.606639 -2.09688718997466e-08 7.8538247056391e-06
22 26370.9139018829 823732.254488209 1.3376918461078 250610097.80248 293550434.930229 152233722.803759 211287600.024641 45787614.6540318 27364893.2533466 16237.4491879765 430629.086098117 1505859411.70971 1692771322.00843 900980813.448154 1237675912.33251 253942996.160681 169296633.587726 -2.09688718997466e-08 7.08552651524922e-07
23 26370.9139018829 823733.298547943 1.34043537711074 236694800.943778 277250846.522285 143780841.362448 199555711.714128 43245226.0753207 25845438.8639743 16237.449187391 430629.086098117 1519774708.56841 1709070910.41637 909433694.889464 1249407800.64302 256485384.739392 170816087.977098 -2.09688718997466e-08 1.23082999803665e-07
24 26370.9139018829 823733.754833585 1.3429342658382 223552092.598075 261856224.418576 135797270.721303 188475187.31173 40843992.9625285 24410345.8086916 25974.9267909168 430629.086098117 1532917416.91411 1724465532.52008 917417265.53061 1260488325.04542 258886617.852185 172251181.032381 0 0
25 26370.9139018829 823733.942962941 1.34475866022536 211139016.578556 247316252.181609 128256917.03856 178009810.760325 38576067.0232438 23054923.5683335 25974.9267909168 430629.086098117 1545330492.93363 1739005504.75705 924957619.213353 1270953701.59683 261154543.79147 173606603.272739 0 0
26 26370.9139018829 823734.020895062 1.34642189154102 199415648.820111 233584165.029035 121135528.342275 168125922.363136 36434153.9476012 21774812.7105003 25974.9267909168 430629.086098117 1557053860.69207 1752737591.90962 932079007.909639 1280837589.99401 263296456.867112 174886714.130572 0 0
27 26370.9139018829 823734.057120932 1.34793816162139 188342863.158752 220614132.794568 114409337.347508 158790535.128183 34411105.2059317 20565740.9280892 25974.9267909168 430629.086098117 1568126646.35343 1765707624.14409 938805198.904406 1290172977.22897 265319505.608782 176095785.912983 0 0
28 26370.9139018829 823734.07076525 1.3493200284476 177884926.102405 208364299.295108 108056637.656253 149973522.401162 32500392.1252898 19423806.3703576 25974.9267909168 430629.086098117 1578584583.40978 1777957457.64355 945157898.59566 1298989989.95599 267230218.689424 177237720.470715 0 0
29 26370.9139018829 823734.076891724 1.35057918051213 168007658.382722 196794628.876958 102056666.987546 141646067.882799 30695769.9965358 18345276.8970684 25974.9267909168 430629.086098117 1588461851.12946 1789527128.0617 951157869.264367 1307317444.47435 269034840.818178 178316249.944004 0 0
30 26370.9139018829 823734.080869022 1.35172632048918 158678809.40875 185867345.029576 96389834.6402669 133780981.328081 28991346.4887387 17326630.9662467 25974.9267909168 430629.086098117 1597790700.10344 1800454411.90908 956824701.611646 1315182531.02907 270739264.325975 179334895.874826 0 0
31 26370.9139018829 823734.081122079 1.35277124799159 149867921.164613 175546770.963056 91037638.8174549 126352583.799357 27381556.782658 16364542.7727453 25974.9267909168 430629.086098117 1606601588.34757 1810774985.9756 962176897.434458 1322610928.55779 272349054.032055 180296984.068327 0 0
32 26370.9139018829 823734.074595907 1.35372289394372 141546304.688814 165799302.057321 85982652.3386009 119336687.836208 25861159.2734053 15455879.6799478 35712.4043947183 430629.086098117 1614923204.82337 1820522454.88134 967231883.913312 1329626824.52094 273869451.541308 181205647.161125 0 0
33 26370.9139018829 823734.078174697 1.35442833028986 133686741.141177 156593055.708903 81208341.05202 112710345.427091 24425180.9540013 14597669.5783401 35712.4043947183 430629.086098117 1622782768.37101 1829728701.22976 972006195.199893 1336253166.93006 275305429.860712 182063857.262733 0 0
34 26370.9139018829 823734.079657087 1.3550709838416 126263865.15239 147898320.364843 76699296.7014834 106452171.208639 23068987.4550979 13787142.7446365 35712.4043947183 430629.086098117 1630205644.35979 1838423436.57382 976515239.55043 1342511341.14851 276661623.359615 182874384.096436 0 0
35 26370.9139018829 823734.080346196 1.3556565167258 119252917.22307 139686094.153803 72440479.0679465 100541290.622131 21788055.1025629 13021595.6123665 35712.4043947183 430629.086098117 1637216592.28911 1846635662.78486 980774057.183966 1348422221.73502 277942555.71215 183639931.228706 0 0
36 26370.9139018829 823734.080605833 1.35618990823059 112631272.728068 131929875.874868 68418144.7669893 94958629.0062047 20578250.2735807 12298557.7285931 35712.4043947183 430629.086098117 1643838236.78412 1854391881.06379 984796391.484924 1354004883.35094 279152360.541133 184362969.11248 0 0
37 26370.9139018829 823734.080722315 1.3566757730143 106377290.066264 124604315.785643 64619147.5545665 89685940.4801031 19435618.9483363 11615665.9798199 35712.4043947183 430629.086098117 1650092219.44592 1861717441.15302 988595388.697346 1359277571.87704 280294991.866377 185045860.861253 0 0
38 26370.9139018829 823734.080797948 1.35711831896923 100470549.37994 117685495.22456 61031083.3376795 84706009.206284 18356430.3251393 10970690.6584988 35712.4043947183 430629.086098117 1655998960.13224 1868636261.7141 992183452.914233 1364257503.15086 281374180.489574 185690836.182574 0 0
39 26370.9139018829 823734.080802958 1.35752138426828 94891765.5943902 111150824.750426 57642237.3500737 80002576.0747343 17337160.9323624 10361525.9675558 35712.4043947183 430629.086098117 1661577743.91779 1875170932.18824 995572298.901839 1368960936.28241 282393449.882351 186300000.873517 0 0
40 26370.9139018829 823734.080679276 1.35788845505981 89622773.5078018 104979026.677545 54441575.0950472 75560326.1323496 16374491.9042931 9786188.39230825 45449.8819985198 430629.086098117 1666846736.00438 1881342730.26112 998772961.156866 1373403186.2248 283356118.91042 186875338.448765 0 0
41 26370.9139018829 823734.08074703 1.3581620980576 84646344.5894081 99149920.4834873 51418631.0590393 71364734.126758 15465275.5093169 9242796.69608841 45449.8819985198 430629.086098117 1671823164.92277 1887171836.45518 1001795905.19287 1377598778.23039 284265335.305396 187418730.144985 0 0
42 26370.9139018829 823734.080775093 1.3584113183824 79946407.3152924 93644680.8979345 48563642.5551575 67402250.2698747 14606575.406279 8729595.97939195 45449.8819985198 430629.086098117 1676523102.19689 1892677076.04073 1004650893.69676 1381561262.08728 285124035.408434 187931930.861681 0 0
43 26370.9139018829 823734.080788139 1.3586383375447 75507290.0630598 88444951.0724978 45867089.8176761 63659661.9277583 13795528.3178673 8244875.00920113 45449.8819985198 430629.086098117 1680962219.44912 1897876805.86617 1007347446.43424 1385303850.42939 285935082.496846 188416651.831872 0 0
44 26370.9139018829 823734.080793055 1.35884510530063 71314667.8711382 83533951.5607913 43320271.1133119 60124891.8266775 13029517.0078803 7787069.59856691 45449.8819985198 430629.086098117 1685154841.64104 1902787805.37787 1009894265.1386 1388838620.53047 286701093.806833 188874457.242506 0 0
45 26370.9139018829 823734.08079526 1.35903342576417 67354837.819092 78895631.5400867 40914862.5692064 56786387.1313809 12306037.8898862 7354683.48313973 45449.8819985198 430629.086098117 1689114671.69309 1907426125.39858 1012299673.68271 1392177125.22577 287424572.924827 189306843.357933 0 0
46 26370.9139018829 823734.080796691 1.3592049414571 63614870.7613224 74514846.5435528 38643010.3439364 53633247.3707071 11622728.7496659 6946304.88944252 45449.8819985198 430629.086098117 1692854638.75086 1911806910.39511 1014571525.90798 1395330264.98644 288107882.065047 189715221.951631 0 0
47 26370.9139018829 823734.080796788 1.35936114845215 60082555.9818138 70377293.6319679 36497297.0079034 50655177.7763919 10977358.6333813 6560600.49155088 45449.8819985198 430629.086098117 1696386953.53037 1915944463.3067 1016717239.24401 1398308334.58076 288753252.181332 190100926.349522 0 0
48 26370.9139018829 823734.080794451 1.35950340389974 56746391.7483372 66469500.3294507 34470735.8054606 47842481.3193845 10367826.1217848 6196314.37967731 55187.3596023213 430629.086098117 1699723117.76384 1919852256.60921 1018743800.44645 1401121031.03777 289362784.692928 190465212.461396 0 0
49 26370.9139018829 823734.08079573 1.35960968088361 53595471.7008312 62778691.545262 32556701.6412551 45185962.9246956 9792138.57285539 5852255.65456644 55187.3596023213 430629.086098117 1702874037.81135 1923543065.3934 1020657834.61066 1403777549.43246 289938472.241858 190809271.186507 0 0
50 26370.9139018829 823734.08079626 1.3597064623532 50619615.492114 59292942.5989156 30749010.4382503 42677039.613657 9248435.99045608 5527312.69255922 55187.3596023213 430629.086098117 1705849894.02006 1927028814.33975 1022465525.81366 1406286472.7435 290482174.824257 191134214.148514 0 0
51 26370.9139018829 823734.080796507 1.35979461482208 47808902.4559036 56000632.9853824 29041635.8632138 40307347.3427298 8734905.82334169 5220402.22535886 55187.3596023213 430629.086098117 1708660607.05627 1930321123.95328 1024172900.3887 1408656165.01443 290995704.991371 191441124.615714 0 0
52 26370.9139018829 823734.0807966 1.35987489826596 45154262.5639516 52891138.5887127 27429068.3050871 38069239.2352812 8249890.93573839 4930533.86847167 55187.3596023213 430629.086098117 1711315246.94823 1933430618.34995 1025785467.94682 1410894273.12187 291480719.878975 191730992.972602 0 0
53 26370.9139018829 823734.080796641 1.35994801547153 42647019.4995685 49954296.4643161 25906037.3138708 35955400.350108 7791806.12478057 4656760.22798926 55187.3596023213 430629.086098117 1713822490.01261 1936367460.47434 1027308498.93804 1413008112.00705 291938804.689933 192004766.613084 0 0
54 26370.9139018829 823734.080796668 1.36001460589362 40278986.9557657 47180517.6371352 24467570.0971679 33958928.8697183 7359155.71462309 4398187.41568108 55187.3596023213 430629.086098117 1716190522.55641 1939141239.30153 1028746966.15474 1415004583.48744 292371455.10009 192263339.425392 0 0
55 26370.9139018829 823734.08079667 1.36007525165621 38042433.4819979 44560745.9251162 23108970.1662517 32073306.4628685 6950527.13377985 4153971.2105013 55187.3596023213 430629.086098117 1718427076.03018 1941761011.01355 1030105566.08566 1416890205.89429 292780083.680933 192507555.630572 0 0
56 26370.9139018829 823734.080796626 1.36013048057441 35930076.5016386 42086450.9316195 21825813.7019657 30292393.2407397 6564589.82208909 3923316.40533836 55187.3596023213 430629.086098117 1720539433.01054 1944235306.00704 1031388722.54994 1418671119.11642 293166020.992624 192738210.435735 0 0
57 26370.9139018829 823734.080796586 1.36018077705223 33935013.105187 39749546.9805133 20613907.5148866 28610369.4091801 6200082.58631487 3705469.25011086 55187.3596023213 430629.086098117 1722534496.40699 1946572209.95815 1032600628.73702 1420353142.94797 293530528.228398 192956057.590962 0 0
58 26370.9139018829 823734.080796605 1.36022658174709 32050727.2821454 37542401.5871832 19469293.4383458 27021741.3658492 5855814.92144414 3499718.24143854 55187.3596023213 430629.086098117 1724418782.23003 1948779355.35148 1033745242.81357 1421941770.99131 293874795.893269 193161808.599635 0 0
59 26370.9139018829 823734.080796694 1.36026829523536 30271069.6401125 35457811.7026311 18388236.0087431 25521324.6015295 5530663.30527211 3305391.90810732 55187.3596023213 430629.086098117 1726198439.87207 1950863945.23603 1034826300.24317 1423442187.75563 294199947.509441 193356134.932966 0 0
60 26370.9139018829 823734.080796735 1.36030628305524 28590228.3103287 33488969.6338825 17367204.7920478 24104219.1707972 5223565.88271188 3121855.6341556 55187.3596023213 430629.086098117 1727879281.20185 1952832787.30478 1035847331.45986 1424859293.18636 294507044.932001 193539671.206918 0 0
61 26370.9139018829 823734.080796549 1.36034087950942 27002704.8420489 31629434.8080241 16402859.7407759 22765789.3687387 4933518.06158571 2948509.02670605 55187.3596023213 430629.086098117 1729466804.67013 1954692322.13064 1036811676.51113 1426197722.98842 294797092.753127 193713017.814367 0 0
62 26370.9139018829 823734.080795839 1.36037238601113 25503325.3035719 29873146.7753195 15492057.9373384 21501673.0901498 4659574.54083405 2784787.12812151 55187.3596023213 430629.086098117 1730966184.20861 1956448610.16334 1037722478.31457 1427461839.267 295071036.273879 193876739.712952 0 0
63 26370.9139018829 823734.08079414 1.36040107525666 24087216.4017199 28214397.2369236 14631839.0877597 20307761.6960381 4400844.94743496 2630157.80841694 55187.3596023213 430629.086098117 1732382293.11046 1958107359.70174 1038582697.16415 1428655750.66112 295329765.867278 194031369.032656 0 0
64 26370.9139018829 823734.080790861 1.36042719659519 22749765.0682802 26647782.7067355 13819400.9723616 19180165.9412376 4156486.45266145 2484117.35237767 55187.3596023213 430629.086098117 1733719744.4439 1959673974.23193 1039395135.27955 1429783346.41592 295574124.362051 194177409.488696 0 0
65 26370.9139018829 823734.080785189 1.36045098042821 21486596.7102082 25168179.0349217 13052086.233796 18115197.6373089 3925699.79829386 2346188.08463168 55187.3596023213 430629.086098117 1734982912.80197 1961153577.90374 1040162450.01812 1430848314.71985 295804911.016419 194315338.756442 0 0
66 26370.9139018829 823734.080776023 1.36047264262464 20293552.2555318 23770714.5207928 12327368.4335224 17109350.300104 3707725.10280133 2215915.86322084 55187.3596023213 430629.086098117 1736175957.25664 1962551042.41787 1040887167.81839 1431854162.05705 296022885.711912 194445610.977852 0 0
67 26370.9139018829 823734.080787084 1.36049237474557 19166726.9482229 22450815.3549116 11642875.6178485 16159331.8574474 3501848.94934267 2092874.31573308 55187.3596023213 430629.086098117 1737302782.56395 1963870941.58375 1041571660.63406 1432804180.49971 296228761.86537 194568652.52534 0 0
68 26370.9139018829 823734.080792565 1.36051034368854 18102470.6616398 21204205.9862422 10996390.5083317 15262064.9133975 3307404.44303389 1976664.87352814 55187.3596023213 430629.086098117 1738367038.85054 1965117550.95242 1042218145.74358 1433701447.44376 296423206.371679 194684861.967545 0 0
69 26370.9139018829 823734.080791861 1.36052670704456 17097308.7271778 20026816.3853284 10385802.4089472 14414619.999442 3123756.74597932 1866908.12677263 55187.3596023213 430629.086098117 1739372200.785 1966294940.55333 1042828733.84296 1434548892.35771 296606854.068734 194794618.714301 0 0
70 26370.9139018829 823734.080808258 1.36054160828535 16147959.6480319 18914802.7931884 9809117.96635696 13614230.508846 2950306.31365733 1763245.7586606 55187.3596023213 430629.086098117 1740321549.86415 1967406954.14547 1043405418.28555 1435349281.84831 296780304.501056 194898281.082413 0 0
71 26370.9139018829 823734.080820594 1.36055517802563 15251324.347803 17864535.1277432 9264454.63894908 12858283.6322279 2786486.93059145 1665339.3714356 55187.3596023213 430629.086098117 1741218185.16437 1968457221.81092 1043950081.61296 1436105228.72493 296944123.884122 194996187.469638 0 0
72 26370.9139018829 823734.080791071 1.36056753522064 14404475.823745 16872584.864218 8750034.41167705 12144311.6342853 2631763.81995101 1572869.35659659 55187.3596023213 430629.086098117 1742065033.68843 1969449172.07444 1044464501.84023 1436819200.72287 297098846.994762 195088657.484477 0 0
