"Time" "IECs" "pheme_e" "BiomassCD" "pro_L_e" "leu_L_e" "ile_L_e" "val_L_e" "trp_L_e" "cys_L_e" "Drug" "Damage" "pro_L_v" "leu_L_v" "ile_L_v" "val_L_v" "trp_L_v" "cys_L_v" "CD" "pheme_c"
0 457000 1e+05 0.4963 224235600.199112 195370466.451958 120509812.093413 157438605.791629 18978882.6152 31300034.1459915 0 0 0 0 0 0 0 0 45700000 1000
1 292927.442838251 177058.660833326 0.594123778225325 506421310.777256 559083920.736369 301095227.381987 411689815.11386 82416840.3483526 57573404.255279 0 164072.557161749 305237652.148129 318664310.951302 176995638.080733 239423516.393445 43536718.7310193 36730491.8408241 48532264.0463582 1026.08638743254
2 182060.157151411 314187.972686899 0.697811953230349 617150636.229364 699811762.676821 371351432.646977 510447921.283311 106555722.883975 68201049.0717752 0 274939.842848589 590927942.829647 639033510.182415 348050959.484809 474027080.298893 91681973.4456589 68675884.7280743 52252902.2313884 1590.86560708509
3 108703.106727925 433708.867344443 0.80352893911127 678512691.453016 776642530.794353 409856142.584905 564550410.626789 119437369.633114 74340395.1134983 0 348296.893272076 791226887.08062 867294714.776164 468827910.177556 640222211.067181 126627141.278706 90705646.0489701 57057135.7868191 1939.86598578407
4 61652.185134893 518413.478061333 0.907130691990863 719406900.015496 827627556.082863 435276810.672597 600405416.369682 127810307.304885 78612790.6345737 0 395347.814865107 917328060.211274 1011994472.39307 545065096.94556 745303617.460763 148928695.512192 104500804.419619 63165456.5883065 2077.5359199584
5 32770.5431401143 569023.862919246 1.00479454379676 747809975.568075 863609811.624481 452822180.294185 625449398.475685 133631258.802468 81726662.984234 0 424229.456859886 990333406.528436 1096130965.90774 589254834.359436 806293897.54977 161935010.505468 112477482.595953 70824625.5541329 2075.39414068757
6 16066.7484893717 591486.371011492 1.09354970223295 766309146.070974 888312407.06744 464209083.438905 642179783.267046 137586896.371271 83908249.6437085 0 440933.251510629 1029035165.06114 1140899452.41722 612694627.78462 838691153.144666 168865672.977738 116710153.082364 80308687.2271155 1993.86628166628
7 7131.51608074736 592719.017911088 1.17156380632249 776457287.603778 903933738.526408 470449195.676015 652072272.74508 140069867.017961 85305646.9609248 0 449868.483919253 1047583653.26769 1162439752.54572 623931888.462703 854249121.593108 172202716.808742 118743885.01006 91917623.5521348 1873.02901049324
8 2804.58873246402 579033.94616463 1.23815236213302 779966876.005634 912708688.517118 472618934.44169 656667210.685351 141454952.09158 86097192.8808267 9737.47760380151 454195.411267537 1055487417.19303 1171660493.39652 628720930.586484 860893562.576809 173631656.894085 119613879.191898 105972252.696408 1736.92422566421
9 2643.92348382587 738924.359997163 1.25089603008653 776020252.823846 908084993.943894 470229068.737002 653343429.578854 140747771.377537 85664749.5079262 5973.27521869403 454356.076516174 1059963736.83926 1176898604.67876 631433353.491461 864662245.621763 174443529.004261 120108018.020276 8978.17344087969 638.012210629328
10 2643.88199138885 814314.593738925 1.26260461150891 771588464.755907 902898993.567926 467543629.469537 649612238.523053 139943974.680866 85175526.0184256 5456.46686318176 454356.118008611 1064395661.28229 1182084763.23752 634118875.80541 868393551.220711 175247352.737328 120597257.442872 59.0452178795139 126.273514070571
11 2643.88167413434 846512.456231766 1.27334314743269 767181865.685835 897742470.297569 464873453.054857 645902254.744728 139144744.257791 84689082.2654386 5356.71710662334 454356.118325866 1068802261.39477 1187241287.71697 636789052.854871 872103535.874565 176046583.367125 121083701.317685 0.626980750417766 26.5709743240034
12 2643.88167066545 860262.390865109 1.28317602182355 762800432.123901 892615395.264444 462218525.663658 642213458.198221 138350078.117234 84205416.5221422 5335.81573150566 454356.118329335 1073183694.9681 1192368362.76332 639443980.253009 875792332.430643 176841249.509942 121567367.062313 0.00730169446316909 5.6701427409933
13 2643.88167062479 866134.220689474 1.29216623473281 758444021.249984 887517601.332511 459578760.757233 638545728.639022 137559950.373025 83724513.0292617 5331.35926045033 454356.118329376 1077540105.84215 1197466156.69541 642083745.159516 879460061.989954 177631377.254177 122048270.55521 8.68109976248138e-05 1.21367816744086
14 2643.88167062431 868641.75158372 1.30037483011323 754112490.167444 882448921.286571 456954071.74747 634898945.760222 136774335.10801 83246356.0125328 5330.40553642026 454356.118329376 1081871636.92469 1202534836.74135 644708434.169279 883106844.868756 178416992.519193 122526427.571939 1.12888192684448e-06 0.259954215210588
15 2643.8816706243 869712.578099028 1.30786046126285 749805696.78603 877409188.855154 454344372.534856 631272989.933844 135993206.551102 82770929.7866364 5330.20126874111 454356.118329376 1086178430.3061 1207574569.17276 647318133.381893 886732800.695134 179198121.0761 123001853.797835 7.60651426284102e-08 0.055686537120511
16 2643.8816706243 870169.868182915 1.31467907631128 745523499.826863 872398238.71625 451749577.511528 627667742.21502 135216539.078373 82298218.75582 15067.6351154857 454356.118329376 1090460627.26527 1212585519.31167 649912928.405221 890338048.413958 179974788.548829 123474564.828652 2.7528189569735e-08 0.0119294805424487
17 2643.8816706243 870365.150627719 1.31943832859967 741265758.977362 867415906.678591 449169601.65515 624083084.472422 134444307.241153 81828207.4310003 15067.6233390988 454356.118329376 1094718368.11477 1217567851.34933 652492904.261599 893922706.156556 180747020.386049 123944576.153472 -6.6929463471006e-09 0.000153093605708146
18 2643.8816706243 870448.548864091 1.32378612419576 737032334.231405 862462028.909521 446604360.129085 620518898.832735 133676485.646354 81360880.3569241 15067.623187916 454356.118329376 1098951792.86073 1222521729.1184 655058145.787664 897486891.796243 181514841.980848 124411903.227548 -6.6929463471006e-09 1.91084111893644e-06
19 2643.8816706243 870484.182707908 1.32775560788496 732823086.713926 857536442.899929 444053768.78206 616975068.374897 132913049.10603 80896222.2031955 15067.6231860337 454356.118329376 1103161040.37821 1227447315.12799 657608737.13469 901030722.254081 182278278.521172 124876561.381277 -6.6929463471006e-09 2.84883255416234e-08
20 2643.8816706243 870499.421253888 1.33137779128218 728637877.623292 852638986.226631 441517743.507296 613451476.239672 132153972.445554 80434217.6475245 15067.6231860105 454356.118329376 1107346249.46884 1232344771.80129 660144762.409453 904554314.389306 183037355.181647 125338565.936947 -6.6929463471006e-09 5.35439766997151e-09
21 2643.8816706243 870505.888539843 1.33468183323186 724476567.029951 847769495.146571 438996199.514555 609948004.618208 131399230.285727 79974851.2431104 15067.6231860023 454356.118329376 1111507560.06218 1237214262.88135 662666306.402194 908057786.01077 183792097.341475 125797932.341362 -6.6929463471006e-09 -2.8768665475074e-09
22 2643.8816706243 870508.565737629 1.33769378558831 720339021.000925 842927812.933779 436489055.647217 606464540.750264 130648798.334953 79518108.2051134 15067.6231860011 454356.118329376 1115645106.09121 1242055945.09414 665173450.269532 911541249.878714 184542529.292249 126254675.379359 -6.6929463471006e-09 -4.09067465643523e-09
23 2643.8816706243 870509.696014889 1.34043665088369 716225113.30072 838113791.869744 433996235.412951 603000978.356231 129902653.697744 79063974.5984178 15067.6231860017 454356.118329376 1119759013.79141 1246869966.15818 667666270.503798 915004812.272747 185288673.929458 126708808.986054 -6.6929463471006e-09 -3.4972149156625e-09
24 2643.8816706243 870510.362383824 1.34293542195858 712134697.609582 833327260.73371 431517650.149378 599557194.247247 129160769.835899 78612434.2708095 24805.1007898032 454356.118329376 1123849429.48255 1251656497.29421 670144855.767371 918448596.381731 186030557.791303 127160349.313662 0 0
25 2643.8816706243 870510.558768195 1.34476035572641 708067649.333334 828568073.727806 429053224.358722 596133083.525553 128423124.151616 78163473.4683575 24805.1007898032 454356.118329376 1127916477.7588 1256415684.30011 672609281.558027 921872707.103425 186768203.475586 127609310.116114 0 0
26 2643.8816706243 870510.629628166 1.3464237241918 704023819.648731 823836056.701735 426602867.861612 592728520.894561 127689689.652634 77717075.7624876 24805.1007898032 454356.118329376 1131960307.4434 1261147701.32618 675059638.055137 925277269.734417 187501637.974568 128055707.821984 0 0
27 2643.8816706243 870510.664585166 1.34794077196079 700003075.58474 819131054.055179 424166500.084323 589343394.403906 126960442.22183 77273226.4745492 24805.1007898032 454356.118329376 1135981051.50739 1265852703.97274 677496005.832426 928662396.225072 188230885.405372 128499557.109922 0 0
28 2643.8816706243 870510.68417894 1.3493207973934 696005317.517453 814452949.210027 421744060.659799 585977620.178682 126235363.79029 76831914.6070751 24805.1007898032 454356.118329376 1139978809.57468 1270530808.81789 679918445.25695 932028170.450296 188955963.836912 128940868.977396 0 0
29 2643.8816706243 870510.734599294 1.35057932435551 692030382.084312 809801551.00234 419335450.598581 582631060.68143 125514424.728739 76393122.1264989 24805.1007898032 454356.118329376 1143953745.00782 1275182207.02558 682327055.318168 935374729.947548 189676902.898463 129379661.457973 0 0
30 2643.8816706243 870510.812362144 1.35172612357683 688078144.581177 805176713.505569 416940594.336262 579303610.92181 124797602.41943 75956835.2667507 24805.1007898032 454356.118329376 1147905982.51096 1279807044.52235 684721911.580487 938702179.707168 190393725.207772 129815948.317721 0 0
31 2643.8816706243 870510.908001854 1.35277097633199 684148478.460571 800578288.636124 414559415.191463 575995164.357546 124084873.910288 75523040.0582749 24805.1007898032 454356.118329376 1151835648.63156 1284405469.39179 687103090.725286 942010626.271432 191106453.716914 130249743.526197 0 0
32 2643.8816706243 870510.966465889 1.3537224241473 680241255.112082 796006125.896406 412191835.232773 572705612.70955 123376215.87508 75091722.303789 34542.5783936047 454356.118329376 1155742871.98005 1288977632.13151 689470670.683976 945300177.919428 191815111.752122 130681061.280683 0 0
33 2643.8816706243 870510.813080947 1.35442852243318 676356353.787281 791460083.988767 409837781.292742 569434854.317853 122671606.41351 74662868.6738934 34542.5783936047 454356.118329376 1159627773.30485 1293523674.03915 691824724.624007 948570936.311125 192519721.213692 131109914.910579 0 0
34 2643.8816706243 870510.76940374 1.35507179791787 672493617.459511 786939979.163427 407497158.221151 566182756.97929 121971017.045456 74236461.8344407 34542.5783936047 454356.118329376 1163490509.63262 1298043778.86449 694165347.695598 951823033.649688 193220310.581746 131536321.750031 0 0
35 2643.8816706243 870510.765877123 1.35565756851969 668652946.943964 782445695.356102 405169905.917015 562949237.18864 121274429.781643 73812490.8364361 34542.5783936047 454356.118329376 1167331180.14817 1302538062.67181 696492599.999734 955056553.440338 193916897.845559 131960292.748036 0 0
36 2643.8816706243 870510.752449451 1.35619121779705 664834208.503787 777977076.070321 402855943.342559 559734182.350781 120581820.36605 73390940.9166899 34542.5783936047 454356.118329376 1171149918.58835 1307006681.9576 698806562.57419 958271608.278197 194609507.261152 132381842.667782 0 0
37 2643.8816706243 870510.7194823 1.3566759104072 661037309.911482 773534013.383122 400555214.612578 556537514.81796 119893172.071258 72971801.8942234 34542.5783936047 454356.118329376 1174946817.18065 1311449744.64479 701107291.304172 961468275.811018 195298155.555944 132800981.690249 0 0
38 2643.8816706243 870510.628380078 1.35711769507784 657262088.821536 769116317.320693 398267621.353892 553359097.908984 119208455.452457 72555055.8477418 34542.5783936047 454356.118329376 1178722038.2706 1315867440.70722 703394884.562857 964646692.719994 195982872.174745 133217727.73673 0 0
39 2643.8816706243 870510.465613623 1.35752066246097 653508415.700663 764723836.305505 395993085.075875 550198822.567779 118527647.016031 72140688.4780866 34542.5783936047 454356.118329376 1182475711.39147 1320259921.72241 705669420.840875 967806968.061199 196663680.611171 133632095.106385 0 0
40 2643.8816706243 870510.236382561 1.35788762221357 649776180.293746 760356441.318995 393731538.969494 547056595.96886 117850726.76487 71728687.614213 44280.0559974062 454356.118329376 1186207946.79839 1324627316.70892 707930966.947255 970949194.660118 197340600.862332 134044095.970259 0 0
41 2643.8816706243 870510.503174182 1.35816177254347 646065267.580541 756013997.766536 391482913.338294 543932321.27491 117177673.837607 71319040.5590551 44280.0559974062 454356.118329376 1189918859.5116 1328969760.26138 710179592.578455 974073469.354068 198013653.789595 134453743.025417 0 0
42 2643.8816706243 870510.53050586 1.35841140361935 642375519.361381 751696320.525712 389247112.321268 540825865.295185 116508459.54137 70911729.8489771 44280.0559974062 454356.118329376 1193608607.73076 1333287437.5022 712415393.595481 977179925.333793 198682868.085832 134861053.735495 0 0
43 2643.8816706243 870510.439870428 1.35863893929976 638706830.257367 747403286.284025 387024072.064127 537737139.309566 115843064.763452 70506743.8512193 44280.0559974062 454356.118329376 1197277296.83477 1337580471.74389 714638433.852622 980268651.319412 199348262.86375 135266039.733253 0 0
44 2643.8816706243 870510.311324307 1.35884592719601 635059106.873313 743134785.752102 384813735.974108 534666064.687202 115181472.564653 70104072.2559023 44280.0559974062 454356.118329376 1200925020.21882 1341848972.27581 716848769.942641 983339725.941776 200009855.062549 135668711.32857 0 0
45 2643.8816706243 870510.260300495 1.35903449948692 631432211.03415 738890657.239951 382616020.324097 531612525.096371 114523657.883985 69703699.8099025 44280.0559974062 454356.118329376 1204551916.05799 1346093100.78796 719046485.592652 986393265.532608 200667669.743217 136069083.77457 0 0
46 2643.8816706243 870510.318159536 1.35920624669938 627826025.356804 734670763.388005 380430853.985883 528576421.71045 113869599.431531 69305613.5553213 44280.0559974062 454356.118329376 1208158101.73533 1350312994.63991 721231651.930866 989429368.918529 201321728.195671 136467170.029151 0 0
47 2643.8816706243 870510.48807681 1.35936252210212 624240445.52261 730474982.124431 378258173.747625 525557666.701945 113219278.286883 68909801.9764381 44280.0559974062 454356.118329376 1211743681.56953 1354508775.90348 723404332.169124 992448123.927033 201972049.340319 136862981.608034 0 0
48 2643.8816706243 870510.691846714 1.35950492675424 620675334.001677 726303152.514217 376097896.273156 522556144.282319 112572669.506073 68516249.8913506 54017.5336012077 454356.118329376 1215308793.09046 1358680605.5137 725564609.643593 995449646.346659 202618658.12113 137256533.693121 0 0
49 2643.8816706243 870510.697626721 1.35961129657187 617130617.304873 722155188.561695 373949977.031776 519571792.579936 111929759.760282 68124949.1876052 54017.5336012077 454356.118329376 1218853509.78726 1362828569.46622 727712528.884973 998433998.049042 203261567.866921 137647834.396866 0 0
50 2643.8816706243 870510.69652457 1.35970833938875 613606077.397781 718030835.126899 371814283.905642 516604428.028255 111290509.504332 67735875.7964179 54017.5336012077 454356.118329376 1222378049.69436 1366952922.90102 729848222.011107 1001401362.60072 203900818.122871 138036907.788054 0 0
51 2643.8816706243 870510.688893549 1.35979646118751 610101697.268141 713930072.302387 369690806.586185 513654036.304393 110654915.65269 67349027.839808 54017.5336012077 454356.118329376 1225882429.824 1371053685.72553 731971699.330564 1004351754.32458 204536411.974513 138423755.744664 0 0
52 2643.8816706243 870510.675810528 1.35987690561003 606617296.124647 709852688.529413 367579435.523006 510720465.197357 110022945.415007 66964385.3602525 54017.5336012077 454356.118329376 1229366830.96749 1375131069.49851 734083070.393743 1007285325.43162 205168382.212196 138808398.224219 0 0
53 2643.8816706243 870510.656571396 1.35994937311144 603152928.839589 705798748.018546 365480203.965942 507803760.904976 109394608.743539 66581954.4150946 54017.5336012077 454356.118329376 1232831198.25255 1379185010.00937 736182301.950807 1010202029.724 205796718.883664 139190829.169377 0 0
54 2643.8816706243 870510.636646298 1.36001654945996 599708124.889304 701767700.17143 363392826.801422 504903527.286115 108769820.298817 66201683.0633031 54017.5336012077 454356.118329376 1236276002.20283 1383216057.85649 738269679.115327 1013102263.34286 206421507.328386 139571100.521168 0 0
55 2643.8816706243 870510.612951199 1.36007710019113 596283116.654278 697759816.915545 361317444.840282 502019959.985492 108148622.227981 65823596.9573224 54017.5336012077 454356.118329376 1239701010.43786 1387223941.11237 740345061.076467 1015985830.64349 207042705.399222 139949186.627149 0 0
56 2643.8816706243 870510.579241196 1.36013180353817 592877737.718734 693774903.514129 359253957.242969 499152918.895096 107530984.347992 65447677.7265417 54017.5336012077 454356.118329376 1243106389.3734 1391208854.51379 742408548.67378 1018852871.73388 207660343.279211 140325105.85793 0 0
57 2643.8816706243 870510.530422521 1.36018141802539 589491829.695578 689812774.625446 357202268.034904 496302270.666387 106916877.931984 65073907.8866353 54017.5336012077 454356.118329376 1246492297.39656 1395170983.40247 744460237.881845 1021703519.96259 208274449.695219 140698875.697836 0 0
58 2643.8816706243 870510.463367091 1.36022666852203 586125247.907592 685873260.950806 355162289.549002 493467893.493383 106306276.739665 64702271.4667083 54017.5336012077 454356.118329376 1249858879.18455 1399110497.07711 746500216.367747 1024537897.13559 208885050.887538 141070512.117763 0 0
59 2643.8816706243 870510.389878799 1.36026823969001 582777851.8173 681956198.035775 353133936.626654 490649669.055413 105699155.281577 64332752.9528517 54017.5336012077 454356.118329376 1253206275.27484 1403027559.99214 748528569.290095 1027356121.57357 209492172.345626 141440030.63162 0 0
60 2643.8816706243 870510.515226485 1.36030622720725 579449561.044877 678061491.82132 351117160.561745 487847529.679462 105095498.979129 63965343.4719494 54017.5336012077 454356.118329376 1256534566.04726 1406922266.2066 750545345.355004 1030158260.94952 210095828.648074 141807440.112522 0 0
61 2643.8816706243 870510.68638543 1.36034080446682 576140280.865339 674189031.461965 349111903.955722 485061395.615103 104495290.651931 63600032.5673258 54017.5336012077 454356.118329376 1259843846.2268 1410794726.56595 752550601.961027 1032944395.01388 210696036.975272 142172751.017146 0 0
62 2643.8816706243 870510.693913308 1.36037229714049 572849898.122289 670338684.54412 347118098.241524 482291171.59422 103898509.776665 63236807.7476645 54017.5336012077 454356.118329376 1263134228.96985 1414645073.4838 754544407.675225 1035714619.03476 211292817.850538 142535975.836807 0 0
63 2643.8816706243 870510.661628026 1.36040097209428 569578308.870017 666510329.432379 345135680.433301 479536770.103314 103305137.500565 62875657.5384152 54017.5336012077 454356.118329376 1266405818.22212 1418473428.59554 756526825.483448 1038469020.52566 211886190.126638 142897126.046056 0 0
64 2643.8816706243 870510.687424061 1.36042709261674 566325400.603619 662703834.47552 343164582.358766 476798096.42277 102715153.418475 62516569.52018 54017.5336012077 454356.118329376 1269658726.48852 1422279923.5524 758497923.557983 1041207694.20621 212476174.208728 143256214.064292 0 0
65 2643.8816706243 870510.697719034 1.36045088074917 563091068.948986 658919077.53683 341204740.772482 474075062.678415 102128538.599931 62159532.1711176 54017.5336012077 454356.118329376 1272893058.14315 1426064680.49109 760457765.144267 1043930727.95056 213062789.027272 143613251.413354 0 0
66 2643.8816706243 870510.700088354 1.36047254112929 559875209.822401 655155936.81941 339256092.604975 471367581.240562 101545274.167138 61804534.0014436 54017.5336012077 454356.118329376 1276108917.26974 1429827821.20851 762406413.311774 1046638209.38842 213646053.460065 143968249.583028 0 0
67 2643.8816706243 870510.70160016 1.36049228604455 556677701.705821 651414270.125022 337318564.222449 468675549.801292 100965338.080215 61451561.5968005 54017.5336012077 454356.118329376 1279306425.38632 1433569487.90289 764343941.6943 1049330240.82769 214225989.546988 144321221.987671 0 0
68 2643.8816706243 870510.702395657 1.36051038753785 553498361.996484 647693863.775188 335392044.976856 465998814.624524 100388697.220268 61100594.799699 54017.5336012077 454356.118329376 1282485765.09565 1437289894.25273 766270460.939894 1052006976.00445 214802630.406935 144672188.784772 0 0
69 2643.8816706243 870510.702460058 1.36052688976632 550337160.094296 643994681.962226 333476516.326084 463337349.947564 99815346.037319 60751630.2321998 54017.5336012077 454356.118329376 1285646966.99784 1440989076.06569 768185989.590666 1054668440.68141 215375981.589884 145021153.352272 0 0
70 2643.8816706243 870510.70177712 1.36054179851765 547194091.448784 640316719.361254 331571975.512776 460691151.939301 99245283.7060436 60404667.3919768 54017.5336012077 454356.118329376 1288790035.64335 1444667038.66666 770090530.403973 1057314638.68968 215946043.921159 145368116.192495 0 0
71 2643.8816706243 870510.699576595 1.36055538826882 544068940.256139 636659723.442523 329678291.770728 458060038.911176 98678471.0858322 60059682.4564825 54017.5336012077 454356.118329376 1291915186.836 1448324034.5854 771984214.146021 1059945751.7178 216512856.541371 145713101.127989 0 0
72 2643.8816706243 870510.69543587 1.36056780961718 540961588.111232 633023555.650471 327795393.352413 455443911.176083 98114886.7013967 59716662.3549936 54017.5336012077 454356.118329376 1295022538.98091 1451960202.37745 773867112.564337 1062561879.4529 217076440.925806 146056121.229478 0 0
