"Time" "IECs" "pheme_e" "BiomassCD" "pro_L_e" "leu_L_e" "ile_L_e" "val_L_e" "trp_L_e" "cys_L_e" "Drug" "Damage" "pro_L_v" "leu_L_v" "ile_L_v" "val_L_v" "trp_L_v" "cys_L_v" "CD" "pheme_c"
0 457000 1e+05 0.4963 224235600.199112 195370466.451958 120509812.093413 157438605.791629 18978882.6152 31300034.1459915 0 0 0 0 0 0 0 0 45700000 1000
1 301489.355894921 172134.882968969 0.594123777868173 482421513.504556 531517462.184009 286562417.461303 391669233.506652 78150804.4560061 54965025.8022527 0 155510.644105079 298577232.886959 310621773.100973 172865296.325498 233680164.155195 42220416.8333387 36051095.6800891 48532264.0540576 998.072908579348
2 193243.968554817 303270.457542648 0.697811925956928 585922351.439683 664069334.168723 352481890.969423 484462442.595878 101054349.068975 64785036.8993383 0 263756.031445183 582142403.214344 628262467.063749 342563574.869605 466374282.137475 89891601.0235475 67797313.3216034 52252903.5340141 1535.57958230863
3 119300.210910908 420056.372610184 0.803528918771224 644735584.202248 738013561.570633 389470328.076682 536467000.207659 113509543.046359 70628314.3385695 0 337699.789089092 787151615.206829 861850327.702858 466172199.24021 636458914.929588 125645855.168917 90348438.8176333 57057136.6181075 1878.63221749896
4 70194.3068532977 505189.81953591 0.907130683610187 685327018.134463 788632550.863823 414728898.95185 572073968.732259 121841832.584159 74848039.1968231 0 386805.693146702 920995772.468615 1015462793.38527 547099973.442093 748007163.513196 149328036.565095 104985381.117502 63165456.6240944 2024.35806076596
5 38870.0866991805 558186.470075596 1.00479451371907 714827637.902985 825812320.071558 432957782.733604 598021225.442198 127862483.52813 78059089.5524086 0 418129.91330082 1001750168.40329 1108560455.79851 595990608.04536 815487246.821104 163727373.057988 113802831.301098 70824627.2523953 2035.72009252601
6 19957.7972621021 583736.305143962 1.09354972512185 735209452.332678 852575116.985859 445501268.360314 616295044.150701 132149720.259672 80421361.1090267 0 437042.202737898 1046594287.18039 1160453870.65301 623157939.663946 853036975.149428 171766563.688285 118702878.888318 80308690.8649536 1967.64162038203
7 9337.1815519562 587841.966982229 1.17156381548339 747433813.323331 870444541.884946 453011724.275364 627878774.916419 134990954.725005 82020003.8791224 0 447662.818448044 1069234287.99 1186755586.49242 636878229.857786 872032464.174077 175844431.095982 121182552.550918 91917627.2974587 1857.55753005145
8 3900.83185105994 576341.184444613 1.23815235738994 752743143.433187 881119672.891066 456280164.169032 633921747.46105 136677499.850344 82983271.8203768 9737.47760380151 453099.16814894 1079460729.29651 1198690233.89233 643076705.011353 880632045.450615 177695503.393484 122306842.894808 105972256.471673 1728.81549486928
9 3614.94458474499 732891.504807801 1.25089602584011 747763898.52843 875281287.386355 453264557.945588 629726375.654304 135784765.943705 82437935.8798172 3235.31387707496 453385.055415255 1085403087.37432 1205645963.13359 646678721.806018 885636380.906012 178774549.7477 122961959.545633 647954.89056961 1045.76296027337
10 3602.69755544338 809815.467674458 1.26260460772317 741983368.408996 868514567.215599 449760743.155028 624858235.010675 134735600.42792 81800822.2140912 1869.28581553145 453397.302444557 1091224759.852 1212460412.90916 650207587.247972 890539078.682549 179831696.476929 123603776.07061 245397.224493748 730.445872713308
11 3596.45042803714 843026.329814267 1.2733431440726 736241287.581976 861793065.526539 446280179.420166 620022519.22206 133693165.083228 81167865.264217 1195.39685655392 453403.549571963 1096987821.81827 1219206254.94428 653700925.938232 895392417.368176 180878202.977546 124239131.917409 163720.628977884 677.62905779866
12 3591.71506320252 857310.655659114 1.28317601885558 730547206.543372 855127803.453619 442828697.067984 615227237.762835 132659381.362824 80540178.9935836 762.195439971052 453408.284936798 1102697804.72385 1225889964.84853 657162090.593655 900201055.436412 181915072.658898 124868636.568138 139411.51985722 730.844056778727
13 3587.37631895011 863439.010275232 1.29216623212481 724902996.666118 848520932.204341 439407440.694191 610473958.287701 131634635.771642 79917984.9807428 457.316392329513 453412.62368105 1108356583.75801 1232513737.83758 660592217.814483 904966572.122738 182942645.738639 125492496.658772 136537.151357622 865.282653657633
14 3582.92580569413 866048.099279484 1.30037482783479 719309677.965167 841973627.893622 436017033.243394 605763536.022211 130619134.759449 79301402.6271548 245.039901654237 453417.074194306 1113964846.8101 1239078379.15146 663991724.560296 909689546.739686 183961047.077253 126110788.009451 146023.770699147 1082.19373190942
15 3578.0272605297 867129.505712788 1.3078604592851 713768321.344098 835487132.339675 432658126.906978 601096870.346059 129613086.70748 78690554.5490928 111.089102408885 453421.97273947 1119522652.68419 1245583957.55644 667360646.492907 914370028.794954 184970287.431324 126723517.128856 164928.913848893 1382.42438562397
16 3572.40608379836 867538.473996113 1.31467907460731 708280236.188876 829062968.750403 429331517.851207 596475061.949599 128616740.613495 78085588.766853 9778.00356364991 453427.593916202 1125029614.69406 1252030020.27902 670698749.256424 919007692.611594 185970296.756056 127330641.44296 192075.897454396 1751.52182733704
17 3572.0382563833 868163.35383442 1.31943832975488 702814978.563247 822673816.752949 426022895.736491 591876926.078762 127625561.437089 77483821.2456779 8002.13992386057 453427.961743618 1130489214.6492 1258420702.07069 674008173.602732 923605502.389278 186961715.631897 127932550.044905 0.99909348990896 8.51380313069665
18 3572.03825349163 868450.726980153 1.32378612154586 697397503.991889 816332440.182757 422739004.169373 587314589.944847 126641791.529067 76886556.4748421 7993.67466193417 453427.96174651 1135906689.17631 1264762078.65291 677292065.176157 928167838.520676 187945485.541804 128529814.816849 1.85115872446151e-05 0.0489098198599149
19 3572.03825349158 868573.410799487 1.32775556343484 692021788.7207 810039944.525779 419480425.657932 582787421.447561 125665604.764995 76293895.569942 7993.62603334379 453427.96174651 1141282404.4475 1271054574.30989 680550643.687598 932695007.017962 188921672.305876 129122475.72175 2.63256081199755e-08 0.000281236423191835
20 3572.03825349158 868625.78627181 1.33137753117629 686687510.808593 803795953.000604 416246965.085419 578295149.498396 124696942.692882 75705803.0436652 7993.62575369537 453427.96174651 1146616682.3596 1277298565.83506 683784104.26011 937187278.967127 189890334.377988 129710568.248026 3.13339962981548e-08 1.58811030133e-06
21 3572.03825349158 868648.156489814 1.33468076213016 681394350.528069 797600091.353057 413038428.643735 573837504.83825 123735747.252779 75122243.6467511 7993.62575211789 453427.96174651 1151909842.64013 1283494427.48261 686992640.701795 941644923.627273 190851529.818091 130294127.64494 3.73536152946413e-08 1.07714003090799e-08
22 3572.03825349158 868657.773820024 1.3376924073351 676141983.994823 791451980.463246 409854620.005063 569414214.707361 122781959.629895 74543181.6716602 7993.62575210669 453427.96174651 1157162209.17337 1289642538.37243 690176449.340466 946068213.758162 191805317.440975 130873189.620032 4.45551780572896e-08 -2.62325083854257e-10
23 3572.03825349158 868661.723524708 1.34043667879258 670930101.24764 785351257.508833 406695351.281301 565025018.071324 121835523.53776 73968582.9458435 7993.62575210661 453427.96174651 1162374091.92056 1295743261.32684 693335718.064228 950457410.394199 192751753.53311 131447788.345848 3.37872486424972e-08 -2.56755063728025e-10
24 3572.03825349158 868663.428897502 1.34293655014039 665758386.798298 779297553.197885 403560431.234056 560669649.24115 120896381.686245 73398412.6874112 17731.1033559081 453427.96174651 1167545806.3699 1301796965.63779 696470638.111474 954812779.224373 193690895.384626 132017958.604281 0 0
25 3572.03825349158 868664.221708501 1.34476136852951 660626560.45181 773290539.550656 400449690.018513 556347872.250117 119964483.194187 72832640.0054761 17731.1033559081 453427.96174651 1172677632.71639 1307803979.28502 699581379.327017 959134556.215406 194622793.876684 132583731.286216 0 0
26 3572.03825349158 868664.507626705 1.34642463151771 655534280.543963 767329816.635142 397362920.529272 552059399.36508 119039766.018106 72271227.2323026 17731.1033559081 453427.96174651 1177769912.62423 1313764702.20053 702668148.816258 963423029.100443 195547511.052765 133145144.05939 0 0
27 3572.03825349158 868664.648651333 1.34794157929789 650481232.701292 761415016.464284 394299932.20367 547803965.835848 118122173.070303 71714139.7089005 17731.1033559081 453427.96174651 1182822960.46691 1319679502.37139 705731137.14186 967678462.629675 196465104.000568 133702231.582792 0 0
28 3572.03825349158 868664.727850831 1.34932151557638 645467188.448006 755545871.597776 391260586.547337 543581379.251113 117211662.861409 71161352.2463115 17731.1033559081 453427.96174651 1187837004.72019 1325548647.2379 708770482.798193 971901049.21441 197375614.209462 134255019.045381 0 0
29 3572.03825349158 868664.931845373 1.35057996206015 640491773.231223 749721943.606077 388244656.518863 539391324.180477 116308167.375624 70612823.5508955 17731.1033559081 453427.96174651 1192812419.93698 1331372575.2296 711786412.826667 976091104.285046 198279109.695247 134803547.740797 0 0
30 3572.03825349158 868665.246475495 1.351726687321 635554702.471879 743942899.377698 385251969.615953 535233560.965157 115411634.935674 70068522.2484306 17731.1033559081 453427.96174651 1197749490.69632 1337151619.45798 714779099.729578 980248867.500366 199175642.135197 135347849.043262 0 0
31 3572.03825349158 868665.583807774 1.35277147084376 630655687.446672 738208400.950148 382282350.824213 531107846.456296 114522013.111723 69528416.5078012 17731.1033559081 453427.96174651 1202648505.72153 1342886117.88553 717748718.521317 984374582.009227 200065263.959148 135887954.783891 0 0
32 3572.03825349158 868665.396726308 1.35372284115154 625794435.727744 732518106.0246 379335622.883672 527013934.385234 113639248.801219 68992474.0894725 27468.5809597096 453427.96174651 1207509757.44045 1348576412.81107 720695446.461858 988468494.080288 200948028.269652 136423897.20222 0 0
33 3572.03825349158 868665.051183692 1.35442889850838 620970657.862496 726871675.784891 376411610.337862 522951580.988933 112763289.441892 68460663.0819258 27468.5809597096 453427.96174651 1212333535.3057 1354222843.05078 723619459.007668 992530847.476589 201823987.628979 136955708.209767 0 0
34 3572.03825349158 868664.952952221 1.35507213451538 616184028.037944 721268728.853533 373510115.689865 518920511.88339 111894075.868717 67932947.5649889 27468.5809597096 453427.96174651 1217120165.13025 1359825789.98214 726520953.655665 996561916.582132 202693201.202154 137483423.726704 0 0
35 3572.03825349158 868664.9451046 1.35565787001712 611434307.038262 715708985.21857 370630993.935063 514920525.612557 111031564.642021 67409301.1656378 27468.5809597096 453427.96174651 1221869886.12993 1365385533.6171 729400075.410467 1000561902.85296 203555712.42885 138007070.126055 0 0
36 3572.03825349158 868664.914834362 1.35619148377591 606721193.207724 710192091.779579 367774062.219859 510951368.136511 110175700.983543 66889690.6269855 27468.5809597096 453427.96174651 1226582999.96047 1370902427.05609 732257007.125671 1004531060.32901 204411576.087328 138526680.664707 0 0
37 3572.03825349158 868664.840283406 1.35667614595248 602044478.781851 704717805.339696 364939194.604386 507012864.486012 109326447.164921 66374093.0434504 27468.5809597096 453427.96174651 1231259714.38634 1376376713.49597 735091874.741144 1008469563.97951 205260829.90595 139042278.248242 0 0
38 3572.03825349158 868664.634663657 1.3571179056721 597403797.966248 699285697.72155 362126169.356336 503104706.606639 108483736.760828 65862468.086997 27468.5809597096 453427.96174651 1235900395.20195 1381808821.11412 737904899.989193 1012377721.85888 206103540.310043 139553903.204695 0 0
39 3572.03825349158 868664.667796092 1.35752103015988 592798857.46804 693895425.613775 359334808.691394 499226647.501258 107647516.511631 65354783.4227242 27468.5809597096 453427.96174651 1240505335.70015 1387199093.22189 740696260.654136 1016255780.96426 206939760.55924 140061587.868968 0 0
40 3572.03825349158 868664.756017525 1.35788814413098 588229413.436967 688546703.579623 356564964.795702 495378481.810925 106817742.136078 64851012.166672 37206.0585635111 453427.96174651 1245074779.73123 1392547815.25605 743466104.549828 1020103946.6546 207769534.934793 140565359.125021 0 0
41 3572.03825349158 868664.782767 1.35816224302441 583695189.392817 683239207.98764 353816470.076215 491559976.69732 105994363.427582 64351123.8374987 37206.0585635111 453427.96174651 1249609003.77538 1397855310.84803 746214599.269315 1023922451.76821 208592913.643289 141065247.454194 0 0
42 3572.03825349158 868664.785464565 1.35841182397194 579195874.199439 677972574.640177 351089135.932624 487770870.136563 105177323.886313 63855084.1331211 37206.0585635111 453427.96174651 1254108318.96876 1403121944.1955 748941933.412906 1027711558.32896 209409953.184558 141561287.158572 0 0
43 3572.03825349158 868664.776328637 1.35863931443856 574731211.374387 672746503.313988 348382806.89386 484010946.13149 104366576.937118 63362864.7769081 37206.0585635111 453427.96174651 1258572981.79381 1408348015.52168 751648262.45167 1031471482.33404 210220700.133753 142053506.514785 0 0
44 3572.03825349158 868664.76211378 1.35884602509806 570301027.393222 667560790.891586 345697377.775223 480280058.548175 103562091.06935 62874446.6381679 37206.0585635111 453427.96174651 1263003165.77498 1413533727.94409 754333691.570307 1035202369.91735 211025186.001521 142541924.653525 0 0
45 3572.03825349158 868664.758273053 1.35903478817112 565904915.262082 662414960.969929 343032601.870667 476577864.635989 102763792.376189 62389784.8467134 37206.0585635111 453427.96174651 1267399277.90612 1418679557.86575 756998467.474863 1038904563.82954 211823484.694682 143026586.44498 0 0
46 3572.03825349158 868664.764621482 1.35920571055532 561542827.065837 657308957.462387 340388450.135646 472904324.043119 101971672.156633 61908874.1200057 37206.0585635111 453427.96174651 1271761366.10236 1423785561.37329 759642619.209884 1042578104.42241 212615604.914238 143507497.171687 0 0
47 3572.03825349158 868664.792360855 1.35936104049118 557214394.600549 652242349.37112 337764699.377267 469259126.685939 101185663.547799 61431673.8643624 37206.0585635111 453427.96174651 1276089798.56765 1428852169.46455 762266369.968263 1046223301.77959 213401613.523072 143984697.427331 0 0
48 3572.03825349158 868664.85234549 1.35950288886546 552919284.287573 647214746.228614 335161147.39133 465641991.640583 100405705.974483 60958147.3034642 46943.5361673126 453427.96174651 1280384908.88062 1433879772.60706 764869921.954199 1049840436.82494 214181571.096388 144458223.988229 0 0
49 3572.03825349158 868664.825676477 1.35960945786007 548657233.613708 642225840.752378 332577635.051128 462052697.831074 99631751.7663931 60488265.4958021 46943.5361673126 453427.96174651 1284646959.55449 1438868678.0833 767453434.294401 1053429730.63445 214955525.304478 144928105.795891 0 0
50 3572.03825349158 868664.829213869 1.35970664149828 544427930.724551 637275267.904016 330013973.320969 458490982.628654 98863744.2932719 60021994.0601071 46943.5361673126 453427.96174651 1288876262.44364 1443819250.93166 770017096.02456 1056991445.83687 215723532.777599 145394377.231586 0 0
51 3572.03825349158 868664.859751573 1.3597949556841 540231275.836449 632362910.882662 327470101.715343 454956762.000336 98101665.4352084 59559321.9954488 46943.5361673126 453427.96174651 1293072917.33174 1448731607.95301 772560967.630186 1060525666.46519 216485611.635663 145857049.296244 0 0
52 3572.03825349158 868664.910436103 1.35987552131085 536066915.895367 627488356.424058 324945806.224724 451449738.621015 97345451.0804224 59100210.3783884 46943.5361673126 453427.96174651 1297237277.27283 1453606162.41162 775085263.120805 1064032689.84451 217241825.990449 146316160.913305 0 0
53 3572.03825349158 868664.981049301 1.35994837402904 531934839.670667 622651591.382281 322441080.041474 447969903.032789 96595099.1895203 58644657.9707726 46943.5361673126 453427.96174651 1301369353.49753 1458442927.45339 777589989.304055 1067512525.43273 217992177.881351 146771713.320921 0 0
54 3572.03825349158 868665.046423701 1.3600154778457 527834310.511344 617851753.477054 319955476.632432 444516634.863661 95850475.9925898 58192583.5584319 46943.5361673126 453427.96174651 1305469882.65685 1463242765.35862 780075592.713097 1070965793.60186 218736801.078281 147223787.733261 0 0
55 3572.03825349158 868665.11879041 1.36007601275815 523765625.880125 613089190.900725 317489176.309537 441090184.622412 95111635.5064753 57744019.9359842 46943.5361673126 453427.96174651 1309538567.28807 1468005327.93495 782541893.035991 1074392243.84311 219475641.564396 147672351.355709 0 0
56 3572.03825349158 868665.197567857 1.3601308431621 519728400.052058 608363452.146384 315041945.259247 437690227.470066 94378507.6866204 57298924.5780935 46943.5361673126 453427.96174651 1313575793.11614 1472731066.68929 784989124.086282 1077792200.99546 220208769.384251 148117446.7136 0 0
57 3572.03825349158 868665.279509449 1.36018076458778 515722293.923618 603674140.27942 312613577.928364 434316477.829965 93651030.9545456 56857260.0993344 46943.5361673126 453427.96174651 1317581899.24458 1477420378.55625 787417491.417165 1081165950.63556 220936246.116325 148559111.192359 0 0
58 3572.03825349158 868665.362058614 1.36022648937812 511746995.121802 599020889.654394 310203884.966838 430968672.63661 92929148.5858195 56418992.0612633 46943.5361673126 453427.96174651 1321557198.04639 1482073629.18128 789827184.378691 1084513755.82891 221658128.485052 148997379.23043 0 0
59 3572.03825349158 868665.453304312 1.36026817718809 507802322.996105 594403488.812466 307812756.870384 427646659.754847 92212827.7757599 55984100.5475554 46943.5361673126 453427.96174651 1325501870.17209 1486691030.02321 792218312.475145 1087835768.71068 222374449.295111 149432270.744138 0 0
60 3572.03825349158 868665.558207014 1.3603061500954 503888058.185707 589821680.982779 305440060.669822 424350254.449557 91502028.6902016 55552561.3741579 46943.5361673126 453427.96174651 1329416134.98249 1491272837.8529 794591008.675707 1091132174.01597 223085248.380669 149863809.917535 0 0
61 3572.03825349158 868665.646746545 1.36034079753372 500003963.19415 585275188.16597 303085652.402755 421079256.712663 90796708.2016936 55124348.3576033 46943.5361673126 453427.96174651 1333300229.97404 1495819330.6697 796945416.942774 1094403171.75286 223790568.869177 150292022.93409 0 0
62 3572.03825349158 868665.199163659 1.36037232411614 496149806.874448 580763739.794993 300749391.955625 417833471.883305 90096824.3357976 54699436.0144397 46943.5361673126 453427.96174651 1337154386.29375 1500330779.04068 799281677.389904 1097648956.58222 224490452.735074 150716935.277253 0 0
63 3572.03825349158 868664.866150763 1.36040104286448 492325342.291202 576287046.821813 298431129.644463 414612692.004382 89402332.251026 54277797.1205769 46943.5361673126 453427.96174651 1340978850.87699 1504807472.01386 801599939.701066 1100869736.46114 225184944.819845 151138574.171116 0 0
64 3572.03825349158 868664.902688461 1.3604271639524 488530390.281148 571844899.528467 296130756.866502 411416766.193224 88713199.4127679 53859411.9236553 46943.5361673126 453427.96174651 1344773802.88704 1509249619.30721 803900312.479027 1104065662.2723 225874077.658103 151556959.368038 0 0
65 3572.03825349158 868664.842718167 1.36045097492441 484764665.736587 567436964.184675 293848100.799006 408245454.345856 88029374.0477523 53444248.9911716 46943.5361673126 453427.96174651 1348539527.43161 1513657554.651 806182968.546523 1107236974.11967 226557903.023119 151972122.300522 0 0
66 3572.03825349158 868664.817346798 1.36047265613781 481027970.370755 563063008.687633 291583041.247181 405098589.474717 87350820.148694 53032286.4624419 46943.5361673126 453427.96174651 1352276222.79744 1518031510.14804 808448028.098348 1110383838.99081 227236456.922177 152384084.829251 0 0
67 3572.03825349158 868664.809979862 1.36049240120675 477320076.427951 558722766.43993 289335440.153149 401975979.774923 86677496.3569846 52623499.2278958 46943.5361673126 453427.96174651 1355984116.74024 1522371752.39574 810695629.192379 1113506448.6906 227909780.713886 152792872.063797 0 0
68 3572.03825349158 868664.80600073 1.36051037850685 473640767.62448 554415984.272614 287105166.412983 398877443.102764 86009363.3972405 52217863.4427271 46943.5361673126 453427.96174651 1359663425.54371 1526678534.56306 812925902.932546 1116604985.36276 228577913.673631 153198507.848966 0 0
69 3572.03825349158 868664.805543178 1.36052671255022 469989848.528227 550142433.424361 284892101.562279 395802814.874725 85346385.7805576 51815357.5609705 46943.5361673126 453427.96174651 1363314344.63997 1530952085.41131 815138967.78325 1119679613.5908 229240891.290314 153601013.730723 0 0
70 3572.03825349158 868664.809578171 1.36054155124271 466367091.340185 545901847.247071 282696107.516911 392751903.249452 84688522.1404637 51415956.4682813 46943.5361673126 453427.96174651 1366937101.82801 1535192671.5886 817334961.828617 1122730525.21607 229898754.930407 154000414.823412 0 0
71 3572.03825349158 868664.818729789 1.36055505674392 462772259.329259 541693948.63727 280517040.778421 389724508.86342 84035729.4884914 51019634.0655719 46943.5361673126 453427.96174651 1370531933.83893 1539400570.19841 819514028.567108 1125757919.6021 230551547.58238 154396737.226121 0 0
72 3572.03825349158 868664.833622117 1.36056739121345 459205115.764355 537518460.491482 278354757.848348 386720432.353103 83387964.8361732 50626364.2537544 46943.5361673126 453427.96174651 1374099077.40384 1543576058.34419 821676311.497181 1128761996.11242 231199312.234698 154790007.037939 0 0
