"Time" "IECs" "pheme_e" "BiomassCD" "pro_L_e" "leu_L_e" "ile_L_e" "val_L_e" "trp_L_e" "cys_L_e" "Drug" "Damage" "pro_L_v" "leu_L_v" "ile_L_v" "val_L_v" "trp_L_v" "cys_L_v" "CD" "pheme_c"
0 457000 1e+05 0.4963 224235600.199112 195370466.451958 120509812.093413 157438605.791629 18978882.6152 31300034.1459915 0 0 0 0 0 0 0 0 45700000 1000
1 339715.323284724 150711.688574792 0.594123777916757 378137810.808707 411701214.348374 223405410.792803 304659115.496417 59601924.8279644 43635535.901149 0 117284.676715276 265970674.977664 271456222.562416 152695970.395735 205661949.778182 35846092.3154796 32701814.1035085 48532264.052977 876.345325738829
2 247392.341692633 253068.150128254 0.697812002215817 446717790.348754 504592561.396959 268326842.493553 368554774.668214 76477461.437668 49578245.7921408 0 209607.658307367 527585960.378711 562536155.955339 308773952.266715 419404676.193416 79164181.8149991 62211129.1438797 52252899.862439 1281.67751423761
3 175402.620722003 353009.278058572 0.803529047512707 490776848.899119 561640335.367495 296462934.939067 408311039.297772 86379182.1314923 53753410.5618349 0 281597.379277997 740615357.762244 804893631.501651 437134708.412396 595971430.50378 116198331.726578 85680017.2269073 57057131.1606487 1578.28056198108
4 120171.716773606 434984.821779136 0.90713085358957 526312558.519959 606242260.333651 318716734.07843 439656283.474364 93823346.6834175 57355533.8621111 0 336828.283226394 901817311.238543 989997036.05688 534641002.350748 730371541.585712 144762743.020182 103286561.042816 63165448.4679907 1742.36182723946
5 78846.6390590636 495150.797224727 1.00479473268333 557437522.64555 644890786.123467 337984161.753359 466848395.665232 100113427.433855 60658646.2509974 0 378153.360940937 1017228223.20677 1123219508.48185 604575254.124779 826902929.715215 165413969.608332 115852278.496314 70824613.3534405 1805.21024442537
6 49019.0357801765 533624.722176875 1.09355027048303 584404410.694981 678653990.118028 354573305.046014 490449381.801198 105528952.377742 63633502.1097019 0 407980.964219824 1095135995.13353 1213509306.52418 651828443.059467 892213907.015622 179442573.487321 124331222.296702 80308685.1331283 1798.24909507611
7 28519.7159139491 552213.926505018 1.17156423863516 606225775.552284 706829164.32957 367952425.665308 509819362.747384 110009919.843852 66157829.9095092 0 428480.284086051 1144201802.22827 1270590803.63627 681603639.093167 933429987.612755 188322691.710128 129678633.325526 91917624.8298751 1744.64656621803
8 15306.4301568504 553705.574241276 1.23815253093686 621900805.300144 728556410.072972 377547335.016532 524239374.742933 113446675.504782 68123314.7376319 9737.47760380151 441693.56984315 1172640679.71168 1303817613.35665 698866627.443411 957371006.537181 193495334.391354 132787050.228129 105972249.756804 1660.71571210254
9 14935.8400751984 717593.91493435 1.25089618121625 603342814.235254 706801906.641918 366283124.543036 508591960.4007 110060762.902639 66089838.7225001 5436.61991664333 442064.159924802 1192503675.6207 1327086668.26512 710925241.493604 974114661.170039 197118709.036616 134962832.834615 901.180478552313 36.4879085715297
10 14935.8294623006 791484.017566965 1.26260474624357 584133815.213081 684299015.992946 354621541.809158 492399602.915498 106556690.181321 63985695.5576452 5400.12571791931 442064.1705377 1211712712.02227 1349589602.29564 722586846.981658 990307050.054993 200622788.559589 137066980.074823 0.320171587890323 0.372966587531775
11 14935.8294584949 822911.487263576 1.2733432670162 565536351.460422 662512524.927795 343331215.692205 476722743.386784 103164172.693644 61948539.6477581 5399.75635259892 442064.170541505 1230310175.78834 1371376093.37635 733877173.106774 1005983909.59497 204015306.049706 139104135.986172 0.000116766370014365 0.00375062399285726
12 14935.8294584935 836278.372995819 1.283176127453 547530987.740277 641419665.114855 332400347.324409 461544998.638496 99879665.0798713 59976242.0484803 5399.75263968503 442064.170541507 1248315539.50849 1392468953.1893 744808041.474573 1021161654.34326 207299813.66348 141076433.58545 1.06972136968739e-07 3.77666386666295e-05
13 14935.8294584935 841963.508550385 1.29216632742998 530098873.00851 620998352.999461 321817492.43367 446850478.053743 96699728.5648102 58066737.8268393 5399.75260228227 442064.170541507 1265747654.24026 1412890265.30469 755390896.365312 1035856174.92802 210479750.178541 142985937.807091 5.21304864565179e-08 3.64061256571873e-07
14 14935.8294584935 844381.864191225 1.30037491110214 513221756.262347 601227207.961433 311571571.026715 432623796.824654 93621033.8317913 56218027.7780694 5399.75260188468 442064.170541507 1282624770.98642 1432661410.34272 765636817.772267 1050082856.15711 213558444.91156 144834647.855861 6.18269236669127e-08 -3.33096934009745e-08
15 14935.8294584935 845410.417280265 1.3078605314432 496881967.720044 582085530.267342 301651855.963492 418850060.087605 90640357.5894902 54428176.3640358 5399.75260188166 442064.170541507 1298964559.52872 1451803088.03681 775556532.83549 1063856592.89415 216539121.153861 146624499.269894 -1.59133219028686e-07 -3.6174340829513e-08
16 14935.8294584935 845847.652392139 1.31467913662322 481062400.081664 563553279.117961 292047961.58078 405514847.126871 87754579.1535502 52695309.6605501 15137.2302056832 442064.170541507 1314784127.1671 1470335339.18619 785160427.218202 1077191805.85489 219424899.589801 148357365.97338 0 0
17 14935.8294584935 846033.864605564 1.31943842850989 465746535.763136 545611104.552318 282749860.225707 392604234.331754 84960685.4145733 51017618.3405741 15137.2302056832 442064.170541507 1330099991.48563 1488277513.75183 794458528.573275 1090102418.65001 222218793.328778 150035057.293356 0 0
18 14935.8294584935 846112.782898996 1.32378614819823 450918275.45529 528240146.608644 273747778.175727 380104650.679254 82255739.5641527 49393338.8946716 15137.2302056832 442064.170541507 1344928251.79347 1505648471.69551 803460610.623255 1102602002.30251 224923739.179199 151659336.739258 0 0
19 14935.8294584935 846146.433868195 1.32775557357188 436562088.002044 511422210.90314 265032286.628101 368003004.074906 79636908.4353943 47820770.0485816 15137.2302056832 442064.170541507 1359284439.24672 1522466407.40101 812176102.170881 1114703648.90686 227542570.307957 153231905.585348 0 0
20 14935.8294584935 846160.876407113 1.33137751618543 422662970.474915 495139721.858206 256594277.461555 356286647.697322 77101455.2197784 46298268.3898028 15137.2302056832 442064.170541507 1373183556.77385 1538748896.44595 820614111.337427 1126420005.28444 230078023.523573 154754407.244127 0 0
21 14935.8294584935 846166.985119888 1.3346806987825 409206368.505735 479375629.374093 248424914.871098 344943312.842109 74646724.9343897 44824239.6408831 15137.2302056832 442064.170541507 1386640158.74303 1554512988.93006 828783473.927884 1137763340.13965 232532753.808962 156228435.993047 0 0
22 14935.8294584935 846169.527998134 1.33769176003034 396178192.784422 464113428.155656 240515645.383647 333961122.828769 72270147.4314125 43397140.4665762 15137.2302056832 442064.170541507 1399668334.46434 1569775190.14849 836692743.415335 1148745530.15299 234909331.311939 157655535.167354 0 0
23 14935.8294584935 846170.603215835 1.34043535108159 383564804.617444 449337140.794429 232858189.090726 323328580.827116 69969234.7637303 42015476.8919239 15137.2302056832 442064.170541507 1412281722.63132 1584551477.50972 844350199.708256 1159378072.15464 237210243.979621 159037198.742006 0 0
24 14935.8294584935 846171.048291671 1.34293426155415 371352996.25196 435031294.718826 225444527.703453 313034553.271375 67741577.5956895 40677802.1469736 24874.7078094847 442064.170541507 1424493530.9968 1598857323.58533 851763861.095529 1169672099.71039 239437901.147662 160374873.486957 0 0
25 14935.8294584935 846171.234235554 1.34475885612952 359529862.993835 421180772.383399 218266826.916721 303068162.06118 65584821.8750866 39382702.6586555 24874.7078094847 442064.170541507 1436316664.25493 1612707845.92076 858941561.882261 1179638490.92058 241594656.868265 161669972.975275 0 0
26 14935.8294584935 846171.309869628 1.34642218104685 348083272.197555 407771360.679492 211317721.128085 293419179.899845 63496754.3855054 38128849.4236798 24874.7078094847 442064.170541507 1447763255.0512 1626117257.62466 865890667.670897 1189287473.08192 243682724.357846 162923826.210251 0 0
27 14935.8294584935 846171.341131225 1.34793767427288 337001654.053976 394789505.848004 204590186.427182 284077853.937455 61475264.5821761 36914975.0915416 24874.7078094847 442064.170541507 1458844873.19478 1639099112.45615 872618202.371801 1198628799.04431 245704214.161175 164137700.542389 0 0
28 14935.8294584935 846171.375423464 1.34931955861539 326272304.469244 382220325.341999 198076510.291245 275033475.171032 59518035.0060554 35739688.0628157 24874.7078094847 442064.170541507 1469574222.77952 1651668292.96216 879131878.507737 1207673177.81073 247661443.737296 165312987.571115 0 0
29 14935.8294584935 846171.398789169 1.35057871858893 315884567.669582 370051336.173296 191770223.711242 266277061.243039 57623121.8491397 34601821.1099266 24874.7078094847 442064.170541507 1479961959.57918 1663837282.13086 885438165.08774 1216429591.73873 249556356.894212 166450854.524004 0 0
30 14935.8294584935 846171.391412449 1.35172583338065 305827560.704547 358269789.2216 185664719.761559 257799438.295812 55788539.8622474 33500182.1204922 24874.7078094847 442064.170541507 1490018966.54421 1675618829.08256 891543669.037423 1224907214.68595 251390938.881104 167552493.513438 0 0
31 14935.8294584935 846171.36881364 1.3527706738581 296090764.272464 346863361.372588 179753612.283956 249591739.011912 54012370.1323825 32433618.816016 24874.7078094847 442064.170541507 1499755762.9763 1687025256.93157 897454776.515026 1233114913.96985 253167108.610969 168619056.817915 0 0
32 14935.8294584935 846171.35762675 1.35372233698459 286663935.453081 335820053.286266 174030682.908464 241645329.051511 52292744.1635746 31401009.1926697 34612.1854132862 442064.170541507 1509182591.79568 1698068565.01789 903177705.890518 1241061323.93025 254886734.579777 169651666.441261 0 0
33 14935.8294584935 846171.364783962 1.35442790478582 277537170.457606 325128262.907168 168489919.148289 233951859.947971 50627855.3236334 30401268.394898 34612.1854132862 442064.170541507 1518309356.79116 1708760355.39699 908718469.650693 1248754793.03379 256551623.419718 170651407.239033 0 0
34 14935.8294584935 846171.36769776 1.35507065096731 268701032.045182 314776934.72975 163125591.753016 226503376.514434 49015982.0872443 29433362.6725487 34612.1854132862 442064.170541507 1527145495.20358 1719111683.5744 914082797.045966 1256203276.46733 258163496.656107 171619312.961382 0 0
35 14935.8294584935 846171.368896648 1.35565591616402 260146637.545897 304755662.915277 157932308.146461 219292391.043419 47455504.0929741 28496319.0228645 34612.1854132862 442064.170541507 1535699889.70286 1729132955.38888 919276080.652521 1263414261.93834 259723974.650378 172556356.611066 0 0
36 14935.8294584935 846171.370210455 1.35618935792313 251864173.953152 295052951.757486 152904110.95475 212310631.59376 45944631.2689652 27589062.5345215 34612.1854132862 442064.170541507 1543982353.29561 1738835666.54667 924304277.844232 1270396021.388 261234847.474386 173463613.099409 0 0
37 14935.8294584935 846171.37110998 1.35667526592438 243845415.434181 285659164.886896 148036006.360676 205551164.14335 44481863.0728916 26710692.1543408 34612.1854132862 442064.170541507 1552001111.81458 1748229453.41726 929172382.438306 1277155488.83841 262697615.67046 174341983.47959 0 0
38 14935.8294584935 846171.370834796 1.35711783769387 236081962.32203 276564462.291373 143322895.014109 199006908.135364 43065667.2518931 25860287.7874427 34612.1854132862 442064.170541507 1559764564.92673 1757324156.01278 933885493.784873 1283699744.8464 264113811.491458 175192387.846488 0 0
39 14935.8294584935 846171.369970327 1.35752090023801 228565694.374375 267759331.298157 138759847.200696 192671018.555883 41694562.5252719 25036959.9469669 34612.1854132862 442064.170541507 1567280832.87439 1766129287.006 938448541.598286 1290035634.42588 265484916.21808 176015715.686964 0 0
40 14935.8294584935 846171.369535457 1.35788800883804 221288703.630098 259234507.916923 134342062.079789 186536829.334883 40367106.3363035 24239842.3992193 44349.6630170877 442064.170541507 1574557823.61866 1774654110.38723 942866326.719193 1296169823.64688 266812372.407048 176812833.234711 0 0
41 14935.8294584935 846171.369810087 1.35816172503105 214243368.679343 250981063.845408 130064912.77302 180597915.952694 39081908.4004549 23468100.299173 44349.6630170877 442064.170541507 1581603158.56942 1782907554.45874 947143476.025962 1302108737.02907 268097570.342897 177584575.334757 0 0
42 14935.8294584935 846171.369921961 1.35841100399787 207422356.008761 242990408.045332 125923947.180985 174848096.573978 37837630.9507804 22720930.3378254 44349.6630170877 442064.170541507 1588424171.24 1790898210.25882 951284441.617997 1307858556.40778 269341847.792571 178331745.296105 0 0
43 14935.8294584935 846171.369967852 1.35863793678285 200818836.802036 235254540.719104 121915019.600579 169281614.801218 36633028.2863024 21997584.4904078 44349.6630170877 442064.170541507 1595027690.44672 1798634077.58505 955293369.198403 1313425038.18055 270546450.457049 179055091.143522 0 0
44 14935.8294584935 846171.370018104 1.35884474202538 194425232.800544 227764584.115115 118033529.350097 163892082.489371 35466717.9940615 21297232.6386556 44349.6630170877 442064.170541507 1601421294.44821 1806124034.18904 959174859.448885 1318814570.49239 271712760.74929 179755442.995275 0 0
45 14935.8294584935 846171.370052623 1.35903309580609 188235193.952244 220513099.296857 114275621.379229 158674146.818548 34337541.7084394 20619179.2013747 44349.6630170877 442064.170541507 1607611333.29651 1813375519.00729 962932767.419753 1324032506.16321 272841937.034912 180433496.432556 0 0
46 14935.8294584935 846171.370042291 1.35920463641141 182242236.918655 213492491.185895 110637359.720858 153622342.614143 33244316.7499337 19962713.9972478 44349.6630170877 442064.170541507 1613604290.3301 1820396127.11826 966571029.078123 1329084310.36762 273935161.993418 181089961.636682 0 0
47 14935.8294584935 846171.370009261 1.35936085562906 176440093.362789 206695416.572984 107114938.933031 148731385.938531 32185899.6592463 19327150.3961029 44349.6630170877 442064.170541507 1619406433.88597 1827193201.73117 970093449.865951 1333975267.04323 274993579.084105 181725525.237827 0 0
48 14935.8294584935 846171.369992465 1.35950313839746 170822658.244709 200114723.547527 103704652.709728 143996130.506457 31161176.7654474 18711819.6552363 54087.1406208892 442064.170541507 1625023869.00405 1833773894.75662 973503736.089254 1338710522.47531 276018301.977904 182340855.978694 0 0
49 14935.8294584935 846171.370002979 1.35960945280451 165384061.813105 193743535.834021 100402937.5862 139411628.370825 30169077.3185556 18116078.805331 54087.1406208892 442064.170541507 1630462465.43565 1840145082.47013 976805451.212783 1343295024.61094 277010401.424796 182936596.828599 0 0
50 14935.8294584935 846171.370007264 1.35970626600295 160118615.356541 187575189.240912 97206340.0051141 134973084.193342 29208563.5935735 17539304.7080775 54087.1406208892 442064.170541507 1635727911.89222 1846313429.06324 980002048.793868 1347733568.78842 277970915.149778 183513370.925853 0 0
51 14935.8294584935 846171.370009018 1.35979439248012 155021063.298133 181603526.983578 94111669.3606049 130676067.749456 28278676.8771663 16980921.6704862 54087.1406208892 442064.170541507 1640825463.95063 1852285091.32057 983096719.438377 1352030585.23231 278900801.866185 184071753.963444 0 0
52 14935.8294584935 846171.370010938 1.35987469769171 150085553.985694 175821693.989209 91115373.1757104 126515646.348849 27378349.7209637 16440288.7058077 54087.1406208892 442064.170541507 1645760973.26307 1858066924.31494 986093015.623272 1356191006.63292 279801129.022388 184612386.928123 0 0
53 14935.8294584935 846171.37001226 1.35994783444955 145307185.414718 170223947.674905 88214475.4946646 122487687.813228 26506687.9096989 15916868.8511753 54087.1406208892 442064.170541507 1650539341.83404 1863664670.62924 988993913.304317 1360218965.16854 280672790.833652 185135806.782755 0 0
54 14935.8294584935 846171.37001187 1.36001444053712 140680953.207095 164804425.529495 85405938.2117548 118587973.667768 25662778.5532878 15410113.9297745 54087.1406208892 442064.170541507 1655165574.04166 1869084192.77465 991802450.587227 1364118679.314 281516700.190063 185642561.704156 0 0
55 14935.8294584935 846171.370010609 1.36007509644424 136202018.575098 159557459.027043 82686823.7494596 114812425.02319 24845738.9683598 14919493.9034694 54087.1406208892 442064.170541507 1659644508.67366 1874331159.2771 994521565.049522 1367894227.95858 282333739.774992 186133181.730461 0 0
56 14935.8294584935 846171.370009963 1.36013034099786 131865668.479219 154477526.9527 80054270.8706919 111157068.990542 24054709.4103198 14444492.5085151 54087.1406208892 442064.170541507 1663980858.76954 1879411091.35145 997154117.92829 1371549583.99123 283124769.333032 186608183.125415 0 0
57 14935.8294584935 846171.370011186 1.36018065467499 127667373.709907 149559323.444073 77505529.9396092 107618087.641589 23288863.6685178 13984613.6177981 54087.1406208892 442064.170541507 1668179153.53885 1884329294.86007 999702858.859373 1375088565.34018 283890615.074834 187068062.016132 0 0
58 14935.8294584935 846171.370014885 1.3602264808159 123602732.24959 144797691.64119 75037928.5372951 104191770.265453 22547398.7344477 13539375.0367447 54087.1406208892 442064.170541507 1672243794.99917 1889090926.66296 1002170460.26169 1378514882.71632 284632080.008904 187513300.597185 0 0
59 14935.8294584935 846171.370021726 1.36026821194719 119667500.373006 140187660.119787 72648890.3424395 100874539.584837 21829540.4750148 13108311.910033 54087.1406208892 442064.170541507 1676179026.87575 1893700958.18436 1004559498.45654 1381832113.39693 285349938.268336 187944363.723897 0 0
60 14935.8294584935 846171.370030517 1.36030622200615 115857539.358849 135724380.465265 70335902.7805391 97662906.8362516 21134533.9117664 12690970.8844165 54087.1406208892 442064.170541507 1679988987.88991 1898164237.83888 1006872486.01844 1385043746.14552 286044944.831585 188361704.749514 0 0
61 14935.8294584935 846171.37003956 1.36034083352547 112168883.386367 131403206.811956 68096558.2432121 94553529.0039142 20461655.6064727 12286917.5460799 54087.1406208892 442064.170541507 1683677643.86239 1902485411.49219 1009111830.55577 1388153123.97785 286717823.136879 188765758.08785 0 0
62 14935.8294584935 846171.370046126 1.3603723438181 108597684.946094 127219631.893079 65928520.9476244 91543162.803353 19810203.7030467 11895730.4409612 54087.1406208892 442064.170541507 1687248842.30266 1906668986.41107 1011279867.85136 1391163490.17842 287369275.040305 189156945.192969 0 0
63 14935.8294584935 846171.370046054 1.36040104063954 105140182.256277 123169248.869848 63829507.1553393 88628637.2148556 19179491.9837029 11516997.5055641 54087.1406208892 442064.170541507 1690706344.99248 1910719369.4343 1013378881.64364 1394078015.76691 287999986.759648 189535678.128366 0 0
64 14935.8294584935 846171.370034937 1.36042717247117 101792761.698395 119247824.473218 61797323.0762733 85806906.1139241 18568861.2583394 11150322.9061113 54087.1406208892 442064.170541507 1694053765.55036 1914640793.83093 1015411065.72271 1396899746.86784 288610617.485012 189902352.727819 0 0
65 14935.8294584935 846171.370011556 1.3604509718746 98551912.3234136 115451245.709033 59829837.2499172 83075009.9220091 17977671.0656467 10795322.0551846 54087.1406208892 442064.170541507 1697294614.92534 1918437372.59511 1017378551.54906 1399631643.05976 289201807.677705 190257353.578746 0 0
66 14935.8294584935 846171.369973797 1.36047264366262 95414247.3120477 111775544.998213 57924993.5736349 80430093.696581 17405303.5878507 10451623.9624696 54087.1406208892 442064.170541507 1700432279.93671 1922113073.30593 1019283395.22535 1402276559.28519 289774175.155501 190601051.671461 0 0
67 14935.8294584935 846171.369928809 1.36049238128812 92376474.6388867 108216865.810473 56080793.4931633 77869382.4022584 16851158.2993141 10118868.0213206 54087.1406208892 442064.170541507 1703470052.60987 1925671752.49367 1021127595.30582 1404837270.57951 290328320.444037 190933807.61261 0 0
68 14935.8294584935 846171.369885501 1.36051035555621 89435417.2328119 104771486.281775 54295308.2417897 75390197.9051676 16314655.6441643 9796706.21712166 54087.1406208892 442064.170541507 1706411110.01595 1929117132.02237 1022913080.55719 1407316455.0766 290864823.099187 191255969.416809 0 0
69 14935.8294584935 846171.369864889 1.36052672267621 86587997.3273319 101435800.881115 52566669.339604 72989945.7809509 15795234.1815091 9484801.41303093 54087.1406208892 442064.170541507 1709258529.92143 1932452817.42303 1024641719.45938 1409716707.20082 291384244.561842 191567874.220899 0 0
70 14935.8294584935 846171.369925699 1.36054163227733 83831217.2153928 98206297.8652343 50893056.9099451 70666099.0919027 15292347.0747616 9182825.24187307 54087.1406208892 442064.170541507 1712015310.03337 1935682320.43891 1026315331.88904 1412040553.88986 291887131.66859 191869850.392057 0 0
71 14935.8294584935 846171.370123762 1.36055521281221 81162192.8525961 95079598.6440013 49272720.0795632 68416226.7130312 14805468.2214818 8890461.78701721 54087.1406208892 442064.170541507 1714684334.39616 1938809019.66015 1027935668.71942 1414290426.26874 292374010.52187 192162213.846913 0 0
72 14935.8294584935 846171.370526067 1.36056757869714 78578138.8113532 92052440.1545553 47703967.8444448 66237980.6490604 14334089.5087393 8607405.93426344 54087.1406208892 442064.170541507 1717268388.43741 1941836178.14959 1029504420.95454 1416468672.33271 292845389.234612 192445269.699667 0 0
