"Time" "IECs" "pheme_e" "BiomassCD" "pro_L_e" "leu_L_e" "ile_L_e" "val_L_e" "trp_L_e" "cys_L_e" "Drug" "Damage" "pro_L_v" "leu_L_v" "ile_L_v" "val_L_v" "trp_L_v" "cys_L_v" "CD" "pheme_c"
0 457000 1e+05 0.4963 224235600.199112 195370466.451958 120509812.093413 157438605.791629 18978882.6152 31300034.1459915 0 0 0 0 0 0 0 0 45700000 1000
1 413002.178370432 111813.573675649 0.594123778075487 189851542.949454 195240840.278916 109339882.560802 147497575.03457 26066160.8148042 23196439.0232319 0 43997.8216295676 191799115.637574 183116566.330414 107001095.511743 142286009.948915 21599049.4417808 24998758.6285136 48532264.0497296 655.932111967638
2 370630.47951674 150600.638394551 0.697811982470528 183945707.634532 202972046.481854 109308769.000119 149473243.710835 29875413.7887393 20953309.677924 0 86369.52048326 349256965.802222 351609255.659982 199288968.282113 267739127.48603 45415754.7699603 43512620.3336393 52252900.7903788 764.813525560766
3 329581.79094163 195860.484191213 0.803528890734503 189605815.367839 215427014.677983 114170401.374498 157015034.072985 32860921.4210484 20927090.825727 0 127418.209058369 490337693.818711 509875783.247733 283752920.908315 383610346.664275 69193444.1986899 59301535.5986784 57057138.5321577 876.102291225415
4 289671.005671803 241010.648165746 0.907130427644052 201421911.081133 231802180.237597 121972254.463502 168184514.710669 35872686.0218244 21932474.5892409 0 167328.994328197 621079409.585015 659489573.625333 362729129.644634 492381232.674168 92202760.2572627 73621893.3787782 63165475.9529448 965.13525660581
5 250862.033654942 283569.212261688 1.00479473732024 217573222.086792 251966480.861755 132085893.049792 182392626.315713 39239705.5804051 23559375.0724842 0 206137.966345057 743389449.985433 800731787.619295 436899324.884975 594731374.229739 114138168.022789 86897638.1500092 70824651.755376 1033.31820878626
6 213293.512437649 322133.148234685 1.09354981444713 237360399.92613 275904460.434876 144270541.619477 199425443.235997 43094293.6219968 25652899.2349431 0 243706.48756235 857415350.681346 933041287.788896 506168691.071006 690433559.4965 134776868.556872 99230426.1349909 80308715.2460133 1084.96250358617
7 177292.281727325 355483.386193243 1.17156390417981 260337679.426422 303472451.887269 158330876.005324 219078053.662656 47469282.3130911 28136651.3604257 0 279707.718272674 962360479.836571 1055202414.86074 569976456.355146 778677739.473098 153872805.214812 110571146.602273 91917656.4683242 1122.53295298126
8 143363.110863505 382389.317494834 1.23815255049816 285942864.537768 334246559.030935 173958117.962822 240974864.770057 52322483.0688837 30943706.0336319 9737.47760380151 313636.889136495 1056887731.22415 1165539729.3397 627475370.722569 858280271.516875 171138895.516104 120792893.540773 105972291.548708 1146.38674919155
9 140284.916518704 508845.815206177 1.25089619872877 219297637.952551 256249930.115344 133403803.231442 184770604.649228 40118936.0220139 23722756.3825726 5393.68220884662 316715.083481295 1134562128.14679 1256307342.72162 674726973.571976 923727382.75141 185349326.507244 129195869.820236 310744.515258311 279.060539120816
10 140254.562879898 568886.102084279 1.26260476185581 161922895.041827 189206512.58199 98501365.0206093 136428804.909911 29622550.6369616 17516094.001866 4923.98500958255 316745.437120102 1192045628.14536 1323476774.91781 709695495.350185 972160383.897466 195865501.749514 135414187.998245 19312.7144019118 32.788740494142
11 140252.471909395 593526.47506775 1.27334328087256 119502895.763771 139638789.232349 72696316.0222867 100687637.272583 21862131.4637181 12927282.2530084 4875.90508434277 316747.528090604 1234473119.37072 1373053183.05785 735505098.739129 1007907837.02352 203627284.198971 140003802.679775 1490.95748247818 3.06911647312812
12 140252.308809985 603594.368647193 1.28317613969313 88192068.0416681 103052173.075441 53649230.8089207 74306574.0233553 16134056.9857588 9540218.18341635 4871.60278178863 316747.691190015 1265784531.47801 1409640476.87475 754552539.323271 1034289390.71853 209355465.015625 143390929.379541 117.615327547071 0.259345820633788
13 140252.295927278 607704.742665501 1.29216633830824 65084652.6121237 76051225.536066 39592467.0716395 54837330.094202 11906733.952781 7040562.68076525 4871.24497257493 316747.704072721 1288891993.06629 1436641477.95393 768609331.137237 1053758673.39625 213582796.448002 145890589.829151 9.30662030856239 0.0210596073511749
14 140252.294907441 609382.600674834 1.30037492060329 48031642.330775 56124833.0526894 29218735.0022787 40469249.1882835 8787017.57490643 5195845.32948844 4871.21608563785 316747.705092558 1305945007.00172 1456567874.67649 778983065.429657 1068126757.3702 216702513.490804 147735307.572045 0.73740120934135 0.00168490650116713
15 140252.294826607 610067.482374966 1.30786053980543 35446736.6254205 41419407.6806927 21563052.0610312 29865787.3802218 6484706.3846925 3834467.2801549 4871.21377926083 316747.705173392 1318529912.9967 1471273300.38454 786638748.547133 1078730219.42148 219004824.733721 149096685.652419 0.0584920324321509 0.000134102651744119
16 140252.294820193 610347.041240503 1.314679143971 26159237.3098955 30566991.9970056 15913256.0481113 22040568.297732 4785630.19761508 2829787.70649377 14608.6911996128 316747.705179806 1327817412.33521 1482125716.0949 792288544.574038 1086555438.52327 220703900.92498 150101365.228543 0.00464450820830587 1.06577500833241e-05
17 140252.294820168 610461.153284839 1.31943839169383 19305185.2336808 22558052.2684621 11743781.0606254 16265659.7592374 3531734.36712083 2088347.42384827 14608.6911888045 316747.70517983 1334671464.41146 1490134655.82354 796458019.561577 1092330347.06183 221957796.755491 150842805.511198 5.61375403328972e-09 -1.63926886326139e-08
18 140252.294820168 610507.733677542 1.32378617691638 14246974.1748765 16647547.4963893 8666756.80449993 12003844.1342114 2606373.76496702 1541173.08151119 14608.6911887995 316747.70517983 1339729675.47027 1496045160.59562 799535043.817703 1096592162.68686 222883157.357644 151389979.853535 6.68182014319728e-09 -2.13948211063792e-08
19 140252.294820168 610526.742974002 1.32775561276814 10514089.699114 12285682.9456431 6395958.70143485 8858687.63515015 1923471.41350232 1137366.56092514 14608.6911888114 316747.70517983 1343462559.94603 1500407025.14636 801805841.920768 1099737319.18592 223566059.709109 151793786.374121 7.95698410284637e-09 -9.43300485167026e-09
20 140252.294820168 610534.505436444 1.33137757454705 7759264.56274544 9066677.86154489 4720136.22834211 6537598.87987676 1419497.45563803 839362.06591254 14608.6911888114 316747.70517983 1346217385.0824 1503626030.23046 803481664.393861 1102058407.94119 224070033.666973 152091790.869134 8.88937186086963e-09 -9.41836541850207e-09
21 140252.294820168 610537.674681671 1.33468077403515 5726246.67921298 6691102.43326917 3483405.44189583 4824671.6648459 1047572.55352852 619439.407397702 14608.6911888114 316747.70517983 1348250402.96593 1506001605.65874 804718395.180307 1103771335.15622 224441958.569083 152311713.527649 9.96190177832371e-09 -9.40147408632482e-09
22 140252.294820168 610538.960584081 1.3376918472792 4225885.6139265 4937934.9333143 2570701.85219545 3560536.54733458 773093.097712799 457137.148827979 14608.6911888114 316747.70517983 1349750764.03122 1507754773.15869 805631098.770007 1105035470.27373 224716438.024899 152474015.786218 9.95645050195855e-09 -9.40264142292406e-09
23 140252.294820168 610539.495324813 1.34043545175242 3118649.07695904 3644132.29054626 1897144.80961474 2627630.04758819 570532.734639079 337361.319610215 14608.6911888114 316747.70517983 1350858000.56819 1509048575.80146 806304655.812588 1105968376.77348 224918998.387972 152593791.615436 -2.11437789227232e-07 -9.39323994690682e-09
24 140252.294820168 610539.698887252 1.34293436908973 2301523.88902558 2689323.90740155 1400069.06597095 1939158.00617828 421045.999674743 248968.420991183 24346.1687926129 316747.70517983 1351675125.75612 1510003384.18461 806801731.556232 1106656848.81489 225068485.122937 152682184.514055 0 0
25 140252.294820168 610539.792996692 1.34475870636771 1698498.88283265 1984690.95805501 1033235.30804063 1431076.91509745 310727.237496321 183735.909468735 24346.1687926129 316747.70517983 1352278150.76231 1510708017.13396 807168565.314162 1107164929.90597 225178803.885116 152747417.025577 0 0
26 140252.294820168 610539.831417569 1.34642208143527 1253469.52658588 1464675.46181931 762513.87946842 1056115.68038453 229312.557822993 135594.65112777 24346.1687926129 316747.70517983 1352723180.11856 1511228032.63019 807439286.742734 1107539891.14068 225260218.564789 152795558.283918 0 0
27 140252.294820168 610539.847089957 1.34793834224644 925043.58208328 1080910.70987675 562724.945035478 779399.108918261 169229.570728402 100067.021279892 24346.1687926129 316747.70517983 1353051606.06306 1511611797.38213 807639075.677167 1107816607.71215 225320301.551883 152831085.913766 0 0
28 140252.294820168 610539.853484133 1.34932020765611 682672.443743589 797700.746291697 415285.096641276 575188.352897414 124889.645029109 73848.4102569941 24346.1687926129 316747.70517983 1353293977.2014 1511895007.34572 807786515.525562 1108020818.46817 225364641.477583 152857304.524789 0 0
29 140252.294820168 610539.856105327 1.35057934731387 503803.521196976 588692.93542799 306475.083190973 424481.638591007 92166.9586978938 54499.1810688154 24346.1687926129 316747.70517983 1353472846.12395 1512104015.15658 807895325.539012 1108171525.18248 225397364.163914 152876653.753977 0 0
30 140252.294820168 610539.857175986 1.35172645915531 371800.532558212 434447.830744333 226174.677929007 313262.00125468 68018.0325987633 40219.6961570059 24346.1687926129 316747.70517983 1353604849.11259 1512258260.26127 807975625.944274 1108282744.81981 225421513.090013 152890933.238889 0 0
31 140252.294820168 610539.857610534 1.35277134323698 274383.940039802 320616.828386902 166913.960129086 231183.268021691 50196.420241228 29681.6107896111 24346.1687926129 316747.70517983 1353702265.70511 1512372091.26362 808034886.662074 1108364823.55305 225439334.702371 152901471.324256 0 0
32 140252.294820168 610539.857789452 1.35372297111766 202491.80962891 236611.085066159 123180.350256518 170610.270742694 37044.3108662448 21904.6460249003 34083.6463964144 316747.70517983 1353774157.83552 1512456097.00694 808078620.271946 1108425396.55033 225452486.811746 152909248.289021 0 0
33 140252.294820168 610539.857862704 1.35442838252656 149436.691295522 174616.335055371 90905.7211187543 125908.472088549 27338.2871994643 16165.3838343364 34083.6463964144 316747.70517983 1353827212.95385 1512518091.75695 808110894.901084 1108470098.34898 225462192.835413 152914987.551212 0 0
34 140252.294820168 610539.85789261 1.35507109095085 110282.285484689 128864.526816805 67087.2099863626 92918.7734513659 20175.2914057196 11929.8377094172 34083.6463964144 316747.70517983 1353866367.35966 1512563843.56519 808134713.412216 1108503088.04762 225469355.831207 152919223.097337 0 0
35 140252.294820168 610539.857904809 1.35565661711107 81386.837269666 95100.280410202 49509.4549232394 68572.7998920844 14889.0925799082 8804.05911105884 34083.6463964144 316747.70517983 1353895262.80788 1512597607.8116 808152291.167279 1108527434.02118 225474642.030032 152922348.875935 0 0
36 140252.294820168 610539.857909786 1.35619000529305 60062.6307514833 70183.0076983397 36537.4575241058 50606.0058073876 10987.9938802461 6497.30311732913 34083.6463964144 316747.70517983 1353916587.0144 1512622525.08431 808165263.164678 1108545400.81526 225478543.128732 152924655.631929 0 0
37 140252.294820168 610539.857911826 1.35667586230144 44325.4523338264 51794.160919275 26964.1757548884 37346.5842264211 8108.99877160637 4794.92649626376 34083.6463964144 316747.70517983 1353932324.19282 1512640913.93109 808174836.446447 1108558660.23685 225481422.123841 152926358.00855 0 0
38 140252.294820168 610539.857912661 1.35711839392244 32711.6149261355 38223.4260048524 19899.2156346577 27561.2998333438 5984.33701827936 3538.59421362761 34083.6463964144 316747.70517983 1353943938.03022 1512654484.666 808181901.406568 1108568445.52124 225483546.785594 152927614.340832 0 0
39 140252.294820168 610539.857912994 1.35752143896843 24140.7448414687 28208.389473693 14685.3614004189 20339.8795283681 4416.36260789478 2611.43634154333 34083.6463964144 316747.70517983 1353952508.90031 1512664499.70253 808187115.260802 1108575666.94154 225485114.760004 152928541.498704 0 0
40 140252.294820168 610539.857913136 1.35788850029525 17815.5584034065 20817.4276906047 10837.6073490024 15010.5688136608 3259.21865660145 1927.20634616148 43821.1240002159 316747.70517983 1353958834.08675 1512671890.66432 808190963.014853 1108580996.25226 225486271.903956 152929225.7287 0 0
41 140252.294820168 610539.857913194 1.35816213235457 13147.6829399768 15363.028915761 7998.03306897192 11077.6319799765 2405.266933472 1422.25673905328 43821.1240002159 316747.70517983 1353963501.96221 1512677345.0631 808193802.589133 1108584929.18909 225487125.855679 152929730.678307 0 0
42 140252.294820168 610539.857913218 1.35841137293089 9702.81468910242 11337.7104782247 5902.44175341247 8175.14468416113 1775.0549233541 1049.60650803354 43821.1240002159 316747.70517983 1353966946.83046 1512681370.38153 808195898.180448 1108587831.67639 225487756.067689 152930103.328538 0 0
43 140252.294820168 610539.857913227 1.35863838816361 7160.54619601579 8367.0772077675 4355.92229665804 6033.14636481673 1309.96655984966 774.595427124272 43821.1240002159 316747.70517983 1353969489.09896 1512684341.0148 808197444.699905 1108589973.67471 225488221.156053 152930378.339619 0 0
44 140252.294820168 610539.857913231 1.35884515344545 5284.40785789129 6174.81506772646 3214.62488792145 4452.39862788471 966.741557549909 571.643286661527 43821.1240002159 316747.70517983 1353971365.23729 1512686533.27694 808198585.997314 1108591554.42245 225488564.381055 152930581.29176 0 0
45 140252.294820168 610539.857913233 1.35903346974285 3899.82532704936 4556.93444536185 2372.35200083172 3285.81317000642 713.442889389073 421.86542509797 43821.1240002159 316747.70517983 1353972749.81983 1512688151.15757 808199428.270201 1108592721.0079 225488817.679723 152930731.069621 0 0
46 140252.294820168 610539.857913233 1.35920497870275 2878.02103906023 3362.95913470887 1750.76532866567 2424.88794770062 526.511695687464 311.331269291147 43821.1240002159 316747.70517983 1353973771.62411 1512689345.13288 808200049.856873 1108593581.93313 225489004.610917 152930841.603777 0 0
47 140252.294820168 610539.857913233 1.35936117674034 2123.94196081102 2481.81994563641 1292.04196029795 1789.53565400899 388.558759005294 229.758413015613 43821.1240002159 316747.70517983 1353974525.70319 1512690226.27207 808200508.580242 1108594217.28542 225489142.563854 152930923.176633 0 0
48 140252.294820168 610539.857913233 1.35950342761591 1567.44177929775 1831.55111733823 953.510306093043 1320.6542369762 286.751353763181 169.558746119552 53558.6016040174 316747.70517983 1353975082.20337 1512690876.54089 808200847.111896 1108594686.16684 225489244.371259 152930983.3763 0 0
49 140252.294820168 610539.857913233 1.35960969980643 1156.75451464656 1351.66425430879 703.679949011762 974.628066628258 211.619294207649 125.132459566999 53558.6016040174 316747.70517983 1353975492.89064 1512691356.42775 808201096.942253 1108595032.19301 225489319.503318 152931027.802586 0 0
50 140252.294820168 610539.857913234 1.35970648862113 853.669406449213 997.51019519208 519.306418775145 719.262516473954 156.172217174915 92.3460865149331 53558.6016040174 316747.70517983 1353975795.97574 1512691710.58181 808201281.315783 1108595287.55856 225489374.950396 152931060.58896 0 0
51 140252.294820168 610539.857913234 1.35979463903223 629.99648994067 736.149048921587 383.241121868018 530.806020809934 115.252986581407 68.1501643664989 53558.6016040174 316747.70517983 1353976019.64866 1512691971.94296 808201417.38108 1108595476.01506 225489415.869626 152931084.784882 0 0
52 140252.294820168 610539.857913234 1.35987492103434 464.930792900351 543.270266537809 282.827922864932 391.729268451454 85.0554936273901 50.2941055404761 53558.6016040174 316747.70517983 1353976184.71436 1512692164.82174 808201517.794279 1108595615.09181 225489446.067119 152931102.64094 0 0
53 140252.294820168 610539.857913234 1.35994803617069 343.112971209817 400.926499531058 208.723385151404 289.091183592638 62.769865067781 37.1164058174814 53558.6016040174 316747.70517983 1353976306.53218 1512692307.16551 808201591.898816 1108595717.72989 225489468.352748 152931115.81864 0 0
54 140252.294820168 610539.857913234 1.36001462350576 253.212969169141 295.878611079291 154.035179442114 213.345583234596 46.3233548184334 27.3914311335787 53558.6016040174 316747.70517983 1353976396.43218 1512692412.2134 808201646.587022 1108595793.47549 225489484.799258 152931125.543615 0 0
55 140252.294820168 610539.857913234 1.36007526538311 186.867865983164 218.354552785632 113.675951761596 157.446255564232 34.1860311835739 20.2145186281417 53558.6016040174 316747.70517983 1353976462.77728 1512692489.73746 808201686.94625 1108595849.37482 225489496.936582 152931132.720527 0 0
56 140252.294820168 610539.857913234 1.36013049218395 137.906075457564 161.142844300855 83.8913865627247 116.193306356418 25.2288501888352 14.9180540838519 53558.6016040174 316747.70517983 1353976511.73907 1512692546.94916 808201716.730815 1108595890.62777 225489505.893763 152931138.016992 0 0
57 140252.294820168 610539.857913234 1.36018078705281 101.772902924062 118.921338276968 61.910760004481 85.7491597016431 18.6185656624252 11.0093312789468 53558.6016040174 316747.70517983 1353976547.87225 1512692589.17067 808201738.711442 1108595921.07192 225489512.504047 152931141.925715 0 0
58 140252.294820168 610539.857913234 1.36022659010996 75.1070712426645 87.7623922440906 45.6893311357507 63.2817583233863 13.7402579416194 8.12474248984461 53558.6016040174 316747.70517983 1353976574.53808 1512692620.32962 808201754.93287 1108595943.53932 225489517.382355 152931144.810304 0 0
59 140252.294820168 610539.857913234 1.36026830225292 55.4280411387283 64.7675033422871 33.718131780311 46.7011140981256 10.1401315461253 5.99595422265468 53558.6016040174 316747.70517983 1353976594.21711 1512692643.32451 808201766.90407 1108595960.11996 225489520.982481 152931146.939092 0 0
60 140252.294820168 610539.857913234 1.36030628864499 40.9051753760357 47.7975773355108 24.8835438794212 34.464816421328 7.48328554841373 4.42493643985194 53558.6016040174 316747.70517983 1353976608.73997 1512692660.29443 808201775.738658 1108595972.35626 225489523.639327 152931148.51011 0 0
61 140252.294820168 610539.857913234 1.36034088189087 30.1874860625108 35.2739888381662 18.3637309250109 25.4345851301582 5.52256715972603 3.2655453956025 53558.6016040174 316747.70517983 1353976619.45766 1512692672.81802 808201782.258471 1108595981.38649 225489525.600046 152931149.669501 0 0
62 140252.294820168 610539.857913234 1.3603723849355 22.2779738031815 26.0317469842676 13.5521956226798 18.7703944624969 4.07558304974185 2.40993021498 53558.6016040174 316747.70517983 1353976627.36718 1512692682.06026 808201787.070006 1108595988.05068 225489527.04703 152931150.525116 0 0
63 140252.294820168 610539.857913234 1.36040107369905 16.4408539230348 19.2110895412143 10.0013435035574 13.8523061460635 3.00772710139527 1.77849704731835 53558.6016040174 316747.70517983 1353976633.2043 1512692688.88092 808201790.620858 1108595992.96877 225489528.114886 152931151.156549 0 0
64 140252.294820168 610539.857913234 1.36042719948851 12.1331373872783 14.1775354159848 7.38086204975087 10.2228226336436 2.21966366926598 1.31250780032471 53558.6016040174 316747.70517983 1353976637.51201 1512692693.91447 808201793.241339 1108595996.59825 225489528.902949 152931151.622538 0 0
65 140252.294820168 610539.857913234 1.36045099118861 8.95409703101018 10.4628360928656 5.44697985825703 7.54430967611303 1.63808281703421 0.968613625886039 53558.6016040174 316747.70517983 1353976640.69105 1512692697.62917 808201795.175222 1108595999.27677 225489529.48453 152931151.966433 0 0
66 140252.294820168 610539.857913234 1.36047265725498 6.60800769774323 7.7214375947054 4.01980062402275 5.56760287958256 1.20888391392404 0.71482431716197 53558.6016040174 316747.70517983 1353976643.03714 1512692700.37057 808201796.602401 1108596001.25347 225489529.913729 152931152.220222 0 0
67 140252.294820168 610539.857913234 1.36049238754106 4.87662344045471 5.69832017314519 2.96656039849329 4.10881826287646 0.892140551447005 0.527531016961371 53558.6016040174 316747.70517983 1353976644.76853 1512692702.39369 808201797.655641 1108596002.71226 225489530.230472 152931152.407515 0 0
68 140252.294820168 610539.857913234 1.36051035495312 3.59888496521216 4.20528651607053 2.18928316834237 3.03225468433474 0.65838817711942 0.389311060984506 53558.6016040174 316747.70517983 1353976646.04626 1512692703.88672 808201798.432918 1108596003.78882 225489530.464225 152931152.545735 0 0
69 140252.294820168 610539.857913234 1.36052671695996 2.65593013777253 3.10344656857959 1.61566240741899 2.2377643851842 0.485881882546242 0.287306482377652 53558.6016040174 316747.70517983 1353976646.98922 1512692704.98856 808201799.006539 1108596004.58331 225489530.636731 152931152.64774 0 0
70 140252.294820168 610539.857913234 1.36054161697317 1.96004205658893 2.29030338873836 1.19233793944854 1.65144114497549 0.358574538833315 0.212028464371844 53558.6016040174 316747.70517983 1353976647.68511 1512692705.80171 808201799.429863 1108596005.16964 225489530.764038 152931152.723018 0 0
71 140252.294820168 610539.857913234 1.36055518559793 1.44648545908384 1.6902140122779 0.879929839223874 1.2187420135755 0.2646233302375 0.156474239720897 53558.6016040174 316747.70517983 1353976648.19866 1512692706.40179 808201799.742271 1108596005.60233 225489530.857989 152931152.778572 0 0
72 140252.294820168 610539.857913234 1.36056754177729 1.06748754164734 1.24735605843372 0.649376829194113 0.899415827379349 0.195288591726809 0.115475963095117 53558.6016040174 316747.70517983 1353976648.57766 1512692706.84465 808201799.972824 1108596005.92166 225489530.927324 152931152.81957 0 0
