"Time" "IECs" "pheme_e" "BiomassCD" "pro_L_e" "leu_L_e" "ile_L_e" "val_L_e" "trp_L_e" "cys_L_e" "Drug" "Damage" "pro_L_v" "leu_L_v" "ile_L_v" "val_L_v" "trp_L_v" "cys_L_v" "CD" "pheme_c"
0 457000 1e+05 0.4963 224235600.199112 195370466.451958 120509812.093413 157438605.791629 18978882.6152 31300034.1459915 0 0 0 0 0 0 0 0 45700000 1000
1 324128.365098409 159341.720910201 0.594123777890864 420113413.278631 459935490.428196 248828708.525289 339685079.330463 67070412.4805503 48194968.3255255 0 132871.634901591 279813793.984626 288048105.579479 161250028.564798 217539998.896888 38540250.7611855 34127773.6226769 48532264.0535918 925.351297758285
2 224479.218409035 273821.903684162 0.697811994408805 503397625.113914 569554841.550153 302600008.658099 415762716.596569 86494551.4072209 55766097.0626925 0 232520.781590965 552901872.816646 592869555.538627 324412568.039846 441121096.336248 84086273.5776816 64821917.2142295 52252900.2255179 1386.58050120563
3 150720.873825597 381562.502450119 0.803528972343802 554083082.485891 634219626.475694 334723130.600347 461035680.450176 97555863.5874173 60683640.7466726 0 306279.126174402 765532439.808322 834965725.735602 452577525.615346 617447425.656349 121113788.353165 88227577.8502893 57057134.8817704 1706.12168586643
4 97259.0582990187 465913.316483611 0.907130810038433 592399422.991565 682127407.217049 358645715.128743 494731945.280008 105500100.729109 64611395.5941884 0 359740.941700981 917467848.75389 1009405635.76929 544467661.00775 744107892.658219 148024430.689788 104829160.16498 63165452.5472042 1866.53260083897
5 59693.3777363276 523995.592794116 1.00479474557686 623575256.332977 721020706.410838 377928437.068139 522023494.365242 111816034.112148 67950937.5398349 0 397306.622263672 1019170797.19158 1126748002.03573 606074305.682088 829143071.227485 166198358.682017 115914839.555407 70824617.6566416 1910.64359122827
6 34420.4562257961 557535.109086848 1.09354990153838 648357486.880022 752527849.048295 393175503.158536 543880291.286341 116867526.0089 70728716.6328586 0 422579.543774204 1082716109.30698 1200350939.96058 644598333.635297 882390004.376952 177620954.354551 122841862.322427 80308679.6597051 1879.04171964523
7 18380.0084213716 570003.918671419 1.17156396189421 666357259.442266 776630626.891015 404218674.169952 560161124.869174 120701221.617381 72886424.2164295 0 438619.991578628 1119360588.68023 1242960384.53646 666823713.15113 913158249.247393 184240703.285487 126843686.695755 91917616.0754403 1801.00592270703
8 8938.62834067027 565572.868868845 1.23815247465942 677430680.827701 793446824.819774 411005709.349405 570860970.2342 123360977.303935 74405770.5867468 9737.47760380151 448061.37165933 1138582872.43037 1265410886.36333 678485114.373184 929333979.171938 187730542.295666 128949830.276427 105972245.190345 1696.40657933098
9 8504.17811724746 726063.043844717 1.25089613083267 666499454.631209 780627457.001472 404376650.6763 561645394.653097 121370187.043693 73205685.0786488 5258.62849582059 448495.821882752 1151027091.48977 1279986016.76633 686035230.558302 939820473.336977 189996646.792833 130316653.479767 45615.2657033406 518.621679068645
10 8503.46953875328 802248.781838875 1.26260470132718 654336394.737591 766381629.898462 396997118.606409 551395827.504278 119155281.897286 71869743.3224193 4781.70748320725 448496.530461247 1163192617.85855 1294234706.09489 693416264.134875 950072112.329445 192212000.755305 131652867.178938 1135.5712967833 77.4314050247577
11 8503.44951313907 834741.443517379 1.27334322715229 642393240.687374 752393390.170503 389751002.249524 541331576.938405 116980422.138472 70557954.1488218 4714.51722865906 448496.550486861 1175135841.63472 1308223026.73666 700662422.938521 960136421.465296 194386873.201915 132964664.038138 38.8310639915122 11.4379090491402
12 8503.44881599663 848591.223479465 1.28317609224267 630668019.542216 738660401.798696 382637109.387138 531450974.132271 114845248.178723 69270101.8443536 4704.70987972998 448496.551184003 1186861065.20793 1321956017.92612 707776317.279021 970017026.311002 196522047.603488 134252516.610163 1.3885641953151 1.67406441242193
13 8503.448790995 854494.350284034 1.29216629661376 619156809.878838 725178071.171093 375653060.95825 521750714.408258 112749045.914345 68005755.720865 4703.27839183838 448496.551209005 1198372274.95841 1335438348.6548 714760365.760935 979717286.108183 198618249.883716 135516862.743247 0.0500323585118293 0.24416013569903
14 8503.44879009351 857010.403376166 1.30037488417798 607855707.432855 711941825.452486 368796488.183313 512227507.716965 110691104.374763 66764486.9500865 4703.06974707925 448496.551209906 1209673377.40753 1348674594.37706 721616938.537785 989240492.802115 200676191.42387 136758131.514372 0.00180667459156798 0.0355728116567493
15 8503.44879006095 858082.805900759 1.30786050819048 596760877.312153 698947173.082472 362065064.367641 502878122.473431 108670725.222451 65545874.3225348 4703.03935303576 448496.551209939 1220768207.52835 1361669246.7472 728348362.353525 998589878.045744 202696570.576203 137976744.141936 6.53113772305323e-05 0.00518084816929486
16 8503.44879005977 858539.88825704 1.3146791167377 585868554.552727 686189704.40374 355456505.242976 493699386.019886 106687222.853872 64349504.3093304 14440.5125306554 448496.55120994 1231660530.28778 1374426715.42594 734956921.478194 1007768614.49929 204680072.944782 139173114.155141 2.45391720919753e-06 0.000754741874060798
17 8503.44879005977 858734.720518437 1.31943836694478 575175045.467737 673665093.241311 348968569.786129 484688185.762368 104739924.645128 63174971.2103971 14440.5117778857 448496.55120994 1242354039.37277 1386951326.58837 741444856.935041 1016779814.75681 206627371.153526 140347647.254074 -2.27922753581885e-08 1.97219628464509e-06
18 8503.44879005977 858817.786861001 1.32378618778636 564676712.421768 661369079.06959 342599050.981273 475841456.340297 102828168.179337 62021875.4821272 14440.5117759202 448496.55120994 1252852372.41874 1399247340.76009 747814375.739897 1025626544.17888 208539127.619317 141500742.982344 -2.27922753581885e-08 6.78349422107922e-09
19 8503.44879005977 858853.300076918 1.32775616273547 554369939.209877 649297426.463106 336345754.814819 467156150.452117 100951294.94213 60889819.9347524 14440.5117759109 448496.55120994 1263159145.63063 1411318993.36658 754067671.906351 1034311850.06706 210416000.856524 142632798.529719 -2.27922753581885e-08 -2.54393127183039e-09
20 8503.44879005977 858868.313952992 1.33137897604783 544251241.075525 637446053.953341 330206567.025177 458629331.565133 99108670.3560146 59778421.8162813 14440.5117759109 448496.55120994 1273277843.76498 1423170365.87634 760206859.695993 1042838668.95404 212258625.442639 143744196.64819 -2.27922753581885e-08 -2.5449312718304e-09
21 8503.44879005977 858874.512456854 1.33468294261446 534317226.949091 625810989.801171 324179430.192219 450258142.094693 97299676.9039774 58687308.6649261 14440.5117759109 448496.55120994 1283211857.89142 1434805430.02851 766233996.528951 1051209858.42448 214067618.894677 144835309.799545 -2.27922753581885e-08 -2.5459312718304e-09
22 8503.44879005977 858877.254852228 1.33769477276439 524564517.714556 614388276.267945 318262294.148273 442039734.529201 95523699.2457667 57616109.331836 14440.5117759109 448496.55120994 1292964567.12595 1446228143.56174 772151132.572897 1059428265.98997 215843596.552887 145906509.132635 -2.27922753581885e-08 -2.5469312718304e-09
23 8503.44879005977 858878.466591575 1.3404385947506 514989878.982111 603174125.123401 312453196.53354 433971383.314858 93780148.3959117 56564468.5643192 14440.5117759109 448496.55120994 1302539205.8584 1457442294.70628 777960230.18763 1067496617.20432 217587147.402742 146958149.900152 -2.27922753581885e-08 -2.54793127183041e-09
24 8503.44879005977 858878.976817851 1.34293719063341 505590058.291787 592164726.97288 306750164.024749 426050347.670519 92068432.0783487 55532029.1249288 24177.9893797124 448496.55120994 1311939026.54872 1468451692.8568 783663262.696422 1075417652.84866 219298863.720305 147990589.339543 0 0
25 8503.44879005977 858879.236686321 1.3447619578335 496361734.964063 581356192.520596 301151181.908651 418273829.327819 90387945.5941678 54518426.2832494 24177.9893797124 448496.55120994 1321167349.87644 1479260227.30908 789262244.81252 1083194171.19136 220979350.204486 149004192.181222 0 0
26 8503.44879005977 858879.330160162 1.3464251717853 487301892.529358 570744988.772068 295654420.041391 410639286.369859 88738139.6413799 53523328.7220925 24177.9893797124 448496.55120994 1330227192.31115 1489871431.05761 794759006.67978 1090828714.14932 222629156.157274 149999289.742379 0 0
27 8503.44879005977 858879.37619859 1.34794204389166 478407218.900695 560327236.4954 290257868.922966 403143927.769037 87118411.0857859 52546372.6548145 24177.9893797124 448496.55120994 1339121865.93981 1500289183.33428 800155557.798205 1098324072.75014 224248884.712868 150976245.809657 0 0
28 8503.44879005977 858879.40238656 1.34932192694846 469675434.016415 550100265.202776 284960145.200843 395785832.164268 85528344.7259819 51587307.6483846 24177.9893797124 448496.55120994 1347853650.82409 1510516154.6269 805453281.520328 1105682168.35491 225838951.072672 151935310.816087 0 0
29 8503.44879005977 858879.470186697 1.3505803322533 461102812.86805 540059712.034238 279758988.848467 388561860.567499 83967262.2343714 50645724.5624822 24177.9893797124 448496.55120994 1356426271.97246 1520556707.79544 810654437.872705 1112906139.95168 227400033.564282 152876893.90199 0 0
30 8503.44879005977 858879.574698406 1.35172701480067 452686595.633361 530202344.589627 274652725.434325 381469687.333269 82434661.0446909 49721320.2690561 24177.9893797124 448496.55120994 1364842489.20715 1530414075.24005 815760701.286846 1119998313.18591 228932634.753963 153801298.195416 0 0
31 8503.44879005977 858879.703123798 1.35277176163992 444423983.822371 520524885.179786 269639657.066531 374506954.231608 80930031.5492453 48813787.3929427 24177.9893797124 448496.55120994 1373105101.01814 1540091534.64989 820773769.65464 1126961046.28757 230437264.249408 154708831.071529 0 0
32 8503.44879005977 858879.781513289 1.35372311251369 436312195.065201 511024074.995978 264718095.633533 367671316.616623 79452867.0758245 47922820.3295467 33915.4669835139 448496.55120994 1381216889.77531 1549592344.8337 825695331.087638 1133796683.90256 231914428.722829 155599798.134925 0 0
33 8503.44879005977 858879.576386696 1.35442879856239 428348404.624803 501696605.607555 259886327.318894 360960394.140476 78002653.2371164 47048108.8208291 33915.4669835139 448496.55120994 1389180680.21571 1558919814.22212 830527099.402277 1140507606.37871 233364642.561537 156474509.643643 0 0
34 8503.44879005977 858879.504496252 1.35507145905313 420530013.480914 492539432.951252 255142775.252422 354371996.662226 76578916.749051 46189367.4005974 33915.4669835139 448496.55120994 1396999071.3596 1568076986.87843 835270651.468749 1147096003.85696 234788379.049603 157333251.063874 0 0
35 8503.44879005977 858879.467410436 1.35565744594585 412854053.044913 483549080.11244 250485638.340462 347903622.613273 75181117.0288078 45346270.0107199 33915.4669835139 448496.55120994 1404675031.7956 1577067339.71724 839927788.380709 1153564377.90591 236186178.769846 158176348.453752 0 0
36 8503.44879005977 858879.442786155 1.3561899414001 405318781.248625 474723506.720052 245913859.640358 341553803.98858 73808936.8441094 44518625.3092605 33915.4669835139 448496.55120994 1412210303.59189 1585892913.10963 844499567.080813 1159914196.5306 237558358.954544 159003993.155211 0 0
37 8503.44879005977 858879.371830543 1.35667508385997 397920990.480963 466058955.908005 241425493.039424 335319837.800232 72461792.0859163 43706080.9847975 33915.4669835139 448496.55120994 1419608094.35955 1594557463.92167 848987933.681747 1166148162.71895 238905503.712737 159816537.479674 0 0
38 8503.44879005977 858879.219019822 1.35711754530309 390657992.036093 457552278.57016 237018907.253694 329199458.331098 71139193.1383304 42908341.7204268 33915.4669835139 448496.55120994 1426871092.80442 1603064141.25952 853394519.467477 1172268542.18809 240228102.660323 160614276.744045 0 0
39 8503.44879005977 858878.978307912 1.35752045511838 383527575.541492 449200885.84105 232692761.212228 323190802.945697 69840737.4904058 42125164.7374995 33915.4669835139 448496.55120994 1434001509.29902 1611415533.98863 857720665.508943 1178277197.57349 241526558.308248 161397453.726972 0 0
40 8503.44879005977 858878.864312741 1.35788764034757 376527276.802701 441001891.570097 228445559.845964 317291795.118018 68565976.40998 41356279.3785602 43652.9445873154 448496.55120994 1441001808.03781 1619614528.25958 861967866.875208 1184176205.40117 242801319.388674 162166339.085912 0 0
41 8503.44879005977 858879.189549376 1.35816146841676 369654745.797694 432952543.329463 224275877.356214 311500454.532816 67314481.9557997 40601427.5264065 43652.9445873154 448496.55120994 1447874339.04282 1627663876.50021 866137549.364959 1189967545.98637 244052813.842854 162921190.938066 0 0
42 8503.44879005977 858879.303415858 1.35841077160478 362907661.674938 425050122.856811 220182305.642528 305814825.456219 66085831.4985862 39860354.2678082 43652.9445873154 448496.55120994 1454621423.16557 1635566296.97287 870231121.078644 1195653175.06297 245281464.300068 163662264.196664 0 0
43 8503.44879005977 858879.362748836 1.35863805238269 356283478.346654 417291648.085245 216163299.949761 300232762.3524 64879561.393325 39132779.950469 43652.9445873154 448496.55120994 1461245606.49386 1643324771.74443 874250126.771411 1201235238.16679 246487734.405329 164389838.514003 0 0
44 8503.44879005977 858879.412587117 1.35884448859502 349780740.243319 409675414.200924 212217977.158906 294753038.642845 63695406.579417 38418544.7003411 43652.9445873154 448496.55120994 1467748344.59719 1650941005.62875 878195449.562266 1206714961.87634 247671889.219237 165104073.764131 0 0
45 8503.44879005977 858879.557042894 1.35903241403085 343396738.626129 402198248.634397 208344693.831652 289373371.729056 62532873.7929415 37717351.0001779 43652.9445873154 448496.55120994 1474132346.21438 1658418171.19528 882068732.889521 1212094628.79013 248834422.005713 165805267.464294 0 0
46 8503.44879005977 858879.76864862 1.35920396896969 337128957.795299 394857204.910249 204541923.649769 284091641.682544 61391504.9225666 37028922.5353811 43652.9445873154 448496.55120994 1480400127.04521 1665759214.91943 885871503.071403 1217376358.83664 249975790.876087 166493695.929091 0 0
47 8503.44879005977 858879.530740572 1.3593602707518 330975541.717615 387650109.177585 200808540.526059 278906284.462277 60270961.9828732 36353055.4465419 43652.9445873154 448496.55120994 1486553543.1229 1672966310.65209 889604886.195113 1222561716.05691 251096333.815781 167169563.01793 0 0
48 8503.44879005977 858879.480579126 1.35950261392149 324934440.651093 380574560.707033 197143300.846887 273815572.792825 59170871.7138897 35689524.5980394 53390.4221911169 448496.55120994 1492594644.18942 1680041859.12264 893270125.874285 1227652427.72636 252196424.084764 167833093.866433 0 0
49 8503.44879005977 858879.449409737 1.35960900972602 319003630.926794 373628189.306884 193544976.817583 268817801.36998 58090865.6035715 35038107.7180142 53390.4221911169 448496.55120994 1498525453.91372 1686988230.52279 896868449.903589 1232650199.14921 253276430.195082 168484510.746458 0 0
50 8503.44879005977 858879.438506378 1.35970586649206 313181055.370732 366808585.543147 190012320.31539 263911236.655516 57030569.0385727 34398578.8545437 53390.4221911169 448496.55120994 1504348029.46978 1693807834.28653 900401106.405782 1237556763.86367 254336726.760081 169124039.609929 0 0
51 8503.44879005977 858879.432813328 1.35979416416079 307464530.352505 360113191.871664 186544006.494274 259094038.548988 55989584.3777132 33770698.1662285 53390.4221911169 448496.55120994 1510064554.48801 1700503227.95801 903869420.226898 1242373961.9702 255377711.42094 169751920.298244 0 0
52 8503.44879005977 858879.428096458 1.35987435610468 301852813.769224 353540553.498166 183139281.749096 254365160.355826 54967685.4328717 33154329.2253588 53390.4221911169 448496.55120994 1515676271.07129 1707075866.33151 907274144.972076 1247102840.16336 256399610.365782 170368289.239114 0 0
53 8503.44879005977 858879.414442611 1.35994735203779 296343566.782249 347087931.093187 179796727.066322 249722631.184794 53964446.2993 32549215.1430709 53390.4221911169 448496.55120994 1521185518.05826 1713528488.73649 910616699.65485 1251745369.33439 257402849.499354 170973403.321402 0 0
54 8503.44879005977 858879.384159248 1.36001397694949 290934626.961524 340752791.943153 176515030.462529 245164628.800541 52979473.1964212 31955118.4065283 53390.4221911169 448496.55120994 1526594457.87899 1719863627.88652 913898396.258643 1256303371.71865 258387822.602232 171567500.057944 0 0
55 8503.44879005977 858879.343274082 1.36007467497326 285624364.417506 334533227.064529 173293203.055765 240689779.728657 52012469.3197944 31371859.9950561 53390.4221911169 448496.55120994 1531904720.42301 1726083192.76514 917120223.665407 1260778220.79053 259354826.478859 172150758.469416 0 0
56 8503.44879005977 858879.295868588 1.36012996734118 280411033.11481 328427191.439718 170130185.4964 236296612.621021 51063116.7147098 30799248.1309752 53390.4221911169 448496.55120994 1537118051.7257 1732189228.38996 920283241.224772 1265171387.89816 260304179.083944 172723370.333497 0 0
57 8503.44879005977 858879.258906526 1.36018030952935 275292873.464717 322432624.176981 167024910.211764 231983644.708395 50131094.9583825 30237089.5479617 53390.4221911169 448496.55120994 1542236211.3758 1738183795.65269 923388516.509408 1269484355.81079 261236200.840271 173285528.916511 0 0
58 8503.44879005977 858879.248728297 1.36022615870636 270268126.51232 316547465.126926 163976310.013734 227749393.755641 49216083.7434455 29685191.0493072 53390.4221911169 448496.55120994 1547260958.32819 1744068954.70275 926437116.707438 1273718606.76355 262151212.055208 173837427.415165 0 0
59 8503.44879005977 858879.276665192 1.3602679071886 265335096.968192 310769728.70739 160983356.341123 223592431.177212 48317774.3560764 29143366.4310697 53390.4221911169 448496.55120994 1552193987.87232 1749846691.12228 929430070.380049 1277875569.34197 263049521.442577 174379252.033403 0 0
60 8503.44879005977 858879.353318325 1.36030592804577 260492106.073527 305097448.697452 158045030.662156 219511342.317576 47435861.0926944 28611431.3049657 53390.4221911169 448496.55120994 1557036978.76699 1755518971.13222 932368396.059016 1281956658.20161 263931434.705959 174911187.159507 0 0
61 8503.44879005977 858879.470594849 1.36034055757426 255737509.016105 299528698.63562 155160335.041037 215504741.127291 46570044.4314251 28089205.0112722 53390.4221911169 448496.55120994 1561791575.82441 1761087721.19405 935253091.680135 1285963259.39189 264797251.367229 175433413.4532 0 0
62 8503.44879005977 858879.605861486 1.36037208928498 251069699.495584 294061597.166854 152328294.907784 211571274.010084 45720031.8634432 27576511.120259 53390.4221911169 448496.55120994 1566459385.34493 1766554822.66282 938085131.813388 1289896726.5091 265647263.93521 175946107.344213 0 0
63 8503.44879005977 858879.658252944 1.36040081832605 246487072.76138 288694264.751246 149547936.632681 207709588.675629 44885531.1621359 27073173.3724158 53390.4221911169 448496.55120994 1571042012.07913 1771922155.07843 940865490.088491 1293758411.84356 266481764.636518 176449445.092057 0 0
64 8503.44879005977 858879.494747357 1.36042697773276 241988091.233327 283424900.521227 146818327.339457 203918389.43673 44066262.3326877 26579022.8859674 53390.4221911169 448496.55120994 1575540993.60719 1777191519.30844 943595099.381715 1297549611.08245 267301033.465966 176943595.578505 0 0
65 8503.44879005977 858879.412100245 1.36045080022332 237571226.953661 278251714.879323 144138539.989919 200196388.714796 43261947.132532 26093891.8360255 53390.4221911169 448496.55120994 1579957857.88685 1782364704.95035 946274886.731253 1301271611.80439 268105348.666122 177428726.628447 0 0
66 8503.44879005977 858879.45734356 1.36047249444766 233234980.907701 273172952.127206 141507665.106137 196542323.32097 42472312.5896648 25617615.5766966 53390.4221911169 448496.55120994 1584294103.93281 1787443467.70247 948905761.615035 1304925677.19822 268894983.208989 177905002.887776 0 0
67 8503.44879005977 858879.450985694 1.36049225734171 228977825.245652 268186822.793857 138924775.715423 192954905.767644 41697080.4811803 25150026.2949513 53390.4221911169 448496.55120994 1588551259.59486 1792429597.03582 951488651.005749 1308513094.75154 269670215.317473 178372592.169521 0 0
68 8503.44879005977 858879.433535214 1.36051025365749 224798375.851576 263291705.754369 136389032.050887 189432969.688771 40935998.7582456 24690971.9649232 53390.4221911169 448496.55120994 1592730708.98894 1797324714.0753 954024394.670285 1312035030.83042 270431297.040408 178831646.499549 0 0
69 8503.44879005977 858879.436838175 1.36052662206774 220695358.609806 258486108.719992 133899661.08469 185975441.413273 40188835.4031818 24240312.6427445 53390.4221911169 448496.55120994 1596833726.23071 1802130311.10968 956513765.636482 1315492559.10591 271178460.395472 179282305.821728 0 0
70 8503.44879005977 858879.472033264 1.36054152044566 216667270.213958 253768270.965806 131455750.735054 182581054.135768 39455316.6624619 23797883.2111379 53390.4221911169 448496.55120994 1600861814.62655 1806848148.86387 958957675.986118 1318886946.38342 271911979.136192 179724735.253334 0 0
71 8503.44879005977 858879.549226851 1.36055510492111 212712587.794769 249136408.854166 129056377.051064 179248524.565637 38735165.2201398 23363516.4041159 53390.4221911169 448496.55120994 1604816497.04574 1811480010.97551 961357049.670108 1322219475.95355 272632130.578514 180159102.060356 0 0
72 8503.44879005977 858879.655903437 1.3605674731649 208830088.246699 244589089.841163 126700797.953602 175976822.016985 38028158.3475295 22937077.880563 53390.4221911169 448496.55120994 1608698996.59381 1816027329.98851 963712628.76757 1325491178.5022 273339137.451124 180585540.583909 0 0
