"Time" "IECs" "pheme_e" "BiomassCD" "pro_L_e" "leu_L_e" "ile_L_e" "val_L_e" "trp_L_e" "cys_L_e" "Drug" "Damage" "pro_L_v" "leu_L_v" "ile_L_v" "val_L_v" "trp_L_v" "cys_L_v" "CD" "pheme_c"
0 457000 1e+05 0.4963 224235600.199112 195370466.451958 120509812.093413 157438605.791629 18978882.6152 31300034.1459915 0 0 0 0 0 0 0 0 45700000 1000
1 291341.919968529 177975.889126466 0.594123778232718 510892820.27817 564219599.757943 303802807.539522 415419768.667545 83211541.9151755 58059427.4131554 0 165658.080031471 306443871.550386 320122821.544905 177744143.058283 240464598.988694 43775772.5574336 36853309.4649211 48532264.0461856 1031.30644219008
2 180026.871181162 316196.159707484 0.697811951104254 622932917.208505 706428472.08913 374844956.793187 515258738.21015 107573857.804654 68833758.2667617 0 276973.128818839 592420177.996588 640873237.120377 348985527.467807 475331804.470313 91989522.6021513 68823957.3456638 52252902.3345353 1601.03793208356
3 106814.745231829 436183.172836551 0.803528935355859 684732869.410946 783753431.466128 413609462.816926 569720693.770551 120527979.18965 75024401.4784418 0 350185.254768172 791751017.247355 868037509.566653 469179994.528984 640726524.214193 126767706.512693 90746770.4985275 57057135.9690426 1950.96672267618
4 60163.37062295 520768.890870514 0.907130686230593 725649631.856128 834766681.784472 439039556.730099 605593149.676625 128902101.278101 79303059.0351905 0 396836.629377051 916383881.179482 1011047326.24664 544527792.977211 744581729.351074 148807547.76557 104382240.791588 63165456.8965057 2087.01046650606
5 31733.5285982989 570916.149352757 1.00479455671763 753825290.359732 870498526.74509 456443528.485428 630449292.264123 134681497.92014 82396384.2336842 0 425266.471401702 987980514.7876 1093555194.26654 587863113.067956 804392457.03937 161560814.844326 112205974.93056 70824624.8796686 2082.32313114635
6 15423.595690164 592809.354014382 1.09354972936315 771968994.077221 894810986.152296 467612064.295326 646887865.489528 138574354.806046 84543741.7503989 0 441576.404309837 1025606139.86699 1137075745.82427 610649991.99594 835887200.939377 168297425.83669 116321631.65057 80308687.3445647 1998.3439937269
7 6778.50938139675 593530.618764101 1.17156381928443 781744631.485006 910029058.353785 473624251.04595 656476948.724449 140993047.849051 85905054.4637165 0 450221.490618604 1043464055.23155 1157812587.58094 621468259.217378 850865091.90693 171509532.510105 118280032.079819 91917623.4803983 1875.60353304574
8 2635.56181978247 579469.504548894 1.23815234444172 784944952.879811 918479054.582531 475605197.700997 660823610.244063 142326565.074219 86667247.5912149 9737.47760380151 454364.438180218 1050990994.49627 1166593110.26095 626028693.70994 857192392.09837 172870040.304539 119108730.81598 105972251.264608 1738.23633098007
9 2546.30608472105 742348.658326721 1.25089601424779 780912555.35822 913757691.896768 473162822.143733 657428274.639572 141600392.428694 86223923.1893834 5928.14815630132 454453.693915279 1055316511.98942 1171654464.93016 628649568.342461 860833923.514482 173654371.50668 119586329.420075 77.5762958685383 132.800935418032
10 2546.30588742876 815889.308277176 1.26260459738855 776616848.231041 908731219.460383 470560009.71369 653811839.858769 140821465.515553 85749615.6431134 5801.98257329009 454453.694112572 1059612219.76318 1176680938.11651 631252381.166251 864450358.838356 174433298.548374 120060637.042105 0.00662059152432927 6.66289918598337
11 2546.3058874113 847295.43417919 1.27334313490033 772344770.673042 903732396.349923 467971514.676829 650215298.147658 140046823.265796 85277917.1351168 5795.66075659639 454453.694112589 1063884297.32124 1181679761.22703 633840876.203147 868046900.549515 175207940.798142 120532335.550109 6.23762649605446e-07 0.341085217394953
12 2546.3058874113 860707.667164424 1.28317601075353 768096193.309073 898761071.174934 465397258.645412 646638540.587677 139276442.231554 84808813.3848953 5795.33715033303 454453.694112589 1068132874.68521 1186651086.40202 636415132.234564 871623658.109496 175978321.832384 121001439.30033 3.47024508119694e-08 0.017478954404853
13 2546.3058874113 866435.466221371 1.29216622500557 763870986.867396 893817092.672584 462837163.292386 643081458.348593 138510298.972393 84342290.1189992 5795.32056713514 454453.694112589 1072358081.12689 1191595064.90437 638975227.58759 875180740.34858 176744465.091545 121467962.566226 4.10902470250266e-08 0.000895756660427933
14 2546.3058874113 868881.556939605 1.30037482156695 759669022.787338 888900310.412069 460291150.721538 639543943.198799 137748370.176816 83878333.1424904 5795.31971733321 454453.694112589 1076560045.20694 1196511847.16489 641521240.158438 878718255.498374 177506393.887122 121931919.542735 4.873290080456e-08 4.59549100490407e-05
15 2546.3058874113 869926.104294079 1.30786045323942 755490173.215547 884010574.79023 457759143.465227 636025887.502159 136990632.661581 83416928.3385286 5795.31967367711 454453.694112589 1080738894.77873 1201401582.78673 644053247.414749 882236311.195014 178264131.402357 122393324.346697 5.6811057552232e-08 2.29899154567062e-06
16 2546.3058874113 870372.494867228 1.31467914626449 751334310.807662 879147736.79949 455241064.364217 632527184.051045 136237063.335738 82958061.6464738 15532.7972753052 454453.694112589 1084894757.18662 1206264420.77747 646571326.515759 885735014.646128 179017700.7282 122852191.038752 5.88678696161498e-08 1.25570333846952e-07
17 2546.3058874113 870563.145414893 1.3194382595862 747201325.195347 874311667.296174 452736846.545215 629047739.929465 135487642.186549 82501720.880082 15532.797275174 454453.694112589 1089027742.79893 1211100490.28079 649075544.334761 889214458.767708 179767121.877389 123308531.805144 -1.08185954179894e-07 -5.55682615914082e-09
18 2546.3058874113 870644.150582053 1.3237859754513 743091059.231259 869502182.399781 450246394.791055 625587422.839499 134742340.718985 82047888.6880374 15532.797275174 454453.694112589 1093138008.76302 1215909975.17718 651565996.08892 892674775.857674 180512423.344953 123762363.997188 -1.08185954179894e-07 -5.55771012439619e-09
19 2546.3058874113 870678.937482979 1.32775541772416 739003403.082503 864719153.593163 447769642.552875 622146140.315928 134001139.017396 81596552.9432162 15532.797275174 454453.694112589 1097225664.91178 1220693003.9838 654042748.327101 896116058.381245 181253625.046542 124213699.74201 -1.08185954179894e-07 -5.55871012439624e-09
20 2546.3058874113 870693.855928287 1.33137737059345 734938232.652519 859962435.669043 445306514.639312 618723787.885355 133264014.579747 81147699.9435821 15532.797275174 454453.694112589 1101290835.34176 1225449721.90792 656505876.240664 899538410.811818 181990749.484191 124662552.741644 -1.08185954179894e-07 -5.55971012439629e-09
21 2546.3058874113 870700.272469834 1.3346807685966 730895423.304927 855231882.788494 442856935.531922 615320260.619925 132530944.80612 80701315.9274948 15532.797275174 454453.694112589 1105333644.68935 1230180274.78847 658955455.348053 902941938.077248 182723819.257818 125108936.757731 -1.08185954179894e-07 -5.56071012439635e-09
22 2546.3058874113 870702.924562401 1.33769225261577 726874851.72625 850527350.660532 440420830.513822 611935454.705494 131801907.336473 80257387.2793816 15532.797275174 454453.694112589 1109354216.26803 1234884806.91643 661391560.366154 906326743.991679 183452856.727465 125552865.405844 -1.08185954179894e-07 -5.5617101243964e-09
23 2546.3058874113 870703.997478562 1.34043638056056 722876395.797604 845848696.391991 437998125.591943 608569267.333617 131076880.027377 79815900.5155696 15532.797275174 454453.694112589 1113352672.19668 1239563461.18497 663814265.288033 909692931.363556 184177884.036561 125994352.169656 -1.08185954179894e-07 -5.56271012439645e-09
24 2546.3058874113 870704.425030253 1.34293504058276 718899938.079418 841195782.565037 435588749.60846 605221599.635228 130355841.583889 79376842.6690496 25270.2748789755 454453.694112589 1117329129.91486 1244216375.01192 666223641.271515 913040599.061945 184898922.480049 126433410.016176 0 0
25 2546.3058874113 870704.662363932 1.34476001356375 714945361.03938 836568471.653318 433192631.349356 601892352.663185 129638770.694247 78940200.7625718 25270.2748789755 454453.694112589 1121283706.9549 1248843685.92364 668619759.530619 916369846.033988 185615993.369691 126870051.922654 0 0
26 2546.3058874113 870704.748014133 1.34642341876493 711012529.359167 831966605.318802 430809688.82389 598581412.496806 128925642.821609 78505959.8550568 25270.2748789755 454453.694112589 1125216538.63511 1253445552.25816 671002702.056085 919680786.200367 186329121.242329 127304292.830169 0 0
27 2546.3058874113 870704.790260267 1.34794049829127 707101323.619006 827390043.826591 428439849.674412 595288678.599949 128216436.311968 78074106.7608522 25270.2748789755 454453.694112589 1129127744.37527 1258022113.75037 673372541.205563 922973520.097224 187038327.75197 127736145.924373 0 0
28 2546.3058874113 870704.813939237 1.34932055385042 703211653.894049 822838681.954248 426083059.414546 592014075.267418 127511134.859537 77644631.550968 25270.2748789755 454453.694112589 1133017414.10023 1262573475.62271 675729331.465429 926248123.429755 187743629.204401 128165621.134258 0 0
29 2546.3058874113 870704.87486638 1.3505791086544 699343372.787891 818312347.23099 423739228.735318 588757478.410333 126809711.737393 77217517.9507311 25270.2748789755 454453.694112589 1136885695.20639 1267099810.34597 678073162.144657 929504720.28684 188445052.326545 128592734.734495 0 0
30 2546.3058874113 870704.968826125 1.35172593288274 695496367.727 813810907.932813 421408289.427286 585518793.256211 126112146.532937 76792753.5304124 25270.2748789755 454453.694112589 1140732700.26728 1271601249.64414 680404101.452689 932743405.440962 189142617.531001 129017499.154813 0 0
31 2546.3058874113 870705.084381149 1.35277080844284 691670524.461189 809334230.373829 419090172.265105 582297923.621038 125418418.529545 76370325.6751563 25270.2748789755 454453.694112589 1144558543.53309 1276077927.20313 682722218.614869 935964275.076135 189836345.534393 129439927.010069 0 0
32 2546.3058874113 870705.155003025 1.35372227700123 687865726.839663 804882178.644222 416784806.871833 579094771.720733 124728506.665961 75950221.5602522 35007.752482777 454453.694112589 1148363341.15461 1280529978.93273 685027584.008142 939167426.97644 190526257.397977 129860031.124973 0 0
33 2546.3058874113 870704.969684524 1.35442839022619 684081866.680631 800454626.158828 414492127.699027 575909246.480095 124042391.325926 75532429.2408822 35007.752482777 454453.694112589 1152147201.31364 1284957531.41812 687320263.180948 942352952.217078 191212372.738012 130277823.444343 0 0
34 2546.3058874113 870704.916898481 1.35507167959064 680318800.374018 796051404.877306 412212047.73189 572741226.997848 123360046.469081 75116932.8604385 35007.752482777 454453.694112589 1155910267.62025 1289360752.69965 689600343.148085 945520971.699325 191894717.594857 130693319.824787 0 0
35 2546.3058874113 870704.912617303 1.35565746303675 676576439.154358 791672410.933833 409944513.186526 569590638.544847 122681455.999867 74703722.617943 35007.752482777 454453.694112589 1159652628.83992 1293739746.64312 691867877.693449 948671560.152326 192573308.064071 131106530.067282 0 0
36 2546.3058874113 870704.896391634 1.35619112343185 672854662.167628 787317502.915273 407689450.83626 566457379.377498 122006598.004206 74292785.1693822 35007.752482777 454453.694112589 1163374405.82664 1298094654.66168 694122940.043715 951804819.319675 193248166.059732 131517467.515843 0 0
37 2546.3058874113 870704.856570301 1.35667582655313 669153386.002021 782986583.220197 405446810.141034 563341379.27375 121335457.357302 73884111.3048984 35007.752482777 454453.694112589 1167075681.99225 1302425574.35676 696365580.738941 954920819.423423 193919306.706636 131926141.380327 0 0
38 2546.3058874113 870704.74653117 1.35711762113194 665472463.90582 778679480.132182 403216502.182497 560242514.687466 120668007.449131 73477684.8210016 35007.752482777 454453.694112589 1170756604.08845 1306732677.44477 698595888.697478 958019684.009707 194586756.614807 132332567.864224 0 0
39 2546.3058874113 870704.549946322 1.35752059723269 661811778.744145 774396056.589922 400998455.98744 557160687.006094 120004227.039999 73073492.7843248 35007.752482777 454453.694112589 1174417289.25013 1311016100.98703 700813934.892536 961101511.691079 195250537.023939 132736759.9009 0 0
40 2546.3058874113 870704.273094142 1.35788756498883 658171230.756334 770136195.86194 398792611.109866 554095812.243942 119344098.04062 72671524.1798627 44745.2300865785 454453.694112589 1178057837.23794 1315275961.71501 703019779.770109 964166386.453231 195910666.023318 133138728.505362 0 0
41 2546.3058874113 870704.595327226 1.35816172099605 654550717.198567 765899777.72613 396598905.296257 551047803.903885 118687601.820785 72271767.6632273 44745.2300865785 454453.694112589 1181678350.79571 1319512379.85082 705213485.583718 967214394.793288 196567162.243153 133538485.021997 0 0
42 2546.3058874113 870704.628392324 1.35841135754033 650950092.28398 761686631.595054 394417250.212874 548016539.252068 118034711.945425 71874207.137462 44745.2300865785 454453.694112589 1185278975.71029 1323725525.9819 707395140.667101 970245659.445105 197220052.118513 133936045.547763 0 0
43 2546.3058874113 870704.518990386 1.35863889815786 647369261.922827 757496647.372869 392247588.84979 545001939.076988 117385411.353546 71478832.2137124 44745.2300865785 454453.694112589 1188859806.07145 1327915510.20408 709564802.030185 973260259.620185 197869352.710392 134331420.471512 0 0
44 2546.3058874113 870704.363795219 1.35884589053464 643808141.560109 753329726.12048 390089869.974274 542003932.194173 116739684.713057 71085633.5558962 44745.2300865785 454453.694112589 1192420926.43417 1332082431.45647 711722520.905701 976258266.503 198515079.350881 134724619.129328 0 0
45 2546.3058874113 870704.302369318 1.35903446637126 640266606.122522 749185721.487704 387944017.803144 539022413.307932 116097509.344814 70694597.3541304 44745.2300865785 454453.694112589 1195962461.87175 1336226436.08925 713868373.076831 979239785.389241 199157254.719124 135115655.331094 0 0
46 2546.3058874113 870704.401578335 1.35920611436861 636744557.509814 745064518.685943 385809972.896466 536057299.830428 115458867.460611 70305712.7767433 44745.2300865785 454453.694112589 1199484510.48446 1340347638.89101 716002417.983509 982204898.866745 199795896.603328 135504539.908481 0 0
47 2546.3058874113 870704.639880007 1.35936238411017 633241886.86612 740965990.341287 383687669.297369 533108500.118975 114823739.321958 69918967.8044892 44745.2300865785 454453.694112589 1202987181.12815 1344446167.23566 718124721.582606 985153698.578197 200431024.74198 135891284.880735 0 0
48 2546.3058874113 870704.862191906 1.35950467411439 629758485.36878 736890009.118683 381577041.069101 530175922.558843 114192105.196389 69534350.4217889 54482.70769038 454453.694112589 1206470582.62549 1348522148.45827 720235349.810875 988086276.13833 201062658.867549 136275902.263436 0 0
49 2546.3058874113 870704.84854715 1.35961107000797 626294266.466317 732836473.742926 379478035.769246 527259494.284782 113563949.3898 69151851.0721206 54482.70769038 454453.694112589 1209934801.52795 1352575683.83403 722334355.11073 991002704.412391 201690814.674138 136658401.613104 0 0
50 2546.3058874113 870704.851146855 1.35970813709205 622849040.916913 728805162.779281 377390538.734272 524359055.979439 112939237.587572 68771448.860479 54482.70769038 454453.694112589 1213380027.07736 1356606994.79767 724421852.145704 993903142.717734 202315526.476366 137038803.824746 0 0
51 2546.3058874113 870704.869161133 1.35979628054973 619422795.173806 724796060.376472 375314541.756058 521474596.238176 112317967.333315 68393142.2911076 54482.70769038 454453.694112589 1216806272.82046 1360616097.20048 726497849.123918 996787602.458997 202936796.730623 137417110.394117 0 0
52 2546.3058874113 870704.900053211 1.35987674499931 616015365.192571 720808974.583617 373249945.438426 518605976.956614 111700108.881374 68016913.2511541 54482.70769038 454453.694112589 1220213702.8017 1364603182.99334 728562445.44155 999656221.740559 203554655.182564 137793339.434071 0 0
53 2546.3058874113 870704.945491963 1.35994922890595 612626801.081238 716843964.032887 371196780.142339 515753240.319293 111085671.31768 67642767.273262 54482.70769038 454453.694112589 1223602266.91303 1368568193.54407 730615610.737637 1002508958.37788 204169092.746258 138167485.411963 0 0
54 2546.3058874113 870704.992571661 1.36001642302194 609256675.229337 712900528.370747 369154786.774285 512916026.333006 110474577.104983 67270657.1431153 54482.70769038 454453.694112589 1226972392.76493 1372511629.20621 732657604.105691 1005346172.36417 204780186.958955 138539595.54211 0 0
55 2546.3058874113 870705.048181394 1.36007699089428 605905198.933418 708978914.838514 367124093.360982 510094512.882366 109866864.557017 66900606.1908772 54482.70769038 454453.694112589 1230323869.06085 1376433242.73844 734688297.518994 1008167685.81481 205387899.506921 138909646.494348 0 0
56 2546.3058874113 870705.119046877 1.36013174237811 602572219.335691 705078944.574957 365104607.284348 507288571.280706 109262505.956564 66532597.5388599 54482.70769038 454453.694112589 1233656848.65858 1380333213.002 736707783.595628 1010973627.41647 205992258.107374 139277655.146365 0 0
57 2546.3058874113 870705.211019086 1.36018147300649 599257588.002398 701200443.895469 363096238.606866 504498076.565827 108661474.388601 66166614.7978519 54482.70769038 454453.694112589 1236971479.99187 1384211713.68148 738716152.27311 1013764122.13135 206593289.675337 139643637.887373 0 0
58 2546.3058874113 870705.327517433 1.36022693850051 595961168.797548 697343253.505254 361098904.842362 501722914.128677 108063745.168024 65802642.9364916 54482.70769038 454453.694112589 1240267899.19672 1388068904.0717 740713486.037614 1016539284.5685 207191018.895914 140007609.748733 0 0
59 2546.3058874113 870705.252356423 1.36026861293341 592682854.349585 693507247.767216 359112540.933323 498962993.576168 107469298.825488 65440670.0994222 54482.70769038 454453.694112589 1243546213.64468 1391904909.80974 742699849.946653 1019299205.12101 207785465.23845 140369582.585803 0 0
60 2546.3058874113 870704.941101147 1.36030655440835 589422575.980317 689692346.319953 357137105.266937 496218257.090064 106878122.907795 65080688.7035884 54482.70769038 454453.694112589 1246806492.01395 1395719811.257 744675285.613039 1022043941.60711 208376641.156143 140729563.981636 0 0
61 2546.3058874113 870704.88644258 1.36034110831146 586180230.992709 685898428.996099 355172535.61803 493488618.212625 106290198.793217 64722687.4097675 54482.70769038 454453.694112589 1250048837.00156 1399513728.58085 746639855.261946 1024773580.48455 208964565.270721 141087565.275457 0 0
62 2546.3058874113 870704.888963268 1.3603725766685 582955721.364749 682125381.098604 353218772.594075 490773994.421884 105705508.707736 64366655.3949267 54482.70769038 454453.694112589 1253273346.62952 1403286776.47835 748593618.285901 1027488204.27529 209549255.356202 141443597.290298 0 0
63 2546.3058874113 870704.853683393 1.36040123858001 579748947.427794 678373086.003667 351275755.804831 488074301.809617 105124034.578753 64012581.654221 54482.70769038 454453.694112589 1256480120.56647 1407039071.57329 750536635.075145 1030187896.88756 210130729.485185 141797671.031004 0 0
64 2546.3058874113 870704.843257093 1.36042734079683 576559812.887871 674641431.036242 349343426.904804 485389459.308642 104545758.945587 63660455.5554176 54482.70769038 454453.694112589 1259669255.1064 1410770726.54071 752468963.975172 1032872739.38853 210709005.118351 142149797.129807 0 0
65 2546.3058874113 870704.839883217 1.36045110859647 573388222.195217 670930304.392093 347421727.999427 482719386.478305 103970664.482503 63310266.5484551 54482.70769038 454453.694112589 1262840845.79905 1414481853.18486 754390662.88055 1035542812.21887 211284099.581435 142499986.13677 0 0
66 2546.3058874113 870704.837890401 1.36047277400539 570234065.464025 667239577.492163 345510592.507776 480063990.808844 103398731.264258 62962002.5003676 54482.70769038 454453.694112589 1265995002.53024 1418172580.08479 756301798.3722 1038198207.88833 211856032.79968 142848250.184857 0 0
67 2546.3058874113 870704.837260695 1.36049257525046 567097215.704383 663569101.743618 343609943.485379 477423165.391029 102829936.264174 62615649.3896514 54482.70769038 454453.694112589 1269131852.28989 1421843055.83333 758202447.394597 1040839033.30614 212424827.799764 143194603.295574 0 0
68 2546.3058874113 870704.837991392 1.36051054841695 563977652.647158 659918853.429236 341719768.650962 474796893.160847 102264275.806913 62271204.9783038 54482.70769038 454453.694112589 1272251415.34711 1425493304.14772 760092622.229014 1043465305.53633 212990488.257025 143539047.706921 0 0
69 2546.3058874113 870704.840043913 1.36052693797831 560875227.669695 656288658.643383 339839977.952555 472185048.997076 101701722.943202 61928652.8562568 54482.70769038 454453.694112589 1275353840.32457 1429123498.93357 761972412.927421 1046077149.7001 213553041.120735 143881599.828968 0 0
70 2546.3058874113 870704.843401197 1.36054185206383 557789875.037006 652678440.468545 337970531.560663 469587577.559279 101142265.753525 61587985.7654265 54482.70769038 454453.694112589 1278439192.95726 1432733717.10841 763841859.319314 1048674621.13789 214112498.310413 144222266.919798 0 0
71 2546.3058874113 870704.848036111 1.36055535072265 554721549.948263 649088146.482592 336111402.33001 467004441.130904 100585896.114289 61249198.7591608 54482.70769038 454453.694112589 1281507518.04601 1436324011.09436 765700988.549966 1051257757.56627 214668867.949649 144561053.926064 0 0
72 2546.3058874113 870704.853791871 1.3605677809357 551669993.531678 645517473.775693 334262433.40756 464435421.775085 100032567.085095 60912263.2543085 54482.70769038 454453.694112589 1284559074.46259 1439894683.80126 767549957.472416 1053826776.92209 215222196.978842 144897989.430916 0 0
