"Time" "IECs" "pheme_e" "BiomassCD" "pro_L_e" "leu_L_e" "ile_L_e" "val_L_e" "trp_L_e" "cys_L_e" "Drug" "Damage" "pro_L_v" "leu_L_v" "ile_L_v" "val_L_v" "trp_L_v" "cys_L_v" "CD" "pheme_c"
0 457000 1e+05 0.4963 224235600.199112 195370466.451958 120509812.093413 157438605.791629 18978882.6152 31300034.1459915 0 0 0 0 0 0 0 0 45700000 1000
1 383077.620950892 127386.440848458 0.594123778034991 265020032.259955 281675869.018149 154882594.958882 210249421.981369 39461018.8984484 31353838.0686221 0 73922.3790491081 223799310.904276 221137771.89905 126692905.162956 169584951.874055 27714914.7352047 28332389.632227 48532264.0504434 744.085419610026
2 317209.220755779 193378.36220818 0.697812005416496 290285963.358168 325117885.889077 173684611.071101 238174015.679065 48764936.8207406 32525726.250063 0 139790.779244221 434140350.139662 451642431.439594 251312984.528802 339756326.19085 61356575.2817497 52453967.1257092 52252899.6727747 980.392034941868
3 258518.020750538 264620.490310615 0.80352904468726 312636273.643845 357028267.841672 188689141.261679 259757122.904266 54787629.7171096 34310154.8476478 0 198481.979249462 621534923.270213 663828750.308799 363985761.633909 494599643.344762 93599638.3694454 73206959.3301372 57057131.0241762 1183.07857289128
4 206433.842866909 330479.617831896 0.907130871491182 335882286.263658 387014093.552963 203479244.29364 280664376.240715 59954748.7917016 36547211.0414046 0 250566.15713309 784171220.989833 850461020.415518 462346488.210701 630147684.572389 122390147.683271 90970227.4436936 63165448.4832793 1323.35016977751
5 160655.202267205 387042.239034027 1.0047947441536 361035581.543036 418108597.943259 219111207.621186 302622573.5754 65062593.4086636 39151646.6717455 0 296344.797732795 922058493.499777 1009759882.27939 545960821.960743 745555634.034464 147128273.838326 105944789.803639 70824613.4599452 1410.54987423084
6 121084.085317286 432391.536139151 1.09354988591891 387881808.99552 450853569.803829 235625861.633054 325816016.127207 70320783.1019343 42031376.7984162 0 335915.914682714 1035686050.24779 1141591185.81354 614955596.733327 840900990.606825 167668169.982417 118260368.585738 80308674.582155 1456.60090099413
7 87729.2757953391 465331.517008369 1.17156392642488 415436156.074686 484529559.715141 252496956.97298 349602618.607393 75669693.6535886 45059231.4928966 0 369270.724204661 1125913930.78147 1246637848.704 669781288.788123 916758390.735859 184063567.723876 128040760.747685 91917608.7819467 1469.71906431263
8 60582.5354806344 485206.319957627 1.23815235143119 442150039.402923 517637355.215504 268815983.640516 372802273.409084 80898907.2395085 48068487.8623528 9737.47760380151 396417.464519366 1194211691.14365 1326433346.17249 711298426.595266 974284651.067502 196530060.018408 135455852.659075 105972231.704209 1454.92682367065
9 59691.4016055372 640806.863379058 1.25089602050512 391291079.405728 458067218.811103 237897098.379249 329911449.963737 71590578.0695912 42536566.6079456 6177.49084435309 397308.598394463 1248247128.53707 1389690444.30267 744150870.40377 1019843913.26269 206416397.759598 141329969.32152 191.278428864365 14.4106344628244
10 59691.3973758552 709729.169401181 1.26260460296684 343828222.028281 402504543.676849 209040636.677671 289893823.861106 62906778.2577754 37376962.6558884 6163.08305312185 397308.602624145 1295710000.9998 1445253136.94662 773007341.287929 1059861552.03793 215100200.31642 146489574.897775 0.00787992850891068 0.0597652360956764
11 59691.3973756803 738616.077829352 1.27334313985101 302122506.683508 353681501.098961 183684401.411876 254730249.367895 55276304.6107926 32843207.5272861 6163.02353164307 397308.60262432 1337415716.3452 1494076179.52523 798363576.554104 1095025126.53166 222730673.963516 151023330.026444 4.15715378847755e-07 0.000246347584526852
12 59691.3973756803 750723.134661676 1.28317601509213 265475617.395716 310780603.194352 161403830.539058 223831951.358552 48571393.2900613 28859388.5019486 6163.02328629583 397308.60262432 1374062605.63299 1536977077.42984 820644147.426922 1125923424.541 229435585.284248 155007149.051782 2.67837366735223e-08 1.00054942946425e-06
13 59691.3973756803 755797.765366518 1.29216622879882 233273924.102406 273083500.29749 141825849.335471 196681556.465045 42679774.5986774 25358798.9325985 6163.02328526591 397308.60262432 1406264298.9263 1574674180.3267 840222128.630509 1153073819.43451 235327203.975632 158507738.621132 3.17269567734869e-08 -2.9271615156249e-08
14 59691.3973756803 757924.501232057 1.30037482487509 204978235.469529 239958984.881005 124622640.325585 172824453.263397 37502798.1422973 22282824.2755016 6163.02328526627 397308.60262432 1434559987.55918 1607798695.74319 857425337.640394 1176930922.63616 240504180.432012 161583713.278228 3.7627950584866e-08 -2.87869289053358e-08
15 59691.3973756803 758815.778010458 1.30786045677312 180114762.975515 210852413.607162 109506149.627102 151861173.770993 32953779.618825 19579959.8118974 6163.02328527185 397308.60262432 1459423460.05319 1636905267.01703 872541828.338877 1197894202.12856 245053198.955484 164286577.741833 4.4676141537381e-08 -2.30607354996257e-08
16 59691.3973756803 759189.393240214 1.31467907245923 158267181.842841 185276413.410394 96223260.1571808 133440699.735137 28956548.2872188 17204947.6058014 15900.5008890734 397308.60262432 1481271041.18587 1662481267.2138 885824717.808799 1216314676.16442 249050430.28709 166661589.947929 5.23822161689442e-08 0
17 59691.3973756803 759345.977717544 1.31943830709485 139069792.908061 162802876.399972 84551634.1870907 117254697.162043 25444195.8638941 15118033.1428962 15900.5008890734 397308.60262432 1500468430.12065 1684954804.22422 897496343.778889 1232500678.73751 252562782.710415 168748504.410834 -1.34413715968195e-08 -2.60792972968557e-12
18 59691.3973756803 759411.604969031 1.32378610169486 122200866.832745 143055168.221132 74295666.7564627 103031904.583947 22357858.7801993 13284241.7913818 15900.5008890734 397308.60262432 1517337356.19597 1704702512.40306 907752311.209517 1246723471.31561 255649119.794109 170582295.762349 -1.34413715968195e-08 -4.38995914861807e-12
19 59691.3973756803 759439.014863887 1.32775554548927 107378123.203043 125702835.636226 65283737.0568473 90534321.3268823 19645891.0389103 11672887.3428235 15900.5008890734 397308.60262432 1532160099.82567 1722054844.98797 916764240.909132 1259221054.57267 258361087.535399 172193650.210907 -1.34413715968195e-08 -4.38995914861809e-12
20 59691.3973756803 759450.560857171 1.33137751455192 94353352.1693892 110455310.315384 57364938.4969315 79552672.8234886 17262880.1899493 10256987.3400415 15900.5008890734 397308.60262432 1545184870.85932 1737302370.30881 924683039.469048 1270202703.07607 260744098.38436 173609550.213689 -1.34413715968195e-08 -4.38995914861809e-12
21 59691.3973756803 759455.420625339 1.33468072069563 82908462.4819067 97057282.4457778 50406675.9876361 69903078.5708681 15168924.2793262 9012833.4659753 15900.5008890734 397308.60262432 1556629760.5468 1750700398.17842 931641301.978343 1279852297.32869 262838054.294983 174853704.087755 -1.34413715968195e-08 -4.3899591486181e-12
22 59691.3973756803 759457.455085647 1.33769180006811 72851816.9153921 85284410.7751772 44292437.9542819 61423962.3968243 13328961.378847 7919593.17416413 15900.5008890734 397308.60262432 1566686406.11332 1762473269.84902 937755540.011698 1288331413.50273 264678017.195462 175946944.379566 -1.34413715968195e-08 -4.3899591486181e-12
23 59691.3973756803 759458.311414412 1.34043541044541 64015016.214364 74939557.718182 38919841.0399289 53973340.889353 11712181.1770112 6958960.07705706 15900.5008890734 397308.60262432 1575523206.81435 1772818122.90601 943128136.92605 1295782035.0102 266294797.397298 176907577.476673 -1.34413715968195e-08 -4.38995914861811e-12
24 59691.3973756803 759458.666219867 1.34293433307478 56250106.4984282 65849520.18878 34198932.2640625 47426468.8606115 10291514.0461675 6114850.36795063 25637.9784928749 397308.60262432 1583288116.53028 1781908160.43541 947849045.701917 1302328907.03895 267715464.528141 177751687.18578 0 0
25 59691.3973756803 759458.819769542 1.34475866225501 49427164.7198564 57862203.0019674 30050721.0294128 41673803.5601779 9043189.27806564 5373140.34031945 25637.9784928749 397308.60262432 1590111058.30885 1789895477.62222 951997256.936567 1308081572.33938 268963789.296243 178493397.213411 0 0
26 59691.3973756803 759458.884236745 1.34642204050473 43431756.5343738 50843642.9151354 26405633.5585748 36618861.3153416 7946269.97614173 4721390.03741048 25637.9784928749 397308.60262432 1596106466.49433 1796914037.70905 955642344.407405 1313136514.58422 270060708.598167 179145147.51632 0 0
27 59691.3973756803 759458.911378819 1.34793830643404 38163553.2788148 44676389.5847757 23202672.0442671 32177051.4556906 6982400.01788369 4148692.90631095 25637.9784928749 397308.60262432 1601374669.74989 1803081291.03941 958845305.921713 1317578324.44387 271024578.556425 179717844.64742 0 0
28 59691.3973756803 759458.92249749 1.34932017632913 33534377.2654134 39257217.2786679 20388226.227615 28274028.2310855 6135446.42206367 3645463.30532082 25637.9784928749 397308.60262432 1606003845.76329 1808500463.34552 961659751.738365 1321481347.66848 271871532.152245 180221074.24841 0 0
29 59691.3973756803 759458.927311613 1.35057931963004 29466715.7562929 34495385.2513198 17915169.9245583 24844437.8906085 5391227.46565444 3203274.96072739 25637.9784928749 397308.60262432 1610071507.27241 1813262295.37287 964132808.041421 1324910938.00895 272615751.108654 180663262.593003 0 0
30 59691.3973756803 759458.92916959 1.35172643661952 25892428.5867823 30311124.8155505 15742075.2868475 21830829.0337362 4737276.23071621 2814720.47480382 25637.9784928749 397308.60262432 1613645794.44193 1817446555.80864 966305902.679132 1327924546.86583 273269702.343592 181051817.078927 0 0
31 59691.3973756803 759458.929027416 1.35277132344116 22751729.085656 26634446.3507358 13832593.222066 19182793.387886 4162654.15366226 2473300.54343673 25637.9784928749 397308.60262432 1616786493.94305 1821123234.27345 968215384.743914 1330572582.51168 273844324.420646 181393237.010294 0 0
32 59691.3973756803 759458.929014643 1.35372294999972 19992053.5325581 23403815.8264489 12154766.0465064 16856012.6076923 3657744.18129862 2173301.05682675 35375.4560966764 397308.60262432 1619546169.49615 1824353864.79774 969893211.919473 1332899363.29187 274349234.39301 181693236.496904 0 0
33 59691.3973756803 759458.930036787 1.35442835876415 17567087.7685159 20565015.2982959 10680435.6839591 14811437.5756502 3214072.67957776 1909687.28402552 35375.4560966764 397308.60262432 1621971135.26019 1827192665.32589 971367542.28202 1334943938.32391 274792905.894731 181956850.269705 0 0
34 59691.3973756803 759458.930465932 1.35507106906744 15436238.0131801 18070523.4169844 9384921.93324904 13014842.229277 2824212.61437197 1678046.34640657 35375.4560966764 397308.60262432 1624101985.01553 1829687157.20721 972663056.03273 1336740533.67029 275182765.959937 182188491.207324 0 0
35 59691.3973756803 759458.93064661 1.35565659790081 13563846.8037233 15878597.562553 8246545.7748709 11436162.4912632 2481640.09972998 1474501.98375874 35375.4560966764 397308.60262432 1625974376.22498 1831879083.06164 973801432.191109 1338319213.4083 275525338.474579 182392035.569972 0 0
36 59691.3973756803 759458.930720626 1.35618998844457 11918574.5739108 13952549.8862504 7246253.38351567 10048974.8567543 2180621.25164376 1295647.32683238 35375.4560966764 397308.60262432 1627619648.4548 1833805130.73794 974801724.582464 1339706401.04281 275826357.322665 182570890.226898 0 0
37 59691.3973756803 759458.930752672 1.35667584740832 10472872.2534452 12260129.9058345 6367295.47908964 8830051.72306757 1916115.69487537 1138487.56453944 35375.4560966764 397308.60262432 1629065350.77526 1835497550.71835 975680682.48689 1340925324.1765 276090862.879433 182728049.989191 0 0
38 59691.3973756803 759458.930765041 1.35711838165225 9202521.89935705 10772986.742991 5594948.03984872 7758974.07965166 1683692.51692071 1000390.00679811 35375.4560966764 397308.60262432 1630335701.12935 1836984693.8812 976453029.926131 1341996401.81991 276323286.057388 182866147.546933 0 0
39 59691.3973756803 759458.930764098 1.35752142815694 8086274.49431073 9466245.10977607 4916292.09106077 6817826.12293364 1479463.99962265 879044.710222323 35375.4560966764 397308.60262432 1631451948.5344 1838291435.51441 977131685.874919 1342937549.77663 276527514.574686 182987492.843508 0 0
40 59691.3973756803 759458.930764009 1.35788848900439 7105448.21124615 8318035.01474004 4319969.45799562 5990856.53892527 1300012.11770859 772420.806175836 45112.9337004779 397308.60262432 1632432774.81746 1839439645.60945 977728008.507984 1343764519.36064 276706966.4566 183094116.747555 0 0
41 59691.3973756803 759458.930770813 1.35816212031405 6243582.44964205 7309086.75843135 3795972.42693868 5264186.80887088 1142325.24129872 678728.891661574 45112.9337004779 397308.60262432 1633294640.57906 1840448593.86576 978252005.539041 1344491189.09069 276864653.33301 183187808.662069 0 0
42 59691.3973756803 759458.93077367 1.3584113619077 5486249.40084302 6422510.34123087 3335529.18070344 4625652.3332609 1003763.65991648 596400.544918989 45112.9337004779 397308.60262432 1634051973.62786 1841335170.28296 978712448.785276 1345129723.5663 277003214.914392 183270137.008812 0 0
43 59691.3973756803 759458.930774872 1.35863837845693 4820776.04333117 5643470.01547085 2930934.77735379 4064568.03614079 882008.718770279 524058.104017897 45112.9337004779 397308.60262432 1634717446.98537 1842114210.60872 979117043.188626 1345690807.86342 277124969.855538 183342479.449713 0 0
44 59691.3973756803 759458.930775365 1.35884514490767 4236023.86550327 4958926.41659984 2575417.22608732 3571542.64153634 775022.516854181 460490.720908128 45112.9337004779 397308.60262432 1635302199.1632 1842798754.20759 979472560.739892 1346183833.25803 277231956.057455 183406046.832823 0 0
45 59691.3973756803 759458.930775578 1.35903346218953 3722201.55451236 4357417.28626626 2263023.60582221 3138320.74474263 681013.636516419 404633.999152202 45112.9337004779 397308.60262432 1635816021.47419 1843400263.33792 979784954.360157 1346617055.15482 277325964.937792 183461903.554579 0 0
46 59691.3973756803 759458.93077566 1.35920497240753 3270701.72330135 3828866.33585355 1988520.79852081 2757645.15106889 598407.271053266 355552.244807657 45112.9337004779 397308.60262432 1636267521.3054 1843928814.28834 980059457.167459 1346997730.7485 277408571.303255 183510985.308923 0 0
47 59691.3973756803 759458.930775654 1.35936117119399 2873972.17797999 3364432.54487301 1747317.22234667 2423148.33677764 525821.671800784 312424.472129521 45112.9337004779 397308.60262432 1636664250.85073 1844393248.07932 980300660.743633 1347332227.56279 277481156.902508 183554113.081601 0 0
48 59691.3973756803 759458.930775654 1.35950342199424 2525373.14877176 2956343.02752645 1535376.03095455 2129232.07540939 462042.027122651 274528.883397067 54850.4113042794 397308.60262432 1637012849.87994 1844801337.59666 980512601.935025 1347626143.82416 277544936.547186 183592008.670334 0 0
49 59691.3973756803 759458.930775699 1.35960969401325 2219054.33126338 2597749.09031702 1349140.35704575 1870963.76687941 405997.965889078 241229.50228383 54850.4113042794 397308.60262432 1637319168.69745 1845159931.53387 980698837.608934 1347884412.13269 277600980.60842 183625308.051447 0 0
50 59691.3973756803 759458.930775718 1.35970648333923 1949887.83976337 2282647.74350146 1185492.54935988 1644019.90806552 356751.290629763 211968.885334868 54850.4113042794 397308.60262432 1637588335.18895 1845475032.88069 980862485.41662 1348111355.9915 277650227.283679 183654568.668396 0 0
51 59691.3973756803 759458.930775726 1.35979463436819 1713369.53522381 2005766.19003758 1041694.18203794 1444602.89886353 313477.9245 186257.39549829 54850.4113042794 397308.60262432 1637824853.49349 1845751914.43415 981006283.783942 1348310773.00071 277693500.649809 183680280.158233 0 0
52 59691.3973756803 759458.930775729 1.35987491692159 1505540.63823519 1762470.06137254 915338.396901299 1269374.95131038 275453.569601799 163664.680811481 54850.4113042794 397308.60262432 1638032682.39048 1845995210.56281 981132639.569078 1348486000.94826 277731525.004707 183702872.87292 0 0
53 59691.3973756803 759458.930775731 1.35994803253104 1322921.18316454 1548685.51513573 804309.444907481 1115401.98239712 242041.531759426 143812.440317236 54850.4113042794 397308.60262432 1638215301.84555 1846208995.10905 981243668.521072 1348639973.91717 277764937.042549 183722725.113414 0 0
54 59691.3973756803 759458.930775731 1.36001462048528 1162451.98729128 1360831.30096408 706747.404553093 980104.686179855 212682.103198112 126368.115630352 54850.4113042794 397308.60262432 1638375771.04142 1846396849.32322 981341230.561427 1348775271.21339 277794296.471111 183740169.438101 0 0
55 59691.3973756803 759458.930775731 1.36007526273847 1021448.89723562 1195765.19881261 621020.364623455 861219.957313401 186884.191475022 111039.917147152 54850.4113042794 397308.60262432 1638516774.13148 1846561915.42537 981426957.601356 1348894155.94226 277820094.382833 183755497.636584 0 0
56 59691.3973756803 759458.93077573 1.36013048956531 897552.049538331 1050724.62055172 545693.575646643 756758.110838366 164216.036199829 97571.308252148 54850.4113042794 397308.60262432 1638640670.97917 1846706956.00363 981502284.390333 1348998617.78873 277842762.538109 183768966.245479 0 0
57 59691.3973756803 759458.930775731 1.36018078475167 788680.650872924 923273.673154874 479501.957172889 664964.755766933 144296.935626709 85736.0895542587 54850.4113042794 397308.60262432 1638749542.37784 1846834406.95103 981568476.008807 1349090411.1438 277862681.638682 183780801.464177 0 0
58 59691.3973756803 759458.930775731 1.36022658809479 693015.174396815 811282.316751686 421339.273514555 584305.784192249 126793.98930047 75336.4634833917 54850.4113042794 397308.60262432 1638845207.85432 1846946398.30744 981626638.692465 1349171070.11538 277880184.585008 183791201.090248 0 0
59 59691.3973756803 759458.930775731 1.36026830049828 608953.740320032 712875.301282451 370231.614010085 513430.594191813 111414.117449626 66198.2924986089 54850.4113042794 397308.60262432 1638929269.28839 1847044805.3229 981677746.351969 1349241945.30538 277895564.456859 183800339.261232 0 0
60 59691.3973756803 759458.930775731 1.36030628712419 535088.823645697 626404.899276632 325323.231799168 451152.451293631 97899.7994368384 58168.5670274701 54850.4113042794 397308.60262432 1639003134.20507 1847131275.72491 981722654.73418 1349304223.44828 277909078.774872 183808368.986704 0 0
61 59691.3973756803 759458.930775731 1.36034088057679 470183.616118593 550423.23382801 285862.172363372 396428.558392882 86024.7489433204 51112.8358149414 54850.4113042794 397308.60262432 1639068039.41259 1847207257.39036 981762115.793616 1349358947.34118 277920953.825365 183815424.717916 0 0
62 59691.3973756803 759458.930775734 1.36037238380825 413151.161921301 483657.853673838 251187.588449456 348342.464313972 75590.0966378136 44912.9378015362 54850.4113042794 397308.60262432 1639125071.86679 1847274022.77051 981796790.37753 1349407033.43526 277931388.477671 183821624.61593 0 0
63 59691.3973756803 759458.930775755 1.36040107275511 363036.63620948 424990.987457258 220718.965775612 306089.122212257 66421.1478591186 39465.0756539834 54850.4113042794 397308.60262432 1639175186.3925 1847332689.63673 981827259.000204 1349449286.77736 277940557.426449 183827072.478077 0 0
64 59691.3973756803 759458.930775785 1.36042719871238 319000.932627633 373440.330355462 193946.144571478 268961.051623841 58364.3797895664 34678.0315928678 54850.4113042794 397308.60262432 1639219222.09608 1847384240.29383 981854031.821408 1349486414.84795 277948614.194519 183831859.522138 0 0
65 59691.3973756803 759458.930775786 1.36045099056341 280306.716783068 328142.717496419 170420.840371098 236336.579652587 51284.8897999624 30471.6512902579 54850.4113042794 397308.60262432 1639257916.31193 1847429537.90669 981877557.125608 1349519039.31992 277955693.684508 183836065.902441 0 0
66 59691.3973756803 759458.930775724 1.36047265676762 246306.024894129 288339.606243009 149749.104240721 207669.384948608 45064.1264994662 26775.4957405175 54850.4113042794 397308.60262432 1639291917.00382 1847469341.01794 981898228.861739 1349547706.51462 277961914.447809 183839762.057991 0 0
67 59691.3973756803 759458.930775683 1.36049238717908 216429.557778711 253364.543137286 131584.813739365 182479.471088551 39597.9309647648 23527.6774285845 54850.4113042794 397308.60262432 1639321793.47093 1847504316.08105 981916393.15224 1349572896.42848 277967380.643344 183843009.876303 0 0
68 59691.3973756803 759458.930775762 1.36051035470502 190177.04982734 222631.889281809 115623.817448349 160345.046313668 34794.7746483193 20673.8133579351 54850.4113042794 397308.60262432 1639348045.97888 1847535048.73491 981932354.148531 1349595030.85326 277972183.79966 183845863.740373 0 0
69 59691.3973756803 759458.930775905 1.36052671681544 167108.922410512 195627.04935152 101598.860410998 140895.486220171 30574.2322865781 18166.1177071426 54850.4113042794 397308.60262432 1639371114.1063 1847562053.57484 981946379.105569 1349614480.41335 277976404.342022 183848371.436024 0 0
70 59691.3973756803 759458.930775769 1.36054161692331 146838.906393889 171897.835097485 89275.0987704167 123805.113538951 26865.632116071 15962.5998364506 54850.4113042794 397308.60262432 1639391384.12232 1847585782.78909 981958702.867209 1349631570.78603 277980112.942192 183850574.953895 0 0
71 59691.3973756803 759458.930775252 1.36055518563516 129027.599371824 151046.923084175 78446.1826971812 108787.76600962 23606.8771054772 14026.3639059355 54850.4113042794 397308.60262432 1639409195.42934 1847606633.7011 981969531.783282 1349646588.13356 277983371.697203 183852511.189825 0 0
72 59691.3973756803 759458.930774756 1.36056754189365 113376.780231124 132725.198999879 68930.7997585754 95592.002786661 20743.4047487619 12324.9908217101 54850.4113042794 397308.60262432 1639424846.24848 1847624955.42519 981979047.166221 1349659783.89678 277986235.16956 183854212.562909 0 0
