"Time" "IECs" "pheme_e" "BiomassCD" "pro_L_e" "leu_L_e" "ile_L_e" "val_L_e" "trp_L_e" "cys_L_e" "Drug" "Damage" "pro_L_v" "leu_L_v" "ile_L_v" "val_L_v" "trp_L_v" "cys_L_v" "CD" "pheme_c"
0 457000 1e+05 0.4963 224235600.199112 195370466.451958 120509812.093413 157438605.791629 18978882.6152 31300034.1459915 0 0 0 0 0 0 0 0 45700000 1000
1 365093.906491666 136944.620649937 0.594123777984334 311305485.975174 334886609.919262 182922580.408726 248883345.829256 47704730.9513872 36378355.4151924 0 91906.0935083344 241917789.73669 242721299.433859 137856163.854915 185068248.966476 31196529.763181 30213618.6379996 48532264.05153 798.249405705213
2 287166.62955225 218473.789784576 0.697812006451429 354885011.862395 399263865.195542 212776136.309614 292030615.222958 60220186.3332503 39563277.3920501 0 169833.37044775 477070532.825756 502443588.94861 277675683.824107 376278829.369013 69488900.7448904 56952771.0058776 52252899.6626445 1106.98928920635
3 221342.694172926 302887.815635373 0.803528985625344 386716753.203837 442180843.255419 233526258.78302 321565937.80767 67948999.1215237 42385813.5421557 0 235657.305827074 680413841.439178 733288358.131338 400082856.552859 544584751.711534 104676171.139227 79406626.0414322 57057134.2667006 1354.08734581891
4 166237.29494805 377270.722766894 0.907130843647811 415791682.74737 479101389.628794 251866434.947408 347429892.297473 74204040.832569 45261994.0106892 0 290762.70505195 847871080.176757 925551167.134225 501376742.284308 684194068.369861 134348293.560391 97690918.8752512 63165451.2844426 1510.8658292473
5 120828.629962592 437326.331727805 1.00479477913482 444481728.981537 514575839.627959 269659832.156374 372459418.287025 80003952.5676147 48264238.718565 0 336171.370037408 980664777.269342 1078931354.80958 581882696.412535 795316734.733641 158152730.234303 112125601.521792 70824616.7641367 1594.03369458505
6 84313.2602625871 481528.37681155 1.09354993861573 472688821.924136 549277252.827886 287010382.960882 396931111.860754 85573253.639227 51319000.4362075 0 372686.739737413 1081688060.28066 1196097364.19197 643198468.271275 880057942.769497 176388658.045698 123092741.768951 80308679.0773746 1622.36409596772
7 55952.243148154 509536.546235617 1.1715643940683 499173739.839822 582208285.290215 303235080.624297 419994052.44788 90807288.4190142 54275075.8191719 0 401047.756851846 1154729625.10534 1281119801.90857 687559156.158725 941449544.227835 189642347.99057 131027296.957929 91917624.1907053 1609.54794503346
8 34930.1424954427 521895.601463466 1.23815351452514 522223723.829411 611693821.875397 317325747.51945 440335145.880209 95468191.4604551 56949328.6781813 9737.47760380151 422069.857504557 1204315712.96513 1339065181.93801 717685689.671543 983210893.177912 198683132.339872 136425530.74956 105972271.280999 1565.11229631599
9 33348.4865738651 677829.306896258 1.25089706181964 490966088.434717 574972383.472821 298310688.31395 413924630.955841 89749399.8524477 53530534.5241071 7101.64784812555 423651.513426135 1241240421.52683 1382308743.59622 740121296.307799 1014341890.70352 205433066.162217 140451551.533914 48425.185278043 1199.93091267023
10 33346.928431138 754189.244755337 1.2626055313152 456754657.458363 534907132.912481 277523824.13189 385081540.296193 83495490.1330156 49800417.3194449 6319.23846982586 423653.071568862 1275457435.32858 1422380421.47919 760911531.305011 1043189633.22295 211687991.69846 144182266.943044 547.413578326525 439.213628412122
11 33346.906345453 786487.171423618 1.27334396380485 424922622.679362 497628513.33287 258182700.845206 358244530.306071 77676542.6272226 46329738.5764349 6048.91069679708 423653.093654547 1307289549.24059 1459659132.20953 780252702.395506 1070026709.18444 217506953.602895 147652954.165333 12.9166671909916 169.325532971465
12 33346.9057825181 800141.770550965 1.28317674293908 395308955.472414 462947834.039367 240189456.485041 333277786.385472 72263116.3677986 43100930.8164216 5946.53481337802 423653.094217482 1336903218.46453 1494339813.82747 798245947.97471 1094993454.78737 222920380.229323 150881762.141474 0.38765461304725 66.9620900790854
13 33346.9057651215 805914.4260773 1.29216686839793 367759119.562865 430684115.531782 223450194.644825 310051021.091358 67226961.8089269 40097144.6508235 5906.32482229164 423653.094234879 1364453054.43641 1526603532.40692 814985209.852616 1118220220.13349 227956534.799536 153885548.313751 0.0127316608750631 26.7524984370804
14 33346.9057645434 808354.886891505 1.30037538372379 342129284.272142 400668917.114558 207877523.894372 288442973.37865 62541786.4683203 37302698.0732599 5890.30389071771 423653.094235457 1390082889.72921 1556618730.82653 830557880.604322 1139828267.84793 232641710.14052 156679994.891537 0.000433468817038802 10.7315803375793
15 33346.9057645236 809386.621550771 1.30786094177996 318285641.141943 372745535.187847 193390142.303896 268340831.770732 58183129.9433512 34703001.8135707 5883.88421162175 423653.094235477 1413926532.85948 1584542112.75332 845045262.19484 1159930409.45591 237000366.665502 159279691.151234 1.50698579810186e-05 4.31190170559938
16 33346.9057645229 809822.799922693 1.31467949024894 296103707.032107 346768187.068693 179912414.000834 249639646.797507 54128236.5146782 32284483.3504684 15618.783547905 423653.094235478 1436108466.96932 1610519460.87248 858522990.497904 1178631594.42914 241055260.094175 161698209.614336 5.77655166489811e-07 1.73363420366861
17 33346.9057645229 810007.199782004 1.31943870200075 275467674.882028 322601250.664218 167373974.692754 232241783.633675 50355936.4643351 30034516.1243008 15617.2042086175 423653.094235478 1456744499.1194 1634686397.27695 871061429.805984 1196029457.59297 244827560.144518 163948176.840504 -5.76956418143247e-11 0.154294916197824
18 33346.9057645229 810085.15712485 1.32378645419424 256269806.603344 300118553.485891 155709362.789352 216056410.257597 46846535.0955317 27941353.3435307 15617.0636471993 423653.094235478 1475942367.39808 1657169094.45528 882726041.709386 1212214830.96905 248336961.513321 166041339.621274 -5.76956418143247e-11 0.0137334979925299
19 33346.9057645229 810118.114538899 1.32775585983877 238409874.42409 279202718.405522 144857679.963537 200999026.458708 43581710.6094609 25994067.0739296 15617.0511361649 423653.094235478 1493802299.57734 1678084929.53565 893577724.535202 1227272214.76794 251601785.999392 167988625.890875 -5.76956418143247e-11 0.00122246365932854
20 33346.9057645229 810132.047725439 1.33137779399799 221794635.019405 259744547.807711 134762271.633595 186991020.486693 40544417.9755417 24182490.9025228 15617.0500224099 423653.094235478 1510417538.98202 1697543100.13346 903673132.865144 1241280220.73995 254639078.633312 169800202.062281 -5.76956418143247e-11 0.000108708607570427
21 33346.9057645229 810137.937682953 1.33468096784111 206337344.540937 241642455.638931 125370432.295386 173959260.181601 37718800.2780102 22497167.0607603 15617.0499234534 423653.094235478 1525874829.46049 1715645192.30224 913064972.203352 1254311981.04504 257464696.330843 171485525.904044 -5.76956418143247e-11 9.7520678746456e-06
22 33346.9057645229 810140.430944675 1.3376920842214 191957098.037099 224801693.800052 116633004.154536 161835536.051089 35090067.960874 20929274.4008469 15617.0499145619 423653.094235478 1540255075.96433 1732485954.14112 921802400.344202 1266435705.17556 260093428.647979 173053418.563958 -5.76956418143247e-11 8.60642033022775e-07
23 33346.9057645229 810141.476850246 1.34043559145672 178579454.639907 209135084.305047 108504756.989531 150557088.354061 32644613.1130774 19470696.5604881 15617.0499136105 423653.094235478 1553632719.36152 1748152563.63613 929930647.509207 1277714152.87259 262538883.495776 174511996.404316 -5.76956418143247e-11 -9.08111929547473e-08
24 33346.9057645229 810141.92820621 1.34293447988621 166133941.743006 194560096.414298 100942871.691968 140064502.918582 30369553.2282077 18113749.8409237 25354.5275174078 423653.094235478 1566078232.25842 1762727551.52688 937492532.80677 1288206738.30806 264813943.380646 175868943.123881 0 0
25 33346.9057645229 810142.114927943 1.34475879570737 154555818.414304 181000911.77391 93908011.7148851 130303197.842987 28253053.5591775 16851375.4735721 25354.5275174078 423653.094235478 1577656355.58712 1776286736.16727 944527392.783853 1297968043.38366 266930443.049676 177131317.491233 0 0
26 33346.9057645229 810142.193928485 1.34642211601629 143784705.686872 168386820.344115 87363490.8384293 121222268.719054 26284076.7331848 15676990.2792755 25354.5275174078 423653.094235478 1588427468.31455 1788900827.59706 951071913.660308 1307048972.50759 268899419.875669 178305702.685529 0 0
27 33346.9057645229 810142.227736201 1.34793836415918 133764102.715643 156651653.768536 81274979.1869955 112774080.712531 24452294.3043767 14584433.9143827 25354.5275174078 423653.094235478 1598448071.28578 1800635994.17264 957160425.311742 1315497160.51411 270731202.304477 179398259.050422 0 0
28 33346.9057645229 810142.242002053 1.34932022162611 124441842.54909 145734319.130143 75610780.1557879 104914652.815938 22748170.0696477 13568018.5639894 25354.5275174078 423653.094235478 1607770331.45234 1811553328.81103 962824624.34295 1323356588.4107 272435326.539206 180414674.400815 0 0
29 33346.9057645229 810142.248483623 1.35057936411522 115769234.053202 135577794.055131 70341309.0444037 97602934.4202886 21162803.2109553 12622435.3850517 25354.5275174078 423653.094235478 1616442939.94822 1821709853.88605 968094095.454334 1330668306.80635 274020693.397898 181360257.579753 0 0
30 33346.9057645229 810142.249573807 1.35172648487997 107701013.29864 126129069.782232 65439063.5197049 90800764.330487 19687919.4088143 11742749.2060796 25354.5275174078 423653.094235478 1624511160.70279 1831158578.15895 972996340.979033 1337470476.89616 275495577.20004 182239943.758725 0 0
31 33346.9057645229 810142.2480309 1.3527713668038 100195117.177036 117338886.043897 60878486.0652297 84472679.9053479 18315829.458989 10924373.8442947 25354.5275174078 423653.094235478 1632017056.82439 1839948761.89728 977556918.433508 1343798561.3213 276867667.149865 183058319.12051 0 0
32 33346.9057645229 810142.249569106 1.35372299330155 93212320.1701316 109161305.685235 56635743.2823648 78585610.8242663 17039362.8733048 10163032.5022065 35092.0051212093 423653.094235478 1638999853.8313 1848126342.25594 981799661.216373 1349685630.40238 278144133.735549 183819660.462598 0 0
33 33346.9057645229 810142.251071109 1.35442839763916 86716220.7774321 101553698.769391 52688717.6437996 73108867.6446237 15851865.3986016 9454756.28780621 35092.0051212093 423653.094235478 1645495953.224 1855733949.17178 985746686.854938 1355162373.58202 279331631.210252 184527936.676998 0 0
34 33346.9057645229 810142.251706547 1.3550710859414 80672901.7422221 94476344.6669306 49016801.0470786 68013855.3445214 14747136.9054995 8795847.16866894 35092.0051212093 423653.094235478 1651539272.25921 1862811303.27425 989418603.451659 1360257385.88212 280436359.703354 185186845.796135 0 0
35 33346.9057645229 810142.251978511 1.35565660890277 75050668.722628 87892126.012515 45600736.0313147 63273853.0011108 13719383.617047 8182849.47899849 35092.0051212093 423653.094235478 1657161505.2788 1869395521.92866 992834668.467423 1364997388.22553 281464112.991807 185799843.485806 0 0
36 33346.9057645229 810142.252093258 1.35618999573766 69820253.0617577 81766766.1697927 42422738.9801907 58864184.7424077 12763255.1754299 7612572.02785842 35092.0051212093 423653.094235478 1662391920.93967 1875520881.77138 996012665.518547 1369407056.48424 282420241.433424 186370120.936946 0 0
37 33346.9057645229 810142.252145398 1.35667585581553 64954335.7487162 76068271.740317 39466210.8809905 54761818.4074876 11873757.6212753 7082036.19616547 35092.0051212093 423653.094235478 1667257838.25272 1881219376.20086 998969193.617747 1373509422.81916 283309738.987579 186900656.768639 0 0
38 33346.9057645229 810142.252154214 1.35711839289528 60427520.5972621 70766901.1529685 36715721.0279697 50945342.9338993 11046248.4906666 6588473.01233163 35092.0051212093 423653.094235478 1671784653.40417 1886520746.78821 1001719683.47077 1377325898.29275 284137248.118187 187394219.952473 0 0
39 33346.9057645229 810142.252141804 1.35752143855328 56216207.4560588 65835016.1799942 34156929.9849884 47394861.463535 10276413.6377726 6129309.32825103 35092.0051212093 423653.094235478 1675995966.54537 1891452631.76118 1004278474.51375 1380876379.76311 284907082.971081 187853383.636553 0 0
40 33346.9057645229 810142.252154124 1.35788850064657 52298388.1441968 61246842.9563143 31776465.5960716 44091819.2995825 9560229.93153066 5702145.56994578 44829.4827250108 423653.094235478 1679913785.85723 1896040804.98486 1006658938.90267 1384179421.92706 285623266.677323 188280547.394859 0 0
41 33346.9057645229 810142.252166213 1.35816213061804 48653641.1140605 56978465.7291852 29561919.7425708 41018999.4068858 8893964.28001014 5304755.15565305 44829.4827250108 423653.094235478 1683558532.88737 1900309182.21199 1008873484.75617 1387252241.81976 286289532.328843 188677937.809152 0 0
42 33346.9057645229 810142.252171327 1.35841136403415 45262932.1890927 53007593.5014315 27501727.2715627 38160354.4175804 8274137.20495368 4935062.77006418 44829.4827250108 423653.094235478 1686949241.81233 1904280054.43974 1010933677.22718 1390110886.80906 286909359.4039 189047630.194741 0 0
43 33346.9057645229 810142.252173516 1.35863837873033 42108480.7361276 49313403.3053516 25585084.682249 35500893.8034223 7697498.3778631 4591129.77296033 44829.4827250108 423653.094235478 1690103693.2653 1907974244.63582 1012850319.81649 1392770347.42322 287485998.230991 189391563.191844 0 0
44 33346.9057645229 810142.25217444 1.35884514415598 39173865.221828 45876663.8202664 23802014.2619767 33026772.8685 7161045.9158869 4271165.70813638 44829.4827250108 423653.094235478 1693038308.7796 1911410984.12091 1014633390.23677 1395244468.35814 288022450.692967 189711527.256668 0 0
45 33346.9057645229 810142.25217486 1.35903346231052 36443757.8387875 42679424.5921295 22143202.8452353 30725069.0173301 6661977.87104252 3973499.36941944 44829.4827250108 423653.094235478 1695768416.16264 1914608223.34905 1016292201.65351 1397546172.20931 288521518.737811 190009193.595385 0 0
46 33346.9057645229 810142.252174931 1.359204974043 33903909.5936886 39704998.570212 20599992.753232 28583769.1829548 6197689.50430756 3696577.17481578 44829.4827250108 423653.094235478 1698308264.40774 1917582649.37096 1017835411.74551 1399687472.04369 288985807.104546 190286115.789989 0 0
47 33346.9057645229 810142.252174831 1.35936117284622 31541079.2372261 36937878.8766631 19164338.6117608 26591709.9090539 5765760.29389481 3438955.4176693 44829.4827250108 423653.094235478 1700671094.7642 1920349769.06451 1019271065.88698 1401679531.31759 289417736.314959 190543737.547136 0 0
48 33346.9057645229 810142.25217493 1.3595034244908 29342918.6902751 34363604.6286562 17828737.7362187 24738480.7548321 5363932.99097051 3199287.77456208 54566.9603288123 423653.094235478 1702869255.31115 1922924043.31252 1020606666.76252 1403532760.47181 289819563.617883 190783405.190243 0 0
49 33346.9057645229 810142.252175027 1.35960969616082 27297970.8132653 31968758.3260945 16586228.7762791 23014422.4144187 4990113.21189232 2976325.06210695 54566.9603288123 423653.094235478 1704914203.18816 1925318889.61508 1021849175.72246 1405256818.81222 290193383.396961 191006367.902698 0 0
50 33346.9057645229 810142.252175068 1.35970648248214 25395554.6944046 29740831.5122094 15430322.0170935 21410530.0054568 4642348.46871109 2768902.72980781 54566.9603288123 423653.094235478 1706816619.30702 1927546816.42897 1023005082.48164 1406860711.22119 290541148.140142 191213790.234997 0 0
51 33346.9057645229 810142.252175086 1.35979463296466 23625694.8871002 27668141.9032336 14354956.3839958 19918393.4104609 4318815.23365705 2575933.14474488 54566.9603288123 423653.094235478 1708586479.11433 1929619506.03794 1024080448.11474 1408352847.81618 290864681.375196 191406759.82006 0 0
52 33346.9057645229 810142.252175093 1.35987491528094 21979177.8557832 25739899.4923217 13354533.7389472 18530244.8652638 4017829.2575277 2396411.74591938 54566.9603288123 423653.094235478 1710232996.14564 1931547748.44885 1025080870.75979 1409740996.36138 291165667.351326 191586281.218886 0 0
53 33346.9057645229 810142.252175097 1.35994803138474 20447403.6670331 23946032.8644585 12423828.7681638 17238833.9225037 3737818.45858572 2229400.87398857 54566.9603288123 423653.094235478 1711764770.33439 1933341615.07672 1026011575.73057 1411032407.30414 291445678.150268 191753292.090816 0 0
54 33346.9057645229 810142.252175097 1.36001462007077 19022377.6682584 22277179.4513289 11557983.9260872 16037420.43607 3477321.40140811 2074028.86398385 54566.9603288123 423653.094235478 1713189796.33317 1935010468.48985 1026877420.57265 1412233820.79057 291706175.207445 191908664.100821 0 0
55 33346.9057645229 810142.252175097 1.36007526245624 17696670.6347764 20724638.8594108 10752485.2207779 14919740.9618325 3234980.0117081 1929485.70010712 54566.9603288123 423653.094235478 1714515503.36665 1936563009.08177 1027682919.27796 1413351500.26481 291948516.597145 192053207.264698 0 0
56 33346.9057645229 810142.252175097 1.36013048973253 16463354.459869 19280297.5563525 10003123.139236 13879954.5390973 3009527.82037323 1795016.00395319 54566.9603288123 423653.094235478 1715748819.54156 1938007350.38482 1028432281.3595 1414391286.68755 292173968.78848 192187676.960852 0 0
57 33346.9057645229 810142.252175099 1.3601807850213 15315990.5584449 17936615.2904573 9305985.60147378 12912632.9139457 2799787.84363612 1669917.77014946 54566.9603288123 423653.094235478 1716896183.44298 1939351032.65072 1029129418.89726 1415358608.3127 292383708.765217 192312775.194656 0 0
58 33346.9057645229 810142.252175098 1.36022658895358 14248584.3877949 16686571.8297649 8657430.32735756 12012722.1965103 2604664.26939492 1553537.4077084 54566.9603288123 423653.094235478 1717963589.61363 1940601076.11141 1029777974.17138 1416258519.03013 292578832.339459 192429155.557097 0 0
59 33346.9057645229 810142.252175089 1.36026830280396 13255559.6334678 15523636.7310328 8054069.15196306 11175521.0975571 2423137.73834979 1445266.92548779 54566.9603288123 423653.094235478 1718956614.36796 1941764011.21014 1030381335.34678 1417095720.12909 292760358.870504 192537426.039317 0 0
60 33346.9057645229 810142.252175065 1.36030628937782 12331751.7117653 14441761.7304819 7492764.07769535 10396675.450557 2254264.15624827 1344543.22376121 54566.9603288123 423653.094235478 1719880422.28966 1942845886.2107 1030942640.42104 1417874565.77608 292929232.452605 192638149.741044 0 0
61 33346.9057645229 810142.252175022 1.3603408800709 11472346.7431196 13435309.2752859 6970590.19455453 9672126.76125113 2097163.53812026 1250841.4404244 54566.9603288123 423653.094235478 1720739827.25831 1943852338.66589 1031464814.30418 1418599114.46539 293086333.070733 192731851.524381 0 0
62 33346.9057645229 810142.252174961 1.3603723800699 10672840.9637847 12499004.9904468 6484811.01870595 8998077.98838623 1951012.58866929 1163670.52561129 54566.9603288123 423653.094235478 1721539333.03764 1944788642.95073 1031950593.48003 1419273163.23826 293232484.020184 192819022.439194 0 0
63 33346.9057645229 810142.252175011 1.36040106921244 9929031.05033497 11627926.3477782 6032872.61365255 8370985.38647586 1815042.93357543 1082572.1867645 54566.9603288123 423653.094235478 1722283142.95109 1945659721.5934 1032402531.88509 1419900255.84017 293368453.675278 192900120.77804 0 0
64 33346.9057645229 810142.25217506 1.36042719546503 9237057.79287814 10817553.8117724 5612430.12604945 7787595.32589106 1688549.10302911 1007125.65036935 54566.9603288123 423653.094235478 1722975116.20855 1946470094.1294 1032822974.37269 1420483645.90075 293494947.505824 192975567.314436 0 0
65 33346.9057645229 810142.252175072 1.36045098756903 8593309.59449713 10063657.8274269 5221289.15202964 7244862.93499621 1570870.8912731 936937.140401555 54566.9603288123 423653.094235478 1723618864.40693 1947223990.11375 1033214115.34671 1421026378.29165 293612625.71758 193045755.824403 0 0
66 33346.9057645229 810142.252175143 1.36047265400326 7994425.44325658 9362302.30077235 4857407.5429931 6739954.60579347 1461393.89989006 871640.202367988 54566.9603288123 423653.094235478 1724217748.55817 1947925345.6404 1033577996.95574 1421531286.62085 293722102.708963 193111052.762437 0 0
67 33346.9057645229 810142.252175094 1.3604923846241 7437278.67192448 8709825.57982047 4518885.53802455 6270234.30203978 1359546.56905342 810893.932612953 54566.9603288123 423653.094235478 1724774895.3295 1948577822.36136 1033916518.96071 1422001006.9246 293823950.0398 193171799.032192 0 0
68 33346.9057645229 810142.252175121 1.3605103523408 6918960.52213658 8102821.20649372 4203955.77749077 5833249.70249285 1264797.17303006 754381.186302558 54566.9603288123 423653.094235478 1725293213.47929 1949184826.73468 1034231448.72125 1422437991.52415 293918699.435823 193228311.778502 0 0
69 33346.9057645229 810142.252175029 1.36052671461218 6436765.03536232 7538120.22237775 3910974.12280159 5426719.46275955 1176651.05822442 701806.930071626 54566.9603288123 423653.094235478 1725775408.96606 1949749527.7188 1034524430.37594 1422844521.76388 294006845.550629 193280886.034733 0 0
70 33346.9057645229 810142.25217462 1.36054161479707 5988175.1146988 7012774.84563476 3638411.18756531 5048521.46424811 1094648.09525192 652896.722327152 54566.9603288123 423653.094235478 1726223998.88673 1950274873.09554 1034796993.31117 1423222719.76239 294088848.513602 193329796.242478 0 0
71 33346.9057645229 810142.252175168 1.36055518359639 5570848.16532472 6524041.65448404 3384843.61273804 4696680.70789604 1018360.05399068 607395.147612627 54566.9603288123 423653.094235478 1726641325.8361 1950763606.28669 1035050560.886 1423574560.51875 294165136.554863 193375297.817192 0 0
72 33346.9057645229 810142.252179671 1.36056754001262 5182604.87764541 6069368.4511001 3148947.25127023 4369359.85744395 947388.553122362 565064.593623126 54566.9603288123 423653.094235478 1727029569.12378 1951218279.49008 1035286457.24747 1423901881.3692 294236108.055731 193417628.371182 0 0
