"Time" "IECs" "pheme_e" "BiomassCD" "pro_L_e" "leu_L_e" "ile_L_e" "val_L_e" "trp_L_e" "cys_L_e" "Drug" "Damage" "pro_L_v" "leu_L_v" "ile_L_v" "val_L_v" "trp_L_v" "cys_L_v" "CD" "pheme_c"
0 457000 1e+05 0.4963 224235600.199112 195370466.451958 120509812.093413 157438605.791629 18978882.6152 31300034.1459915 0 0 0 0 0 0 0 0 45700000 1000
1 395511.803481918 120867.10130614 0.59412377804986 233512803.694492 245449126.233492 135793921.32177 183948102.037066 33847518.926804 27934254.5346744 0 61488.1965180827 210776315.249266 205650749.537172 118675638.39104 158468689.285088 25221364.7305704 26977247.0742608 48532264.050119 707.167415883341
2 338885.283078037 175754.892069886 0.69781194731162 245908773.595913 274158166.675157 146823439.677972 201164596.193103 40886900.03756 27694546.259994 0 118114.716921963 400929556.5775 412451407.455246 230945517.235932 311554299.413081 55101952.1921535 48961539.1840314 52252902.470774 891.546360180185
3 286604.919184999 236821.209676567 0.803528815559573 261426589.758023 298115437.973567 157679794.612041 217005644.78835 45671012.3287699 28735422.9627896 0 170395.080815002 572273727.4923 605928169.587984 333837183.395211 452880783.058014 84403880.0245208 67996322.2161627 57057142.8663295 1058.92692232165
4 238376.091029182 295109.380488696 0.90713066692629 280147471.512918 322714552.763453 169706632.877982 234060064.697853 49987638.5670696 30482152.8492358 0 218623.908970819 725743059.772624 781912751.09814 426626329.829354 580729787.224928 111531403.352172 84769462.34155 63165459.3878397 1181.68748220232
5 194128.302289258 347218.382841759 1.00479455843071 302008493.723113 349789140.707762 183321883.364096 253176788.391731 54456497.1434271 32725688.0523643 0 262871.697710743 861599931.931349 938864716.523175 509017008.685801 694441865.99112 135910680.731107 99517078.0145524 70824623.8260117 1265.31677979023
6 153997.544565636 391300.307747327 1.09354971891061 326667843.738503 379734652.343349 198494342.162821 274436553.574534 59268368.9974324 35355798.1598561 0 303002.455434364 979630086.401595 1075823026.26013 580702233.221145 793497026.37598 157262146.05818 112297178.872931 80308685.6464408 1318.05371530022
7 118278.575175543 425948.416457109 1.17156489834681 353397558.607714 412111293.824557 214855436.688085 297407423.079702 64408503.2165611 38270000.8775425 0 338721.424824457 1079418804.54779 1192001578.47232 641355183.033933 877402023.345036 175408215.565964 123099060.401041 91917646.413415 1345.20421128061
8 87341.1420764708 450026.80180614 1.23815287752985 381018260.791128 445825505.789549 231721283.449777 321211631.921683 69730055.0491535 41339091.1201352 9737.47760380151 369658.85792353 1160716003.80702 1286956150.76637 690789723.252787 945875474.167375 190254470.421519 131909944.468492 105972275.773674 1349.32408238044
9 85954.7284067201 597365.750616254 1.25089649152576 320382585.102685 374837447.810523 194847166.646722 270081329.123376 58631626.1678042 34756524.3740115 6795.65157353097 371045.27159328 1226300533.53972 1363688463.27854 730676256.147585 1001163146.26998 202256789.026472 139024894.0638 601.080094637657 103.223635669459
10 85954.7107038516 663153.882991058 1.26260502289529 265951031.117886 311154258.138561 161743513.221065 224195731.152966 48670377.7062386 28851547.8320923 6696.29960691588 371045.289296149 1280732150.75304 1427371726.34174 763779948.061042 1047048797.3567 212218049.029748 144929877.40362 0.0888669130860178 4.05505025809233
11 85954.7107011652 690490.579063626 1.2733435125639 220767108.738658 258290504.278975 134263994.469045 186105852.457643 40401492.4185827 23949795.4595278 6692.40564490632 371045.289298835 1325916073.14187 1480235480.21246 791259466.818906 1085138676.06009 220486934.319156 149831629.777216 1.4458866341477e-05 0.161119755891295
12 85954.7107011648 701849.657360164 1.28317634435603 183259738.058558 214408072.052126 111453126.317925 154487278.324265 33537454.7418158 19880829.4747602 6692.25093041323 371045.289298836 1363423443.82197 1524117912.43931 814070334.970026 1116757250.19347 227350971.995923 153900595.761984 5.28036659699284e-08 0.00640526820173247
13 85954.7107011648 706569.637127316 1.29216651815772 152124706.371292 177981074.02152 92517725.3601623 128240562.286897 27839587.1842238 16503163.0968459 6692.24477976817 371045.289298836 1394558475.50924 1560544910.46992 833005735.927789 1143003966.23084 233048839.553515 157278262.139899 6.11368248335433e-08 0.000254623293672103
14 85954.7107011648 708530.862705558 1.30037507758078 126279389.77473 147742874.612574 76799371.913411 106453056.418281 23109764.1209159 13699348.4814759 6692.24453537193 371045.289298836 1420403792.1058 1590783109.87887 848724089.37454 1164791472.09946 237778662.616823 160082076.755269 6.71036682204116e-08 1.02271691757833e-05
15 85954.7107011648 709345.777774492 1.30786067549509 104825097.632066 122642034.328269 63751509.0409133 88367167.8504674 19183520.6406249 11371891.6810428 6692.24452552719 371045.289298836 1441858084.24846 1615883950.16317 861771952.247038 1182877360.66727 241704906.097114 162409533.555702 7.2835345171489e-08 3.8253496974163e-07
16 85954.7107011648 709684.551207365 1.31467926108916 87015745.227122 101805657.750993 52920390.1914775 73353949.9396222 15924319.4838983 9439854.115293 16429.7221289219 371045.289298836 1459667436.65341 1636720326.74045 872603071.096473 1197890578.57811 244964107.25384 164341571.121451 7.44164152290045e-08 0
17 85954.7107011648 709825.23024164 1.31943848569988 72232228.1108114 84509412.3419501 43929494.4385823 60891499.9353052 13218861.4194832 7836072.58673567 16429.7221289219 371045.289298836 1474450953.76972 1654016572.14949 881593966.849368 1210353028.58243 247669565.318255 165945352.650008 -6.55089746337824e-08 -3.32710573285356e-14
18 85954.7107011648 709883.714968624 1.32378626134912 59960241.7655432 70151578.1530885 36466037.0594498 50546261.0399662 10973026.1312372 6504753.05942682 16429.7221289219 371045.289298836 1486722940.11499 1668374406.33835 889057424.2285 1220698267.47777 249915400.606501 167276672.177317 -6.55089746337824e-08 -2.31892850141047e-13
19 85954.7107011648 709907.94962473 1.32775568790136 49773239.7128203 58233109.354353 30270605.1625631 41958656.1569668 9108753.46601706 5399621.87886984 16429.7221289219 371045.289298836 1496909942.16771 1680292875.13709 895252856.125387 1229285872.36076 251779673.271721 168381803.357874 -6.55089746337824e-08 -2.33175603957193e-13
20 85954.7107011648 709918.008974175 1.33137764136262 41316955.1948116 48339525.0928108 25127744.2344044 34830039.7256514 7561210.82347538 4482246.61535796 16429.7221289219 371045.289298836 1505366226.68572 1690186459.39863 900395717.053546 1236414488.79208 253327215.914263 169299178.621386 -6.55089746337824e-08 -2.33175603957195e-13
21 85954.7107011648 709922.13437459 1.33468083275031 34297438.7732058 40126913.863312 20858682.9625937 28912613.4616248 6276603.97642307 3720738.32962293 16429.7221289219 371045.289298836 1512385743.10733 1698399070.62813 904664778.325357 1242331915.05611 254611822.761315 170060686.907121 -6.55089746337824e-08 -2.33175603957197e-13
22 85954.7107011648 709923.966190871 1.33769189894302 28470444.6834791 33309515.8801379 17314878.3319846 24000479.0928317 5210234.72022237 3088600.1574551 16429.7221289219 371045.289298836 1518212737.19705 1705216468.6113 908208582.955966 1247244049.4249 255678192.017516 170692825.079289 -6.55089746337824e-08 -2.33175603957199e-13
23 85954.7107011648 709924.721058608 1.34043549700117 23633433.2919855 27650366.2058492 14373151.7567501 19922896.4605977 4325037.28216846 2563859.70076499 16429.7221289219 371045.289298836 1523049748.58855 1710875618.28559 911150309.5312 1251321632.05714 256563389.45557 171217565.535979 -6.55089746337824e-08 -2.331756039572e-13
24 85954.7107011648 709925.017562098 1.34293440853832 19618209.9133311 22952682.4014512 11931212.2278784 16538078.0700243 3590231.18800677 2128270.45383181 26167.1997327234 371045.289298836 1527064971.9672 1715573302.08999 913592249.060072 1254706450.44771 257298195.549732 171653154.782912 0 0
25 85954.7107011648 709925.150720993 1.34475873774501 16285193.5812546 19053159.1703833 9904170.74995197 13728357.6851338 2980272.41814849 1766690.05414014 26167.1997327234 371045.289298836 1530397988.29928 1719472825.32106 915619290.537998 1257516170.8326 257908154.31959 172014735.182604 0 0
26 85954.7107011648 709925.206102158 1.34642210930334 13518410.0109844 15816110.2835319 8221495.20965874 11395969.4147394 2473937.09457247 1466537.09672113 26167.1997327234 371045.289298836 1533164771.86955 1722709874.20791 917301966.078292 1259848559.10299 258414489.643166 172314888.140023 0 0
27 85954.7107011648 709925.229085751 1.3479383672559 11221685.9472694 13129016.0873178 6824695.89136626 9459839.56197377 2053625.02735414 1217378.28014186 26167.1997327234 371045.289298836 1535461495.93326 1725396968.40412 918698765.396584 1261784688.95576 258834801.710385 172564046.956602 0 0
28 85954.7107011648 709925.238646791 1.34932023015205 9315162.9525777 10898444.7466327 5665205.26671251 7852647.76069317 1704721.72035349 1010550.20678151 26167.1997327234 371045.289298836 1537368018.92795 1727627539.74481 919858256.021238 1263391880.75704 259183705.017385 172770875.029962 0 0
29 85954.7107011648 709925.242439605 1.35057936728139 7732560.31337809 9046849.93213518 4702713.37555072 6518519.61564135 1415097.46928381 838862.450760712 26167.1997327234 371045.289298836 1538950621.56715 1729479134.55931 920820747.9124 1264726008.90209 259473329.268455 172942562.785983 0 0
30 85954.7107011648 709925.244131322 1.35172647629503 6418848.48449706 7509848.82405518 3903752.88395139 5411065.42468658 1174681.59031531 696345.162862954 26167.1997327234 371045.289298836 1540264333.39603 1731016135.66739 921619708.403999 1265833463.09305 259713745.147424 173085080.073881 0 0
31 85954.7107011648 709925.244897358 1.35277135824364 5328314.0722298 6233958.20390158 3240522.26443785 4491748.96677324 975108.302241966 578039.151317116 26167.1997327234 371045.289298836 1541354867.8083 1732292026.28754 922282939.023512 1266752779.55096 259913318.435497 173203386.085427 0 0
32 85954.7107011648 709925.245215569 1.3537229841876 4423056.71950422 5174835.85785259 2689971.64621468 3728620.38169954 809441.64889867 479832.817231014 35904.6773365249 371045.289298836 1542260125.16103 1733351148.63359 922833489.641735 1267515908.13603 260078985.08884 173301592.419513 0 0
33 85954.7107011648 709925.245347612 1.35442839263674 3671605.9482802 4295662.32630065 2232961.61982159 3095150.17339894 671922.374356352 398312.103518065 35904.6773365249 371045.289298836 1543011575.93225 1734230322.16514 923290499.668128 1268149378.34433 260216504.363382 173383113.133226 0 0
34 85954.7107011648 709925.245402528 1.35507109991668 3047816.06480948 3565847.9781112 1853591.15135518 2569297.61917991 557765.685020601 330640.609316762 35904.6773365249 371045.289298836 1543635365.81573 1734960136.51333 923669870.136595 1268675230.89855 260330661.052718 173450784.627427 0 0
35 85954.7107011648 709925.245425319 1.35565662518236 2530004.24407833 2960024.59680039 1538673.39104264 2132784.1781134 463003.514745101 274466.085566861 35904.6773365249 371045.289298836 1544153177.63646 1735565959.89464 923984787.896907 1269111744.33962 260425423.222994 173506959.151177 0 0
36 85954.7107011648 709925.2454348 1.35619001260116 2100165.86816368 2457127.35133763 1277258.46534958 1770432.02418226 384340.927800189 227835.311432848 35904.6773365249 371045.289298836 1544583016.01237 1736068857.14011 924246202.8226 1269474096.49355 260504085.809938 173553589.925311 0 0
37 85954.7107011648 709925.245438561 1.3566758687903 1743357.50356396 2039672.89922305 1060258.22213022 1469643.89846351 319043.200617797 189127.156947173 35904.6773365249 371045.289298836 1544939824.37697 1736486311.59222 924463203.06582 1269774884.61927 260569383.537121 173592298.079797 0 0
38 85954.7107011648 709925.245440238 1.3571183994474 1447172.3753186 1693145.70786961 880127.229575416 1219960.9357599 264839.830914444 156995.680115506 35904.6773365249 371045.289298836 1545236009.50522 1736832838.78357 924643334.058374 1270024567.58197 260623586.906824 173624429.556628 0 0
39 85954.7107011648 709925.245440998 1.35752144381541 1201304.08919505 1405487.62342083 730597.445012791 1012694.8840244 219844.696654886 130322.797563901 35904.6773365249 371045.289298836 1545481877.79134 1737120496.86802 924792863.842937 1270231833.6337 260668582.041084 173651102.43918 0 0
40 85954.7107011648 709925.245441314 1.35788850451821 997207.756869312 1166701.39797676 606472.121312626 840642.43414644 182494.04025398 108181.521894853 45642.1549403264 371045.289298836 1545685974.12367 1737359283.09347 924916989.166637 1270403886.08358 260705932.697485 173673243.714849 0 0
41 85954.7107011648 709925.245441445 1.35816213550623 827788.155700137 968485.846435833 503436.154930272 697822.339800103 151489.400245316 89802.1318760263 45642.1549403264 371045.289298836 1545855393.72484 1737557498.64501 925020025.133019 1270546706.17793 260736937.337494 173691623.104868 0 0
42 85954.7107011648 709925.245441499 1.35841137572009 687150.547998838 803944.312956048 417904.541591531 579265.359014356 125752.009953006 74545.1402090714 45642.1549403264 371045.289298836 1545996031.33254 1737722040.17849 925105556.746358 1270665263.15871 260762674.727786 173706880.096535 0 0
43 85954.7107011648 709925.245441522 1.3586383906834 570406.404358519 667357.373421632 346904.222995284 480850.479661387 104387.243882795 61880.2175344114 45642.1549403264 371045.289298836 1546112775.47618 1737858627.11803 925176557.064954 1270763678.03806 260784039.493856 173719545.01921 0 0
44 85954.7107011648 709925.245441531 1.35884515574111 473496.463238762 553975.820777849 287966.476911462 399155.759343865 86652.2367351944 51366.9971499355 45642.1549403264 371045.289298836 1546209685.4173 1737972008.67067 925235494.811038 1270845372.75838 260801774.501004 173730058.239594 0 0
45 85954.7107011648 709925.245441535 1.35903347178101 393051.627148627 459857.917983926 239042.318373629 331341.061394033 71930.4267066128 42639.9844117531 45642.1549403264 371045.289298836 1546290130.25339 1738066126.57346 925284418.969576 1270913187.45633 260816496.311032 173738785.252332 0 0
46 85954.7107011648 709925.245441537 1.35920498043594 326274.70606589 381731.041570126 198430.579541076 275048.365015465 59709.9139396761 35395.7277356293 45642.1549403264 371045.289298836 1546356907.17447 1738144253.44988 925325030.708408 1270969480.15271 260828716.823799 173746029.509008 0 0
47 85954.7107011648 709925.245441538 1.35936117826767 270842.053982348 316876.59952039 164718.087968975 228318.845256216 49565.4595157777 29382.147692999 45642.1549403264 371045.289298836 1546412339.82656 1738209107.89193 925358743.19998 1271016209.67247 260838861.278223 173752043.089051 0 0
48 85954.7107011648 709925.245441538 1.35950342894605 224827.16869641 263040.645456626 136733.202272806 189528.467917815 41144.5038324627 24390.2487774932 55379.6325441279 371045.289298836 1546458354.71184 1738262943.84599 925386728.085677 1271055000.04981 260847282.233907 173757034.987966 0 0
49 85954.7107011648 709925.245441538 1.3596097007501 186630.385667409 218351.622681615 113503.054020006 157328.721735665 34154.30022479 20246.4922823195 55379.6325441279 371045.289298836 1546496551.49487 1738307632.86877 925409958.23393 1271087199.79599 260854272.437515 173761178.744461 0 0
50 85954.7107011648 709925.245441538 1.35970648945311 154922.694782848 181254.631581414 94219.3787575353 130599.25612256 28351.6331508653 16806.7012938977 55379.6325441279 371045.289298836 1546528259.18575 1738344729.85986 925429241.909192 1271113929.26161 260860075.104589 173764618.53545 0 0
51 85954.7107011648 709925.245441538 1.35979463978502 128601.945438791 150460.19096062 78211.8812433337 108410.962214166 23534.8035010547 13951.3096246708 55379.6325441279 371045.289298836 1546554579.9351 1738375524.30049 925445249.406707 1271136117.55551 260864891.934238 173767473.927119 0 0
52 85954.7107011648 709925.245441538 1.35987492172478 106752.949948881 124897.560298285 64923.9715253869 89992.340191053 19536.327320963 11581.0336539014 55379.6325441279 371045.289298836 1546576428.93059 1738401086.93115 925458537.316425 1271154536.17754 260868890.410419 173769844.20309 0 0
53 85954.7107011648 709925.245441538 1.35994803678434 88616.1226689492 103678.048519926 53893.6921893404 74703.0621772505 16217.1966133414 9613.47016076637 55379.6325441279 371045.289298836 1546594565.75787 1738422306.44293 925469567.595761 1271169825.45555 260872209.541126 173771811.766583 0 0
54 85954.7107011648 709925.245441538 1.36001462406666 73560.8184392384 86063.8208218645 44737.5035914249 62011.4966460992 13462.0001387789 7980.20396027734 55379.6325441279 371045.289298836 1546609621.0621 1738439920.67062 925478723.784359 1271182517.02108 260874964.737601 173773445.032783 0 0
55 85954.7107011648 709925.245441538 1.36007526589401 61063.1556424736 71441.9523536488 37136.7965014608 51476.0133405973 11174.8649236721 6624.40205022473 55379.6325441279 371045.289298836 1546622118.72489 1738454542.53909 925486324.491449 1271193052.50439 260877251.872816 173774800.834693 0 0
56 85954.7107011648 709925.245441538 1.36013049263012 50688.7914667923 59304.2758228457 30827.4165296806 42730.4628840446 9276.30404661873 5498.94499527752 55379.6325441279 371045.289298836 1546632493.08907 1738466680.21563 925492633.871421 1271201798.05484 260879150.433693 173775926.291748 0 0
57 85954.7107011648 709925.245441538 1.36018078743351 42076.9935972649 49228.7458801042 25589.9770028917 35470.7492751728 7700.30167776968 4564.69895340841 55379.6325441279 371045.289298836 1546641104.88694 1738476755.74557 925497871.310947 1271209057.76845 260880726.436062 173776860.53779 0 0
58 85954.7107011648 709925.245441538 1.36022659043348 34928.2885140329 40864.9880203433 21242.3470264892 29444.4174493658 6392.0526552 3789.17570847355 55379.6325441279 371045.289298836 1546648253.59202 1738485119.50343 925502218.940924 1271215084.10028 260882034.685084 173777636.061035 0 0
59 85954.7107011648 709925.245441538 1.36026830252773 28994.1158589778 33922.194520397 17633.3595777301 24441.931948198 5306.069181921 3145.41033000707 55379.6325441279 371045.289298836 1546654187.76468 1738492062.29693 925505827.928372 1271220086.58578 260883120.668558 173778279.826414 0 0
60 85954.7107011648 709925.245441538 1.36030628887658 24068.1417369086 28158.9612773481 14637.5285136784 20289.3540646093 4404.59111626174 2611.01880159264 55379.6325441279 371045.289298836 1546659113.7388 1738497825.53017 925508823.759436 1271224239.16366 260884022.146623 173778814.217942 0 0
61 85954.7107011648 709925.245441538 1.36034088208365 19979.0671816418 23374.8739422892 12150.6748940037 16842.2794065286 3656.2698849537 2167.41785135631 55379.6325441279 371045.289298836 1546663202.81335 1738502609.61751 925511310.613056 1271227686.23832 260884770.467854 173779257.818892 0 0
62 85954.7107011648 709925.245441538 1.36037238509136 16584.7094452831 19403.583216798 10086.3273970225 13980.848445728 3035.08532926974 1799.18286396743 55379.6325441279 371045.289298836 1546666597.17109 1738506580.90823 925513374.960553 1271230547.66928 260885391.65241 173779626.05388 0 0
63 85954.7107011648 709925.245441538 1.36040107382174 13767.0383311599 16106.9975201456 8372.70356490515 11605.5621649264 2519.43732895976 1493.50940001246 55379.6325441279 371045.289298836 1546669414.84221 1738509877.49393 925515088.584385 1271232922.95556 260885907.300411 173779931.727344 0 0
64 85954.7107011648 709925.245441538 1.36042719958292 11428.0751587787 13370.4849085705 6950.21567604282 9633.82490048478 2091.39529218983 1239.76829751783 55379.6325441279 371045.289298836 1546671753.80538 1738512614.00654 925516511.072274 1271234894.69283 260886335.342447 173780185.468446 0 0
65 85954.7107011648 709925.245441538 1.3604509912542 9486.49371353978 11098.8962944209 5769.40354368234 7997.07895564443 1736.07611222657 1029.13692789414 55379.6325441279 371045.289298836 1546673695.38682 1738514885.59515 925517691.884406 1271236531.43877 260886690.661627 173780396.099816 0 0
66 85954.7107011648 709925.245441538 1.36047265729636 7874.77840797691 9213.24058507894 4789.20619404937 6638.40894100975 1441.12409663581 854.290900658643 55379.6325441279 371045.289298836 1546675307.10213 1738516771.25086 925518672.081756 1271237890.10879 260886985.613643 173780570.945843 0 0
67 85954.7107011648 709925.245441538 1.36049238756024 6536.88651299362 7647.94956776955 3975.54010486369 5510.57104416622 1196.28314382867 709.150451907552 55379.6325441279 371045.289298836 1546676644.99402 1738518336.54188 925519485.747845 1271239017.94668 260887230.454596 173780716.086292 0 0
68 85954.7107011648 709925.245441538 1.36051035495157 5426.29732565032 6348.59549784215 3300.11276716477 4574.34848537264 993.039730944519 588.668809382069 55379.6325441279 371045.289298836 1546677755.58321 1738519635.89595 925520161.175183 1271239954.16924 260887433.698009 173780836.567934 0 0
69 85954.7107011648 709925.245441538 1.36052671693989 4504.39235900041 5269.99597233412 2739.43756490991 3797.18602361109 824.326480435577 488.656468275018 55379.6325441279 371045.289298836 1546678677.48818 1738520714.49548 925520721.850385 1271240731.3317 260887602.411259 173780936.580275 0 0
70 85954.7107011648 709925.245441538 1.36054161693594 3739.11517814812 4374.64598073043 2274.0187270935 3152.06020336268 684.276903318006 405.635804300327 55379.6325441279 371045.289298836 1546679442.76536 1738521609.84547 925521187.269223 1271241376.45753 260887742.460836 173781019.600939 0 0
71 85954.7107011648 709925.245441538 1.3605551855457 3103.85540417251 3631.41222500576 1887.67261210028 2616.53857406176 568.021166271195 336.720005487233 55379.6325441279 371045.289298836 1546680078.02513 1738522353.07922 925521573.615338 1271241911.97915 260887858.716573 173781088.516738 0 0
72 85954.7107011648 709925.245441538 1.36056754171067 2576.52353016739 3014.4506837809 1566.96503831677 2171.99976345485 471.516778314947 279.512704119425 55379.6325441279 371045.289298836 1546680605.35701 1738522970.04076 925521894.322912 1271242356.51796 260887955.220961 173781145.724039 0 0
