"Time" "IECs" "pheme_e" "BiomassCD" "pro_L_e" "leu_L_e" "ile_L_e" "val_L_e" "trp_L_e" "cys_L_e" "Drug" "Damage" "pro_L_v" "leu_L_v" "ile_L_v" "val_L_v" "trp_L_v" "cys_L_v" "CD" "pheme_c"
0 457000 1e+05 0.4963 224235600.199112 195370466.451958 120509812.093413 157438605.791629 18978882.6152 31300034.1459915 0 0 0 0 0 0 0 0 45700000 1000
1 382622.822769831 127626.250285041 0.59412377803652 266180012.701283 283009522.741661 155585348.142893 211217700.180082 39667658.6896134 31479745.0159982 0 74377.1772301691 224268080.483383 221695623.810571 126981586.510218 169985272.65611 27804801.9911189 28381125.1863782 48532264.0505124 745.443814212872
2 316430.409447419 194018.614095946 0.697811974842694 291913912.126189 326987035.160707 174669916.167807 239531545.170466 49053835.9709004 32702995.9822163 0 140569.590552581 435300036.903033 453012358.399435 252024543.416876 340741786.427453 61575456.2220791 52575760.9359661 52252901.1891411 983.620411318121
3 257528.309661426 265616.314924731 0.803528869582161 314510457.104224 359183765.971835 189823838.458119 261321441.204197 55121047.3241825 34514282.378299 0 199471.690338573 623200835.311941 665789460.598251 365005967.521928 496011740.454325 93911502.0406779 73382880.8577047 57057139.6995524 1187.52749327044
4 205332.264309284 331725.864097183 0.907130600233085 337914823.186555 389357933.504229 204710511.424278 282363398.700306 60317807.9912662 36768590.1564782 0 251667.735690715 786075154.766694 852698645.685415 463511414.575371 631759871.444669 122745299.711132 91171854.494748 63165465.0200571 1328.34298721651
5 159528.388806376 388417.831292956 1.00479450809556 363175746.875515 420584550.939501 220408358.308485 304414707.000325 65446614.523912 39384928.5865579 0 297471.611193624 923939310.881097 1011970346.46674 547111324.165576 747148103.39238 147478906.916522 106144204.257785 70824629.4263633 1415.56801531766
6 120006.164596796 433778.235541473 1.09355007594249 390081906.894285 453408576.73187 236959780.454865 327661946.769215 70717382.3669021 42271732.8682023 0 336993.835403203 1037324145.51374 1143519251.16201 615958084.294879 842289186.706755 167974333.654128 118433934.072619 80308701.581191 1461.27737256778
7 86759.8431708981 466624.311414035 1.17156394436158 417640200.673594 487101809.277617 253833508.204095 351456380.701441 76069131.8678999 45301004.6980601 0 370240.156829101 1127149882.70216 1248097469.42657 670538780.760437 917808072.050504 184296141.683653 128171249.670306 91917635.9589158 1473.80716780515
8 59763.8618567771 486324.223606201 1.23815225492578 444291332.472481 520153094.725604 270114474.092578 374609046.256332 81289544.363718 48304950.2515611 9737.47760380151 397236.138143222 1194958791.1338 1327322470.26402 711758240.245523 974922538.653762 196673120.158868 135533760.941428 105972256.402109 1458.28363584026
9 57714.738695438 637440.307552164 1.25089593410444 398409426.636649 466371284.224369 242224659.120527 335902953.5174 72888248.4222474 43310059.3344996 5237.33497421243 399285.261304562 1248144173.34937 1389581476.01648 744093766.468884 1019764004.49142 206403394.745459 141315515.152443 221538.516955932 577.727517930947
10 57698.7986287482 710361.388292445 1.26260452593951 351646012.94746 411630314.996142 213793512.692727 296476095.24004 64332919.4693473 38226475.8729638 4576.70750381002 399301.201371251 1294964431.66745 1444388425.52849 772559514.860622 1059238615.88489 214969067.4765 146405219.599588 15592.8357950187 111.116849331566
11 57697.4856034521 741062.469228182 1.27334307148616 310333587.782215 363270712.169367 188676414.642631 261645183.877556 56774891.4809282 33735510.5007104 4464.82024120399 399302.514396548 1336281541.7467 1492753466.21896 797679464.668674 1094073462.88168 222527947.961456 150896689.173555 1550.43748720827 18.9024748651036
12 57697.3516602352 753949.133412863 1.28317595473861 273871613.580121 320589000.609897 166508287.394055 230903747.128635 50104247.877059 29771829.1045836 4446.73105198474 399302.648339765 1372743994.08401 1535435732.76073 819847882.963176 1124815301.29613 229198678.570046 154860422.003877 162.919588462693 2.92682703262036
13 57697.3375233319 759354.891108377 1.29216617578353 241693346.453894 282921721.077595 146944565.2866 203773945.696851 44217300.107103 26273818.221885 4444.00324636998 399302.662476668 1404922311.69543 1573103070.89253 839411635.80148 1151945145.13891 235085635.526648 158358438.315147 17.2863616526908 0.425768094327285
14 57697.3360218651 761622.16954584 1.30037477861145 213295798.703592 249680081.564036 129679442.478189 179831704.664067 39022027.2095532 23186798.988879 4443.61270231544 399302.663978135 1433319864.80969 1606344716.63221 856676761.87499 1175887390.6778 240280909.400266 161445458.124716 1.83862434638817 0.059450580130516
15 57697.3358620931 762573.071736985 1.30786041656128 188234792.333632 220344135.175674 114442867.94803 158702533.232471 34437167.6927648 20462485.9886621 4443.55874009256 399302.664137906 1458380871.75062 1635680663.68332 871913336.752705 1197016562.58905 244865769.020953 164169771.186285 0.195809873706535 0.00807241064271157
16 57697.3358450718 762971.87842031 1.31467903780341 166118306.962534 194454990.12492 100996501.400101 140055915.297976 30391002.2306462 18058263.7594582 14181.0290704232 399302.664154928 1480497357.18257 1661569808.80469 885359703.337672 1215663180.57466 248911934.494143 166573993.422025 0.0208748741125822 0.00107449846491429
17 57697.3358449873 763139.141296867 1.3194382990179 146600360.436785 171607646.15494 89129992.8277574 123600150.034274 26820234.10014 15936521.5334143 14181.027996324 399302.664155013 1500015303.70839 1684417152.77502 897226211.910199 1232118945.83857 252482702.624704 168695735.648101 -4.01496396254976e-08 1.27589478725026e-06
18 57697.3358449873 763209.273487886 1.32378609096684 129375707.615068 151444788.998491 78657759.486133 109077882.376068 23669019.3309833 14064076.9515523 14181.0279949417 399302.664155013 1517239956.53011 1704580009.93147 907698445.251824 1246641213.49678 255633917.393861 170568180.229963 -4.01496396254976e-08 -1.06484736995294e-07
19 57697.3358449873 763238.705851945 1.32775553503141 114174832.317046 133650928.044696 69415941.1014331 96261880.6835073 20888050.4929443 12411631.6520188 14181.0279949417 399302.664155013 1532440831.82813 1722373870.88526 916940263.636524 1259457215.18934 258414886.2319 172220625.529497 -4.01496396254976e-08 -1.06485736995294e-07
20 57697.3358449873 763251.106694495 1.33137750771322 100759910.96936 117947671.45671 61259945.8505222 84951633.6532005 18433818.252942 10953332.4889779 14181.0279949417 399302.664155013 1545855753.17582 1738077127.47325 925096258.887435 1270767462.21964 260869118.471902 173678924.692538 -4.01496396254976e-08 -1.06486736995295e-07
21 57697.3358449873 763256.069425924 1.33468071565489 88921190.8845923 104089486.652927 54062248.4294429 74970296.8111129 16267948.7886824 9666377.82531377 14181.0279949417 399302.664155013 1557694473.26058 1751935312.27703 932293956.308514 1280748799.06173 263034987.936162 174965879.356202 -4.01496396254976e-08 -1.06487736995295e-07
22 57697.3358449873 763258.27824208 1.33769179660867 78473452.4331973 91859558.9914632 47710239.1269783 66161709.7362665 14356556.5502965 8530632.9450825 14181.0279949417 399302.664155013 1568142211.71198 1764165239.9385 938645965.610979 1289557386.13658 264946380.174548 176101624.236433 -4.01496396254976e-08 -1.06488736995296e-07
23 57697.3358449873 763259.214012915 1.34043540798744 69253269.588845 81066585.015661 42104558.2927754 58388086.4006214 12669743.0827521 7528332.25493927 14181.0279949417 399302.664155013 1577362394.55633 1774958213.9143 944251646.445182 1297331009.47222 266633193.642092 177103924.926576 -4.01496396254976e-08 -1.06489736995296e-07
24 57697.3358449873 763259.501710477 1.34293433031666 61116439.6192087 71541763.6980874 37157533.6424022 51527848.117073 11181126.7930754 6643799.87290085 23918.5055987432 399302.664155013 1585499224.52597 1784483035.23187 949198671.095555 1304191247.75577 268121809.931769 177988457.308615 0 0
25 57697.3358449873 763259.764862642 1.34475865855231 53935714.1735816 63136140.4940414 32791800.8054573 45473710.5979695 9867427.85750154 5863202.98112774 23918.5055987432 399302.664155013 1592679949.9716 1792888658.43592 953564403.9325 1310245385.27487 269435508.867343 178769054.200388 0 0
26 57697.3358449873 763259.875446785 1.34642203713626 47598597.599983 55718030.0926441 28938964.7478197 40130827.6954461 8708065.42812278 5174312.48703883 23918.5055987432 399302.664155013 1599017066.5452 1800306768.83731 957417239.990137 1315588268.1774 270594871.296722 179457944.694477 0 0
27 57697.3358449873 763259.922033904 1.34793830308631 42006032.2516569 49171477.4611602 25538800.4651405 35415682.9709033 7684917.11241919 4566360.10660074 23918.5055987432 399302.664155013 1604609631.89352 1806853321.4688 960817404.272817 1320303412.90194 271618019.612425 180065897.074915 0 0
28 57697.3358449873 763259.941120005 1.34932017378126 37070555.8684124 43394100.9099811 22538132.7087345 31254536.1657924 6781981.86996861 4029838.05832685 23918.5055987432 399302.664155013 1609545108.27677 1812630698.01998 963818072.029223 1324464559.70705 272520954.854876 180602419.123189 0 0
29 57697.3358449873 763259.949355949 1.3505793173356 32714978.5398801 38295543.3705024 19890031.6065532 27582307.7368274 5985137.96559859 3556355.23959573 23918.5055987432 399302.664155013 1613900685.6053 1817729255.55945 966466173.131404 1328136788.13601 273317798.759246 181075901.94192 0 0
30 57697.3358449873 763259.952686981 1.35172643418238 28871136.9343748 33796014.1186789 17553055.2600492 24341528.53456 5281915.05812175 3138501.80230093 23918.5055987432 399302.664155013 1617744527.2108 1822228784.81128 968803149.477908 1331377567.33828 274021021.666723 181493755.379215 0 0
31 57697.3358449873 763259.952528343 1.35277132286777 25478927.4099291 29825156.9528433 15490661.895645 21481524.6101497 4661317.30999009 2769744.04501361 23918.5055987432 399302.664155013 1621136736.73525 1826199641.97711 970865542.842312 1334237571.26269 274641619.414854 181862513.136502 0 0
32 57697.3358449873 763259.951128907 1.3537229484466 22485381.9735209 26320968.5288224 13670648.0670182 18957638.1478512 4113654.33593831 2444323.9630545 33655.9832025447 399302.664155013 1624130282.17166 1829703830.40113 972685556.670939 1336761457.72499 275189282.388906 182187933.218461 0 0
33 57697.3358449873 763259.953586299 1.35442835686296 19843518.1770029 23228452.0695747 12064449.4155688 16730257.8013988 3630330.79381202 2157134.22384706 33655.9832025447 399302.664155013 1626772145.96818 1832796346.86038 974291755.322389 1338988838.07144 275672605.931032 182475122.957668 0 0
34 57697.3358449873 763259.954618969 1.3550710673405 17512026.1404892 20499251.0006072 10646950.3870992 14764554.8204633 3203789.1261408 1903684.14409159 33655.9832025447 399302.664155013 1629103638.00469 1835525547.92935 975709254.350858 1340954541.05238 276099147.598704 182728573.037424 0 0
35 57697.3358449873 763259.955054013 1.35565659621419 15454462.3635154 18090705.2403639 9395994.0856417 13029803.345219 2827362.06954974 1680012.05119618 33655.9832025447 399302.664155013 1631161201.78167 1837934093.68959 976960210.652316 1342689292.52762 276475574.655294 182952245.130319 0 0
36 57697.3358449873 763259.955232248 1.35618998713126 13638648.5366456 15965147.4603127 8292016.7633265 11498873.5387252 2495162.66858088 1482619.92974189 33655.9832025447 399302.664155013 1632977015.60854 1840059651.46964 978064187.974631 1344220222.33412 276807774.056263 183149637.251774 0 0
37 57697.3358449873 763259.955309156 1.35667584622764 12036185.6942701 14089334.361276 7317752.43531164 10147821.9645555 2201995.39094775 1308420.60637101 33655.9832025447 399302.664155013 1634579478.45091 1841935464.56868 979038452.302646 1345571273.90829 277100941.333897 183323836.575144 0 0
38 57697.3358449873 763259.955340265 1.35711838042687 10621995.8265157 12433910.092888 6457954.18928765 8955505.11546586 1943272.26637827 1154687.9196801 33655.9832025447 399302.664155013 1635993668.31867 1843590888.83706 979898250.54867 1346763590.75738 277359664.458466 183477569.261835 0 0
39 57697.3358449873 763259.955338793 1.35752142779646 9373966.15012557 10972989.8437241 5699177.90951549 7903279.49480948 1714947.80670452 1019018.04988665 33655.9832025447 399302.664155013 1637241697.99506 1845051809.08623 980657026.828442 1347815816.37803 277587988.91814 183613239.131629 0 0
40 57697.3358449873 763259.955325723 1.3578884881928 8272609.20382659 9683761.95528204 5029575.621827 6974715.03972724 1513456.82101017 899292.568732477 43393.4608063462 399302.664155013 1638343054.94135 1846341036.97467 981326629.11613 1348744380.83311 277789479.903834 183732964.612783 0 0
41 57697.3358449873 763259.955348665 1.35816211938357 7300639.78405738 8545992.69083946 4438638.2792808 6155238.4316598 1335637.01689292 793632.449331533 43393.4608063462 399302.664155013 1639315024.36112 1847478806.23911 981917566.458676 1349563857.44118 277967299.707951 183838624.732184 0 0
42 57697.3358449873 763259.955358306 1.3584113610646 6442859.25456623 7541890.81042841 3917125.42478612 5432035.55667573 1178707.83514364 700385.489784842 43393.4608063462 399302.664155013 1640172804.89061 1848482908.11952 982439079.313171 1350287060.31616 278124228.889701 183931871.691731 0 0
43 57697.3358449873 763259.955362368 1.35863837764563 5685859.82487282 6655761.40472115 3456885.39851221 4793802.17984641 1040216.34809982 618094.166106321 43393.4608063462 399302.664155013 1640929804.3203 1849369037.52523 982899319.339445 1350925293.69299 278262720.376744 184014163.015409 0 0
44 57697.3358449873 763259.955364031 1.35884514426125 5017802.75140253 5873746.26141713 3050720.48875665 4230556.94452524 917996.681999793 545471.521078788 43393.4608063462 399302.664155013 1641597861.39377 1850151052.66853 983305484.2492 1351488538.92831 278384940.042844 184086785.660437 0 0
45 57697.3358449873 763259.955364749 1.35903346160977 4428239.75799484 5183614.8234226 2692278.35930092 3733490.81028971 810137.346232389 481381.751369134 43393.4608063462 399302.664155013 1642187424.38718 1850841184.10653 983663926.378656 1351985605.06255 278492799.378612 184150875.430146 0 0
46 57697.3358449873 763259.95536504 1.35920497182216 3907944.37991497 4574566.76329807 2375949.51005112 3294824.857483 714950.378071147 424821.873400204 43393.4608063462 399302.664155013 1642707719.76526 1851450232.16665 983980255.227906 1352424271.01535 278587986.346773 184207435.308115 0 0
47 57697.3358449873 763259.955365026 1.35936117097409 3448781.08726579 4037078.78156657 2096787.70677412 2907699.94392494 630947.399071976 374907.496117261 43393.4608063462 399302.664155013 1643166883.05791 1851987720.14839 984259417.031183 1352811395.92891 278671989.325772 184257349.685398 0 0
48 57697.3358449873 763259.955364903 1.35950342159643 3043580.24138606 3562758.23300698 1850433.95716902 2566071.27946921 556816.738603681 330859.227842338 53130.9384101477 399302.664155013 1643572083.90379 1852462040.69694 984505770.780788 1353153024.59337 278746119.98624 184301397.953673 0 0
49 57697.3358449873 763259.955365118 1.35960969357652 2685982.46170826 3144160.94540207 1633021.88912947 2264577.21022947 491394.961085033 291985.757823867 53130.9384101477 399302.664155013 1643929681.68347 1852880637.98454 984723182.848827 1353454518.66261 278811541.763759 184340271.423692 0 0
50 57697.3358449873 763259.955365208 1.35970648294432 2370395.94776069 2774741.26147068 1441151.803402 1998503.2363559 433659.058132935 257679.216829043 53130.9384101477 399302.664155013 1644245268.19742 1853250057.66848 984915052.934555 1353720592.63648 278869277.666711 184374577.964686 0 0
51 57697.3358449873 763259.955365246 1.35979463399216 2091887.86492329 2448724.8970603 1271824.63836769 1763690.43833891 382706.577810069 227403.369988393 53130.9384101477 399302.664155013 1644523776.28025 1853576074.03289 985084380.099589 1353955405.4345 278920230.147034 184404853.811527 0 0
52 57697.3358449873 763259.955365262 1.35987491661665 1846102.61362399 2161013.26859359 1122392.27940072 1556466.5689958 337740.672142658 200684.732065153 53130.9384101477 399302.664155013 1644769561.53155 1853863785.66135 985233812.458556 1354162629.30384 278965196.052701 184431572.44945 0 0
53 57697.3358449873 763259.955365268 1.35994803225731 1629196.16337458 1907106.62571617 990517.635317837 1373590.68987551 298058.083667522 177105.429089109 53130.9384101477 399302.664155013 1644986467.9818 1854117692.30423 985365687.102639 1354345505.18296 279004878.641176 184455151.752426 0 0
54 57697.3358449873 763259.955365271 1.36001462021303 1437774.00033707 1683031.41387575 874136.911779545 1212200.85426508 263037.793067111 156296.452807394 53130.9384101477 399302.664155013 1645177890.14484 1854341767.51607 985482067.826178 1354506895.01857 279039898.931777 184475960.728708 0 0
55 57697.3358449873 763259.955365271 1.36007526261371 1268842.97642512 1485283.90977889 771430.336537866 1069773.51071183 232132.21006175 137932.426332879 53130.9384101477 399302.664155013 1645346821.16875 1854539515.02017 985584774.40142 1354649322.36213 279070804.514782 184494324.755183 0 0
56 57697.3358449873 763259.955365269 1.36013048937137 1119765.30671308 1310776.37161647 680794.190810636 944084.717803892 204858.757330341 121726.603329179 53130.9384101477 399302.664155013 1645495898.83846 1854714022.55833 985675410.547147 1354775011.15504 279098077.967513 184510530.578186 0 0
57 57697.3358449873 763259.955365271 1.3601807845493 988199.736934016 1156768.17083477 600805.040334814 833160.541931563 180789.107225256 107424.472491349 53130.9384101477 399302.664155013 1645627464.40824 1854868030.75911 985755399.697623 1354885935.33091 279122147.617619 184524832.709024 0 0
58 57697.3358449873 763259.955365273 1.36022658791575 872092.056613844 1020854.68698732 530213.967547875 735269.058820967 159547.446169763 94802.7262548171 53130.9384101477 399302.664155013 1645743572.08856 1855003944.24296 985825990.770409 1354983826.81402 279143389.278674 184537454.455261 0 0
59 57697.3358449873 763259.955365273 1.36026830034072 769626.349263474 900910.2421196 467916.932710995 648879.252110125 140801.555981053 83663.961338002 53130.9384101477 399302.664155013 1645846037.79591 1855123888.68783 985888287.805246 1355070216.62073 279162135.168863 184548593.220177 0 0
60 57697.3358449873 763259.955365273 1.36030628698968 679199.765085508 795058.570170241 412939.436235493 572639.743979427 124258.198588866 73833.9363527179 53130.9384101477 399302.664155013 1645936464.38009 1855229740.35978 985943265.301722 1355146456.12886 279178678.526255 184558423.245163 0 0
61 57697.3358449873 763259.955365275 1.36034088046693 599397.86170257 701643.951287807 364421.526354707 505358.004686536 109658.60467252 65158.8911626482 53130.9384101477 399302.664155013 1646016266.28347 1855323154.97866 985991783.211603 1355213737.86815 279193278.120171 184567098.290353 0 0
62 57697.3358449873 763259.955365268 1.36037238373516 528972.097953476 619204.866488576 321604.115816669 445981.377373127 96774.3561972483 57503.1002958955 53130.9384101477 399302.664155013 1646086692.04722 1855405594.06346 986034600.622141 1355273114.49547 279206162.368647 184574754.081219 0 0
63 57697.3358449873 763259.955365226 1.36040107271007 466820.905043601 546451.839898412 283817.473534282 393581.118972794 85403.9234201436 50746.8152418577 53130.9384101477 399302.664155013 1646148843.24013 1855478347.09005 986072387.264423 1355325514.75387 279217532.801424 184581510.366274 0 0
64 57697.3358449873 763259.955365144 1.36042719869219 411972.066308654 482246.812833045 250470.511845435 347337.544423272 75369.4413042115 44784.3490038625 53130.9384101477 399302.664155013 1646203692.07887 1855542552.11711 986105734.226112 1355371758.32842 279227567.28354 184587472.832512 0 0
65 57697.3358449873 763259.955365085 1.36045099054786 363567.76255009 425585.638146795 221041.694385646 306527.418247335 66513.9735932792 39522.450418757 53130.9384101477 399302.664155013 1646252096.38263 1855599213.2918 986135163.043572 1355412568.45459 279236422.751251 184592734.731097 0 0
66 57697.3358449873 763259.955365178 1.3604726567571 320850.679466363 375581.817850839 195070.589693055 270512.241596716 58698.9711951459 34878.7939340104 53130.9384101477 399302.664155013 1646294813.46571 1855649217.1121 986161134.148264 1355448583.63124 279244237.753649 184597378.387581 0 0
67 57697.3358449873 763259.955365374 1.36049238717586 283152.576045124 331453.121486453 172150.921026865 238728.614155487 51802.1807924722 30780.7369091063 53130.9384101477 399302.664155013 1646332511.56913 1855693345.80846 986184053.816931 1355480367.25868 279251134.544051 184601476.444606 0 0
68 57697.3358449873 763259.955365374 1.36051035470675 249883.794461208 292509.306607359 151924.18860187 210679.38983586 45715.7257002161 27164.1792654356 53130.9384101477 399302.664155013 1646365780.35072 1855732289.62334 986204280.549356 1355508416.483 279257220.999143 184605093.00225 0 0
69 57697.3358449873 763259.955364995 1.36052671682231 220523.906513702 258141.169673501 134073.98281528 185925.790700843 40344.3946505524 23972.546686225 53130.9384101477 399302.664155013 1646395140.23866 1855766657.76027 986222130.755142 1355533170.08214 279262592.330193 184608284.634829 0 0
70 57697.3358449873 763259.955364747 1.36054161693537 194613.628808671 227811.082114825 118321.068844714 164080.590578347 35604.162692199 21155.9117383114 53130.9384101477 399302.664155013 1646421050.51637 1855796987.84783 986237883.669113 1355555015.28226 279267332.562152 184611101.269777 0 0
71 57697.3358449873 763259.955365501 1.36055518565386 171747.63200687 201044.572970835 104419.014819254 144802.052469947 31420.8756570911 18670.2121852601 53130.9384101477 399302.664155013 1646443916.51317 1855823754.35698 986251785.723138 1355574293.82037 279271515.849187 184613586.96933 0 0
72 57697.3358449873 763259.955367309 1.36056754191678 151568.273780802 177422.99280708 92150.3815867069 127788.644747714 27729.1036177781 16476.5697143817 53130.9384101477 399302.664155013 1646464095.8714 1855847375.93714 986264054.356371 1355591307.22809 279275207.621226 184615780.611801 0 0
