"Time" "IECs" "pheme_e" "BiomassCD" "pro_L_e" "leu_L_e" "ile_L_e" "val_L_e" "trp_L_e" "cys_L_e" "Drug" "Damage" "pro_L_v" "leu_L_v" "ile_L_v" "val_L_v" "trp_L_v" "cys_L_v" "CD" "pheme_c"
0 457000 1e+05 0.4963 224235600.199112 195370466.451958 120509812.093413 157438605.791629 18978882.6152 31300034.1459915 0 0 0 0 0 0 0 0 45700000 1000
1 369343.985442864 134671.516760677 0.594123777995526 300288703.404264 322222349.076933 176248781.439072 239688188.083255 45742880.2277448 35182318.2080699 0 87656.0145571359 237714111.114142 237709481.918153 135265133.060439 181473953.84687 30387342.0794696 29777625.5278618 48532264.0513316 785.364146170797
2 294127.240029992 212585.353172161 0.697811977762494 339578213.070688 381698932.028457 203514479.32353 279271227.109971 57507299.0598059 37895169.3306415 0 162872.759970008 467464419.150843 491059343.138765 271772574.267119 368098452.051275 67663516.2160217 55948004.6438332 52252901.0455417 1077.27504315928
3 229770.753498056 294050.289889093 0.803528761706091 369220662.789538 422077912.481187 222939181.382463 306972213.334469 64843629.7514286 40477273.5739188 0 227229.246501944 667769053.145596 718338990.172357 392322754.657151 533834628.075878 102286543.172753 78078791.2288193 57057145.7570934 1314.58347556182
4 175132.688039781 366667.309011901 0.907130625128879 397002759.368064 457460632.121274 240493066.085974 331737450.545212 70858241.3770589 43210791.3280519 0 281867.311960219 834885950.551636 910195984.773235 493408661.954118 673153867.916713 131894464.811577 96326290.6106638 63165462.6552667 1468.36107641064
5 129404.963463112 426183.975219 1.00479453590501 424991357.024876 492057652.644017 257858520.501838 356155165.078746 76520110.291899 46132681.5493197 0 327595.036536888 969578471.388361 1065780570.76486 575071232.270721 785872218.060072 156045064.350589 110963846.626837 70824627.1557408 1553.36522322603
6 91988.2740075038 470925.143471201 1.0935497008124 453060090.340606 526510281.69107 275123997.411405 380479496.238161 82050068.6840727 49165006.6142998 0 365011.725992496 1074038056.74544 1186943953.16368 638479344.296259 873503531.409857 174908113.624451 122299530.31281 80308688.3007512 1586.58456563557
7 62349.5827494197 500291.438029005 1.1715637140291 480006361.062881 559860766.399591 291629221.578844 403889546.831622 87350005.8398246 52159841.9618838 0 394650.41725058 1151279725.35843 1276860785.39753 685396706.036924 938430204.992471 188929089.650091 130685952.40833 91917619.9675887 1580.29737823559
8 39880.8929378121 514500.409539569 1.23815202801033 504106800.403518 590420104.100518 306359459.237092 425062783.571435 92179820.9223214 54932838.1463188 9737.47760380151 417119.107062188 1205096557.98385 1339748728.62308 718098053.326895 983756472.771819 198744309.13645 136540933.111553 105972234.001321 1542.89952349219
9 39007.5366486501 674212.238652441 1.25089573094775 466102861.228272 545853773.8158 283253215.817205 392990755.133901 85227899.5974052 50786333.0132409 7305.14782090097 417992.46335135 1246229732.74316 1387920108.09448 743094952.151512 1018437692.62603 206265609.659256 141022807.059669 48.839963964799 606.621292761088
10 39007.5358342684 746438.469371887 1.26260434482218 428334420.35894 501623094.886558 260301131.145323 361146607.965128 78321859.8468464 46671102.7128353 6852.3340734571 417992.464165732 1283998176.53043 1432150790.3869 766047038.587193 1050281842.22894 213171649.940749 145138037.672797 0.00253944360567436 153.81965072383
11 39007.5358342198 776916.318595242 1.27334291073542 393626364.047703 460976437.049088 239208858.639882 331882798.637448 71975417.9249312 42889330.3777815 6739.40938698229 417992.46416578 1318706232.84184 1472797448.22457 787139311.092739 1079545651.55676 219518091.862695 148919810.00787 2.95787334551911e-07 40.8949651715174
12 39007.5358342198 789777.28314186 1.28317581274498 361730711.119488 423623389.115487 219825698.79745 304990243.856991 66143229.9436947 39413996.0988827 6709.52005002996 417992.46416578 1350601885.77005 1510150496.15817 806522470.935172 1106438206.33722 225350279.843932 152395144.286768 4.61156340771323e-08 11.00562821938
13 39007.5358342198 795204.321525811 1.29216605100967 332419571.751912 389297068.966166 202013161.747206 280276800.213301 60783625.7643834 36220269.1158679 6701.48587573443 417992.46416578 1379913025.13763 1544476816.30749 824335007.985415 1131151649.98091 230709884.023243 155588871.269783 5.46780985974598e-08 2.97145392403704
14 39007.5358342198 797494.409590836 1.30037466960079 305483522.097799 357752220.013352 185643979.490789 257565893.729505 55858311.7910883 33285330.7118245 6699.31739749843 417992.46416578 1406849074.79174 1576021665.26031 840704190.241832 1153862556.4647 235635197.996538 158523809.673827 -2.24862747610558e-08 0.802975688158203
15 39007.5358342198 798460.775045195 1.30786032194302 280730107.982096 328763458.878251 170601196.590861 236695258.266796 51332097.3685435 30588211.1767678 6698.73146116323 417992.46416578 1431602488.90744 1605010426.39541 855746973.14176 1174733191.92741 240161412.419083 161220929.208884 -2.81314639422144e-08 0.217039352954183
16 39007.5358342198 798868.55948086 1.31467895629527 257982469.844669 302123665.059455 156777334.541449 217515776.15638 47172643.349991 28109639.9821003 16436.0506936643 417992.46416578 1454350127.04487 1631650220.2142 869570835.191172 1193912674.03783 244320866.437636 163699500.403551 0 0.0586680525368631
17 39007.5358342198 799040.635009858 1.31943822273273 237078083.31199 277642506.01452 144073626.406587 199890416.322953 43350231.8080356 25831908.5539375 16435.9943939822 417992.46416578 1475254513.57755 1656131379.25914 882274543.326035 1211538033.87126 248143277.979591 165977231.831714 0 0.00236837043569637
18 39007.5358342198 799113.247270414 1.32378602588723 217867580.781589 255145057.115712 132399300.690846 183693240.713423 39837550.558855 23738741.8735428 16435.992121171 417992.46416578 1494465016.10795 1678628828.15794 893948869.041775 1227735209.48079 251655959.228772 168070398.512109 0 9.55591820686412e-05
19 39007.5358342198 799143.88689281 1.32775547797298 200213711.550768 234470583.855155 121670949.403962 168808527.538077 36609503.0195228 21815185.1734761 16435.9920294771 417992.46416578 1512118885.33877 1699303301.4185 904677220.328659 1242619922.65613 254884006.768104 169993955.212175 0 3.86534077575714e-06
20 39007.5358342198 799156.807146982 1.33137745909807 183990322.528511 215471348.15499 111811908.633983 155129911.866292 33643021.8290145 20047492.8764771 16435.9920258336 417992.46416578 1528342274.36103 1718302537.11866 914536261.098638 1256298538.32792 257850487.958613 171761647.509174 0 2.21835223167754e-07
21 39007.5358342198 799162.269238145 1.33468064700599 169081641.071386 198011768.495402 102751822.722786 142559780.955586 30916937.7132255 18423050.453626 16435.9920254852 417992.46416578 1543250955.81815 1735762116.77825 923596347.009835 1268868669.23863 260576572.074402 173386089.932025 0 -1.26547612843866e-07
22 39007.5358342198 799164.573097329 1.33769172060513 155380969.639194 181966891.223851 94425851.0012946 131008173.661373 28411740.7999804 16930232.1946805 16435.9920254947 417992.46416578 1556951627.25034 1751806994.0498 931922318.731327 1280420276.53284 263081768.987647 174878908.190971 0 -1.17072837216061e-07
23 39007.5358342198 799165.558378642 1.34043531436995 142790512.972623 167222188.162565 86774562.764411 120392634.723237 26109549.0180997 15558382.3774404 16435.9920254947 417992.46416578 1569542083.91692 1766551697.11109 939573606.96821 1291035815.47097 265383960.769527 176250758.008211 0 -1.17072837216061e-07
24 39007.5358342198 799165.97238798 1.34293422509458 131220248.825982 153672234.121913 79743251.0092244 110637262.63262 23993901.6084779 14297692.2233547 26173.4696292962 417992.46416578 1581112348.06356 1780101651.15174 946604918.723397 1300791187.56159 267499608.179149 177511448.162297 0 0
25 39007.5358342198 799166.136393215 1.34475855127498 120587583.01228 141220302.923168 73281722.8040488 101672418.786946 22049696.0483427 13139162.3114072 26173.4696292962 417992.46416578 1591745013.87726 1792553582.35048 953066446.928573 1309756031.40726 269443813.739284 178669978.074245 0 0
26 39007.5358342198 799166.206044646 1.34642192949348 110816402.465626 129777258.438439 67343723.8293508 93433929.0870477 20263014.9017004 12074499.4002725 26173.4696292962 417992.46416578 1601516194.42392 1803996626.83521 959004445.903271 1317994521.10716 271230494.885926 179734640.985379 0 0
27 39007.5358342198 799166.235397601 1.34793820124665 101836942.281611 119261398.881457 61886857.5774752 85862971.8333736 18621101.5073872 11096101.9411031 26173.4696292962 417992.46416578 1610495654.60793 1814512486.39219 964461312.155146 1325565478.36084 272872408.28024 180713038.444549 0 0
28 39007.5358342198 799166.248128316 1.34932008281644 93585059.2222704 109597606.008123 56872143.8577015 78905465.1877287 17112227.1379059 10196980.918996 26173.4696292962 417992.46416578 1618747537.66727 1824176279.26553 969476025.87492 1332522985.00648 274381282.649721 181612159.466656 0 0
29 39007.5358342198 799166.253033015 1.35057924332037 86001797.9250041 100716837.103115 52263755.1790732 72511701.4259326 15725611.6798047 9370712.58733495 26173.4696292962 417992.46416578 1626330798.96454 1833057048.17054 974084414.553549 1338916748.76828 275767898.107822 182438427.798317 0 0
30 39007.5358342198 799166.253903319 1.35172636757016 79033042.9709553 92555717.5166327 48028805.310479 66636053.5821616 14451360.0136401 8611400.55733642 26173.4696292962 417992.46416578 1633299553.91859 1841218167.75702 978319364.422143 1344792396.61205 277042149.773987 183197739.828315 0 0
31 39007.5358342198 799166.255402614 1.35277126301345 72628968.3511959 85055895.9334031 44137014.7182929 61236511.2709378 13280361.3476977 7913615.81216235 26173.4696292962 417992.46416578 1639703628.53835 1848717989.34025 982211155.014329 1350191938.92327 278213148.439929 183895524.573489 0 0
32 39007.5358342198 799166.256701691 1.3537229019042 66743814.5818605 78163783.3518752 40560575.1180422 56274492.7636052 12204248.4630205 7272372.42149738 35910.9472330977 417992.46416578 1645588782.30768 1855610101.92178 985787594.614579 1355153957.4306 279289261.324606 184536767.964154 0 0
33 39007.5358342198 799166.256776684 1.35442830955909 61335623.6927019 71830242.7289114 37273988.4255272 51714621.5461326 11215349.2555024 6683098.66603541 35910.9472330977 417992.46416578 1650996973.19684 1861943642.54474 989074181.307094 1359713828.64807 280278160.532124 185126041.719616 0 0
34 39007.5358342198 799166.256808532 1.35507102019863 56365614.2477915 66009857.0655734 34253686.9535395 47524199.3730093 10306572.4570944 6141568.94004982 35910.9472330977 417992.46416578 1655966982.64175 1867764028.20808 992094482.779082 1363904250.8212 281186937.330532 185667571.445602 0 0
35 39007.5358342198 799166.256821955 1.35565655168724 51798304.921236 60661074.1268334 31478108.5094894 43673310.4590837 9471430.23188651 5643917.21614135 35910.9472330977 417992.46416578 1660534291.96831 1873112811.14682 994870061.223132 1367755139.73512 282022079.55574 186165223.16951 0 0
36 39007.5358342198 799166.256827775 1.35618994740352 47601070.1664713 55745686.0852042 28927426.373246 40134446.8458201 8703956.92929384 5186588.63118815 35910.9472330977 417992.46416578 1664731526.72307 1878028199.18845 997420743.359375 1371294003.34839 282789552.858333 186622551.754463 0 0
37 39007.5358342198 799166.256830019 1.35667581382634 43743922.9212759 51228575.0462485 26583417.2458052 36882325.190836 7998669.35120547 4766315.80999346 35910.9472330977 417992.46416578 1668588673.96827 1882545310.22741 999764752.486816 1374546125.00337 283494840.436421 187042824.575658 0 0
38 39007.5358342198 799166.256830417 1.35711835126479 40199337.9607476 47077506.1769791 24429353.8999433 33893737.8294321 7350534.45170079 4380099.61791495 35910.9472330977 417992.46416578 1672133258.92879 1886696379.09668 1001918815.83268 1377534712.36477 284142975.335926 187429040.767736 0 0
39 39007.5358342198 799166.256831102 1.35752140159288 36941971.8010593 43262799.6847193 22449834.9642229 31147316.6137707 6754918.12085542 4025178.64171899 35910.9472330977 417992.46416578 1675390625.08848 1890511085.58894 1003898334.7684 1380281133.58044 284738591.666771 187783961.743932 0 0
40 39007.5358342198 799166.256831696 1.35788846800013 33948549.3522441 39757198.0760061 20630716.0412808 28623437.3451135 6207564.45896191 3699016.83932523 45648.4248368992 417992.46416578 1678384047.5373 1894016687.19765 1005717453.69134 1382805012.84909 285285945.328664 188110123.546326 0 0
41 39007.5358342198 799166.25683173 1.35816209900466 31197730.2086258 36535709.5691085 18959028.4518034 26304107.0377084 5704571.32745044 3399288.97087922 45648.4248368992 417992.46416578 1681134866.68092 1897238175.70455 1007389141.28082 1385124343.1565 285788938.460176 188409851.414772 0 0
42 39007.5358342198 799166.256831745 1.35841134091362 28669786.399017 33575230.7067918 17422783.4015887 24172692.2165469 5242331.42482723 3123845.48657632 45648.4248368992 417992.46416578 1683662810.49053 1900198654.56686 1008925386.33103 1387255757.97766 286251178.362799 188685294.899075 0 0
43 39007.5358342198 799166.256831751 1.35863835867513 26346671.7748107 30854627.6168182 16011014.1490631 22213977.4213567 4817544.97443463 2870720.08715321 45648.4248368992 417992.46416578 1685985925.11473 1902919257.65684 1010337155.58356 1389214472.77285 286675964.813191 188938420.298498 0 0
44 39007.5358342198 799166.256831754 1.35884512734299 24211791.7546718 28354466.3596021 14713636.0778915 20413971.0687512 4427177.62177819 2638104.63538545 45648.4248368992 417992.46416578 1688120805.13487 1905419418.91405 1011634533.65473 1391014479.12545 287066332.165848 189171035.750266 0 0
45 39007.5358342198 799166.256831755 1.35903344774003 22249893.7221719 26056884.5727129 13521380.0910306 18759813.0419061 4068440.39350105 2424337.2138689 45648.4248368992 417992.46416578 1690082703.16737 1907717000.70094 1012826789.64159 1392668637.1523 287425069.394125 189384803.171782 0 0
46 39007.5358342198 799166.256831755 1.3592049593493 20446977.2623399 23945486.3487622 12425738.0609983 17239699.0072525 3738773.28394632 2227892.34443962 45648.4248368992 417992.46416578 1691885619.6272 1909828398.92489 1013922431.67162 1394188751.18695 287754736.50368 189581248.041212 0 0
47 39007.5358342198 799166.256831755 1.35936115977653 18790151.674128 22005175.3680344 11418876.2394322 15842760.2772968 3435819.20100837 2047365.46280379 45648.4248368992 417992.46416578 1693542445.21542 1911768709.90562 1014929293.49319 1395585689.91691 288057690.586618 189761774.922847 0 0
48 39007.5358342198 799166.256831756 1.35950341292839 17267578.3231029 20222087.3876359 10493600.2245104 14559015.2057706 3157413.42519983 1881466.63731605 55385.9024407007 417992.46416578 1695065018.56644 1913551797.88602 1015854569.50811 1396869434.98843 288336096.362426 189927673.748335 0 0
49 39007.5358342198 799166.256831756 1.35960968489693 15868402.9566482 18583510.9757241 9643313.82853588 13379312.1197565 2901571.23334237 1729013.19407804 55385.9024407007 417992.46416578 1696464193.93289 1915190374.29793 1016704855.90408 1398049138.07444 288591938.554283 190080127.191573 0 0
50 39007.5358342198 799166.256831756 1.35970647442565 14582590.4882833 17077694.0271717 8861918.67547849 12295190.0194591 2666457.688528 1588911.71512099 55385.9024407007 417992.46416578 1697750006.40126 1916696191.24648 1017486251.05714 1399133260.17474 288827052.099098 190220228.67053 0 0
51 39007.5358342198 799166.256831756 1.35979462600099 13400962.2492959 15693887.3890091 8143836.83899212 11298909.9866088 2450394.45165926 1460162.0973248 55385.9024407007 417992.46416578 1698931634.64025 1918079997.88465 1018204332.89363 1400129540.20759 289043115.335967 190348978.288326 0 0
52 39007.5358342198 799166.256831756 1.35987490949014 12315077.5966806 14422206.2113016 7483938.89492249 10383355.3631798 2251838.13320904 1341844.6524787 55385.9024407007 417992.46416578 1700017519.29286 1919351679.06235 1018864230.8377 1401045094.83102 289241671.654417 190467295.733172 0 0
53 39007.5358342198 799166.256831755 1.35994802638286 11317178.4425258 13253564.9854288 6877510.21151719 9541984.98180286 2069370.15030096 1233114.06323122 55385.9024407007 417992.46416578 1701015418.44702 1920520320.28823 1019470659.5211 1401886465.2124 289424139.637325 190576026.32242 0 0
54 39007.5358342198 799166.256831755 1.36001461493621 10400143.622208 12179624.104607 6320223.21873164 8768794.69168759 1901688.3828366 1133194.4110715 55385.9024407007 417992.46416578 1701932453.26733 1921594261.16905 1020027946.51389 1402659655.50251 289591821.404789 190675945.97458 0 0
55 39007.5358342198 799166.256831756 1.36007525788294 9557416.41381343 11192704.9817737 5808093.36139209 8058256.24722502 1747593.92026763 1041371.27888212 55385.9024407007 417992.46416578 1702775180.47573 1922581180.29188 1020540076.37123 1403370193.94698 289745915.867358 190767769.106769 0 0
56 39007.5358342198 799166.256831756 1.36013048568137 8782975.21808384 10285755.7128263 5337461.28124075 7405292.5870274 1605985.70036149 956988.556240639 55385.9024407007 417992.46416578 1703549621.67146 1923488129.56083 1021010708.45138 1404023157.60717 289887524.087264 190852151.82941 0 0
57 39007.5358342198 799166.256831755 1.36018078209488 8071281.09670362 9452289.63863097 4904960.9356708 6805233.6012709 1475850.91646564 879442.723217874 55385.9024407007 417992.46416578 1704261315.79284 1924321595.63502 1021443208.79695 1404623216.59293 290017658.87116 190929697.662433 0 0
58 39007.5358342198 799166.256831755 1.36022658643532 7417256.7697456 8686360.74889837 4507506.8343612 6253798.42356644 1356261.17714581 808180.561950116 55385.9024407007 417992.46416578 1704915340.1198 1925087524.52476 1021840662.89826 1405174651.77063 290137248.61048 191000959.823701 0 0
59 39007.5358342198 799166.256831755 1.36026829804764 6816244.02444105 7982513.80352963 4142268.15635715 5747059.52051808 1246364.71828905 742694.515920181 55385.9024407007 417992.46416578 1705516352.8651 1925791371.47012 1022205901.57626 1405681390.67368 290247145.069337 191066445.869731 0 0
60 39007.5358342198 799166.256831757 1.36030628323655 6263938.13886968 7335707.53609913 3806628.89899378 5281387.40160192 1145374.41233591 682515.544795693 55385.9024407007 417992.46416578 1706068658.75067 1926438177.73756 1022541540.83363 1406147062.7926 290348135.37529 191126624.840855 0 0
61 39007.5358342198 799166.256831757 1.36034087716107 5756369.64103507 6741293.29187997 3498176.79278816 4853435.23948216 1052564.43288863 627211.13690714 55385.9024407007 417992.46416578 1706576227.24851 1927032591.98178 1022849992.93983 1406575014.95472 290440945.354737 191181929.248744 0 0
62 39007.5358342198 799166.256831756 1.3603723808381 5289929.41758357 6195044.43270296 3214718.56014284 4460160.04021883 967274.845893765 576388.045081225 55385.9024407007 417992.46416578 1707042667.47196 1927578840.84095 1023133451.17248 1406968290.15398 290526234.941732 191232752.34057 0 0
63 39007.5358342198 799166.256831755 1.36040107017825 4861284.9771766 5693058.27286393 2954229.02814682 4098752.04142582 888896.298221711 529683.162740097 55385.9024407007 417992.46416578 1707471311.91237 1928080827.00079 1023393940.70447 1407329698.15278 290604613.489404 191279457.222911 0 0
64 39007.5358342198 799166.256831756 1.36042719649299 4467373.715702 5231748.1920024 2714847.03580823 3766629.03388978 816868.786196284 486762.790082169 55385.9024407007 417992.46416578 1707865223.17384 1928542137.08165 1023633322.69681 1407661821.16031 290676641.00143 191322377.595569 0 0
65 39007.5358342198 799166.256831755 1.36045098867047 4105381.19242421 4807818.19426785 2494862.23235396 3461418.04528663 750677.683342559 447320.267062379 55385.9024407007 417992.46416578 1708227215.69712 1928966067.07939 1023853307.50027 1407967032.14891 290742832.104283 191361820.118589 0 0
66 39007.5358342198 799166.256831757 1.36047265516453 3772721.08071307 4418239.42858749 2292702.89317974 3180938.43580509 689850.074334993 411073.788833701 55385.9024407007 417992.46416578 1708559875.80883 1929355645.84507 1024055466.83944 1408247511.7584 290803659.713291 191398066.596817 0 0
67 39007.5358342198 799166.256831762 1.36049238580157 3467016.83699493 4060228.72114694 2106924.77997307 2923186.44247513 633951.403126143 377764.40840529 55385.9024407007 417992.46416578 1708865580.05255 1929713656.55251 1024241244.95265 1408505263.75173 290859558.3845 191431375.977246 0 0
68 39007.5358342198 799166.256831737 1.36051035356481 3186083.62781971 3731227.41015073 1936200.15769472 2686319.94112469 582582.168272431 347154.06742481 55385.9024407007 417992.46416578 1709146513.26172 1930042657.8635 1024411969.57492 1408742130.25308 290910927.619353 191461986.318226 0 0
69 39007.5358342198 799166.256831634 1.36052671594025 2927914.09737882 3428884.67814091 1779309.1454228 2468646.44638069 535375.320494536 319024.045414358 55385.9024407007 417992.46416578 1709404682.79217 1930345000.59552 1024568860.5872 1408959803.74782 290958134.467131 191490116.340237 0 0
70 39007.5358342198 799166.256831215 1.36054161628391 2690664.15976086 3151040.91328579 1635131.08223012 2268611.13252741 491993.664761112 293173.411701797 55385.9024407007 417992.46416578 1709641932.72978 1930622844.36037 1024713038.65039 1409159839.06167 291001516.122865 191515966.973949 0 0
71 39007.5358342198 799166.256830361 1.36055518522563 2472638.49012362 2895710.7180694 1502635.71009138 2084784.60050873 452127.20731874 269417.444546163 55385.9024407007 417992.46416578 1709859958.39942 1930878174.55559 1024845534.02253 1409343665.59369 291041382.580307 191539722.941105 0 0
72 39007.5358342198 799166.256829057 1.36056754168057 2272279.60290502 2661070.11876759 1380876.53665322 1915853.66931243 415491.158619561 247586.441105038 55385.9024407007 417992.46416578 1710060317.28664 1931112815.15489 1024967293.19597 1409512596.52489 291078018.629006 191561553.944546 0 0
