"Time" "IECs" "pheme_e" "BiomassCD" "pro_L_e" "leu_L_e" "ile_L_e" "val_L_e" "trp_L_e" "cys_L_e" "Drug" "Damage" "pro_L_v" "leu_L_v" "ile_L_v" "val_L_v" "trp_L_v" "cys_L_v" "CD" "pheme_c"
0 457000 1e+05 0.4963 224235600.199112 195370466.451958 120509812.093413 157438605.791629 18978882.6152 31300034.1459915 0 0 0 0 0 0 0 0 45700000 1000
1 315013.766343308 164454.149784484 0.594123777894681 445003013.246623 488532040.673279 263902455.86148 360451844.835369 71497428.9899456 50899030.1400245 0 141986.233656692 287564281.691646 297359171.55686 166044596.177267 224200576.3543 40055922.4163444 34923717.7301366 48532264.0534947 954.401490802348
2 211612.93186742 285778.005754278 0.697811933114257 536604888.05667 607597015.37456 322674913.336 443411994.023688 92356996.4833783 59393826.115184 0 245387.06813258 565734229.276039 608338267.440798 332362538.744758 452173250.998901 86612544.1299863 66134842.1937181 52252903.1917201 1447.05219109587
3 137459.766653045 397481.258228052 0.803528930593739 590791735.838421 676270124.032824 356898297.138647 491590878.369662 104023663.970123 64707550.2462667 0 319540.233346955 776214294.213152 848068172.909119 459249813.416593 626754530.304696 123292018.293833 89295933.5049556 57057136.0358633 1777.43771728642
4 85533.602064519 482503.265966238 0.907130712428456 630280069.146588 725572503.150374 381516478.368204 526274497.261606 112173028.39249 68779258.9882469 0 371466.397935481 921390579.13916 1014726712.31525 547043828.647494 747768659.092109 148996144.77874 105163871.964969 63165454.9611896 1933.17561124634
5 50411.6333222767 538787.769652531 1.00479456645709 661013531.898654 764050585.050246 400517563.001141 553222332.715595 118414163.476563 72091260.9370195 0 406588.366677724 1014673480.5191 1122320898.41436 603538036.053692 825745900.138561 165651389.914308 115338706.013218 70824622.959792 1964.74044616394
6 27769.5540298186 569177.671443437 1.09354972243306 684158828.478356 793809947.915901 414758897.494996 573752215.523554 123183981.228644 74716084.3087013 0 429230.445970182 1070301293.56874 1186729943.32604 637252653.629045 872345472.264984 175640132.827507 121408441.08984 80308688.7525275 1918.40131490924
7 14075.8734904747 578167.164323087 1.17156379333064 699816816.96645 815391805.781493 424369890.19571 588130879.842941 126616494.385914 76647461.8011152 0 442924.126509526 1100730291.27395 1222100102.82358 655702251.836176 897887632.325076 181130718.650617 124735436.924534 91917624.5938326 1826.88007980897
8 6447.73147245026 570662.059998881 1.23815233708336 708406666.999524 829556222.45306 429640986.771116 596822253.194993 128856210.135155 77926466.9971666 9737.47760380151 450552.26852755 1115770376.75373 1239661128.80498 664823231.988991 910540612.343953 183858078.013232 126385638.263404 105972252.905308 1711.7205609141
9 6072.83487352199 730082.950750923 1.25089600765959 700378548.098091 820141546.531753 424774963.589675 590055485.991283 127396027.875256 77045106.5234015 6541.65089825786 450927.165126478 1125091074.12599 1250575657.67269 670476170.07267 918393124.602223 185553475.0917 127410959.031158 16023.7511219368 1032.43814780293
10 6072.68912919796 806697.437268598 1.26260459151503 691225667.081787 809423540.223045 419223802.850021 582344358.144154 125731155.840962 76038245.054147 5819.36673232021 450927.310870802 1134244457.0924 1261294246.41722 676027636.398103 926104674.078003 187218438.46757 128417876.466233 131.959949292669 318.28685124155
11 6072.68764134662 839383.633042602 1.27334312968693 682191958.557759 798845089.913066 413744918.292403 574733632.079741 124087960.762892 75044492.405708 5606.21588563167 450927.312358653 1143278170.74151 1271872702.67407 681506524.075855 933715404.44739 188861634.478269 129411629.686007 2.21172668984742 105.245526217433
12 6072.68761478195 853326.442734281 1.28317600614801 673276308.222868 788404885.503262 408337635.235315 567222367.786458 122466239.992003 74063726.7350403 5536.62856528445 450927.312385218 1152193821.16792 1282312907.19008 686913807.188662 941226668.81755 190483355.265813 130392395.366875 0.0453904675903948 35.6603204892356
13 6072.6876142253 859273.94230779 1.29216622095833 664477177.537256 778101125.314457 403001020.575918 559809269.061608 120865713.674495 73095778.8024546 5513.15065843066 450927.312385775 1160992951.85545 1292616667.38111 692250421.849226 948639767.544012 192083881.58367 131360343.299675 0.000995374034158002 12.1824591773017
14 6072.687614213 861810.930581729 1.30037481807886 655793043.768629 767932026.22998 397734150.787335 552493053.032239 119286104.831525 72140481.0999886 5505.14167749776 450927.312385787 1169677085.62412 1302785766.46563 697517291.637836 955955983.573417 193663490.426648 132315641.002145 2.23796911727889e-05 4.17347926092899
15 6072.68761421272 862893.118239479 1.30786045081731 647222404.009785 757895828.349207 392536114.366273 545272453.527872 117727140.090344 71197668.300413 5502.39931860233 450927.312385787 1178247725.38297 1312821964.34641 702715328.058898 963176583.077785 195222455.167828 133258453.801721 5.56023725728109e-07 1.4311203888233
16 6072.68761421272 863354.740389306 1.31467906731322 638763774.993618 747990794.77004 387406011.721029 538146220.924438 116188549.65066 70267177.2370038 15238.9367054572 450927.312385787 1186706354.39914 1322726997.92557 707845430.704142 970302815.681219 196761045.607512 134188944.86513 4.93845235773718e-08 0.490903442747747
17 6072.68761421272 863551.651595154 1.31943832302336 630415692.890559 738215211.351686 382342955.048634 531113121.97362 114670067.247789 69348846.8812622 15238.4711510244 450927.312385787 1195054436.5022 1332502581.34392 712908487.376537 977335914.632037 198279528.010383 135107275.220872 -1.69066622184623e-08 0.0253490098872066
18 6072.68761421272 863635.646846299 1.32378611552661 622176712.844296 728567386.170992 377346068.053275 524171939.411706 113171430.068207 68442518.2918417 15238.4471110496 450927.312385787 1203293416.54846 1342150406.52462 717905374.371896 984277097.193952 199778165.189965 136013603.810292 -1.69066622184623e-08 0.00130903512447277
19 6072.68761421272 863671.476212539 1.32775555806773 614045409.03923 719045649.601431 372414485.987207 517321472.016418 111692378.761816 67548034.6219683 15238.4458695465 450927.312385787 1211424720.35353 1351672143.09418 722836956.437964 991127564.589239 201257216.496356 136908087.480165 -1.69066622184623e-08 6.7532035341616e-05
20 6072.68761421272 863686.758973753 1.3313775256907 606020374.243728 709648353.778253 367547355.373735 510560534.222114 110232657.358869 66665241.0691963 15238.4458055157 450927.312385787 1219449755.14903 1361069438.91736 727704087.051435 997888502.383543 202716937.899303 137790881.032937 -1.69066622184623e-08 3.50120324213735e-06
21 6072.68761421272 863693.28548381 1.33468079328019 598100216.26004 700373868.44135 362743831.854119 503887953.12891 108792012.62422 65793984.4848817 15238.445802203 450927.312385787 1227369913.13272 1370343924.25426 732507610.571052 1004561083.47675 204157582.633952 138662137.617252 -1.69066622184623e-08 1.88494399322738e-07
22 6072.68761421272 863696.066598617 1.33769194793844 590283566.453229 691220590.922609 358003085.360304 497302575.688138 107370195.608705 64934114.3124063 15238.4458020253 450927.312385787 1235186562.93953 1379497201.773 737248357.064866 1011146460.91752 205579399.649467 139522007.789728 -1.69066622184623e-08 1.08516509684495e-08
23 6072.68761421272 863697.242384429 1.34043685248341 582568997.467925 682186849.792434 353324250.210686 490803199.380295 105966946.682149 64085473.5356139 15238.4458020119 450927.312385787 1242901131.92483 1388530942.90318 741927192.214485 1017645837.22536 206982648.576022 140370648.56652 -1.69066622184623e-08 -2.58149052298761e-09
24 6072.68761421272 863697.668079738 1.34293621907954 574955291.243637 673271218.705014 348706587.659618 484388798.012794 104582044.284272 63247928.1618208 24975.9234058134 450927.312385787 1250514838.14912 1397446573.9906 746544854.765553 1024060238.59286 208367550.9739 141208193.940313 0 0
25 6072.68761421272 863697.934009256 1.34476107855257 567441112.843804 664472134.452951 344149288.076891 478058246.927203 103215245.595505 62421331.3413972 24975.9234058134 450927.312385787 1258029016.54895 1406245658.24266 751102154.34828 1030390789.67845 209734349.662667 142034790.760737 0 0
26 6072.68761421272 863698.029785067 1.34642437804883 560025136.755235 655788044.863588 339651547.547507 471810429.404099 101866309.510357 61605537.2613305 24975.9234058134 450927.312385787 1265444992.63752 1414929747.83203 755599894.877664 1036638607.20156 211083285.747815 142850584.840803 0 0
27 6072.68761421272 863698.076994261 1.34794134544492 552705996.930494 647217350.298769 335212537.572717 465644194.574734 100534987.550316 60800395.6496406 24975.9234058134 450927.312385787 1272764132.46226 1423500442.39685 760038904.852454 1042804842.03092 212414607.707855 143655726.452493 0 0
28 6072.68761421272 863698.103667301 1.34932130658265 545482737.005836 638758930.858923 330831678.124223 459558736.72101 99221105.7566846 60005801.3015814 24975.9234058134 450927.312385787 1279987392.38692 1431958861.83669 764419764.300948 1048890299.88464 213728489.501487 144450320.800552 0 0
29 6072.68761421272 863698.172545576 1.35057977902378 538353791.343852 630410953.18653 326508019.653276 453552736.823456 97924379.346342 59221581.9892876 24975.9234058134 450927.312385787 1287116338.0489 1440306839.50908 768743422.771895 1054896299.7822 215025215.91183 145234540.112846 0 0
30 6072.68761421272 863698.278759854 1.35172652562097 531317985.436748 622172041.93588 322240849.828655 447625205.3818 96644594.6810671 58447608.5110882 24975.9234058134 450927.312385787 1294152143.95601 1448545750.75973 773010592.596517 1060823831.22385 216305000.577105 146008513.591046 0 0
31 6072.68761421272 863698.409343995 1.35277133062782 524374128.126944 614040802.264404 318029446.221151 441775138.868641 95381535.094109 57683749.8337528 24975.9234058134 450927.312385787 1301096001.26581 1456676990.43121 777221996.204021 1066673897.73701 217568060.164063 146772372.268381 0 0
32 6072.68761421272 863698.489131582 1.35372273471129 517521024.171318 606015834.545372 313873083.923703 436001530.314587 94134983.1755732 56929874.474621 34713.4010096149 450927.312385787 1307949105.22144 1464701958.15024 781378358.501469 1072447506.29107 218814612.082599 147526247.627513 0 0
33 6072.68761421272 863698.27934346 1.35442881170178 510757417.379186 598095667.782613 309771001.064957 430303321.403098 92904710.4294503 56185844.2464996 34713.4010096149 450927.312385787 1314712712.01357 1472622124.913 785480441.360215 1078145715.20256 220044884.828722 148270277.855634 0 0
34 6072.68761421272 863698.220006788 1.35507205765788 504082137.736322 590278931.892372 305722488.039011 424679526.419645 91690504.0348803 55451530.442032 34713.4010096149 450927.312385787 1321387991.65644 1480438860.80324 789528954.386162 1083769510.18601 221259091.223292 149004591.660102 0 0
35 6072.68761421272 863698.215391323 1.35565780540233 497494147.326693 582564411.477553 301726915.356642 419129270.939888 90492175.1991306 54726818.8853165 34713.4010096149 450927.312385787 1327975982.06607 1488153381.21806 793524527.068529 1089319765.66577 222457420.059042 149729303.216817 0 0
36 6072.68761421272 863698.196957435 1.3561914171685 490992240.49747 574950694.721683 297783551.797373 413651539.22446 89309504.6188229 54011576.9485738 34713.4010096149 450927.312385787 1334477888.89529 1495767097.97393 797467890.627799 1094797497.3812 223640090.639349 150444545.15356 0 0
37 6072.68761421272 863698.151138494 1.35667608443687 484575587.604356 567436810.113353 293891894.187415 408245632.313963 88142341.3850124 53305713.3668245 34713.4010096149 450927.312385787 1340894541.7884 1503280982.58226 801359548.237757 1100203404.29169 224807253.87316 151150408.73531 0 0
38 6072.68761421272 863698.024690961 1.35711785537207 478242730.089013 560021049.684367 290051057.920767 402910321.400991 86990420.1918305 52609067.691431 34713.4010096149 450927.312385787 1347227399.30375 1510696743.01125 805200384.504405 1105538715.20467 225959175.066342 151847054.410703 0 0
39 6072.68761421272 863697.79920852 1.35752080295654 471992523.435177 552702073.209024 286260348.855872 397644642.252557 85853532.8563937 51921514.0199389 34713.4010096149 450927.312385787 1353477605.95758 1518015719.48659 808991093.5693 1110804394.3531 227096062.401778 152534608.082195 0 0
40 6072.68761421272 863697.481451321 1.35788774648337 465824005.376112 545478753.875363 282519183.384308 392447784.177405 84731504.3462705 51242946.4982438 44450.8786134164 450927.312385787 1359646124.01665 1525239038.82025 812732259.040864 1116001252.42825 228218090.911902 153213175.60389 0 0
41 6072.68761421272 863697.858136079 1.35816172627261 459736057.266314 538349781.752277 278826883.054965 387318804.738168 83624131.1843642 50573242.0698029 44450.8786134164 450927.312385787 1365734072.12645 1532368010.94334 816424559.370207 1121130231.86749 229325464.073808 153882880.032331 0 0
42 6072.68761421272 863697.956276492 1.35841124966576 453727588.693352 531313879.969517 275182786.539902 382256785.2833 82531215.0290594 49912280.783851 44450.8786134164 450927.312385787 1371742540.69941 1539403912.7261 820068655.88527 1126192251.32236 230418380.229113 154543841.318283 0 0
43 6072.68761421272 863697.942474232 1.35863832190378 447797739.119016 524370040.838973 271586371.928378 377261000.825874 81452599.3519327 49259967.9769251 44450.8786134164 450927.312385787 1377672390.27375 1546347751.85664 823665070.496794 1131188035.77978 231496995.90624 155196154.125209 0 0
44 6072.68761421272 863697.970320509 1.35884543683245 441945218.651062 517516753.900031 268036856.909265 372330364.656433 80388049.5267972 48616161.7544933 44450.8786134164 450927.312385787 1383524910.7417 1553201038.79558 827214585.515907 1136118671.94922 232561545.731375 155839960.347641 0 0
45 6072.68761421272 863698.053599154 1.35903369037418 436169406.525909 510753292.240079 264533864.993548 367464353.793573 79337452.6392657 47980793.8294888 44450.8786134164 450927.312385787 1389300722.86685 1559964500.45553 830717577.431624 1140984682.81208 233612142.618907 156475328.272645 0 0
46 6072.68761421272 863698.103606666 1.35920518907167 430469055.242205 504078195.03813 261076639.579895 362661917.241347 78300581.7738827 47353726.9705874 44450.8786134164 450927.312385787 1395001074.15056 1566639597.65748 834174802.845277 1145787119.36431 234649013.48429 157102395.131546 0 0
47 6072.68761421272 863698.111742405 1.35936138639802 424843195.88379 497490327.695767 257664593.027054 357922238.706487 77277260.6887142 46734854.5922154 44450.8786134164 450927.312385787 1400626933.50897 1573227464.99985 837586849.398118 1150526797.89917 235672334.569458 157721267.509918 0 0
48 6072.68761421272 863698.122345865 1.35950367926169 419290827.723596 490988518.364077 254297118.400665 353244475.095645 76267307.3555499 46124066.6094415 54188.3562172179 450927.312385787 1406179301.66917 1579729274.33154 840954324.024508 1155204561.51001 236682287.902623 158332055.492692 0 0
49 6072.68761421272 863698.126030719 1.3596100255349 413811060.738364 484571724.828033 250973675.907498 348627876.581306 75270559.8827552 45521265.1153013 54188.3562172179 450927.312385787 1411659068.6544 1586146067.86758 844277766.517675 1159821160.02435 237679035.375418 158934856.986832 0 0
50 6072.68761421272 863698.12699986 1.35970687321751 408402804.133828 478238669.770257 247693603.988035 344071524.190237 74286819.8592608 44926330.1170261 54188.3562172179 450927.312385787 1417067325.25894 1592479122.92536 847557838.437138 1164377512.41542 238662775.398912 159529791.985107 0 0
51 6072.68761421272 863698.126865821 1.35979499696954 403065315.486651 471988483.814866 244456452.367422 339574792.445025 73315952.2412614 44339179.9443736 54188.3562172179 450927.312385787 1422404813.90612 1598729308.88075 850794990.057751 1168874244.16063 239633643.016911 160116942.15776 0 0
52 6072.68761421272 863698.127150888 1.35987537412059 397797424.149964 465819796.13728 241261511.056065 335136695.09815 72357744.0928216 43759685.8203932 54188.3562172179 450927.312385787 1427672705.2428 1604897996.55834 853989931.369108 1173312341.5075 240591851.165351 160696436.28174 0 0
53 6072.68761421272 863698.128835186 1.35994823155818 392598731.528786 459732139.983769 238108538.308739 330756896.340992 71412122.9111254 43187803.8976642 54188.3562172179 450927.312385787 1432871397.86398 1610985652.71185 857142904.116434 1177692140.26466 241537472.347048 161268318.204469 0 0
54 6072.68761421272 863698.133832901 1.36001440552791 387468104.322895 453724188.262585 234996846.786342 326434441.389864 70478882.5534414 42623409.507552 54188.3562172179 450927.312385787 1438002025.06987 1616993604.43303 860254595.638831 1182014595.21579 242470712.704731 161832712.594582 0 0
55 6072.68761421272 863698.143797264 1.36007470872304 382404482.091788 447794699.200531 231925793.338713 322168436.843995 69557830.1299268 42066385.9963518 54188.3562172179 450927.312385787 1443065647.30098 1622923093.49509 863325649.08646 1186280599.76166 243391765.128246 162389736.105782 0 0
56 6072.68761421272 863698.160570149 1.36012989728558 377406838.748372 441942471.252169 228894755.650803 317958018.244702 68648778.9994857 41516620.4894041 54188.3562172179 450927.312385787 1448063290.64439 1628775321.44345 866356686.77437 1190491018.36095 244300816.258687 162939501.612729 0 0
57 6072.68761421272 863698.187691059 1.36018021846378 372474457.345172 436166664.873785 225903298.898704 313802581.577498 67751598.7522691 40974034.1189378 54188.3562172179 450927.312385787 1452995672.0476 1634551127.82183 869348143.526469 1194646455.02816 245197996.505904 163482087.983196 0 0
58 6072.68761421272 863698.228256911 1.36022605217766 367606540.340108 430466346.145585 222950939.378411 309701454.928488 66866144.3185956 40438539.151376 54188.3562172179 450927.312385787 1457863589.05266 1640251446.55003 872300503.046762 1198747581.67717 246083450.939577 164017582.950757 0 0
59 6072.68761421272 863698.285642768 1.36026783926691 362802246.300763 424840529.752294 220037166.766718 305653929.407008 65992262.6453081 39910043.0249876 54188.3562172179 450927.312385787 1462667883.092 1645877262.94332 875214275.658455 1202795107.19865 246957332.612865 164546079.077146 0 0
60 6072.68761421272 863698.368606899 1.36030587541931 358060751.918076 419288251.601049 217161481.732117 301659311.390977 65129803.9758154 39388455.1717004 54188.3562172179 450927.312385787 1467409377.47469 1651429541.09457 878089960.693056 1206789725.21468 247819791.282358 165067666.930433 0 0
61 6072.68761421272 863698.484663295 1.36034048987318 353381229.693938 413808542.693618 214323382.402469 297716903.72912 64278617.791555 38873684.5626263 54188.3562172179 450927.312385787 1472088899.69883 1656909250.002 880928060.022704 1210732132.87653 248670977.466618 165582437.539507 0 0
62 6072.68761421272 863698.599230557 1.36037202920383 348762851.485773 408400433.277099 211522366.514768 293826008.727209 63438553.4567384 38365640.0979822 54188.3562172179 450927.312385787 1476707277.90699 1662317359.41852 883729075.910405 1214623027.87845 249511041.801434 166090482.004151 0 0
63 6072.68761421272 863698.31269876 1.36040074659401 344204826.809936 403062997.697108 208757954.645906 289985960.417948 62609467.1855849 37864234.8206543 54188.3562172179 450927.312385787 1481265302.58283 1667654794.99851 886493487.779268 1218463076.18771 250340128.072588 166591887.281479 0 0
64 6072.68761421272 863698.213611652 1.36042689803462 339706370.821434 397795316.902105 206029670.792574 286196097.58449 61791216.2179614 37369382.3938083 54188.3562172179 450927.312385787 1485763758.57133 1672922475.79351 889221771.632599 1222252939.02116 251158379.040211 167086739.708325 0 0
65 6072.68761421272 863698.168910139 1.36045071830016 335266686.195803 392596457.227121 203337031.382751 282455748.496279 60983655.5237695 36880995.1078061 54188.3562172179 450927.312385787 1490203443.19696 1678121335.4685 891914411.042422 1225993288.10938 251965939.734403 167575126.994327 0 0
66 6072.68761421272 863698.142889067 1.36047241237467 330885014.2368 387465530.240743 200679576.272176 278764273.966291 60186647.0992286 36398989.5023055 54188.3562172179 450927.312385787 1494585115.15597 1683252262.45487 894571866.152997 1229684762.63936 252762948.158944 168057132.599828 0 0
67 6072.68761421272 863698.138264123 1.36049215064428 326560664.29153 382401727.190142 198056886.584428 275121092.132717 59400065.3173675 35923289.6020691 54188.3562172179 450927.312385787 1498909465.10124 1688316065.50548 897194555.840745 1233327944.47294 253549529.940805 168532832.500064 0 0
68 6072.68761421272 863698.134298696 1.36051010396535 322292886.253344 377404169.702294 195468507.384776 271525571.045102 58623773.7368176 35453812.8916523 54188.3562172179 450927.312385787 1503177243.13942 1693313622.99332 899782935.040397 1236923465.56055 254325821.521355 169002309.210481 0 0
69 6072.68761421272 863698.104444837 1.36052647172049 318080831.419243 372471863.948097 192913923.940458 267976995.687458 57857617.981933 34990466.0095241 54188.3562172179 450927.312385787 1507389297.97352 1698245928.74752 902337518.484715 1240472040.9182 255091977.27624 169465656.092609 0 0
70 6072.68761421272 863698.033026374 1.36054138196439 313923800.507401 367603991.070265 190392712.141661 264474776.928268 57101470.8561746 34533172.0312219 54188.3562172179 450927.312385787 1511546328.88537 1703113801.62535 904858730.283513 1243974259.67739 255848124.401998 169922950.070912 0 0
71 6072.68761421272 863697.904757059 1.36055496021467 309821099.48078 362799738.353153 187904451.059506 261018330.054647 56355206.1170101 34081854.6092362 54188.3562172179 450927.312385787 1515649029.91199 1707918054.34246 907346991.365667 1247430706.55101 256594389.141163 170374267.492897 0 0
72 6072.68761421272 863697.89147282 1.36056733506455 305772009.478808 358058264.012813 185448704.709802 257607049.44036 55618693.0066058 33636434.6653453 54188.3562172179 450927.312385787 1519698119.91396 1712659528.6828 909802737.715371 1250841987.16529 257330902.251567 170819687.436788 0 0
