"Time" "IECs" "pheme_e" "BiomassCD" "pro_L_e" "leu_L_e" "ile_L_e" "val_L_e" "trp_L_e" "cys_L_e" "Drug" "Damage" "pro_L_v" "leu_L_v" "ile_L_v" "val_L_v" "trp_L_v" "cys_L_v" "CD" "pheme_c"
0 457000 1e+05 0.4963 224235600.199112 195370466.451958 120509812.093413 157438605.791629 18978882.6152 31300034.1459915 0 0 0 0 0 0 0 0 45700000 1000
1 383090.423205065 127379.691783319 0.59412377803862 264987387.413444 281638336.471777 154862817.64618 210222172.089928 39455203.4911115 31350294.7326662 0 73909.5767949343 223786107.556955 221122059.870312 126684774.274919 169573676.647716 27712383.1112868 28331016.90258 48532264.0504655 744.047190098031
2 317231.157880697 193360.330295832 0.697812005396455 290240144.331539 325065280.355132 173656879.925081 238135808.684481 48756806.3906225 32520736.7216563 0 139768.842119303 434107648.520222 451603800.471007 251292919.306591 339728537.118573 61350402.8438291 52450532.7981475 52252899.6739672 980.30110633218
3 258545.917608224 264592.432334025 0.803529044667657 312583520.370515 356967599.457851 188657203.279407 259713092.982805 54778245.9184957 34304408.893275 0 198454.082391776 621487892.030796 663773395.661502 363956959.460704 494559777.301626 93590833.7081137 73201992.8911584 57057131.0252818 1182.95323427524
4 206464.917051232 330444.489861588 0.907130871513035 335825065.775984 386948108.761616 203444581.128644 280616544.671041 59944527.6267945 36540978.8694106 0 250535.082948768 784117397.686841 850397767.674267 462313557.222558 630102110.642269 122380108.986206 90964527.1289076 63165448.4846512 1323.20944530886
5 160687.015729214 387003.435682959 1.00479474415926 360975319.109499 418038880.621267 219074682.484398 302572110.936316 65051780.0983312 39145078.1202387 0 296312.984270786 922005229.556284 1009697287.41289 545928241.317296 745510538.126852 147118345.564567 105939141.985735 70824613.4615532 1410.40832994878
6 121114.549307328 432352.390461724 1.09354988585483 387819832.969702 450781593.119936 235588284.388251 325764015.210977 70309609.6846233 42024606.7699057 0 335885.450692671 1035639549.10866 1141536462.76284 614927141.160796 840861587.995901 167659482.042508 118255440.442071 80308674.5859143 1456.46888321981
7 87756.7036763678 465294.983429975 1.17156392644838 415374047.434453 484457073.60158 252459292.70973 349550379.578775 75658436.6768403 45052419.2064407 0 369243.296323632 1125878707.88143 1246596262.26036 669759704.041337 916728481.426743 184056943.352169 128037040.727825 91917608.791101 1469.60353523561
8 60605.7259238159 485174.694538142 1.23815235129397 442089673.943666 517566433.408238 268779376.756184 372751337.83898 80887893.9612275 48061822.5253871 9737.47760380151 396394.274076184 1194190230.14299 1326407818.92657 711285221.799301 974266333.898437 196525955.322714 135453612.865859 105972231.708649 1454.83187203708
9 58402.5053469473 635593.020639462 1.25089602038257 396352644.369502 463950459.126012 240977591.632339 334166060.834797 72512481.1228022 43082611.1204565 5677.27273382029 398597.494653053 1247780412.88771 1389139007.61152 743867312.184252 1019448748.16609 206330369.219848 141278860.972307 208603.519074432 694.865638624709
10 58388.3373460159 708852.153736974 1.26260460285774 349303443.391298 408876577.877793 212372282.548349 294498603.048165 63904812.2895159 37968425.0641113 4966.76599707826 398611.662653984 1294880141.23126 1444271536.64479 772503377.839287 1059158652.17261 214947232.307221 146398487.54101 12100.7514114234 148.330813939367
11 58387.361308399 739673.851779993 1.27334313975437 307804878.379485 360300468.656804 187141657.616881 259511049.835047 56312676.6998858 33457629.6756888 4832.68140293036 398612.638691601 1336382188.93528 1492851688.29113 797736122.723019 1094149131.07563 222540001.629654 150909657.727877 1040.91685392687 28.6290660028998
12 58387.2746950619 752605.386710903 1.28317601504143 271234182.269993 317492700.713162 164907115.191643 228678205.158622 49622094.3953957 29482485.0561421 4807.87906741273 398612.725304938 1372953194.24167 1535659815.12675 819970853.35964 1124982235.49818 229230640.197719 154884835.606945 96.0230538699571 5.18110263358491
13 58387.2666570792 758028.332641825 1.29216622877337 239008291.283887 279770739.761815 145314161.724784 201508477.249142 43726391.2870195 25979610.3452029 4803.47286365976 398612.733342921 1405179113.93407 1573381809.39827 839563824.300307 1152151987.5229 235126348.529698 158387713.40447 8.97937820449949 0.902898017016276
14 58387.2659043932 760302.252349439 1.3003748249068 210611205.330041 246530580.152696 128049075.571423 177566824.346963 38531165.2731517 22892917.3071761 4802.71198371573 398612.734095607 1433576202.57699 1606621972.12868 856828912.090538 1176093642.68409 240321575.032892 161474406.731528 0.842508825370951 0.154081125820086
15 58387.2658337337 761255.717462883 1.30786045674416 185588036.028029 217239752.83847 112835290.094371 156469728.866028 33953194.8343477 20172960.6706915 4802.58276014106 398612.734166266 1458599372.13153 1635912799.73603 872042697.721305 1197190738.37717 244899545.517647 164194363.395146 0.0791660454310564 0.02599278447107
16 58387.2658270918 761655.507706069 1.31467907241878 163537923.000672 191429031.378819 99429087.0152198 137879224.430995 29919142.8568369 17776167.9010155 14540.0386213579 398612.734172908 1480649485.18263 1661723521.22324 885448900.814909 1215781242.83214 248933597.499478 166591156.167372 0.00744689152005078 0.00435701583139873
17 58387.2658270614 761823.14278443 1.31943832910753 144107620.216999 168684924.244435 87615697.0029553 121497488.445185 26364383.2385938 15664142.0276806 14540.0342827413 398612.734172938 1500079787.96633 1684467628.35775 897262290.82724 1232162978.81802 252488357.117741 168703182.040718 -9.37963532516929e-08 1.87078421053273e-05
18 58387.2658270614 761893.418137605 1.3237861252359 126985856.278932 148643073.241172 77205870.7974091 107062087.228414 23231969.1059879 13803048.6192512 14540.0342641629 398612.734172938 1517201551.9044 1704509479.36101 907672117.032786 1246598380.0348 255620771.250347 170564275.449148 -9.37963532516929e-08 1.29393443105028e-07
19 58387.2658270614 761922.88862065 1.32775556384692 111898432.518549 130982515.595216 68032898.9118535 94341843.2105445 20471736.0141998 12163082.9584585 14540.0342638886 398612.734172938 1532288975.66478 1722170037.00697 916845088.918341 1259318624.05266 258381004.342135 172204241.10994 -9.37963532516929e-08 -1.44918953619277e-07
20 58387.2658270614 761935.249536261 1.33137752308124 98603641.111449 115420320.633039 59949825.900947 83132971.9313367 18039463.694345 10717972.0023854 14540.0342638886 398612.734172938 1545583767.07188 1737732231.96915 924928161.929248 1270527495.33187 260813276.66199 173649352.066014 -9.37963532516929e-08 -1.44919953619278e-07
21 58387.2658270614 761940.442517568 1.33468072154719 86888408.0782975 101707074.978665 52827105.3521933 73255830.1956349 15896170.4184561 9444555.13627988 14540.0342638886 398612.734172938 1557299000.10503 1751445477.62352 932050882.478001 1280404637.06757 262956569.937878 174922768.932119 -9.37963532516929e-08 -1.4492095361928e-07
22 58387.2658270614 761942.645337415 1.33769180634251 76564928.3080881 89622943.6859925 46550554.0206204 64552079.053215 14007497.3794605 8322418.40890248 14540.0342638886 398612.734172938 1567622479.87524 1763529608.91619 938327433.809574 1289108388.21 264845242.976874 176044905.659496 -9.37963532516929e-08 -1.44921953619281e-07
23 58387.2658270614 761943.486489653 1.34043541763855 67468054.9707976 78974614.420327 41019764.6231261 56882482.8061846 12343231.0861435 7333610.76813671 14540.0342638886 398612.734172938 1576719353.21253 1774177938.18186 943858223.207069 1296777984.45703 266509509.270191 177033713.300262 -9.37963532516929e-08 -1.44922953619282e-07
24 58387.2658270614 761943.886085627 1.34293433983568 59452018.0608344 69591456.3551143 36146110.7524268 50124142.4049075 10876703.0230838 6462287.37477474 24277.5118676901 398612.734172938 1584735390.12249 1783561096.24707 948731877.077768 1303536324.8583 267976037.333251 177905036.693624 0 0
25 58387.2658270614 761944.057977121 1.34475866752797 52388491.5647077 61323257.6984193 31851571.7382853 44168865.8723193 9584436.04039803 5694499.50842176 24277.5118676901 398612.734172938 1591798916.61862 1791829294.90376 953026416.09191 1309491601.39089 269268304.315937 178672824.559977 0 0
26 58387.2658270614 761944.13018751 1.34642204517254 46164116.3655244 54037326.1330924 28067226.6032872 38921079.8586269 8445691.17093894 5017925.3133392 24277.5118676901 398612.734172938 1598023291.8178 1799115226.46909 956810761.226908 1314739387.40458 270407049.185396 179349398.75506 0 0
27 58387.2658270614 761944.16060269 1.3479383103906 40679248.0680874 47617023.0856153 24732492.7555856 34296773.9295737 7442238.54581686 4421733.69012869 24277.5118676901 398612.734172938 1603508160.11524 1805535529.51657 960145495.074609 1319363693.33363 271410501.810518 179945590.37827 0 0
28 58387.2658270614 761944.173061135 1.34932018011895 35846047.319679 41959528.3544154 21793964.9269437 30221890.5112037 6558008.01999025 3896376.71832276 24277.5118676901 398612.734172938 1608341360.86365 1811193024.24777 963084022.903251 1323438576.752 272294732.336345 180470947.350076 0 0
29 58387.2658270614 761944.178447929 1.35057932297566 31587096.9961751 36974221.4594764 19204574.4385514 26631159.0360788 5778836.18748125 3433439.34793427 24277.5118676901 398612.734172938 1612600311.18715 1816178331.14271 965673413.391643 1327029308.22713 273073904.168854 180933884.720464 0 0
30 58387.2658270614 761944.180589524 1.35172643932629 27834140.3639579 32581204.599959 16922822.0186694 23467032.0844889 5092235.52902472 3025502.24077606 24277.5118676901 398612.734172938 1616353267.81937 1820571348.00223 967955165.811525 1330193435.17872 273760504.82731 181341821.827623 0 0
31 58387.2658270614 761944.180458331 1.35277132684536 24527094.0204094 28710147.2534126 14912177.6823409 20678853.1921586 4487213.8302567 2666034.47953302 24277.5118676901 398612.734172938 1619660314.16291 1824442405.34877 969965810.147854 1332981614.07105 274365526.526078 181701289.588866 0 0
32 58387.2658270614 761944.179825441 1.35372295212462 21613055.5527981 25299124.592611 13140477.3999496 18222020.2050181 3954092.63363696 2349285.70273653 34014.9894714916 398612.734172938 1622574352.63053 1827853428.00957 971737510.430245 1335438447.05819 274898647.722698 182018038.365662 0 0
33 58387.2658270614 761944.181292637 1.35442836034355 19045197.4024962 22293322.7002345 11579250.5799894 16057052.6934085 3484304.87172012 2070165.87053961 34014.9894714916 398612.734172938 1625142210.78083 1830859229.90195 973298737.250205 1337603414.5698 275368435.484615 182297158.197859 0 0
34 58387.2658270614 761944.181908997 1.35507107045897 16782401.6822379 19644611.1048474 10203498.0423567 14149284.0656155 3070328.05724141 1824205.57025583 34014.9894714916 398612.734172938 1627405006.50109 1833507941.49733 974674489.787838 1339511183.19759 275782412.299093 182543118.498143 0 0
35 58387.2658270614 761944.182168608 1.3556565990547 14788444.6892269 17310588.2141339 8991196.21214467 12468174.0288683 2705535.09038889 1607467.37495027 34014.9894714916 398612.734172938 1629398963.4941 1835841964.38805 975886791.61805 1341192293.23434 276147205.265946 182759856.693448 0 0
36 58387.2658270614 761944.18227495 1.35618998958891 13031393.4778515 15253874.974139 7922930.24312282 10986799.8383138 2384083.86222494 1416480.25238556 34014.9894714916 398612.734172938 1631156014.70548 1837898677.62804 976955057.587072 1342673667.4249 276468656.49411 182950843.816013 0 0
37 58387.2658270614 761944.182320929 1.35667584841808 11483104.0124664 13441527.4328801 6981588.90067488 9681433.18839509 2100825.44210654 1248185.01547002 34014.9894714916 398612.734172938 1632704304.17086 1839711025.1693 977896398.92952 1343979034.07481 276751914.914228 183119139.052929 0 0
38 58387.2658270614 761944.18233921 1.35711838243572 10118762.3886857 11844499.7177294 6152085.62987155 8531153.41539653 1851220.14445778 1099884.45414651 34014.9894714916 398612.734172938 1634068645.79464 1841308052.88445 978725902.200323 1345129313.84781 277001520.211877 183267439.614252 0 0
39 58387.2658270614 761944.182338096 1.35752142931582 8916525.99820886 10437224.0015242 5421140.38800764 7517544.96262774 1631271.88013847 969204.330896133 34014.9894714916 398612.734172938 1635270882.18512 1842715328.60066 979456847.442187 1346142922.30058 277221468.476197 183398119.737502 0 0
40 58387.2658270614 761944.182332691 1.35788848961339 7857162.84130045 9197188.30041867 4777060.35093523 6624393.28388986 1437462.16892734 854054.174896624 43752.4670752931 398612.734172938 1636330245.34203 1843955364.30176 980100927.479259 1347036073.97932 277415278.187408 183513269.893502 0 0
41 58387.2658270614 761944.182345212 1.35816212073026 6923649.4453652 8104465.81816975 4209495.45240105 5837345.84763853 1266676.57902073 752583.576765496 43752.4670752931 398612.734172938 1637263758.73797 1845048086.78401 980668492.377793 1347823121.41557 277586063.777315 183614740.491633 0 0
42 58387.2658270614 761944.182350472 1.35841136227132 6101037.63353508 7141558.99233922 3709357.38095257 5143799.80925275 1116180.35244349 663167.706634885 43752.4670752931 398612.734172938 1638086370.5498 1846010993.60984 981168630.449242 1348516667.45396 277736560.003892 183704156.361764 0 0
43 58387.2658270614 761944.182352688 1.3586383787459 5376158.86675077 6293053.41243106 3268639.82348536 4532652.74111772 983564.31465005 584375.176866775 43752.4670752931 398612.734172938 1638811249.31658 1846859499.18975 981609348.006709 1349127814.52209 277869176.041685 183782948.891532 0 0
44 58387.2658270614 761944.182353595 1.3588451452122 4737404.30816769 5545360.37466438 2880284.74705152 3994117.20438555 866704.637469032 514944.135597706 43752.4670752931 398612.734172938 1639450003.87516 1847607192.22751 981997703.083143 1349666350.05882 277986035.718866 183852379.932801 0 0
45 58387.2658270614 761944.182353988 1.35903346245801 4174542.5394495 4886503.51009784 2538071.57256219 3519567.06513477 763729.490433131 453762.452950549 43752.4670752931 398612.734172938 1640012865.64388 1848266049.09208 982339916.257632 1350140900.19808 278089010.865902 183913561.615448 0 0
46 58387.2658270614 761944.182354144 1.35920497260098 3678552.76783126 4305923.54544745 2236515.76669134 3101396.87083572 672988.526133844 399849.591054656 43752.4670752931 398612.734172938 1640508855.4155 1848846629.05673 982641472.063503 1350559070.39237 278179751.830202 183967474.477344 0 0
47 58387.2658270614 761944.182354135 1.3593611715571 3241494.37565511 3794325.60452238 1970789.52956493 2732911.86724373 593029.014404869 352342.424402899 43752.4670752931 398612.734172938 1640945913.80767 1849358226.99766 982907198.300629 1350927555.39597 278259711.341931 184014981.643996 0 0
48 58387.2658270614 761944.182354091 1.35950342214307 2856375.80870795 3343525.73569668 1736642.08044986 2408217.45783478 522571.855539822 310480.98833815 53489.9446790946 398612.734172938 1641331032.37462 1849809026.86648 983141345.749744 1351252249.80538 278330168.500796 184056843.080061 0 0
49 58387.2658270614 761944.182354196 1.35960969409522 2517008.41514054 2946279.82331017 1530310.79357751 2122095.97503921 460484.840229868 273592.591705141 53489.9446790946 398612.734172938 1641670399.76819 1850206272.77887 983347677.036616 1351538371.28818 278392255.516106 184093731.476694 0 0
50 58387.2658270614 761944.18235424 1.35970648340916 2217957.9115391 2596226.77636298 1348491.69010005 1869965.76116758 405773.770317182 241086.54133245 53489.9446790946 398612.734172938 1641969450.27179 1850556325.82581 983529496.140094 1351790501.50205 278446966.586019 184126237.527067 0 0
51 58387.2658270614 761944.182354259 1.35979463441652 1954437.06625745 2287762.90917658 1188274.1908492 1647790.6894645 357562.825289419 212442.47697603 53489.9446790946 398612.734172938 1642232971.11707 1850864789.693 983689713.639345 1352012676.57375 278495177.531046 184154881.591423 0 0
52 58387.2658270614 761944.182354267 1.35987491698342 1722225.62733946 2015948.21316267 1047092.43347771 1452012.65514338 315079.913151945 187201.667682349 53489.9446790946 398612.734172938 1642465182.55599 1851136604.38901 983830895.396716 1352208454.60807 278537660.443184 184180122.400717 0 0
53 58387.2658270614 761944.18235427 1.35994803258416 1517604.08787524 1776428.82597602 922685.00259391 1279495.73279567 277644.552848428 164959.812246365 53489.9446790946 398612.734172938 1642669804.09545 1851376123.7762 983955302.8276 1352380971.53042 278575095.803487 184202364.256153 0 0
54 58387.2658270614 761944.182354271 1.36001462051474 1337293.04850343 1565366.05239701 813058.062893568 1127475.05276759 244656.780675177 145360.448065444 53489.9446790946 398612.734172938 1642850115.13482 1851587186.54978 984064929.7673 1352532992.21045 278608083.575661 184221963.620334 0 0
55 58387.2658270614 761944.182354271 1.36007526284018 1178405.79366978 1379380.85255358 716456.526096457 993516.818087354 215588.474142499 128089.79629592 53489.9446790946 398612.734172938 1643009002.38966 1851773171.74962 984161531.304097 1352666950.44513 278637151.882193 184239234.272103 0 0
56 58387.2658270614 761944.182354272 1.36013048958558 1038400.63002573 1215498.05171651 631335.073266865 875478.120851949 189974.632319731 112871.581154856 53489.9446790946 398612.734172938 1643149007.5533 1851937054.55046 984246652.756927 1352784989.14236 278662765.724016 184254452.487244 0 0
57 58387.2658270614 761944.182354272 1.36018078475997 915026.071929472 1071082.17728308 556324.828258597 771460.727988486 167403.347562936 99461.0717195319 53489.9446790946 398612.734172938 1643272382.1114 1852081470.42489 984321663.001935 1352889006.53523 278685337.008773 184267862.99668 0 0
58 58387.2658270614 761944.182354272 1.36022658809989 806309.859640804 943824.604044128 490226.680909764 679801.822467343 147513.796401722 87643.8882323793 53489.9446790946 398612.734172938 1643381098.32369 1852208727.99813 984387761.149284 1352980665.44075 278705226.559934 184279680.180167 0 0
59 58387.2658270614 761944.182354272 1.36026830050096 710510.454428867 831686.776866746 431981.796652614 599033.108708375 129987.365604838 77230.7297391125 53489.9446790946 398612.734172938 1643476897.7289 1852320865.82531 984446006.033541 1353061434.15451 278722752.990731 184290093.33866 0 0
60 58387.2658270614 761944.182354272 1.36030628712977 626093.190427358 732872.295289891 380657.117128816 527860.7061515 114543.289179608 68054.7818543533 53489.9446790946 398612.734172938 1643561314.9929 1852419680.30689 984497330.713065 1353132606.55706 278738197.067156 184299269.286545 0 0
61 58387.2658270614 761944.182354272 1.36034088060968 551705.802108792 645798.26725193 335430.48118863 465144.516410158 100934.171141328 59969.0566585888 53489.9446790946 398612.734172938 1643635702.38122 1852506754.33492 984542557.349005 1353195322.7468 278751806.185195 184307355.011741 0 0
62 58387.2658270614 761944.182354273 1.36037238389817 486156.401861569 569069.530781776 295577.235523077 409879.656112461 88941.9565271699 52843.9989152462 53489.9446790946 398612.734172938 1643701251.78147 1852583483.07139 984582410.594671 1353250587.6071 278763798.399809 184314480.069484 0 0
63 58387.2658270614 761944.182354283 1.36040107287178 428395.050906364 501457.081867116 260459.030003119 361180.919295555 78374.5598088781 46565.4828748689 53489.9446790946 398612.734172938 1643759013.13242 1852651095.52031 984617528.800191 1353299286.34392 278774365.796527 184320758.585524 0 0
64 58387.2658270614 761944.1823543 1.36042719884393 377496.420457274 441877.778506741 229513.27587452 318268.158988001 69062.6927649376 41032.9275862004 53489.9446790946 398612.734172938 1643809911.76287 1852710674.82367 984648474.554319 1353342199.10423 278783677.663571 184326291.140813 0 0
65 58387.2658270614 761944.182354309 1.36045099067575 332645.258800017 389377.329224207 202244.309916471 280454.034467729 60857.2056932098 36157.7172035169 53489.9446790946 398612.734172938 1643854762.92453 1852763175.27295 984675743.520277 1353380013.22875 278791883.150643 184331166.351196 0 0
66 58387.2658270614 761944.182354284 1.36047265686522 293122.958814229 343114.569704415 178215.227656973 247132.686307099 53626.6299490059 31861.7409095099 53489.9446790946 398612.734172938 1643894285.22451 1852809438.03247 984699772.602537 1353413334.57691 278799113.726387 184335462.32749 0 0
67 58387.2658270614 761944.182354248 1.36049238726661 258296.36938147 302348.366006716 157041.080843695 217770.303243524 47255.131000402 28076.1767430003 53489.9446790946 398612.734172938 1643929111.81395 1852850204.23617 984720946.74935 1353442696.95997 278805485.225335 184339247.891656 0 0
68 58387.2658270614 761944.18235426 1.36051035478226 227607.606144308 266425.687566666 138382.682508244 191896.531605428 41640.6443141 24740.3840536414 53489.9446790946 398612.734172938 1643959800.57718 1852886126.91461 984739605.147686 1353468570.73161 278811099.712022 184342583.684346 0 0
69 58387.2658270614 761944.182354348 1.36052671688354 200565.053783216 234771.074926903 121941.136458922 169096.889309811 36693.2292285966 21800.9254716643 53489.9446790946 398612.734172938 1643986843.12954 1852917781.52725 984756046.693735 1353491370.3739 278816047.127107 184345523.142927 0 0
70 58387.2658270614 761944.18235436 1.36054161698338 176735.479331781 206877.40799198 107453.042271381 149006.116578937 32333.6260909957 19210.7096447401 53489.9446790946 398612.734172938 1644010672.704 1852945675.19419 984770534.787922 1353511461.14664 278820406.730245 184348113.358754 0 0
71 58387.2658270614 761944.182354156 1.36055518569084 155737.114556752 182297.808620351 94686.2894590312 131302.343677961 28491.9906835202 16928.2393097931 53489.9446790946 398612.734172938 1644031671.06877 1852970254.79356 984783301.540735 1353529164.91954 278824248.365652 184350395.829089 0 0
72 58387.2658270614 761944.182353777 1.36056754194207 137233.645497853 160638.605090658 83436.4031856555 115702.023481193 25106.7946142375 14916.9579708401 53489.9446790946 398612.734172938 1644050174.53783 1852991913.99709 984794551.427008 1353544765.23973 278827633.561722 184352407.110428 0 0
