"Time" "IECs" "pheme_e" "BiomassCD" "pro_L_e" "leu_L_e" "ile_L_e" "val_L_e" "trp_L_e" "cys_L_e" "Drug" "Damage" "pro_L_v" "leu_L_v" "ile_L_v" "val_L_v" "trp_L_v" "cys_L_v" "CD" "pheme_c"
0 457000 1e+05 0.4963 224235600.199112 195370466.451958 120509812.093413 157438605.791629 18978882.6152 31300034.1459915 0 0 0 0 0 0 0 0 45700000 1000
1 370592.91374079 134005.242171924 0.594123777998253 297060611.444408 318511416.331704 174293225.144293 236993810.763222 45167990.638088 34831873.5318159 0 86407.0862592098 236469508.887848 236226121.872307 134498120.750493 180410018.310085 30147934.243663 29648481.7377122 48532264.0512883 781.58780829807
2 296189.077146105 210850.123437284 0.697811998350325 335084526.632656 376541762.509279 200795342.008411 275525124.882749 56710667.7597419 37405529.4894737 0 160810.922853895 464578445.276154 487641332.092029 269999630.727748 365641846.435748 67115843.2700991 55645899.0324136 52252900.0337042 1068.51974844458
3 232288.94159848 291429.187100533 0.803528797126893 364077071.833177 416166895.883818 219826430.351227 302681348.400858 63930306.917155 39916349.9456877 0 224711.05840152 663906664.194052 713776862.460061 389953439.805914 530552970.563546 101558035.942391 77672730.6264874 57057144.0028726 1302.86814007297
4 177815.816168107 363498.535348047 0.907130642514538 391468894.430955 451085393.016826 237142824.044837 327114846.962653 69872243.1087432 42606911.7485518 0 279184.183831893 830835002.761074 905412093.991973 490924456.585972 669712741.630935 131131112.945102 95899848.9888865 63165462.0162306 1455.65989416734
5 132019.270338615 422824.64302646 1.00479455157425 419235447.62512 485405899.571974 254372714.041236 351339272.524574 75490529.5145925 45503566.914346 0 324980.729661384 966012134.68301 1061559421.54168 572882366.685995 782838465.405414 155370193.951703 110589067.421617 70824626.5995908 1541.10514578248
6 94355.7490282278 467695.377790773 1.0935497154157 447242659.808011 519761087.27788 271600389.1439 375602679.847851 81005034.2328268 48527139.9680086 0 362644.250971772 1071437909.70128 1183846818.96568 636878897.590935 871282475.851572 174409666.295742 122028286.551143 80308687.3292221 1575.68721266272
7 64349.7276968651 497441.733969348 1.17156372385038 474301923.614935 553208417.906879 288174215.381963 399095646.372634 86320128.4195037 51531003.7780506 0 392650.272303135 1149907542.23542 1275194531.05382 684543833.466019 937242704.504798 188655027.573298 130546734.932345 91917618.0518329 1571.28138166304
8 41452.8656754207 512189.418786 1.23815209707175 498692825.341164 584061632.201925 303081230.37559 420497889.49537 91196125.4802363 54331081.405735 9737.47760380151 415547.134324579 1204997298.4653 1339569365.90596 718019957.761012 983641538.508239 198703284.417841 136539052.320895 105972234.98201 1535.9580757335
9 40654.8910228961 671940.77253694 1.25089579277811 459240045.923743 537805604.512538 279094799.361251 387207177.529188 83978975.258919 50028153.6230081 5906.54150217061 416345.108977104 1247309221.06272 1389120147.85764 743734305.458363 1019316858.9414 206440670.313277 141148402.370192 863.838623031973 49.0255453869251
10 40654.8720777405 743666.91809121 1.26260439994474 420524383.311985 492466568.765555 255566058.186091 354564156.019409 76899231.8269361 45810592.0561337 5857.90817386802 416345.127922259 1286024951.55497 1434459261.86616 767263087.677155 1051959937.09352 213520426.096533 145365971.212005 0.239900961773971 0.720704587105458
11 40654.8720724138 773917.532423873 1.27334295965926 385072541.036016 450949720.242548 234020844.768101 324673017.634103 70416327.277128 41948580.8420276 5857.197906761 416345.127927586 1321476793.85003 1475976110.41118 788808301.10669 1081851075.49476 220003330.649813 149227982.428157 6.91316860878853e-05 0.010539631808896
12 40654.8720724123 786675.710860577 1.28317585595978 352609427.033209 412932903.623057 214291976.689633 297301818.543318 64479956.8106539 38412152.2032394 5857.18752113167 416345.127927588 1353939907.85284 1513992927.03068 808537169.185162 1109222274.58555 225939701.116288 152764411.066946 1.47990359160078e-08 0.000154033125582161
13 40654.8720724123 792056.388841314 1.29216608890326 322883080.579535 378121053.416725 196226329.395641 272238118.648268 59044045.6054469 35173858.3378936 5857.18736934635 416345.127927588 1383666254.30651 1548804777.23701 826602816.479154 1134285974.4806 231375612.321495 156002704.932292 1.6354859309938e-08 2.24784966953969e-06
14 40654.8720724123 794325.638102325 1.3003747023339 295662782.804279 346243979.986235 179683687.68178 249287387.869558 54066403.2330087 32208565.4642514 5857.18736712402 416345.127927588 1410886552.08177 1580681850.6675 843145458.193015 1157236705.25931 236353254.693934 158967997.805934 1.93967220713736e-08 2.55891709081616e-08
15 40654.8720724123 795282.945725375 1.30786035049044 270737257.23617 317054262.247348 164535652.108939 228271488.941681 49508394.6010866 29493257.7938817 5857.18736708857 416345.127927588 1435812077.64988 1609871568.40639 858293493.765855 1178252604.18719 240911263.325856 161683305.476304 2.30296234033192e-08 -9.78832179246034e-09
16 40654.8720724123 795686.679296367 1.31467898075454 247913051.426294 290325352.4242 150664655.46395 209027312.882133 45334644.0089911 27006861.2307959 15594.6649708894 416345.127927588 1458636283.45975 1636600478.22954 872164490.410845 1197496780.24674 245085013.917951 164169702.039389 2.73702735901415e-08 0
17 40654.8720724123 795856.79694699 1.31943820842778 227013178.531279 265849985.238176 137963137.206433 191405633.645443 41512786.7405756 24730095.3898303 15594.6649708894 416345.127927588 1479536156.35476 1661075845.41556 884866008.668362 1215118459.48343 248906871.186366 166446467.880355 -1.18640809051152e-08 -8.19529384148833e-14
18 40654.8720724123 795928.510447484 1.3237859961998 207875178.634113 243437907.564682 126332365.27173 175269473.530322 38013114.5474797 22645262.4030869 15594.6649708894 416345.127927588 1498674156.25193 1683487923.08906 896496780.603065 1231254619.59855 252406543.379462 168531300.867098 -1.18640809051152e-08 -8.19529384148835e-14
19 40654.8720724123 795958.967798671 1.32775543477248 190350579.191809 222915246.575644 115682108.167765 160493648.257364 34808476.9838409 20736188.1428142 15594.6649708894 416345.127927588 1516198755.69424 1704010584.0781 907147037.70703 1246030444.87151 255611180.943101 170440375.127371 -1.18640809051152e-08 -8.19529384148835e-14
20 40654.8720724123 795971.731903125 1.33137739568529 174303385.417833 204122741.860602 105929717.532381 146963494.13851 31874005.349931 18988057.7684587 15594.6649708894 416345.127927588 1532245949.46821 1722803088.79314 916899428.342415 1259560598.99036 258545652.577011 172188505.501726 -1.18640809051152e-08 -8.19529384148836e-14
21 40654.8720724123 795977.129097275 1.33468059093448 159609045.902878 186914534.088659 96999499.5081425 134573995.9426 29186923.5403 17387303.0446737 15594.6649708894 416345.127927588 1546940288.98317 1740011296.56508 925829646.366653 1271950097.18627 261232734.386642 173789260.225511 -1.18640809051152e-08 -8.19529384148837e-14
22 40654.8720724123 795979.362091363 1.33769167086262 146153440.050991 171156979.217887 88822099.3750315 123228933.154498 26726362.8811853 15921492.035824 15594.6649708894 416345.127927588 1560395894.83505 1755768851.43585 934007046.499764 1283295159.97438 263693295.045757 175255071.234361 -1.18640809051152e-08 -8.19529384148838e-14
23 40654.8720724123 795980.365966232 1.34043530717494 133832061.69897 156727692.450522 81334005.4099581 112840191.645693 24473212.8429953 14579240.1720729 15594.6649708894 416345.127927588 1572717273.18707 1770198138.20322 941495140.464837 1293683901.48318 265946445.083947 176597323.098112 -1.18640809051152e-08 -8.19529384148839e-14
24 40654.8720724123 795980.628804404 1.34293425781058 122549404.622569 143514828.613212 74477175.4393128 103327245.565273 22410008.6708412 13350143.3083782 25332.1425746909 416345.127927588 1583999930.26348 1783411002.04053 948351970.435482 1303196847.5636 268009649.256101 177826419.961807 0 0
25 40654.8720724123 795980.806384399 1.3447585792842 112218171.817917 131416156.164421 68198556.29411 94616490.6474012 20520786.7897085 12224691.5861189 25332.1425746909 416345.127927588 1594331163.06813 1795509674.48932 954630589.580685 1311907602.48147 269898871.137234 178951871.684066 0 0
26 40654.8720724123 795980.881779742 1.34642195933925 102757786.352519 120337313.285804 62449178.8067207 86639988.638796 18790812.4910817 11194107.2099276 25332.1425746909 416345.127927588 1603791548.53353 1806588517.36794 960379967.068074 1319884104.49008 271628845.43586 179982456.060258 0 0
27 40654.8720724123 795980.913522589 1.34793822882574 94094925.812464 110192433.761214 57184482.6114594 79335917.9166512 17206677.664684 10250402.6686741 25332.1425746909 416345.127927588 1612454409.07359 1816733396.89253 965644663.263336 1327188175.21222 273212980.262258 180926160.601511 0 0
28 40654.8720724123 795980.927245066 1.34932010767652 86162347.6078224 100902771.318494 52363602.2452699 72647583.0476152 15756085.9878362 9386252.76796235 25332.1425746909 416345.127927588 1620386987.27823 1826023059.33525 970465543.629525 1333876510.08126 274663571.939106 181790310.502223 0 0
29 40654.8720724123 795980.932311063 1.35057926396413 78898492.5715535 92396235.413142 47949126.2421584 66523080.56313 14427780.437533 8594951.44745299 25332.1425746909 416345.127927588 1627650842.3145 1834529595.2406 974880019.632637 1340001012.56574 275991877.489409 182581611.822732 0 0
30 40654.8720724123 795980.933745908 1.35172638582694 72247036.8198303 84606866.4221064 43906824.7844434 60914921.1115069 13211461.3413374 7870362.96194934 25332.1425746909 416345.127927588 1634302298.06622 1842318964.23164 978922321.090352 1345609172.01737 277208196.585605 183306200.308236 0 0
31 40654.8720724123 795980.935624065 1.35277127925111 66156323.9153528 77474170.6631146 40205304.6103199 55779550.6877437 12097682.539871 7206860.02307021 25332.1425746909 416345.127927588 1640393010.9707 1849451659.99063 982623841.264475 1350744542.44113 278321975.387071 183969703.247115 0 0
32 40654.8720724123 795980.936239066 1.35372291737081 60579072.5425588 70942778.0597439 36815831.3587769 51077104.1605591 11077797.930813 6599291.95431488 35069.6201784924 416345.127927588 1645970262.34349 1855983052.594 986013314.516018 1355446988.96831 279341859.996129 184577271.31587 0 0
33 40654.8720724123 795980.936494985 1.35442832295276 55472102.9512295 64962121.785731 33712163.3206653 46771174.6239542 10143911.444984 6042954.89069752 35069.6201784924 416345.127927588 1651077231.93482 1861963708.86801 989116982.55413 1359752918.50491 280275746.481958 185133608.379487 0 0
34 40654.8720724123 795980.936603639 1.35507103413632 50795610.2827359 59485587.2738187 30870109.8159197 42828200.7039271 9288744.1630797 5533512.61721403 35069.6201784924 416345.127927588 1655753724.60331 1867440243.37993 991959036.058875 1363695892.42494 281130913.763862 185643050.652971 0 0
35 40654.8720724123 795980.936649386 1.35565656452602 46513352.9180976 54470732.7858962 28267645.6586706 39217625.3637007 8505668.75795739 5067017.08688201 35069.6201784924 416345.127927588 1660035981.96795 1872455097.86785 994561500.216124 1367306467.76517 281913989.168985 186109546.183303 0 0
36 40654.8720724123 795980.936669162 1.3561899589576 42592091.4321246 49878632.3849174 25884570.1918115 35911422.8592116 7788606.89893056 4639847.30218505 35069.6201784924 416345.127927588 1663957243.45392 1877047198.26883 996944575.682983 1370612670.26966 282631051.028011 186536715.968 0 0
37 40654.8720724123 795980.936676465 1.35667582348461 39001395.6472993 45673649.9800785 23702390.0274994 32883936.0570399 7131993.96865877 4248688.29613485 35069.6201784924 416345.127927588 1667547939.23875 1881252180.67367 999126755.847296 1373640157.07183 283287663.958283 186927874.97405 0 0
38 40654.8720724123 795980.936678532 1.35711835980903 35713423.3573556 41823180.1950188 21704184.5704274 30111689.8657086 6530738.59941355 3890507.02712001 35069.6201784924 416345.127927588 1670835911.52869 1885102650.45872 1001124961.30437 1376412403.26316 283888919.327528 187286056.243065 0 0
39 40654.8720724123 795980.936681236 1.35752140919498 32702639.552447 38297319.5587827 19874435.3820195 27573154.5010379 5980171.32916176 3562521.79218668 35069.6201784924 416345.127927588 1673846695.3336 1888628511.09496 1002954710.49277 1378950938.62783 284439486.59778 187614041.477998 0 0
40 40654.8720724123 795980.936682125 1.35788847519607 29945671.9704088 35068697.3451785 18198938.3943324 25248623.6945268 5476018.18693323 3262186.49125136 44807.0977822939 416345.127927588 1676603662.91564 1891857133.30856 1004630207.48046 1381275469.43434 284943639.740009 187914376.778933 0 0
41 40654.8720724123 795980.936682493 1.35816210528316 27421176.7069964 32112318.1919764 16664722.2371186 23120101.3829387 5014376.11762406 2987175.98710673 44807.0977822939 416345.127927588 1679128158.17905 1894813512.46176 1006164423.63767 1383403991.74593 285405281.809318 188189387.283078 0 0
42 40654.8720724123 795980.936682649 1.35841134730486 25109475.4618374 29405137.2878691 15259827.7806401 21170995.853069 4591646.64694276 2735346.58814655 44807.0977822939 416345.127927588 1681439859.42421 1897520693.36587 1007569318.09415 1385353097.2758 285828011.279999 188441216.682038 0 0
43 40654.8720724123 795980.936682715 1.35863836453989 22992654.0367089 26926175.7215706 13973367.9962083 19386202.7903386 4204553.89330716 2504746.77845554 44807.0977822939 416345.127927588 1683556680.84934 1899999654.93217 1008855777.87858 1387137890.33853 286215104.033635 188671816.491729 0 0
44 40654.8720724123 795980.936682743 1.35884513261195 21054281.4413907 24656191.5330518 12795357.2478666 17751868.4435478 3850093.20210931 2293586.61809222 44807.0977822939 416345.127927588 1685495053.44466 1902269639.12069 1010033788.62693 1388772224.68532 286569564.724833 188882976.652092 0 0
45 40654.8720724123 795980.936682754 1.35903345217824 19279315.3116163 22577568.9506462 11716653.8118672 16255309.8782403 3525513.84995987 2100227.43962061 44807.0977822939 416345.127927588 1687270019.57443 1904348261.70309 1011112492.06292 1390268783.25063 286894144.076982 189076335.830564 0 0
46 40654.8720724123 795980.936682757 1.35920496327603 17653992.5905253 20674190.3705794 10728893.4403092 14884922.8050251 3228299.05414145 1923169.93929447 44807.0977822939 416345.127927588 1688895342.29552 1906251640.28316 1012100252.43448 1391639170.32384 287191358.872801 189253393.33089 0 0
47 40654.8720724123 795980.936682761 1.35936116326792 16165690.7147982 18931273.7951988 9824404.99953246 13630064.5389883 2956140.58839782 1761039.05511532 44807.0977822939 416345.127927588 1690383644.17125 1907994556.85854 1013004740.87526 1392894028.58988 287463517.338544 189415524.215069 0 0
48 40654.8720724123 795980.936682762 1.35950341620449 14802856.2240224 17335289.2290213 8996167.08375589 12480993.8068464 2706925.72807868 1612576.18976325 54544.5753860954 416345.127927588 1691746478.66202 1909590541.42472 1013832978.79104 1394043099.32202 287712732.198864 189563987.080421 0 0
49 40654.8720724123 795980.936682762 1.35960968777002 13554938.5728907 15873881.1676998 8237767.79064307 11428814.9408547 2478725.14670101 1476632.0003078 54544.5753860954 416345.127927588 1692994396.31315 1911051949.48604 1014591378.08415 1395095278.18801 287940932.780242 189699931.269877 0 0
50 40654.8720724123 795980.936682763 1.35970647729947 12412209.7841998 14535657.3977399 7543295.11868682 10465325.8196532 2269759.93677729 1352146.75177789 54544.5753860954 416345.127927588 1694137125.10184 1912390173.256 1015285850.75611 1396058767.30921 288149897.990165 189824416.518406 0 0
51 40654.8720724123 795980.936682763 1.35979462862978 11365814.7038079 13310247.8489407 6907367.50874697 9583060.24061639 2078410.79969311 1238155.79177741 54544.5753860954 416345.127927588 1695183520.18223 1913615582.8048 1015921778.36605 1396941032.88825 288341247.127249 189938407.478407 0 0
52 40654.8720724123 795980.936682763 1.35987491185083 10407631.1164301 12188140.7791754 6325048.83196522 8775169.97681199 1903192.46576871 1133774.31194382 54544.5753860954 416345.127927588 1696141703.76961 1914737689.87457 1016504097.04283 1397748923.15206 288516465.461174 190042788.95824 0 0
53 40654.8720724123 795980.936682763 1.35994802838432 9530223.22277745 11160628.2925235 5791820.116341 8035385.55135865 1742745.18685146 1038192.27989527 54544.5753860954 416345.127927588 1697019111.66326 1915765202.36122 1017037325.75846 1398488707.57751 288676912.740091 190138370.990289 0 0
54 40654.8720724123 795980.936682763 1.36001461670731 8726787.61893305 10219743.0769437 5303546.71667823 7357970.69006258 1595824.85782932 950668.554395253 54544.5753860954 416345.127927588 1697822547.26711 1916706087.5768 1017525599.15812 1399166122.4388 288823833.069113 190225894.715789 0 0
55 40654.8720724123 795980.936682763 1.36007525945616 7991084.67162426 9358178.03941103 4856436.60915311 6737664.46063785 1461290.46756336 870523.409592487 54544.5753860954 416345.127927588 1698558250.21442 1917567652.61433 1017972709.26564 1399786428.66823 288958367.459379 190306039.860592 0 0
56 40654.8720724123 795980.936682763 1.36013048714542 7317403.23206368 8569244.98309626 4447018.94679165 6169651.5212635 1338097.64628092 797134.691058706 54544.5753860954 416345.127927588 1699231931.65398 1918356585.67064 1018382126.928 1400354441.6076 289081560.280662 190379428.579126 0 0
57 40654.8720724123 795980.936682763 1.36018078344601 6700509.66016975 7846814.91078691 4072113.07986532 5649519.14047359 1225289.34388479 729932.262648991 54544.5753860954 416345.127927588 1699848825.22587 1919079015.74295 1018757032.79493 1400874573.98839 289194368.583058 190446631.007535 0 0
58 40654.8720724123 795980.936682763 1.36022658702483 6135630.12881821 7185297.30179726 3728817.8016213 5173242.27702804 1121992.59401843 668396.078783079 54544.5753860954 416345.127927588 1700413704.75722 1919740533.35194 1019100328.07317 1401350850.85184 289297665.332924 190508167.191401 0 0
59 40654.8720724123 795980.936682763 1.36026829813745 5618386.52731238 6579565.04997595 3414472.39478023 4737129.53707257 1027406.79304794 612049.201972771 54544.5753860954 416345.127927588 1700930948.35873 1920346265.60377 1019414673.48002 1401786963.59179 289392251.133895 190564514.068211 0 0
60 40654.8720724123 795980.936682764 1.36030628439406 5144741.00204623 6024889.51653425 3126622.92713136 4337776.41372778 940793.558485026 560451.761257742 54544.5753860954 416345.127927588 1701404593.884 1920900941.13721 1019702522.94766 1402186316.71514 289478864.368457 190616111.508927 0 0
61 40654.8720724123 795980.936682763 1.36034087816275 4711019.50913832 5516968.11200151 2863036.56521806 3972085.1454376 861481.035941717 513203.517954746 54544.5753860954 416345.127927588 1701838315.3769 1921408862.54174 1019966109.30958 1402552007.98343 289558176.891001 190663359.75223 0 0
62 40654.8720724123 795980.936682763 1.36037238170328 4313862.2270288 5051866.22554208 2621671.43849411 3637222.90646586 788854.83132511 469938.463763274 54544.5753860954 416345.127927588 1702235472.65901 1921873964.4282 1020207474.4363 1402886870.2224 289630803.095617 190706624.806421 0 0
63 40654.8720724123 795980.936682763 1.36040107091904 3950186.85314397 4625974.24251147 2400654.33353798 3330590.86056427 722351.299078414 430320.822420639 54544.5753860954 416345.127927588 1702599148.0329 1922299856.41123 1020428491.54126 1403193502.2683 289697306.627864 190746242.447764 0 0
64 40654.8720724123 795980.936682763 1.36042719712077 3617170.72821562 4235986.61065213 2198269.83043252 3049809.08913386 661454.273342887 394043.102382042 54544.5753860954 416345.127927588 1702932164.15783 1922689844.04309 1020630876.04436 1403474284.03973 289758203.6536 190782520.167802 0 0
65 40654.8720724123 795980.936682763 1.36045098919393 3312229.16997598 3878876.46717496 2012947.13546148 2792698.32333026 605691.105946873 360823.73656205 54544.5753860954 416345.127927588 1703237105.71606 1923046954.18657 1020816198.73933 1403731394.80554 289813966.820996 190815739.533622 0 0
66 40654.8720724123 795980.936682763 1.36047265556274 3032995.6337183 3551872.4052417 1843248.02405043 2557263.21648647 554629.03846481 330404.921089007 54544.5753860954 416345.127927588 1703516339.25232 1923373958.2485 1020985897.85074 1403966829.91238 289865028.888478 190846158.349095 0 0
67 40654.8720724123 795980.936682762 1.36049238612973 2777302.51224429 3252435.98921883 1687855.17228346 2341676.15563322 507871.691197767 302550.523712229 54544.5753860954 416345.127927588 1703772032.3738 1923673394.66452 1021141290.70251 1404182416.97323 289911786.235745 190874012.746472 0 0
68 40654.8720724123 795980.936682758 1.3605103538226 2543164.88534911 2978242.72406788 1545562.28094774 2144263.55991495 465056.091521447 277044.313522459 54544.5753860954 416345.127927588 1704006170.00069 1923947587.92967 1021283583.59385 1404379829.56895 289954601.835421 190899518.956662 0 0
69 40654.8720724123 795980.936682742 1.36052671609339 2328765.93418443 2727164.9744369 1415265.21137752 1963493.58274405 425850.006682298 253688.372038862 54544.5753860954 416345.127927588 1704220568.95186 1924198665.6793 1021413880.66342 1404560599.54612 289993807.92026 190922874.898145 0 0
70 40654.8720724123 795980.936682709 1.3605416163778 2132441.569646 2497253.96331363 1295952.64363578 1797963.15126146 389949.132866112 232301.418674328 54544.5753860954 416345.127927588 1704416893.3164 1924428576.69043 1021533193.23116 1404726129.97761 290029708.794076 190944261.85151 0 0
71 40654.8720724123 795980.93668266 1.36055518524594 1952668.14622057 2286725.38399029 1186698.6098278 1646387.60729535 357074.848489469 212717.472320946 54544.5753860954 416345.127927588 1704596666.73982 1924639105.26975 1021642447.26497 1404877705.52157 290062583.078453 190963845.797863 0 0
72 40654.8720724123 795980.936682613 1.36056754162456 1788050.63305358 2093945.54746921 1086655.30528234 1507590.73382431 326972.051100887 194784.562743649 54544.5753860954 416345.127927588 1704761284.25299 1924831885.10627 1021742490.56951 1405016502.39504 290092685.875842 190981778.707441 0 0
