"Time" "IECs" "pheme_e" "BiomassCD" "pro_L_e" "leu_L_e" "ile_L_e" "val_L_e" "trp_L_e" "cys_L_e" "Drug" "Damage" "pro_L_v" "leu_L_v" "ile_L_v" "val_L_v" "trp_L_v" "cys_L_v" "CD" "pheme_c"
0 457000 1e+05 0.4963 224235600.199112 195370466.451958 120509812.093413 157438605.791629 18978882.6152 31300034.1459915 0 0 0 0 0 0 0 0 45700000 1000
1 313976.967211999 165038.895070397 0.594123777893442 447850755.088419 491803711.055199 265627064.272723 362827774.769749 72003875.1831367 51208440.8428773 0 143023.032788001 288429380.887595 298399548.762054 166580027.555688 224944539.858908 40225465.7890188 35012437.8937065 48532264.0535152 957.725092650975
2 210174.230988519 287129.601451105 0.697811932976262 540384176.225119 611925680.491358 324959377.282098 446558300.389222 93023880.6850752 59806815.146766 0 246825.769011481 567102917.889165 609993159.279349 333211711.465855 453354453.258305 86883681.1121213 66274314.2996342 52252903.1924059 1453.89020450468
3 136004.316683536 399255.977758854 0.80352893013477 594950414.973352 681032247.514546 359409991.502771 495051577.050577 104755753.543881 65163674.2722393 0 320995.683316464 777256365.39079 849359265.850587 459903912.150771 627668628.845413 123508858.016826 89398702.2672744 57057136.0528467 1785.39049244803
4 84272.9556333269 484322.869563727 0.907130710575729 634550348.383021 730467544.907065 384093912.374003 529829001.21625 112924296.10369 69249523.5411246 0 372727.044366673 921613476.089769 1015074699.06589 547201529.301422 747998450.714614 149066778.185004 105177695.641669 63165455.0681611 1940.48684649165
5 49436.5008541695 540379.728617499 1.00479455924031 665212897.75439 768874036.718191 403050299.061752 556720215.785793 119153010.022539 72556250.8055538 0 407563.49914583 1013932308.96839 1121553022.68128 603110497.33449 825167736.927541 165548269.056211 115248167.012437 70824623.6568161 1970.56383273374
6 27088.9195290132 570403.694685776 1.09354975514599 688158830.947456 798418790.919597 417169143.838561 577087885.328164 123888253.096448 75162282.6243454 0 429911.080470987 1068689958.96261 1184951859.21119 636296659.638352 871036881.548819 175379549.644164 121223606.422505 80308690.161911 1922.54685395143
7 13648.470200714 579005.744549351 1.17156386577339 703550028.948782 819712713.703359 426616946.726071 591249574.158303 127274924.041915 77067832.9088601 0 443351.529799286 1098461810.71125 1219556765.18383 654347147.88398 896026597.638503 180750842.718377 124479188.680057 91917627.8075079 1829.53809256046
8 6208.84945114726 571170.281966738 1.23815238911688 711870372.525004 833589702.07603 431723526.63279 599723106.539567 129469092.585278 78320808.1081855 9737.47760380151 450791.150548853 1113077066.14587 1236621159.50861 663210131.360394 908321781.58694 183400801.298506 126083027.848566 105972257.017202 1713.25017788676
9 6005.89120374892 734399.706636378 1.25089605424522 703344194.380221 823598328.603427 426554321.028481 592538421.494398 127918492.741518 77383744.4682912 5729.57052593429 450994.108796251 1122302447.40567 1247423853.24202 668805010.139711 916093785.209259 185078638.185432 127098027.455461 629.480776736123 144.617990177764
10 6005.88735237634 808618.762362532 1.26260463304684 694252572.863927 812952268.761067 421040561.972242 584879106.00139 126264982.938939 76383460.8120589 5591.93882725147 450994.112647624 1131394082.18266 1258069928.47134 674318777.269042 923753111.840999 186732150.401117 128098312.59062 0.298759296168776 7.2569738577675
11 6005.8873504769 840278.755466053 1.2733431665487 685278459.964087 802443808.688684 415598067.86242 577318786.695157 124632844.641611 75396105.7372718 5585.0532429192 450994.112649523 1140368195.08904 1268578388.55132 679761271.382846 931313431.152726 188364288.699636 129085667.666137 0.000161434484894446 0.371538964168042
12 6005.88735047587 853784.060114 1.28317603870904 676420349.080392 792071184.054209 410225925.028152 569856194.29432 123021803.842746 74421513.5038395 5584.70074731821 450994.112649524 1149226305.97273 1278951013.1858 685133414.217117 938776023.553567 189975329.498501 130060259.899569 1.32104645047465e-07 0.0190434471241553
13 6005.88735047587 859545.061601699 1.29216624957045 667676740.742757 781832639.015888 404923224.091868 562490065.557272 121431587.830983 73459519.1362007 5584.68268019767 450994.112649524 1157969914.31037 1289189558.22412 690436115.153401 946142152.290614 191565545.510265 131022254.267208 4.70832990739161e-08 0.000976326790358605
14 6005.88735047587 862002.554837366 1.30037484307476 659046154.857602 771726440.421435 399689067.427176 555219153.566332 119861927.418999 72509959.790638 5584.68175392116 450994.112649524 1166600500.19552 1299295756.81857 695670271.818093 953413064.281554 193135205.922248 131971813.612771 5.58427134097739e-08 5.0050482879088e-05
15 6005.88735047586 863050.852537212 1.30786048033119 650527130.247607 761750877.269025 394522568.87975 548042227.339983 118312556.859809 71572674.7046494 5584.68170638358 450994.112649524 1175119524.80552 1309271319.97098 700836770.365518 960589990.507903 194684576.481439 132909098.698759 6.62114208272586e-08 2.51314285128498e-06
16 6005.88735047586 863497.832105611 1.31467911997543 642118224.398559 751904260.410869 389422853.613806 540958071.619605 116783213.800718 70647505.1690962 15322.1593077992 450994.112649524 1183528430.65457 1319117936.82914 705936485.631462 967674146.228281 196213919.540529 133834268.234313 0 1.27329650252189e-07
17 6005.88735047586 863688.884776422 1.3194383942795 633818039.258357 742184952.763181 384389073.758316 533965508.604072 115273643.975439 69734297.3666762 15322.1593076627 450994.112649524 1191828615.79477 1328837244.47683 710970265.486951 974666709.243814 197723489.365808 134747476.036733 0 -9.22815583345893e-09
18 6005.88735047586 863770.081710548 1.32378611546478 625625123.317897 732591254.645377 379420349.022399 527063315.456938 113783583.395361 68832891.5986094 15322.1593076627 450994.112649524 1200021531.73523 1338430942.59463 715938990.222868 981568902.390948 199213549.945886 135648881.8048 0 -9.22815583345893e-09
19 6005.88735047586 863804.814844364 1.32775554413412 617538109.113834 723121564.792339 374515850.086069 520250340.146843 112312783.357429 67943137.4130478 15322.1593076627 450994.112649524 1208108545.9393 1347900632.44767 720843489.159199 988381877.701043 200684349.983818 136538635.990362 0 -9.22815583345893e-09
20 6005.88735047586 863819.757829042 1.33137748898231 609555630.126928 713774283.044469 369674748.201902 513525431.437787 110860995.330293 67064884.4620154 15322.1593076627 450994.112649524 1216091024.9262 1357247914.19554 725684591.043365 995106786.410098 202136138.010954 137416888.941394 0 -9.22815583345893e-09
21 6005.88735047586 863826.117931151 1.33468075407124 601676330.989136 704547822.299944 364896221.385303 506887447.488202 109427972.810693 66197983.6244206 15322.1593076627 450994.112649524 1223970324.06399 1366474374.94006 730463117.859965 1001744770.35968 203569160.530554 138283789.778989 0 -9.22815583345893e-09
22 6005.88735047586 863828.778238443 1.33769236759923 593898855.511452 695440594.495611 360179447.153785 500335245.764886 108013469.146058 65342285.6888467 15322.1593076627 450994.112649524 1231747799.54168 1375581602.7444 735179892.091483 1008296972.083 204983664.195188 139139487.714563 0 -9.22815583345893e-09
23 6005.88735047586 863829.847313735 1.34043670890582 586221896.948651 686451069.465739 355523633.010835 493867725.388983 106617246.67625 64497646.8838099 15322.1593076627 450994.112649524 1239424758.10448 1384571127.77427 739835706.234433 1014764492.4589 206379886.664997 139984126.519599 0 -9.22815583345893e-09
24 6005.88735047586 863830.258655897 1.3429349253694 578644244.006429 677577828.815222 350928044.347674 487483865.895093 105239085.100961 63663933.9395827 25059.6369114642 450994.112649524 1247002411.0467 1393444368.42479 744431294.897594 1021148351.95279 207758048.240286 140817839.463827 0 0
25 6005.88735047586 863830.501842147 1.34475991889296 571164502.376934 668819239.844698 346391835.564034 481182492.636462 103878730.834876 62840993.4508149 25059.6369114642 450994.112649524 1254482152.67619 1402202957.39531 748967503.681234 1027449725.21142 209118402.506371 141640779.952595 0 0
26 6005.88735047586 863830.589430739 1.34642334082338 563781444.002953 660173864.530116 341914261.885003 474962571.025633 102535960.528988 62028690.3034808 25059.6369114642 450994.112649524 1261865211.05018 1410848332.7099 753445077.360265 1033669646.82225 210461172.812259 142453083.099929 0 0
27 6005.88735047586 863830.632604572 1.34794042025559 556493739.328566 651640145.994997 337494516.980157 468822980.966681 101210532.374535 61226878.2164046 25059.6369114642 450994.112649524 1269152915.72456 1419382051.24501 757864822.265111 1039809236.8812 211786600.966712 143254895.187005 0 0
28 6005.88735047586 863830.65699352 1.34932048331513 549300456.910811 643216993.543102 333132035.961033 462762937.757397 99902276.968284 60435454.7098267 25059.6369114642 450994.112649524 1276346198.14232 1427805203.69691 762227303.284235 1045869280.09049 213094856.372963 144046318.693583 0 0
29 6005.88735047586 863830.719968111 1.35057904869076 542200071.89022 634902621.602421 328825894.052252 456781156.766688 98610916.9812602 59654252.0147707 25059.6369114642 450994.112649524 1283446583.16291 1436119575.63759 766533445.193016 1051851061.08119 214386216.359987 144827521.388639 0 0
30 6005.88735047586 863830.817076752 1.35172588001175 535191439.961851 626695690.220698 324575397.271801 450876673.96492 97336244.2966343 58883144.2318518 25059.6369114642 450994.112649524 1290455215.09128 1444326507.01931 770783941.973467 1057755543.88296 215660889.044613 145598629.171558 0 0
31 6005.88735047586 863830.936463328 1.35277076221161 528273400.576207 618594840.423719 320379841.785904 445048511.637101 96078047.8431508 58122003.6744178 25059.6369114642 450994.112649524 1297373254.47692 1452427356.81629 774979497.459364 1063583706.21078 216919085.498096 146359769.728992 0 0
32 6005.88735047586 863831.009401783 1.35372223659829 521444788.91611 610598708.239918 316238521.172576 439295688.472885 94836115.7733826 57370702.1862746 34797.1145152657 450994.112649524 1304201866.13702 1460423489.00009 779120818.072692 1069336529.375 218161017.567864 147111071.217135 0 0
33 6005.88735047586 863830.817611169 1.35442836483512 514704381.954726 602705861.535692 312150693.707658 433617174.122701 93610225.6532066 56629105.206852 34797.1145152657 450994.112649524 1310942273.0984 1468316335.70432 783208645.53761 1075015043.72518 219386907.68804 147852668.196558 0 0
34 6005.88735047586 863830.763346395 1.35507165784085 508051036.710027 594914961.907887 308115666.211444 428012005.67142 92400169.6063946 55897086.9823156 34797.1145152657 450994.112649524 1317595618.3431 1476107235.33212 787243673.033824 1080620212.17647 220596963.734852 148584686.421094 0 0
35 6005.88735047586 863830.759100282 1.35565744876153 501483742.433502 587224825.795466 304132825.699354 422479331.605184 91205763.8062695 55174536.3075044 34797.1145152657 450994.112649524 1324162912.61963 1483797371.44454 791226513.545914 1086152886.2427 221791369.534977 149307237.095905 0 0
36 6005.88735047586 863830.742244235 1.35619109892504 495001323.840279 579634076.969459 300201459.401105 417018161.795052 90026794.501626 54461323.8745417 34797.1145152657 450994.112649524 1330645331.21285 1491388120.27055 795157879.844163 1091614056.05283 222970338.839621 150020449.528868 0 0
37 6005.88735047586 863830.700363099 1.3566758017451 488602971.39938 572141767.489489 296321076.363704 411627814.244624 88863114.4615869 53757360.616739 34797.1145152657 450994.112649524 1337043683.65375 1498880429.75052 799038262.881564 1097004403.60326 224134018.87966 150724412.786671 0 0
38 6005.88735047586 863830.584789618 1.35711760564005 482287262.840538 564746231.912915 292490814.028632 406307090.749971 87714465.0152626 53062490.0522488 34797.1145152657 450994.112649524 1343359392.21259 1506275965.32709 802868525.216636 1102325127.09791 225282668.325984 151419283.351161 0 0
39 6005.88735047586 863830.378723774 1.35752058274121 476053081.912264 557446163.137368 288709995.427342 401055050.915335 86580643.1479563 52376589.3681998 34797.1145152657 450994.112649524 1349593573.14087 1513576034.10264 806649343.817926 1107577166.93255 226416490.19329 152105184.03521 0 0
40 6005.88735047586 863830.088336296 1.35788755326597 469899489.578353 550240461.575116 284978051.06633 395870903.641516 85461478.0754391 51699555.2494038 44534.5921190672 450994.112649524 1355747165.47478 1520781735.66489 810381288.178939 1112761314.20637 227535655.265808 152782218.154006 0 0
41 6005.88735047586 863830.4325371 1.35816155937694 463825393.095771 543127847.6516 281294318.234127 390753728.337659 84356771.0585404 51031267.4694506 44534.5921190672 450994.112649524 1361821261.95736 1527894349.58841 814065021.011142 1117878489.51023 228640362.282707 153450505.933959 0 0
42 6005.88735047586 863830.520317909 1.3584111029702 457829729.617268 536107076.799475 277658152.350043 385702629.598873 83266328.7952906 50371609.0911412 44534.5921190672 450994.112649524 1367816925.43586 1534915120.44053 817701186.895226 1122929588.24901 229730804.545956 154110164.312269 0 0
43 6005.88735047586 863830.502648139 1.35863816783309 451911672.339599 529177180.852973 274069051.986044 380716910.877588 82190000.9134738 49720489.1474474 44534.5921190672 450994.112649524 1373734982.71353 1541845016.38703 821290287.259225 1127915306.9703 230807132.427773 154761284.255962 0 0
44 6005.88735047586 863830.526619421 1.35884534021172 446069912.456989 522336627.23351 270526223.39596 375795469.559018 81127549.378194 49077763.6401782 44534.5921190672 450994.112649524 1379576742.59614 1548685570.0065 824833115.849309 1132836748.28887 231869583.963053 155404009.763232 0 0
45 6005.88735047586 863830.619461056 1.35903321408561 440304044.214351 515584940.812107 267029420.50314 370937963.811269 80078900.3940331 48443387.9271113 44534.5921190672 450994.112649524 1385342610.83878 1555437256.4279 828329918.742129 1137694254.03662 232918232.947214 156038385.476299 0 0
46 6005.88735047586 863830.901081991 1.35920406586648 434612786.364623 508920621.280739 263577866.274838 366143314.236633 79043820.9382486 47817221.0421364 44534.5921190672 450994.112649524 1391033868.68851 1562101575.95927 831781472.970431 1142488903.61125 233953312.402999 156664552.361273 0 0
47 6005.88735047586 863831.466817547 1.35936006536332 428994946.370305 502342272.208041 260170837.477637 361410516.171541 78022094.1218679 47199131.7791981 44534.5921190672 450994.112649524 1396651708.68283 1568679925.03197 835188501.767632 1147221701.67635 234975039.219379 157282641.624212 0 0
48 6005.88735047586 863831.207069258 1.35950245149658 423449621.766409 495848836.830256 256807786.797232 356738809.326532 77013555.8119364 46589020.8467682 54272.0697228687 450994.112649524 1402197033.28672 1575173360.40975 838551552.448037 1151893408.52135 235983577.529311 157892752.556642 0 0
49 6005.88735047586 863830.900199223 1.35960892745708 417975983.278939 489439344.088429 253488211.307162 352127495.072528 76018055.1868781 45986797.0059801 54272.0697228687 450994.112649524 1407670671.77419 1581582853.15158 841871127.938107 1156504722.77535 236979078.154369 158494976.39743 0 0
50 6005.88735047586 863830.821138434 1.35970589190059 412572995.008377 483112580.970327 250211482.769617 347575700.70699 75035403.8457566 45392346.284494 54272.0697228687 450994.112649524 1413073660.04475 1587909616.26968 845147856.475652 1161056517.14089 237961729.495491 159089427.118916 0 0
51 6005.88735047586 863830.836788185 1.35979411162893 407239944.289578 476867712.963025 246977168.977438 343082825.838981 74065472.1748608 44805590.2730504 54272.0697228687 450994.112649524 1418406710.76355 1594154484.27698 848382170.267831 1165549392.0089 238931661.166387 159676183.13036 0 0
52 6005.88735047586 863830.815826594 1.35987460581285 401975639.909 470703345.185481 243784547.500145 338647866.920312 73108043.5260089 44226397.9112592 54272.0697228687 450994.112649524 1423671015.14413 1600318852.05452 851574791.745124 1169984350.92757 239889089.815239 160255375.492151 0 0
53 6005.88735047586 863830.753096053 1.35994773436895 396779616.536194 464618932.747465 240633336.130654 334270431.929308 72163033.2687026 43654718.0022628 54272.0697228687 450994.112649524 1428867038.51694 1606403264.49254 854726003.114616 1174361785.91857 240834100.072545 160827055.401147 0 0
54 6005.88735047586 863830.697035555 1.36001436192069 391650726.81345 458613132.12201 237522839.035555 329949554.264507 71230232.7309004 43090424.3108033 54272.0697228687 450994.112649524 1433995928.23968 1612409065.118 857836500.209714 1178682663.58337 241766900.610347 161391349.092607 0 0
55 6005.88735047586 863830.693808939 1.36007504177561 386588131.714721 452684960.830758 234452547.374101 325684527.081134 70309489.3174034 42533424.5250683 54272.0697228687 450994.112649524 1439058523.33841 1618337236.40925 860906791.871168 1182947690.76675 242687644.023844 161948348.878342 0 0
56 6005.88735047586 863830.689215513 1.36013031257317 381590960.948964 446833399.784827 231421933.344389 321474617.194945 69400644.7467909 41983622.8933902 54272.0697228687 450994.112649524 1444055694.10417 1624188797.45518 863937405.90088 1187157600.65294 243596488.594456 162498150.51002 0 0
57 6005.88735047586 863830.682830211 1.36018065221551 376658374.363728 441057465.186867 228430487.422543 317319116.812215 68503546.2190022 41440926.9800264 54272.0697228687 450994.112649524 1448988280.6894 1629964732.05314 866928851.822726 1191313101.03567 244493587.122245 163040846.423384 0 0
58 6005.88735047586 863830.682036391 1.36022645944963 371789598.408817 435356251.22909 225477740.476692 313217374.248868 67618053.0470513 40905251.6769871 54272.0697228687 450994.112649524 1453857056.64431 1635665946.01092 869881598.768577 1195414843.59901 245379080.294196 163576521.726423 0 0
59 6005.88735047586 863830.684547258 1.36026808934353 366983857.079323 429728849.229304 222563221.886266 309168735.752832 66744024.0975086 40376511.6062084 54272.0697228687 450994.112649524 1458662797.97381 1641293348.0107 872796117.359004 1199463482.09505 246253109.243739 164105261.797202 0 0
60 6005.88735047586 863830.687283636 1.36030598997553 362240236.253522 424174188.774005 219686377.267542 305172431.214329 65881293.1173874 39854606.1936577 54272.0697228687 450994.112649524 1463406418.79961 1646848008.466 875672961.977727 1203459786.63355 247115840.22386 164627167.209752 0 0
61 6005.88735047586 863830.687020001 1.36034058951282 357557842.613658 418691223.810611 216846664.8537 301227708.05006 65029697.6373565 39339437.154209 54272.0697228687 450994.112649524 1468088812.43947 1652330973.42939 878512674.391569 1207404509.79782 247967435.703891 165142336.249201 0 0
62 6005.88735047586 863830.678925993 1.36037209929148 352935959.587067 413279115.250587 214043650.067801 297333962.577163 64189107.3330368 38830925.6486868 54272.0697228687 450994.112649524 1472710695.46606 1657743081.98942 881315689.177468 1211298255.27072 248808026.008211 165650847.754723 0 0
63 6005.88735047586 863830.658556719 1.36040078272883 348373828.148197 407936974.29414 211276872.586676 293490555.347976 63359384.159066 38328988.1671404 54272.0697228687 450994.112649524 1477272826.90493 1663085222.94587 884082466.658593 1215141662.49991 249637749.182181 166152785.23627 0 0
64 6005.88735047586 863830.621733196 1.36042694252427 343870657.103516 402663874.473579 208545852.578369 289696819.814639 62540384.2196315 37833537.6604142 54272.0697228687 450994.112649524 1481775997.94961 1668358322.76643 886813486.6669 1218935398.03324 250456749.121616 166648235.742996 0 0
65 6005.88735047586 863830.556495183 1.36045078339776 339425693.04816 397458933.570796 205850133.128468 285952121.264686 61731970.4916155 37344491.2369595 54272.0697228687 450994.112649524 1486220962.00497 1673563263.66921 889509206.116801 1222680096.58319 251265162.849632 167137282.166451 0 0
66 6005.88735047586 863830.447829036 1.36047247162167 335038197.405723 392321286.731426 203189266.315512 282255837.478012 60934008.6487781 36861767.6366929 54272.0697228687 450994.112649524 1490608457.64741 1678700910.50858 892170072.929757 1226376380.36987 252063124.692469 167620005.766717 0 0
67 6005.88735047586 863830.284726454 1.36049222390253 330707412.148359 387250046.323966 200562792.421408 278607329.847479 60146360.8272115 36385283.4594334 54272.0697228687 450994.112649524 1494939242.90477 1683772150.91604 894796546.823861 1230024888.0004 252850772.514036 168096489.943977 0 0
68 6005.88735047586 863830.214870304 1.36051023281954 326432590.673127 382244338.095183 197970258.656876 275005969.390959 59368891.2408755 35914956.5619975 54272.0697228687 450994.112649524 1499214064.38 1688777859.14482 897389080.588393 1233626248.45692 253628242.100372 168566816.841413 0 0
69 6005.88735047586 863830.541174028 1.36052661834796 322213027.18625 377303335.578352 195411236.982008 271451161.506359 58601471.5257675 35450709.2911314 54272.0697228687 450994.112649524 1503433627.86688 1693718861.66165 899948102.263262 1237181056.34152 254395661.81548 169031064.112279 0 0
70 6005.88735047586 863830.650711753 1.36054154469022 318047986.124164 372426177.447071 192885281.302529 267942286.511769 57843967.9035989 34992460.7182321 54272.0697228687 450994.112649524 1507598668.92897 1698596019.79293 902474057.942741 1240689931.33611 255153165.437649 169489312.685178 0 0
71 6005.88735047586 863830.621153328 1.36055513220983 313936812.499104 367612096.727175 190391994.390649 264478792.607062 57096261.2505492 34540138.7798546 54272.0697228687 450994.112649524 1511709842.55403 1703410100.51283 904967344.854621 1244153425.24082 255900872.090698 169941634.623556 0 0
72 6005.88735047586 863830.658710895 1.36056750712361 309878772.814589 362860234.512766 187930931.40571 261060061.851761 56358218.1642743 34093662.7748219 54272.0697228687 450994.112649524 1515767882.23854 1708161962.72724 907428407.839559 1247572155.99612 256638915.176973 170388110.628588 0 0
