"Time" "IECs" "pheme_e" "BiomassCD" "pro_L_e" "leu_L_e" "ile_L_e" "val_L_e" "trp_L_e" "cys_L_e" "Drug" "Damage" "pro_L_v" "leu_L_v" "ile_L_v" "val_L_v" "trp_L_v" "cys_L_v" "CD" "pheme_c"
0 457000 1e+05 0.4963 224235600.199112 195370466.451958 120509812.093413 157438605.791629 18978882.6152 31300034.1459915 0 0 0 0 0 0 0 0 45700000 1000
1 387951.950491064 124822.326646985 0.594123778044092 252621572.592564 267420735.662478 147371115.551264 199899795.526994 37252220.0309972 30008127.301517 0 69048.049508936 218741502.312554 215120568.697145 123578599.912897 165266514.361909 26745665.3376024 27806357.855906 48532264.0502432 729.562801171502
2 325618.238317305 186495.695874305 0.697811941260372 272859563.031926 305109019.85436 163137214.252966 223642041.562894 45672192.5502175 30628245.2547162 0 131381.761682696 421467662.019445 436678193.435928 243538741.200713 328990333.240593 58966692.311313 51122385.3774304 52252902.7858348 945.688683312629
3 269290.441762549 253853.472756239 0.803528852926671 292553780.258787 333929699.132173 176529886.47744 242994034.924591 51214242.6355572 32123206.0750459 0 187709.558237451 603084444.036718 642124820.029343 352689490.01121 478965721.649276 90149517.7178791 71257298.4341267 57057140.1895903 1134.98596024172
4 218530.871555004 316914.362672001 0.907130624769331 314069175.850001 361855452.379262 190263750.016256 262428094.653633 56056521.482576 34172270.6775466 0 238469.128444996 762752934.271441 825308119.275434 449246343.510189 612020541.401737 118401304.95727 88699908.7913233 63165470.5581717 1269.0116204201
5 173152.698534152 371944.970553209 1.00479457548245 338011917.889302 391467746.274542 205154534.463559 283340248.225564 60929052.9487261 36643313.3966443 0 283847.301465848 900479327.123781 984423646.973879 532766884.709455 727296675.868132 143113748.9566 103654084.512233 70824636.8887589 1355.48423898525
6 133174.736493145 417026.703965597 1.09354963572636 364126070.81979 423260212.358794 221219783.802175 305880981.624373 66035406.4519254 39438110.1021562 0 323825.263506855 1016378585.22659 1118899525.01817 603148051.461149 824554975.503704 164070886.379334 116210825.230468 80308734.424421 1404.78822620886
7 98743.2273908755 450843.73585971 1.17156461724293 391526272.210898 456622148.304277 237994328.717953 329489756.947019 71333426.607057 42439068.2215138 0 358256.772609124 1110721073.07723 1228738235.42903 660480831.14921 903875821.369026 181219361.616719 126431566.606381 91917684.5697048 1423.90739071542
8 70021.673683856 472512.284542566 1.23815252542837 418791211.992983 490194479.312437 254647139.164766 353090830.968727 76634693.183653 45492385.268961 9737.47760380151 386978.326316144 1184234750.04533 1314618846.28836 705174320.972585 965795245.139913 194640797.467421 134407326.18243 105972312.845526 1416.81663479639
9 69161.6813569419 625946.013868401 1.25089617628422 363150720.505549 425055588.561167 220816533.323026 306171166.024992 66452496.1787266 39445715.6213293 7613.51462302037 387838.318643058 1242942583.68901 1383334445.12727 740872051.013408 1015291674.75085 205383673.815184 140784232.883597 0.11613027975774 356.590479947443
10 69161.6813552116 693210.189774327 1.26260474184634 312621398.699899 365912732.972702 190091798.268796 263570062.675516 57206198.7749112 33957181.120526 7322.82059383749 387838.318644788 1293471905.50084 1442477300.72293 771596786.071397 1057892778.10551 214629971.220127 146272767.385064 3.65020409952409e-08 65.8964693690085
11 69161.6813552116 721314.611429982 1.2733432631133 269122800.550365 314999100.714736 163642147.736862 226896539.083563 49246444.7001078 29232329.3285645 7269.49275652008 387838.318644788 1336970503.65037 1493390932.9809 798046436.603331 1094566301.69746 222589725.294931 150997619.177026 1.93767136389121e-08 12.5686320516207
12 69161.6813552116 733057.245928095 1.28317612400598 231676660.897657 271169665.632613 140872740.222181 195325823.143243 42394222.4362626 25164900.31782 7259.33558347121 387838.318644788 1374416643.30308 1537220368.06302 820815844.118012 1126137017.63779 229441947.558776 155065048.18777 2.29210736194372e-08 2.41145900282715
13 69161.6813552116 737963.571957993 1.29216632452369 199440831.824438 233438722.18192 121271501.334832 168147902.743169 36495428.3891959 21663419.3220791 7257.38731800473 387838.318644788 1406652472.3763 1574951311.51371 840417083.005361 1153314938.03786 235340741.605843 158566529.183511 2.71518762929243e-08 0.463193536428296
14 69161.6813552116 740013.540836526 1.30037490856004 171690343.104486 200957717.327249 104397607.463359 144751557.894059 31417401.1638798 18649139.5076922 7257.01311400882 387838.318644788 1434402961.09625 1607432316.36839 857290976.876834 1176711282.88697 240418768.831158 161580808.997898 3.2202049498407e-08 0.0889895406198718
15 69161.6813552116 740870.062050145 1.30786052935219 147801097.928041 172996166.942275 89871571.8376472 124610614.648934 27045938.0656093 16054270.9904928 7256.9412219949 387838.318644788 1458292206.2727 1635393866.75336 871817012.502546 1196852226.13209 244790231.929429 164175677.515097 -2.83296094982551e-08 0.0170975267711061
16 69161.6813552116 741227.934806905 1.31467913496514 127235837.230129 148925227.532614 77366710.0329523 107272111.674957 23282726.7299964 13820456.2701505 16994.4050134084 387838.318644788 1478857466.97061 1659464806.16302 884321874.30724 1214190729.10607 248553443.265042 166409492.23544 0 0.00328513877696009
17 69161.6813552116 741377.458678398 1.31943836814629 109532151.350266 128203664.290523 66601850.3692045 92346192.9235592 20043151.3915718 11897468.0472602 16994.4017974197 387838.318644788 1496561152.85047 1680186369.40511 895086733.970988 1229116647.85747 251793018.603467 168332480.45833 0 6.91500098291205e-05
18 69161.6813552116 741439.934057319 1.32378615534871 94291692.0860106 110365224.16987 57334774.2188422 79497012.3486249 17254318.810956 10242037.4281517 16994.4017296925 387838.318644788 1511801612.11473 1698024809.52576 904353810.12135 1241965828.4324 254581851.184082 169987911.077439 0 1.42288801627314e-06
19 69161.6813552116 741466.038712316 1.32775559297653 81171813.3725099 95008851.5853566 49357133.0589933 68435686.1911917 14853528.6132647 8816945.92895676 16994.4017282969 387838.318644788 1524921490.82823 1713381182.11028 912331451.281199 1253027154.58983 256982641.381774 171413002.576634 0 2.72495339947669e-08
20 69161.6813552116 741476.950343459 1.33137755695788 69877439.5996007 81789170.5537723 42489503.9403827 58913437.1846098 12786785.2816241 7590142.20584452 16994.4017282609 387838.318644788 1536215864.60114 1726600863.14186 919199080.39981 1262549403.59642 259049384.713414 172639806.299746 0 -8.80199905103585e-09
21 69161.6813552116 741481.505267162 1.3346807582098 60154586.6363359 70408901.2731809 36577449.8974528 50716132.1518453 11007612.5775518 6534038.30363287 16994.40172826 387838.318644788 1545938717.5644 1737981132.42245 925111134.44274 1270746708.62918 260828557.417487 173695910.201958 0 -9.63868792467515e-09
22 69161.6813552116 741483.40680526 1.33769183359863 51784564.3973363 60612074.4236706 31487994.775129 43659394.2084318 9475992.67582436 5624879.93400579 16994.40172826 387838.318644788 1554308739.8034 1747777959.27196 930200589.565063 1277803446.57259 262360177.319214 174605068.571585 0 -9.63868792467515e-09
23 69161.6813552116 741484.184567019 1.34043544020771 44579157.469651 52178390.2547224 27106692.7726484 37584539.564986 8157484.27341338 4842222.99142913 16994.40172826 387838.318644788 1561514146.73109 1756211643.44091 934581891.567544 1283878301.21604 263678685.721625 175387725.514161 0 -9.63868792467515e-09
24 69161.6813552116 741484.525238899 1.34293435926351 38376332.617864 44918194.3656778 23335018.3596808 32354958.5390238 7022437.11121347 4168467.29899418 26731.8793320615 387838.318644788 1567716971.58287 1763471839.32996 938353565.980512 1289107882.242 264813732.883825 176061481.206596 0 0
25 69161.6813552116 741484.670973875 1.34475868982955 33036654.7908361 38668282.7633145 20088187.0022083 27853093.9021509 6045336.14359809 3588467.31226358 26731.8793320615 387838.318644788 1573056649.4099 1769721750.93232 941600397.337984 1293609746.87887 265790833.85144 176641481.193327 0 0
26 69161.6813552116 741484.731933933 1.34642206572328 28439895.3607473 33287931.920804 17293092.7767057 23977581.2976673 5204180.88432379 3089163.7035402 26731.8793320615 387838.318644788 1577653408.83999 1775102101.77483 944395491.563487 1297485259.48336 266631989.110715 177140784.80205 0 0
27 69161.6813552116 741484.757425074 1.34793832892455 24482713.2368496 28656184.6000899 14886898.3538762 20641294.1952755 4480061.0764359 2659331.48262722 26731.8793320615 387838.318644788 1581610590.96388 1779733849.09555 946801685.986317 1300821546.58575 267356108.918603 177570617.022963 0 0
28 69161.6813552116 741484.768012561 1.34932019585409 21076149.7462 24668917.6948413 12815511.7419954 17769231.8333495 3856698.28362679 2289307.88881173 26731.8793320615 387838.318644788 1585017154.45453 1783721116.0008 948873072.598197 1303693608.94767 267979471.711412 177940640.616778 0 0
29 69161.6813552116 741484.772457205 1.35057933749588 18143568.3041564 21236430.6847205 11032333.4880241 15296782.1619741 3320068.87311672 1970768.59626074 26731.8793320615 387838.318644788 1587949735.89658 1787153603.01092 950656250.852169 1306166058.61905 268516101.121922 178259179.909329 0 0
30 69161.6813552116 741484.773920682 1.35172645091685 15619039.4574063 18281555.3830796 9497274.69084668 13168360.2780876 2858108.49669725 1696552.29613031 26731.8793320615 387838.318644788 1590474264.74333 1790108478.31256 952191309.649346 1308294480.50294 268978061.498341 178533396.20946 0 0
31 69161.6813552116 741484.774630082 1.35277133412117 13445828.8517378 15737886.1545736 8175837.59867594 11336133.6361327 2460435.40584477 1460496.45844092 26731.8793320615 387838.318644788 1592647475.349 1792652147.54106 953512746.741517 1310126707.14489 269375734.589194 178769452.047149 0 0
32 69161.6813552116 741484.775236122 1.35372296294237 11574957.1372619 13548094.3331176 7038239.94856645 9758807.90893379 2118086.93057803 1257280.90785505 36469.356935863 387838.318644788 1594518347.06347 1794841939.36252 954650344.391626 1311704032.87209 269718083.064461 178972667.597735 0 0
33 69161.6813552116 741484.775494588 1.3544283720596 9964419.4076962 11663014.6020696 6058940.34058671 8400968.89954979 1823376.64562894 1082343.03856095 36469.356935863 387838.318644788 1596128884.79304 1796727019.09357 955629643.999606 1313061871.88147 270012793.34941 179147605.467029 0 0
34 69161.6813552116 741484.775602703 1.35507108120144 8577958.24387932 10040208.8833231 5215892.17767834 7232048.09833753 1569669.85120973 931744.54129845 36469.356935863 387838.318644788 1597515345.95685 1798349824.81231 956472692.162514 1314230792.68269 270266500.143829 179298203.964292 0 0
35 69161.6813552116 741484.775647912 1.35565660871934 7384404.51967969 8643194.77300339 4490142.83771928 6225766.91860333 1351262.94791056 802099.801180606 36469.356935863 387838.318644788 1598708899.68105 1799746838.92263 957198441.502473 1315237073.86242 270484907.047128 179427848.704409 0 0
36 69161.6813552116 741484.77566669 1.35618999786126 6356926.78094769 7440566.9650172 3865377.252737 5359503.85049117 1163246.08149278 690494.364647698 36469.356935863 387838.318644788 1599736377.41978 1800949466.73062 957823207.087455 1316103336.93053 270672923.913546 179539454.140942 0 0
37 69161.6813552116 741484.775674572 1.35667585601267 5472410.12636385 6405270.25217337 3327540.23272563 4613770.79748927 1001389.48507208 594417.473018607 36469.356935863 387838.318644788 1600620894.07437 1801984763.44346 958361044.107467 1316849069.98354 270834780.509967 179635531.032571 0 0
38 69161.6813552116 741484.775677168 1.35711838858394 4710969.09798933 5514029.38111089 2864540.27507301 3971802.39607143 862054.343569566 511709.152280992 36469.356935863 387838.318644788 1601382335.10274 1802876004.31453 958824044.065119 1317491038.38495 270974115.65147 179718239.353309 0 0
39 69161.6813552116 741484.775678426 1.35752143337391 4055491.66001156 4746815.2949036 2465972.27739916 3419171.54569247 742109.34695268 440510.679705556 36469.356935863 387838.318644788 1602037812.54072 1803643218.40073 959222612.062793 1318043669.23533 271094060.648086 179789437.825884 0 0
40 69161.6813552116 741484.775679501 1.35788849530942 3491204.792967 4086336.67584691 2122853.39384847 2943423.16272053 638851.198865348 379217.398350366 46206.8345396645 387838.318644788 1602602099.40776 1804303697.01979 959565730.946344 1318519417.6183 271197318.796174 179850731.10724 0 0
41 69161.6813552116 741484.775679959 1.35816212664177 3005439.14330409 3517764.47576202 1827479.92848222 2533875.7572655 549961.550145824 326453.153112093 46206.8345396645 387838.318644788 1603087865.05742 1804872269.21988 959861104.41171 1318928965.02376 271286208.444893 179903495.352478 0 0
42 69161.6813552116 741484.775680151 1.35841136766594 2587258.76764153 3028298.5442212 1573202.19848356 2181309.27179322 473439.246191564 281030.073257426 46206.8345396645 387838.318644788 1603506045.43308 1805361735.15142 960115382.141709 1319281531.50923 271362730.748848 179948918.432333 0 0
43 69161.6813552116 741484.775680231 1.35863838359161 2227262.57159384 2606935.21943474 1354303.79753846 1877797.67485894 407563.992498247 241927.004552822 46206.8345396645 387838.318644788 1603866041.62913 1805783098.4762 960334280.542654 1319585043.10616 271428606.002541 179988021.501038 0 0
44 69161.6813552116 741484.775680264 1.35884514939278 1917357.73032709 2244202.12470424 1165863.82249645 1616517.93273055 350854.893170622 208264.898027846 46206.8345396645 387838.318644788 1604175946.4704 1806145831.57093 960522720.517696 1319846322.84829 271485315.101869 180021683.607563 0 0
45 69161.6813552116 741484.775680278 1.35903346627191 1650572.39491731 1931938.94757431 1003642.98806 1391592.10274166 302036.17829329 179286.465993171 46206.8345396645 387838.318644788 1604442731.80581 1806458094.74806 960684941.352132 1320071248.67828 271534133.816746 180050662.039597 0 0
46 69161.6813552116 741484.775680283 1.35920497574202 1420908.77021417 1663125.47246024 863994.289671769 1197963.46372645 260010.318832702 154340.223243079 46206.8345396645 387838.318644788 1604672395.43051 1806726908.22318 960824590.050521 1320264877.31729 271576159.676207 180075608.282347 0 0
47 69161.6813552116 741484.775680285 1.35936117376509 1223205.57599717 1431720.59610109 743779.371983841 1031280.55747746 223832.858576154 132865.547478553 46206.8345396645 387838.318644788 1604870098.62473 1806958313.09953 960944804.968209 1320431560.22354 271612337.136463 180097082.958112 0 0
48 69161.6813552116 741484.775680287 1.35950342497369 1053007.01557297 1232508.9597517 640288.854225473 887786.716605251 192688.436859273 114378.446573712 55944.312143466 387838.318644788 1605040297.18515 1807157524.73588 961048295.485967 1320575054.06442 271643481.55818 180115570.059017 0 0
49 69161.6813552116 741484.775680288 1.35960969695039 906491.802804549 1061017.87773004 551199.174553161 764260.227462518 165877.801310858 98463.8494361513 55944.312143466 387838.318644788 1605186812.39792 1807329015.8179 961137385.165639 1320698580.55356 271670292.193728 180131484.656155 0 0
50 69161.6813552116 741484.775680288 1.35970648600532 780361.455626257 913386.588769209 474504.666080293 657920.150777685 142797.36682289 84763.4723610697 55944.312143466 387838.318644788 1605312942.7451 1807476647.10686 961214079.674112 1320804920.63025 271693372.628216 180145185.03323 0 0
51 69161.6813552116 741484.775680288 1.3597946367457 671780.451250063 786296.20971824 408481.167799178 566375.866708135 122928.264626573 72969.3186429154 55944.312143466 387838.318644788 1605421523.74947 1807603737.48591 961280103.172393 1320896464.91432 271713241.730413 180156979.186948 0 0
52 69161.6813552116 741484.775680288 1.35987491900389 578307.855445347 676889.70993545 351644.451249178 487569.431713127 105823.831219746 62816.2520942197 55944.312143466 387838.318644788 1605514996.34528 1807713143.9857 961336939.888943 1320975271.34931 271730346.16382 180167132.253496 0 0
53 69161.6813552116 741484.775680288 1.35994803441971 497840.839483695 582705.799790032 302715.875569182 419727.957877602 91099.2726032545 54075.8618119119 55944.312143466 387838.318644788 1605595463.36124 1807807327.89584 961385868.464623 1321043112.82315 271745070.722436 180175872.643779 0 0
54 69161.6813552116 741484.775680288 1.36001462204628 428570.365638156 501627.062043525 260595.441731349 361326.251503824 78423.5552258776 46551.6487015496 55944.312143466 387838.318644788 1605664733.83508 1807888406.63359 961427988.898461 1321101514.52952 271757746.439813 180183396.856889 0 0
55 69161.6813552116 741484.775680288 1.36007526396665 368939.703968267 431831.397155129 224336.568359508 311051.838750644 67511.8150227005 40074.5195380242 55944.312143466 387838.318644788 1605724364.49675 1807958202.29848 961464247.771833 1321151788.94228 271768658.180017 180189873.986053 0 0
56 69161.6813552116 741484.775680288 1.36013049093052 317604.909771012 371745.763479935 193122.059745264 267771.644303707 58118.1252332936 34498.4939953374 55944.312143466 387838.318644788 1605775699.29095 1808018287.93215 961495462.280447 1321195069.13672 271778051.869806 180195450.011595 0 0
57 69161.6813552116 741484.775680288 1.36018078594949 273412.898773344 320020.515026169 166250.774303524 230513.5066431 50031.4844086122 29698.3231568447 55944.312143466 387838.318644788 1605819891.30195 1808070013.18061 961522333.565889 1321232327.27438 271786138.510631 180200250.182434 0 0
58 69161.6813552116 741484.775680288 1.36022658914335 235369.829682429 275492.394303732 143118.399343811 198439.521476503 43070.0307734062 25566.0552031049 55944.312143466 387838.318644788 1605857934.37104 1808114541.30133 961545465.940849 1321264401.25955 271793099.964266 180204382.450388 0 0
59 69161.6813552116 741484.775680288 1.36026830142234 202620.162219768 237160.020464177 123204.717150039 170828.385637328 37077.2100820765 22008.7606791492 55944.312143466 387838.318644788 1605890684.0385 1808152873.67517 961565379.623042 1321292012.39539 271799092.784957 180207939.744911 0 0
60 69161.6813552116 741484.775680288 1.36030628796853 174427.270693658 204161.198145477 106061.816917097 147059.052452065 31918.2281205431 18946.4267255403 55944.312143466 387838.318644788 1605918876.93003 1808185872.49749 961582522.523275 1321315781.72857 271804251.766919 180211002.078865 0 0
61 69161.6813552116 741484.775680288 1.36034088133339 150157.170836677 175753.870287817 91304.1997316994 126597.011891028 27477.0729005891 16310.1894747183 55944.312143466 387838.318644788 1605943147.02989 1808214279.82534 961597280.140461 1321336243.76913 271808692.922139 180213638.316116 0 0
62 69161.6813552116 741484.775680288 1.36037238447233 129264.06786971 151299.202633214 78599.9909637689 108982.106189145 23653.8701181706 14040.764270399 55944.312143466 387838.318644788 1605964040.13285 1808238734.493 961609984.349229 1321353858.67484 271812516.124921 180215907.74132 0 0
63 69161.6813552116 741484.775680288 1.36040107331458 111278.075747699 130247.209519626 67663.4728612331 93818.1759828494 20362.6359135554 12087.1117224307 55944.312143466 387838.318644788 1605982026.12497 1808259786.48611 961620920.867331 1321369022.60504 271815807.359126 180217861.393868 0 0
64 69161.6813552116 741484.775680288 1.36042719917722 95794.6723491453 112124.411538281 58248.6726985046 80764.1700153803 17529.3472896373 10405.2923212208 55944.312143466 387838.318644788 1605997509.52837 1808277909.28409 961630335.667494 1321382076.61101 271818640.64775 180219543.213269 0 0
65 69161.6813552116 741484.775680288 1.36045099094226 82465.6550633821 96523.2493556633 50143.8632531382 69526.5198224578 15090.2870861623 8957.48402654367 55944.312143466 387838.318644788 1606010838.54566 1808293510.44628 961638440.476939 1321393314.2612 271821079.707953 180220991.021564 0 0
66 69161.6813552116 741484.775680288 1.36047265706922 70991.2603601993 83092.8599373125 43166.7710507334 59852.4957676148 12990.6019496302 7711.12628902227 55944.312143466 387838.318644788 1606022312.94036 1808306940.8357 961645417.569142 1321402988.28526 271823179.39309 180222237.379302 0 0
67 69161.6813552116 741484.775680288 1.36049238741042 61113.4240134209 71531.1878683557 37160.4781930699 51524.5247590848 11183.0690300354 6638.18797033584 55944.312143466 387838.318644788 1606032190.77671 1808318502.50776 961651423.861999 1321411316.25627 271824986.926009 180223310.31762 0 0
68 69161.6813552116 741484.775680288 1.36051035487302 52610.0028980665 61578.2221632665 31989.9088783114 44355.3186661847 9627.03863475618 5714.53971030301 55944.312143466 387838.318644788 1606040694.19782 1808328455.47347 961656594.431314 1321418485.46236 271826542.956405 180224233.96588 0 0
69 69161.6813552116 741484.775680288 1.36052671692658 45289.764149233 53010.131246465 27538.7825212879 38183.6496958149 8287.51730100522 4919.40964539579 55944.312143466 387838.318644788 1606048014.43657 1808337023.56439 961661045.557671 1321424657.13133 271827882.477738 180225029.095945 0 0
70 69161.6813552116 741484.775680288 1.3605416169801 38988.0756667904 45634.2188343824 23706.9933323872 32870.7170712846 7134.37920667331 4234.91530798528 55944.312143466 387838.318644788 1606054316.12506 1808344399.4768 961664877.34686 1321429970.06396 271829035.615833 180225713.590283 0 0
71 69161.6813552116 741484.775680288 1.36055518564222 33563.2147532431 39284.6033214072 20408.3657569786 28297.0348571564 6141.69069258813 3645.66266769554 55944.312143466 387838.318644788 1606059740.98597 1808350749.09231 961668175.974435 1321434543.74617 271830028.304347 180226302.842923 0 0
72 69161.6813552116 741484.775680288 1.36056754185653 28893.1761153299 33818.4816541335 17568.7135567213 24359.740795999 5287.12616271911 3138.39941403803 55944.312143466 387838.318644788 1606064411.02461 1808356215.21398 961671015.626636 1321438481.04023 271830882.868877 180226810.106177 0 0
