"Time" "IECs" "pheme_e" "BiomassCD" "pro_L_e" "leu_L_e" "ile_L_e" "val_L_e" "trp_L_e" "cys_L_e" "Drug" "Damage" "pro_L_v" "leu_L_v" "ile_L_v" "val_L_v" "trp_L_v" "cys_L_v" "CD" "pheme_c"
0 457000 1e+05 0.4963 224235600.199112 195370466.451958 120509812.093413 157438605.791629 18978882.6152 31300034.1459915 0 0 0 0 0 0 0 0 45700000 1000
1 338144.941627596 151574.921894855 0.594123777914752 382333986.70948 416523439.145985 225947004.637402 308160745.218551 60348662.9482122 44091279.434773 0 118855.058372404 267398253.309619 273165215.076803 153577606.036011 206885900.782313 36123237.9916029 32849097.1262218 48532264.0530358 881.245439461262
2 245031.709246372 255176.372420351 0.697812001743838 452420510.249994 511130283.560325 271775629.316185 373305328.344092 77485913.732605 50200591.0073353 0 211968.290753628 530331176.142526 565816304.135972 310467522.525969 421755206.264824 79694844.3828305 62495266.7880493 52252899.885148 1292.33011329418
3 172798.050267018 355962.44886201 0.803529046983497 497180987.316885 568985958.221123 300334386.314038 413646438.418991 87511098.1503554 54453961.5132562 0 284201.949732982 743522145.647848 808380417.170305 438930968.482794 598466596.59694 116764559.344035 85979621.3302002 57057131.1799005 1591.49835808168
4 117689.907931604 438251.569641771 0.90713085306315 533039888.171085 613972056.862765 322782914.451988 445265312.412148 95013951.7417485 58093276.5749874 0 339310.092068396 903946107.675062 992589082.50165 535965756.28889 732217101.717647 145190215.54744 103501832.925268 63165448.4844122 1755.47292271966
5 76711.5717721227 498272.194058882 1.00479471851485 564218089.684096 652702050.989421 342081501.19201 472508366.220128 101315790.171183 61405023.22158 0 380288.428227877 1018042284.08267 1124287988.46228 605101048.417971 827645577.482404 165603576.306378 115925767.363916 70824613.1745069 1816.61733677584
6 47338.7980306364 536284.144632601 1.09354985060642 591006687.504735 686287608.843739 358561142.184637 495969273.569828 106702618.142207 64364385.258033 0 409661.201969364 1094475265.32176 1212863796.5988 651457603.233362 891717441.326653 179364288.208246 124245550.444194 80308674.9393842 1807.23375453446
7 27310.080615691 554255.225257255 1.17156388196391 612463074.206854 714077248.247674 371717261.700295 515045453.176245 111122364.908291 66853934.6555839 0 429689.919384309 1142192267.14719 1268373592.92363 680412742.275965 931798816.408132 187998746.936072 129447028.533982 91917608.5521892 1751.11244809762
8 14515.4101401921 555115.700626199 1.23815223764108 627662443.651409 735297859.384781 381021996.254516 529081302.21568 114479024.592018 68773323.8104322 9737.47760380151 442484.589859808 1169575411.56569 1300366016.29412 697033903.486583 954850252.638289 192978494.162908 132440792.841726 105972226.353994 1664.95597171412
9 13746.2444121766 714045.527684597 1.25089591862921 611783056.918479 716666603.617431 371386875.883466 515688269.460807 111581667.467537 67032352.5150908 6211.32621867453 443253.755587824 1188160332.14717 1322137205.89957 708315986.764004 970516001.411831 196368157.338404 134477123.776625 53362.4731550636 976.226504667393
10 13745.143112113 791279.349656875 1.262604512143 593838518.245968 695645627.899595 360493533.570305 500562327.820223 108308803.812947 65066188.9840968 5471.83699163494 443254.856887887 1206108744.12037 1343162676.81061 719211686.905436 985645196.720715 199641725.788817 136443710.206843 1132.36883408112 270.349657182162
11 13745.1143924875 824163.41385575 1.27334305924056 576417090.58904 675237486.212166 349917742.805312 485877341.440486 105131350.755922 63157343.5746997 5278.99450910796 443254.885607512 1223530272.82489 1363570935.77015 729787539.181949 1000330267.98304 202819197.232741 138352566.644577 42.8258827086004 78.6537544070227
12 13745.1132471621 838155.923483972 1.28317594392179 559506673.185553 655427962.952919 339652163.972709 471623099.518456 102047099.692818 61304489.0003754 5223.63996452795 443254.886752838 1240440694.2597 1383380463.70802 740053120.468567 1014584513.29149 205903449.029396 140205421.658706 1.87353995810935 23.3483597718831
13 13745.1131962781 844109.636564155 1.29216616627822 543092355.485839 636199590.299205 329687745.684477 457787033.28134 99053331.0837733 59505991.4897163 5207.2664548298 443254.886803722 1256855012.13859 1402608836.56968 750017538.865869 1028420579.67912 208897217.671044 142003919.188904 0.0855074665462224 6.9770871566878
14 13745.1131939446 846642.889113582 1.30037477030699 527159586.546449 617535322.667318 320015654.702027 444356877.339983 96147391.0150261 57760256.711201 5202.37854178795 443254.886806055 1272787781.0862 1421273104.2111 759689629.853323 1041850735.62738 211803157.741287 143749653.968316 0.00395464774171403 2.08927760971918
15 13745.1131938365 847720.765157003 1.30786040935299 511694239.252582 599418611.001597 310627315.06874 431320723.572008 93326702.8754286 56065736.7733699 5200.91529089125 443254.886806163 1288253128.38045 1439389815.87727 769077969.486841 1054886889.39568 214623845.880953 145444173.906188 0.000183867925138494 0.626031523752086
16 13745.1131938315 848179.391517153 1.31467903159368 496682600.802987 581833391.591159 301514402.339468 418667013.091433 90588765.6195685 54420929.1806925 14937.9544841934 443254.886806169 1303264766.83006 1456975035.28772 778190882.216124 1067540599.87627 217361783.136817 147088981.498868 8.67767203743872e-06 0.187621248719995
17 13745.1131938315 848374.532982225 1.31943829091165 482111361.000891 564764072.351799 292668836.472713 406384526.378349 87931151.6321153 52824375.5505416 14937.7727537821 443254.886806169 1317836006.63216 1474044354.52708 787036448.08288 1079823086.58935 220019397.12427 148685535.129019 -4.03251692278151e-08 0.00589083771375789
18 13745.1131938315 848457.564072363 1.32378608682817 467967599.182544 548195517.513514 284082773.895534 394462372.260628 85351504.343747 51274660.1809668 14937.767047893 443254.886806169 1331979768.4505 1490612909.36536 795622510.660059 1091745240.70708 222599044.412639 150235250.498594 -4.03251692278151e-08 0.000184948668134024
19 13745.1131938315 848492.892341497 1.32775553238347 454238774.707326 532113036.480231 275748601.7305 382889979.897772 82847536.496661 49770409.0087048 14937.7668687998 443254.886806169 1345708592.92572 1506695390.39865 803956682.825092 1103317633.06993 225103012.259725 151739501.670856 -4.03251692278151e-08 5.855391938909e-06
20 13745.1131938315 848507.935741426 1.33137754980037 440912694.664037 516502345.999696 267658918.191587 371657071.559687 80417024.2546024 48310286.0707972 14937.7668631363 443254.886806169 1359034672.96901 1522306080.87918 812046366.364005 1114550541.40802 227533524.501783 153199624.608763 -4.03251692278151e-08 1.91925403547859e-07
21 13745.1131938315 848514.327937694 1.33468080491259 427977559.590154 501349623.720801 259806560.338348 360753701.164667 78057815.5414905 46892998.5139944 14937.7668629537 443254.886806169 1371969808.04289 1537458803.15808 819898724.217244 1125453911.80304 229892733.214895 154616912.165566 -4.03251692278151e-08 9.31155204119576e-09
22 13745.1131938315 848516.998915079 1.33769164362795 415422016.828249 486641570.697368 252184636.466276 350170299.254937 75767839.7729699 45517302.4409568 14937.7668629117 443254.886806169 1384525350.8048 1552166856.18151 827520648.089316 1136037313.71277 232182708.983416 155992608.238604 -4.03251692278151e-08 -3.27034829581674e-08
23 13745.1131938315 848518.325178771 1.34043520961785 403234739.730747 472364918.452177 244786270.66031 339897318.297118 73545031.1085602 44181956.8042134 14937.7668628678 443254.886806169 1396712627.9023 1566443508.4267 834919013.895282 1146310294.67059 234405517.647826 157327953.875347 -4.03251692278151e-08 -7.6610414636724e-08
24 13745.1131938315 848518.912622406 1.34293409502965 391405002.224334 458507102.04415 237604951.587904 329925716.997901 71387433.245102 42885786.3605098 24675.2444666764 443254.886806169 1408542365.40871 1580301324.83473 842100332.967688 1156281895.9698 236563115.511284 158624124.319051 0 0
25 13745.1131938315 848518.996775856 1.34475876259948 379922184.792301 445055681.356773 230634232.602389 320246543.883379 69293109.3140422 41627627.5418735 24675.2444666764 443254.886806169 1420025182.84074 1593752745.52211 849071051.953203 1165961069.08432 238657439.442344 159882283.137687 0 0
26 13745.1131938315 848519.031231239 1.34642224044868 368776267.888424 431998919.102384 223868031.273079 310851353.210769 67260231.8740269 40406382.5183934 24675.2444666764 443254.886806169 1431171099.74462 1606809507.7765 855837253.282513 1175356259.75693 240690316.882359 161103528.161167 0 0
27 13745.1131938315 848519.04430126 1.3479375147278 357958003.183404 419325981.426942 217300733.341542 301732349.316611 65287114.1441344 39221037.9614912 24675.2444666764 443254.886806169 1441989364.44964 1619482445.45194 862404551.21405 1184475263.65109 242663434.612251 162288872.718069 0 0
28 13745.1131938315 848519.061187086 1.34931927235431 347456628.76444 407024261.405592 210925805.718634 292880460.697532 63371793.2845253 38070414.7010218 24675.2444666764 443254.886806169 1452490738.8686 1631784165.47329 868779478.836958 1193327152.27017 244578755.471861 163439495.978539 0 0
29 13745.1131938315 848519.076871795 1.35057846770182 337263249.556135 395083338.999704 204737848.590997 284288189.457207 61512646.943422 36953538.1140218 24675.2444666764 443254.886806169 1462684118.07691 1643725087.87917 874967435.964595 1201919423.51049 246437901.812964 164556372.565539 0 0
30 13745.1131938315 848519.079758109 1.35172557446985 327368946.236937 383492765.767757 198731447.42649 275948017.261578 59708048.3468481 35869430.9209052 24675.2444666764 443254.886806169 1472578421.39611 1655315661.11112 880973837.129102 1210259595.70612 248242500.409538 165640479.758656 0 0
31 13745.1131938315 848519.066014399 1.35277046474577 317764908.011065 372242220.399557 192901253.574244 267852517.255859 57956390.514586 34817127.7331273 24675.2444666764 443254.886806169 1482182459.62198 1666566206.47932 886804030.981348 1218355095.71184 249994158.2418 166692782.946434 0 0
32 13745.1131938315 848519.049935566 1.35372211015335 308442622.289028 361321730.915395 187242099.411458 259994513.951293 56256120.8555583 33795695.8362559 34412.7220704779 443254.886806169 1491504745.34402 1677486695.96348 892463185.144134 1226213099.01641 251694427.900828 167714214.843305 0 0
33 13745.1131938315 848519.054693899 1.35442772178573 299393749.860857 350721528.439112 181748922.566497 252366978.005353 54605718.4009692 32804221.51285 34412.7220704779 443254.886806169 1500553617.77219 1688086898.43976 897956361.989095 1233840634.96235 253344830.355417 168705689.166711 0 0
34 13745.1131938315 848519.056644011 1.35507054531237 290610321.544397 340432277.559574 176416885.295516 244963191.981824 53003729.670521 31841831.5889812 34412.7220704779 443254.886806169 1509337046.08865 1698376149.3193 903288399.260076 1241244420.98588 254946819.085865 169668079.09058 0 0
35 13745.1131938315 848519.057381517 1.35565573756559 282085099.499553 330445499.58829 171241593.820626 237777054.912224 51448834.571666 30907733.0230116 34412.7220704779 443254.886806169 1517862268.13349 1708362927.29059 908463690.734966 1248430558.05548 256501714.18472 170602177.656549 0 0
36 13745.1131938315 848519.058328812 1.35618913912163 273809602.665075 320751259.478969 166217899.658447 230801417.883793 49939486.2636882 30000996.5550217 34412.7220704779 443254.886806169 1526137764.96797 1718057167.39991 913487384.897145 1255406195.08391 258011062.492698 171508914.124539 0 0
37 13745.1131938315 848519.059212646 1.35667507255917 265776815.427237 311341338.867767 161341543.935051 224030367.248583 48474405.185382 29120853.4924557 34412.7220704779 443254.886806169 1534170552.20581 1727467088.01111 918363740.620541 1262177245.71912 259476143.571004 172389057.187105 0 0
38 13745.1131938315 848519.05938278 1.35711765138938 257979712.101579 302207507.593589 156608261.663004 217457980.869755 47052309.9387643 28266534.0393197 34412.7220704779 443254.886806169 1541967655.53147 1736600919.28529 923097022.892588 1268749632.09795 260898238.817622 173243376.640241 0 0
39 13745.1131938315 848519.058613706 1.35752074452087 250411348.95154 293341631.492309 152013837.601878 211078405.686539 45671934.072136 27437277.3785546 34412.7220704779 443254.886806169 1549536018.68151 1745466795.38656 927691446.953714 1275129207.28116 262278614.68425 174072633.301006 0 0
40 13745.1131938315 848519.057707927 1.35788785411964 243065018.207138 284735852.820264 147554199.756288 204885987.540688 44332054.1711839 26632348.547682 44150.1996742794 443254.886806169 1556882349.42591 1754072574.05861 932151084.799304 1281321625.42702 263618494.585202 174877562.131879 0 0
41 13745.1131938315 848519.057972657 1.3581615936362 235934174.057646 276382503.559188 143225374.449273 198875208.793734 43031476.3609613 25851030.3299094 44150.1996742794 443254.886806169 1564013193.5754 1762425923.31969 936479910.106319 1287332404.17397 264919072.395425 175658880.349652 0 0
42 13745.1131938315 848519.058081227 1.35841090945587 229012481.387611 268274162.507484 139023515.907804 193040729.407874 41769045.1947341 25092628.5940775 44150.1996742794 443254.886806169 1570934886.24544 1770534264.37139 940681768.647788 1293166883.55983 266181503.561652 176417282.085483 0 0
43 13745.1131938315 848519.058122202 1.35863781960356 222294267.337924 260404184.256493 134945180.385873 187377767.578842 40543726.0131375 24356521.7716768 44150.1996742794 443254.886806169 1577653100.29512 1778404242.62238 944760104.169719 1298829845.38886 267406822.743248 177153388.907884 0 0
44 13745.1131938315 848519.058174615 1.35884461367189 215772848.440216 252764739.530414 130986310.640549 181880689.632872 39354299.8341725 23641977.5629287 44150.1996742794 443254.886806169 1584174519.19283 1786043687.34846 948718973.915043 1304326923.33484 268596248.922213 177867933.116632 0 0
45 13745.1131938315 848519.058223669 1.35903298209248 209442692.765618 245349348.011772 127143548.478443 176544832.559556 38199757.7024078 22948389.8408842 44150.1996742794 443254.886806169 1590504674.86743 1793459078.8671 952561736.077149 1309662780.40815 269750791.053978 178561520.838677 0 0
46 13745.1131938315 848519.0582334 1.35920452972175 203298265.513825 238151526.019384 123413533.963041 171365530.928077 37079090.1386974 22275152.1639751 44150.1996742794 443254.886806169 1596649102.11922 1800656900.85949 956291750.592551 1314842082.03963 270871458.617688 179234758.515586 0 0
47 13745.1131938315 848519.058190925 1.3593607651136 197334094.490154 231164863.210738 119792945.16298 166338172.07957 35991299.0823874 21621664.9502576 44150.1996742794 443254.886806169 1602613273.14289 1807643563.66814 959912339.392612 1319869440.88814 271959249.673999 179888245.729303 0 0
48 13745.1131938315 848519.058140664 1.35950305166389 191544893.969473 224383167.68103 116278573.344449 161458300.535323 34935420.4825636 20987349.0490372 53887.6772780809 443254.886806169 1608402473.66357 1814425259.19784 963426711.211143 1324749312.43238 273015128.273822 180522561.630524 0 0
49 13745.1131938315 848519.058155225 1.35960937767826 185925521.118595 217800414.914664 112867296.517123 156721581.264061 33910516.3500368 20371640.9661224 53887.6772780809 443254.886806169 1614021846.51445 1821008011.96421 966837988.038469 1329486031.70364 274040032.406349 181138269.713439 0 0
50 13745.1131938315 848519.058161199 1.35970620782386 180470950.610152 211410718.046947 109556064.023348 152123778.283295 32915670.1272259 19773990.0822961 53887.6772780809 443254.886806169 1619476417.02289 1827397708.83192 970149220.532244 1334083834.68441 275034878.62916 181735920.597265 0 0
51 13745.1131938315 848519.058163451 1.35979432785595 175176730.350843 205208861.721954 106342173.190937 147661138.804824 31950069.8073565 19193908.5869245 53887.6772780809 443254.886806169 1624770637.2822 1833599565.15692 973363111.364655 1338546474.16288 276000478.949029 182316002.092637 0 0
52 13745.1131938315 848519.058166323 1.35987463063642 170037593.502994 199188676.160387 103222426.751833 143329223.270681 31012754.7843538 18630819.39879 53887.6772780809 443254.886806169 1629909774.13005 1839619750.71848 976482857.803759 1342878389.69702 276937793.972032 182879091.280771 0 0
53 13745.1131938315 848519.058169016 1.35994777498178 165049178.802804 193345052.407547 100194177.172489 139124355.455272 30102929.6176213 18084244.6593406 53887.6772780809 443254.886806169 1634898188.83024 1845463374.47132 979511107.383103 1347083257.51243 277847619.138764 183425666.020221 0 0
54 13745.1131938315 848519.058169562 1.36001438552448 160207125.565052 187672882.186502 97254777.2705868 135042859.620705 29219798.9720883 17553706.5734185 53887.6772780809 443254.886806169 1639740242.06799 1851135544.69237 982450507.285005 1351164753.347 278730749.784297 183956204.106143 0 0
55 13745.1131938315 848519.058167237 1.36007504937305 155507121.345465 182167113.73165 94401609.1487909 131081100.692669 28362576.3112364 17038732.6315699 53887.6772780809 443254.886806169 1644440246.28758 1856641313.14722 985303675.406801 1355126512.27503 279587972.445149 184471178.047991 0 0
56 13745.1131938315 848519.058164478 1.3601302967851 150945000.926871 176822867.744965 91632144.284934 127235567.698503 27530501.9509506 16538866.4558418 53887.6772780809 443254.886806169 1649002366.70617 1861985559.1339 988073140.270658 1358972045.2692 280420046.805435 184971044.22372 0 0
57 13745.1131938315 848519.05816416 1.36018061171441 146516717.517386 171635403.656426 88943926.0476895 123502849.489381 26722837.8064239 16053664.6440006 53887.6772780809 443254.886806169 1653430650.11566 1867173023.22244 990761358.507903 1362704763.47832 281227710.949962 185456246.035561 0 0
58 13745.1131938315 848519.058168379 1.36022643910774 142218338.736249 166600114.92167 86334567.2597474 119879631.356664 25938866.6600237 15582696.3297052 53887.6772780809 443254.886806169 1657729028.89679 1872208311.9572 993370717.295845 1366327981.61104 282011682.096362 185927214.349856 0 0
59 13745.1131938315 848519.058179263 1.36026818027755 138046050.635909 161712533.73362 83801752.639448 116362698.422226 25177892.8948707 15125543.6232021 53887.6772780809 443254.886806169 1661901316.99713 1877095893.14525 995903531.916144 1369844914.54548 282772655.861515 186384367.056359 0 0
60 13745.1131938315 848519.058199131 1.3603061893094 133996168.10152 156968343.204861 81343245.1138631 112948944.404464 24439244.3915782 14681802.7507863 53887.6772780809 443254.886806169 1665951199.53152 1881840083.67401 998362039.441729 1373258668.56324 283511304.364807 186828107.928775 0 0
61 13745.1131938315 848519.058227163 1.36034081138496 130065078.700398 152363311.590696 78956851.7322422 109635324.287507 23722262.2870871 14251077.9024513 53887.6772780809 443254.886806169 1669882288.93265 1886445115.28817 1000748432.82335 1376572288.6802 284228286.469299 187258832.77711 0 0
62 13745.1131938315 848519.058262575 1.36037233777414 126249318.576141 147893381.194493 76640469.7380351 106418918.294397 23026314.8168154 13832989.5475201 53887.6772780809 443254.886806169 1673698049.0569 1890915045.68438 1003064814.81756 1379788694.67331 284924233.93957 187676921.132041 0 0
63 13745.1131938315 848519.058302025 1.36040103389791 122545524.792826 143554612.541803 74392057.6391223 103296891.716739 22350788.6228285 13427169.2130534 53887.6772780809 443254.886806169 1677401842.84022 1895253814.33707 1005313226.91647 1382910721.25096 285599760.133557 188082741.466508 0 0
64 13745.1131938315 848519.058336881 1.36042716797909 118950386.633778 139343127.329847 72209605.6434197 100266453.863135 21695079.8713372 13033254.1477137 53887.6772780809 443254.886806169 1680996980.99927 1899465299.54902 1007495678.91217 1385941159.10457 286255468.885049 188476656.531848 0 0
65 13745.1131938315 848519.058357664 1.36045096633502 115460721.714011 135255197.588596 70091181.8634297 97324922.2163926 21058608.1346658 12650895.6613163 53887.6772780809 443254.886806169 1684486645.91903 1903553229.29027 1009614102.69216 1388882690.75131 286891940.62172 188859015.018245 0 0
66 13745.1131938315 848519.058352826 1.36047263959118 112073433.177792 131287195.540326 68034906.332742 94469686.354204 20440808.5846165 12279754.4350158 53887.6772780809 443254.886806169 1687873934.45525 1907521231.33854 1011670378.22285 1391737926.6135 287509740.171769 189230156.244545 0 0
67 13745.1131938315 848519.058308634 1.36049237898742 108785515.343254 127435600.211942 66038954.4326367 91698212.7071494 19841133.0219778 11919501.1397805 53887.6772780809 443254.886806169 1691161852.28979 1911372826.66693 1013666330.12295 1394509400.26055 288109415.734408 189590409.539781 0 0
68 13745.1131938315 848519.058210181 1.36051035207676 105594060.383687 123697005.2617 64101560.9480018 89008050.1905287 19259051.095109 11569817.1684532 53887.6772780809 443254.886806169 1694353307.24936 1915111421.61717 1015603723.60759 1397199562.77717 288691497.661277 189940093.511108 0 0
69 13745.1131938315 848519.058059334 1.36052672223662 102496229.076794 120068084.713742 62221002.3104809 86396805.5481327 18694044.9649659 11230391.4307816 53887.6772780809 443254.886806169 1697451138.55625 1918740342.16513 1017484282.24511 1399810807.41957 289256503.79142 190279519.24878 0 0
70 13745.1131938315 848519.057854027 1.36054162926876 99489279.7546358 116545626.871198 60395614.172725 83862167.7549225 18145614.5852133 10900923.5254301 53887.6772780809 443254.886806169 1700458087.87841 1922262800.00767 1019309670.38287 1402345445.21278 289804934.171172 190608987.154131 0 0
71 13745.1131938315 848519.057567354 1.36055520379246 96570544.2181331 113126506.101484 58623776.7871335 81401887.7147201 17613273.3093275 10581121.1009595 53887.6772780809 443254.886806169 1703376823.41491 1925681920.77739 1021081507.76846 1404805725.25298 290337275.447058 190928789.578602 0 0
72 13745.1131938315 848519.057118385 1.3605675710077 93737419.7347915 109807673.462133 56903910.1480223 79013771.5148791 17096546.4310806 10270698.9790274 53887.6772780809 443254.886806169 1706209947.89825 1929000753.41674 1022801374.40757 1407193841.45282 290854002.325305 191239211.700534 0 0
