"Time" "IECs" "pheme_e" "BiomassCD" "pro_L_e" "leu_L_e" "ile_L_e" "val_L_e" "trp_L_e" "cys_L_e" "Drug" "Damage" "pro_L_v" "leu_L_v" "ile_L_v" "val_L_v" "trp_L_v" "cys_L_v" "CD" "pheme_c"
0 457000 1e+05 0.4963 224235600.199112 195370466.451958 120509812.093413 157438605.791629 18978882.6152 31300034.1459915 0 0 0 0 0 0 0 0 45700000 1000
1 343136.019807747 148836.058189376 0.594123777919249 369022464.550935 401225610.871969 217884233.279892 297052388.830309 57979684.6045356 42645562.1174545 0 113863.980192254 262836007.73197 267705149.199572 150760455.238068 202975131.06083 35238049.3495904 32378240.4223624 48532264.0528952 865.699729047962
2 252574.903583068 248462.603437341 0.697812003475023 434302883.673 490358582.43362 260818432.346097 358212127.590578 74281592.5241904 48223565.3824071 0 204425.096416933 521453939.875373 555215860.016361 304992632.299421 414157418.861164 77981058.3986481 61575705.7876866 52252899.7996003 1258.40902464356
3 181169.627670267 346516.961238228 0.803529047368441 476809608.286368 545617151.110054 288018648.160652 396673388.553891 83909540.0081998 52225925.8402475 0 275830.372329734 733965659.934532 796931833.861267 433029135.522253 590270396.547656 114907964.339142 84992971.2803617 57057131.1341614 1549.22556808496
4 125718.648368642 427749.061334113 0.907130884612868 511609323.078814 589344310.763931 309828504.410046 427395286.054328 91219700.2203227 55743779.9957501 0 331281.351631358 896724768.725962 983825297.122846 531479083.181398 725970395.348042 143749924.758768 102768293.176683 63165448.6600613 1713.32507904468
5 83668.7597468033 488176.787216946 1.00479478440298 542579613.562182 627769626.679304 329004201.412669 454443478.059318 97476777.3043151 59024110.5466955 0 373331.240253197 1014929202.3778 1120285467.9857 603111175.000302 824845505.38914 164906803.239318 115635119.856524 70824613.9279736 1779.72829724587
6 52858.8471495935 527621.826884704 1.09354991755488 569898742.756827 661877241.809137 345809710.979328 478318945.106112 102948011.54931 62028935.3321281 0 404141.152850407 1096055761.70865 1214316279.34766 652321482.790196 892861046.147927 179520251.559944 124461301.50842 80308676.1375993 1777.97410304082
7 31321.614625414 547553.13152558 1.17156390217154 592493039.487936 690865439.374901 359661004.51691 498309883.557213 107558030.700811 64626669.3800364 0 425678.385374586 1148128227.22131 1274901431.84996 683924883.987048 936606677.080044 188948141.519074 130133864.749796 91917608.0520763 1729.88710220161
8 17167.3397615314 550443.306104239 1.23815225926036 609206883.998424 713697691.420002 369889569.640888 513568347.073375 111169426.636521 66692756.8646398 9737.47760380151 439832.660238469 1178969236.77502 1310936808.96375 702648387.817652 962571841.62827 194559788.512134 133503018.812924 105972226.429666 1650.90721270521
9 16320.3494020213 709184.501684222 1.2508959379851 590816762.651891 692121664.453441 358728251.971127 498056639.335722 107812051.331706 64677798.2717856 4551.25207150362 440679.650597979 1200346386.41162 1335979543.93195 715628006.295265 980592746.879102 198460690.225525 135843221.70383 233916.519480607 719.080610875989
10 16311.5210017156 786199.039422933 1.2626045293992 570331221.273111 668123221.447196 346290022.539095 480787303.379697 104073840.649721 62435190.3860672 3758.22340572606 440688.478998285 1220863063.70071 1360014122.91764 728085189.159747 997888237.98463 202204566.469346 138089219.695266 26219.0845614391 187.44138501371
11 16310.3189838897 819091.84527823 1.27334307455631 550535148.703579 644932764.755361 334270377.67971 464099268.424402 100461458.146153 60268075.8748634 3575.46688534186 440689.681016111 1240663377.3199 1383209501.74239 740107415.680007 1014579835.56108 205817720.684987 140256795.781314 4441.3415340858 47.9727964361254
12 16310.1064018499 833097.89670208 1.2831759574507 531423576.726645 622544215.408362 322666337.921851 447988275.710196 96973984.9092444 58175897.1132918 3531.04233798626 440689.893598151 1259775699.65794 1405598921.95669 751711912.205878 1030691458.60421 209305330.459652 142349056.174389 823.656119684139 11.6436324669625
13 16310.0665571725 839056.380408639 1.29216617816689 512974997.800069 600932346.10005 311464849.036215 432436185.736955 93607494.7297452 56156297.8148823 3520.54718591381 440689.933442828 1278224419.28467 1427210954.5619 762913486.739959 1046243666.77056 212671846.241366 144368670.773155 156.196157686288 2.69457292703224
14 16310.0589798341 841590.296678373 1.30037478069317 495166782.762101 580070642.051449 300652171.983151 417423920.697572 90357857.9844898 54206800.3893051 3518.15809362209 440689.941020167 1296032661.09092 1448072689.67795 773726180.087669 1061255954.29628 215921487.857463 146318171.10843 29.8008863758656 0.601506309671668
15 16310.0575327761 842667.694860536 1.30786041836776 477976773.47198 559933144.747914 290214853.072531 402932801.075185 87221031.215127 52324979.0783005 3517.63067292489 440689.942467225 1313222675.49512 1468210192.91695 784163502.11138 1075747078.21469 219058315.557402 148199992.975105 5.69821139306206 0.130764874152543
16 16310.0572559486 843125.760421645 1.31467903935976 461383522.412098 540494728.975062 280139869.966872 388944746.632103 84193100.6770434 50508485.9699923 13254.9945301547 440689.942744052 1329815927.53375 1487648609.82574 794238485.812827 1089735133.47995 222086246.27358 150016486.189715 1.0909014938764 0.0278724470415037
17 16310.057253694 843320.50572521 1.31943829817091 445366315.212212 521731128.549708 270414645.461525 375442295.223147 81270286.4200634 48755053.4237891 13254.9666432447 440689.942746307 1345833134.72813 1506412210.26047 803963710.323091 1103237584.8929 225009060.53203 151769918.736784 -1.22804624979471e-07 4.51746787180375e-05
18 16310.057253694 843403.314493392 1.32378610709441 429905146.789946 503618908.172641 261027032.98496 362408582.611717 78448937.9185097 47062491.4435176 13254.9665981507 440689.942746307 1361294303.15039 1524524430.63754 813351322.799657 1116271297.50433 227830409.033583 153462480.717055 -1.22804624979471e-07 8.06255689104698e-08
19 16310.057253694 843438.598562847 1.32775576432559 414980598.102142 486135319.126907 251965241.816127 349827238.618854 75725511.5947878 45428674.1929851 13254.9665980692 440689.942746307 1376218851.8382 1542008019.68327 822413113.96849 1128852641.49719 230553835.357305 155096297.967588 -1.22804624979471e-07 -7.97647541849639e-10
20 16310.057253694 843453.35607569 1.33137768746793 400574302.502626 469258845.526126 243218120.213316 337682780.224042 73096655.9098515 43851591.0423238 13254.9665980692 440689.942746307 1390625147.43771 1558884493.28405 831160235.571301 1140997099.892 233182691.042242 156673381.118249 -1.22804624979471e-07 -7.9864754184967e-10
21 16310.057253694 843459.803467812 1.33468074783826 386668194.828018 452968324.66051 234774699.487195 325959978.555741 70559074.3391278 42329264.365531 13254.9665980692 440689.942746307 1404531255.11232 1575175014.14967 839603656.297421 1152719901.56031 235720272.612965 158195707.795042 -1.22804624979471e-07 -7.99647541849674e-10
22 16310.057253694 843462.799444103 1.33769179772849 373244784.70045 437243267.161483 226624359.94299 314644089.284648 68109575.2446989 40859779.45941 13254.9665980692 440689.942746307 1417954665.23989 1590900071.6487 847753995.841626 1164035790.8314 238169771.707394 159665192.701163 -1.22804624979471e-07 -8.00647541849683e-10
23 16310.057253694 843463.786557291 1.34043537835735 360287376.763956 422064115.000941 218756964.602195 303721038.282235 65745112.0639603 39441308.6532455 13254.9665980692 440689.942746307 1430912073.17638 1606079223.80924 855621391.182421 1174958841.83381 240534234.888133 161083663.507327 -1.22804624979471e-07 -8.01647541849691e-10
24 16310.057253694 843464.223534608 1.34293428726954 347779788.826499 407411911.304452 211162688.065869 293177184.015424 63462731.8762784 38072080.4533021 22992.4442018707 440689.942746307 1443419661.11384 1620731427.50573 863215667.718747 1185502696.10062 242816615.075815 162452891.707271 0 0
25 16310.057253694 843464.397199951 1.34475863068138 335706495.565464 393268468.697236 203832103.768805 282999438.689837 61259601.6263173 36750395.2745244 22992.4442018707 440689.942746307 1455492954.37488 1634874870.11295 870546252.015811 1195680441.42621 245019745.325776 163774576.886049 0 0
26 16310.057253694 843464.469023276 1.34642203851249 324052169.30488 379615831.340673 196755905.151613 273174881.126546 59132924.3252304 35474575.1685914 22992.4442018707 440689.942746307 1467147280.63546 1648527507.46951 877622450.633003 1205504998.9895 247146422.626863 165050396.991982 0 0
27 16310.057253694 843464.501708701 1.3479378342888 312802916.944178 366437723.951269 189925656.691136 263691799.48883 57080164.764979 34243099.2327376 22992.4442018707 440689.942746307 1478396532.99616 1661705614.85891 884452699.09348 1214988080.62721 249199182.187114 166281872.927835 0 0
28 16310.057253694 843464.529498573 1.34931972519699 301943767.587112 353716608.645429 183332268.455195 254537573.361861 55098591.0617535 33054328.5759618 22992.4442018707 440689.942746307 1489255682.35323 1674426730.16475 891046087.329421 1224142306.75418 251180755.89034 167470643.584611 0 0
29 16310.057253694 843464.541326477 1.35057885718429 291461637.166798 341437157.894444 176967796.144485 245701172.921571 53185815.6396933 31906830.8618743 22992.4442018707 440689.942746307 1499737812.77354 1686706180.91574 897410559.640131 1232978707.19447 253093531.3124 168618141.298699 0 0
30 16310.057253694 843464.531600113 1.35172596357646 281343397.751677 329583992.783671 170824268.826235 237171531.366125 51339442.9185282 30799168.9521409 22992.4442018707 440689.942746307 1509856052.18866 1698559346.02651 903554086.958381 1241508348.74992 254939904.033565 169725803.208432 0 0
31 16310.057253694 843464.52131195 1.35277084980759 271576416.93116 318142314.884022 164894016.434895 228937999.61618 49557167.7404774 29729959.9540007 22992.4442018707 440689.942746307 1519623033.00918 1710001023.92616 909484339.349721 1249741880.49986 256722179.211616 170795012.206572 0 0
32 16310.057253694 843464.527317554 1.35372251142079 262148489.437001 307097826.148792 159169628.254448 220990288.671948 47836762.8925427 28697867.7347356 32729.9218056722 440689.942746307 1529050960.50334 1721045512.66139 915208727.530168 1257689591.4441 258442584.059551 171827104.425837 0 0
33 16310.057253694 843464.526721381 1.35442796024776 253047956.766763 296436869.048378 153644025.550613 213318570.455362 46176100.9353558 27701616.0170659 32729.9218056722 440689.942746307 1538151493.17358 1731706469.7618 920734330.234003 1265361309.66069 260103246.016738 172823356.143507 0 0
34 16310.057253694 843464.526474429 1.35507072615647 244263180.700695 286145809.813639 148310141.90422 205913033.986591 44573058.1307259 26739930.7440944 32729.9218056722 440689.942746307 1546936269.23965 1741997528.99654 926068213.880396 1272766846.12946 261706288.821368 173785041.416478 0 0
35 16310.057253694 843464.526362596 1.35565609931325 235783751.973888 276212454.353235 143161657.08497 198764904.290576 43025734.9997036 25811672.3948259 32729.9218056722 440689.942746307 1555415697.96645 1751930884.45695 931216698.699646 1279914975.82547 263253611.95239 174713299.765747 0 0
36 16310.057253694 843464.526267434 1.35618953123119 227598371.16594 266623565.78966 138191710.383693 191864655.994188 41532069.6280818 24915604.0013386 32729.9218056722 440689.942746307 1563601078.7744 1761519773.02052 936186645.400923 1286815224.12186 264747277.324012 175609368.159234 0 0
37 16310.057253694 843464.526226531 1.35667541598111 219697178.667402 257367593.933803 133394315.306345 185203977.480058 40090262.8378438 24050646.2144114 32729.9218056722 440689.942746307 1571502271.27294 1770775744.87638 940984040.478271 1293475902.63599 266189084.11425 176474325.946161 0 0
38 16310.057253694 843464.526259562 1.3571179737413 212070278.97457 248432946.547683 128763463.564841 178774526.872081 38698508.9010015 23215715.7554144 32729.9218056722 440689.942746307 1579129170.96577 1779710392.2625 945614892.219775 1299905353.24397 267580838.051092 177309256.405158 0 0
39 16310.057253694 843464.526294887 1.35752104553224 204708150.102322 239808468.957329 124293373.661696 172568277.169052 37355070.2491046 22409770.2354705 32729.9218056722 440689.942746307 1586491299.83802 1788334869.85285 950084982.12292 1306111602.947 268924276.702989 178115201.925102 0 0
40 16310.057253694 843464.526274742 1.3578881442373 197601592.084598 231483383.722886 119978459.620882 166577472.830741 36058268.0756262 21631802.5177091 42467.3994094737 440689.942746307 1593597857.85574 1796659955.0873 954399896.163734 1312102407.28531 270221078.876468 178893169.642864 0 0
41 16310.057253694 843464.526276608 1.35816180651742 190741839.083205 223447421.97018 115813399.057329 160794724.285244 34806502.7935383 20880852.9900208 42467.3994094737 440689.942746307 1600457610.85713 1804695916.84001 958564956.727287 1317885155.83081 271472844.158556 179644119.170552 0 0
42 16310.057253694 843464.526277381 1.35841108746552 184120068.764411 215690248.642478 111792835.283369 155212594.335106 33598164.5065265 20155955.855627 42467.3994094737 440689.942746307 1607079381.17593 1812453090.16771 962585520.501247 1323467285.78095 272681182.445568 180369016.304946 0 0
43 16310.057253694 843464.52627773 1.35863805700251 177728468.259001 208202711.235573 107912024.531485 149824496.758043 32431827.5250019 19456255.8256498 42467.3994094737 440689.942746307 1613470981.68134 1819940627.57461 966466331.253131 1328855383.35801 273847519.427092 181068716.334923 0 0
44 16310.057253694 843464.526278027 1.35884485326339 171558513.009921 200974823.527744 104165790.916134 144623245.381331 31305936.2908327 18780819.7014608 42467.3994094737 440689.942746307 1619640936.93042 1827168515.28244 970212564.868482 1334056634.73472 274973410.661261 181744152.459112 0 0
45 16310.057253694 843464.526278156 1.35903319307647 165602772.476092 193997880.898881 100549622.809328 139602576.284009 30219134.8815317 18128834.0483324 42467.3994094737 440689.942746307 1625596677.46425 1834145457.9113 973828732.975288 1339077303.83204 276060212.070562 182396138.112241 0 0
46 16310.057253694 843464.526278054 1.35920472384338 159853787.673678 187263145.409176 97058991.3133919 134756201.567966 29170062.1843876 17499482.3178569 42467.3994094737 440689.942746307 1631345662.26666 1840880193.40101 977319364.471224 1343923678.54808 277109284.767707 183025489.842716 0 0
47 16310.057253694 843464.526277943 1.359360942891 154304381.162317 180762208.937198 93689538.4764022 130078070.67529 28157408.4626423 16891978.782699 42467.3994094737 440689.942746307 1636895068.77802 1847381129.87299 980688817.308214 1348601809.44076 278121938.489452 183632993.377874 0 0
48 16310.057253694 843464.526278005 1.35950321803073 148947618.258058 174486947.742196 90437053.7417034 125562337.690897 27179908.2776404 16305564.2905044 52204.8770132752 440689.942746307 1642251831.68228 1853656391.06799 983941302.042913 1353117542.42515 279099438.674454 184219407.870069 0 0
49 16310.057253694 843464.526278 1.35960950858782 143776903.334706 168429635.277773 87297532.4195431 121203442.524246 26236358.0618657 15739516.8061834 52204.8770132752 440689.942746307 1647422546.60563 1859713703.53241 987080823.365073 1357476437.5918 280042988.890229 184785455.35439 0 0
50 16310.057253694 843464.526277998 1.35970632017285 138785559.746326 162582450.085727 84266920.6271236 116995756.785427 25325539.4633479 15193105.4252688 52204.8770132752 440689.942746307 1652413890.19401 1865560888.72446 990111435.157493 1361684123.33062 280953807.488747 185331866.735305 0 0
51 16310.057253694 843464.526277996 1.35979445868597 133967715.968273 156938513.879411 81341653.3299991 112934330.799053 24446381.0483634 14665687.3813727 52204.8770132752 440689.942746307 1657231733.97206 1871204824.93077 993036702.454617 1365745549.31699 281832965.903731 185859284.779201 0 0
52 16310.057253694 843464.526277996 1.35987475832826 129316942.671945 151490294.924266 78517826.8099144 109013744.662887 23597709.5953207 14156558.8443023 52204.8770132752 440689.942746307 1661882507.26839 1876653043.88592 995860528.974702 1369666135.45316 282681637.356774 186368413.316271 0 0
53 16310.057253694 843464.526277995 1.35994788771055 124827639.593601 146231232.706347 75792040.734869 105229277.373566 22778503.1700892 13665106.7430899 52204.8770132752 440689.942746307 1666371810.34674 1881912106.10384 998586315.049747 1373450602.74248 283500843.782005 186859865.417484 0 0
54 16310.057253694 843464.526277996 1.36001448822027 120494184.333352 141154740.779983 73160881.3323774 101576189.267028 21987735.7991417 13190715.5834837 52204.8770132752 440689.942746307 1670705265.60699 1886988598.0302 1001217474.45224 1377103690.84902 284291611.152953 187334256.57709 0 0
55 16310.057253694 843464.526277996 1.36007514251323 116311166.706048 136254481.301679 70621063.6811312 98049919.5755149 21224420.2338208 12732793.1027621 52204.8770132752 440689.942746307 1674888283.23429 1891888857.50851 1003757292.10348 1380629960.54053 285054926.718274 187792179.057811 0 0
56 16310.057253694 843464.526277996 1.36013038260532 112273359.524362 131524330.803513 68169413.9712572 94646061.7978147 20487602.6188463 12290767.0713047 52204.8770132752 440689.942746307 1678926090.41598 1896619008.00667 1006208941.81336 1384033818.31823 285791744.333248 188234205.089269 0 0
57 16310.057253694 843464.526277995 1.36018069461811 108375716.305185 126958377.506267 65802868.1117054 91360361.7657602 19776362.07378 11864085.041508 52204.8770132752 440689.942746307 1682823733.63515 1901184961.30392 1008575487.67291 1387319518.35029 286502984.878314 188660887.119065 0 0
58 16310.057253694 843464.526277993 1.36022651300655 104613380.103944 122550931.668515 63518477.0942103 88188725.0915271 19089812.3051075 11452215.3148934 52204.8770132752 440689.942746307 1686586069.83639 1905592407.14167 1010859878.69041 1390491155.02452 287189534.646987 189072756.84568 0 0
59 16310.057253694 843464.526277991 1.36026824372045 100981639.795903 118296474.371692 61313380.4484538 85127180.3129198 18427093.6284667 11054642.1561432 52204.8770132752 440689.942746307 1690217810.14443 1909846864.43849 1013064975.33616 1393552699.80313 287852253.323628 189470330.00443 0 0
60 16310.057253694 843464.52627799 1.36030624408885 97475983.3040419 114189719.874701 59184838.5606267 82171923.7642943 17787382.6816518 10670871.6200516 52204.8770132752 440689.942746307 1693723466.6363 1913953618.93548 1015193517.22399 1396507956.35175 288491964.270443 189854100.540522 0 0
61 16310.057253694 843464.526277991 1.36034084396119 94092043.4885582 110225552.225346 57130199.8189627 79319273.9615879 17169882.5505483 10300425.6279514 52204.8770132752 440689.942746307 1697107406.45178 1917917786.58484 1017248155.96565 1399360606.15446 289109464.401546 190224546.532622 0 0
62 16310.057253694 843464.526277994 1.3603723538675 90825577.397944 106399000.953696 55146888.0155439 76565654.1110512 16573818.9828779 9942839.69629196 52204.8770132752 440689.942746307 1700373872.54239 1921744337.85649 1019231467.76907 1402114226.005 289705527.969217 190582132.464281 0 0
63 16310.057253694 843464.526278 1.36040104810622 87672511.1779256 102705293.681339 53232429.6138197 73907629.9673298 15998448.583165 9597667.85290167 52204.8770132752 440689.942746307 1703526938.76241 1925438045.12885 1021145926.1708 1404772250.14872 290280898.36893 190927304.307672 0 0
64 16310.057253694 843464.526278007 1.36042718078168 84628902.2502452 99139811.8151451 51384430.7845636 71341877.9503064 15443051.9111347 9264478.49663103 52204.8770132752 440689.942746307 1706570547.69009 1929003526.99504 1022993925.00005 1407338002.16574 290836295.04096 191260493.663942 0 0
65 16310.057253694 843464.526278015 1.36045097729009 81690957.7615861 95698112.1595389 49600588.6075731 68865200.6974819 14906936.848266 8942856.41698981 52204.8770132752 440689.942746307 1709508492.17875 1932445226.65065 1024777767.17704 1409814679.41857 291372410.103828 191582115.743584 0 0
66 16310.057253694 843464.526278018 1.36047264939042 78855002.0813348 92375888.8412588 47878671.3371699 66474499.6646987 14389432.6667951 8632399.23606837 52204.8770132752 440689.942746307 1712344447.859 1935767449.96893 1026499684.44745 1412205380.45135 291889914.285299 191892572.924505 0 0
67 16310.057253694 843464.526278013 1.36049238421897 76117500.1689104 89169000.683371 46216532.5902246 64166794.8247207 13889894.2937769 8332719.96660143 52204.8770132752 440689.942746307 1715081949.77143 1938974338.12682 1028161823.19439 1414513085.29133 292389452.658318 192192252.193972 0 0
68 16310.057253694 843464.526277979 1.36051035917066 73475020.1573531 86073427.3732456 44612088.6279012 61939193.125325 13407695.4833522 8043442.91592601 52204.8770132752 440689.942746307 1717724429.78298 1942069911.43694 1029766267.15672 1416740686.99072 292871651.468742 192481529.244647 0 0
69 16310.057253694 843464.526277896 1.36052673173108 70924260.2320325 83085300.9500275 43063334.6756982 59788911.1479615 12942233.7215644 7764206.62844205 52204.8770132752 440689.942746307 1720275189.7083 1945058037.86016 1031315021.10892 1418890968.96809 293337113.23053 192760765.532131 0 0
70 16310.057253694 843464.52627774 1.36054164113051 68462045.3920199 80200902.0106971 41568342.9570388 57713272.3776016 12492929.6353759 7494663.53107408 52204.8770132752 440689.942746307 1722737404.54832 1947942436.79949 1032810012.82758 1420966607.73845 293786417.316719 193030308.629499 0 0
71 16310.057253694 843464.526277481 1.36055521360079 66085314.7309472 77416644.810039 40125254.9705455 55709696.4805444 12059224.671684 7234478.54088383 52204.8770132752 440689.942746307 1725114135.20939 1950726694.00015 1034253100.81407 1422970183.6355 294220122.280411 193290493.61969 0 0
72 16310.057253694 843464.526277083 1.36056756502323 63791115.3281721 74729070.1043553 38732277.7809171 53775694.1546904 11640579.9825826 6983328.39632513 52204.8770132752 440689.942746307 1727408334.61217 1953414268.70583 1035646078.0037 1424904185.96136 294638766.969512 193541643.764248 0 0
