"Time" "IECs" "pheme_e" "BiomassCD" "pro_L_e" "leu_L_e" "ile_L_e" "val_L_e" "trp_L_e" "cys_L_e" "Drug" "Damage" "pro_L_v" "leu_L_v" "ile_L_v" "val_L_v" "trp_L_v" "cys_L_v" "CD" "pheme_c"
0 457000 1e+05 0.4963 224235600.199112 195370466.451958 120509812.093413 157438605.791629 18978882.6152 31300034.1459915 0 0 0 0 0 0 0 0 45700000 1000
1 398981.121237002 119060.623079042 0.594123778052611 224791992.892555 235421263.283472 130510214.517126 176667858.202464 32293509.466512 26987851.6668226 0 58018.8787629976 207072479.201178 201249719.943793 116396353.228338 155308854.554618 24513389.2331764 26591431.92416 48532264.0500541 696.941205064732
2 345065.401661903 170799.110409981 0.697811990868596 233573514.506119 259989636.300664 139356014.549591 190875556.225913 38695808.5896381 26352144.6708969 0 111934.598338096 391142882.270318 400916824.639437 224947086.568152 303250465.693675 53263643.1187512 47930775.2369235 52252900.3637876 866.570912260886
3 294801.964807193 228868.939917716 0.803528923592226 247154828.835184 281689953.315012 149035644.722542 205087638.471844 43127674.217672 27182876.1576361 0 162198.035192807 557221158.874521 588262141.503829 324631245.231768 440145468.867786 81602822.7749093 66401203.5023931 57057136.5985193 1023.42291141888
4 247939.532642198 284787.600487308 0.907130620832256 264551744.541653 304712342.285901 160253030.031896 221014054.435582 47194629.3493939 28786905.5094541 0 209060.467357802 707152616.041717 760140607.907157 415270309.823674 565024352.44822 108089185.501495 82792348.1019334 63165471.3232763 1140.35967987504
5 204437.907600304 335321.562769394 1.00479460351065 285376872.962999 330528675.931971 173233315.768988 239238806.92134 51463129.2188515 30917865.0178396 0 252562.092399696 841417462.111412 915247532.810323 496696212.81643 677402256.346224 132182401.757332 97366012.6096352 70824639.3259829 1221.94248916583
6 164461.74494625 378684.755438628 1.09354980725815 309237041.504982 359474837.805364 187915488.972706 259800276.553868 56115691.6129467 33458810.7471911 0 292538.25505375 959752509.413935 1052562231.41514 568570729.708029 776716337.212382 153592484.2708 110175913.33944 80308703.6025543 1275.52925066924
7 128346.45384682 413465.511115416 1.17156469163013 335473501.594432 391185588.220511 203973474.332597 282322877.646186 61149537.5145608 36313833.2581467 0 328653.54615318 1061530638.15912 1171054976.68252 630437382.103057 862295743.402128 172103376.94871 121189162.610666 91917659.1618496 1305.74857793448
8 96528.4988134118 438454.78976977 1.23815299811704 363029099.858924 424701102.380232 220797714.097788 306028708.167946 66438752.5812806 39366128.9488715 9737.47760380151 360471.501186588 1146142376.66789 1269870337.50675 681891341.691403 933559283.089953 187556235.059202 130354961.65277 105972298.846954 1314.59528351452
9 94821.877333595 582471.313799113 1.25089659948703 300576434.187662 351592843.311607 182815929.826022 253367265.491404 55007030.0303362 32589393.4209338 7365.27515479504 362178.122666405 1214688778.79308 1350051766.09496 723582441.215149 991339879.77071 200100613.041188 137787039.828957 855.132331688401 322.701532007269
10 94821.8505696474 647452.095987654 1.26260511914433 244762814.089556 286306056.426551 148869094.0703 206319850.053081 44792851.0723386 26537914.1985046 7088.70369906597 362178.149430352 1270502494.51233 1415338663.97067 757529335.17634 1038387375.53748 210314809.448477 143838529.328742 0.19534845432377 46.3686532488884
11 94821.8505630368 674374.884421374 1.27334359798945 199313083.90038 233142208.54157 121225760.322208 168008550.387411 36475317.2050421 21610118.918013 7049.21245886318 362178.149436963 1315952224.72514 1468502511.88308 785172668.938815 1076698675.223 218632343.320083 148766324.611772 6.3310234587144e-05 6.87748508643572
12 94821.8505630346 685529.461371503 1.28317641981399 162302862.704716 189850295.440261 98715485.9521623 136811232.625227 29702256.7941392 17597360.3696579 7043.35991707572 362178.149436965 1352962445.92081 1511794424.9844 807682943.308866 1107895992.98519 225405403.730987 152779083.160128 1.28822672035352e-07 1.02494332383297
13 94821.8505630346 690150.995710537 1.2921665844646 132165027.63798 154597208.735565 80385118.9790816 111406909.525656 24186878.3131065 14329726.4191986 7042.48782745686 362178.149436965 1383100280.98755 1547047511.6891 826013310.281947 1133300316.08476 230920782.21202 156046717.110587 8.58418598644065e-09 0.152853705072419
14 94821.8505630346 692065.777383882 1.30037513566743 107623453.089165 125890227.841836 65458497.1238338 90719886.4588117 19695644.2262031 11668855.7224196 7042.35777180142 362178.149436965 1407641855.53636 1575754492.58282 840939932.137195 1153987339.15161 235412016.298924 158707587.807366 1.03535578025736e-08 0.0227980496593734
15 94821.8505630346 692859.104395537 1.30786072648126 87638975.7741874 102513813.777161 53303582.8064129 73874213.31867 16038382.3195783 9502079.09722398 7042.33837419037 362178.149436965 1427626332.85134 1599130906.6475 853094846.454615 1170833012.29175 239069278.205548 160874364.432562 1.22928793064698e-08 0.00340043864479661
16 94821.8505630346 693187.793279946 1.3146793047882 71365393.4710429 83478139.626765 43405700.7945589 60156594.1897217 13060233.2439951 7737648.77528487 16779.8130847359 362178.149436965 1443899915.15448 1618166580.7979 862992728.46647 1184550631.4207 242047427.281132 162638794.754501 1.46094032230176e-08 0.000507182663473641
17 94821.8505630346 693323.970994966 1.31943852734453 58113687.7233917 67977240.8172587 35345777.8161551 48986229.308226 10635103.0859818 6300859.32087859 16779.8125827395 362178.149436965 1457151620.90213 1633667479.60741 871052651.444874 1195720996.3022 244472557.439145 164075584.208907 -6.82403470882274e-09 5.18632419370787e-06
18 94821.8505630346 693380.394148469 1.32378629778532 47322629.1533562 55354631.3112166 28782464.1879948 39890037.1666029 8660283.98922359 5130860.57124174 16779.812577604 362178.149436965 1467942679.47217 1646290089.11345 877615965.073034 1204817188.44382 246447376.535904 165245582.958544 -6.82403470882274e-09 5.08364509514283e-08
19 94821.8505630346 693403.785537392 1.3277557205102 38535325.0933446 45075870.7020969 23437869.6686016 32482885.6236874 7052162.25083196 4178114.86087733 16779.8125775282 362178.149436965 1476729983.53218 1656568849.72257 882960559.592427 1212224339.98674 248055498.274295 166198328.668909 -6.82403470882274e-09 -2.50109779025882e-08
20 94821.8505630346 693413.456881259 1.33137767016192 31379733.6193808 36705770.9223204 19085711.7469474 26451166.4451007 5742652.28944389 3402284.29494034 16779.8125775253 362178.149436965 1483885575.00614 1664938949.50234 887312717.514081 1218256059.16532 249365008.235683 166974159.234845 -6.82403470882274e-09 -2.79065648585769e-08
21 94821.8505630346 693417.467049437 1.33468085867263 25552847.9777444 29889896.3152662 15541696.3296204 21539463.7572137 4676302.31413357 2770515.9776112 16779.8125775253 362178.149436965 1489712460.64778 1671754824.1094 890856732.931409 1223167761.85321 250431358.210993 167605927.552175 -6.82403470882274e-09 -2.79075648585769e-08
22 94821.8505630346 693419.116148638 1.33769192158228 20807998.8537646 24339710.7363099 12655794.7550097 17539850.6483961 3807970.57443838 2256065.28621313 16779.8125775253 362178.149436965 1494457309.77176 1677305009.68835 893742634.506019 1227167374.96203 251299689.950689 168120378.243573 -6.82403470882274e-09 -2.79085648585769e-08
23 94821.8505630346 693419.827497873 1.340435516809 16944181.4158225 19820093.0912712 10305752.3117608 14282892.5300083 3100872.15463895 1837138.67749558 16779.8125775253 362178.149436965 1498321127.2097 1681824627.33339 896092676.949268 1230424333.08041 252006788.370488 168539304.85229 -6.82403470882274e-09 -2.79095648585769e-08
24 94821.8505630346 693420.114999965 1.34293442569557 13797836.3800194 16139723.4129435 8392089.33621884 11630719.0843948 2525074.86641481 1496002.56615635 26517.2901813268 362178.149436965 1501467472.2455 1685504997.01172 898006339.92481 1233076506.52603 252582585.658712 168880440.96363 0 0
25 94821.8505630346 693420.230037042 1.34475875429123 11235754.6872969 13142783.2592113 6833785.71093787 9471043.34838755 2056200.7683451 1218214.02877629 26517.2901813268 362178.149436965 1504029553.93822 1688501937.16545 899564643.550091 1235236182.26204 253051459.756782 169158229.50101 0 0
26 94821.8505630346 693420.27773837 1.34642212432026 9149396.80188645 10702310.8341505 5564825.76102544 7712373.23472681 1674386.56837204 992004.885217053 26517.2901813268 362178.149436965 1506115911.82363 1690942409.59051 900833603.500003 1236994852.3757 253433273.956755 169384438.644569 0 0
27 94821.8505630346 693420.297477693 1.3479383804687 7450454.11702008 8715009.03747934 4531498.62220239 6280270.07275697 1363471.33826772 807800.452992219 26517.2901813268 362178.149436965 1507814854.5085 1692929711.38718 901866930.638826 1238426955.53767 253744189.186859 169568643.076794 0 0
28 94821.8505630346 693420.305650279 1.34932024202704 6066977.0638872 7096716.40298679 3690043.2878492 5114084.84476022 1110287.93770311 657799.745294139 26517.2901813268 362178.149436965 1509198331.56163 1694548004.02168 902708385.97318 1239593140.76567 253997372.587424 169718643.784492 0 0
29 94821.8505630346 693420.308914347 1.35057937733727 4940426.85254913 5778958.4356493 3004855.42542638 4164472.98666393 904123.467705238 535655.811952079 26517.2901813268 362178.149436965 1510324881.77297 1695865761.98901 903393573.835603 1240542752.62376 254203537.057422 169840787.717834 0 0
30 94821.8505630346 693420.31040413 1.35172648563261 4023044.33611922 4705869.89689189 2446887.07290166 3391176.50396449 736237.759299535 436190.463840437 26517.2901813268 362178.149436965 1511242264.2894 1696938850.52777 903951542.188127 1241316049.10646 254371422.765827 169940253.065946 0 0
31 94821.8505630346 693420.311016778 1.35277136648818 3276009.78612807 3832042.24125818 1992527.38141799 2761472.77665647 599526.602957826 355194.750236197 26517.2901813268 362178.149436965 1511989298.83939 1697812678.1834 904405901.879611 1241945752.83377 254508133.922169 170021248.77955 0 0
32 94821.8505630346 693420.311274614 1.35372299143233 2667691.69315926 3120475.18848292 1622537.50471347 2248698.40693569 488201.270127727 289239.088561697 36254.7677851283 362178.149436965 1512597616.93236 1698524245.23618 904775891.756315 1242458527.20349 254619459.254999 170087204.441225 0 0
33 94821.8505630346 693420.311377587 1.35442839960465 2172335.5078256 2541042.90634965 1321253.06807611 1831143.90928443 397548.546102064 235531.093771028 36254.7677851283 362178.149436965 1513092973.11769 1699103677.51831 905077176.192952 1242876081.70114 254710111.979025 170140912.436016 0 0
34 94821.8505630346 693420.311420286 1.35507110624332 1768956.34550896 2069198.77578994 1075910.69168495 1491120.32934134 323728.089303767 191795.522095925 36254.7677851283 362178.149436965 1513496352.28001 1699575521.64887 905322518.569343 1243216105.28108 254783932.435823 170184648.007691 0 0
35 94821.8505630346 693420.311437956 1.35565663074784 1440480.54445811 1684971.24686497 876125.870986781 1214235.63069566 263615.332012335 156181.196214808 36254.7677851283 362178.149436965 1513824828.08106 1699959749.1778 905522303.390041 1243492989.97973 254844045.193114 170220262.333572 0 0
36 94821.8505630346 693420.311445271 1.35619001761084 1172997.28145078 1372088.43222445 713437.796039654 988763.853372617 214664.522189392 127179.863191154 36254.7677851283 362178.149436965 1514092311.34407 1700272631.99244 905684991.464989 1243718461.75705 254892996.002937 170249263.666595 0 0
37 94821.8505630346 693420.311448193 1.35667587300936 955188.589922851 1117311.38302806 580962.678407859 805164.654517831 174804.413871228 103564.39533934 36254.7677851283 362178.149436965 1514310120.0356 1700527409.04164 905817466.582621 1243902060.95591 254932856.111256 170272879.134447 0 0
38 94821.8505630346 693420.311449527 1.35711840340347 777820.654218441 909839.041296327 473084.347282872 655654.501045921 142345.171405964 84333.6348302575 36254.7677851283 362178.149436965 1514487487.9713 1700734881.38337 905925344.913745 1244051571.10938 254965315.353721 170292109.894956 0 0
39 94821.8505630346 693420.311450075 1.35752144731179 633388.017177593 740892.059361029 385237.850214122 533906.758735174 115913.257616207 68673.8176169785 36254.7677851283 362178.149436965 1514631920.60834 1700903828.3653 906013191.410814 1244173318.85169 254991747.267511 170307769.71217 0 0
40 94821.8505630346 693420.311450304 1.35788850759665 515775.001379045 603316.754619804 313703.523490779 434766.291364341 94389.472148927 55921.8637162345 45992.2453889298 362178.149436965 1514749533.62414 1701041403.67004 906084725.737537 1244272459.31906 255013271.052978 170320521.66607 0 0
41 94821.8505630346 693420.311450397 1.35816213845343 420002.191654091 491288.562889714 255452.798300532 354035.761217804 76862.5564744805 45537.8900865708 45992.2453889298 362178.149436965 1514845306.43387 1701153431.86177 906142976.462727 1244353189.84921 255030797.968652 170330905.6397 0 0
42 94821.8505630346 693420.311450436 1.35841137839397 342012.336228775 400061.600856534 208017.981998766 288295.157046128 62590.012696895 37081.9973917286 45992.2453889298 362178.149436965 1514923296.28929 1701244658.8238 906190411.279029 1244418930.45338 255045070.51243 170339361.532394 0 0
43 94821.8505630346 693420.311450452 1.35863839303745 278504.394719601 325774.54727415 169391.323149837 234761.906833724 50967.7334854399 30196.2769894622 45992.2453889298 362178.149436965 1514986804.2308 1701318945.87739 906229037.937878 1244472463.70359 255056692.791641 170346247.252797 0 0
44 94821.8505630346 693420.311450459 1.35884515786066 226788.830398419 265281.374192545 137936.997710466 191168.898165957 41503.5198164782 24589.1212873735 45992.2453889298 362178.149436965 1515038519.79512 1701379439.05047 906260492.263317 1244516056.71226 255066157.00531 170351854.408499 0 0
45 94821.8505630346 693420.311450461 1.35903347357004 184677.412758149 216022.44587063 112324.084991503 155671.588636409 33796.9142774733 20023.2758084727 45992.2453889298 362178.149436965 1515080631.21276 1701428697.97879 906286105.176036 1244551554.02179 255073863.610849 170356420.253978 0 0
46 94821.8505630346 693420.311450462 1.35920498211451 150384.86381168 175909.471642124 91466.7471887317 126765.099785605 27521.2018349469 16305.1753896092 45992.2453889298 362178.149436965 1515114923.76171 1701468810.95302 906306962.513839 1244580460.51064 255080139.323292 170360138.354397 0 0
47 94821.8505630346 693420.311450463 1.35936117975177 122460.068637431 143245.040925426 74482.3904139791 103226.231863438 22410.8210112993 13277.4858236884 45992.2453889298 362178.149436965 1515142848.55688 1701501475.38373 906323946.870614 1244603999.37856 255085249.704116 170363166.043963 0 0
48 94821.8505630346 693420.311450463 1.35950343025847 99720.6141530446 116646.051356984 60651.8500137326 84058.2840811854 18249.3841444544 10812.0063583065 55729.7229927313 362178.149436965 1515165588.01136 1701528074.3733 906337777.411014 1244623167.32634 255089411.140982 170365631.523428 0 0
49 94821.8505630346 693420.311450463 1.35960970200057 81203.7740448442 94986.3744629437 49389.5787320173 68449.7379513732 14860.7073784111 8804.35533563682 55729.7229927313 362178.149436965 1515184104.85147 1701549734.05019 906349039.682296 1244638775.87247 255092799.817748 170367639.174451 0 0
50 94821.8505630346 693420.311450463 1.35970649058659 66125.1132128396 77348.4340958181 40218.4691980639 55739.3634059936 12101.2350642428 7169.48196291399 55729.7229927313 362178.149436965 1515199183.5123 1701567371.99056 906358210.79183 1244651486.24701 255095559.290062 170369274.047823 0 0
51 94821.8505630346 693420.311450463 1.35979464078365 53846.4045884524 62985.6778195724 32750.3403645842 45389.174666534 9854.16837309338 5838.18775813783 55729.7229927313 362178.149436965 1515211462.22093 1701581734.74684 906365678.920663 1244661836.43576 255097806.356753 170370605.342028 0 0
52 94821.8505630346 693420.311450463 1.35987492262222 43847.649622335 51289.8484748629 26668.9198711414 36960.8452530172 8024.34490186101 4754.09292792654 55729.7229927313 362178.149436965 1515221460.97589 1701593430.57618 906371760.341156 1244670264.76517 255099636.180225 170371689.436858 0 0
53 94821.8505630346 693420.311450463 1.35994803754372 35705.7729589647 41766.0627312237 21716.8857665464 30097.7489179586 6534.33968931212 3871.3263806026 55729.7229927313 362178.149436965 1515229602.85255 1701602954.36193 906376712.375261 1244677127.8615 255101126.185437 170372572.203406 0 0
54 94821.8505630346 693420.311450463 1.36001462477675 29075.6066131739 34010.5677350784 17684.3007470254 24508.9304882539 5320.98522279958 3152.463973906 55729.7229927313 362178.149436965 1515236233.0189 1701610709.85692 906380744.960281 1244682716.67993 255102339.539904 170373291.065812 0 0
55 94821.8505630346 693420.311450463 1.36007526652207 23676.5901253401 27695.1839012953 14400.5229542091 19957.8949220587 4332.93749840925 2567.08650615925 55729.7229927313 362178.149436965 1515241632.03539 1701617025.24076 906384028.738073 1244687267.7155 255103327.587628 170373876.44328 0 0
56 94821.8505630346 693420.311450463 1.36013049318746 19280.1142006429 22552.5004064372 11726.5081515678 16251.9387827683 3528.35984199301 2090.40747589361 55729.7229927313 362178.149436965 1515246028.51131 1701622167.92425 906386702.752876 1244690973.67164 255104132.165284 170374353.12231 0 0
57 94821.8505630346 693420.311450463 1.36018078794383 15700.0085616419 18364.7485581642 9549.02426727532 13234.1320895409 2873.18213737535 1702.24174645996 55729.7229927313 362178.149436965 1515249608.61695 1701626355.6761 906388880.23676 1244693991.47833 255104787.342989 170374741.28804 0 0
58 94821.8505630346 693420.311450463 1.36022659088862 12784.6878677416 14954.6146528428 7775.87440282502 10776.6978152239 2339.66348930915 1386.15398319592 55729.7229927313 362178.149436965 1515252523.93764 1701629765.81 906390653.386625 1244696448.91261 255105320.861637 170375057.375803 0 0
59 94821.8505630346 693420.311450463 1.36026830292378 10410.713522153 12177.7090372125 6331.98100958831 8775.58488949853 1905.21400110968 1128.76060533758 55729.7229927313 362178.149436965 1515254897.91199 1701632542.71562 906392097.280018 1244698450.02553 255105755.311125 170375314.769181 0 0
60 94821.8505630346 693420.311450463 1.3603062892173 8477.55890207212 9916.44284856996 5156.20200876353 7146.055613052 1551.43678491305 919.16221666514 55729.7229927313 362178.149436965 1515256831.06661 1701634803.98181 906393273.059019 1244700079.55481 255106109.088342 170375524.36757 0 0
61 94821.8505630346 693420.311450463 1.36034088237444 6903.37002676436 8075.0691471111 4198.75235435286 5819.11216407785 1263.35214217982 748.483964494716 55729.7229927313 362178.149436965 1515258405.25549 1701636645.35551 906394230.508673 1244701406.49826 255106397.172984 170375695.045822 0 0
62 94821.8505630346 693420.311450463 1.36037238533775 5621.48970908653 6575.6171166626 3419.08996033643 4738.56667389394 1028.76146558596 609.498677821194 55729.7229927313 362178.149436965 1515259687.1358 1701638144.80754 906395010.171067 1244702487.04375 255106631.763661 170375834.031108 0 0
63 94821.8505630346 693420.311450463 1.36040107402753 4577.64070854002 5354.59711833191 2784.20244429119 3858.66679992068 837.731741575811 496.32145637228 55729.7229927313 362178.149436965 1515260730.9848 1701639365.82754 906395645.058583 1244703366.94362 255106822.793385 170375947.20833 0 0
64 94821.8505630346 693420.311450463 1.36042719974947 3727.62325423835 4360.30741734155 2267.20671993438 3142.15488054965 682.17418524914 404.160029182548 55729.7229927313 362178.149436965 1515261581.00226 1701640360.11724 906396162.054308 1244704083.45554 255106978.350941 170376039.369757 0 0
65 94821.8505630346 693420.311450463 1.360450991388 3035.44450800074 3550.64616256899 1846.21130332909 2558.69118871055 555.501922507854 329.111945404004 55729.7229927313 362178.149436965 1515262273.18101 1701641169.7785 906396583.049724 1244704666.91923 255107105.023204 170376114.417841 0 0
66 94821.8505630346 693420.311450463 1.36047265739943 2471.7958894114 2891.33027016623 1503.39019492053 2083.57041146949 452.351332727677 267.99948134832 55729.7229927313 362178.149436965 1515262836.82962 1701641829.09439 906396925.870833 1244705142.04001 255107208.173794 170376175.530305 0 0
67 94821.8505630346 693420.311450463 1.36049238763441 2012.81056365467 2354.4420215825 1224.22716155236 1696.67428944659 368.35466265556 218.234923612695 55729.7229927313 362178.149436965 1515263295.81495 1701642365.98264 906397205.033866 1244705528.93613 255107292.170464 170376225.294863 0 0
68 94821.8505630346 693420.311450463 1.360510355 1639.05375764929 1917.24800750017 996.901628792814 1381.6205160286 299.955249080667 177.711096144199 55729.7229927313 362178.149436965 1515263669.57176 1701642803.17665 906397432.359399 1244705843.98991 255107360.569877 170376265.81869 0 0
69 94821.8505630346 693420.311450463 1.36052671696392 1334.6995113625 1561.23615032688 811.787966451154 1125.06878985865 244.256860100036 144.712101162278 55729.7229927313 362178.149436965 1515263973.926 1701643159.18851 906397617.473061 1244706100.54163 255107416.268266 170376298.817685 0 0
70 94821.8505630346 693420.311450463 1.36054161693849 1086.86047783967 1271.33175214297 661.047861043212 916.155877887465 198.901045084628 117.840654079403 55729.7229927313 362178.149436965 1515264221.76503 1701643449.09291 906397768.213167 1244706309.45454 255107461.624081 170376325.689132 0 0
71 94821.8505630346 693420.311450463 1.36055518552782 885.042439620887 1035.25942696951 538.298542980194 746.035806592415 161.967308384187 95.9589405442903 55729.7229927313 362178.149436965 1515264423.58307 1701643685.16523 906397890.962485 1244706479.57462 255107498.557818 170376347.570846 0 0
72 94821.8505630346 693420.311450463 1.36056754167527 720.699790973027 843.023135635602 438.3424229612 607.505161108274 131.891760294511 78.1404204999335 55729.7229927313 362178.149436965 1515264587.92572 1701643877.40152 906397990.918605 1244706618.10526 255107528.633366 170376365.389366 0 0
