"Time" "IECs" "pheme_e" "BiomassCD" "pro_L_e" "leu_L_e" "ile_L_e" "val_L_e" "trp_L_e" "cys_L_e" "Drug" "Damage" "pro_L_v" "leu_L_v" "ile_L_v" "val_L_v" "trp_L_v" "cys_L_v" "CD" "pheme_c"
0 457000 1e+05 0.4963 224235600.199112 195370466.451958 120509812.093413 157438605.791629 18978882.6152 31300034.1459915 0 0 0 0 0 0 0 0 45700000 1000
1 337938.274218195 151688.628368606 0.594123777914557 382886758.009096 417158674.873581 226281812.598328 308622019.370372 60447030.1525752 44151316.3201555 0 119061.725781805 267585586.077809 273389509.104903 153693306.040341 207046528.412967 36159617.273407 32868420.5260491 48532264.0530405 881.890919579326
2 244721.91304868 255453.535495156 0.697812001683082 453171152.452325 511990808.488642 272229581.349105 373930624.444359 77618645.1750813 50282513.3792812 0 212278.08695132 530689188.94323 566244221.593856 310688421.760662 422061814.594664 79764097.7574985 62532306.1560171 52252899.8880667 1293.73064703523
3 172457.280623383 356349.815942227 0.803529046915071 498023403.254578 569952163.443481 300843629.997852 414348241.794988 87659972.325608 54546122.2320788 0 284542.719376617 743897909.985123 808831472.895826 439163250.927362 598789299.833595 116837862.198106 86018316.1545336 57057131.1823839 1593.23220742776
4 117366.286574979 438678.925968347 0.907130852994848 533924133.987106 614987985.020754 323317350.246981 446002525.373076 95170413.5306918 58190260.4533528 0 339633.713425021 904216634.64079 992919095.565867 536134258.359469 732451929.149951 145244746.755007 103529119.647847 63165448.4865277 1757.18818602403
5 76434.2032715933 498679.253689841 1.00479471843264 565108532.424003 653727748.948653 342619540.049648 473251596.569044 101473646.406942 61503059.7325558 0 380565.796728407 1018138377.73099 1124415866.09675 605163551.640153 827734078.847802 165626551.91559 115934240.357144 70824613.1759602 1818.10483567271
6 47121.4420142437 536629.753600875 1.09354985053134 591872889.47953 687289001.377087 359084290.747169 496693404.378684 106856547.753973 64460302.5773984 0 409878.557985756 1094377499.70313 1212766387.73763 651402251.720219 891643071.610306 179352057.040177 124233097.835124 80308674.9396642 1808.4012739489
7 27154.351959779 554519.393969403 1.1715638818364 613280807.659308 715027373.262342 372210794.441592 515730542.82457 111268152.574332 66945228.4383172 0 429845.648040221 1141918537.459 1268071143.3889 680250410.661286 931576416.675953 187954470.460803 129415534.555119 91917608.5474318 1751.94916127067
8 14414.1367488214 555297.318000998 1.23815223754214 628417674.684409 736181384.685441 381477398.211589 529715902.19862 114614282.082436 68858559.4322661 9737.47760380151 442585.863251179 1169164942.38534 1299903687.02817 696788445.00329 954512634.685883 192909235.919786 132394446.202178 105972226.346767 1665.50209451023
9 14087.3758190311 719632.325503695 1.25089591854081 610630253.78124 715331509.498063 370681535.890143 514718995.284991 111369642.244061 66909037.0066552 7093.36424302232 442912.624180969 1188101945.04426 1322087722.55862 708284101.927335 970475219.572309 196363056.835303 134469444.824828 0.722783729859681 574.482152887459
10 14087.375814179 793297.224614083 1.26260451206409 592276813.967375 693831110.974823 359540127.129399 499248317.174061 108022254.830212 64897982.0743039 6654.36963519502 442912.624185821 1206455384.8752 1343588121.10168 719425510.698471 985945897.697581 199710444.252257 136480499.759043 2.71964812270856e-06 135.487699995419
11 14087.375814179 824637.453393652 1.27334305917061 574475015.251154 672976940.273981 348733590.687952 484242634.287014 104775478.3365 62947372.5168624 6552.42196770323 442912.624185821 1224257183.59142 1364442291.80252 730232047.139918 1000951580.58463 202957220.745969 138431109.316484 1.31927642199805e-08 33.5400325045398
12 14087.375814179 837970.940465169 1.28317594385995 557208277.219497 652749574.034255 338251861.468422 469687970.48438 101626288.74853 61055391.556551 6527.28160328495 442912.624185821 1241523921.62308 1384669658.04224 740713776.359449 1015506244.38726 206106410.333939 140323090.276796 -3.4391088146557e-09 8.39966808625646
13 14087.375814179 843643.581574489 1.2921661662241 540460517.793243 633130172.674915 328085176.88573 455570769.687703 98571752.9404182 59220277.0199052 6520.99159043975 442912.624185821 1258271681.04934 1404289059.40158 750880460.94214 1029623445.18394 209160946.142051 142158204.813441 -3.42555259612641e-09 2.10965524106324
14 14087.375814179 846056.967941527 1.30037477025941 524216138.265075 614100462.868065 318224067.784442 441877883.267501 95609025.9459304 57440319.6983186 6519.41217755976 442912.624185821 1274516060.5775 1423318769.20843 760741570.043428 1043316331.60414 212123673.136539 143938162.135028 -3.42555259612641e-09 0.530242361063676
15 14087.375814179 847083.726714123 1.30786040931149 508460008.771031 595642720.519032 308659349.619284 428596557.796754 92735348.3087079 55713861.7561017 6519.0152307244 442912.624185821 1290272190.07155 1441776511.55747 770306288.208587 1056597657.07489 214997350.773762 145664620.077245 -3.42555259612641e-09 0.133295525708612
16 14087.375814179 847520.554197534 1.31467903155809 493177454.198688 577739754.258317 299382113.900742 415714423.172481 89948043.5121348 54039295.1863894 16256.3930491744 442912.624185821 1305554744.64389 1459679477.81818 779583523.927128 1069479791.69916 217784655.570335 147339186.646957 0 0.0335101741496339
17 14087.375814179 847706.399027791 1.31943828966144 478354242.176002 560374891.37094 290383720.90372 403219482.491166 87244515.7886858 52415060.4950329 16256.3606101918 442912.624185821 1320377956.66658 1477044340.70556 788581916.92415 1081974732.38048 220488183.293784 148963421.338313 0 0.00107119160288983
18 14087.375814179 847785.465954167 1.32378608568748 463976563.135607 543531954.442489 281655787.56562 391100095.244342 84622246.4839581 50839644.516171 16256.3595732865 442912.624185821 1334755635.70697 1493887277.63401 797309850.262249 1094094119.6273 223110452.598512 150538837.317175 0 3.42863141198066e-05
19 14087.375814179 847819.115246034 1.32775555540515 450031017.166411 527195245.956226 273190179.504641 379344966.235395 82078791.6586036 49311578.9715098 16256.3595400754 442912.624185821 1348701181.67617 1510223986.12027 805775458.323229 1105849248.63625 225653907.423866 152066902.861836 0 1.07516327875106e-06
20 14087.375814179 847833.434418911 1.33137758779092 436504607.769106 511349540.977897 264979007.229072 367943140.315896 79611780.949429 47829439.7860911 16256.3595390397 442912.624185821 1362227591.07347 1526069691.0986 813986630.598798 1117251074.55574 228120918.133041 153549042.047255 0 3.95197441881452e-08
21 14087.375814179 847839.540564825 1.33468147852388 423384455.944665 495979752.220622 257014452.57545 356883761.382009 77218865.4234991 46391815.7599012 16256.3595389999 442912.624185821 1375347742.89791 1541439479.85587 821951185.25242 1128310453.48963 230513833.658971 154986666.073445 0 -3.26821704055175e-10
22 14087.375814179 847842.068336987 1.33769328687995 410658581.461716 481071845.271698 249289242.974919 346156730.928761 74897860.0693874 44997394.1742543 16256.3595389999 442912.624185821 1388073617.38086 1556347386.8048 829676394.852951 1139037483.94288 232834839.013083 156381087.659092 0 -3.26821704055175e-10
23 14087.375814179 847843.052292715 1.34043577552861 398316034.564534 466612992.883797 241796731.406236 335752819.07075 72646767.8187044 43644975.2235292 16256.3595389999 442912.624185821 1400416164.27804 1570806239.1927 837168906.421634 1149441395.80089 235085931.263766 157733506.609817 0 -3.26821704055175e-10
24 14087.375814179 847843.774150654 1.34293447715153 386344086.61141 452588283.908263 234529190.979962 325661296.444943 70463267.1613958 42333164.1829249 25993.8371428014 442912.624185821 1412388112.23117 1584830948.16823 844436446.847908 1159532918.4267 237269431.921074 159045317.650421 0 0
25 14087.375814179 847843.912013141 1.3447590890929 374731795.505524 438984900.069901 227479979.32417 315872939.621864 68345362.4259392 41060762.0860349 25993.8371428014 442912.624185821 1424000403.33706 1598434332.00659 851485658.5037 1169321275.24978 239387336.656531 160317719.747311 0 0
26 14087.375814179 847843.968354491 1.3464224861879 363468585.485122 425790452.24195 220642676.449702 306378833.967117 66291124.7547393 39826610.107154 25993.8371428014 442912.624185821 1435263613.35746 1611628779.83454 858322961.378168 1178815380.90453 241441574.327731 161551871.726192 0 0
27 14087.375814179 847843.99017676 1.34793778636156 352544547.65779 412993332.511231 214011267.188724 297170626.97095 64298746.916994 38629622.4919402 25993.8371428014 442912.624185821 1446187651.18479 1624425899.56526 864954370.639146 1188023587.90069 243433952.165476 162748859.341406 0 0
28 14087.375814179 847844.0173563 1.34931957430633 341948326.244455 400580237.988584 207578858.044558 288238746.498414 62366157.7918494 37468554.945278 25993.8371428014 442912.624185821 1456783872.59812 1636838994.08791 871386779.783312 1196955468.37323 245366541.29062 163909926.888068 0 0
29 14087.375814179 847844.040499097 1.35057873743453 331670542.465203 388540181.768672 201339755.65281 279575286.887866 60491646.8329361 36342379.7992319 25993.8371428014 442912.624185821 1467061656.37738 1648879050.30782 877625882.17506 1205618927.98378 247241052.249534 165036102.034114 0 0
30 14087.375814179 847844.041241142 1.35172582777736 321701697.856942 376862036.741597 195288193.995721 271172241.593038 58673481.6654985 35250056.2717333 25993.8371428014 442912.624185821 1477030500.98564 1660557195.3349 883677443.832149 1214021973.2786 249059217.416971 166128425.561612 0 0
31 14087.375814179 847844.019854788 1.3527706823668 312032484.414155 365534898.911699 189418522.672318 263021764.610203 56909964.6513377 34190564.4498618 25993.8371428014 442912.624185821 1486699714.42843 1671884333.16479 889547115.155552 1222172450.26144 250822734.431132 167187917.383484 0 0
32 14087.375814179 847843.999055938 1.35372230990725 302653886.754116 354548207.080455 183725268.917543 255116256.59637 55199451.522187 33162916.4844683 35731.3147466029 442912.624185821 1496078312.08846 1682871024.99604 895240368.910327 1230077958.27527 252533247.560283 168215565.348878 0 0
33 14087.375814179 847844.006885851 1.35442789503219 293557101.605018 343891648.5297 178203088.727731 247448297.003356 53540336.6955755 32166147.7681895 35731.3147466029 442912.624185821 1505175097.23756 1693527583.54679 900762549.100139 1237745917.86828 254192362.386894 169212334.065157 0 0
34 14087.375814179 847844.010088818 1.35507068159038 284733733.224133 333555387.947015 172846885.488704 240010808.801756 51931088.9161186 31199338.348145 35731.3147466029 442912.624185821 1513998465.61844 1703863844.12948 906118752.339166 1245183406.06989 255801610.166351 170179143.485201 0 0
35 14087.375814179 847844.011325038 1.35565587982978 276176069.245969 323530390.571976 167651977.428687 232797291.001825 50370301.5660137 30261643.1516495 35731.3147466029 442912.624185821 1522556129.59661 1713888841.50452 911313660.399183 1252396923.86982 257362397.516456 171116838.681697 0 0
36 14087.375814179 847844.01285809 1.35618929061391 267875211.819468 313806232.89021 162612963.129925 225800243.331627 48856351.8129779 29352087.2079382 35731.3147466029 442912.624185821 1530856987.02311 1723612999.18629 916352674.697945 1259393971.54001 258876347.269492 172026394.625408 0 0
37 14087.375814179 847844.014169217 1.35667520795955 259823809.40986 304374302.841583 157725379.862011 219013468.956716 47387898.8492272 28469864.9818956 35731.3147466029 442912.624185821 1538908389.43272 1733044929.23491 921240257.965859 1266180745.91492 260344800.233243 172908616.851451 0 0
38 14087.375814179 847844.014222973 1.35711777718004 252014423.84975 295225886.878942 152984712.304427 212430698.017345 45963586.0665086 27614161.4457459 35731.3147466029 442912.624185821 1546717774.99283 1742193345.19755 925980925.523443 1272763516.8543 261769113.015961 173764320.3876 0 0
39 14087.375814179 847844.013018945 1.35752085306154 244439762.898964 286352442.403651 148386533.7214 206045783.660301 44582083.471468 26784177.561504 35731.3147466029 442912.624185821 1554292435.94361 1751066789.67284 930579104.106469 1279148431.21134 263150615.611002 174594304.271842 0 0
40 14087.375814179 847844.011839405 1.35788795323266 237092764.387678 277745696.336268 143926557.040779 199852772.965741 43242103.0320733 25979139.5008521 45468.7923504044 442912.624185821 1561639434.4549 1759673535.74023 935039080.787091 1285341441.9059 264490596.050397 175399342.332494 0 0
41 14087.375814179 847844.012278938 1.35816168041247 229966557.248055 269397599.466493 139600611.198382 193845874.099552 41942391.5703788 25198294.3752306 45468.7923504044 442912.624185821 1568765641.59452 1768021632.61 939365026.629488 1291348340.77209 265790307.512091 176180187.458115 0 0
42 14087.375814179 847844.012458859 1.3584109796926 223054511.06351 261300384.498365 135404671.216756 188019498.079954 40681739.7995563 24440915.6651364 45468.7923504044 442912.624185821 1575677687.77907 1776118847.57813 943560966.611114 1297174716.79169 267050959.282914 176937566.16821 0 0
43 14087.375814179 847844.012528136 1.3586378902827 216350614.335484 253447009.176258 131335087.831056 182368577.630179 39459051.3139825 23706344.6682251 45468.7923504044 442912.624185821 1582381584.50709 1783972222.90024 947630549.996814 1302825637.24146 268273647.768488 177672137.165121 0 0
44 14087.375814179 847844.012613782 1.35884468654265 209847895.677269 245829306.769906 127387629.078788 176887236.354259 38273054.6390804 22993817.5036241 45468.7923504044 442912.624185821 1588884303.16531 1791589925.30659 951578008.749082 1308306978.51738 269459644.44339 178384664.329722 0 0
45 14087.375814179 847844.012687254 1.35903304719607 203540593.588841 238440527.888029 123558797.456077 171570617.706868 37122698.9651459 22302702.8622623 45468.7923504044 442912.624185821 1595191605.25374 1798978704.18847 955406840.371793 1313623597.16477 270610000.117324 179075778.971084 0 0
46 14087.375814179 847844.01269072 1.35920458969548 197422882.665952 231273848.277834 119845056.666153 166413811.27585 36006921.8273187 21632362.4328439 45468.7923504044 442912.624185821 1601309316.17663 1806145383.79866 959120581.161717 1318780403.59579 271725777.255152 179746119.400502 0 0
47 14087.375814179 847844.012623544 1.35936081704936 191489050.021336 224322575.496153 116242938.715395 161412001.493068 34924681.2821202 20982170.2329794 45468.7923504044 442912.624185821 1607243148.82124 1813096656.58034 962722699.112475 1323782213.37857 272808017.80035 180396311.600367 0 0
48 14087.375814179 847844.0125574 1.35950309884494 185733563.464711 217580228.779869 112749085.301821 156560525.105422 33874968.3424441 20351520.0799222 55206.2699542059 442912.624185821 1612998635.37787 1819839003.29663 966216552.526049 1328633689.76622 273857730.740026 181026961.753424 0 0
49 14087.375814179 847844.012581872 1.3596094192344 180151055.277547 211040520.038646 109360237.965608 151854857.498103 32856804.0183232 19739823.8127099 55206.2699542059 442912.624185821 1618581143.56503 1826378712.03785 969605399.862262 1333339357.37354 274875895.064147 181638658.020636 0 0
50 14087.375814179 847844.012591895 1.35970624210263 174736299.822888 204697327.62563 106073224.49719 147290593.821227 31869235.2333012 19146508.8387887 55206.2699542059 442912.624185821 1623995899.01969 1832721904.45087 972892413.33068 1337903621.05042 275863463.849169 182231972.994557 0 0
51 14087.375814179 847844.012595747 1.35979436153375 169484605.513411 198545155.514018 102885196.880464 142863779.391744 30911406.3134273 18571061.0834171 55206.2699542059 442912.624185821 1629247593.32917 1838874076.56248 976080440.947405 1342330435.4799 276821292.769043 182807420.749929 0 0
52 14087.375814179 847844.0126005 1.35987466454932 164390510.593245 192577605.452089 99792839.5704812 138569810.327883 29982321.1177577 18012882.0816101 55206.2699542059 442912.624185821 1634341688.24934 1844841626.62441 979172798.257389 1346624404.54376 277750377.964712 183365599.751736 0 0
53 14087.375814179 847844.012604585 1.35994780526207 159449500.24729 186789388.49538 96793411.8602651 134404880.953333 29081156.2128982 17471477.1282189 55206.2699542059 442912.624185821 1639282698.59529 1850629843.58112 982172225.967605 1350789333.91831 278651542.869572 183907004.705127 0 0
54 14087.375814179 847844.012604796 1.36001441324394 154657011.803638 181175159.636885 93884143.9914881 130365145.251808 28207079.4371026 16946346.2742453 55206.2699542059 442912.624185821 1644075187.03894 1856244072.43962 985081493.836382 1354829069.61983 279525619.645368 184432135.559101 0 0
55 14087.375814179 847844.012601072 1.36007507344322 150008569.740484 175729675.962831 91062319.1100703 126446830.668522 27359274.5234746 16436999.1200536 55206.2699542059 442912.624185821 1648723629.1021 1861689556.11367 987903318.7178 1358747384.20312 280373424.558995 184941482.713293 0 0
56 14087.375814179 847844.012597392 1.36013031855649 145499840.34876 170447860.687993 88325306.4489907 122646284.186999 26536951.0695969 15942960.804959 55206.2699542059 442912.624185821 1653232358.49382 1866971371.38851 990640331.378879 1362547930.68464 281195748.012873 185435521.028387 0 0
57 14087.375814179 847844.012598182 1.3601806318862 141126624.113337 165324794.230552 85670556.703317 118959965.906956 25739343.1479799 15463771.172408 55206.2699542059 442912.624185821 1657605574.72924 1872094437.84595 993295081.124553 1366234248.96468 281993355.93449 185914710.660938 0 0
58 14087.375814179 847844.012606075 1.36022645823761 136884842.560289 160355698.804125 83095594.0458693 115384437.957459 24965706.9072023 14998983.3287832 55206.2699542059 442912.624185821 1661847356.28229 1877063533.27237 995870043.782001 1369809776.91418 282766992.175268 186379498.504563 0 0
59 14087.375814179 847844.012624236 1.36026819605315 132770545.082828 155535946.414114 80598020.2708882 111916370.250712 24215321.8168583 14548164.3913475 55206.2699542059 442912.624185821 1665961653.75975 1881883285.66238 998367617.556982 1373277844.62093 283517377.265612 186830317.441999 0 0
60 14087.375814179 847844.012654511 1.36030620359866 128779908.920143 150861058.832908 78175514.7811864 108552540.464216 23487490.6636975 14110895.4859244 55206.2699542059 442912.624185821 1669952289.92244 1886558173.24359 1000790123.04668 1376641674.40743 284245208.418773 187267586.347422 0 0
61 14087.375814179 847844.012693982 1.36034082406292 124909198.80539 146326660.328953 75825810.0925674 105289800.026827 22781532.1920347 13686767.3253783 55206.2699542059 442912.624185821 1673823000.03719 1891092571.74755 1003139827.7353 1379904414.84482 284951166.890436 187691714.507968 0 0
62 14087.375814179 847844.012739929 1.36037234215877 121154844.895955 141928568.959266 73546739.1411909 102125139.808565 22096795.3170401 13275388.7487243 55206.2699542059 442912.624185821 1677577353.94663 1895490663.11723 1005418898.68668 1383069075.06308 285635903.76543 188103093.084622 0 0
63 14087.375814179 847844.012783046 1.36040103796336 117513345.431991 137662682.537388 71336176.192685 99055608.0685054 21432641.3711419 12876376.0550601 55206.2699542059 442912.624185821 1681218853.41059 1899756549.53911 1007629461.63519 1386138606.80314 286300057.711328 188502105.778286 0 0
64 14087.375814179 847844.012809455 1.36042717148144 113981294.71707 133525011.411724 69192053.8277329 96078334.0405291 20788449.2072707 12489356.0695115 55206.2699542059 442912.624185821 1684750904.12551 1903894220.66477 1009773584.00014 1389115880.83111 286944249.875199 188889125.763835 0 0
65 14087.375814179 847844.012803667 1.36045096874435 110555408.792218 129511708.541753 67112378.5274266 93190549.574756 20163619.881411 12113968.9564311 55206.2699542059 442912.624185821 1688176790.05036 1907907523.53475 1011853259.30044 1392003665.29689 287569079.201059 189264512.876915 0 0
66 14087.375814179 847844.012751375 1.36047264265667 107232489.964144 125619027.944114 65095209.1402212 90389559.2372996 19557570.1830918 11749864.3326249 55206.2699542059 442912.624185821 1691499708.87844 1911800204.13239 1013870428.68765 1394804655.63434 288175128.899378 189628617.500721 0 0
67 14087.375814179 847844.012635372 1.3604923805104 104009447.040808 121843348.39786 63138669.1658852 87672757.3674503 18969736.326046 11396703.4846386 55206.2699542059 442912.624185821 1694722751.80177 1915575883.67864 1015826968.66199 1397521457.50419 288762962.756424 189981778.348708 0 0
68 14087.375814179 847844.012450632 1.36051035363402 100883280.018573 118181155.50599 61240937.4598723 85037615.1700014 18399571.1553792 11054157.6908715 55206.2699542059 442912.624185821 1697848918.82401 1919238076.57051 1017724700.368 1400156599.70164 289333127.927091 190324324.142475 0 0
69 14087.375814179 847844.012213811 1.36052672302059 97851071.1694746 114629031.254519 59400242.8228747 82481673.20244 17846542.522025 10721907.2449758 55206.2699542059 442912.624185821 1700881127.67311 1922790200.82198 1019565395.00499 1402712541.6692 289886156.560445 190656574.58837 0 0
70 14087.375814179 847844.011938518 1.36054162799356 94910002.4677874 111183674.427065 57614874.5795736 80002556.0643318 17310136.4610842 10399643.3653502 55206.2699542059 442912.624185821 1703822196.37479 1926235557.64943 1021350763.2483 1405191658.80731 290422562.621386 190978838.467996 0 0
71 14087.375814179 847844.011632573 1.36055520518628 92057320.0060033 107841858.919448 55883160.9774501 77597942.402457 16789850.7018421 10087064.296066 55206.2699542059 442912.624185821 1706674878.83658 1929577373.15705 1023082476.85042 1407596272.46918 290942848.380628 191291417.53728 0 0
72 14087.375814179 847844.011313494 1.36056757341612 89290364.2828338 104600469.220998 54203487.57304 75265590.4414977 16285200.1918382 9783878.62563635 55206.2699542059 442912.624185821 1709441834.55975 1932818762.8555 1024762150.25483 1409928624.43014 291447498.890632 191594603.20771 0 0
