"Time" "IECs" "pheme_e" "BiomassCD" "pro_L_e" "leu_L_e" "ile_L_e" "val_L_e" "trp_L_e" "cys_L_e" "Drug" "Damage" "pro_L_v" "leu_L_v" "ile_L_v" "val_L_v" "trp_L_v" "cys_L_v" "CD" "pheme_c"
0 457000 1e+05 0.4963 224235600.199112 195370466.451958 120509812.093413 157438605.791629 18978882.6152 31300034.1459915 0 0 0 0 0 0 0 0 45700000 1000
1 367315.544988933 135755.283960333 0.594123777990641 305540576.586635 328259669.352352 179430304.243692 244071697.329739 46678149.1732443 35752479.214045 0 89684.4550110666 239726532.333542 240108445.490632 136505450.688377 183194485.236642 30774610.0828522 29986385.656196 48532264.0514141 791.507238861753
2 290794.403131404 215399.260164783 0.697812006706167 346880642.492218 390078869.82019 207933010.359854 285358469.647888 58801619.3829222 38690942.6735807 0 166205.596868596 472090692.136708 496540674.008256 274615176.635663 372037483.187484 68542183.5074455 56432040.6699515 52252899.6512384 1091.47398977359
3 225721.176302894 298284.207307328 0.803528918003314 377572340.319803 431674485.297667 227993036.525497 313938729.85912 66326166.311174 41388219.5924471 0 231278.823697106 673899888.719989 725584608.910555 396084609.182846 539045599.120256 103444284.506565 78722882.8532331 57057138.0197038 1333.50834319113
4 170842.156754056 371762.675125381 0.907130664829798 405978441.660381 467799519.5839 245926537.755563 339234352.245206 72456910.2210225 44190515.4768115 0 286157.843245944 841236403.7758 917701416.927939 497304487.707439 678551185.590718 133093142.133244 96994130.4756224 63165463.088972 1488.78547823312
5 125250.716052922 431557.296069741 1.00479460371632 434312389.93972 502827770.150218 263502763.866055 363953060.114034 78186685.4074241 47151828.20989 0 331749.283947077 975069370.191781 1072287968.23764 578443370.662813 790547093.448593 157086933.759938 111539930.971779 70824628.0272795 1572.97648563555
6 88252.8155911341 476059.610928326 1.09354978415386 462460871.51282 537415199.039397 280817274.019815 388359336.186894 83738001.0514342 50196274.3448884 0 368747.184408866 1077915897.44536 1191574807.36904 640869214.100986 876821658.578576 175655518.724337 122702678.614108 80308689.2315458 1603.90892274159
7 59219.1144293076 504789.65138148 1.17156381419372 489201442.916563 570582477.928805 297197495.04732 411615985.18777 89009196.2119918 53174124.1660722 0 397780.885570692 1153155539.23775 1279158691.61166 686567843.16744 940063273.312615 189310713.718263 130873770.039065 91917623.0154999 1594.53024589246
8 37443.3188670981 518118.459144536 1.23815260846376 512811529.983793 600642413.957267 311629217.219001 432401436.631383 93760476.675931 55901167.7073532 9737.47760380151 419556.681132902 1204932995.54762 1339664289.32643 718027991.936925 983671148.923492 198752618.612921 136508631.993672 105972253.827902 1553.7669939375
9 36407.1577185015 677277.786906094 1.25089625062577 477302213.10889 558983262.76195 290037667.605156 402426425.775618 87265049.8846418 52023994.7017876 7372.96965885436 420592.842281499 1244154877.81794 1385598601.33541 741861647.132201 1016740359.79722 205923562.175183 140783690.880299 527.736708319858 819.413912970994
10 36407.1474820057 750597.33560768 1.26260480812306 441104169.858592 516590623.302461 268041548.993748 371906874.603207 80646970.2330235 48078555.5474707 6812.66778195753 420592.852517995 1280352957.74561 1427991283.04837 763857787.903313 1047259941.55103 212541648.500432 144729133.965431 0.170779966521798 259.26084117715
11 36407.1474780688 781563.041763214 1.2733433219371 407651313.460927 477412957.075988 247713571.931122 343701865.175511 74530792.4716976 44432330.631794 6639.91371804686 420592.852521932 1313805814.15738 1467168949.2911 784185764.974466 1075464950.99049 218657826.264325 148375358.882619 0.000133782068917474 86.5068534871083
12 36407.1474780655 794641.030481867 1.28317617596621 376735484.98611 441206482.068442 228927246.343971 317635892.714811 68878458.920789 41062631.4129037 6582.76745246246 420592.852521935 1344721642.63221 1503375424.29866 802972090.561624 1101530923.4512 224310159.815236 151745058.101511 8.89427689097949e-08 29.3605879713412
13 36407.1474780655 800164.357718554 1.2921663701827 348164279.032768 407745866.412363 211565655.083551 293546735.015045 63654792.146614 37948486.4867163 6563.42889380592 420592.852521935 1373292848.58555 1536836039.95474 820333681.822044 1125620081.15097 229533826.589411 154859203.027698 5.97687459313171e-08 10.0220293149091
14 36407.1474780655 802497.068702296 1.30037494845115 321759882.000122 376822867.145804 195520747.860968 271284472.612632 58827282.5309259 35070514.8959289 6556.83444022774 420592.852521935 1399697245.61819 1567759039.2213 836378589.044626 1147882343.55338 234361336.205099 157737174.618486 7.02759231253774e-08 3.42757573695941
15 36407.1474780655 803482.260791479 1.30786056397691 297357965.476369 348245034.225261 180692668.803048 250710555.772119 54365885.9493648 32410805.5138402 6554.57988397016 420592.852521935 1424099162.14195 1596336872.14184 851206668.102547 1168456260.3939 238822732.78666 160396884.000574 -3.61793611474896e-08 1.17301947956484
16 36407.1474780655 803898.344492739 1.3146791647933 274806663.53617 321834512.807387 166989134.996479 231696942.217982 50242836.7909994 29952805.5739469 16291.2860017724 420592.852521935 1446650464.08215 1622747393.55972 864910201.909116 1187469873.94803 242945781.945025 162854883.940468 0 0.401533480288433
17 36407.1474780655 804074.072173058 1.31943841028346 253965628.683767 297426937.635026 154324862.821812 214125301.174698 46432475.3566341 27681217.7715947 16290.9124235152 420592.852521935 1467491498.93455 1647154968.73208 877574474.083783 1205041514.99131 246756143.37939 165126471.74282 0 0.0279552230349202
18 36407.1474780655 804148.288677496 1.32378619350357 234705153.970398 274870404.921982 142621034.498945 197886273.200156 42911087.3557438 25581904.5783557 16290.8864146604 420592.852521935 1486751973.64792 1669711501.44512 889278302.406649 1221280542.96586 250277531.380281 167225784.936059 0 0.00194636829854092
19 36407.1474780655 804179.633113756 1.32775562754761 216905372.532602 254024534.907782 131804811.678233 182878795.29472 39656757.5582536 23641800.9949691 16290.8846038081 420592.852521935 1504551755.08572 1690557371.45932 900094525.227362 1236288020.87129 253531861.177771 169165888.519446 0 0.000135516019823835
20 36407.1474780655 804192.870720876 1.33137758751012 200455507.593552 234759593.51123 121808879.695967 169009468.557033 36649232.672461 21848832.8045446 16290.8844777948 420592.852521935 1521001620.02477 1709822312.85588 910090457.209627 1250157347.60898 256539386.063563 170958856.70987 0 9.50268602000156e-06
21 36407.1474780655 804198.463327193 1.33468080788827 185253101.746594 216955589.720717 112570979.24049 156191908.372095 33869780.4351292 20191832.5676116 16290.8844689532 420592.852521935 1536204025.87173 1727626316.64639 919328357.665105 1262974907.79392 259318838.300895 172615856.946803 0 6.61042604571093e-07
22 36407.1474780655 804200.813253211 1.33769183139901 171203874.469516 200502108.724818 104033819.769248 144346624.277679 31301163.5608554 18660524.0917561 16290.884468229 420592.852521935 1550253253.1488 1744079797.64229 927865517.136347 1274820191.88833 261887455.175169 174147165.422659 0 -6.30611425085064e-08
23 36407.1474780655 804201.824712915 1.34043542048718 158220019.20241 185296317.567935 96144044.7103975 133399584.18455 28927328.3972212 17245336.8200519 16290.8844681857 420592.852521935 1563237108.41591 1759285588.79917 935755292.195197 1285767231.98146 264261290.338803 175562352.694363 0 -1.06400751734126e-07
24 36407.1474780655 804202.24637542 1.34293434006591 146220786.605152 171243648.221027 88852585.8852959 123282706.136646 26733511.5616193 15937469.4037477 26028.3620719538 420592.852521935 1575236341.01317 1773338258.14608 943046751.020298 1295884110.02937 266455107.174405 176870220.110667 0 0
25 36407.1474780655 804202.421101341 1.34475865917564 135131680.280633 158256855.668411 82114174.781332 113933180.203542 24706092.8955231 14728802.0393793 26028.3620719538 420592.852521935 1586325447.33769 1786325050.6987 949785162.124262 1305233635.96247 268482525.840501 178078887.475035 0 0
26 36407.1474780655 804202.495264945 1.34642201499125 124883550.016135 146254955.974929 75886791.5505954 105292703.967698 22832429.6820242 13611797.6357776 26028.3620719538 420592.852521935 1596573577.60219 1798326950.39218 956012545.354998 1313874112.19832 270356189.054 179195891.878637 0 0
27 36407.1474780655 804202.526636701 1.34793827607578 115412544.513273 135163170.926535 70131636.2857317 97307442.6697898 21100848.0034587 12579496.6618251 26028.3620719538 420592.852521935 1606044583.10505 1809418735.44057 961767700.619862 1321859373.49623 272087770.732566 180228192.852589 0 0
28 36407.1474780655 804202.540173456 1.34932014713136 106659786.862765 124912547.968837 64812931.8188011 89927755.5926939 19500583.4085365 11625481.7745296 26028.3620719538 420592.852521935 1614797340.75556 1819669358.39827 967086405.086793 1329239060.57332 273688035.327488 181182207.739885 0 0
29 36407.1474780655 804202.545831785 1.3505793011086 98570789.5636866 115439275.118207 59897568.2516285 83107702.8483786 18021673.9604512 10743814.0585079 26028.3620719538 420592.852521935 1622886338.05464 1829142631.2489 972001768.653965 1336059113.31764 275166944.775573 182063875.455907 0 0
30 36407.1474780655 804202.546329954 1.35172642121343 91095272.5281982 106684467.821538 55354992.364478 76804891.9327578 16654926.962728 9929013.1892442 26028.3620719538 420592.852521935 1630361855.09012 1837897438.54557 976544344.541116 1342361924.23326 276533691.773296 182878676.32517 0 0
31 36407.1474780655 804202.546878474 1.35277131057621 84186700.455824 98593627.1610656 51156926.4967093 70980087.6734136 15391834.3774732 9176007.00877294 26028.3620719538 420592.852521935 1637270427.1625 1845988279.20604 980742410.408884 1348186728.4926 277796784.358551 183631682.505642 0 0
32 36407.1474780655 804202.549241699 1.35372294344101 77802066.6284517 91116386.6500637 47277237.1675536 65597029.9413039 14224533.2966654 8480107.96021528 35765.8396757553 420592.852521935 1643655060.98987 1853465519.71704 984622099.73804 1353569786.22471 278964085.439359 184327581.554199 0 0
33 36407.1474780655 804202.549401308 1.35442834862747 71901710.9678873 84206299.1544666 43691824.51689 60622280.2501582 13145772.6776618 7836993.25679485 35765.8396757553 420592.852521935 1649555416.65043 1860375607.21264 988207512.388703 1358544535.91585 280042846.058363 184970696.25762 0 0
34 36407.1474780655 804202.549469052 1.35507105067335 66448821.9383734 77820253.5556291 40378319.6311161 56024801.7969982 12148822.2761544 7242650.59124358 35765.8396757553 420592.852521935 1655008305.67995 1866761652.81147 991521017.274477 1363142014.36901 281039796.45987 185565038.923171 0 0
35 36407.1474780655 804202.54949771 1.35565657827786 61409429.9879897 71918467.06935 37316080.5577465 51775953.9324043 11227471.4470626 6693377.4209411 35765.8396757553 420592.852521935 1660047697.63033 1872663439.29775 994583256.347847 1367390862.23361 281961147.288962 186114312.093473 0 0
36 36407.1474780655 804202.549510075 1.35618997012814 56752207.8624338 66464251.3872155 34486070.9639992 47849323.7996557 10375992.6359495 6185759.20293127 35765.8396757553 420592.852521935 1664704919.75589 1878117654.97989 997413265.941594 1371317492.36636 282812626.100075 186621930.311483 0 0
37 36407.1474780655 804202.549515245 1.35667583432743 52448163.5065339 61423653.0241408 31870673.5251973 44220467.4116762 9589085.23227861 5716635.92143943 35765.8396757553 420592.852521935 1669008964.11179 1883158253.34296 1000028663.3804 1374946348.75434 283599533.503746 187091053.592975 0 0
38 36407.1474780655 804202.549515703 1.35711837050498 48470543.5224958 56765340.2553628 29453631.2601657 40866828.2540672 8861857.91870824 5283091.56521512 35765.8396757553 420592.852521935 1672986584.09583 1887816566.11174 1002445705.64543 1378299987.91195 284326760.817316 187524597.949199 0 0
39 36407.1474780655 804202.549516202 1.35752141871289 44794587.1977125 52460315.0508624 27219898.0636648 37767529.8992912 8189783.70005443 4882427.31756647 35765.8396757553 420592.852521935 1676662540.42061 1892121591.31624 1004679438.84193 1381399286.26672 284998835.03597 187925262.196848 0 0
40 36407.1474780655 804202.549518358 1.35788848296714 41397411.2171043 48481778.0584503 25155568.6506413 34903278.8045222 7568678.82527567 4512148.99047544 45503.3172795568 420592.852521935 1680059716.40122 1896100128.30865 1006743768.25495 1384263537.36149 285619939.910749 188295540.523939 0 0
41 36407.1474780655 804202.549518505 1.35816211311633 38257914.4737951 44805017.12463 23247820.713443 32256284.0549487 6994685.38403148 4169956.64934976 45503.3172795568 420592.852521935 1683199213.14453 1899776889.24247 1008651516.19215 1386910532.11106 286193933.351993 188637732.865065 0 0
42 36407.1474780655 804202.549518567 1.35841135176866 35356507.0821217 41407089.9334211 21484750.2537481 29810028.887301 6464221.76219555 3853715.0765461 45503.3172795568 420592.852521935 1686100620.5362 1903174816.43368 1010414586.65184 1389356787.27871 286724396.973829 188953974.437868 0 0
43 36407.1474780655 804202.549518593 1.35863836812116 32675115.7232796 38266830.2668089 19855374.8309024 27549275.19691 5973983.61919882 3561454.35402367 45503.3172795568 420592.852521935 1688782011.89504 1906315076.10029 1012043962.07469 1391617540.9691 287214635.116826 189246235.160391 0 0
44 36407.1474780655 804202.549518605 1.35884513537405 30197071.6900338 35364716.8904717 18349565.5311201 25459969.1451701 5520923.41927069 3291357.6606743 45503.3172795568 420592.852521935 1691260055.92829 1909217189.47663 1013549771.37447 1393706847.02084 287667695.316754 189516331.85374 0 0
45 36407.1474780655 804202.549518609 1.3590334550056 27906948.7062851 32682683.6192998 16957948.4168524 23529104.4208224 5102220.78002899 3041743.59531659 45503.3172795568 420592.852521935 1693550178.91204 1911899222.7478 1014941388.48874 1395637711.74519 288086397.955996 189765945.919098 0 0
46 36407.1474780655 804202.54951861 1.35920496622337 25790511.6408288 30204059.2545053 15671873.3621675 21744678.999135 4715273.09582863 2811060.58670474 45503.3172795568 420592.852521935 1695666615.97749 1914377847.1126 1016227463.54342 1397422137.16688 288473345.640196 189996628.92771 0 0
47 36407.1474780655 804202.54951861 1.35936116590584 23834585.6808495 27913414.3686894 14483334.5546611 20095584.8385332 4357671.618783 2597872.63397308 45503.3172795568 420592.852521935 1697622541.93747 1916668491.99841 1017416002.35093 1399071231.32748 288830947.117242 190209816.880441 0 0
48 36407.1474780655 804202.549518612 1.3595034182887 22026994.9194752 25796489.3838429 13384933.1775424 18571556.102102 4027190.23074092 2400852.61292989 55240.7948833583 420592.852521935 1699430132.69885 1918785416.98326 1018514403.72805 1400595260.06391 289161428.505284 190406836.901484 0 0
49 36407.1474780655 804202.549518612 1.35960968996738 20356512.2136182 23840135.8483258 12369846.9402288 17163126.8813741 3721776.27580779 2218776.81076657 55240.7948833583 420592.852521935 1701100615.40471 1920741770.51878 1019529489.96536 1402003689.28464 289466842.460217 190588912.703647 0 0
50 36407.1474780655 804202.549518612 1.3597064782693 18812713.1133935 22032145.3691287 11431741.3170333 15861508.0402652 3439523.85429591 2050509.00495996 55240.7948833583 420592.852521935 1702644414.50493 1922549760.99797 1020467595.58856 1403305308.12575 289749094.881729 190757180.509454 0 0
51 36407.1474780655 804202.549518612 1.35979462933689 17385981.5015022 20361256.216328 10564772.9739949 14658591.9697914 3178674.85377166 1895001.07794217 55240.7948833583 420592.852521935 1704071146.11682 1924220650.15077 1021334563.9316 1404508224.19622 290009943.882253 190912688.436472 0 0
52 36407.1474780655 804202.549518612 1.35987491231319 16067448.2166683 18817081.4431098 9763552.47276972 13546900.8398257 2937607.72759301 1751286.32730546 55240.7948833583 420592.852521935 1705389679.40166 1925764824.92399 1022135784.43282 1405619915.32619 290251011.008432 191056403.187108 0 0
53 36407.1474780655 804202.549518612 1.35994802894195 14848905.1483816 17390008.2794881 9023092.06940554 12519514.1700487 2714821.78887185 1618470.10247957 55240.7948833583 420592.852521935 1706608222.46994 1927191898.08762 1022876244.83619 1406647301.99596 290473796.947153 191189219.411934 0 0
54 36407.1474780655 804202.549518612 1.3600146173768 13722777.9736406 16071166.203469 8338789.14753964 11570045.8435584 2508932.22593928 1495726.83314791 55240.7948833583 420592.852521935 1707734349.64469 1928510740.16363 1023560547.75805 1407596770.32245 290679686.510086 191311962.681266 0 0
55 36407.1474780655 804202.549518612 1.36007526006236 12682056.5621034 14852345.4363874 7706383.92836255 10692585.4295673 2318657.37833581 1382292.44369282 55240.7948833583 420592.852521935 1708775071.05622 1929729560.93072 1024192952.97723 1408474230.73644 290869961.357689 191425397.070721 0 0
56 36407.1474780655 804202.549518612 1.36013048758654 11720262.277819 13725958.648962 7121939.60117442 9881670.61460652 2142812.75859478 1277460.78921762 55240.7948833583 420592.852521935 1709736865.34051 1930855947.71814 1024777397.30442 1409285145.55141 291045805.97743 191530228.725196 0 0
57 36407.1474780655 804202.549518612 1.36018078333556 10831407.383067 12684993.4178866 6581817.65470463 9132252.97480311 1980303.63005603 1180579.23073076 55240.7948833583 420592.852521935 1710625720.23526 1931896912.94922 1025317519.25089 1410034563.19121 291208315.105969 191627110.283683 0 0
58 36407.1474780655 804202.549518612 1.3602265880348 10009954.4072993 11722964.6415517 6082653.18722554 8439663.71873438 1830117.57829915 1091044.20652611 55240.7948833583 420592.852521935 1711447173.21103 1932858941.72555 1025816683.71837 1410727152.44728 291358501.157726 191716645.307888 0 0
59 36407.1474780655 804202.549518612 1.36026830073348 9250807.7689144 10833904.7280471 5621349.81543635 7799606.62351885 1691322.97935455 1008300.31899056 55240.7948833583 420592.852521935 1712206319.84941 1933748001.63906 1026277987.09016 1411367209.54249 291497295.75667 191799389.195423 0 0
60 36407.1474780655 804202.549518612 1.3603062854944 8549252.39665736 10012291.7128007 5195042.37711648 7208106.28485562 1563057.77786856 931833.64458691 55240.7948833583 420592.852521935 1712907875.22167 1934569614.6543 1026704294.52848 1411958709.88116 291625560.958156 191875855.869827 0 0
61 36407.1474780655 804202.549518612 1.36034087715339 7900903.22621655 9252990.11249426 4801066.2422061 6661465.53623735 1444520.25357832 861166.229188931 55240.7948833583 420592.852521935 1713556224.39211 1935328916.25461 1027098270.66339 1412505350.62978 291744098.482447 191946523.285225 0 0
62 36407.1474780655 804202.549518612 1.36037238080562 7301706.9577637 8551252.98337204 4436958.3807936 6156266.93077967 1334969.34264239 795856.279646021 55240.7948833583 420592.852521935 1714155420.66056 1936030653.38373 1027462378.5248 1413010549.23523 291853649.393382 192011833.234768 0 0
63 36407.1474780655 804202.549518612 1.36040107007212 6747953.5100035 7902735.33542986 4100464.32328825 5689382.39844075 1233726.73178187 735499.412227916 55240.7948833583 420592.852521935 1714709174.10832 1936679171.03167 1027798872.5823 1413477433.76757 291954892.004243 192072190.102186 0 0
64 36407.1474780655 804202.549518612 1.36042719632027 6236196.11764496 7303400.55611287 3789489.60681541 5257905.87803492 1140162.2497202 679719.943574938 55240.7948833583 420592.852521935 1715220931.50068 1937278505.81099 1028109847.29878 1413908910.28798 292048456.486305 192127969.570839 0 0
65 36407.1474780655 804202.549518612 1.36045098843582 5763249.84676132 6749518.671608 3502098.87305951 4859152.06549239 1053693.59574671 628170.72887827 55240.7948833583 420592.852521935 1715693877.77156 1937832387.69549 1028397238.03253 1414307664.10052 292134925.140278 192179518.785536 0 0
66 36407.1474780655 804202.549518612 1.36047265488143 5326171.30274243 6237642.58220464 3236503.53758968 4490639.30508426 973782.629726414 580530.950129533 55240.7948833583 420592.852521935 1716130956.31558 1938344263.7849 1028662833.368 1414676176.86093 292214836.106299 192227158.564284 0 0
67 36407.1474780655 804202.549518612 1.36049238551083 4922240.33429068 5764586.63528297 2991050.67210205 4150074.16356577 899932.027045957 536504.121930955 55240.7948833583 420592.852521935 1716534887.28403 1938817319.73182 1028908286.23349 1415016742.00245 292288686.708979 192271185.392483 0 0
68 36407.1474780655 804202.549518612 1.36051035320084 4548943.37941661 5327407.12129873 2764212.88444034 3835337.38873417 831682.23376594 495816.276276814 55240.7948833583 420592.852521935 1716908184.23891 1939254499.2458 1029135124.02115 1415331478.77728 292356936.502259 192311873.238137 0 0
69 36407.1474780655 804202.549518612 1.3605267154586 4203956.89425638 4923382.86676291 2554578.24894395 3544469.93781578 768608.436915579 458214.156362121 55240.7948833583 420592.852521935 1717253170.72407 1939658523.50034 1029344758.65665 1415622346.2282 292420010.299109 192349475.358052 0 0
70 36407.1474780655 804202.549518612 1.36054161576965 3885133.22495286 4549998.68836851 2360841.7213492 3275661.06566621 710317.981452093 423463.676675285 55240.7948833583 420592.852521935 1717571994.39337 1940031907.67874 1029538495.18424 1415891155.10035 292478300.754573 192384225.837739 0 0
71 36407.1474780655 804202.549518612 1.36055518470548 3590488.53332539 4204931.25237192 2181797.80169659 3027238.14457552 656448.162713786 391348.606945358 55240.7948833583 420592.852521935 1717866639.085 1940376975.11473 1029717539.1039 1416139578.02144 292532170.573311 192416340.907468 0 0
72 36407.1474780655 804202.549518612 1.36056754113011 3318189.57910496 3886033.59486311 2016332.50241816 2797655.52001254 606663.809819241 361669.131459567 55240.7948833583 420592.852521935 1718138938.03922 1940695872.77224 1029883004.40317 1416369160.646 292581954.926206 192446020.382954 0 0
