"Time" "IECs" "pheme_e" "BiomassCD" "pro_L_e" "leu_L_e" "ile_L_e" "val_L_e" "trp_L_e" "cys_L_e" "Drug" "Damage" "pro_L_v" "leu_L_v" "ile_L_v" "val_L_v" "trp_L_v" "cys_L_v" "CD" "pheme_c"
0 457000 1e+05 0.4963 224235600.199112 195370466.451958 120509812.093413 157438605.791629 18978882.6152 31300034.1459915 0 0 0 0 0 0 0 0 45700000 1000
1 298010.635854264 174129.504241198 0.594123778184039 492143103.353091 542684186.202191 292449320.11567 399779152.096403 79878981.5995464 56021551.7157704 0 158989.364145736 301312974.039875 313923045.731884 174561283.848644 236038190.233613 42760353.2161576 36330398.2621838 48532264.0473088 1009.41949675341
2 188658.432471332 307721.098516498 0.697811945254982 598610803.126484 678593489.627957 360149254.939442 495021437.130596 103290183.360184 66172793.6079893 0 268341.567528668 585860508.219628 632809556.175732 344883090.336253 469607618.399391 90645496.2041908 68170402.4690109 52252902.6127637 1558.1143182817
3 114912.454644075 425662.805792829 0.803528935824298 658496580.279629 753754267.707164 397776511.271065 547909863.204874 115925695.54649 72140184.8990577 0 342087.545355925 789064413.122477 864358299.880087 467406973.008399 638202655.568346 126090438.82054 90521466.663609 57057135.8898559 1903.77462887531
4 66619.4315750397 510666.331476259 0.907130695324238 699247966.434048 804565588.424905 423123642.653734 583649007.053641 124281498.419367 76385153.1984645 0 390380.568424961 919804567.403488 1014397662.10646 546454290.216281 747158366.313445 149219055.221998 104821019.222712 63165456.2626481 2046.37863465813
5 36287.1601270558 562718.13189293 1.0047945433947 728330120.762439 841291355.948673 441091663.422007 609252635.491278 130226210.952465 79559614.6507145 0 420712.839872945 997384491.716239 1103823811.53486 593418971.628181 811979574.735912 163047514.089037 113294150.006488 70824624.8406044 2052.30784592042
6 18288.2337287233 587012.186540328 1.09354970482888 747955876.284841 867228148.640697 453170661.87748 626907087.087269 134380483.021441 81849458.4349046 0 438711.766271277 1039666219.76242 1152744553.7335 619031130.115936 847379639.765014 170624079.293127 117915893.959257 80308686.6369738 1978.72526436313
7 8376.64667556692 589928.308813588 1.17156379879403 759324504.963013 884171026.30918 460157547.211255 637793770.064041 137074076.7823 83365138.9023805 0 448623.353324433 1060568633.84552 1177023966.6191 631696808.292007 864915142.211974 174387211.493789 120206262.920193 91917622.3276651 1864.17512978168
8 3415.35830827513 577508.440717834 1.23815234687183 763876097.149504 894044440.971223 462963399.907418 643226489.192148 138633449.917393 84255936.3315127 9737.47760380151 453584.641691725 1069790347.46662 1187784550.27662 637285532.161227 872668911.855784 176055613.793517 121220600.224101 105972250.33148 1732.33017856076
9 3248.04509188194 738274.524445157 1.25089601642355 759054623.190011 888395618.574817 460042813.014536 639165359.869994 137765837.622506 83726631.7228846 4412.28291226997 453751.954908118 1075171432.99016 1194082562.46454 640546864.049217 877200079.792439 177032258.290468 121814153.107824 45666.2536885984 241.26234334524
10 3247.69440257911 813340.456933089 1.26260459932841 753734069.25101 882168443.60275 456818170.114284 634685161.022305 136800191.148566 83139759.7758874 4148.42168747413 453752.305597421 1080493157.40445 1200311095.24718 643772219.653571 881681261.760792 177998133.292948 122401159.719514 1217.72451517009 17.6419497998157
11 3247.68439456765 845412.407742473 1.27334313662208 748449838.991609 875983793.56119 453615538.808085 630235551.109438 135841121.63848 82556889.0619949 4130.60854440352 453752.315605432 1085777421.06176 1206495784.03195 646974871.295818 886130899.725646 178957209.3248 122984034.276483 37.8209069609921 1.11734971761207
12 3247.68408223592 859106.512620778 1.28317601227448 743202627.616005 869842470.662862 450435343.570958 625817113.182865 134888770.484271 81978101.5185328 4129.51470853757 453752.315917764 1091024633.47956 1212637108.13927 650155067.167538 890549338.52759 179909560.682542 123562821.93988 1.18781627001856 0.0651039610499305
13 3247.68407242069 864953.363464543 1.2921662263422 737992202.387243 863744202.187979 447277443.436068 621429651.198735 133943095.877699 81403371.6233862 4129.45191228976 453752.315927579 1096235058.74107 1218735376.65214 653312967.32237 894936800.539228 180855235.295509 124137551.838796 0.0373757721790161 0.00363208375445948
14 3247.68407211174 867449.732982933 1.30037482278265 732818306.242229 857688687.260409 444141682.607081 617072948.693837 133004051.176196 80832671.0261883 4129.44843622014 453752.315927888 1101408954.88712 1224790891.58091 656448728.151985 899293503.044992 181794279.997214 124708252.436112 0.00117760724413974 0.000197931990284089
15 3247.684072102 868515.571334376 1.30786045482418 727680683.110183 851675626.175241 441027905.886398 612746790.042553 132071589.904203 80265971.4814968 4129.44824761823 453752.315927898 1106546578.01919 1230803952.66612 659562504.872688 903619661.696304 182726741.269213 125274951.980807 3.72611914840367e-05 1.06544990102785e-05
16 3247.68407210169 868970.670997052 1.31467908040216 722579078.640697 845704721.241394 437935959.119003 608450961.067976 131145665.897992 79703244.9334901 13866.9258412913 453752.315927898 1111648182.48868 1236774857.59997 662654451.640083 907915490.670882 183652665.275424 125837678.528814 1.25083577671226e-06 5.68314473805291e-07
17 3247.68407210169 869164.839266849 1.31943818484382 717513253.64664 839775692.514856 434865697.33994 604185260.361509 130226235.745907 79144464.9989104 13866.9258407248 453752.315927898 1116714007.48274 1242703886.32651 665724713.419146 912181191.377349 184572095.427509 126396458.463394 -1.91287224021047e-09 1.83533135091199e-09
18 3247.68407210169 869247.812218938 1.32378595837068 712482930.942408 833888215.578298 431816952.554386 599949454.517767 129313249.139694 78589601.1031219 13866.9258407168 453752.315927898 1121744330.18697 1248591363.26307 668773458.204699 916416997.221091 185485082.033722 126951322.359182 -1.91287224021047e-09 -6.13698960180972e-09
19 3247.68407210169 869283.27100272 1.32775540008455 707487874.531441 828042014.221943 428789581.731105 595743344.814786 128406663.246775 78038627.2147983 13866.925840717 453752.315927898 1126739386.59794 1254437564.61942 671800829.027981 920623106.924072 186391667.926641 127502296.247506 -1.91287224021047e-09 -5.92972219832456e-09
20 3247.68407210169 869298.551519067 1.33137735943972 702527837.336607 822236799.267346 425783435.123218 591566723.200157 127506433.223483 77491516.0803841 13866.925840717 453752.315927898 1131699423.79277 1260242779.57402 674806975.635868 924799728.538701 187291897.949933 128049407.38192 -1.91287224021047e-09 -5.93072219832456e-09
21 3247.68407210169 869305.042617402 1.3346806045769 697602573.392214 816472282.836884 422798363.657463 587419382.557363 126612514.427874 76948240.5689196 13866.925840717 453752.315927898 1136624687.73716 1266007296.00448 677792047.101623 928947069.181495 188185816.745542 128592682.893385 -1.91287224021047e-09 -5.93172219832456e-09
22 3247.68407210169 869307.772314628 1.33769228482697 692711833.656495 810748173.452702 419834216.396249 583301113.179664 125724861.659707 76408773.2101424 13866.925840717 453752.315927898 1141515427.47288 1271731405.38866 680756194.362837 933065338.559194 189073469.513709 129132150.252162 -1.91287224021047e-09 -5.93272219832456e-09
23 3247.68407210169 869308.8668357 1.34043669245583 687855378.505535 805064190.659579 416890848.109895 579211713.290666 124843431.428051 75873087.5726152 13866.925840717 453752.315927898 1146371882.62384 1277415388.18179 683699562.649191 937154738.448191 189954899.745365 129667835.889689 -1.91287224021047e-09 -5.93372219832457e-09
24 3247.68407210169 869309.284438592 1.34293477601949 683032985.891096 799420074.572821 413968124.22087 575150995.913653 123968183.431898 75341159.1635653 23604.4034445185 453752.315927898 1151194275.23828 1283059504.26854 686622286.538216 941215455.825205 190830147.741518 130199764.298739 0 0
25 3247.68407210169 869309.536880518 1.34475977774664 678244403.464427 793815529.844089 411065891.787309 571118748.557224 123099071.870802 74812960.1479572 23604.4034445185 453752.315927898 1155982857.66495 1288664048.99727 689524518.971777 945247703.181634 191699259.302614 130727963.314347 0 0
26 3247.68407210169 869309.627944393 1.346423208765 673489382.270604 788250265.097171 408183999.924254 567114761.587766 122236051.560283 74288463.0651075 23604.4034445185 453752.315927898 1160737878.85877 1294229313.74419 692406410.834832 949251690.151092 192562279.613133 131252460.397197 0 0
27 3247.68407210169 869309.672857436 1.34794030987396 668767681.601406 782723998.607777 405322302.744856 563138832.31584 121379078.812611 73767641.363976 23604.4034445185 453752.315927898 1165459579.52797 1299755580.23358 695268108.01423 953227619.423018 193419252.360805 131773282.098328 0 0
28 3247.68407210169 869309.698065842 1.34932038602709 664079124.915965 777236523.752923 402480693.252391 559190812.084415 120528121.586214 73250475.5714274 23604.4034445185 453752.315927898 1170148136.21341 1305243055.08844 698109717.506695 957175639.654443 194270209.587202 132290447.890877 0 0
29 3247.68407210169 869309.762973011 1.35057896011442 659423422.856892 771787501.869452 399658996.075041 555270457.2388 119683127.363701 72736933.7702315 23604.4034445185 453752.315927898 1174803838.27248 1310692076.97191 700931414.684045 961095994.500058 195115203.809715 132803989.692073 0 0
30 3247.68407210169 869309.863074471 1.35172580159535 654800355.212288 766376675.221917 396857077.748232 551377582.348575 118844056.177356 72226991.6701707 23604.4034445185 453752.315927898 1179426905.91709 1316102903.61944 703733333.010853 964988869.390283 195954274.99606 133313931.792134 0 0
31 3247.68407210169 869309.98617996 1.35277069289866 650209698.532985 761003782.28598 394074802.845369 547511999.257366 118010867.471909 71720624.6239447 23604.4034445185 453752.315927898 1184017562.59639 1321475796.55538 706515607.913717 968854452.481492 196787463.701507 133820298.83836 0 0
32 3247.68407210169 869310.061421455 1.35372217576563 645651226.236616 755668557.870211 391312034.040903 543673517.170471 117183520.123423 71217807.6386487 33341.88104832 453752.315927898 1188576034.89276 1326811020.97115 709278376.718183 972692934.568387 197614811.049993 134323115.823655 0 0
33 3247.68407210169 869309.863927145 1.35442830122304 641124717.352139 750370743.350665 388568637.410166 539861950.018231 116361974.0264 70718516.3403292 33341.88104832 453752.315927898 1193102543.77724 1332108835.4907 712021773.34892 976504501.720627 198436357.147016 134822407.121975 0 0
34 3247.68407210169 869309.807745941 1.35507160015293 636629912.434648 745110035.073679 385844455.7105 536077079.333897 115546182.092464 70222722.1112172 33341.88104832 453752.315927898 1197597348.69473 1337369543.76768 714745955.048586 980289372.404961 199252149.080952 135318201.351086 0 0
35 3247.68407210169 869309.803233684 1.35565739278687 632166629.105617 739886219.583893 383139378.407133 532318751.544811 114736111.220528 69730404.8342619 33341.88104832 453752.315927898 1202060632.02376 1342593359.25747 717451032.351953 984047700.194047 200062219.952888 135810518.628042 0 0
36 3247.68407210169 869309.785935735 1.35619105949337 627734632.997825 734699022.578501 380453263.456325 528586769.301 113931718.873731 69241538.6578592 33341.88104832 453752.315927898 1206492628.13155 1347780556.26286 720137147.302761 987779682.437857 200866612.299684 136299384.804445 0 0
37 3247.68407210169 869309.743383271 1.35667576938314 623333762.578266 729548254.999686 377786012.957219 524880996.582873 113132975.734379 68756105.7642989 33341.88104832 453752.315927898 1210893498.55111 1352931323.84168 722804397.801867 991485455.155985 201665355.439037 136784817.698005 0 0
38 3247.68407210169 869309.625815508 1.357117571308 618963733.535382 724433584.08992 375137454.596142 521201193.984603 112339830.200882 68274074.7929253 33341.88104832 453752.315927898 1215263527.59399 1358045994.75144 725452956.162944 995165257.754255 202458500.972534 137266848.669378 0 0
39 3247.68407210169 869309.415826948 1.35752055321818 614624319.674402 719354745.111418 372507451.28246 517547171.037867 111552241.219651 67795420.7935871 33341.88104832 453752.315927898 1219602941.45497 1363124833.72994 728082959.476626 998819280.700991 203246089.953765 137745502.668717 0 0
40 3247.68407210169 869309.120055044 1.35788752649436 610315328.892532 714311513.227555 369895886.587779 513918765.981642 110770173.924678 67320122.5766091 43079.3586521215 453752.315927898 1223911932.23684 1368168065.61381 730694524.171307 1002447685.75722 204028157.248738 138220800.885695 0 0
41 3247.68407210169 869309.464361364 1.35816168841946 606036548.30797 709303639.282011 367302631.490102 510315799.557852 109993589.678633 66848156.6603117 43079.3586521215 453752.315927898 1228190712.8214 1373175939.55935 733287779.268984 1006050652.18101 204804741.494783 138692766.801992 0 0
42 3247.68407210169 869309.49930427 1.35841132798791 601787727.472426 704330830.150741 364727534.199381 506738060.875387 109222443.025997 66379495.4192874 43079.3586521215 453752.315927898 1232439533.65695 1378148748.69062 735862876.559705 1009628390.86347 205575888.147419 139161428.043017 0 0
43 3247.68407210169 869309.381987167 1.35863887169874 597568671.103695 699392857.275951 362170476.360268 503185385.49599 108456698.523708 65914117.31316 43079.3586521215 453752.315927898 1236658590.02568 1383086721.56541 738419934.398818 1013181066.24287 206341632.649708 139626806.149144 0 0
44 3247.68407210169 869309.215887272 1.35884586725163 593379217.106056 694489530.941216 359631359.730857 499657636.926229 107696326.751939 65452004.4621491 43079.3586521215 453752.315927898 1240848044.02332 1387990047.90015 740959051.028229 1016708814.81263 207102004.421477 140088919.000155 0 0
45 3247.68407210169 869309.150358296 1.35903444472023 589219126.26238 689620571.167418 357110039.32801 496154613.732247 106941284.293588 64993130.4796878 43079.3586521215 453752.315927898 1245008134.86699 1392859007.67395 743480371.431076 1020211838.00662 207857046.879829 140547792.982616 0 0
46 3247.68407210169 869309.271360658 1.35920606110879 585088216.019864 684785764.295217 354606404.511328 492676162.194634 106191538.015936 64537475.2295014 43079.3586521215 453752.315927898 1249139045.10951 1397693814.54615 745984006.247758 1023690289.54423 208606793.15748 141003448.232803 0 0
47 3247.68407210169 869309.535334883 1.3593623283547 580986270.080606 679984857.170099 352120324.188407 489222100.178771 105447048.661645 64085014.8531013 43079.3586521215 453752.315927898 1253240991.04877 1402494721.67127 748470086.570679 1027144351.56009 209351282.511771 141455908.609203 0 0
48 3247.68407210169 869309.750119187 1.3595046162184 576913084.459742 675217611.048696 349651674.729446 485792255.918285 104707779.208149 63635726.8501743 52816.836255923 453752.315927898 1257314176.66963 1407261967.79267 750938736.02964 1030574195.82058 210090551.965267 141905196.61213 0 0
49 3247.68407210169 869309.735212184 1.35961101982755 572868472.769778 670483807.783557 347200343.169944 482386472.46475 103973695.826747 63189590.6614647 52816.836255923 453752.315927898 1261358788.35959 1411995771.05781 753390067.589142 1033979979.27411 210824635.346669 142351332.80084 0 0
50 3247.68407210169 869309.738097039 1.35970809127781 568852118.129961 665783076.498252 344766137.456903 479004482.987302 103244741.00465 62746571.3338095 52816.836255923 453752.315927898 1265375142.99941 1416696502.34311 755824273.302183 1037361968.75156 211553590.168766 142794352.128495 0 0
51 3247.68407210169 869309.757853361 1.35979624000427 564863974.150521 661115362.898312 342349029.47472 475646248.423228 102520906.322272 62306663.7502391 52816.836255923 453752.315927898 1269363286.97885 1421364215.94305 758241381.284365 1040720203.31564 212277424.851144 143234259.712065 0 0
52 3247.68407210169 869309.791701364 1.35987670848127 560903730.731894 656480304.043995 339948831.280298 472311507.651797 101802135.497588 61869833.7055818 52816.836255923 453752.315927898 1273323530.39748 1425999274.79737 760641579.478788 1044054944.08707 212996195.675828 143671089.756723 0 0
53 3247.68407210169 869309.841438319 1.35994920068938 556971480.634204 651878008.501514 337565599.093079 469000338.782086 101088445.366248 61436091.4316351 52816.836255923 453752.315927898 1277255780.49517 1430601570.33985 763024811.666007 1047366112.95678 213709885.807168 144104832.030669 0 0
54 3247.68407210169 869309.892968785 1.36001639514607 553066420.568427 647307536.103432 335198846.060953 465712065.400964 100379690.134002 61005348.3225375 52816.836255923 453752.315927898 1281160840.56095 1435172042.73793 765391564.698133 1050654386.3379 214418641.039414 144535575.139767 0 0
55 3247.68407210169 869309.953948741 1.36007696335759 549188946.771626 642769350.604603 332848812.332665 462447021.161629 99675941.7165413 60577648.0847573 52816.836255923 453752.315927898 1285038314.35775 1439710228.23676 767741598.426421 1053919430.57724 215122389.456875 144963275.377547 0 0
56 3247.68407210169 869310.034339445 1.36013170747099 545338772.200879 638263116.050719 330515323.939135 459204964.3583 98977148.0165437 60152959.0563588 52816.836255923 453752.315927898 1288888488.92849 1444216462.79065 770075086.819951 1057161487.38057 215821183.156872 145387964.405946 0 0
57 3247.68407210169 869310.142582434 1.36018141223938 541515620.310083 633788508.772923 328198213.273126 455985662.124087 98283258.8418242 59731250.7332459 52816.836255923 453752.315927898 1292711640.81929 1448691070.06844 772392197.48596 1060380789.61478 216515072.331592 145809672.729058 0 0
58 3247.68407210169 869310.283813897 1.36022682458464 537719237.383406 629345231.822847 325897326.56422 452788900.816433 97594228.1438147 59312495.1295887 52816.836255923 453752.315927898 1296508023.74597 1453134347.01852 774693084.194865 1063577550.92243 217204103.029601 146228428.332716 0 0
59 3247.68407210169 869310.289911908 1.36026849785122 533949406.622828 624933031.46064 323612532.416907 449614497.879592 96910016.574406 58896668.3317338 52816.836255923 453752.315927898 1300277854.50654 1457546547.38073 776977878.342179 1066751953.85927 217888314.59901 146644255.130571 0 0
60 3247.68407210169 869309.894504311 1.3603064513355 530206008.223183 620551767.466638 321343758.220458 446462352.431083 96230602.3893641 58483757.1247115 52816.836255923 453752.315927898 1304021252.90619 1461927811.37473 779246652.538627 1069904099.30778 218567728.784052 147057166.337593 0 0
61 3247.68407210169 869309.739126267 1.36034102758211 526488844.300354 616201208.237774 319090884.042578 443332297.841699 95555949.6733894 58073739.6811446 52816.836255923 453752.315927898 1307738416.82902 1466278370.60359 781499526.716508 1073034153.89717 219242381.500026 147467183.78116 0 0
62 3247.68407210169 869309.797584945 1.36037248888222 522797757.867455 611881170.036993 316853814.737688 440224201.919925 94886029.9338916 57666598.6847772 52816.836255923 453752.315927898 1311429503.26192 1470598408.80437 783736596.021398 1076142249.81894 219912301.239524 147874324.777527 0 0
63 3247.68407210169 869309.753356702 1.36040116074304 519132534.071709 607591401.401151 314632420.089236 437137883.748015 94220804.1758161 57262310.4365235 52816.836255923 453752.315927898 1315094727.05766 1474888177.44022 785957990.66985 1079228567.99085 220577526.9976 148278613.025781 0 0
64 3247.68407210169 869309.732384255 1.36042726942302 515493007.012128 603331708.160151 312426599.549045 434073203.628296 93560242.288693 56860856.636868 52816.836255923 453752.315927898 1318734254.11724 1479147870.68122 788163811.21004 1082293248.11057 221238088.884723 148680066.825436 0 0
65 3247.68407210169 869309.727247308 1.36045104582396 511878995.071226 599101877.749349 310236243.04359 431030008.628948 92904311.3095613 56462217.2527052 52816.836255923 453752.315927898 1322348266.05815 1483377701.09202 790354167.715495 1085336443.10992 221894019.863855 149078706.209599 0 0
66 3247.68407210169 869309.724329594 1.36047269265894 508290323.803411 594901705.998067 308061244.846037 428008151.857276 92252979.5771344 56066373.042017 52816.836255923 453752.315927898 1325936937.32596 1487577872.8433 792529165.913048 1088358299.88159 222545351.596282 149474550.420287 0 0
67 3247.68407210169 869309.723162394 1.36049236507572 504726834.260438 590731006.87368 305901508.622082 425007499.470195 91606218.2428414 55673306.4722017 52816.836255923 453752.315927898 1329500426.86893 1491748571.96769 794688902.137004 1091358952.26867 223192112.930575 149867616.990103 0 0
68 3247.68407210169 869309.723967073 1.36051025282011 501188337.557321 586589559.305683 303756919.89356 422027892.416256 90963993.0246951 55282996.7085211 52816.836255923 453752.315927898 1333038923.57205 1495890019.53568 796833490.865526 1094338559.32261 223834338.148721 150257926.753783 0 0
69 3247.68407210169 869309.726913486 1.36052655706461 497674639.716295 582477136.262987 301627361.095706 419069167.355606 90326268.7163845 54895422.3544829 52816.836255923 453752.315927898 1336552621.41308 1500002442.57838 798963049.66338 1097297284.38326 224472062.457031 150645501.107821 0 0
70 3247.68407210169 869309.732672066 1.36054144496225 494185557.539098 578393523.330814 299512721.196928 416131170.025329 89693012.0680436 54510563.2026164 52816.836255923 453752.315927898 1340041703.59028 1504086055.51055 801077689.562157 1100235281.71354 225105319.105372 151030360.259688 0 0
71 3247.68407210169 869309.74327579 1.36055499106612 490720937.168962 574338540.435592 297412906.948731 413213770.86964 89064195.1551875 54128402.2819294 52816.836255923 453752.315927898 1343506323.96041 1508141038.40577 803177503.810354 1103152680.86923 225734136.018228 151412521.180375 0 0
72 3247.68407210169 869309.759938741 1.36056732558202 487280607.114832 570311986.864626 295327814.414949 410316825.483726 88439786.8527683 53748920.6763006 52816.836255923 453752.315927898 1346946654.01454 1512167591.97674 805262596.344137 1106049626.25514 226358544.320648 151792002.786004 0 0
