"Time" "IECs" "pheme_e" "BiomassCD" "pro_L_e" "leu_L_e" "ile_L_e" "val_L_e" "trp_L_e" "cys_L_e" "Drug" "Damage" "pro_L_v" "leu_L_v" "ile_L_v" "val_L_v" "trp_L_v" "cys_L_v" "CD" "pheme_c"
0 457000 1e+05 0.4963 224235600.199112 195370466.451958 120509812.093413 157438605.791629 18978882.6152 31300034.1459915 0 0 0 0 0 0 0 0 45700000 1000
1 351120.632294138 144482.661093092 0.594123777917331 347877094.587698 376923253.29549 205076051.279705 279405906.110878 54215951.6756683 40349259.4331272 0 105879.367705862 255387181.796061 258799503.445147 146163095.12706 196594294.275223 33795840.2538188 31608451.9119152 48532264.0529423 840.998054966767
2 264888.27548446 237642.270884596 0.697812004965842 405364998.598424 457173902.930349 243315229.227596 334101159.304048 69160829.4860982 45066871.6955364 0 192111.72451554 506324555.055966 537189225.781739 295671581.481736 401227451.407737 75073591.2855617 60004064.6644224 52252899.7278123 1203.75686959633
3 195137.977351174 331043.953150888 0.803529048432786 444125039.104005 508107914.91617 268254269.78707 369433454.723325 78125295.6847636 48653562.0349625 0 261862.022648826 716709359.759299 776346703.732253 422393731.613928 575512205.919887 111585028.820383 83201488.808178 57057131.0585378 1479.99780136146
4 139442.251417504 410211.394571525 0.907130887407216 477037495.980492 549591594.560367 288923011.209245 398555404.232383 85089721.1490273 51957619.3370412 0 317557.748582496 882309195.194599 966501548.246191 522564871.010385 713581958.17517 140932429.488014 101284590.264629 63165448.5895707 1642.96260398358
5 95885.5740505754 470936.162609407 1.00479480502715 507438189.58111 587249779.709965 307756073.058653 425090242.784419 91230010.7851207 55163373.9189088 0 361114.425949424 1006580745.4855 1109995584.26565 597885583.422915 817548607.884589 163188690.585727 114804599.791662 70824613.9194446 1716.75087144457
6 62851.7911553546 512438.430770898 1.09354994919048 535369769.278343 621913697.013037 324937691.104094 449428106.301166 96791515.3785518 58216365.859976 0 394148.208844645 1095184981.30055 1212719170.0238 651643801.331281 891848527.473345 179162041.359947 124436580.482359 80308675.5506224 1726.70073130267
7 38840.7918788274 535448.303597186 1.17156391905978 559622686.767546 652624878.744583 339801689.413126 470743756.532768 101674722.868609 60970046.4675804 0 418159.208121172 1154607363.35818 1281869734.28333 687717430.053795 941778526.411626 189929888.642479 130903123.596941 91917607.376655 1691.55960752748
8 22341.3461896933 541708.959738485 1.23815221902376 578745697.462204 678009203.975167 351499391.097598 487942839.349018 105689153.562783 63268848.0243982 9737.47760380151 434658.653810306 1191608295.7976 1325106603.67385 710187077.862339 972934535.572982 196667839.96953 134940109.184751 105972222.73373 1624.65172940235
9 21858.5218686565 705095.85113713 1.2508959019614 553608218.26564 648518643.835998 336222108.409134 466727164.275632 101097499.780197 60517202.1954705 6337.58937700102 435141.478131343 1218475734.53644 1356580276.90462 726504463.689157 995585553.591565 201574255.912788 137877107.617662 60.5929551114352 153.059715142079
10 21858.5211337621 778472.017603784 1.26260449728359 528004653.210752 618525611.266296 320672330.87737 445141720.025656 96421889.2526828 57718370.6838324 6193.80419218301 435141.478866237 1244079302.22445 1386573312.49378 742054242.804558 1017171000.02696 206249866.919395 140675939.411423 0.00320840113093207 9.29376274173709
11 21858.5211337216 809609.891940403 1.27334304605223 503585213.018988 589919709.633522 305841706.265643 424554568.86529 91962518.4053523 55048980.76026 6185.08693094929 435141.478866278 1268498742.41636 1415179214.12672 756884867.416373 1037758151.18745 210709237.766752 143345329.335011 2.56072519554608e-07 0.576502709336964
12 21858.5211337216 822823.54123959 1.28317593227251 480295136.092462 562636788.962616 291696976.273346 404919543.227617 87709386.9141047 52503046.2024378 6184.54623652282 435141.478866278 1291788819.34289 1442462134.79763 771029597.40867 1057393176.82512 214962369.257999 145891263.892833 4.78678128939328e-08 0.0358082830743609
13 21858.5211337216 828430.877246545 1.29216615604175 458082191.038001 536615663.326152 278206419.281187 386192608.704881 83652956.5114692 50074857.3809253 6184.51265264717 435141.478866278 1314001764.39735 1468483260.43409 784520154.400829 1076120111.34786 219018799.660635 148319452.714346 5.54745912055431e-08 0.00222440759054326
14 21858.5211337216 830810.402664853 1.30037476136361 436896562.087568 511797976.555885 265339780.748123 368331767.415937 79784130.0608209 47758968.7282487 6184.51056640484 435141.478866278 1335187393.34778 1493300947.20436 797386792.933893 1093980952.63681 222887626.111283 150635341.367022 6.17549100456995e-08 0.000138165399774352
15 21858.5211337215 831820.148869196 1.30786040136746 416690737.537926 488128071.556548 253068205.45758 351296963.953752 76094231.1837232 45550186.5437796 6184.51043688778 435141.478866278 1355393217.89742 1516970852.2037 809658368.224436 1111015756.09899 226577524.988381 152844123.551492 4.74058676486987e-08 8.64846718718494e-06
16 21858.5211337215 832248.43935043 1.31467902115263 397419405.044948 465552867.649438 241364173.926689 335049997.111802 72574985.1390338 43443557.5479228 15921.9880326036 435141.478866278 1374664550.3904 1539546056.1108 821362399.755328 1127262722.94094 230096771.03307 154950752.547348 0 5.62766401142537e-07
17 21858.5211337215 832430.792199384 1.31943839357617 379039271.698099 444021649.800534 230201393.132372 319554368.195343 69218485.9656979 41434349.2137147 15921.9880320576 435141.478866278 1393044683.73725 1561077273.9597 832525180.549645 1142758351.8574 233453270.206406 156959960.881556 0 1.67175732102719e-08
18 21858.5211337215 832507.544287245 1.32378613425044 361509312.516939 423486359.719156 219554947.430379 304775490.519872 66017241.8620873 39518076.9310029 15921.9880320325 435141.478866278 1410574642.91841 1581612564.04108 843171626.251638 1157537229.53287 236654514.310016 158876233.164268 0 -8.32967897438047e-09
19 21858.5211337215 832540.512802559 1.32775556135006 344790049.763491 403900751.615868 209400860.861071 290680081.825321 62964043.5771926 37690425.2251026 15921.9880320325 435141.478866278 1427293905.67186 1601198172.14437 853325712.820946 1171632638.22742 239707712.594911 160703884.870168 0 -8.32967897438046e-09
20 21858.5211337215 832554.390148333 1.33137751358885 328844029.288392 385220950.213269 199716386.448065 277236565.86635 60052051.3988638 35947299.8281635 15921.9880320325 435141.478866278 1443239926.14696 1619877973.54697 863010187.233952 1185076154.18639 242619704.77324 162447010.267107 0 -8.32967897438046e-09
21 21858.5211337215 832560.316153547 1.33468069964654 313635492.82473 367405066.85798 190479807.172902 264414796.13508 57274735.3095503 34284791.8562539 15921.9880320325 435141.478866278 1458448462.61062 1637693856.90226 872246766.509115 1197897923.91766 245397020.862553 164109518.239017 0 -8.32967897438046e-09
22 21858.5211337215 832562.799984212 1.33769176004284 299130329.419091 350413142.625052 181670406.47774 252186014.914354 54625866.1168533 32699172.5000887 15921.9880320325 435141.478866278 1472953626.01626 1654685781.13519 881056167.204277 1210126705.13839 248045890.05525 165695137.595182 0 -8.32967897438046e-09
23 21858.5211337215 832563.833575431 1.34043535707127 285296005.149875 334207065.987206 173268425.581272 240522794.02578 52099502.6189929 31186885.3422476 15921.9880320325 435141.478866278 1486787950.28547 1670891857.77303 889458148.100745 1221789926.02696 250572253.553111 167207424.753023 0 -8.32967897438046e-09
24 21858.5211337215 832564.268513215 1.34293426465994 272101500.716114 318750499.703897 165255025.57463 229398982.213111 49689980.2075526 29744539.534751 25659.465635834 435141.478866278 1499982454.71923 1686348424.05634 897471548.107387 1232913737.83963 252981775.964551 168649770.56052 0 0
25 21858.5211337215 832564.447033649 1.34475871520152 259517084.415692 304008614.87899 157612149.544564 218789513.748346 47391869.4097589 28368884.9823706 25659.465635834 435141.478866278 1512566871.01965 1701090308.88125 905114424.137453 1243523206.30439 255279886.762345 170025425.1129 0 0
26 21858.5211337215 832564.518937429 1.34642182075809 247515271.713486 289949215.036973 150323105.346627 208671217.409102 45200151.120599 27056917.2369891 25659.465635834 435141.478866278 1524568683.72186 1715149708.72326 912403468.33539 1253641502.64364 257471605.051505 171337392.858282 0 0
27 21858.5211337215 832564.555594333 1.34793809038127 236068066.764121 276539504.733207 143370890.303024 199020490.905727 43109712.8618288 25805575.9570524 25659.465635834 435141.478866278 1536015888.67122 1728559419.02703 919355683.378993 1263292229.14701 259562043.310275 172588734.138219 0 0
28 21858.5211337215 832564.571053384 1.34931995894246 225150291.019734 263749988.817199 136740212.761341 189816107.110702 41115956.6376943 24612108.7714404 25659.465635834 435141.478866278 1546933664.41561 1741348934.94304 925986360.920676 1272496612.94204 261555799.534409 173782201.32383 0 0
29 21858.5211337215 832564.574131972 1.35057909695562 214737451.365931 251551975.08243 130416197.352514 181037416.760799 39214409.6232892 23473838.236598 25659.465635834 435141.478866278 1557346504.06941 1753546948.67781 932310376.329503 1281275303.29194 263457346.548814 174920471.858673 0 0
30 21858.5211337215 832564.576800135 1.35172622208366 204806174.869628 239918083.547239 124384649.025635 172664714.977336 37400803.5562947 22388209.3606183 25659.465635834 435141.478866278 1567277780.56572 1765180840.213 938341924.656381 1289648005.07541 265270952.615809 176006100.734653 0 0
31 21858.5211337215 832564.581866989 1.35277115381441 195334171.350136 228822202.6091 118632030.316305 164679209.711206 35671067.9018764 21352785.5117334 25659.465635834 435141.478866278 1576749784.08521 1776276721.15114 944094543.365713 1297633510.34154 267000688.270227 177041524.583537 0 0
32 21858.5211337215 832564.585207082 1.35372283640834 186300217.482681 218239470.422857 113145451.692235 157063008.341127 34021326.9497376 20365246.6806044 35396.9432396355 435141.478866278 1585783737.95266 1786859453.33738 949581121.989782 1305249711.71161 268650429.222366 178029063.414667 0 0
33 21858.5211337215 832564.580817749 1.35442829951422 177684045.931269 208146145.026565 107912604.220476 149799024.205554 32447879.5680518 19423377.3609767 35396.9432396355 435141.478866278 1594399909.50407 1796952778.73367 954813969.461541 1312513695.84718 270223876.604052 178970932.734295 0 0
34 21858.5211337215 832564.579049423 1.35507090822189 169466740.995896 198520067.818332 102921999.855283 142871310.158596 30947271.4548165 18525109.7995114 35396.9432396355 435141.478866278 1602617214.43945 1806578855.94191 959804573.826735 1319441409.89414 271724484.717287 179869200.29576 0 0
35 21858.5211337215 832564.578148846 1.35565644561841 161629162.599399 189338817.351954 98162014.2802398 136263729.890056 29516007.3332585 17668351.7152753 35396.9432396355 435141.478866278 1610454792.83594 1815760106.40828 964564559.401778 1326048990.16268 273155748.838845 180725958.379996 0 0
36 21858.5211337215 832564.577768189 1.35618984243241 154154068.713252 180582195.630751 93622175.9181694 129961747.266232 28150938.5399049 16851218.3108754 35396.9432396355 435141.478866278 1617929886.72209 1824516728.12949 969104397.763848 1332350972.7865 274520817.632199 181543091.784396 0 0
37 21858.5211337215 832564.577692324 1.35667570549162 147024690.431845 172230558.893004 89292300.5329748 123951225.026322 26849002.8109106 16071876.50794 35396.9432396355 435141.478866278 1625059265.0035 1832868364.86723 973434273.149043 1338361495.02642 275822753.361193 182322433.587331 0 0
38 21858.5211337215 832564.577627084 1.35711824888826 140225024.894296 164265160.752204 85162669.1294389 118218671.734267 25607277.7741521 15328576.9676126 35396.9432396355 435141.478866278 1631858930.54104 1840833763.00803 977563904.552578 1344094048.31847 277064478.397951 183065733.127659 0 0
39 21858.5211337215 832564.577502947 1.35752131981015 133739810.672836 156668123.366019 81224013.0058824 112751221.029579 24422976.454762 14619651.4001538 35396.9432396355 435141.478866278 1638344144.76251 1848430800.39422 981502560.676135 1349561499.02316 278248779.717341 183774658.695118 0 0
40 21858.5211337215 832564.577420689 1.35788840883201 127554516.777636 149422424.55612 77467507.0764855 107536622.35771 23293445.26724 13943511.3630146 45134.420843437 435141.478866278 1644529438.65771 1855676499.20412 985259066.605532 1354776097.69503 279378310.904863 184450798.732257 0 0
41 21858.5211337215 832564.577528271 1.35816206434473 121655276.705046 142511820.549664 73884729.8168926 102563185.368493 22216151.971631 13298641.0513759 45134.420843437 435141.478866278 1650428678.7303 1862587103.21058 988841843.865125 1359749534.68425 280455604.200472 185095669.043896 0 0
42 21858.5211337215 832564.577571618 1.35841126936403 116029118.152453 135921115.076403 70467802.7766201 97819973.5804739 21188727.6230437 12683622.4092297 45134.420843437 435141.478866278 1656054837.28289 1869177808.68384 992258770.905397 1364492746.47227 281483028.549059 185710687.686042 0 0
43 21858.5211337215 832564.57759368 1.35863829228522 110662948.625167 129634971.068315 67208774.509096 93295949.1825826 20208781.3276375 12097024.241875 45134.420843437 435141.478866278 1661421006.81018 1875463952.69193 995517799.172921 1369016770.87016 282462974.844466 186297285.853397 0 0
44 21858.5211337215 832564.577603018 1.35884506401373 105544961.743183 123639558.06318 64100474.6619916 88981158.6407548 19274157.0561837 11537555.9451223 45134.420843437 435141.478866278 1666538993.69216 1881459365.69706 998626099.020026 1373331561.41199 283397599.115919 186856754.150149 0 0
45 21858.5211337215 832564.57760488 1.35903338546555 100663676.65668 117921426.937753 61135930.5867687 84865922.8637048 18382758.2263447 11003962.4998315 45134.420843437 435141.478866278 1671420278.77867 1887177496.82249 1001590643.09525 1377446797.18904 284288997.945758 187390347.59544 0 0
46 21858.5211337215 832564.577606474 1.35920490164668 96008136.6260522 112467742.532307 58308487.9420193 80941004.61861 17532583.9664875 10495046.1795166 45134.420843437 435141.478866278 1676075818.80929 1892631181.22793 1004418085.74 1381371715.43413 285139172.205616 187899263.915755 0 0
47 21858.5211337215 832564.57760951 1.35936111233596 91567892.5949296 107266264.407406 55611800.7168859 77197594.6821097 16721726.1158601 10009664.7546436 45134.420843437 435141.478866278 1680516062.84042 1897832659.35283 1007114772.96513 1385115125.37063 285950030.056243 188384645.340628 0 0
48 21858.5211337215 832564.577611529 1.35950337628864 87332995.610783 102305337.965109 53039826.6278814 73627305.4503932 15948367.8404758 9546730.66409641 54871.8984472385 435141.478866278 1684750959.82456 1902793585.79513 1009686747.05414 1388685414.60235 286723388.331627 188847579.431175 0 0
49 21858.5211337215 832564.577608897 1.3596096590278 83293956.1496664 97573846.8003547 50586802.4156403 70222136.6473537 15210776.2051772 9105206.56879587 54871.8984472385 435141.478866278 1688789999.28568 1907525076.95988 1012139771.26638 1392090583.40539 287460979.966926 189289103.526475 0 0
50 21858.5211337215 832564.577607836 1.35970643545721 79441882.9054598 93061375.284191 48247328.1355964 66974592.3328029 14507327.5187167 8684120.52332565 54871.8984472385 435141.478866278 1692642072.52988 1912037548.47605 1014479245.54642 1395338127.71994 288164428.653386 189710189.571946 0 0
51 21858.5211337215 832564.577607296 1.35979459020577 75767817.2603891 88757428.936122 46015962.9628901 63877119.8185197 13836385.7976886 8282493.22415433 54871.8984472385 435141.478866278 1696316138.17495 1916341494.82412 1016710610.71913 1398435600.23422 288835370.374414 190111816.871117 0 0
52 21858.5211337215 832564.577607068 1.35987487595941 72263675.1731995 84652537.7893053 43887797.2280021 60922903.74027 13196474.7700072 7899440.97132409 54871.8984472385 435141.478866278 1699820280.26214 1920446385.97093 1018838776.45402 1401389816.31247 289475281.402096 190494869.123947 0 0
53 21858.5211337215 832564.577607022 1.3599479942327 68921596.1796074 80737493.7838375 41858057.0461031 58105317.2235175 12586158.9922308 7534104.5049998 54871.8984472385 435141.478866278 1703162359.25573 1924361429.9764 1020868516.63592 1404207402.82923 290085597.179872 190860205.590272 0 0
54 21858.5211337215 832564.577606983 1.36001458546233 65734078.4940441 77003509.0303013 39922186.3682089 55418035.7828415 12004068.5212484 7185663.77399893 54871.8984472385 435141.478866278 1706349876.9413 1928095414.72994 1022804387.31381 1406894684.2699 290667687.650854 191208646.321272 0 0
55 21858.5211337215 832564.577606909 1.36007523324629 62693967.9474081 73442202.8510078 38075840.2627598 52855027.9957538 11448896.8941403 6853336.72653156 54871.8984472385 435141.478866278 1709389987.48793 1931656720.90923 1024650733.41926 1409457692.05699 291222859.277962 191540973.36874 0 0
56 21858.5211337215 832564.577606859 1.36013046600843 59794452.7740564 70045595.6732725 36314881.7496123 50410551.107799 10919400.1762017 6536378.74034481 54871.8984472385 435141.478866278 1712289502.66129 1935053328.08697 1026411691.93241 1411902168.94494 291752355.995901 191857931.354926 0 0
57 21858.5211337215 832564.577606953 1.36018076685196 57029031.8266991 66806071.7950804 34635362.4960344 48079124.2356759 10414391.1564863 6234079.14816169 54871.8984472385 435141.478866278 1715054923.60864 1938292851.96516 1028091211.18599 1414233595.81707 292257365.015616 192160230.94711 0 0
58 21858.5211337215 832564.577607217 1.36022657278553 54391520.3970171 63716386.2035886 33033526.3517339 45855533.2743906 9932740.41074192 5945761.87395678 54871.8984472385 435141.478866278 1717692435.03833 1941382537.55665 1029693047.33029 1416457186.77835 292739015.761361 192448548.221314 0 0
59 21858.5211337215 832564.577607483 1.3602682874042 51875990.7406662 60769594.9037553 31505773.2279916 43734780.7560285 9473365.44034807 5670778.93149873 54871.8984472385 435141.478866278 1720207964.69468 1944329328.85648 1031220800.45403 1418577939.29672 293198390.731755 192723531.163773 0 0
60 21858.5211337215 832564.577607511 1.36030627660287 49476798.8250273 57959086.2517163 30048675.3423353 41712108.3998195 9035235.55687273 5408513.34825732 54871.8984472385 435141.478866278 1722607156.61032 1947139837.50852 1032677898.33969 1420600611.65292 293636520.61523 192985796.747014 0 0
61 21858.5211337215 832564.577607076 1.36034087197583 47188567.9114108 55278561.722327 28658967.2475429 39782983.2708851 8617368.88392651 5158377.37070637 54871.8984472385 435141.478866278 1724895387.52393 1949820362.03791 1034067606.43448 1422529736.78186 294054387.288176 193235932.724565 0 0
62 21858.5211337215 832564.577606444 1.36037237727242 45006162.971128 52722005.9391336 27333530.2937904 37943076.2113498 8218827.68513814 4919809.66763881 54871.8984472385 435141.478866278 1727077792.46422 1952376917.82111 1035393043.38823 1424369643.84139 294452928.486965 193474500.427633 0 0
63 21858.5211337215 832564.577606141 1.36040106952601 42924683.2452639 50283677.9585947 26069388.1099896 36188255.5677525 7838717.00545278 4692274.51684469 54871.8984472385 435141.478866278 1729159272.19008 1954815245.80165 1036657185.57203 1426124464.48499 294833039.16665 193702035.578427 0 0
64 21858.5211337215 832564.577607073 1.36042720108988 40939454.1076596 47958101.7380566 24863701.661944 34514580.3310202 7476183.1851857 4475260.91562013 54871.8984472385 435141.478866278 1731144501.32768 1957140822.02218 1037862872.02008 1427798139.72172 295195572.986917 193919049.179651 0 0
65 21858.5211337215 832564.577610605 1.36045099740578 39046038.3827585 45740079.3939274 23713776.1260007 32918309.678137 7130415.92683764 4268283.81796789 54871.8984472385 435141.478866278 1733037917.05258 1959358844.36631 1039012797.55602 1429394410.37461 295541340.245265 194126026.277303 0 0
66 21858.5211337215 832564.57761885 1.36047266332033 37240209.4611417 43624659.7081476 22617044.5613464 31395880.3068191 6800643.38557195 4070881.19574543 54871.8984472385 435141.478866278 1734843745.9742 1961474264.05209 1040109529.12067 1430916839.74592 295871112.786531 194323428.899526 0 0
67 21858.5211337215 832564.577636645 1.36049238604165 35517925.80647 41607108.2646102 21571052.4273431 29943884.9432354 6486127.5137844 3882611.25191338 54871.8984472385 435141.478866278 1736566029.62887 1963491815.49563 1041155521.25468 1432368835.10951 296185628.658318 194511698.843358 0 0
68 21858.5211337215 832564.577670997 1.36051033926274 33875320.2115067 39682894.8632397 20573451.0584043 28559063.284147 6186162.09908535 3703051.24606702 54871.8984472385 435141.478866278 1738208635.22384 1965416028.897 1042153122.62362 1433753656.7686 296485594.073017 194691258.849204 0 0
69 21858.5211337215 832564.577730711 1.36052668720019 32308687.9818308 37847679.677924 19621990.4876255 27238292.0350209 5900070.60646134 3531796.20274911 54871.8984472385 435141.478866278 1739775267.45351 1967251244.08232 1043104583.1944 1435074428.01772 296771685.565641 194862513.892522 0 0
70 21858.5211337215 832564.577810791 1.36054158693652 30814471.66319 36097295.3655295 18714510.1712687 25978572.0342112 5627203.38925136 3368457.2419337 54871.8984472385 435141.478866278 1741269483.77215 1969001628.39471 1044012063.51075 1436334148.01853 297044552.782851 195025852.853338 0 0
71 21858.5211337215 832564.57767528 1.36055515873149 29389348.2568223 34427849.2333916 17848991.9571225 24777101.7810577 5366953.61602569 3212671.11289345 54871.8984472385 435141.478866278 1742694607.17852 1970671074.52685 1044877581.7249 1437535618.27169 297304802.556077 195181638.982378 0 0
72 21858.5211337215 832564.577642068 1.36056751813449 28030133.8019947 32835611.4635123 17023502.1347481 23631196.9928584 5118739.84586841 3064089.76372257 54871.8984472385 435141.478866278 1744053821.63335 1972263312.29673 1045703071.54727 1438681523.05989 297553016.326234 195330220.331549 0 0
