"Time" "IECs" "pheme_e" "BiomassCD" "pro_L_e" "leu_L_e" "ile_L_e" "val_L_e" "trp_L_e" "cys_L_e" "Drug" "Damage" "pro_L_v" "leu_L_v" "ile_L_v" "val_L_v" "trp_L_v" "cys_L_v" "CD" "pheme_c"
0 457000 1e+05 0.4963 224235600.199112 195370466.451958 120509812.093413 157438605.791629 18978882.6152 31300034.1459915 0 0 0 0 0 0 0 0 45700000 1000
1 341403.595189694 149785.174088684 0.594123777918898 373634695.490993 406526161.834391 220677880.967268 300901304.726897 58800531.7159919 43146467.9211675 0 115596.404810306 264427846.536783 269609752.223631 151743280.222775 204339421.812039 35546737.554066 32542585.6719814 48532264.0529095 871.086435766821
2 249943.237216654 250797.389213941 0.697812002487867 440589197.044845 497566196.093456 264620389.422432 363449251.266698 75393550.6579283 48909481.444513 0 207056.762783346 524585656.167239 558953346.774441 306923539.155702 416836749.06532 78584927.4926722 61900349.6102836 52252899.8497879 1270.20454414899
3 178232.81070872 349815.220374838 0.80352904791229 483886276.145508 553735933.572778 292297177.31742 402569965.762313 85160979.6224666 52999775.9048151 0 278767.18929128 737388191.948378 801027273.141614 435141636.277654 593203508.954377 115571289.373119 85346858.9290279 57057131.1448693 1563.98569694062
4 122885.054647112 431434.338807404 0.907130854185715 519064070.122362 597912411.434401 314335157.780973 433612095.616844 92540024.1910428 56560853.752731 0 334114.945352888 899382834.162255 987042112.74022 533128331.233136 728265419.432519 144277035.67047 103039319.40877 63165448.4552135 1728.1139428201
5 81196.8558198003 491739.065562345 1.00479473194782 550119286.587494 636458543.927569 333561370.631439 460738779.422095 98815069.0702816 59853400.3628031 0 375803.1441802 1016185179.07026 1121877199.16984 603908229.581082 825964159.239259 165180088.327164 115755041.148385 70824613.3134504 1792.74415540003
6 50882.7552123295 530698.148453873 1.09354987330194 577266598.423832 670399551.326192 350261355.086296 484480850.837365 104259353.429127 62843725.7989589 0 406117.24478767 1095680960.44458 1214012536.19769 652126923.222798 892609383.380479 179497172.397026 124405330.345498 80308674.7413909 1788.36490777457
7 29873.2768160906 549950.954087728 1.17156390712612 599473355.054387 698980714.712718 363875918.848545 504160664.969106 108804771.109921 65404700.147619 0 427126.723183909 1146219154.30218 1272809793.46112 682797377.078646 935064187.536579 188645515.084414 129911995.700994 91917608.5208966 1737.48001768455
8 16200.5139801871 552129.069990642 1.2381523532562 615660730.977294 721253202.417415 373783358.402819 518994294.758188 112327706.982888 67419816.0804785 9737.47760380151 440799.486019813 1175826100.95688 1307402326.39095 700770538.005126 959989469.501202 194031615.425677 133147220.697121 105972231.793743 1655.97558106971
9 15743.9552518208 715175.488498097 1.25089602213908 596538706.703183 698834510.694766 362176395.639515 502870058.310362 108838120.18762 65324941.8859349 4938.94813401291 441256.044748179 1196557183.05568 1331688459.0152 713356989.13068 977465362.420976 197813990.292827 135417413.443358 8605.63098620406 71.3499919421694
10 15743.8087720029 789552.833962126 1.26260460442344 576536759.567952 675402579.042985 350032619.288571 486008820.150307 105188776.9889 63134595.8279115 4863.81516858829 441256.191227997 1216559646.52649 1355120989.91706 725501079.792524 994327034.318595 201463427.445274 137607815.749631 30.2701590931171 1.2454602844759
11 15743.8082471338 821181.513174481 1.27334314114389 557205025.596019 652755795.855899 338295748.458351 469712559.649488 101661714.021378 61017642.8472865 4862.56884264868 441256.191752866 1235891382.34932 1377767775.25227 737237951.749444 1010623296.37422 204990490.74959 139724768.931806 0.111318530766543 0.0189786056861672
12 15743.8082452025 834630.415121697 1.28317601626839 538521498.344644 630868375.35505 326952423.210021 453962724.300914 98252915.9720245 58971672.7993048 4862.55006762299 441256.191754798 1254574909.6075 1399655195.76102 748581277.001922 1026373131.72852 208399288.800183 141770738.980529 0.000410278688659777 0.0002791239470237
13 15743.8082451954 840349.370332382 1.29216623790952 520464441.803159 609714854.16966 315989446.967798 438740991.082044 94958417.1181696 56994305.445622 4862.54979226799 441256.191754805 1272631966.14901 1420808716.94644 759544253.244161 1041594864.94741 211693787.654043 143748106.334215 1.53508426887721e-06 4.05154231919246e-06
14 15743.8082451953 842780.307507592 1.30037482658514 503012857.801296 589270633.315953 305394071.117806 424029658.960292 91774386.356567 55083241.3474367 4862.54978827371 441256.191754805 1290083550.15088 1441252937.80015 770139629.094153 1056306197.06916 214877818.415645 145659170.4324 7.29244282479625e-08 5.83703212740034e-08
15 15743.8082451953 843814.132156415 1.30786045518541 486146437.743422 569511921.634665 295153965.707435 409811608.20055 88697118.3964406 53236256.5789436 4862.54978819384 441256.191754805 1306949970.20875 1461011649.48144 780379734.504524 1070524247.82891 217955086.375772 147506155.200893 8.68740204411463e-08 -2.11795774148671e-08
16 15743.8082451953 844254.343358546 1.31467907169016 469845561.194353 550415734.134286 285257218.586757 396070299.173047 85723033.5014659 51451202.5724678 14600.027391985 441256.191754805 1323250846.75782 1480107836.98182 790276481.625202 1084265556.85641 220929171.270746 149291209.207369 0 0
17 15743.8082451953 844441.433737532 1.31943837078783 454091309.292662 531959907.704506 275692343.552144 382789783.660484 82848679.9370176 49726007.5873091 14600.027391985 441256.191754805 1339005098.65951 1498563663.4116 799841356.659815 1097546072.36897 223803524.835194 151016404.192528 0 0
18 15743.8082451953 844520.711029426 1.32378609770882 438865297.795051 514122905.530662 266448178.98254 369954564.117831 80070703.5092197 48058658.4269959 14600.027391985 441256.191754805 1354231110.15712 1516400665.58544 809085521.229418 1110381291.91163 226581501.262992 152683753.352841 0 0
19 15743.8082451953 844554.500761491 1.32775552848992 424149799.247842 496883960.215473 257513962.013408 357549696.660409 77385869.8550579 46447213.8178722 14600.027391985 441256.191754805 1368946608.70433 1533639610.90063 818019738.198551 1122786159.36905 229266334.917154 154295197.961964 0 0
20 15743.8082451953 844569.003570352 1.33137747639605 409927725.675798 480223053.499296 248879318.026595 345560776.470929 74791061.2839658 44889802.5134094 14600.027391985 441256.191754805 1383168682.27638 1550300517.61681 826654382.185364 1134775079.55853 231861143.488246 155852609.266427 0 0
21 15743.8082451953 844575.13316818 1.33468066343336 396182529.557618 464120800.254686 240534200.529615 333973854.323829 72283258.7108655 43384612.450366 14600.027391985 441256.191754805 1396913878.39456 1566402770.86142 834999499.682344 1146362001.70563 234368946.061346 157357799.329471 0 0
22 15743.8082451953 844577.685083302 1.33769172904464 382898219.854757 448558467.26386 232468900.887216 322775450.097246 69859544.580615 41929892.5040503 14600.027391985 441256.191754805 1410198188.09742 1581965103.85225 843064799.324743 1157560405.93221 236792660.191597 158812519.275786 0 0
23 15743.8082451953 844578.763461251 1.34043532384915 370059344.502688 433517952.707536 224674037.691311 311952538.013511 67517099.6735504 40523950.5709973 14600.027391985 441256.191754805 1423037063.44949 1597005618.40857 850859662.520648 1168383318.01594 239135105.098661 160218461.20884 0 0
24 15743.8082451953 844579.209818089 1.34293423787975 357650965.391983 418981756.855704 217140541.571241 301492525.5487 65253198.5407997 39165150.8292312 24337.5049957865 441256.191754805 1435445442.56019 1611541814.2604 858393158.640718 1178843330.48076 241399006.231412 161577260.950606 0 0
25 15743.8082451953 844579.394403485 1.34475853512456 345658785.814026 404933131.368017 209859732.569864 291383360.86679 63065232.7566735 37851927.6944155 24337.5049957865 441256.191754805 1447437622.13815 1625590439.74809 865673967.642095 1188952495.16267 243586972.015538 162890484.085422 0 0
26 15743.8082451953 844579.471577101 1.34642205886385 334068400.086614 391355200.243509 202822864.56893 281612900.269231 60950574.0133192 36582703.648884 24337.5049957865 441256.191754805 1459028007.86556 1639168370.8726 872710835.643028 1198722955.76023 245701630.758893 164159708.130953 0 0
27 15743.8082451953 844579.505091435 1.34793774279193 322867293.511194 378233302.734987 196022339.522624 272170594.118422 58906939.0116872 35356108.2502114 24337.5049957865 441256.191754805 1470229114.44098 1652290268.38112 879511360.689335 1208165261.91104 247745265.760525 165386303.529626 0 0
28 15743.8082451953 844579.536543484 1.34931963687097 312041288.334384 365550829.856052 189449549.695063 263044490.855196 56931741.0293977 34170588.9404478 24337.5049957865 441256.191754805 1481055119.61779 1664972741.26005 886084150.516895 1217291365.17426 249720463.742814 166571822.839389 0 0
29 15743.8082451953 844579.553328573 1.35057878064805 301578321.505983 353293649.957539 183097171.249584 254224421.57237 55022779.1703653 33024824.7356555 24337.5049957865 441256.191754805 1491518086.44619 1677229921.15857 892436528.962375 1226111434.45709 251629425.601846 167717587.044182 0 0
30 15743.8082451953 844579.542991131 1.35172589481047 291466185.439493 341447462.068577 176957792.597234 245700095.521588 53177826.1679455 31917478.8242142 24337.5049957865 441256.191754805 1501630222.51268 1689076109.04753 898575907.614725 1234635760.50787 253474378.604266 168824932.955623 0 0
31 15743.8082451953 844579.527158829 1.35277078023959 281693118.774641 329998487.964398 171024273.066281 237461598.114171 51394736.1691947 30847263.2592331 24337.5049957865 441256.191754805 1511403289.17753 1700525083.15171 904509427.145678 1242874257.91529 255257468.603017 169895148.520604 0 0
32 15743.8082451953 844579.528177772 1.35372243125512 272247742.258946 318933397.052726 165289703.973997 229499336.870575 49671433.0365 29812931.9371559 34074.982599588 441256.191754805 1520848665.69323 1711590174.06338 910243996.237962 1250836519.15889 256980771.735712 170929479.842681 0 0
33 15743.8082451953 844579.530552033 1.35442797513015 263119014.138054 308239254.114351 159747381.542811 221804003.815347 48005902.2085747 28813275.7127083 34074.982599588 441256.191754805 1529977393.81412 1722284317.00175 915786318.669148 1258531852.21412 258646302.563637 171929136.067129 0 0
34 15743.8082451953 844579.53151479 1.35507068565469 254296473.374448 297903804.229531 154390954.565621 214366780.505574 46396235.0755617 27847149.032958 34074.982599588 441256.191754805 1538799934.57773 1732619766.88657 921142745.646338 1265969075.52389 260255969.69665 172895262.746879 0 0
35 15743.8082451953 844579.53194025 1.35565601857959 245770072.82494 287915277.348377 149214323.122884 207179197.402888 44840598.542369 26913451.6691442 34074.982599588 441256.191754805 1547326335.12724 1742608293.76773 926319377.089075 1273156658.62658 261811606.229843 173828960.110693 0 0
36 15743.8082451953 844579.532339858 1.35618945654397 237529200.683801 278261241.928863 144211044.47163 200232308.969823 43337056.4915717 26011021.5582165 34074.982599588 441256.191754805 1555567207.26837 1752262329.18724 931322655.740329 1280103547.05964 263315148.28064 174731390.22162 0 0
37 15743.8082451953 844579.53255457 1.35667535050735 229564677.103148 268930943.942156 139375545.253098 193518376.780401 41883934.0655728 25138853.4459974 34074.982599588 441256.191754805 1563531730.84903 1761592627.17395 936158154.958861 1286817479.24906 264768270.706639 175603558.333839 0 0
38 15743.8082451953 844579.532424879 1.35711791533193 221867209.829948 259913497.678786 134702183.86402 187029567.653374 40479535.898525 24295929.7692012 34074.982599588 441256.191754805 1571229198.12223 1770610073.43732 940831516.347939 1293306288.37609 266172668.873687 176446482.010636 0 0
39 15743.8082451953 844579.532223669 1.35752099025855 214427845.965092 251198414.97638 130185524.732987 180758334.475985 39122228.5394949 23481270.1260452 34074.982599588 441256.191754805 1578668561.98708 1779325156.13972 945348175.478972 1299577521.55348 267529976.232717 177261141.653792 0 0
40 15743.8082451953 844579.532234779 1.35788808786038 207237923.348989 242775548.268751 125820308.805204 174697375.223008 37810431.5827962 22693925.952651 43812.4602033895 441256.191754805 1585858484.60319 1787748022.84735 949713391.406755 1305638480.80646 268841773.189416 178048485.827186 0 0
41 15743.8082451953 844579.532265469 1.35816179070008 200289057.447228 234635075.22268 121601445.580382 168839621.901623 36542615.2752851 21932979.0869371 43812.4602033895 441256.191754805 1592807350.50495 1795888495.89342 953932254.631577 1311496234.12785 270109589.496927 178809432.6929 0 0
42 15743.8082451953 844579.53227792 1.35841105149196 193573241.937865 226767616.574141 117524074.182272 163178325.344468 35317318.8684502 21197552.7835935 43812.4602033895 441256.191754805 1599523166.01431 1803755954.54196 958009626.029687 1317157530.685 271334885.903762 179544858.996244 0 0
43 15743.8082451953 844579.532283405 1.3586380072488 187082854.457763 219164242.860031 113583566.847441 157707060.053681 34133151.6668277 20486812.343344 43812.4602033895 441256.191754805 1606013553.49442 1811359328.25607 961950133.364518 1322628795.97579 272519053.105385 180255599.436493 0 0
44 15743.8082451953 844579.53228856 1.35884480785148 180809812.883401 211815486.016122 109775016.678248 152419012.962704 32988639.091955 19799872.7201037 43812.4602033895 441256.191754805 1612286595.06878 1818708085.09998 965758683.533711 1327916843.06676 273663565.680257 180942539.059733 0 0
45 15743.8082451953 844579.532291342 1.3590331530952 174747130.761512 204713161.536436 106094181.991059 147308294.632826 31882506.4697326 19135968.8509411 43812.4602033895 441256.191754805 1618349277.19067 1825810409.57966 969439518.2209 1333027561.39664 274769698.30248 181606442.928896 0 0
46 15743.8082451953 844579.532289683 1.35920468825705 168887734.880124 197848983.278715 102536768.428453 142368942.489507 30813463.2969893 18494326.172272 43812.4602033895 441256.191754805 1624208673.07205 1832674587.83739 972996931.783507 1337966913.53996 275838741.475223 182248085.607565 0 0
47 15743.8082451953 844579.532287087 1.35936090997859 163224810.181805 191214967.524156 99098638.3663051 137595211.577255 29780266.1706904 17874198.3901445 43812.4602033895 441256.191754805 1629871597.77037 1839308603.59194 976435061.845654 1342740644.45221 276871938.601522 182868213.389692 0 0
48 15743.8082451953 844579.532287215 1.35950318602176 157751762.857282 184803389.742254 95775788.5068351 132981543.448302 28781712.0543918 17274863.438747 53549.937807191 441256.191754805 1635344645.0949 1845720181.37385 979757911.705124 1347354312.58117 277870492.71782 183467548.34109 0 0
49 15743.8082451953 844579.532287615 1.35960949360301 152462221.903791 178606786.41637 92564350.8247212 128522567.476258 27816638.5625601 16695623.6510568 53549.937807191 441256.191754805 1640634186.04839 1851916784.69973 982969349.387238 1351813288.55322 278835566.209652 184046788.12878 0 0
50 15743.8082451953 844579.532287778 1.35970629806954 147350068.900013 172617989.924542 89460610.6443505 124213125.955777 26883929.3929906 16135809.0193931 53549.937807191 441256.191754805 1645746339.05217 1857905581.19156 986073089.567609 1356122730.0737 279768275.379221 184606602.760444 0 0
51 15743.8082451953 844579.532287849 1.35979443204355 142409515.670727 166830219.522255 86461053.7923431 120048339.572291 25982528.4966764 15594785.7002116 53549.937807191 441256.191754805 1650686892.28146 1863693351.59385 989072646.419616 1360287516.45718 280669676.275535 185147626.079625 0 0
52 15743.8082451953 844579.532287916 1.35987473416973 137634407.789381 161236265.408055 83561943.7332377 116023020.268772 25111313.0022803 15071879.7430201 53549.937807191 441256.191754805 1655462000.1628 1869287305.70805 991971756.478721 1364312835.7607 281540891.769931 185670532.036817 0 0
53 15743.8082451953 844579.532287952 1.35994786639388 133019427.783043 155829898.256802 80760052.071018 112132685.523156 24269312.7401383 14566508.8492941 53549.937807191 441256.191754805 1660076980.16914 1874693672.8593 994773648.140941 1368203170.50632 282382892.032073 186175902.930543 0 0
54 15743.8082451953 844579.532287931 1.3600144692692 128559191.525059 150604810.659698 78052109.9422081 108372796.625638 23455545.3796556 14078083.4214848 53549.937807191 441256.191754805 1664537216.42712 1879918760.45641 997481590.269751 1371963059.40384 283196659.392556 186664328.358352 0 0
55 15743.8082451953 844579.532287897 1.36007512519074 124248511.312096 145554925.314384 75434967.7377761 104738980.447302 22669064.4275517 13606035.3716991 53549.937807191 441256.191754805 1668847896.64009 1884968645.80172 1000098732.47418 1375596875.58217 283983140.34466 187136376.408138 0 0
56 15743.8082451953 844579.532287899 1.36013036617795 120082367.822421 140674362.174553 72905578.0781675 101227005.801508 21908954.1116651 13149815.0509444 53549.937807191 441256.191754805 1673014040.12976 1889849208.94155 1002628122.13379 1379108850.22797 284743250.660547 187592596.728893 0 0
57 15743.8082451953 844579.532287958 1.36018067888839 116055908.74837 135957436.847917 70460994.9830389 97832782.2910993 21174329.1314489 12708891.099376 53549.937807191 441256.191754805 1677040499.20381 1894566134.26819 1005072705.22892 1382503073.73837 285477875.640763 188033520.680461 0 0
58 15743.8082451953 844579.532288091 1.36022650080983 112164452.452028 131398664.878767 68098376.0907273 94552363.3900606 20464335.3249461 12282750.8466171 53549.937807191 441256.191754805 1680931955.50015 1899124906.23734 1007435324.12123 1385783492.63941 286187869.447266 188459660.93322 0 0
59 15743.8082451953 844579.532288281 1.36026823105324 108403473.421566 126992744.710333 65814973.8283636 91381934.1835101 19778147.0153086 11870898.7191324 53549.937807191 441256.191754805 1684692934.53062 1903530826.40577 1009718726.3836 1388953921.84596 286874057.756903 188871513.060705 0 0
60 15743.8082451953 844579.532288464 1.36030623765926 104768591.097262 122734544.594665 63608128.6278142 88317801.9482574 19114964.972111 11472855.0166029 53549.937807191 441256.191754805 1688327816.85492 1907789026.52144 1011925571.58414 1392018054.08121 287537239.800101 189269556.763234 0 0
61 15743.8082451953 844579.532288566 1.36034083903592 101255613.127606 118619153.266395 61475295.1877512 85356432.6168268 18474024.3034002 11088160.648756 53549.937807191 441256.191754805 1691840794.82458 1911904417.84971 1014058405.02421 1394979423.41265 288178180.468812 189654251.131081 0 0
62 15743.8082451953 844579.532288492 1.36037234967267 97860427.7329214 114641753.848622 59413977.1244024 82494360.0421653 17854574.8175045 10716365.3484684 53549.937807191 441256.191754805 1695235980.21926 1915881817.26748 1016119723.08756 1397841495.98731 288797629.954708 190026046.431369 0 0
63 15743.8082451953 844579.532288133 1.36040104454204 94579087.8630905 110797722.442205 57421778.0662131 79728256.9409065 17255896.3775588 10357036.8875958 53549.937807191 441256.191754805 1698517320.08909 1919725848.6739 1018111922.14575 1400607599.08857 289396308.394653 190385374.892241 0 0
64 15743.8082451953 844579.532287506 1.36042717716601 91407772.3135384 107082582.573817 55496378.0462011 77054902.1149286 16677291.8071402 10009756.8189145 53549.937807191 441256.191754805 1701688635.63864 1923440988.54229 1020037322.16576 1403280953.91454 289974912.965072 190732654.960923 0 0
65 15743.8082451953 844579.53228668 1.36045097571606 88342793.077409 103492013.808897 53635537.9656821 74471186.6490912 16118088.2316671 9674121.28123345 53549.937807191 441256.191754805 1704753614.87477 1927031557.30721 1021898162.24628 1405864669.38038 290534116.540545 191068290.498604 0 0
66 15743.8082451953 844579.532285838 1.3604726471566 85380587.0958902 100021842.0873 51837094.5856465 71974106.9569261 15577635.5732521 9349740.09600085 53549.937807191 441256.191754805 1707715820.85629 1930501729.0288 1023696605.62631 1408361749.07255 291074569.19896 191392671.683836 0 0
67 15743.8082451953 844579.532285357 1.36049238370295 82517703.3019425 96668024.5452522 50098952.6606218 69560753.8587631 15055304.1868376 9036235.34850594 53549.937807191 441256.191754805 1710578704.65024 1933855546.57085 1025434747.55134 1410775102.17071 291596900.585374 191706176.431331 0 0
68 15743.8082451953 844579.532285963 1.36051035607134 79750814.7013769 93426663.6681232 48419092.2734546 67228322.7658338 14550487.064381 8733242.71083736 53549.937807191 441256.191754805 1713345593.25081 1937096907.44798 1027114607.93851 1413107533.26364 292101717.707831 192009169.069 0 0
69 15743.8082451953 844579.532289689 1.36052672740589 77076685.9234081 90293969.276473 46795549.1342854 64974086.3260449 14062593.9144738 8440407.88845362 53549.937807191 441256.191754805 1716019722.02877 1940229601.83963 1028738151.07767 1415361769.70343 292589610.857738 192302003.891383 0 0
70 15743.8082451953 844579.532298457 1.36054163865361 74492209.7253922 87266301.2907047 45226436.7436616 62795425.1967333 13591057.8226076 8157390.61769381 53549.937807191 441256.191754805 1718604198.22679 1943257269.8254 1030307263.4683 1417540430.83274 293061146.949604 192585021.162143 0 0
71 15743.8082451953 844579.532314584 1.36055521595078 71994389.8001654 84340149.590167 43709935.9543607 60689813.5516001 13135332.1143844 7883862.78306726 53549.937807191 441256.191754805 1721102018.15202 1946183421.52594 1031823764.2576 1419646042.47787 293516872.657828 192858548.99677 0 0
72 15743.8082451953 844579.532340916 1.36056757401307 69580333.4490177 81512125.4296731 42244290.5229351 58654812.9041765 12694889.0187046 7619507.61489557 53549.937807191 441256.191754805 1723516074.50317 1949011445.68643 1033289409.68902 1421681043.1253 293957315.753507 193122904.164941 0 0
