"Time" "IECs" "pheme_e" "BiomassCD" "pro_L_e" "leu_L_e" "ile_L_e" "val_L_e" "trp_L_e" "cys_L_e" "Drug" "Damage" "pro_L_v" "leu_L_v" "ile_L_v" "val_L_v" "trp_L_v" "cys_L_v" "CD" "pheme_c"
0 457000 1e+05 0.4963 224235600.199112 195370466.451958 120509812.093413 157438605.791629 18978882.6152 31300034.1459915 0 0 0 0 0 0 0 0 45700000 1000
1 384012.452437363 126893.820243107 0.594123778038912 262637399.630163 278936488.16321 153439115.178766 208260542.239827 39036568.4875184 31095223.9824506 0 72987.5475626377 222834068.354163 219989188.601759 126098503.739686 168760694.287735 27529857.8239614 28232028.4275938 48532264.0503573 741.295070117167
2 318813.149847207 192061.041073358 0.697812004084482 286940888.406084 321277297.458231 171660048.738114 235384638.951371 48171344.4910728 32161467.305224 0 138186.850152793 431744391.759929 448812278.779193 249842917.696777 337720407.643798 60904415.8735321 52202317.29944 52252899.7374627 973.7493789391
3 260560.542464291 262568.61565726 0.803529043480799 308784255.439801 352598180.466298 186357012.013326 256542023.339147 54102387.3348574 33890605.6019955 0 196439.457535709 618080991.434195 659763989.876674 361870662.431938 491672123.939683 92953177.8582786 72842180.2377084 57057131.080028 1173.91274846265
4 208712.493912612 327907.627459648 0.907130872050618 331702968.927024 382194479.40602 200947433.125816 277170729.796797 59208141.5689075 36092050.8080989 0 248287.506087388 780207671.592508 845803724.863387 459921605.019235 626791922.319165 121651111.386311 90550385.6754498 63165448.5487766 1313.04675162947
5 162992.060296362 384197.115902242 1.00479474408031 356632220.742382 413014189.179967 216442251.438991 298935179.85325 64272384.7095679 38671729.1946545 0 294007.939703638 918122576.829057 1005135298.49942 543553493.802474 742223689.129056 146394909.027986 105527353.797534 70824613.5317389 1400.17164775419
6 123326.169560371 429516.465345011 1.09354975124736 383350312.787635 445590683.345645 232878230.634454 322013757.908823 69503717.0793105 41536439.9553125 0 333673.830439629 1032233478.1383 1137529243.90473 612843123.394955 837975980.188259 167023482.115643 117894345.079497 80308709.6891229 1446.90469013002
7 89752.3121113326 462643.370618975 1.17156467151437 410890987.656925 479224787.394461 249740511.757619 345779585.590426 74845767.2985201 44560803.3921192 0 367247.687888668 1123279415.95878 1243528812.98647 668167220.151276 914522005.831108 183568593.482426 127762342.903121 91917664.103243 1461.21726591892
8 62297.3407641551 482873.86085924 1.23815322815902 437728181.773223 512442178.986217 266134318.612441 369071068.81235 80092042.6215234 47580370.9047753 9737.47760380151 394702.659235845 1192581850.5744 1324496647.22762 710296138.138856 972894527.111037 196219032.033278 135285484.387781 105972313.032687 1447.92294183122
9 61528.9139008651 638520.973174211 1.25089680543698 385491187.138851 451265040.488854 234376490.587954 325019941.8925 70531705.5281247 41899921.2162153 7247.01283522365 395471.086099135 1247558270.96306 1388853462.17878 743721485.860944 1019246943.31999 206277849.743005 141261009.991844 0.247969134828458 174.979485822306
10 61528.9138972088 706769.151186634 1.26260530274595 337386151.517722 394952155.599189 205128897.375338 284461048.70904 61730128.9420646 36671274.5703787 7087.39004939101 395471.086102791 1295663306.59724 1445166347.08358 772969079.081499 1059805836.5144 215079426.331439 146489656.639085 9.61747173668825e-08 15.3567456623137
11 61528.9138972088 735356.242127927 1.27334376093875 295284092.165605 345666495.765549 179531080.235303 248963456.69989 54026891.7438534 32095105.1824696 7073.40869319513 395471.086102791 1337765365.94935 1494452006.91722 798566896.221534 1095303428.52355 222782663.52965 151065826.026994 1.81819061596047e-08 1.37538946649356
12 61528.9138972088 747330.507182459 1.28317656374414 258435904.063726 302531141.053169 157127587.496745 217895571.478947 47284933.3303914 28089991.1099852 7072.15670844767 395471.086102791 1374613554.05123 1537587361.6296 820970388.960092 1126371313.7445 229524621.943112 155070940.099478 2.15097980523659e-08 0.12340471910239
13 61528.9138972088 752346.163474322 1.29216671093437 226185962.201369 264778601.421093 137519802.811793 190704614.642978 41384296.743555 24584670.9668995 7072.04437781241 395471.086102791 1406863495.91359 1575339901.26167 840578173.645044 1153562270.58047 235425258.529948 158576260.242564 2.5479682822201e-08 0.011074083927493
14 61528.9138972088 754447.069698327 1.30037524615334 197960456.313855 231737161.092249 120358852.74161 166906788.416304 36219994.3261226 21516775.9995671 7072.03429750835 395471.086102791 1435089001.8011 1608381341.59052 857739123.715227 1177360096.80714 240589560.947381 161644155.209896 3.0219148433639e-08 0.000993779961884802
15 61528.9138972088 755327.079336856 1.30786082237084 173257181.227333 202818926.891195 105339399.342996 146078667.564133 31700139.7039858 18831720.375884 7072.03339288766 395471.086102791 1459792276.88762 1637299575.79157 872758577.113841 1198188217.65931 245109415.569517 164329210.83358 2.88029386449662e-08 8.91593677382483e-05
16 61528.9138972088 755695.686671314 1.3146793873461 151636602.047053 177509368.943597 92194207.852722 127849666.167208 27744313.0211271 16481730.0401099 16809.5109155704 395471.086102791 1481412856.0679 1662609133.73917 885903768.604115 1216417219.05624 249065242.252376 166679201.169354 0 8.04060953196612e-06
17 61528.9138972088 755850.093582378 1.31943860157309 132714044.155705 155358178.104794 80689398.2500985 111895452.759763 24282131.9763747 14424993.825876 16809.5109075811 395471.086102791 1500335413.95925 1684760324.57797 897408578.206739 1232371432.46369 252527423.297128 168735937.383588 0 5.13275928222931e-08
18 61528.9138972088 755914.714001036 1.32378635366883 116152913.631372 135971329.621769 70620323.3089268 97932234.2471867 21252011.3917136 12624926.5678641 16809.5109075096 395471.086102791 1516896544.48358 1704147173.061 907477653.14791 1246334650.97626 255557543.88179 170536004.6416 0 -2.01704373789674e-08
19 61528.9138972088 755941.821802478 1.32775576773613 101658348.654195 119003651.320641 61807708.6881773 85711403.2040592 18600001.6367926 11049479.0586372 16809.5109075111 395471.086102791 1531391109.46076 1721114851.36213 916290267.76866 1258555482.01939 258209553.63671 172111452.150827 0 -1.87216933466068e-08
20 61528.9138972088 755953.226403093 1.33137771359811 88972472.5133216 104153266.665066 54094766.7867053 75015535.5325725 16278920.0915176 9670622.08707785 16809.5109075111 395471.086102791 1544076985.60163 1735965236.0177 924003209.670132 1269251349.69088 260530635.181986 173490309.122386 0 -1.87216933466068e-08
21 61528.9138972088 755957.900580655 1.33468089738378 77869676.0339173 91156072.2544668 47344328.4851992 65654412.9259486 14247487.9915099 8463833.67456092 16809.5109075111 395471.086102791 1555179782.08103 1748962430.4283 930753647.971638 1278612472.2975 262562067.281993 174697097.534903 0 -1.87216933466068e-08
22 61528.9138972088 755959.920664884 1.33769195599803 68152390.5278824 79780789.5408264 41436273.1238054 57461458.9080756 12469557.0226306 7407639.62727251 16809.5109075111 395471.086102791 1564897067.58707 1760337713.14194 936661703.333032 1286805426.31537 264339998.250873 175753291.582191 0 -1.87216933466068e-08
23 61528.9138972088 755960.694780441 1.34043554827962 59647690.4567945 69824987.8261129 36265462.9401557 50290874.430039 10913487.7244683 6483244.27185378 16809.5109075111 395471.086102791 1573401767.65816 1770293514.85665 941832513.516681 1293976010.79341 265896067.549035 176677686.93761 0 -1.87216933466068e-08
24 61528.9138972088 755960.904279498 1.34293445150187 52204383.3732056 61111677.6791915 31739973.769915 44015184.3066111 9551617.04910603 5674214.15444661 26546.9885113126 395471.086102791 1580845074.74175 1779006825.00358 946358002.686922 1300251700.91684 267257938.224397 177486717.055017 0 0
25 61528.9138972088 755961.174731837 1.34475876939508 45689937.3129478 53485714.069069 27779226.9184498 38522646.60249 8359696.17897893 4966144.07191661 26546.9885113126 395471.086102791 1587359520.80201 1786632788.6137 950318749.538387 1305744238.62096 268449859.094524 178194787.137547 0 0
26 61528.9138972088 755961.288191619 1.3464221364422 39988351.4145054 46811303.6619024 24312694.5092888 33715457.2834276 7316500.92303311 4346425.62458906 26546.9885113126 395471.086102791 1593061106.70045 1793307199.02087 953785281.947548 1310551427.94002 269493054.35047 178814505.584875 0 0
27 61528.9138972088 755961.335920571 1.34793839220618 34998232.0166226 40969752.6556584 21278729.7622052 29508128.1126258 6403479.7083748 3804038.10288569 26546.9885113126 395471.086102791 1598051226.09833 1799148750.02711 956819246.694632 1314758757.11083 270406075.565128 179356893.106578 0 0
28 61528.9138972088 755961.35549489 1.34932025236276 30630834.1961651 35857174.1583212 18623376.2591648 25825835.4087071 5604395.24866789 3329335.61758331 26546.9885113126 395471.086102791 1602418623.91879 1804261328.52445 959474600.197672 1318441049.81474 271205160.024835 179831595.59188 0 0
29 61528.9138972088 755961.363944644 1.35057938704555 26808440.6916272 31382590.5176637 16299382.3388651 22603053.2643061 4905027.94256777 2913870.90129196 26546.9885113126 395471.086102791 1606241017.42333 1808735912.16511 961798594.117972 1321663831.95915 271904527.330935 180247060.308172 0 0
30 61528.9138972088 755961.367094286 1.35172649643364 23463009.1980284 27466349.8128735 14265378.6595807 19782413.0371587 4292928.37494268 2550248.27983499 26546.9885113126 395471.086102791 1609586448.91693 1812652152.8699 963832597.797256 1324484472.18629 272516626.89856 180610682.929629 0 0
31 61528.9138972088 755961.366870552 1.35277137482845 20535110.89702 24038883.2729561 12485232.8313918 17313808.3909051 3757223.10417964 2232008.29865193 26546.9885113126 395471.086102791 1612514347.21794 1816079619.40982 965612743.625445 1326953076.83255 273052332.169323 180928922.910812 0 0
32 61528.9138972088 755961.36784596 1.35372299634782 17972601.1319419 21039149.1377262 10927241.1940368 15153274.4987398 3288371.44117574 1953483.23542177 36284.4661151141 395471.086102791 1615076856.98301 1819079353.54505 967170735.2628 1329113610.72471 273521183.832327 181207447.974042 0 0
33 61528.9138972088 755961.369101972 1.3544284007207 15729848.5959925 18413730.3273686 9563660.16762088 13262338.1473184 2878024.41713071 1709713.31875732 36284.4661151141 395471.086102791 1617319609.51896 1821704772.35541 968534316.289216 1331004547.07613 273931530.856372 181451217.890707 0 0
34 61528.9138972088 755961.369628893 1.35507110665326 13766941.9203705 16115905.6558774 8370223.86263412 11607348.7858595 2518879.61630739 1496360.49045079 36284.4661151141 395471.086102791 1619282516.19458 1824002597.0269 969727752.594202 1332659536.43759 274290675.657195 181664570.719013 0 0
35 61528.9138972088 755961.369850552 1.35565663152555 12048974.5284161 14104812.6645105 7325709.27525964 10158875.5638114 2204550.32879353 1309630.67463021 36284.4661151141 395471.086102791 1621000483.58654 1826013690.01827 970772267.181577 1334108009.65964 274605004.944709 181851300.534834 0 0
36 61528.9138972088 755961.369941458 1.35619001825875 10545393.8576367 12344685.8058051 6411540.61799731 8891158.63914057 1929446.48038576 1146203.04320898 36284.4661151141 395471.086102791 1622504064.25731 1827773816.87697 971686435.838839 1335375726.58431 274880108.793117 182014728.166255 0 0
37 61528.9138972088 755961.3699807 1.35667587386198 9229443.89924485 10804203.8672623 5611450.3868135 7781639.16559725 1688672.63638712 1003169.42422972 36284.4661151141 395471.086102791 1623820014.21571 1829314298.81551 972486526.070023 1336485246.05785 275120882.637116 182157761.785234 0 0
38 61528.9138972088 755961.369995329 1.35711840515927 8077699.47047902 9455944.77958447 4911196.20131082 6810566.62282185 1477942.78936705 877983.680854721 36284.4661151141 395471.086102791 1624971758.64447 1830662557.90319 973186780.255526 1337456318.60063 275331612.484136 182282947.528609 0 0
39 61528.9138972088 755961.369994293 1.35752144828699 7069700.76924481 8275957.81775234 4298338.61598967 5960690.69768219 1293513.49515711 768421.990271807 36284.4661151141 395471.086102791 1625979757.34571 1831842544.86502 973799637.840847 1338306194.52577 275516041.778346 182392509.219192 0 0
40 61528.9138972088 755961.369998819 1.35788850730337 6187495.7872174 7243227.93905201 3761962.90996782 5216875.47813345 1132100.15009566 672533.107524989 46021.9437189156 395471.086102791 1626861962.32773 1832875274.74372 974336013.546869 1339050009.74532 275677455.123407 182488398.101939 0 0
41 61528.9138972088 755961.370004652 1.35816213688218 5415374.9273088 6339365.12004718 3292517.73588151 4565875.70072206 990828.435099048 588609.520478359 46021.9437189156 395471.086102791 1627634083.18764 1833779137.56273 974805458.720955 1339701009.52273 275818726.838403 182572321.688986 0 0
42 61528.9138972088 755961.370007099 1.35841137675201 4739597.56478968 5548284.2626041 2881648.87057338 3996106.20552711 867184.285697017 515157.729117316 46021.9437189156 395471.086102791 1628309860.55016 1834570218.42017 975216327.586264 1340270779.01793 275942370.987805 182645773.480347 0 0
43 61528.9138972088 755961.370008128 1.35863839173944 4148146.3836704 4855917.61428756 2522049.8529831 3497434.8093108 758968.943990819 450871.543806416 46021.9437189156 395471.086102791 1628901311.73128 1835262585.06849 975575926.603854 1340769450.41414 276050586.329512 182710059.665658 0 0
44 61528.9138972088 755961.37000855 1.35884515668703 3630502.93510299 4249952.03175309 2207325.52490817 3060993.07163291 664257.893515462 394607.690217344 46021.9437189156 395471.086102791 1629418955.17985 1835868550.65102 975890650.931929 1341205892.15182 276145297.379987 182766323.519247 0 0
45 61528.9138972088 755961.370008732 1.35903347264452 3177455.82742822 3719604.44350976 1931875.41162298 2679014.57374845 581365.764577196 345364.961065243 46021.9437189156 395471.086102791 1629872002.28752 1836398898.23926 976166101.045214 1341587870.64971 276228189.508925 182815566.248399 0 0
46 61528.9138972088 755961.3700088 1.35920498170533 2780940.38378428 3255434.14934961 1690796.23459961 2344699.7288122 508816.997078733 302266.788126456 46021.9437189156 395471.086102791 1630268517.73116 1836863068.53342 976407180.222237 1341922185.49464 276300738.276424 182858664.421337 0 0
47 61528.9138972088 755961.370008795 1.35936117915096 2433912.82729572 2849195.53857403 1479805.41680483 2052109.70338999 445322.820711025 264547.567138183 46021.9437189156 395471.086102791 1630615545.28765 1837269307.1442 976618171.040032 1342214775.52006 276364232.452791 182896383.642326 0 0
48 61528.9138972088 755961.370008816 1.35950342924622 2130192.75691914 2493653.68851779 1295145.30889334 1796033.60380898 389752.433419493 231535.536136878 55759.4213227171 395471.086102791 1630919265.35803 1837624848.99426 976802831.147944 1342470851.61965 276419802.840083 182929395.673327 0 0
49 61528.9138972088 755961.370008843 1.35960970057874 1864371.783382 2182477.41163243 1133527.64036835 1571911.44419728 341116.28490499 202642.844888898 55759.4213227171 395471.086102791 1631185086.33157 1837936025.27115 976964448.816469 1342694973.77926 276468438.988598 182958288.364575 0 0
50 61528.9138972088 755961.370008855 1.35970648922122 1631719.33299376 1910128.98721453 992076.248824491 1375754.72666618 298548.841942237 177355.316490714 55759.4213227171 395471.086102791 1631417738.78196 1838208373.69556 977105900.208013 1342891130.49679 276511006.43156 182983575.892973 0 0
51 61528.9138972088 755961.37000886 1.35979463963169 1428098.17887229 1671765.28027487 868275.72340477 1204075.22298716 261293.133482638 155223.266264183 55759.4213227171 395471.086102791 1631621359.93608 1838446737.4025 977229700.733433 1343062810.00047 276548262.14002 183005707.9432 0 0
52 61528.9138972088 755961.370008862 1.35987492158962 1249887.09417709 1463147.19759598 759924.378398042 1053819.76106044 228686.598840798 135853.094759087 55759.4213227171 395471.086102791 1631799571.02077 1838655355.48518 977338052.07844 1343213065.4624 276580868.674662 183025078.114705 0 0
53 61528.9138972088 755961.370008862 1.35994803667343 1093914.8382483 1280562.41035551 665094.117179877 922314.566518729 200149.009415278 118900.112555176 55759.4213227171 395471.086102791 1631955543.2767 1838837940.27242 977432882.339658 1343344570.65694 276609406.264087 183042031.096909 0 0
54 61528.9138972088 755961.370008863 1.36001462416809 957404.954036746 1120760.73270094 582096.869358102 807218.71967592 175172.368505929 104062.540168244 55759.4213227171 395471.086102791 1632092053.16091 1838997741.95008 977515879.587479 1343459666.50378 276634382.904997 183056868.669296 0 0
55 61528.9138972088 755961.370008862 1.36007526588832 837932.453058151 980903.416139319 509458.255466666 706487.63522749 153312.986141646 91076.8000384638 55759.4213227171 395471.086102791 1632211525.66189 1839137599.26664 977588518.201371 1343560397.58823 276656242.287361 183069854.409425 0 0
56 61528.9138972088 755961.370008862 1.36013049243514 733369.586099146 858499.667451605 445884.615857518 618327.3397993 134181.556973925 79711.62222405 55759.4213227171 395471.086102791 1632316088.52885 1839260003.01533 977652091.84098 1343648557.88366 276675373.716529 183081219.58724 0 0
57 61528.9138972088 755961.370008862 1.3601807872577 641853.179930808 751368.412282179 390243.151604713 541166.93248673 117437.184012342 69764.494153747 55759.4213227171 395471.086102791 1632407604.93502 1839367134.2705 977707733.305233 1343725718.29097 276692118.08949 183091166.71531 0 0
58 61528.9138972088 755961.370008863 1.36022659027288 561757.003907755 657605.946830496 341545.123550866 473635.286251083 102782.322657105 61058.6570891085 55759.4213227171 395471.086102791 1632487701.11104 1839460896.73595 977756431.333287 1343793249.93721 276706772.950845 183099872.552375 0 0
59 61528.9138972088 755961.370008863 1.3602683023779 491655.94471346 575543.999966269 298924.070752218 414530.842502223 89956.2259024733 53439.2121954038 55759.4213227171 395471.086102791 1632557802.17024 1839542958.68281 977799052.386085 1343852354.38096 276719599.0476 183107491.997269 0 0
60 61528.9138972088 755961.370008864 1.36030628872477 430302.772264448 503722.534851057 261621.684278055 362802.021689743 78730.6932917097 46770.5951744608 55759.4213227171 395471.086102791 1632619155.34268 1839614780.14793 977836354.772559 1343904083.20177 276730824.580211 183114160.614289 0 0
61 61528.9138972088 755961.370008862 1.36034088192336 376605.75087971 440863.540047164 228974.194926635 317528.346564248 68905.9745266582 40934.1427713224 55759.4213227171 395471.086102791 1632672852.36407 1839677639.14273 977869002.261911 1343949356.87689 276740649.298976 183119997.066693 0 0
62 61528.9138972088 755961.370008853 1.3603723849136 329609.465507948 385848.584248789 200400.715678362 277904.27615667 60307.2613229702 35826.0087329127 55759.4213227171 395471.086102791 1632719848.64944 1839732654.09853 977897575.741159 1343988980.9473 276749248.012179 183125105.200731 0 0
63 61528.9138972088 755961.370008835 1.36040107364997 288477.765854687 337698.850276496 175392.871820242 243224.825426643 52781.5667685844 31355.3099660966 55759.4213227171 395471.086102791 1632760980.3491 1839780803.8325 977922583.585017 1344023660.39803 276756773.706734 183129575.899498 0 0
64 61528.9138972088 755961.370008825 1.3604271994242 252478.931707662 295557.769258599 153505.781546506 212873.057674174 46195.0110855393 27442.5141228751 55759.4213227171 395471.086102791 1632796979.18324 1839822944.91352 977944470.675291 1344054012.16579 276763360.262417 183133488.695341 0 0
65 61528.9138972088 755961.370008849 1.36045099110731 220972.352504368 258675.427419964 134349.957210008 186308.853657244 40430.38444632 24017.9917720319 55759.4213227171 395471.086102791 1632828485.76244 1839859827.25536 977963626.499627 1344080576.3698 276769124.889056 183136913.217692 0 0
66 61528.9138972088 755961.370008882 1.36047265715839 193397.430087506 226395.575386833 117584.55825947 163059.555150222 35385.1165575731 21020.8102141739 55759.4213227171 395471.086102791 1632856060.68486 1839892107.10739 977980391.898578 1344103825.66831 276774170.156945 183139910.39925 0 0
67 61528.9138972088 755961.370008858 1.3604923874318 169263.557382107 198143.8969908 102911.29833109 142711.515646212 30969.4431006931 18397.6442411633 55759.4213227171 395471.086102791 1632880194.55757 1839920358.78579 977995065.158506 1344124173.70781 276778585.830402 183142533.565223 0 0
68 61528.9138972088 755961.370008785 1.36051035482994 148141.334276682 173417.726372927 90069.1045533052 124902.694185679 27104.7985384445 16101.8213700958 55759.4213227171 395471.086102791 1632901316.78067 1839945084.9564 978007907.352284 1344141982.52927 276782450.474964 183144829.388094 0 0
69 61528.9138972088 755961.370008828 1.36052671682454 129654.925772817 151777.102254112 78829.4713443866 109316.212268099 23722.4179176463 14092.4912330531 55759.4213227171 395471.086102791 1632919803.18918 1839966725.58052 978019146.985493 1344157569.01119 276785832.855585 183146838.718231 0 0
70 61528.9138972088 755961.370009053 1.36054161682867 113475.392957994 132836.96101519 68992.4056811317 95674.7309819732 20762.1166652432 12333.9007052446 55759.4213227171 395471.086102791 1632935982.72199 1839985665.72176 978028984.051156 1344171210.49248 276788793.156837 183148597.308759 0 0
71 61528.9138972088 755961.370009269 1.36055518544464 99314.9123366902 116260.369710106 60382.912484431 83735.5771381069 18171.2329235649 10794.7655908471 55759.4213227171 395471.086102791 1632950143.20261 1840002242.31307 978037593.544353 1344183149.64632 276791384.040579 183150136.443873 0 0
72 61528.9138972088 755961.370008954 1.36056754161556 86921.5052768046 101752.356232075 52847.7901521069 73286.2994974154 15903.6632192463 9447.69775444942 55759.4213227171 395471.086102791 1632962536.60967 1840016750.32655 978045128.666685 1344193598.92396 276793651.610283 183151483.51171 0 0
