"Time" "IECs" "pheme_e" "BiomassCD" "pro_L_e" "leu_L_e" "ile_L_e" "val_L_e" "trp_L_e" "cys_L_e" "Drug" "Damage" "pro_L_v" "leu_L_v" "ile_L_v" "val_L_v" "trp_L_v" "cys_L_v" "CD" "pheme_c"
0 457000 1e+05 0.4963 224235600.199112 195370466.451958 120509812.093413 157438605.791629 18978882.6152 31300034.1459915 0 0 0 0 0 0 0 0 45700000 1000
1 374697.408288206 131820.96212483 0.594123778006275 286481267.873816 306349344.501261 167884243.940236 228163437.935093 43283805.4033431 33683411.7098479 0 82302.5917117942 232349702.092818 231317600.880049 131959598.897051 176889009.383035 29356001.5539638 29220817.6534725 48532264.0511584 769.209205276195
2 303017.538675639 205130.996041836 0.697811990463933 320331696.634867 359609400.702376 191868010.715215 263225976.033527 54094842.1136557 35798221.6563422 0 153982.461324361 454890805.562857 476174122.397598 264049778.960769 357398545.485271 65279556.4412046 54631077.6382037 52252900.4245988 1039.66691732932
3 240698.872118827 282737.311301007 0.803528833105397 347168637.827928 396732827.387795 209593074.245855 288574609.265627 60926869.5260279 38072890.3698561 0 216301.127881172 650737089.081949 698234029.921961 381877895.936504 519369529.226439 99078292.4447114 76286776.8825057 57057141.9651371 1264.02336967565
4 186859.601716916 352913.923413532 0.907130633814471 373245474.459791 430086984.757391 226108813.019581 311890049.12457 66623563.6759386 40619083.1404323 0 270140.398283084 816749277.365497 888797398.153913 482291323.755422 657756770.479171 128483406.56868 94414863.9462634 63165462.7398817 1413.23916304467
5 140922.24689517 411507.119755524 1.00479454237683 400231477.704538 463439073.071131 242861836.8936 335436102.391077 72088957.7681926 43427642.4777955 0 316077.75310483 953264168.749044 1046498768.54382 565065114.470563 772007564.417885 152967278.087705 109246248.860451 70824627.2983527 1499.80552572841
6 102512.508006937 456704.883173232 1.09354970544033 427967701.800286 497393719.754547 259923027.592969 359441142.641029 77539806.2387119 46415354.066143 0 354487.491993062 1061701669.9809 1172290225.89656 630896242.252323 862985198.262005 172557056.471886 121007877.005185 80308687.9787475 1538.6084821589
7 71333.0939191876 487630.541414556 1.1715637025403 455321133.639091 531069173.5191 276675028.639144 383141417.523903 82890347.133494 49440828.9483844 0 385666.906080812 1144163789.66851 1268289955.32295 680992087.615914 932305922.469603 187532166.262044 129955297.132639 91917618.0744424 1540.24465457569
8 47025.8367476341 504124.216179242 1.2381520628826 480600477.728916 562810056.398517 292122540.995693 405240129.373941 87905705.1894648 52322880.6822191 9737.47760380151 409974.163252365 1203516083.21383 1337642955.02003 717062870.433274 982296188.1445 198360810.177099 136407232.152681 105972234.045001 1511.73484214728
9 46373.1255806194 663589.110851041 1.2508957621688 436753924.867406 511441436.17228 265473234.746612 368262300.296953 79883826.9078626 47547196.3793187 7104.03867829095 410626.87441938 1249686289.11837 1391708622.56476 745126615.554264 1021226020.6837 206805510.528313 141433557.543715 0.316838888692003 205.765700559596
10 46373.1255764575 733864.940835954 1.26260437265614 395010261.196501 462559358.454301 240100078.848245 333064865.927119 72248764.2024629 43002774.3119921 6918.4876321926 410626.874423542 1291429952.8041 1440590700.29994 770499771.461655 1056423455.06599 214440573.23641 145977979.61264 1.67084534092351e-07 20.2147169226533
11 46373.1255764575 763448.151311352 1.27334293543952 357256334.886202 418349286.846729 217152015.027127 301231499.455388 65343438.4738406 38892694.8229285 6900.30673971085 410626.874423542 1329183879.1144 1484800771.90751 793447835.282772 1088256821.53772 221345898.965032 150088059.101703 2.81735579774925e-08 2.03382444102115
12 46373.1255764575 775901.456351752 1.28317583456637 323110818.513232 378364684.675306 196397260.078152 272440673.115011 59098103.5968947 35175444.7193348 6898.47802456871 410626.874423542 1363329395.48737 1524785374.07894 814202590.231748 1117047647.8781 227591233.841978 153805309.205297 3.33300101059995e-08 0.20510929899869
13 46373.1255764575 781143.781387551 1.29216607018506 292228830.801687 342201693.920644 177626183.949464 246401589.812332 53449679.5749049 31813478.5166273 6898.2936052938 410626.874423542 1394211383.19892 1560948364.8336 832973666.360436 1143086731.18077 233239657.863968 157167275.408004 -2.43673753442587e-08 0.0206900241766681
14 46373.1255764575 783350.582363192 1.30037468635432 264298453.220256 309495056.132756 160649192.417016 222851245.990187 48341115.4129154 28772839.2179294 6898.27500246179 410626.874423542 1422141760.78035 1593655002.62149 849950657.892883 1166637075.00292 238348222.025957 160207914.706702 -1.92575930308479e-08 0.00208719216680945
15 46373.1255764575 784279.554182142 1.30786033648487 239037579.497554 279914423.194829 145294812.117566 201551775.201329 43720812.8830228 26022815.3366999 6898.27312579684 410626.874423542 1447402634.50305 1623235635.55941 865305038.192333 1187936545.79178 242968524.55585 162957938.587932 -1.92575930308479e-08 0.000210527209877092
16 46373.1255764575 784670.612678686 1.31467896871455 216191066.926367 253161021.483603 131407959.018779 182288046.144329 39542105.4879177 23535630.7735979 16635.7505403465 410626.874423542 1470249147.07423 1649989037.27064 879191891.29112 1207200274.84878 247147231.950955 165445123.151034 0 2.12754016933189e-05
17 46373.1255764575 784835.286709165 1.31943823311033 195528135.580271 228964606.336603 118848357.578538 164865469.734282 35762782.7684677 21286161.6823169 16635.7505192472 410626.874423542 1490912078.42033 1674185452.41764 891751492.731361 1224622851.25883 250926554.670405 167694592.242315 0 1.76078047917309e-07
18 46373.1255764575 784904.485830762 1.32378602216903 176840214.724245 207080940.186199 107489231.7233 149108183.238697 32344696.4046564 19251702.0191734 16635.750518979 410626.874423542 1509599999.27635 1696069118.56804 903110618.586599 1240380137.75441 254344641.034216 169729051.905459 0 -9.21224402291243e-08
19 46373.1255764575 784933.702680982 1.32775547068932 159938373.374902 187288783.730397 97215743.0590671 134856883.77653 29253290.2560231 17411683.8211618 16635.7505189843 410626.874423542 1526501840.62569 1715861275.02385 913384107.250832 1254631437.21658 257436047.18285 171569070.10347 0 -8.68734927521447e-08
20 46373.1255764575 784946.058007173 1.33137745204257 144651893.971754 169388225.693431 87924123.9024142 121967625.665905 26457339.4811281 15747521.9287408 16635.7505189593 410626.874423542 1541788320.02884 1733761833.06081 922675726.407485 1267520695.3272 260231997.957745 173233231.995891 0 -1.11835050439566e-07
21 46373.1255764575 784951.072716689 1.33468066557004 130826483.761809 153198588.34652 79520590.1018937 110310312.298867 23928623.3935129 14242419.2682982 16635.7505189593 410626.874423542 1555613730.23879 1749951470.40772 931079260.208005 1279178008.69424 262760714.04536 174738334.656334 0 -1.11835050439566e-07
22 46373.1255764575 784953.30955617 1.33769175179009 118322465.344074 138556308.624751 71920241.192161 99767170.4441768 21641594.5059348 12881169.8658596 16635.7505189593 410626.874423542 1568117748.65652 1764593750.12949 938679609.117738 1289721150.54893 265047742.932938 176099584.058772 0 -1.11835050439566e-07
23 46373.1255764575 784954.18316078 1.34043536855789 107013539.509919 125313489.405805 65046308.4081244 90231707.0986847 19573152.2495233 11650024.1637603 16635.7505189593 410626.874423542 1579426674.49068 1777836569.34844 945553541.901775 1299256613.89442 267116185.189349 177330729.760872 0 -1.11835050439566e-07
24 46373.1255764575 784954.598438983 1.34293429718431 96785488.1432843 113336380.59841 58829366.265522 81607615.7983597 17702405.7296726 10536547.8119344 26373.2281227608 410626.874423542 1589654725.85731 1789813678.15583 951770484.044377 1307880705.19475 268986931.7092 178444206.112697 0 0
25 46373.1255764575 784954.778428465 1.34475861769287 87535171.4768032 102504204.923313 53206723.0605939 73807931.1244158 16010490.3206644 9529512.50424839 26373.2281227608 410626.874423542 1598905042.52379 1800645853.83093 957393127.249305 1315680389.8687 270678847.118208 179451241.420383 0 0
26 46373.1255764575 784954.854592422 1.34642200050269 79168825.5389607 92707164.2138053 48121386.0031133 66753593.1443165 14480256.2627731 8618710.63016209 26373.2281227608 410626.874423542 1607271388.46163 1810442894.54043 962478464.306786 1322734727.84879 272209081.176099 180362043.294469 0 0
27 46373.1255764575 784954.886697537 1.3479382677366 71602112.7714848 83846498.6889914 43522091.9832822 60373490.0913615 13096277.9203645 7794960.78518892 26373.2281227608 410626.874423542 1614838101.22911 1819303560.06525 967077758.326617 1329114830.90175 273593059.518508 181185793.139443 0 0
28 46373.1255764575 784954.900344389 1.34932014481528 64758562.3829034 75832660.5985495 39362359.5679186 54603143.3015486 11844568.5170831 7049937.98005598 26373.2281227608 410626.874423542 1621681651.61769 1827317398.15569 971237490.741981 1334885177.69156 274844768.92179 181930815.944575 0 0
29 46373.1255764575 784954.905241226 1.35057929224338 58569119.5545405 68584786.3402833 35600214.9932049 49384327.1129566 10712497.6840458 6376124.56503519 26373.2281227608 410626.874423542 1627871094.44605 1834565272.41396 974999635.316694 1340103993.88015 275976839.754827 182604629.359596 0 0
30 46373.1255764575 784954.907852003 1.3517264106409 52971249.498523 62029647.3067332 32197647.582017 44664313.4251162 9688627.58890406 5766712.69325846 26373.2281227608 410626.874423542 1633468964.50207 1841120411.44751 978402202.727882 1344824007.56799 277000709.849969 183214041.231373 0 0
31 46373.1255764575 784954.909063288 1.35277130177214 47908399.324205 56101019.7275681 29120282.6488415 40395417.955387 8762614.50932297 5215545.73683015 26373.2281227608 410626.874423542 1638531814.67639 1847049039.02667 981479567.661058 1349092903.03772 277926722.92955 183765208.187801 0 0
32 46373.1255764575 784954.907702893 1.3537229421199 43329396.3662343 50738980.1081831 26337015.784014 36534492.9210428 7925098.78507137 4717052.78583918 36110.7057265623 410626.874423542 1643110817.63436 1852411078.64606 984262834.525885 1352953828.07207 278764238.653801 184263701.138792 0 0
33 46373.1255764575 784954.908979621 1.35442834654156 39188171.8578923 45889581.6495416 23819844.8933911 33042694.0460792 7167654.27690498 4266218.56606956 36110.7057265623 410626.874423542 1647252042.1427 1857260477.1047 986780005.416508 1356445626.94703 279521683.161967 184714535.358562 0 0
34 46373.1255764575 784954.909519882 1.35507105804333 35442685.3613084 41503594.7495779 21543216.4320674 29884573.6619711 6482591.64107491 3858466.34714406 36110.7057265623 410626.874423542 1650997528.63929 1861646464.00466 989056633.877832 1359603747.33114 280206745.797797 185122287.577487 0 0
35 46373.1255764575 784954.909747614 1.35565658679315 32055182.5508046 37536808.8690224 19484182.0934733 27028298.0655077 5863005.47880678 3489686.0060965 36110.7057265623 410626.874423542 1654385031.44979 1865613249.88522 991115668.216426 1362460022.9276 280826331.960065 185491067.918535 0 0
36 46373.1255764575 784954.909844419 1.35618997982297 28991428.5937136 33949134.8157935 17621932.8333123 24445001.1206098 5302634.1189597 3156150.5694089 36110.7057265623 410626.874423542 1657448785.40688 1869200923.93845 992977917.476587 1365043319.8725 281386703.319912 185824603.355222 0 0
37 46373.1255764575 784954.909879157 1.35667584001858 26220508.6739951 30704371.1569689 15937677.6213303 22108616.0637753 4795823.13309506 2854494.49702403 36110.7057265623 410626.874423542 1660219705.3266 1872445687.59727 994662172.688569 1367379704.92934 281893514.305777 186126259.427607 0 0
38 46373.1255764575 784954.909897672 1.3571183743371 23714426.9478087 27769734.5933831 14414399.6734743 19995537.3513227 4337451.98304215 2581670.02266186 36110.7057265623 410626.874423542 1662725787.05278 1875380324.16086 996185450.636425 1369492783.64179 282351885.45583 186399083.901969 0 0
39 46373.1255764575 784954.909906267 1.35752142228367 21447865.5337816 25115577.7358019 13036709.9583416 18084417.4447363 3922889.93937164 2334920.91630588 36110.7057265623 410626.874423542 1664992348.46681 1878034481.01844 997563140.351558 1371403903.54838 282766447.499501 186645833.008325 0 0
40 46373.1255764575 784954.909896636 1.35788848883675 19397915.1916073 22715073.727964 11790683.4948766 16355939.7241693 3547946.82156531 2111753.16454093 45848.1833303638 410626.874423542 1667042298.80899 1880434985.02628 998809166.815023 1373132381.26894 283141390.617307 186869000.76009 0 0
41 46373.1255764575 784954.90990568 1.35816211809601 17543952.1191366 20544071.9752439 10663784.4656372 14792714.606179 3208850.46377126 1909921.55807397 45848.1833303638 410626.874423542 1668896261.88146 1882605986.779 999936065.844262 1374695606.38693 283480486.975101 187070832.366557 0 0
42 46373.1255764575 784954.909909508 1.358411359884 15867154.4357841 18580531.9438538 9644572.31968936 13378871.8520666 2902158.27792066 1727377.05372194 45848.1833303638 410626.874423542 1670573059.56481 1884569526.81039 1000955277.99021 1376109449.14104 283787179.160952 187253376.870909 0 0
43 46373.1255764575 784954.909911121 1.35863837614269 14350620.6400295 16804661.8752797 8722773.77492809 12100160.4489072 2624778.92002081 1562279.67028232 45848.1833303638 410626.874423542 1672089593.36057 1886345396.87896 1001877076.53497 1377388160.5442 284064558.518852 187418474.254349 0 0
44 46373.1255764575 784954.909911807 1.35884514335961 12979024.3112472 15198514.4400762 7889072.93462316 10943657.4609386 2373909.13390692 1412960.8976633 45848.1833303638 410626.874423542 1673461189.68935 1887951544.31417 1002710777.37528 1378544663.53217 284315428.304965 187567793.026968 0 0
45 46373.1255764575 784954.909912053 1.35903346092409 11738525.3494213 13745882.7990466 7135057.33603243 9897693.188639 2147017.51667429 1277914.03399936 45848.1833303638 410626.874423542 1674701688.65118 1889404175.9552 1003464792.97387 1379590627.80447 284542319.922198 187702839.890631 0 0
46 46373.1255764575 784954.909912184 1.35920497097439 10616590.4463433 12432090.3739503 6453108.82695906 8951699.79357942 1941811.68222971 1155774.64125632 45848.1833303638 410626.874423542 1675823623.55425 1890717968.38029 1004146741.48294 1380536621.19953 284747525.756643 187824979.283374 0 0
47 46373.1255764575 784954.909912245 1.35936117017004 9601885.16746582 11243864.4747141 5836337.96959389 8096120.30397032 1756218.52268356 1045308.79672716 45848.1833303638 410626.874423542 1676838328.83313 1891906194.27953 1004763512.3403 1381392200.68914 284933118.916189 187935445.127904 0 0
48 46373.1255764575 784954.909912176 1.35950342313255 8684153.38945262 10169195.1200875 5278510.75873848 7322306.95877985 1588362.15705411 945399.968006349 55585.6609341653 410626.874423542 1677756060.61114 1892980863.63416 1005321339.55116 1382166014.03433 285100975.281818 188035353.956625 0 0
49 46373.1255764575 784954.90991224 1.35960969421726 7854162.27392014 9197270.60156851 4774015.17505652 6622474.81067773 1436553.86677171 855043.022558681 55585.6609341653 410626.874423542 1678586051.72667 1893952788.15268 1005825835.13484 1382865846.18243 285252783.572101 188125710.902073 0 0
50 46373.1255764575 784954.909912268 1.35970648350568 7103485.28739991 8318223.39849224 4317729.29755267 5989518.77274443 1299252.40926771 773320.606197255 55585.6609341653 410626.874423542 1679336728.71319 1894831835.35576 1006282121.01235 1383498802.22037 285390085.029604 188207433.318434 0 0
51 46373.1255764575 784954.909912279 1.35979463431726 6424556.02254228 7523193.20298 3905054.01784998 5417058.99944929 1175073.86206169 699409.002326399 55585.6609341653 410626.874423542 1680015657.97805 1895626865.55127 1006694796.29205 1384071261.99366 285514263.57681 188281344.922305 0 0
52 46373.1255764575 784954.909912284 1.35987491707859 5810513.07151753 6804145.26577186 3531818.74919981 4899310.08696012 1062763.24956167 632561.244091452 55585.6609341653 410626.874423542 1680629700.92908 1896345913.48848 1007068031.5607 1384589010.90615 285626574.18931 188348192.68054 0 0
53 46373.1255764575 784954.909912286 1.35994803271361 5255160.4295901 6153824.0285773 3194257.35848691 4431047.68621752 961187.300738739 572102.803715662 55585.6609341653 410626.874423542 1681185053.571 1896996234.72567 1007405592.95141 1385057273.30689 285728150.138133 188408651.120916 0 0
54 46373.1255764575 784954.909912286 1.36001462052216 4752887.12606457 5565659.01143635 2888959.31530555 4007540.73733276 869319.749344787 517422.843126733 55585.6609341653 410626.874423542 1681687326.87453 1897584399.74281 1007710890.99459 1385480780.25578 285820017.689527 188463331.081505 0 0
55 46373.1255764575 784954.909912287 1.36007526286581 4298618.90539767 5033708.23101516 2612840.32216852 3624510.72805382 786232.496218194 467968.95372326 55585.6609341653 410626.874423542 1682141595.0952 1898116350.52323 1007987009.98773 1385863810.26506 285903104.942654 188512784.970908 0 0
56 46373.1255764575 784954.909912287 1.36013049048366 3887764.25543253 4552594.99934824 2363109.5087132 3278086.18583642 711085.737658292 423241.280740875 55585.6609341653 410626.874423542 1682552449.74516 1898597463.7549 1008236740.80119 1386210234.80727 285978251.701214 188557512.64389 0 0
57 46373.1255764575 784954.909912286 1.36018078541198 3516184.8486947 4117473.31042083 2137251.46496037 2964777.75452747 643122.559034592 382789.305345274 55585.6609341653 410626.874423542 1682924029.1519 1899032585.44383 1008462598.84494 1386523543.23858 286046214.879838 188597964.619286 0 0
58 46373.1255764575 784954.909912284 1.36022658772878 3180128.09464977 3723948.85846253 1932985.24438355 2681421.3237582 581656.598357791 346204.501936773 55585.6609341653 410626.874423542 1683260085.90594 1899426109.89579 1008666865.06552 1386806899.66935 286107680.840514 188634549.422695 0 0
59 46373.1255764575 784954.909912285 1.36026830009634 2876181.29229751 3368025.35036318 1748236.49636521 2425139.37131527 526063.660628213 313115.346974533 55585.6609341653 410626.874423542 1683564032.7083 1899782033.40388 1008851613.81353 1387063181.62179 286163273.778244 188667638.577657 0 0
60 46373.1255764575 784954.909912286 1.36030628674528 2601284.28954991 3046119.32987962 1581145.16097833 2193351.63727878 475784.03328052 283188.697139182 55585.6609341653 410626.874423542 1683838929.71104 1900103939.42437 1009018705.14892 1387294969.35583 286213553.405591 188697565.227492 0 0
61 46373.1255764575 784954.909912287 1.36034088022501 2352661.14064921 2754980.14806686 1430023.92814316 1983717.49890435 430309.986085415 256122.349220704 55585.6609341653 410626.874423542 1684087552.85994 1900395078.60618 1009169826.38175 1387504603.49421 286259027.452787 188724631.575411 0 0
62 46373.1255764575 784954.909912287 1.36037238348162 2127800.6659775 2491667.19869987 1293346.42124753 1794119.57903769 389182.215470543 231642.923762983 55585.6609341653 410626.874423542 1684312413.33461 1900658391.55555 1009306503.88865 1387694201.41407 286300155.223401 188749111.000868 0 0
63 46373.1255764575 784954.909912287 1.36040107243971 1924431.71180576 2253520.94729298 1169732.15921794 1622642.88562275 351985.319441692 209503.171717497 55585.6609341653 410626.874423542 1684515782.28879 1900896537.80696 1009430118.15068 1387865678.10749 286337352.11943 188771250.752914 0 0
64 46373.1255764575 784954.909912284 1.36042719841145 1740500.36651575 2038136.25116059 1057932.70779856 1467555.60086905 318343.630349749 189479.49408834 55585.6609341653 410626.874423542 1684699713.63408 1901111922.50309 1009541917.6021 1388020765.39224 286370993.808522 188791274.430543 0 0
65 46373.1255764575 784954.909912293 1.36045099028947 1574148.46621575 1843337.18936573 956818.614565636 1327290.95761064 287917.283492326 171369.60194705 55585.6609341653 410626.874423542 1684866065.53438 1901306721.56488 1009643031.69533 1388161030.0355 286401420.15538 188809384.322684 0 0
66 46373.1255764575 784954.909912347 1.36047265659615 1423695.74912881 1667156.16540284 865368.561784504 1200432.19223794 260398.953088682 154990.573670877 55585.6609341653 410626.874423542 1685016518.25146 1901482902.58885 1009734481.74811 1388287888.80087 286428938.485783 188825763.35096 0 0
67 46373.1255764575 784954.909912574 1.360492387032 1287622.92560042 1507814.08207644 782659.075809868 1085698.26966204 235510.755724677 140177.011859945 55585.6609341653 410626.874423542 1685152591.07499 1901642244.67217 1009817191.23409 1388402622.72345 286453826.683147 188840576.912771 0 0
68 46373.1255764575 784954.909912943 1.36051035460082 1164555.420612 1363701.30388788 707854.645256917 981930.175322424 213001.276801367 126779.273466703 55585.6609341653 410626.874423542 1685275658.57998 1901786357.45036 1009891995.66464 1388506390.81779 286476336.162071 188853974.651165 0 0
69 46373.1255764575 784954.909913323 1.36052671669283 1053250.62982668 1233362.73378949 640199.974811669 888080.169736076 192643.239621031 114662.082425928 55585.6609341653 410626.874423542 1685386963.37077 1901916696.02046 1009959650.33509 1388600240.82337 286496694.199251 188866091.842205 0 0
70 46373.1255764575 784954.90991322 1.36054161678976 952584.006415838 1115481.52077584 579011.528351775 803200.057183783 174230.960618865 103703.014997719 55585.6609341653 410626.874423542 1685487629.99418 1902034577.23347 1010020838.78155 1388685120.93593 286515106.478253 188877050.909633 0 0
71 46373.1255764575 784954.90991229 1.36055518549886 861538.77011782 1008867.00913058 523671.27377789 726432.508591375 157578.467113688 93791.3794446414 55585.6609341653 410626.874423542 1685578675.23047 1902141191.74512 1010076179.03612 1388761888.48452 286531758.971758 188886962.545187 0 0
72 46373.1255764575 784954.909910953 1.36056754175568 779195.373388503 912442.403226199 473620.280197482 657002.179595464 142517.570629871 84827.0692646783 55585.6609341653 410626.874423542 1685661018.6272 1902237616.35102 1010126230.0297 1388831318.81351 286546819.868242 188895926.855367 0 0
