"Time" "IECs" "pheme_e" "BiomassCD" "pro_L_e" "leu_L_e" "ile_L_e" "val_L_e" "trp_L_e" "cys_L_e" "Drug" "Damage" "pro_L_v" "leu_L_v" "ile_L_v" "val_L_v" "trp_L_v" "cys_L_v" "CD" "pheme_c"
0 457000 1e+05 0.4963 224235600.199112 195370466.451958 120509812.093413 157438605.791629 18978882.6152 31300034.1459915 0 0 0 0 0 0 0 0 45700000 1000
1 350112.557148699 145030.405772395 0.59412377791125 350536671.419981 379980018.693076 206687041.842157 281625463.692127 54689378.8737252 40638064.1110042 0 106887.442851302 256337696.146385 259935322.577446 146749599.238845 197408243.791418 33979674.8717025 31706748.0898871 48532264.0530756 844.105479271569
2 263316.976787955 239013.745612158 0.697812004779492 409015065.641195 461360146.862302 245523129.12846 337142636.264825 69806917.8051666 45464969.3300899 0 193683.023212045 508297963.937585 539538013.128553 296886755.637497 402912774.891174 75451978.5975967 60209345.729327 52252899.7362427 1210.68286472827
3 193334.806157765 333022.104989622 0.803529048304041 448257250.506577 512851131.211582 270753326.680162 372877837.433663 78856967.2110233 49105045.7715545 0 263665.193842236 719024327.882816 779102876.430236 423819171.282813 577489491.437355 112029001.687241 83442422.8098555 57057131.0654862 1488.84683171706
4 137648.178122828 412476.256208689 0.907130887441178 481420694.719238 554633189.965674 291574014.079194 402212667.948502 85867516.2519758 52437377.9546209 0 319351.821877173 884330887.55458 968921503.673446 523812661.354714 715314784.265334 141324330.39032 101493755.792205 63165448.5959741 1652.0479569749
5 94265.9967466258 473188.949162669 1.00479480843104 511909578.115244 592407433.112953 310460368.158116 428826166.09558 92025655.2248144 55654214.7957347 0 362734.003253375 1007876493.26537 1111573752.86979 598691924.066157 818672110.026985 163448949.292522 114935676.599553 70824613.9310539 1724.97881690972
6 61506.1396538506 514449.495778347 1.09354994324217 539780753.586649 627021022.109985 327604891.927361 453120004.223233 97578952.8169423 58702884.8506768 0 395493.86034615 1095544101.35682 1213208409.52161 651880396.764003 892184787.953566 179251880.719032 124466791.668236 80308676.3050233 1733.49068140593
7 37810.2231473783 537076.646145185 1.17156397680342 563836570.885998 657529300.951046 342348570.675093 474278887.015194 102429999.634517 61438185.2459641 0 419189.776852622 1154016075.30776 1281251447.43097 687375925.041614 941315082.075923 189846422.695512 130830723.211434 91917613.3739431 1696.71331969537
8 21617.7139589722 542905.108423965 1.23815289505475 582658723.677285 682595908.991681 353862830.297885 491235978.024266 106394272.777387 63707993.3975878 9737.47760380151 435382.286041028 1190196757.83272 1323529485.10491 709346683.980656 971779893.186722 196434371.981679 134778838.588158 105972246.23098 1628.24587538164
9 20677.9642451063 702278.214275671 1.25089650720968 560265011.981951 656277944.294888 340241901.520634 472311311.457989 102303035.849865 61252355.4316867 6081.26822125154 436322.035754894 1215957592.75283 1353705327.08666 724991004.777373 993496832.979392 201138247.167825 137595235.851628 38596.9856671704 743.032131065769
10 20676.9559370002 778573.371482389 1.26260503687153 535726305.047698 627533936.603175 325339831.338925 451624787.82399 97822325.0567771 58569593.098135 5475.49842218187 436323.044063 1240499912.45503 1382453474.86666 739895246.360502 1014186353.1429 205619615.294695 140278385.26485 630.022120449103 161.41617826884
11 20676.9364861455 810977.260202464 1.27334352496241 512259349.43867 600045437.732117 311088644.634677 431841814.270936 93537315.7871366 56004010.4355505 5349.96767525986 436323.063513855 1263966937.75647 1409942053.63945 754146474.971542 1033969384.5274 209904637.244748 142843975.394505 16.4753357548221 36.4721747314082
12 20676.9359596709 824733.807092839 1.28317635530203 489820283.278911 573760979.842466 297461682.644638 412925366.843305 89439996.6844987 53550804.4593347 5321.82798558337 436323.06404033 1286406005.80259 1436226513.69277 767773438.096371 1052885833.52105 214001956.690607 145297181.572833 0.474302346463947 8.34932615207244
13 20676.9359443932 830573.800342801 1.2921665277702 468364138.95183 548627887.535718 284431636.702039 394837536.326533 85522156.7276746 51205058.8285579 5315.39611369136 436323.064055607 1307862150.18441 1461359606.06233 780803484.071915 1070973664.08329 217919796.657391 147642927.209475 0.0139644845104852 1.91795241691392
14 20676.9359439425 833053.017845931 1.30037508612943 447847862.006864 524595728.059074 271972360.371549 377542027.191951 81775934.2771622 48962066.5058267 5313.91910151027 436323.064056058 1328378427.13099 1485391765.54083 793262760.403377 1088269173.21921 221666019.108197 149885919.532379 0.000413741401993765 0.440955036034167
15 20676.9359439291 834105.505032333 1.30786068347711 428230282.43015 501616276.075789 260058851.622514 361004132.539953 78193811.7881689 46817326.4782328 5313.57954684415 436323.064056072 1347996006.70775 1508371217.52417 805176269.152441 1104807067.87125 225248141.597199 152030659.559978 1.22770152836706e-05 0.101400810185876
16 20676.9359439287 834552.311341612 1.31467926773619 409472033.579512 479643418.66654 248667203.589444 345190665.739183 74768601.0072343 44766534.8910136 15050.9790685668 436323.064056072 1366754255.55839 1530344074.93342 816567917.185511 1120620534.67202 228673352.378134 154081451.147197 4.97661101661487e-07 0.0233187445228387
17 20676.9359439287 834741.990910045 1.31943850130883 391535476.103543 458633066.209314 237774558.368767 330069896.288645 71493429.0800075 42805576.7297116 15050.9561125334 436323.064056072 1384690813.03436 1551354427.39065 827460562.406188 1135741304.12256 231948524.305361 156042409.308499 -2.32757271670308e-08 0.000362711192447887
18 20676.9359439287 834822.516276622 1.32378627686869 374384608.615442 438543047.74535 227359052.772166 315611474.514469 68361722.2405057 40930516.0543698 15050.9557553975 436323.064056072 1401841680.52246 1571444445.85461 837876068.002789 1150199725.89673 235080231.144863 157917469.983841 -2.32757271670308e-08 5.57525202569361e-06
19 20676.9359439287 834856.723001949 1.32775574744633 357984972.201474 419332999.123173 217399760.335768 301786351.069209 65367188.3745887 39137585.5596836 15050.9557499181 436323.064056072 1418241316.93643 1590654494.47679 847835360.439187 1164024849.34199 238074765.01078 159710400.478527 -2.32757271670308e-08 9.58626280109336e-08
20 20676.9359439287 834871.128078913 1.3313776130773 342303838.049491 400964582.781095 207876805.264583 288566935.105317 62503851.2804747 37423207.0879507 15050.9557498328 436323.064056072 1433922451.08841 1609022910.81887 857358315.510372 1177244265.30589 240938102.104894 161424778.95026 -2.32757271670308e-08 1.05523265822769e-08
21 20676.9359439287 834877.38362179 1.33468075047179 327309570.851175 383400742.055442 198770975.83471 275926557.614304 59765934.4275303 35783922.0314579 15050.955749725 436323.064056072 1448916718.28673 1626586751.54452 866464144.940245 1189884642.7969 243676018.957838 163064064.006753 -2.32757271670308e-08 -9.72499354871985e-08
22 20676.9359439287 834880.15591124 1.33769179444557 312972085.369438 366606235.990092 190064001.660965 263839856.319463 57147944.3243726 34216441.2478334 15050.955749736 436323.064056072 1463254203.76846 1643381257.60987 875171119.11399 1201971344.09174 246294009.060996 164631544.790377 -2.32757271670308e-08 -8.62137856563841e-08
23 20676.9359439287 834881.178162399 1.34043537439264 299262639.068014 350547396.42892 181738427.763443 252282600.859707 54644632.6535349 32717622.3887671 15050.955749736 436323.064056072 1476963650.06989 1659440097.17104 883496693.011512 1213528599.5515 248797320.731833 166130363.649444 -2.32757271670308e-08 -8.62147856563843e-08
24 20676.9359439287 834881.613871351 1.34293428090589 286153714.972647 335191990.802857 173777543.430598 241231594.039908 52250974.8822031 31284457.0935237 24788.4333535375 436323.064056072 1490072574.16526 1674795502.7971 891457577.344357 1224579606.3713 251190978.503165 167563528.944687 0 0
25 20676.9359439287 834881.788712111 1.34475873768814 273618894.861673 320509073.589098 166165305.209481 230664564.928779 49962147.1071241 29914057.125191 24788.4333535375 436323.064056072 1502607394.27623 1689478420.01086 899069815.565474 1235146635.48243 253479806.278244 168933928.91302 0 0
26 20676.9359439287 834881.858862338 1.34642183249721 261633687.676244 306469956.686307 158886839.988822 220560867.220307 47773677.3203043 28603744.9386607 24788.4333535375 436323.064056072 1514592601.46166 1703517536.91365 906348280.786133 1245250333.1909 255668276.065064 170244241.09955 0 0
27 20676.9359439287 834881.894894621 1.34793806744896 250173114.559251 293045380.60071 151926978.42362 210899443.38771 45681004.4429703 27350789.659083 24788.4333535375 436323.064056072 1526053174.57866 1716942112.99925 913308142.351334 1254911757.0235 257760948.942398 171497196.379128 0 0
28 20676.9359439287 834881.91202883 1.34931993487499 239214527.279371 280208815.864583 145271966.52853 201661200.654417 43679992.9629685 26152715.212991 24788.4333535375 436323.064056072 1537011761.85854 1729778677.73537 919963154.246425 1264149999.75679 259761960.4224 172695270.82522 0 0
29 20676.9359439287 834881.914098148 1.35057905868343 228735988.89452 267934566.193359 138908482.275192 192827645.870661 41766637.2478368 25007123.2903593 24788.4333535375 436323.064056072 1547490300.24339 1742052927.4066 926326638.499763 1272983554.54055 261675316.137531 173840862.747851 0 0
30 20676.9359439287 834881.915220844 1.35172619154115 218716418.546383 256197938.09366 132823723.524128 184381007.577298 39937087.9839351 23911709.1746216 24788.4333535375 436323.064056072 1557509870.59152 1753789555.5063 932411397.250827 1281430192.83391 263504865.401433 174936276.863589 0 0
31 20676.9359439287 834881.920413885 1.35277111734062 209135732.689641 244975406.295025 127005493.791468 176304355.064021 38187677.9645588 22864277.1829019 24788.4333535375 436323.064056072 1567090556.44827 1765012087.30493 938229626.983487 1289506845.34719 265254275.420809 175983708.855309 0 0
32 20676.9359439287 834881.927404142 1.35372279727181 199974705.122588 234244449.793922 121442117.24731 168581480.37321 36514896.5318696 21862725.3635189 34525.910957339 436323.064056072 1576251584.01532 1775743043.80603 943793003.527645 1297229720.038 266927056.853498 176985260.674692 0 0
33 20676.9359439287 834881.921208069 1.35442826683072 191214939.645947 223983519.827096 116122422.111763 161196875.250932 34915384.5844615 20905042.5068434 34525.910957339 436323.064056072 1585011349.49196 1786003973.77286 949112698.663192 1304614325.16028 268526568.800906 177942943.531368 0 0
34 20676.9359439287 834881.9187209 1.35507087601907 182839233.585081 214172465.690722 111035961.417401 154136037.60126 33386000.9556352 19989347.8882565 34525.910957339 436323.064056072 1593387055.55283 1795815027.90923 954199159.357554 1311675162.80995 270055952.429733 178858638.149954 0 0
35 20676.9359439287 834881.9174455 1.3556564030499 174830165.302551 204790880.194431 106172155.22345 147384280.739554 31923564.4966141 19113736.8444933 34525.910957339 436323.064056072 1601396123.83536 1805196613.40552 959062965.551505 1318426919.67165 271518388.888753 179734249.193718 0 0
36 20676.9359439287 834881.916837591 1.35618980297049 167171901.80281 195820217.035937 101521388.351328 140928257.228565 30525184.1407814 18276478.3944625 34525.910957339 436323.064056072 1609054387.3351 1814167276.56401 963713732.423627 1324882943.18265 272916769.244586 180571507.643748 0 0
37 20676.9359439287 834881.916763655 1.35667566340575 159849114.348675 187242520.586278 97074351.8522017 134755044.727916 29188060.8978757 17475896.6863557 34525.910957339 436323.064056072 1616377174.78923 1822744973.01367 968160768.922753 1331056155.68329 274253892.487492 181372089.351855 0 0
38 20676.9359439287 834881.91672429 1.3571182130518 152847070.196885 179040533.346126 92822098.7168306 128852223.328461 27909504.6046814 16710381.0268629 34525.910957339 436323.064056072 1623379218.94102 1830946960.25383 972413022.058124 1336958977.08275 275532448.780686 182137605.011348 0 0
39 20676.9359439287 834881.916541351 1.35752128422783 146151734.958915 171197815.848217 88756106.0380008 123207961.84389 26686952.6158647 15978397.0720187 34525.910957339 436323.064056072 1630074554.17899 1838789677.75173 976479014.736954 1342603238.56732 276755000.769503 182869588.966192 0 0
40 20676.9359439287 834881.916294261 1.35788837485128 139749672.298145 163698629.165586 84868214.0978814 117810933.254034 25517951.4889209 15278475.8613504 44263.3885611405 436323.064056072 1636476616.83976 1846288864.43437 980366906.677074 1348000267.15718 277924001.896447 183569510.176861 0 0
41 20676.9359439287 834881.916512697 1.35816203460874 133628038.334696 156527928.357557 81150622.9701506 112650309.988064 24400155.9625102 14609213.2061719 44263.3885611405 436323.064056072 1642598250.80321 1853459565.2424 984084497.804805 1353160890.42315 279041797.422858 184238772.832039 0 0
42 20676.9359439287 834881.916600404 1.35841124169987 127774785.42613 149671601.17242 77596016.2734461 107715935.714477 23331366.16632 13969291.9684096 44263.3885611405 436323.064056072 1648451503.71178 1860315892.42754 987639104.501509 1358095264.69674 280110587.219048 184878694.069802 0 0
43 20676.9359439287 834881.916645335 1.35863826206726 122177754.30212 143115404.600862 74197009.8361964 102997559.997899 22309361.8470559 13357382.8059969 44263.3885611405 436323.064056072 1654048534.83578 1866872088.99909 991038110.938759 1362813640.41332 281132591.538312 185490603.232214 0 0
44 20676.9359439287 834881.916666781 1.35884503647262 116825877.887534 136846374.998686 70946882.7632005 98485853.1388118 21332122.1836186 12772275.7837869 44263.3885611405 436323.064056072 1659400411.25037 1873141118.60127 994288238.011755 1367325347.2724 282109831.201749 186075710.254424 0 0
45 20676.9359439287 834881.9166694 1.35903335818404 111708444.584846 130851965.117644 67839130.0363273 94171785.1103103 20397691.2642588 12212799.8300946 44263.3885611405 436323.064056072 1664517844.55306 1879135528.48231 997395990.738628 1371639415.3009 283044262.121109 186635186.208117 0 0
46 20676.9359439287 834881.916670779 1.35920487807343 106815158.32285 125120114.444717 64867498.9813415 90046676.1800013 19504189.0513261 11677829.3016695 44263.3885611405 436323.064056072 1669411130.81505 1884867379.15524 1000367621.79361 1375764524.23121 283937764.334042 187170156.736542 0 0
47 20676.9359439287 834881.916677205 1.35936108994903 102136211.668464 119639334.843117 62026033.6677784 86102258.5442802 18649824.7313072 11166291.9768229 44263.3885611405 436323.064056072 1674090077.46944 1890348158.75684 1003209087.10718 1379708941.86693 284792128.654061 187681694.061388 0 0
48 20676.9359439287 834881.916685903 1.35950335557066 97662214.6612751 114398627.191186 59309031.691063 82330616.3348574 17832883.7201866 10677161.2750903 54000.866164942 436323.064056072 1678564074.47663 1895588866.40877 1005926089.08389 1383480584.07636 285609069.665181 188170824.763121 0 0
49 20676.9359439287 834881.916678226 1.35960964067916 93384197.1267829 109387484.092055 56711045.5773124 78724187.5688535 17051728.085839 10209456.5101322 54000.866164942 436323.064056072 1682842092.01112 1900600009.5079 1008524075.19764 1387087012.84236 286390225.299528 188638529.528079 0 0
50 20676.9359439287 834881.916675143 1.35970641865573 89293727.7711765 104596029.377742 54226955.1080925 75275864.547366 16304818.2944472 9762255.91006286 54000.866164942 436323.064056072 1686932561.36673 1905391464.22221 1011008165.66686 1390535335.86385 287137135.09092 189085730.128148 0 0
51 20676.9359439287 834881.916673565 1.35979457303135 85382316.4500428 100014317.944413 51851604.3257404 71978489.9596099 15590604.0662165 9334631.26900997 54000.866164942 436323.064056072 1690843972.68786 1909973175.65554 1013383516.44921 1393832710.45161 287851349.319151 189513354.769201 0 0
52 20676.9359439287 834881.916672811 1.35987486041241 81642228.0117947 95633289.0644809 49580295.7702178 68825542.9643383 14907672.9812128 8925736.92254468 54000.866164942 436323.064056072 1694584061.12611 1914354204.53548 1015654825.00473 1396985657.44688 288534280.404155 189922249.115667 0 0
53 20676.9359439287 834881.916672718 1.35994797931049 78065977.1052323 91444174.6191355 47408483.6821124 65810713.3055335 14254658.2324471 8534754.51627844 54000.866164942 436323.064056072 1698160312.03267 1918543318.98082 1017826637.09284 1400000487.10568 289187295.15292 190313231.521933 0 0
54 20676.9359439287 834881.91667267 1.36001457248276 74646368.3268916 87438546.1257625 45331798.3836162 62927935.1571846 13630245.9566843 8160897.39507048 54000.866164942 436323.064056072 1701579920.81101 1922548947.47419 1019903322.39134 1402883265.25403 289811707.428683 190687088.643141 0 0
55 20676.9359439287 834881.916672445 1.36007522116924 71376548.0218513 83608375.4158739 43346077.7365029 60171430.7920942 13033184.6931452 7803416.26627806 54000.866164942 436323.064056072 1704849741.11605 1926379118.18408 1021889043.03845 1405639769.61912 290408768.692222 191044569.771933 0 0
56 20676.9359439287 834881.91667214 1.36013045499124 68249954.0711891 79945975.8176202 41447336.6486823 57535668.2519997 12462276.2148173 7461593.71014695 54000.866164942 436323.064056072 1707976335.06672 1930041517.78234 1023787784.12627 1408275532.15922 290979677.17055 191386392.328064 0 0
57 20676.9359439287 834881.91667209 1.3601807589622 65260303.5759357 76443987.7291394 39631759.5948221 55015350.9649741 11916373.279575 7134742.83332948 54000.866164942 436323.064056072 1710965985.56197 1933543505.87082 1025603361.18013 1410795849.44624 291525580.105793 191713243.204882 0 0
58 20676.9359439287 834881.916672776 1.36022656638873 62401628.6825763 73095420.5834887 37895722.372722 52605447.9468257 11394386.1718291 6822211.18559537 54000.866164942 436323.064056072 1713824660.45533 1936892073.01647 1027339398.40223 1413205752.46439 292047567.213539 192025774.852616 0 0
59 20676.9359439287 834881.916673938 1.36026828225972 59668177.1358822 69893536.3591755 36235731.7103031 50301109.9657412 10895264.5437151 6523369.88752608 54000.866164942 436323.064056072 1716558112.00202 1940093957.24078 1028999389.06465 1415510090.44548 292546688.841653 192324616.150685 0 0
60 20676.9359439287 834881.916675012 1.36030627167582 57054463.7390376 66831909.8590262 34648456.5166936 48097712.9238942 10418006.8115872 6237619.25651935 54000.866164942 436323.064056072 1719171825.39887 1943155583.74093 1030586664.25826 1417713487.48732 293023946.57378 192610366.781692 0 0
61 20676.9359439287 834881.916674777 1.36034086781096 54555241.6624814 63904395.1022131 33130710.4584502 45990833.6703958 9961654.91708305 5964385.67005803 54000.866164942 436323.064056072 1721671047.47542 1946083098.49774 1032104410.3165 1419820366.74082 293480298.468285 192883600.368153 0 0
62 20676.9359439287 834881.916672934 1.36037237407804 52165493.7324745 61105115.11994 31679446.6692149 43976242.6574353 9525292.73643645 5703120.61331122 54000.866164942 436323.064056072 1724060795.40543 1948882378.48002 1033555674.10574 1421834957.75378 293916660.648931 193144865.4249 0 0
63 20676.9359439287 834881.916669999 1.36040106546896 49880427.5874687 58428456.281756 30291754.808239 42049899.8570314 9108045.19604269 5453300.1495925 54000.866164942 436323.064056072 1726345861.55044 1951559037.3182 1034943365.96671 1423761300.55419 294333908.189325 193394685.888619 0 0
64 20676.9359439287 834881.916667497 1.36042719605251 47695444.9833898 55869032.3406731 28964842.4198687 40207928.8849551 8709072.66767734 5214421.56458467 54000.866164942 436323.064056072 1728530844.15452 1954118461.25928 1036270278.35508 1425603271.52626 294732880.71769 193633564.473627 0 0
65 20676.9359439287 834881.916667855 1.36045099451137 45606160.1260231 53421705.9071793 27696046.0665708 38446632.4551876 8327574.3159454 4986005.3705727 54000.866164942 436323.064056072 1730620129.01188 1956565787.69278 1037539074.70838 1427364567.95603 295114379.069422 193861980.667639 0 0
66 20676.9359439287 834881.916674927 1.36047266557101 43608395.4477157 51081583.5021932 26482828.7641783 36762488.8196217 7962787.32711748 4767594.84472144 54000.866164942 436323.064056072 1732617893.69019 1958905910.09776 1038752292.01077 1429048711.59159 295479166.05825 194080391.19349 0 0
67 20676.9359439287 834881.916694829 1.36049239544449 41698160.8295825 48843991.2185711 25322767.3637978 35152134.2520896 7613983.11515492 4558753.75749228 54000.866164942 436323.064056072 1734528128.30832 1961143502.38139 1039912353.41115 1430659066.15913 295827970.270213 194289232.280719 0 0
68 20676.9359439287 834881.916743601 1.36051035415711 39871630.802619 46704448.0151651 24213538.706332 33612343.8285814 7280463.15868822 4359063.88009881 54000.866164942 436323.064056072 1736354658.33529 1963283045.58479 1041021582.06862 1432198856.58264 296161490.226679 194488922.158112 0 0
69 20676.9359439287 834881.916844656 1.36052669966803 38125136.1430863 44658655.8719064 23152914.5184641 32140024.3420372 6961557.46635476 4168124.06565173 54000.866164942 436323.064056072 1738101152.99482 1965328837.72805 1042082206.25649 1433671176.06918 296480395.919013 194679861.97256 0 0
70 20676.9359439287 834881.917026747 1.36054158190021 36455154.7327622 42702489.0837736 22138755.8622026 30732206.5974099 6656622.90790273 3985549.24993333 54000.866164942 436323.064056072 1739771134.40514 1967285004.51618 1043096364.91275 1435078993.81381 296785330.477465 194862436.788278 0 0
71 20676.9359439287 834881.91732389 1.36055514577857 34858295.3278762 40831975.248204 21169003.2779608 29386031.7286507 6365040.25043808 3810968.6768965 54000.866164942 436323.064056072 1741367993.81003 1969155518.35175 1044066117.49699 1436425168.68257 297076913.13493 195037017.361315 0 0
72 20676.9359439287 834881.916939458 1.36056750702844 33331357.3218598 39043365.2694095 20241713.077721 28098801.5795448 6086225.07095781 3644032.43237401 54000.866164942 436323.064056072 1742894931.81605 1970944128.33055 1044993407.69723 1437712398.83167 297355728.31441 195203953.605837 0 0
