"Time" "IECs" "pheme_e" "BiomassCD" "pro_L_e" "leu_L_e" "ile_L_e" "val_L_e" "trp_L_e" "cys_L_e" "Drug" "Damage" "pro_L_v" "leu_L_v" "ile_L_v" "val_L_v" "trp_L_v" "cys_L_v" "CD" "pheme_c"
0 457000 1e+05 0.4963 224235600.199112 195370466.451958 120509812.093413 157438605.791629 18978882.6152 31300034.1459915 0 0 0 0 0 0 0 0 45700000 1000
1 328078.356101204 157141.513654433 0.594123777901154 409406804.809762 447633324.803346 242344272.077968 330751498.809511 65165733.6590721 47031900.5732372 0 128921.643898797 276375093.880041 283922258.623707 159124088.716341 214587363.740942 37869548.4041638 33774044.8298921 48532264.0533433 912.853529031591
2 230176.971862245 268598.901531869 0.697811998083949 489019294.049627 553079005.612623 293906702.917042 403788930.426979 83954730.3210011 54195895.2299919 0 226823.028137755 546891127.974687 585648434.864258 320694799.071167 435955886.921122 82911203.8883401 64204181.7208974 52252900.0600529 1360.17215567678
3 156732.504014197 374485.771401582 0.803529041655854 538098860.136018 615901264.053001 325064911.436281 447726823.018174 94736540.7362264 58932726.2529223 0 300267.495985803 760030653.726675 828281718.203913 449156839.103666 612684481.630481 120013619.8949 87670026.3516175 57057131.3352754 1674.42783908783
4 102712.526900755 458386.256035459 0.907130847790244 575801612.013838 663079344.959289 348620840.717597 480905041.387439 102571588.69299 62787259.3024095 0 354287.473099245 914616627.951046 1005772722.11243 542653382.619753 741559087.997291 147397435.828202 104559164.513692 63165448.609007 1836.30507779429
5 64134.9464780431 517124.205634325 1.004794719712 607063141.676244 702027069.726678 367960364.694938 508255258.756951 108899724.386385 66127756.6561531 0 392865.053521957 1019906382.13845 1127269154.3231 606438477.616436 829601685.363277 166218999.964491 116032458.04227 70824613.3515553 1885.5203589622
6 37706.5072846015 551978.949431494 1.093549841366 632479865.389338 734202039.464131 383597232.246584 530623015.847058 114058892.254752 68963943.3871525 0 419293.492715399 1087014098.32315 1205010063.19117 647127091.473617 885840306.831613 178287413.760693 123344791.961552 80308675.1037529 1860.26323598278
7 20585.0796632826 565987.176243412 1.17156391393107 651480688.112935 759377786.000998 395252470.021874 547715285.676819 118063237.619012 71218108.9604865 0 436414.920336718 1126596775.85886 1251042334.13137 671137877.009712 919079531.102443 185441424.614826 127665254.594804 91917611.0851225 1788.27809608447
8 10268.7217005783 562980.949581889 1.23815244260378 663686520.968998 777403752.131365 402730618.840566 559331103.82147 120914510.53004 72847223.7930141 9737.47760380151 446731.278299422 1147896758.47755 1275922100.76789 684061709.533839 937005603.206731 189310360.522296 129997621.219955 105972239.310164 1688.61046930379
9 9623.48171681533 719701.221096975 1.25089610213194 652064773.623511 763766677.691473 395682757.659546 549530613.273431 118796698.744576 71571825.2338584 2732.10261504504 447376.518283185 1161772700.84449 1292175143.1399 692481826.173494 948699639.030365 191838356.685681 131520668.957579 1039485.81618348 1220.04315847513
10 9573.88491904083 796716.888431 1.26260467573862 638820460.329289 748251695.501821 387646240.762031 538368436.544911 116383740.104591 70118133.0808226 1097.08710328684 447426.115080959 1175190181.93434 1307891083.5859 700623760.243526 960007278.096715 194282825.765966 132993396.61013 584458.535982054 1305.82313985009
11 9536.39368503313 829843.062050876 1.27334320443972 625863012.900349 733073209.592389 379783710.665661 527448141.432015 114023054.212001 68695917.7188508 346.097804006504 447463.606314967 1188278556.29708 1323221508.24464 708565993.024515 971037552.957793 196667335.755496 134430001.350683 555471.270798138 1823.66749367168
12 9497.17917931322 843900.332109291 1.28317607217887 613227275.212528 718271506.663018 372116405.581829 516798959.249036 111720978.386829 67309011.0791765 67.1788412289923 447502.820820687 1201051269.14199 1338182169.13095 716316682.630988 981801795.533434 198994336.248344 135831958.836178 623929.510332954 2556.72637111654
13 9452.05544511031 849715.774357793 1.29216627898162 600924464.302261 703859569.459012 364651160.143963 506430303.657557 109479553.032641 65958645.4959643 7.6189039105857 447547.94455489 1213511730.81854 1352777058.46496 723877898.934319 992302879.317848 201264448.512794 137199643.349358 733127.420049684 3209.70704494558
14 9399.01822837825 851959.583467877 1.30037486877174 588961458.941693 689845383.754822 357392161.303026 496347953.662408 107300029.906459 64645575.7136228 0.577631381293959 447600.981771622 1225660074.02821 1367006327.32081 731249723.242236 1002540915.03933 203477696.636235 138533069.417538 868693.736968633 3623.45856262116
15 9336.49207340626 852627.099857448 1.30786049481748 577345220.761664 676237049.607359 350343643.19764 486557762.470809 105183676.212234 63370565.2509358 0.0348882446906205 447663.507926594 1237494852.25929 1380868276.00779 738431278.755918 1012514682.27686 205633816.975533 139832078.220416 1031177.96525988 3827.97223307894
16 9262.77061962335 852560.428012693 1.31467910521682 566084481.349628 663044736.142636 343510914.73685 477067073.891153 103132081.530832 62134571.914467 9737.47950967174 447737.229380377 1249013306.77748 1394359666.96991 745420892.553071 1022221854.51141 207732306.802345 141096366.893295 1225301.44832372 3903.81455810429
17 9255.95336632699 855143.330130135 1.3194383571814 554822459.66448 649876002.664482 336705674.52613 467615850.345616 101088930.487015 60903564.6953159 5582.70366146802 447744.046633673 1260251570.58301 1407523239.4559 752240994.033481 1031693591.7093 209779901.578102 142329991.937712 2009.07172135841 44.7439262494421
18 9255.92482913132 856431.499609862 1.32378614605526 543808332.728098 636975000.271612 330021638.575488 458333080.360871 99082186.550743 59694551.1731433 5537.03219370485 447744.075170869 1271265601.56751 1420424222.67619 758925092.194294 1040976447.56517 211786664.11603 143539016.418168 21.9700861225032 0.80033406504626
19 9255.92451406752 856981.301721932 1.32775558527403 533012952.87155 624330128.665872 323470234.27549 449234509.344872 97115262.6057095 58509528.4516449 5536.22642646819 447744.075485933 1282060980.40125 1433069094.09567 765476497.181127 1050075019.52923 213753588.266435 144724039.260651 0.245213132538759 0.0137224118534196
20 9255.92451055003 857215.592359837 1.33137755012833 522431877.932005 611936276.251939 317048884.168306 440316557.214858 95187384.7490587 57348030.0292403 5536.21271848403 447744.07548945 1292642055.32978 1445462946.50781 771897847.295979 1058992971.66983 215681466.125378 145885537.684406 0.00273938729917892 0.000228414292837119
21 9255.92451051072 857315.428034501 1.33468075241067 512060852.58384 599788459.664771 310755007.103891 431575639.271535 93297778.0429339 56209589.0224618 5536.21249140993 447744.07548949 1303013080.67782 1457610763.09496 778191724.36048 1067733889.61327 217571072.831529 147023978.6912 3.06442862254314e-05 3.73167241348866e-06
22 9255.92451051028 857357.983496645 1.33769184575439 501895704.018682 587881791.210437 304586070.738931 423008238.603899 91445682.2035042 55093747.3791951 5536.21248771231 447744.07548949 1313178229.24298 1469517431.5493 784360660.725441 1076301290.28091 219423168.670959 148139820.334467 3.66396234538902e-07 6.09077808130472e-08
23 9255.92451051028 857376.400513175 1.34043616754267 491932221.273636 576211338.492966 298539519.561286 414610806.124211 89630329.9909863 54000042.8565676 5536.21248764625 447744.07548949 1323141711.98803 1481187884.26677 790407211.903085 1084698722.7606 221238520.883477 149233524.857094 -7.08537884024952e-08 -4.77069519975981e-09
24 9255.92451051028 857384.321753502 1.3429366087688 482166355.254765 564772358.717038 292612896.292282 406379929.171077 87850983.6581665 52928030.9802462 15273.6900914513 447744.07548949 1332907578.0069 1492626864.0427 796333835.17209 1092929599.71373 223017867.216297 150305536.733416 0 0
25 9255.92451051028 857387.344869251 1.34476133174427 472594567.778478 553560707.528177 286804053.710036 398312625.689069 86106998.5459859 51877323.3591938 15273.6900914513 447744.07548949 1342479365.48319 1503838515.23156 802142677.754336 1100996903.19574 224761852.328478 151356244.354468 0 0
26 9255.92451051028 857388.494394762 1.34642491383383 463212745.230313 542571566.556713 281110495.380218 390405428.637536 84397625.1515541 50847468.4365747 15273.6900914513 447744.07548949 1351861188.03135 1514827656.20303 807836236.084154 1108904100.24727 226471225.722909 152386099.277088 0 0
27 9255.92451051028 857389.008779398 1.34794116638775 454017202.128375 531800618.914334 275529984.689842 382655231.814946 82722191.9779775 49838061.6522245 15273.6900914513 447744.07548949 1361056731.13329 1525598603.8454 813416746.77453 1116654297.06986 228146658.896486 153395506.061438 0 0
28 9255.92451051028 857389.332942902 1.34932194401224 445004499.143583 521243836.037088 270060434.408988 375059136.482527 81080072.377545 48848725.4664949 15273.6900914513 447744.07548949 1370069434.11808 1536155386.72265 818886297.055385 1124250392.40228 229788778.496918 154384842.247167 0 0
29 9255.92451051028 857389.798381885 1.35058077227768 436170528.322854 510896406.186608 264699351.539053 367613680.37116 79470517.8788731 47879008.9440074 15273.6900914513 447744.07548949 1378903404.93881 1546502816.57313 824247379.925319 1131695848.51365 231398332.99559 155354558.769655 0 0
30 9255.92451051028 857390.228269682 1.3517276749849 427511921.320018 500754383.942829 259444691.927605 360316024.567961 77892914.767377 46928542.3370005 15273.6900914513 447744.07548949 1387562011.94165 1556644838.81691 829502039.536767 1138993504.31685 232975936.107086 156305025.376662 0 0
31 9255.92451051028 857390.254973169 1.35277479350474 419024254.392991 490812587.676583 254293770.932777 353162440.650206 76346457.0347378 45996840.0455241 15273.6900914513 447744.07548949 1396049678.86867 1566586635.08315 834652960.531595 1146147088.2346 234522393.839726 157236727.668138 0 0
32 9255.92451051028 857389.784399935 1.35372375249415 410706954.163017 481070345.776361 249246240.587489 346152445.362241 74831040.2110206 45083839.1290428 25011.1676952528 447744.07548949 1404366979.09865 1576328876.98338 839700490.876883 1153157083.52257 236037810.663443 158149728.584619 0 0
33 9255.92451051028 857389.653646686 1.35442931273738 402553795.407315 471520366.497904 244298322.983043 339280791.955582 73345530.0571005 44188856.2367159 25011.1676952528 447744.07548949 1412520137.85435 1585878856.26184 844648408.481329 1160028736.92923 237523320.817363 159044711.476946 0 0
34 9255.92451051028 857389.60395169 1.35507210689524 394562409.019008 462159874.852735 239448580.376598 332545483.697205 71889494.9203594 43311631.308585 25011.1676952528 447744.07548949 1420511524.24266 1595239347.90701 849498151.087774 1166764045.18761 238979355.954104 159921936.405077 0 0
35 9255.92451051028 857389.581394374 1.35565761698443 386729691.125549 452985235.204731 234695129.117158 325943904.57815 70462369.2734576 42451823.6285044 25011.1676952528 447744.07548949 1428344242.13612 1604413987.55501 854251602.347214 1173365624.30666 240406481.601006 160781744.085157 0 0
36 9255.92451051028 857389.563760065 1.35619003249481 379052937.479853 443993280.008109 230036328.074927 319473775.402186 69063660.4010405 41609136.3477371 25011.1676952528 447744.07548949 1436020995.78181 1613405942.75163 858910403.389445 1179835753.48263 241805190.473423 161624431.365925 0 0
37 9255.92451051028 857389.511029445 1.35667539649562 371528386.908124 435179603.714923 225469894.701682 313131926.173059 67692683.0151076 40783156.5973199 25011.1676952528 447744.07548949 1443545546.35354 1622219619.04482 863476836.76269 1186177602.71175 243176167.859356 162450411.116342 0 0
38 9255.92451051028 857389.406520389 1.35711777944205 364153043.986764 426540697.717754 220994011.160974 306915832.284859 66348891.3477785 39973555.5656896 25011.1676952528 447744.07548949 1450920889.2749 1630858525.04199 867952720.303398 1192393696.59995 244519959.526685 163260012.147972 0 0
39 9255.92451051028 857389.240562684 1.35752069484954 356924118.908232 418073294.251923 216606984.398828 300823142.429209 65031777.0945356 39180027.0120263 25011.1676952528 447744.07548949 1458149814.35344 1639325928.50782 872339747.065544 1198486386.4556 245837073.779928 164053540.701636 0 0
40 9255.92451051028 857389.281596992 1.35788785681911 349838659.862646 409773935.795744 212307023.046705 294851368.758753 63740802.4339427 38402246.9123014 34748.6452990543 447744.07548949 1465235273.39902 1647625286.964 876639708.417667 1204458160.12606 247128048.440521 164831320.80136 0 0
41 9255.92451051028 857389.441206449 1.35816163939998 342893864.298728 401639339.65751 208092426.316823 288998149.224425 62475456.7395657 37639907.6267983 34748.6452990543 447744.07548949 1472180068.96294 1655759883.10223 880854305.147549 1210311379.66039 248393394.134898 165593660.086863 0 0
42 9255.92451051028 857389.501846667 1.35841100103124 336086834.060648 393666111.16174 203961435.401745 283261041.199634 61235211.9657671 36892691.0211639 34748.6452990543 447744.07548949 1478987099.20102 1663733111.598 884985296.062628 1216048487.68518 249633638.908697 166340876.692497 0 0
43 9255.92451051028 857389.529670881 1.35863809490552 329414947.858533 385851179.932312 199912459.516022 277637835.406231 60019590.512044 36160309.352983 34748.6452990543 447744.07548949 1485658985.40313 1671548042.82743 889034271.94835 1221671693.47858 250849260.36242 167073258.360678 0 0
44 9255.92451051028 857389.553520018 1.35884452161283 322875938.48908 378191890.342711 195944122.759164 272126620.997662 58828179.2926676 35442513.7483858 34748.6452990543 447744.07548949 1492197994.77259 1679207332.41703 893002608.705209 1227182907.88715 252040671.581796 167791053.965276 0 0
45 9255.92451051028 857389.624343602 1.3590326320057 316466622.778645 370684513.869643 192054493.354617 266724715.128337 57660398.3315925 34738954.7862412 34748.6452990543 447744.07548949 1498607310.48302 1686714708.8901 896892238.109756 1232584813.75648 253208452.542871 168494612.92742 0 0
46 9255.92451051028 857389.750733555 1.35920420344399 310184298.672815 363325885.535653 188241931.503257 261429840.450058 56515755.312971 34049335.8585049 34748.6452990543 447744.07548949 1504889634.58885 1694073337.22409 900704799.961115 1237879688.43476 254353095.561493 169184231.855157 0 0
47 9255.92451051028 857389.898167396 1.35936046434285 304026690.970897 356113340.346703 184505056.451206 256240079.375902 55393835.693945 33373407.2134233 34748.6452990543 447744.07548949 1511047242.29077 1701285882.41304 904441675.013166 1243069449.50891 255475015.180519 169860160.500238 0 0
48 9255.92451051028 857390.019393215 1.35950277576228 297991336.679844 349043993.343322 180842373.478807 251153356.04361 54294190.715783 32710898.4850304 44486.1229028558 447744.07548949 1517082596.58182 1708355229.41642 908104357.985565 1248156172.8412 256574660.158681 170522669.228631 0 0
49 9255.92451051028 857389.752886442 1.35960914598552 292075810.5825 342115003.813798 177252410.791506 246167626.429236 53216378.5025426 32061543.4540697 44486.1229028558 447744.07548949 1522998122.67916 1715284218.94594 911694320.672866 1253141902.45557 257652472.371921 171172024.259592 0 0
50 9255.92451051028 857389.651661316 1.35970601913826 286277608.302729 335323438.325711 173733648.55544 241280779.791984 52159942.7554698 31425067.2118995 44486.1229028558 447744.07548949 1528796324.95894 1722075784.43403 915213082.908932 1258028749.09283 258708908.118994 171808500.501762 0 0
51 9255.92451051028 857389.605147602 1.35979423656242 280594514.055059 328666701.479416 170284742.074119 236490948.621328 51124479.7571938 30801226.5288526 44486.1229028558 447744.07548949 1534479419.20661 1728732521.28032 918661989.390253 1262818580.26348 259744371.11727 172432341.184809 0 0
52 9255.92451051028 857389.565777128 1.35987441815357 275024607.638166 322142544.099668 166904526.032578 231796514.531271 50109639.6459434 30189810.6219202 44486.1229028558 447744.07548949 1540049325.6235 1735256678.66007 922042205.431795 1267513014.35354 260759211.228521 173043757.091741 0 0
53 9255.92451051028 857389.44897118 1.35994748034163 269565176.817582 315747789.284881 163591354.453705 227195191.593649 49114928.2510585 29590521.76558 44486.1229028558 447744.07548949 1545508756.44408 1741651433.47486 925355377.010667 1272114337.29116 261753922.623405 173643045.948081 0 0
54 9255.92451051028 857389.239402685 1.36001411833419 264213914.886409 309479735.137088 160343827.463416 222685035.667451 48139925.2892329 29003106.7496009 44486.1229028558 447744.07548949 1550860018.37526 1747919487.62265 928602904.000956 1276624493.21736 262728925.585231 174230460.96406 0 0
55 9255.92451051028 857388.994751622 1.36007480845159 258968885.867776 303336114.002785 157160770.173016 218264415.070715 47184278.0243817 28427353.0592718 44486.1229028558 447744.07548949 1556105047.39389 1754063108.75696 931785961.291356 1281045113.8141 263684572.850082 174806214.65439 0 0
56 9255.92451051028 857388.79265024 1.36013008075064 253827991.779037 297314468.467444 154040909.377165 213931561.579612 46247604.2028754 27863030.3962954 44486.1229028558 447744.07548949 1561245941.48263 1760084754.2923 934905822.087207 1285377967.3052 264621246.671589 175370537.317366 0 0
57 9255.92451051028 857388.767129404 1.36018041074323 248789155.406385 291412365.443545 150982984.474534 209684724.474728 45329525.3551796 27309910.7421977 44486.1229028558 447744.07548949 1566284777.85528 1765986857.3162 937963746.989838 1289624804.41008 265539325.519284 175923656.971464 0 0
58 9255.92451051028 857388.977053617 1.36022624752525 243850343.864581 285627423.766621 147985761.765526 205522190.397693 44429671.0884493 26767770.9445088 44486.1229028558 447744.07548949 1571223589.39708 1771771798.99312 940960969.698846 1293787338.48712 266439179.786015 176465796.769153 0 0
59 9255.92451051028 857389.435131865 1.36026798783614 239009577.732975 279957324.896492 145048039.996668 201442291.051219 43547680.7511186 26236393.7196372 44486.1229028558 447744.07548949 1576064355.52869 1777441897.86325 943898691.467704 1297867237.83359 267321170.123345 176997173.994024 0 0
60 9255.92451051028 857389.563882921 1.36030601265797 234264892.776244 274399768.079889 142168627.130024 197443370.936527 42683196.458396 25715563.450904 44486.1229028558 447744.07548949 1580809040.48542 1782999454.67985 946778104.334348 1301866157.94828 268185654.416068 177518004.262757 0 0
61 9255.92451051028 857389.562131767 1.36034063978404 229614397.30238 268952537.535175 139346375.15211 193523835.695872 41835873.5429245 25205072.4848056 44486.1229028558 447744.07548949 1585459535.95928 1788446685.22457 949600356.312262 1305785693.18894 269032977.33154 178028495.228856 0 0
62 9255.92451051028 857389.557430325 1.3603721838765 225056150.90318 263613360.418329 136580106.484984 189682049.912473 41005358.4612274 24704707.8201974 44486.1229028558 447744.07548949 1590017782.35848 1793785862.34141 952366624.979389 1309627478.97234 269863492.413237 178528859.893464 0 0
63 9255.92451051028 857389.556448934 1.36040090898866 220588394.553024 258380176.34285 133868753.626577 185916531.042599 40191330.7178382 24214276.3665379 44486.1229028558 447744.07548949 1594485538.70864 1799019046.41689 955077977.837795 1313392997.84221 270677520.156626 179019291.347124 0 0
64 9255.92451051028 857389.559275572 1.36042703474621 216209521.192344 253251102.923516 131211341.29865 182225924.622701 39393497.5055913 23733601.7147983 44486.1229028558 447744.07548949 1598864412.06932 1804148119.83623 957735390.165722 1317083604.26211 271475353.368873 179499965.998863 0 0
65 9255.92451051028 857389.555996003 1.36045080863153 211917651.000589 248223938.283992 128606728.692164 178608646.300543 38611516.3201151 23262477.5146198 44486.1229028558 447744.07548949 1603156282.26108 1809175284.47575 960340002.772208 1320700882.58427 272257334.554349 179971090.199042 0 0
66 9255.92451051028 857389.536585599 1.3604724903641 207710819.461763 243296381.342255 126053723.598851 175063040.340792 37845029.22548 22800688.118514 44486.1229028558 447744.07548949 1607363113.7999 1814102841.41749 962893007.865521 1324246488.54402 273023821.648984 180432879.595147 0 0
67 9255.92451051028 857389.504798088 1.36049223987705 203587463.416223 238466601.134054 123551377.382072 171587789.279676 37093751.4131114 22348061.9364038 44486.1229028558 447744.07548949 1611486469.84544 1818932621.62569 965395354.0823 1327721739.60513 273775099.461353 180885505.777258 0 0
68 9255.92451051028 857389.463787328 1.36051022921814 199545962.532015 233732699.72792 121098706.708958 168181527.467398 36357387.6576075 21904421.1023331 44486.1229028558 447744.07548949 1615527970.72965 1823666523.03182 967848024.755415 1331128001.41741 274511463.216857 181329146.611328 0 0
69 9255.92451051028 857389.430710609 1.36052660755923 195584703.117554 229092786.970396 118694732.276486 164842894.850806 35635643.9434453 21469588.4792675 44486.1229028558 447744.07548949 1619489230.14411 1828306435.78935 970251999.187886 1334466634.034 275233206.931019 181763979.234394 0 0
70 9255.92451051028 857389.421353256 1.36054152459822 191702072.982524 224544974.466497 116338475.692713 161570532.642047 34928226.5286342 21043387.0949691 44486.1229028558 447744.07548949 1623371860.27914 1832854248.29325 972608255.771659 1337738996.24276 275940624.34583 182190180.618692 0 0
71 9255.92451051028 857389.44659521 1.36055510612807 187896525.210749 220087450.278316 114028998.178693 158363137.067683 34234853.5641686 20625647.1424274 44486.1229028558 447744.07548949 1627177408.05092 1837311772.48143 974917733.285679 1340946391.81713 276633997.310296 182607920.571234 0 0
72 9255.92451051028 857389.516080374 1.36056747642288 184166516.949572 215718407.227633 111765363.421514 155219407.779099 33555243.9414186 20216199.26069 44486.1229028558 447744.07548949 1630907416.31209 1841680815.53211 977181368.042858 1344090121.10571 277313606.933046 183017368.452971 0 0
