"Time" "IECs" "pheme_e" "BiomassCD" "pro_L_e" "leu_L_e" "ile_L_e" "val_L_e" "trp_L_e" "cys_L_e" "Drug" "Damage" "pro_L_v" "leu_L_v" "ile_L_v" "val_L_v" "trp_L_v" "cys_L_v" "CD" "pheme_c"
0 457000 1e+05 0.4963 224235600.199112 195370466.451958 120509812.093413 157438605.791629 18978882.6152 31300034.1459915 0 0 0 0 0 0 0 0 45700000 1000
1 398955.106715914 119074.148932152 0.594123778059942 224857273.088077 235496328.695749 130549766.363321 176722355.520335 32305142.5228243 26994935.8747692 0 58044.8932840862 207100364.760026 201282848.924724 116413512.197061 155332641.736078 24518717.5681721 26594337.2923114 48532264.0501017 697.017767207805
2 345018.845393186 170836.328105824 0.697811989278425 233665929.89801 260095795.574925 139411962.681008 190952645.816297 38712227.3594363 26362200.7422306 0 111981.154606814 391217117.519529 401004292.886772 224992580.448189 303313440.962475 53277578.7606394 47938596.7727774 52252900.4417689 866.758466793585
3 294739.902226498 228928.956863562 0.8035288292119 247261822.428305 281813076.359091 149100445.114103 205176978.474974 43146736.0098517 27194516.8993134 0 162260.097773502 557336192.083066 588397136.73286 324701595.311759 440242788.46188 81624225.1957418 66413394.7917027 57057142.3410402 1023.69098822972
4 247866.706336524 284865.519731292 0.907130679351298 264668709.619855 304847548.301229 160323979.866863 221111990.079349 47215642.7436769 28799596.2417902 0 209133.293663476 707295994.303375 760308286.497125 415357834.78024 565145366.89635 108115653.839342 82807622.670976 63165459.0375988 1140.67152224087
5 204358.925162939 335412.048098245 1.00479462882472 285501766.010294 330673469.503302 173309117.200342 239343550.143774 51485663.7348499 30931419.8863953 0 252641.074837061 841574628.682439 915431227.195995 496792105.683346 677534844.804471 132211362.178964 97382786.9970279 70824623.6979079 1222.27257166994
6 164381.035236769 378781.335065826 1.09354978186327 309368245.669595 359627431.129198 187995146.966278 259910494.190208 56139458.8058398 33473073.7588784 0 292618.964763231 959909106.358353 1052745309.77304 568666261.639755 776848455.505041 153621337.417312 110192642.856194 80308685.6226722 1275.8548038594
7 128268.137985091 413561.662124331 1.17156382676932 335609130.247355 391344052.918199 204055864.032634 282437087.84708 61174251.9319209 36328606.8884609 0 328731.862014909 1061673674.37925 1171222227.65376 630524621.891712 862416419.904334 172129721.105446 121204462.271255 91917620.0760099 1306.05359763948
8 96456.4389617238 438544.739983283 1.23815226753634 363165699.073533 424861574.670259 220880700.104901 306144041.740264 66463783.9776287 39381083.8866224 9737.47760380151 360543.561038276 1146261313.51064 1270009562.13989 681963907.335719 933659693.508951 187578182.06222 130367677.698067 105972243.047073 1314.86612406621
9 95019.4138600178 583192.074236526 1.25089594540031 299776748.577033 350665205.714435 182329074.352986 252695635.066366 54861042.3536495 32503511.27599 7066.91199461762 361980.586139982 1214781374.35829 1350161753.51514 723638888.701874 991418582.58426 200117812.055685 137797067.947755 302.189485694426 126.362106422244
10 95019.4052990349 647539.116167044 1.26260453601578 244007119.640239 285428430.129374 148409082.673971 205684844.901923 44654847.2645649 26456648.8064009 6947.25891561982 361980.594700965 1270551033.88168 1415398564.60308 757558898.999227 1038429398.44358 210324012.726274 143843933.704761 0.0227341406193885 6.79138603816646
11 95019.4052983697 674197.520394246 1.2733430804348 198612696.366446 232328098.504728 120799459.124829 167419793.766325 36347380.4949754 21534725.560493 6940.83812543581 361980.59470163 1315945457.15785 1468498896.23048 785168522.549816 1076694449.58117 218631479.496297 148765856.950924 1.95276076628805e-06 0.370603178954912
12 95019.4052983697 685241.84262761 1.28317596264914 161663328.577123 189106408.670726 98326255.1171691 136273469.043604 29585412.3295092 17528463.5765727 6940.48776351352 361980.59470163 1352894824.94717 1511720586.06449 807641726.557477 1107840774.30389 225393447.661764 152772118.934845 4.86236036087107e-08 0.0202412574089804
13 95019.4052983697 689817.399567308 1.29216618274069 131587921.038896 153925564.88308 80033905.0809282 110921522.166058 24081422.3966779 14267515.7152097 6940.46862789487 361980.59470163 1382970232.4854 1546901429.85213 825934076.593718 1133192721.18144 230897437.594595 156033066.796208 5.65181218567694e-08 0.00110563891149925
14 95019.4052983697 691713.038618362 1.3003747846858 107107659.372451 125289668.246494 65144613.3959462 90285981.566076 19601379.5711925 11613225.6004263 6940.46758181024 361980.59470163 1407450494.15184 1575537326.48872 840823368.2787 1153828261.78142 235377480.42008 158687356.910991 6.20681020690643e-08 5.95543981045794e-05
15 95019.4052983697 692498.422625438 1.30786042179947 87181634.5214763 101981110.691625 53025282.3131809 73489417.0353881 15954790.9076236 9452731.91332781 6940.46752520468 361980.59470163 1427376519.00282 1598845884.04359 852942699.361465 1170624826.31211 239024069.083649 160847850.598089 -8.77555170202864e-08 2.94899953023558e-06
16 95019.4052983697 692823.837680786 1.31467904223283 70962582.3757683 83008801.1993409 43160592.0765404 59817630.6138911 12986601.7112984 7694169.42865801 16677.9451261486 361980.59470163 1443595571.14853 1617818193.53587 862807389.598106 1184296612.73361 241992258.279974 162606413.082759 0 9.14101107088387e-08
17 95019.4052983697 692958.524035043 1.31943828918711 57761011.6772614 67566204.2567921 35131182.9342594 48689418.3486606 10570630.7180613 6262779.5570092 16677.9451260518 361980.59470163 1456797141.84704 1633260790.47842 870836798.740387 1195424824.99884 244408229.273211 164037802.954408 0 -5.40717830449023e-09
18 95019.4052983697 693014.369220415 1.32378608526544 47015292.3512787 54996350.5478182 28595462.3774479 39631356.3700469 8604096.06957598 5097667.15045804 16677.9451260518 361980.59470163 1467542861.17302 1645830644.18739 877372519.297199 1204482886.97745 246374763.921696 165202915.360959 0 -5.40717830449023e-09
19 95019.4052983697 693037.477329666 1.32775553093119 38268686.9433593 44764969.3724485 23275635.2879171 32258439.6313934 7003411.92089251 4149310.11945563 16677.9451260518 361980.59470163 1476289466.58094 1656062025.36276 882692346.38673 1211855803.71611 247975448.07038 166151272.391961 0 -5.40717830449023e-09
20 95019.4052983697 693047.043335948 1.33137750205447 31149229.1626939 36436951.482218 18945465.7423627 26257120.6061086 5700506.08654286 3377377.74931513 16677.9451260518 361980.59470163 1483408924.3616 1664390043.25299 887022515.932284 1217857122.74139 249278353.904729 166923204.762102 0 -5.40717830449023e-09
21 95019.4052983697 693050.86858746 1.33468070938837 25354413.304815 29658439.4632176 15420964.8712391 21372403.2965469 4640018.10798973 2749070.63976976 16677.9451260518 361980.59470163 1489203740.21948 1671168555.27199 890547016.803407 1222741840.05095 250338841.883283 167551511.871647 0 -5.40717830449023e-09
22 95019.4052983697 693052.609363919 1.3376917900862 20637545.7462164 24140862.3352883 12552089.6167041 17396338.2799044 3776801.49075763 2237640.85588423 16677.9451260518 361980.59470163 1493920607.77808 1676686132.39992 893415892.057943 1226717905.0676 251202058.500515 168062941.655533 0 -5.40717830449023e-09
23 95019.4052983697 693053.325761743 1.34043540135076 16798191.8983726 19649760.833345 10216932.4153102 14159970.0055621 3074175.43655537 1821356.13212018 16677.9451260518 361980.59470163 1497759961.62593 1681177233.90187 895751049.259336 1229954273.34194 251904684.554717 168479226.379297 0 -5.40717830449023e-09
24 95019.4052983697 693053.622766831 1.34293432503584 13673092.7039884 15994161.9378425 8316196.4638857 11525679.8912091 2502262.50459835 1482514.98685817 26415.4227298533 361980.59470163 1500885060.82031 1684832832.79737 897651785.210761 1232588563.45629 252476597.486674 168818067.524559 0 0
25 95019.4052983697 693053.745691652 1.34475866409803 11129410.3398365 13018678.0051685 6769087.64659243 9381492.81452986 2036752.53247852 1206714.38283228 26415.4227298533 361980.59470163 1503428743.18446 1687808316.73004 899198894.028054 1234732750.53297 252942107.458794 169093868.128585 0 0
26 95019.4052983697 693053.796660188 1.34642204366106 9058921.68111125 10596714.5463485 5509782.90588929 7636182.51674443 1657840.00339042 982220.149293974 26415.4227298533 361980.59470163 1505499231.84319 1690230280.18886 900458198.768757 1236478060.83075 253321019.987882 169318362.362123 0 0
27 95019.4052983697 693053.8177504 1.34793830850523 7373622.93174376 8625328.72350799 4484756.90749226 6215566.54296414 1349419.66565962 799490.410868239 26415.4227298533 361980.59470163 1507184530.59256 1692201666.0117 901483224.767154 1237898676.80454 253629440.325613 169501092.100549 0 0
28 95019.4052983697 693053.826481083 1.34932017799361 6001843.51343659 7020683.5540209 3650418.4447369 5059230.46018855 1098375.34984009 650754.233155443 26415.4227298533 361980.59470163 1508556310.01086 1693806311.18119 902317563.22991 1239055012.88731 253880484.641432 169649828.278262 0 0
29 95019.4052983697 693053.829972252 1.35057932053923 4885296.52578164 5714597.67291264 2971316.48064432 4118041.55422502 894040.184247577 529691.816731764 26415.4227298533 361980.59470163 1509672856.99852 1695112397.0623 902996665.194002 1239996201.79328 254084819.807025 169770890.694685 0 0
30 95019.4052983697 693053.831560812 1.35172643542445 3976448.97627085 4651469.1475391 2418540.67921586 3351932.07538592 727715.330407189 431149.36243201 26415.4227298533 361980.59470163 1510581704.54803 1696175525.58767 903549440.995431 1240762311.27211 254251144.660865 169869433.148985 0 0
31 95019.4052983697 693053.832214714 1.35277132228429 3236681.18901579 3786122.43762426 1968601.92800177 2728347.71928463 592333.143199603 350939.503905955 26415.4227298533 361980.59470163 1511321472.33528 1697040872.29759 903999379.746645 1241385895.62822 254386526.848073 169949643.007511 0 0
32 95019.4052983697 693053.832489755 1.35372295269302 2634538.25050732 3081763.01604121 1602368.8390886 2220773.68989359 482137.174368141 285651.719357458 36152.9003336548 361980.59470163 1511923615.27379 1697745231.71917 904365612.835558 1241893469.65761 254496722.816904 170014930.79206 0 0
33 95019.4052983697 693053.832599718 1.35442836489045 2144420.30949826 2508445.34118523 1304271.16827287 1807630.69296495 392442.489107931 232510.32635995 36152.9003336548 361980.59470163 1512413733.2148 1698318549.39403 904663710.506374 1242306612.65454 254586417.502164 170068072.185057 0 0
34 95019.4052983697 693053.832645312 1.3550710751892 1745477.5270685 2041780.21982218 1061627.70579072 1471343.43852013 319433.434933746 189254.666016296 36152.9003336548 361980.59470163 1512812675.99723 1698785214.51539 904906353.968856 1242642899.90898 254659426.556338 170111327.845401 0 0
35 95019.4052983697 693053.832664178 1.35565660302834 1420753.32727225 1661932.62066398 864125.187483659 1197618.44734174 260006.851125913 154046.209289236 36152.9003336548 361980.59470163 1513137400.19703 1699165062.11455 905103856.487163 1242916624.90016 254718853.140146 170146536.302128 0 0
36 95019.4052983697 693053.832671988 1.35618999293073 1156438.18797935 1352748.7928354 703364.438300853 974815.036888613 211635.507731349 125387.648732491 36152.9003336548 361980.59470163 1513401715.33632 1699474245.94238 905264617.236346 1243139428.31061 254767224.483541 170175194.862685 0 0
37 95019.4052983697 693053.832675111 1.35667585109974 941301.360002532 1101091.51675687 572514.734667197 793466.29116208 172264.106567106 102061.282225247 36152.9003336548 361980.59470163 1513616852.16429 1699725903.21845 905395466.93998 1243320777.05634 254806595.884705 170198521.229192 0 0
38 95019.4052983697 693053.832676532 1.35711838401627 766184.162916565 896247.384640583 466005.618792695 645851.936403124 140216.551148224 83074.0732040714 36152.9003336548 361980.59470163 1513791969.36138 1699930747.35057 905501976.055854 1243468391.4111 254838643.440124 170217508.438213 0 0
39 95019.4052983697 693053.832677117 1.35752143022248 623645.338399254 729511.950959616 379311.196829805 525699.393081559 114131.044104514 67619.1978418632 36152.9003336548 361980.59470163 1513934508.1859 1700097482.78425 905588670.477817 1243588543.95442 254864728.947168 170232963.313576 0 0
40 95019.4052983697 693053.832677363 1.35788849257935 507624.138061854 593795.62791604 308745.223434464 427899.77710348 92898.4301211326 55039.5151016668 45890.3779374563 361980.59470163 1514050529.38624 1700233199.1073 905659236.451212 1243686343.5704 254885961.561151 170245542.996316 0 0
41 95019.4052983697 693053.832677461 1.35816212499578 413187.972888708 483328.497233341 251307.618067628 348295.18189573 75616.0141888621 44800.2054442573 45890.3779374563 361980.59470163 1514144965.55141 1700343666.23798 905716674.056579 1243765948.16561 254903243.977083 170255782.305973 0 0
42 95019.4052983697 693053.832677502 1.35841136635427 336319.478967939 393411.229333284 204554.954923491 283499.186298355 61548.5932851202 36465.6832756543 45890.3779374563 361980.59470163 1514221834.04533 1700433583.50588 905763426.719723 1243830744.16121 254917311.397987 170264116.828142 0 0
43 95019.4052983697 693053.832677519 1.35863838228824 273751.458469607 320222.00479971 166500.071358723 230757.718709239 50098.2495282722 29681.7003030405 45890.3779374563 361980.59470163 1514284402.06583 1700506772.73042 905801481.603288 1243883485.62879 254928761.741744 170270900.811115 0 0
44 95019.4052983697 693053.832677526 1.35884514828738 222823.08583892 260648.310923679 135524.610169959 187827.846658398 40778.0350008882 24159.7545870382 45890.3779374563 361980.59470163 1514335330.43846 1700566346.42429 905832457.064477 1243926415.50084 254938081.956271 170276422.756831 0 0
45 95019.4052983697 693053.832677529 1.35903346506814 181370.414706378 212158.86166714 110312.424122942 152885.480037137 33191.9338212955 19665.218674079 45890.3779374563 361980.59470163 1514376783.1096 1700614835.87355 905857669.250524 1243961357.86747 254945668.057451 170280917.292744 0 0
46 95019.4052983697 693053.83267753 1.3592049745875 147628.745980601 172689.392298612 89790.1946451106 124443.072664657 27016.9948866344 16006.7537861041 45890.3779374563 361980.59470163 1514410524.77832 1700654305.34292 905878191.480001 1243989800.27484 254951842.996386 170284575.757632 0 0
47 95019.4052983697 693053.832677531 1.35936117311367 120164.29430499 140562.725922275 73085.8702576476 101292.020795585 21990.8264019295 13028.9007065987 45890.3779374563 361980.59470163 1514437989.23 1700686432.00929 905894895.804389 1244012951.32671 254956869.16487 170287553.610711 0 0
48 95019.4052983697 693053.832677531 1.35950342443945 97809.2716588379 114412.837227203 59489.1833701383 82447.942096029 17899.7157682251 10605.0411729902 55627.8555412578 361980.59470163 1514460344.25264 1700712581.89799 905908492.491277 1244031795.40541 254960960.275504 170289977.470245 0 0
49 95019.4052983697 693053.832677531 1.35960969678563 79613.2646619638 93127.9758698872 48422.0771696439 67109.6893331412 14569.7313215896 8632.12592566118 55627.8555412578 361980.59470163 1514478540.25964 1700733866.75935 905919559.597478 1244047133.65817 254964290.259951 170291950.385492 0 0
50 95019.4052983697 693053.832677531 1.35970648592132 64802.2049234936 75802.6718544283 39413.7507222165 54624.7645914705 11859.2136472576 7026.22603827662 55627.8555412578 361980.59470163 1514493351.31938 1700751192.06336 905928567.923925 1244059618.58292 254967000.777625 170293556.28538 0 0
51 95019.4052983697 693053.832677531 1.35979463661868 52746.5675316834 61700.5355723949 32081.3167792786 44462.5123146345 9652.95570198954 5719.08481599316 55627.8555412578 361980.59470163 1514505406.95677 1700765294.19965 905935900.357868 1244069780.83519 254969207.03557 170294863.426602 0 0
52 95019.4052983697 693053.832677531 1.35987491891239 42933.6632968089 50221.8465288151 26112.9494709294 36190.763160088 7857.1321191524 4655.11356181145 55627.8555412578 361980.59470163 1514515219.861 1700776772.88869 905941868.725176 1244078052.58435 254971002.859153 170295927.397856 0 0
53 95019.4052983697 693053.832677531 1.35994803424818 34946.541952114 40878.8752662136 21255.0528910281 29458.050535069 6395.43836096721 3789.10414084768 55627.8555412578 361980.59470163 1514523206.98235 1700786115.85995 905946726.621756 1244084785.29697 254972464.552911 170296793.407277 0 0
54 95019.4052983697 693053.832677531 1.3600146218592 28445.1803951595 33273.8782249764 17300.8194808636 23977.753298394 5205.64804761264 3084.1893017669 55627.8555412578 361980.59470163 1514529708.3439 1700793720.85699 905950680.855166 1244090265.59421 254973654.343225 170297498.322116 0 0
55 95019.4052983697 693053.832677531 1.36007526394851 23153.316150309 27083.6961266331 14082.221927762 19516.9970792768 4237.20339752616 2510.41508540974 55627.8555412578 361980.59470163 1514535000.20815 1700799911.03909 905953899.452719 1244094726.35043 254974622.787875 170298072.096333 0 0
56 95019.4052983697 693053.832677531 1.36013049093405 18845.9392388545 22045.1225324505 11462.4055178863 15886.1105982886 3448.92616047056 2043.38462174475 55627.8555412578 361980.59470163 1514539307.58506 1700804949.61268 905956519.269129 1244098357.23691 254975411.065112 170298539.126796 0 0
57 95019.4052983697 693053.832677531 1.36018078598533 15339.8887525247 17943.9041428281 9329.96881992432 12930.6990858612 2807.29673096975 1663.2385565353 55627.8555412578 361980.59470163 1514542813.63555 1700809050.83107 905958651.705827 1244101312.64842 254976052.694541 170298919.272862 0 0
58 95019.4052983697 693053.832677531 1.36022658919459 12486.0936947318 14605.6644863062 7594.24443904969 10525.1037298346 2285.03417314769 1353.81375892783 55627.8555412578 361980.59470163 1514545667.4306 1700812389.07073 905960387.430208 1244103718.24378 254976574.957099 170299228.697659 0 0
59 95019.4052983697 693053.832677531 1.36026830146447 10163.2145200944 11888.4660817085 6181.4316982629 8567.04183612587 1859.93258221703 1101.95390076595 55627.8555412578 361980.59470163 1514547990.30978 1700815106.26913 905961800.242949 1244105676.30567 254977000.05869 170299480.557517 0 0
60 95019.4052983697 693053.832677531 1.36030628797214 8272.47664962225 9676.76691919781 5031.45429863856 6973.25176060832 1513.91558505833 896.949276729609 55627.8555412578 361980.59470163 1514549881.04765 1700817317.9683 905962950.220348 1244107270.09575 254977346.075687 170299685.562141 0 0
61 95019.4052983697 693053.832677531 1.360340881324 6733.48697685067 7876.52679943354 4095.41585059042 5675.96644935845 1232.2707343643 730.083205980429 55627.8555412578 361980.59470163 1514551420.03732 1700819118.20842 905963886.258796 1244108567.38106 254977627.720538 170299852.428212 0 0
62 95019.4052983697 693053.832677531 1.36037238446419 5480.80592918317 6411.19748684751 3333.51494605326 4620.02387120359 1003.0221741695 594.260355428223 55627.8555412578 361980.59470163 1514552672.71837 1700820583.53773 905964648.159701 1244109623.32364 254977856.969098 170299988.251063 0 0
63 95019.4052983697 693053.832677531 1.36040107331509 4461.17077081852 5218.47465570304 2713.35632634521 3760.52641180984 816.422486711675 483.705674338249 55627.8555412578 361980.59470163 1514553692.35353 1700821776.26056 905965268.31832 1244110482.82109 254978043.568786 170300098.805744 0 0
64 95019.4052983697 693053.832677531 1.36042719918556 3631.22612605243 4247.64315947819 2208.57054967806 3060.9278271965 664.537363832003 393.718324675249 55627.8555412578 361980.59470163 1514554522.29817 1700822747.09206 905965773.104097 1244111182.41968 254978195.453909 170300188.793093 0 0
65 95019.4052983697 693053.832677531 1.36045099095799 2955.682069398 3457.42244846623 1797.69371173269 2491.48061302406 540.908525809308 320.471970689729 55627.8555412578 361980.59470163 1514555197.84223 1700823537.31277 905966183.980935 1244111751.86689 254978319.082747 170300262.039447 0 0
66 95019.4052983697 693053.832677531 1.36047265709036 2405.81464433179 2814.2125448072 1463.25543687132 2027.97202274968 440.279306800073 260.852196576153 55627.8555412578 361980.59470163 1514555747.70965 1700824180.52267 905966518.41921 1244112215.37548 254978419.711966 170300321.659221 0 0
67 95019.4052983697 693053.832677531 1.36049238743664 1958.24306727089 2290.66367131791 1191.03515378906 1650.69331651354 358.370875426915 212.323923927861 55627.8555412578 361980.59470163 1514556195.28123 1700824704.07155 905966790.639493 1244112592.65419 254978501.620397 170300370.187494 0 0
68 95019.4052983697 693053.832677531 1.36051035490349 1593.93655539158 1864.51448384779 969.458032105575 1343.60257054214 291.700477983422 172.82372632344 55627.8555412578 361980.59470163 1514556559.58774 1700825130.22073 905967012.216615 1244112899.74494 254978568.290794 170300409.687692 0 0
69 95019.4052983697 693053.832677531 1.36052671696041 1297.40471673209 1517.64502644532 789.102564511161 1093.64221965942 237.433274698768 140.672046786807 55627.8555412578 361980.59470163 1514556856.11958 1700825477.09019 905967192.572082 1244113149.70529 254978622.557998 170300441.839371 0 0
70 95019.4052983697 693053.832677531 1.36054161701847 1056.03887251814 1235.30624017381 642.299948335719 890.18382752331 193.261797554382 114.501780182934 55627.8555412578 361980.59470163 1514557097.48543 1700825759.42898 905967339.374698 1244113353.16368 254978666.729475 170300468.009638 0 0
71 95019.4052983697 693053.832677531 1.36055518568515 859.576122769094 1005.49305143389 522.808121569146 724.576322829533 157.307870897837 93.2001641427404 55627.8555412578 361980.59470163 1514557293.94818 1700825989.24217 905967458.866525 1244113518.77118 254978702.683401 170300489.311254 0 0
72 95019.4052983697 693053.832677531 1.36056754190264 699.662794522021 818.433713552199 425.546244999802 589.778009703492 128.042719704833 75.8614456203754 55627.8555412578 361980.59470163 1514557453.8615 1700826176.3015 905967556.128402 1244113653.5695 254978731.948553 170300506.649972 0 0
