"Time" "IECs" "pheme_e" "BiomassCD" "pro_L_e" "leu_L_e" "ile_L_e" "val_L_e" "trp_L_e" "cys_L_e" "Drug" "Damage" "pro_L_v" "leu_L_v" "ile_L_v" "val_L_v" "trp_L_v" "cys_L_v" "CD" "pheme_c"
0 457000 1e+05 0.4963 224235600.199112 195370466.451958 120509812.093413 157438605.791629 18978882.6152 31300034.1459915 0 0 0 0 0 0 0 0 45700000 1000
1 402021.591836187 117481.836981766 0.594123778062825 217173948.434165 226661184.14993 125894575.020826 170308090.270079 30935916.2408351 26161157.0435195 0 54978.4081638137 203801681.183897 197364481.855329 114383858.477413 152519046.322602 23888604.5435925 26250585.8373764 48532264.0500363 688.00518891742
2 350529.052557234 166442.241466489 0.697811987203057 222780727.739615 247591557.869093 132822009.687632 181872495.550045 36778250.0655303 25177779.0878874 0 106470.947442766 382378136.216441 390591578.99733 219576214.424696 295816049.796693 51618933.4170635 47007098.8761264 52252900.5355382 844.616687037229
3 302117.606285613 221829.487103649 0.803529037745458 234656067.218871 267302562.475668 141464629.891888 194648979.119174 40899370.2228724 25823592.2608774 0 154882.393714388 543547936.224383 572223779.434429 316271047.951725 428581355.389981 79061397.1019383 64951281.071439 57057131.6830292 991.998131995661
4 256563.842813612 275576.369777151 0.907130843243169 250872782.610583 288919575.812383 151960225.023984 209569806.046412 44743611.3310043 27300627.3726107 0 200436.157186388 690000401.530475 740064868.377763 404795735.81635 550539648.161644 104917273.1572 80966891.1329538 63165448.9503158 1103.48267731272
5 213843.484230626 324604.435545088 1.00479472179294 270749617.685359 313585910.191782 164359051.777704 226978563.699633 48828837.2472463 29328866.8696992 0 243156.515769374 822454300.255931 893072505.345002 485123437.59592 661399333.682958 128684446.973462 95343269.3317319 70824613.7680563 1182.87379447685
6 174133.981896417 367193.004310793 1.09355023225891 293841048.783136 341577416.035895 178569663.950858 246870668.171431 53329211.7771186 31784629.125873 0 282866.018103583 940655186.742109 1030232819.70886 556919818.133398 760603009.794247 150072946.278564 108135955.971894 80308684.3127571 1236.79668949666
7 137791.837455043 401944.780904064 1.1715645054356 319545367.678786 372589922.663256 194301046.346576 268916864.188437 58251792.1873026 34577355.6835282 0 319208.162544957 1043845726.05452 1150367291.81318 619648795.660626 847371078.725625 168843130.823648 119298612.879727 91917635.3236465 1269.33823011726
8 105296.38500654 427609.588377627 1.23815260171438 346915036.558218 405782938.426918 211010222.637918 292428557.181066 63489284.5522236 37601373.3240747 9737.47760380151 351703.61499346 1131155211.46158 1252322862.78284 672746665.449581 920904911.833538 184789588.315324 128752848.979406 105972257.182298 1282.05205774246
9 103541.008448242 568900.491828027 1.25089624458874 282226334.166498 330071640.139678 171665827.094809 237885253.308583 51648157.8590359 30585467.6283784 6621.27680539275 353458.991551758 1202113344.54172 1335311282.30433 715907321.431245 980714970.461725 197775159.283562 136442819.273488 4263.03442656997 98.4652433234246
10 103540.843114896 632514.098113411 1.2626048027468 225520424.940988 263752479.215745 137174124.629092 190088508.871406 41270827.7701376 24440127.2836436 6524.19432015968 353459.156885104 1258819844.62479 1401631129.05814 750399383.557253 1028512211.26112 208152597.165131 142588223.106228 3.30020025731161 2.91534621524492
11 103540.842983831 658795.75347917 1.27334331717127 180207686.764636 210757957.597757 109612385.174782 151894935.782304 32978478.1365451 19529489.6375176 6521.36265955316 353459.157016169 1304132583.26977 1454625651.22008 777961123.296821 1066705784.7439 216444946.884174 147498860.802683 0.00274146789340028 0.0850590426038366
12 103540.842983722 669653.581893708 1.28317617176225 143999419.593958 168411370.867451 87588493.7477343 121375414.027042 26352270.5163896 15605522.845658 6521.2800799185 353459.157016277 1340340850.44084 1496972237.95084 799985014.724106 1097225306.49949 223071154.504401 151422827.594584 2.37828655305659e-06 0.00248059256594955
13 103540.842983722 674139.314859904 1.29216636649267 115066306.057236 134573280.909015 69989757.2996329 96988033.5465282 21057435.0444757 12469979.8999538 6521.27767168765 353459.157016278 1369273963.97756 1530810327.90928 817583751.172207 1121612686.98001 228365989.976315 154558370.540289 6.40482796857229e-08 7.2362817403697e-05
14 103540.842983722 675992.429526965 1.30037494494892 91946611.0305885 107534147.387129 55927066.8457331 77500715.0285023 16826470.3689471 9964449.46142603 6521.27760138112 353459.157016278 1392393659.00421 1557849461.43116 831646441.626107 1141100005.49803 232596954.651843 157063900.978816 7.36326807914913e-08 2.05646116258049e-06
15 103540.842983722 676758.139162999 1.30786056053714 73472236.2131483 85927846.4888526 44689919.7256029 61928882.1788951 13445611.4447714 7962342.23706532 6521.277599353 353459.157016278 1410868033.82165 1579455762.32944 842883588.746237 1156671838.34764 235977813.576019 159066008.203177 8.01538828112794e-08 2.8459072330889e-08
16 103540.842983722 677074.451139254 1.31467916208463 58709767.6241465 68662724.3135561 35710561.3965562 49485771.3517563 10744041.0714738 6362502.17192078 16258.7552030935 353459.157016278 1425630502.41065 1596720884.50474 851862947.075284 1169114949.17478 238679383.949317 160665848.268322 8.09521595776005e-08 0
17 103540.842983722 677205.099339078 1.31943840111442 46913565.0054327 54866733.609916 28535451.7868813 39542891.1593882 8585305.13107192 5084122.64804892 16258.7552030935 353459.157016278 1437426705.02937 1610516875.20838 859038056.684959 1179057829.36715 240838119.889719 161944227.792194 -1.41000685798589e-07 -2.53270429591187e-13
18 103540.842983722 677259.128912903 1.32378618570445 37487406.685226 43842576.3654222 22801935.5586727 31597693.3799414 6860293.49779708 4062589.85696157 16258.7552030935 353459.157016278 1446852863.34957 1621541032.45287 864771572.913168 1187003027.1466 242563131.522994 162965760.583281 -1.41000685798589e-07 -2.53270429591188e-13
19 103540.842983722 677281.405797838 1.32775562052558 29955231.3037635 35033485.4317015 18220445.5904051 25248911.5027146 5481885.69734288 3246312.01831222 16258.7552030935 353459.157016278 1454385038.73103 1630350123.3866 869353062.881435 1193351809.02382 243941539.323448 163782038.42193 -1.41000685798589e-07 -2.53270429591191e-13
20 103540.842983722 677290.604570154 1.33137758145551 23936449.2198289 27994350.5201438 14559485.9947749 20175751.0036235 4380432.82966967 2594043.82460195 16258.7552030935 353459.157016278 1460403820.81497 1637389258.29815 873014022.477065 1198424969.52291 245042992.191121 164434306.615641 -1.41000685798589e-07 -2.53270429591194e-13
21 103540.842983722 677294.420245289 1.33468077993546 19127039.5653736 22369610.6756788 11634134.2910155 16121956.2752755 3500298.2805464 2072837.88885331 16258.7552030935 353459.157016278 1465213230.46942 1643013998.14262 875939374.180825 1202478764.25126 245923126.740244 164955512.551389 -1.41000685798589e-07 -2.53270429591198e-13
22 103540.842983722 677295.99143156 1.33769185236082 15283938.9979927 17874996.4837667 9296545.77179009 12882652.0903787 2797000.82241163 1656352.92056987 16258.7552030935 353459.157016278 1469056331.0368 1647508612.33453 878276962.70005 1205718068.43616 246626424.198379 165371997.519673 -1.41000685798589e-07 -2.53270429591201e-13
23 103540.842983722 677296.644779111 1.34043545608367 12213010.6651503 14283459.4357148 7428635.55493398 10294202.78345 2235012.90335128 1323549.89684462 16258.7552030935 353459.157016278 1472127259.36965 1651100149.38258 880144872.916906 1208306517.74309 247188412.11744 165704800.543398 -1.41000685798589e-07 -2.53270429591204e-13
24 103540.842983722 677296.915582866 1.34293437279572 9759105.86706262 11413548.7639255 5936033.53146124 8225835.34356247 1785941.90540549 1057615.02366521 25996.232806895 353459.157016278 1474581164.16773 1653970060.05437 881637474.940379 1210374885.18298 247637483.115385 165970735.416577 0 0
25 103540.842983722 677297.027628694 1.3447587077037 7798272.38968667 9120298.86820487 4743345.03828694 6573071.91003141 1427104.24912113 845115.336416435 25996.232806895 353459.157016278 1476541997.6451 1656263309.95009 882830163.433553 1212027648.61651 247996320.771669 166183235.103826 0 0
26 103540.842983722 677297.073946682 1.34642208269124 6231399.65362849 7287797.13869466 3790285.48268102 5252373.34330797 1140362.43917641 675310.01117455 25996.232806895 353459.157016278 1478108870.38116 1658095811.6796 883783222.989159 1213348347.18323 248283062.581614 166353040.429068 0 0
27 103540.842983722 677297.093070489 1.34793834332691 4979353.13549006 5823493.52480454 3028720.82544097 4197038.08606403 911234.650758078 539623.071617917 25996.232806895 353459.157016278 1479360916.8993 1659560115.29349 884544787.646399 1214403682.44048 248512190.370032 166488727.368624 0 0
28 103540.842983722 677297.100933793 1.34932020882078 3978870.91891809 4653401.4362635 2420171.63393707 3353743.4144221 728143.787667907 431198.689551563 25996.232806895 353459.157016278 1480361399.11587 1660730207.38203 885153336.837903 1215246977.11212 248695281.233123 166597151.750691 0 0
29 103540.842983722 677297.10417225 1.35057934808636 3179426.44485504 3718428.64131053 1933904.83150427 2679901.08710826 581843.35741099 344561.194490788 25996.232806895 353459.157016278 1481160843.58994 1661665180.17699 885639603.640336 1215920819.43943 248841581.663379 166683789.245751 0 0
30 103540.842983722 677297.105558474 1.35172645978603 2540599.52259069 2971302.5901852 1545334.59945465 2141441.40164499 464936.359340222 275330.16454686 25996.232806895 353459.157016278 1481799670.5122 1662412306.22811 886028173.872386 1216459279.1249 248958488.66145 166753020.275695 0 0
31 103540.842983722 677297.106131734 1.35277134374617 2030129.1766711 2374293.1648284 1234838.00975966 1711171.96195402 371518.950546496 220009.409312278 25996.232806895 353459.157016278 1482310140.85812 1663009315.65347 886338670.462081 1216889548.56459 249051906.070244 166808341.03093 0 0
32 103540.842983722 677297.106371966 1.35372297152744 1622224.98192032 1897237.73770051 986727.884647027 1367354.32254375 296871.41574981 175803.965651656 35733.7104106965 353459.157016278 1482718045.05287 1663486371.0806 886586780.587193 1217233366.204 249126553.605041 166852546.474591 0 0
33 103540.842983722 677297.106467104 1.35442838209487 1296281.91585984 1516038.15554407 788471.098027633 1092620.75275654 237222.98192982 140480.823529741 35733.7104106965 353459.157016278 1483043988.11893 1663867570.66276 886785037.373813 1217508099.77379 249186202.038861 166887869.616713 0 0
34 103540.842983722 677297.106506432 1.35507109059322 1035825.66460654 1211427.24497062 630047.051605888 873085.247537553 189558.806545882 112254.62657222 35733.7104106965 353459.157016278 1483304444.37018 1664172181.57333 886943461.420234 1217727635.27901 249233866.214245 166916095.81367 0 0
35 103540.842983722 677297.10652267 1.3556566167765 827701.970291464 968020.731469148 503454.59068019 697660.237925988 151471.625993862 89699.8199242847 35733.7104106965 353459.157016278 1483512568.0645 1664415588.08683 887070053.88116 1217903060.28862 249271953.394797 166938650.620318 0 0
36 103540.842983722 677297.106529347 1.35619000509428 661395.006249128 773520.060020962 402297.40184359 557482.057533753 121037.016482512 71676.7811226505 35733.7104106965 353459.157016278 1483678875.02854 1664610088.75828 887171211.069997 1218043238.46901 249302388.004308 166956673.65912 0 0
37 103540.842983722 677297.106532096 1.35667586199732 528505.904505515 618102.518331613 321466.824261867 445471.399509618 96717.9631995043 57275.3070122235 35733.7104106965 353459.157016278 1483811764.13029 1664765506.29997 887252041.647578 1218155249.12703 249326707.057591 166971075.13323 0 0
38 103540.842983722 677297.106533274 1.35711839366286 422315.745296029 493910.140782247 256876.035478013 355964.965553202 77284.8862499064 45767.2539922847 35733.7104106965 353459.157016278 1483917954.28949 1664889698.67752 887316632.436362 1218244755.56099 249346140.134541 166982583.18625 0 0
39 103540.842983722 677297.106533761 1.35752143873444 337461.88986233 394671.17053311 205263.1789326 284442.650643204 61756.4087112284 36571.4615144634 35733.7104106965 353459.157016278 1484002808.14493 1664988937.64777 887368245.292908 1218316277.8759 249361668.61208 166991778.978728 0 0
40 103540.842983722 677297.106533965 1.35788850010083 269657.278213604 315371.770361249 164020.625176425 227290.942427902 49347.9873893629 29223.3317851299 45471.188014498 353459.157016278 1484070612.75658 1665068237.04794 887409487.846664 1218373429.58412 249374077.033401 166999127.108458 0 0
41 103540.842983722 677297.106534046 1.35816213186551 215476.804586252 252006.182752916 131065.033487653 181622.859617261 39432.818968823 23351.6788203864 45471.188014498 353459.157016278 1484124793.23021 1665131602.63555 887442443.438353 1218419097.66693 249383992.201822 167004998.761423 0 0
42 103540.842983722 677297.106534079 1.35841137250535 172181.993421051 201371.683528275 104730.710003952 145130.173429939 31509.7552578825 18659.7282094594 45471.188014498 353459.157016278 1484168088.04137 1665182237.13477 887468777.761836 1218455590.35312 249391915.265532 167009690.712034 0 0
43 103540.842983722 677297.106534092 1.35863838777907 137586.256137811 160910.995850023 83687.6493633209 115969.834116319 25178.6448258226 14910.5147052778 45471.188014498 353459.157016278 1484202683.77866 1665222697.82245 887489820.822477 1218484750.69243 249398246.375965 167013439.925538 0 0
44 103540.842983722 677297.106534098 1.35884515314557 109941.580411726 128579.770145475 66872.6127901181 92668.4626846964 20119.5968440609 11914.6025007654 45471.188014498 353459.157016278 1484230328.45438 1665255029.04816 887506635.85905 1218508052.06386 249403305.423946 167016435.837742 0 0
45 103540.842983722 677297.1065341 1.35903346942383 87851.8492852583 102745.208370214 53436.403935142 74049.2886020422 16077.1182568527 9520.69143695306 45471.188014498 353459.157016278 1484252418.18551 1665280863.60993 887520072.067905 1218526671.23795 249407347.902534 167018829.748806 0 0
46 103540.842983722 677297.106534101 1.3592049784454 70200.1981250295 82101.105926256 42699.6833174865 59170.9198289253 12846.8199143529 7607.74452215803 45471.188014498 353459.157016278 1484270069.83667 1665301507.71237 887530808.788522 1218541549.60672 249410578.200876 167020742.695721 0 0
47 103540.842983722 677297.106534102 1.35936117651876 56095.2126261034 65604.9287150019 34120.242944267 47281.9937512718 10265.5706666438 6079.1572954745 45471.188014498 353459.157016278 1484284174.82217 1665318003.88959 887539388.228896 1218553438.5328 249413159.450124 167022271.282948 0 0
48 103540.842983722 677297.106534102 1.35950342742161 44824.2684947395 52423.242584004 27264.6248982728 37781.8477487574 8202.9584036061 4857.70114912269 55208.6656182995 353459.157016278 1484295445.7663 1665331185.57572 887546243.846942 1218562938.6788 249415222.062387 167023492.739094 0 0
49 103540.842983722 677297.106534102 1.35960969950858 35818.0214583752 41890.1833950023 21786.5221777237 30190.5882426363 6554.7916338446 3881.67503543465 55208.6656182995 353459.157016278 1484304452.01334 1665341718.63491 887551721.949662 1218570529.93831 249416870.229157 167024468.765208 0 0
50 103540.842983722 677297.106534102 1.35970648835929 28621.2631874661 33473.3722049083 17409.05163935 24124.5254956669 5237.76604213855 3101.74706122452 55208.6656182995 353459.157016278 1484311648.77161 1665350135.4461 887556099.420201 1218576596.00105 249418187.254748 167025248.693182 0 0
51 103540.842983722 677297.106534102 1.35979463879511 22870.5242033621 26747.7212366977 13911.1308354026 19277.2953670645 4185.36576298758 2478.52726736073 55208.6656182995 353459.157016278 1484317399.51059 1665356861.09707 887559597.341005 1218581443.23118 249419239.655028 167025871.912976 0 0
52 103540.842983722 677297.106534102 1.35987492083892 18275.2379915657 21373.4047801514 11116.0209747802 15403.9827655119 3344.41636405977 1980.52634372691 55208.6656182995 353459.157016278 1484321994.7968 1665362235.41352 887562392.450865 1218585316.54378 249420080.604427 167026369.913899 0 0
53 103540.842983722 677297.106534102 1.35994803597674 14603.3324975497 17079.0080410071 8882.56286563105 12308.9768907585 2672.44805223062 1582.59414903096 55208.6656182995 353459.157016278 1484325666.7023 1665366529.81026 887564625.908974 1218588411.54966 249420752.572738 167026767.846094 0 0
54 103540.842983722 677297.106534102 1.36001462338978 11669.1548664484 13647.4047844401 7097.83206726306 9835.79313899049 2135.48586935553 1264.61108920695 55208.6656182995 353459.157016278 1484328600.87993 1665369961.41352 887566410.639773 1218590884.73341 249421289.534921 167027085.829154 0 0
55 103540.842983722 677297.106534102 1.36007526529731 9324.52814770147 10905.2978996343 5671.69907815234 7859.53490455298 1706.41304582195 1010.51891350847 55208.6656182995 353459.157016278 1484330945.50665 1665372703.52041 887567836.772762 1218592860.99164 249421718.607745 167027339.92133 0 0
56 103540.842983722 677297.106534102 1.3601304920967 7450.99508012366 8714.14828829571 4532.11157260245 6280.35595777788 1363.55159292563 807.480157028594 55208.6656182995 353459.157016278 1484332819.03972 1665374894.67002 887568976.360267 1218594440.17059 249422061.469198 167027542.960086 0 0
57 103540.842983722 677297.106534102 1.36018078697037 5953.9001733688 6963.25369249661 3621.4947919945 5018.47230118033 1089.57930829589 645.236803302871 55208.6656182995 353459.157016278 1484334316.13462 1665376645.56461 887569886.977048 1218595702.05425 249422335.441482 167027705.20344 0 0
58 103540.842983722 677297.106534102 1.36022659003768 4757.61156119724 5564.16051769756 2893.84520893971 4010.13472587907 870.6553625431 515.59246640287 55208.6656182995 353459.157016278 1484335512.42323 1665378044.65779 887570614.626631 1218596710.39182 249422554.365428 167027834.847777 0 0
59 103540.842983722 677297.106534102 1.36026830219001 3801.6869879402 4446.17984609451 2312.3984660006 3204.39716676348 695.718664751083 411.996890748795 55208.6656182995 353459.157016278 1484336468.34781 1665379162.63846 887571196.073374 1218597516.12938 249422729.302126 167027938.443352 0 0
60 103540.842983722 677297.106534102 1.36030628859042 3037.83195350564 3552.82990165816 1847.77914950333 2560.55275876125 555.931195055125 329.216298825217 55208.6656182995 353459.157016278 1484337232.20284 1665380055.9884 887571660.692691 1218598159.97379 249422869.089595 167028021.223944 0 0
61 103540.842983722 677297.106534102 1.36034088184455 2427.45415778624 2838.97590409336 1476.51326596801 2046.07250684596 444.230461570571 263.068361129077 55208.6656182995 353459.157016278 1484337842.58064 1665380769.8424 887572031.958574 1218598674.45404 249422980.790329 167028087.371882 0 0
62 103540.842983722 677297.106534102 1.36037238489528 1939.71712258194 2268.55372494016 1179.84434619743 1634.96470688974 354.973308112538 210.211263044818 55208.6656182995 353459.157016278 1484338330.31767 1665381340.26458 887572328.627494 1218599085.56184 249423070.047482 167028140.22898 0 0
63 103540.842983722 677297.106534102 1.36040107366568 1549.97882316684 1812.74382328135 942.783733746147 1306.45888660872 283.650179687821 167.974496032144 55208.6656182995 353459.157016278 1484338720.05597 1665381796.07448 887572565.688106 1218599414.06766 249423141.370611 167028182.465747 0 0
64 103540.842983722 677297.106534102 1.36042719946083 1238.54876790456 1448.51761539844 753.354571287622 1043.95816261614 226.65766481278 134.224159704927 55208.6656182995 353459.157016278 1484339031.48603 1665382160.30069 887572755.117269 1218599676.56838 249423198.363126 167028216.216083 0 0
65 103540.842983722 677297.106534102 1.3604509911658 989.692964794426 1157.47375516433 601.986565664677 834.200538448667 181.116401788087 107.25512794313 55208.6656182995 353459.157016278 1484339280.34183 1665382451.34455 887572906.485275 1218599886.32601 249423243.904389 167028243.185115 0 0
66 103540.842983722 677297.106534102 1.36047265723671 790.838540118963 924.907913183263 481.032192504641 666.588486996297 144.725521830341 85.704851726855 55208.6656182995 353459.157016278 1484339479.19625 1665382683.91039 887573027.439648 1218600053.93806 249423280.295269 167028264.735391 0 0
67 103540.842983722 677297.106534102 1.36049238752746 631.939026883369 739.070463771071 384.380629180299 532.653959606889 115.646495195967 68.4845740968884 55208.6656182995 353459.157016278 1484339638.09577 1665382869.74784 887573124.091211 1218600187.87259 249423309.374295 167028281.955669 0 0
68 103540.842983722 677297.106534102 1.36051035494253 504.966446011363 590.572459629601 307.148810210467 425.63026731092 92.4101807112405 54.7242859154671 55208.6656182995 353459.157016278 1484339765.06835 1665383018.24585 887573201.32303 1218600294.89628 249423332.61061 167028295.715957 0 0
69 103540.842983722 677297.106534102 1.36052671695295 403.505875893884 471.911469532147 245.434821803883 340.110348271292 73.8426309390113 43.7287885074468 55208.6656182995 353459.157016278 1484339866.52892 1665383136.90684 887573263.037018 1218600380.4162 249423351.17816 167028306.711455 0 0
70 103540.842983722 677297.106534102 1.36054161696984 322.43131025356 377.09248498019 196.120740499171 271.773552196664 59.0057733198832 34.9425656888447 55208.6656182995 353459.157016278 1484339947.60349 1665383231.72582 887573312.3511 1218600448.753 249423366.015017 167028315.497677 0 0
71 103540.842983722 677297.106534102 1.36055518559806 257.646682525974 301.3250409342 156.715109721857 217.167352843944 47.1500169564557 27.9217180291732 55208.6656182995 353459.157016278 1484340012.38811 1665383307.49326 887573351.756731 1218600503.35919 249423377.870774 167028322.518525 0 0
72 103540.842983722 677297.106534102 1.36056754178008 205.878936358877 240.781205943042 125.22707369868 173.532929580325 37.67638397331 22.311537462079 55208.6656182995 353459.157016278 1484340064.15586 1665383368.0371 887573383.244766 1218600546.99362 249423387.344406 167028328.128706 0 0
