"Time" "IECs" "pheme_e" "BiomassCD" "pro_L_e" "leu_L_e" "ile_L_e" "val_L_e" "trp_L_e" "cys_L_e" "Drug" "Damage" "pro_L_v" "leu_L_v" "ile_L_v" "val_L_v" "trp_L_v" "cys_L_v" "CD" "pheme_c"
0 457000 1e+05 0.4963 224235600.199112 195370466.451958 120509812.093413 157438605.791629 18978882.6152 31300034.1459915 0 0 0 0 0 0 0 0 45700000 1000
1 286454.349175296 180814.273978066 0.594123778246098 524731161.947927 580112698.845172 312181989.382408 426962816.46244 85670723.8602876 59563651.5813551 0 170545.650824705 310107773.390035 324557129.386735 180018735.945153 243628835.732251 44503269.6579397 37225912.4813231 48532264.0458652 1047.46316639736
2 173833.260784986 322359.920267693 0.697811952642455 640754152.74995 726818557.874421 385611349.58203 530084458.060142 110710756.414015 70784190.6334393 0 283166.739215014 596757420.814096 646242376.972782 351707289.624709 479134477.286179 92890801.1687805 69251871.3711177 52252902.2604154 1632.2658169383
3 101136.246697055 443705.158705944 0.803528930805001 703834996.109033 805585418.564104 425134281.626022 585595836.815099 123875189.917481 77125805.1056105 0 355863.753302945 792928058.210993 869822397.874805 469999548.535927 641914762.821051 127122763.053615 90825910.308712 57057136.2176214 1984.71932393265
4 55749.2148328222 527850.424774644 0.907130676531213 744755986.678143 856608671.824549 450553343.458608 621466632.86852 132240638.444862 81416943.9439455 0 401250.785167178 912983090.020236 1007563810.1377 542574640.575374 741947215.704118 148346853.095656 103963391.706242 63165457.4612696 2115.50039219146
5 28706.8044512599 576533.884427026 1.00479456719057 772186878.024569 891516758.242335 467494649.746104 645706539.360828 137883680.998181 84442292.2667771 0 428293.195548741 980300358.690018 1085125108.49684 583314740.784593 798175175.034945 160331779.715384 111322328.969931 70824624.8629077 2102.89696383911
6 13579.2957407636 596681.632593827 1.09354974419262 789226633.181877 914615836.157805 477985050.708962 661238259.912645 141581313.354775 86483158.2236115 0 443420.704259237 1014731100.72177 1124941339.30832 604163473.475772 826990843.443167 166492570.145151 115090426.357927 80308687.3223673 2011.45152994951
7 5786.39630434908 595868.999594268 1.17156384334645 797881016.095146 928620597.487153 483311161.675712 669914256.833204 143806585.950235 87735927.9314514 0 451213.603695651 1030585260.03397 1143347246.73502 613766173.659621 840285810.747975 169342351.100771 116830130.03367 91917624.0358732 1883.02378703817
8 2171.35833560573 580702.642422369 1.23815239294277 800175123.951375 936121871.754538 484738930.774593 673534636.550084 144989519.29334 88412449.9521013 9737.47760380151 454828.641664395 1037044744.71243 1150880915.37964 617679114.814412 845714839.531445 170509107.446808 117541782.593018 105972253.671676 1741.95055122162
9 2085.64000546747 742900.278200279 1.2508960576707 796837213.793046 932214069.129884 482717746.584527 670724497.600362 144390424.47458 88045996.6176775 7074.92386505208 454914.359994533 1040659134.8354 1155109364.66313 619868683.888998 848757192.51626 171164049.813742 117941151.766215 5.23436720196827 835.519305706349
10 2085.6399962057 816641.811398626 1.26260463610068 793245123.731523 928011709.055316 480541686.543736 667700915.417968 143739521.882117 87649091.0217514 6497.36325277912 454914.360003795 1044251224.92671 1159311724.77223 622044743.947929 851780774.723671 171814952.412239 118338057.365698 0.000122187925122243 257.959942743982
11 2085.63999620544 848138.476702508 1.27334316925916 789669226.549003 923828292.912591 478375436.022193 664690963.322735 143091553.510251 87253974.6469281 6323.80934670257 454914.360003795 1047827122.10923 1163495140.91496 624210994.469472 854790726.818904 172462920.784105 118733173.740521 3.98931175878471e-08 84.4060367127085
12 2085.63999620544 861591.408335211 1.28317604110337 786109449.277312 919663735.336468 476218950.816445 661694579.894859 142446506.137463 86860639.4309032 6267.52688078494 454914.360003795 1051386899.38092 1167659698.49108 626367479.67522 857787110.24678 173107968.156893 119126508.956546 -3.85487910974813e-08 28.1235707952073
13 2085.63999620544 867337.45739134 1.29216625167486 782565719.248945 915517951.313762 474072186.905087 658711703.967675 141804366.596081 86469077.3443294 6248.82985125152 454914.360003795 1054930629.40929 1171805482.51379 628514243.586578 860769986.173964 173750107.698275 119518071.04312 -1.55226104624499e-08 9.4265412617807
14 2085.63999620544 869791.72385457 1.30037484491493 779037964.123977 911390856.214521 471935100.46516 655742274.650252 141165121.77779 86079280.3940548 6242.56920367773 454914.360003795 1058458384.53425 1175932577.61303 630651330.026505 863739415.491387 174389352.516566 119907867.993394 -1.55226104624499e-08 3.16589368799289
15 2085.63999620544 870839.995953867 1.3078604741106 775526111.888589 907282365.790298 469807647.871254 652786231.326152 140528758.633368 85691240.6229604 6240.46728003127 454914.360003795 1061970236.76964 1180041068.03725 632778782.620412 866695458.815486 175025715.660989 120295907.764489 -1.55226104624499e-08 1.06397004153108
16 2085.63999620544 871287.73645203 1.3146790873787 772030090.853593 903192396.172435 467689785.694621 649843513.652192 139895264.172417 85304950.1097974 15977.2385646997 454914.360003795 1065466257.80464 1184131037.65512 634896644.797044 869638176.489446 175659210.121939 120682198.277652 0 0.357650908486531
17 2085.63999620544 871478.976297074 1.31943834092166 768549829.663629 899120863.882815 465581470.708743 646914061.566182 139264625.465031 84920400.9702028 15976.902851451 454914.360003795 1068946518.9946 1188202569.94474 637004959.782922 872567628.575456 176289848.829325 121066747.417247 0 0.021937659788328
18 2085.63999620544 871560.6591944 1.32378613151958 765085257.253032 895067685.78223 463482659.862596 643997815.249779 138636829.633797 84537585.3518232 15976.8822594831 454914.360003795 1072411091.4052 1192255748.04533 639103770.629069 875483874.89186 176917644.660559 121449563.035626 0 0.0013456918662586
19 2085.63999620544 871595.547808858 1.32775557231657 761636302.908467 891032779.143665 461393310.318595 641094715.181205 138011863.865147 84156495.4412359 15976.880996303 454914.360003795 1075860045.74977 1196290654.68389 641193120.17307 878386974.960433 177542610.429209 121830652.946213 0 8.25117288370241e-05
20 2085.63999620544 871610.448939105 1.33137753838876 758202896.224747 887016061.600603 459313379.425828 638204702.098064 137389715.401349 83777123.4590667 15976.8809188994 454914.360003795 1079293452.43349 1200307372.22695 643273051.065836 881276988.043574 178164758.893007 122210024.928383 0 5.10820258330032e-06
21 2085.63999620544 871616.819844521 1.33468079833771 754784966.959403 883017450.976889 457242824.631959 635327716.874923 136770371.514158 83399461.6439209 15976.8809141071 454914.360003795 1082711381.69883 1204305982.85067 645343605.859706 884153973.266715 178784102.780198 122587686.743529 0 3.15842753835173e-07
22 2085.63999620544 871619.540085707 1.33769197492945 751382445.342185 879036865.648814 455181603.670716 632463700.783832 136153819.560895 83023502.2865811 15976.8809138138 454914.360003795 1086113903.31605 1208286568.17874 647404826.820949 887017989.357806 179400654.733461 122963646.100868 0 2.25767300432936e-08
23 2085.63999620544 871620.673138998 1.34043536263368 747995262.827447 875074225.425327 453129675.017683 629612596.127634 135540047.120788 82649237.813142 15976.8809137979 454914.360003795 1089501085.83079 1212249208.40223 649456755.473982 889869094.014004 180014427.173568 123337910.574307 0 6.67368314712097e-09
24 2085.63999620544 871621.191952897 1.34293407506627 744623349.458476 871129448.464574 451086996.29363 626774344.021423 134929041.51737 82276660.4937831 25714.3585175573 454914.360003795 1092872999.19976 1216193985.36298 651499434.198034 892707346.120215 180625432.776986 123710487.893666 0 0
25 2085.63999620544 871621.404165185 1.3447591478034 741266641.56006 867202460.273389 449053528.924613 623948890.867649 134320791.212412 81905763.2927544 25714.3585175573 454914.360003795 1096229707.09818 1220120973.55416 653532901.567051 895532799.273989 181233683.081944 124081385.094695 0 0
26 2085.63999620544 871621.480761427 1.34642264328053 737925059.020416 863293167.129579 447029224.379542 621136169.233547 133715281.689304 81536537.3581578 25714.3585175573 454914.360003795 1099571289.63782 1224030266.69797 655557206.112123 898345520.908091 181839192.605052 124450611.029291 0 0
27 2085.63999620544 871621.518550737 1.34793980849019 734598535.471333 859401491.389455 445014042.453072 618336123.254779 133112500.921834 81168975.3566821 25714.3585175573 454914.360003795 1102897813.1869 1227921942.4381 657572388.038592 901145566.886859 182441973.372522 124818173.030767 0 0
28 2085.63999620544 871621.53970968 1.34931994014153 731287019.606968 855527373.030685 443007952.064527 615548709.745502 132512439.613156 80803071.6193224 25714.3585175573 454914.360003795 1106209329.05127 1231796060.79687 659578478.427137 903932980.396136 183042034.6812 125184076.768127 0 0
29 2085.63999620544 871621.59412703 1.35057856366815 727990427.294658 851670713.627077 441010902.246997 612773857.888443 131915082.51806 80438816.8498963 25714.3585175573 454914.360003795 1109505921.36358 1235652720.20048 661575528.244667 906707832.253195 183639391.776296 125548331.537553 0 0
30 2085.63999620544 871621.678048758 1.35172545112659 724708694.12981 847831437.832166 439022853.984684 610011513.472106 131320417.966148 80076203.932061 25714.3585175573 454914.360003795 1112787654.52843 1239491995.99539 663563576.50698 909470176.669532 184234056.328208 125910944.455388 0 0
31 2085.63999620544 871621.781259851 1.35277038426055 721441754.745087 844009469.173178 437043767.678568 607261621.47462 130728434.112571 79715225.6430964 25714.3585175573 454914.360003795 1116054593.91315 1243313964.65438 665542662.813096 912220068.667019 184826040.181785 126271922.744353 0 0
32 2085.63999620544 871621.844338879 1.35372190529808 718189542.571797 840204729.771884 435073603.001854 604524125.862892 130139118.894787 79355874.6275392 35451.8361213588 454914.360003795 1119306806.08644 1247118704.05567 667512827.48981 914957564.278746 185415355.399569 126631273.75991 0 0
33 2085.63999620544 871621.678857974 1.35442805625634 714951998.565787 836417150.552959 433112324.186059 601798976.937488 129552461.613735 78998144.3613451 35451.8361213588 454914.360003795 1122544350.09245 1250906283.2746 669474106.305605 917682713.20415 186002012.680621 126989004.026104 0 0
34 2085.63999620544 871621.631689816 1.35507138081338 711729034.343593 832646628.11723 431159877.68917 599086100.303094 128968446.25394 78642025.078642 35451.8361213588 454914.360003795 1125767314.31464 1254676805.71032 671426552.802493 920395589.838544 186586028.040416 127345123.308807 0 0
35 2085.63999620544 871621.627850357 1.35565719582996 708520601.853217 828893106.249014 429216234.401665 596385455.512738 128387064.108169 78287511.4699567 35451.8361213588 454914.360003795 1128975746.80502 1258430327.57854 673370196.089998 923096234.6289 187167410.186187 127699636.917492 0 0
36 2085.63999620544 871621.613366378 1.35619088686102 705326631.551622 825156503.590416 427281352.194916 593696984.029723 127808302.574915 77934595.8511775 35451.8361213588 454914.360003795 1132169717.10662 1262166930.23714 675305078.296748 925784706.111915 187746171.719441 128052552.536272 0 0
37 2085.63999620544 871621.577870428 1.35667561679886 702147075.415541 821436763.959365 425355201.976802 591020645.431262 127232152.952151 77583272.9160056 35451.8361213588 454914.360003795 1135349273.2427 1265886669.86819 677231228.514862 928461044.710376 188322321.342205 128403875.471444 0 0
38 2085.63999620544 871621.479771309 1.35711743481686 698981848.953163 817733788.509506 423437732.562848 588356368.597774 126658599.929586 77233533.3285748 35451.8361213588 454914.360003795 1138514499.70507 1269589645.31805 679148697.928816 931125321.543864 188895874.36477 128753615.058874 0 0
39 2085.63999620544 871621.304487078 1.35752043308782 695830884.578721 814047498.172739 421528903.010122 585704096.640063 126087631.260382 76885369.6210406 35451.8361213588 454914.360003795 1141665464.07952 1273275935.65481 681057527.481542 933777593.501575 189466843.033974 129101778.766409 0 0
40 2085.63999620544 871621.057663173 1.35788742085139 692694124.630107 810377825.490585 419628678.387374 583063781.022006 125519236.495909 76538775.422067 45189.3137251603 454914.360003795 1144802224.02813 1276945608.33697 682957752.10429 936417909.119632 190035237.798447 129448372.965382 0 0
41 2085.63999620544 871621.344905055 1.3581615907806 689571514.23436 806724706.267564 417737025.452991 580435375.555199 124953405.692944 76193744.6685026 45189.3137251603 454914.360003795 1147924834.42388 1280598727.55999 684849405.038673 939046314.586439 190601068.601412 129793403.718946 0 0
42 2085.63999620544 871621.374565919 1.35841124130078 686462960.051178 803088031.305536 415853887.662151 577818801.671992 124390121.937813 75850267.0467733 45189.3137251603 454914.360003795 1151033388.60706 1284235402.52202 686732542.829513 941662888.469646 191164352.356543 130136881.340676 0 0
43 2085.63999620544 871621.277248896 1.35863879447663 683368412.022578 799467742.042027 413979234.690117 575214017.236909 123829376.159787 75508337.0257552 45189.3137251603 454914.360003795 1154127936.63566 1287855691.78553 688607195.801546 944267672.904729 191725098.134569 130478811.361694 0 0
44 2085.63999620544 871621.139040591 1.35884579806092 680287821.129986 795863781.130568 412113036.841824 572620980.98938 123271159.476484 75167949.1891741 45189.3137251603 454914.360003795 1157208527.52825 1291459652.69699 690473393.64984 946860709.152258 192283314.817872 130819199.198275 0 0
45 2085.63999620544 871621.084179927 1.35903438508354 677221114.74824 792276063.607507 410255250.121514 570039631.798379 122715458.727904 74829095.5123608 45189.3137251603 454914.360003795 1160275233.91 1295047370.22005 692331180.370149 949442058.343259 192839015.566452 131158052.875088 0 0
46 2085.63999620544 871621.155061278 1.35920610447063 674168233.05395 788704519.485893 408405838.288648 567469919.308561 122162263.073784 74491769.3851698 45189.3137251603 454914.360003795 1163328115.60429 1298618914.34166 694180592.203016 952011770.833077 193392211.220572 131495379.002279 0 0
47 2085.63999620544 871621.349970386 1.35936238625155 671129117.822827 785149080.649556 406564766.071406 564911794.510597 121611561.963626 74155964.3741472 45189.3137251603 454914.360003795 1166367230.83541 1302174353.178 696021664.420257 954569895.631041 193942912.33073 131831184.013302 0 0
48 2085.63999620544 871621.566935471 1.35950472788904 668103701.502806 781609668.069824 404731992.547277 562365200.543658 121063343.156698 73821673.0151726 54926.7913289618 454914.360003795 1169392647.15543 1305713765.75773 697854437.944387 957116489.59798 194491131.137658 132165475.372276 0 0
49 2085.63999620544 871621.563168946 1.3596111171743 665091944.648148 778086235.599414 402907493.82034 559830104.204948 120517599.505256 73488890.9497153 54926.7913289618 454914.360003795 1172404404.01009 1309237198.22814 699678936.671324 959651585.93669 195036874.7891 132498257.437733 0 0
50 2085.63999620544 871621.563878716 1.35970817951362 662093721.621398 774578636.25598 401091193.780409 557306399.741225 119974308.243239 73157604.2955486 54926.7913289618 454914.360003795 1175402627.03684 1312744797.57157 701495236.711255 962175290.400414 195580166.051117 132829544.0919 0 0
51 2085.63999620544 871621.568836502 1.35979631825966 659109030.766123 771086868.101671 399283091.42403 554794085.758212 119433469.070494 72827812.8696458 54926.7913289618 454914.360003795 1178387317.89211 1316236565.72588 703303339.067634 964687604.383426 196121005.223862 133159335.517803 0 0
52 2085.63999620544 871621.577341179 1.35987677860805 656137776.169438 767610818.928704 397483128.647927 552293081.522834 118895064.607182 72499506.074177 54926.7913289618 454914.360003795 1181358572.4888 1319712614.89885 705103301.843737 967188608.618804 196659409.687174 133487642.313272 0 0
53 2085.63999620544 871621.589855682 1.35994925776443 653179987.319423 764150523.234965 395691323.315749 549803411.856189 118359100.196673 72172687.1674075 54926.7913289618 454914.360003795 1184316361.33881 1323172910.59259 706895107.175915 969678278.285449 197195374.097683 133814461.220041 0 0
54 2085.63999620544 871621.602812634 1.36001644916361 650235413.518038 760705687.730641 393907523.556585 547324865.737365 117825530.411376 71847328.4486249 54926.7913289618 454914.360003795 1187260935.1402 1326617746.09691 708678906.935079 972156824.404273 197728943.88298 134139819.938824 0 0
55 2085.63999620544 871621.618219374 1.36007701328622 647304178.701075 757276457.407312 392131804.449769 544857547.487258 117294377.709003 71523443.6120317 54926.7913289618 454914.360003795 1190192169.95716 1330046976.42024 710454626.041895 974624142.65438 198260096.585353 134463704.775417 0 0
56 2085.63999620544 871621.640122593 1.36013172806033 644386194.27844 753862728.624073 390364112.328113 542401382.536626 116765626.036637 71201022.8689246 54926.7913289618 454914.360003795 1193110154.3798 1333460705.20348 712222318.16355 977080307.605012 198788848.257719 134786125.518524 0 0
57 2085.63999620544 871621.671842417 1.3601813522728 641481375.838311 750464402.628146 388604396.0556 539956299.83322 116239260.098484 70880056.8922757 54926.7913289618 454914.360003795 1196014972.81993 1336859031.19941 713982034.436065 979525390.308418 199315214.195872 135107091.495173 0 0
58 2085.63999620544 871621.715411985 1.360226610805 638589646.369981 747081389.325263 386852608.979742 537522234.554556 115715265.939862 70560537.1728381 54926.7913289618 454914.360003795 1198906702.28825 1340242044.50229 715733821.511922 981959455.587082 199839208.354494 135426611.21461 0 0
59 2085.63999620544 871621.775262425 1.36026817119218 635710931.778333 743713602.032086 385108706.214301 535099124.332298 115193630.13441 70242455.5235213 54926.7913289618 454914.360003795 1201785416.8799 1343609831.79547 717477724.277363 984382565.80934 200360844.159946 135744692.863927 0 0
60 2085.63999620544 871621.88132065 1.36030609125701 632845188.967244 740360990.330773 383372661.65198 532686932.890999 114674344.872919 69925807.1824479 54926.7913289618 454914.360003795 1204651159.69099 1346962443.49678 719213768.839684 986794757.250639 200880129.421436 136061341.205001 0 0
61 2085.63999620544 871622.055505336 1.36034062033316 629992365.103789 737023492.412469 381644443.287009 530285615.759424 114157400.581831 69610586.3118793 54926.7913289618 454914.360003795 1207503983.55445 1350299941.41509 720941987.204655 989196074.382214 201397073.712525 136376562.075569 0 0
62 2085.63999620544 871622.314897928 1.36037212343299 627152401.473714 733701039.587795 379924015.550751 527895123.515823 113642786.621862 69296786.424223 54926.7913289618 454914.360003795 1210343947.18452 1353622394.23976 722662414.940913 991586566.625815 201911687.672494 136690361.963226 0 0
63 2085.63999620544 871622.582679808 1.36040092887873 624325239.522169 730393563.353856 378211342.971136 525515406.872622 113130492.382615 68984401.0494998 54926.7913289618 454914.360003795 1213171109.13607 1356929870.4737 724375087.520528 993966283.269016 202423981.911741 137002747.337949 0 0
64 2085.63999620544 871622.106228573 1.36042706753429 621510822.116978 727100996.872137 376506390.937941 523146417.739762 112620507.511487 68673423.8749282 54926.7913289618 454914.360003795 1215985526.54126 1360222436.95542 726080039.553723 996335272.401876 202933966.782869 137313724.51252 0 0
65 2085.63999620544 871621.570535797 1.36045084626958 618709091.954543 723823273.103572 374809124.737093 520788107.88289 112112821.624814 68363848.5687851 54926.7913289618 454914.360003795 1218787256.70369 1363500160.72398 727777305.754571 998693582.258748 203441652.669542 137623299.818664 0 0
66 2085.63999620544 871621.608392069 1.36047250782167 615919991.298656 720560324.502992 373119509.39245 518440428.703511 111607424.260538 68055668.7515469 54926.7913289618 454914.360003795 1221576357.35958 1366763109.32456 729466921.099214 1001041261.43813 203947050.033818 137931479.635902 0 0
67 2085.63999620544 871621.690517908 1.36049223524486 613143463.306757 717312084.570697 371437510.469234 516103332.355343 111104305.118538 67748878.1424328 54926.7913289618 454914.360003795 1224352885.35148 1370011349.25686 731148920.022431 1003378357.7863 204450169.175818 138238270.245016 0 0
68 2085.63999620544 871621.604176545 1.36051020283369 610379450.654951 714078486.243881 369763093.241077 513776770.58695 110603453.811469 67443470.4074772 54926.7913289618 454914.360003795 1227116898.00328 1373244947.58367 732823337.250587 1005704919.55469 204951020.482887 138543677.979971 0 0
69 2085.63999620544 871621.57524654 1.36052656538681 607627897.658992 710859464.377949 368096223.9749 511460696.527043 110104860.249101 67139439.3938865 54926.7913289618 454914.360003795 1229868450.99924 1376463969.4496 734490206.516764 1008020993.6146 205449614.045255 138847708.993562 0 0
70 2085.63999620544 871621.568105822 1.36054146449856 604888748.886339 707654954.122772 366436869.090104 509155063.516199 109608514.386812 66836778.976679 54926.7913289618 454914.360003795 1232607599.7719 1379668479.70478 736149561.40156 1010326626.62544 205945959.907544 139150369.41077 0 0
71 2085.63999620544 871621.563430151 1.36055503282707 602161947.595512 704464889.096906 364784994.213143 506859823.793219 109114405.942795 66535482.8862427 54926.7913289618 454914.360003795 1235334401.06272 1382858544.73065 737801436.278521 1012621866.34842 206440068.351561 139451665.501206 0 0
72 2085.63999620544 871621.56136649 1.36056738571663 599447439.922843 701289206.285637 363140566.71383 504574932.019257 108622525.156715 66235545.1709476 54926.7913289618 454914.360003795 1238048908.73539 1386034227.54192 739445863.777834 1014906758.12238 206931949.137641 139751603.216501 0 0
