"Time" "IECs" "pheme_e" "BiomassCD" "pro_L_e" "leu_L_e" "ile_L_e" "val_L_e" "trp_L_e" "cys_L_e" "Drug" "Damage" "pro_L_v" "leu_L_v" "ile_L_v" "val_L_v" "trp_L_v" "cys_L_v" "CD" "pheme_c"
0 457000 1e+05 0.4963 224235600.199112 195370466.451958 120509812.093413 157438605.791629 18978882.6152 31300034.1459915 0 0 0 0 0 0 0 0 45700000 1000
1 402591.608707842 117186.304521849 0.59412377805599 215748304.994029 225021792.918232 125030795.513206 169117907.987791 30681846.3185859 26006452.5781559 0 54408.3912921584 203185919.832755 196633172.917813 114005016.929557 151993896.78902 23771025.1328199 26186403.8240244 48532264.0499759 686.332589257862
2 351558.295819695 165623.96183116 0.697811987133759 220759192.648288 245269253.740298 131598136.206769 180186138.357879 36419049.5186005 24957829.0077544 0 105441.704180305 380715398.278329 388633260.397551 218557432.056208 294405903.32311 51307073.3766082 46831819.5434743 52252900.5378596 840.493684926381
3 303502.923328864 220502.449152357 0.803529037682712 232313870.96888 264606211.009872 140045793.129296 192692714.310495 40481708.9019623 25568908.379618 0 153497.076671136 540934024.543493 569158597.317342 314673040.593822 426371057.229687 78575844.5541924 64674003.2080898 57057131.6860518 986.074572470219
4 258206.346671392 273832.25243747 0.907130843162823 248307356.336743 285957364.6867 150404827.794366 207423305.724559 44283791.1262915 27021950.4737537 0 198793.653328608 686693799.017648 736195905.958939 402776745.913141 547747873.692945 104306203.306606 80614846.5504233 63165448.9529658 1096.50061070059
5 215646.218222398 322564.577412157 1.00479472219884 268002274.439322 310403314.355358 162692101.478496 224675600.886471 48333887.008016 29030513.0274197 0 241353.781777602 818763023.974076 888757530.509645 482871096.282704 658284994.571357 128004050.12732 94949373.3211709 70824613.7761174 1175.43792106623
6 176001.149483024 364992.325898321 1.09355022078867 290942519.812903 338207734.256779 176809986.583068 244436301.07824 52804443.2792661 31469573.5232497 0 280998.850516976 936894112.256846 1025836951.49528 554625671.782013 757430432.548563 149380374.192431 107734019.221261 80308684.980429 1229.38002298889
7 139630.100047156 399722.837979769 1.17156398487398 316536522.382032 369077263.306434 192473706.432216 266384373.872988 57704263.830162 34249514.4895091 0 317369.899952844 1040311263.09704 1146234617.0494 617493082.720947 844389182.372934 168192186.926183 118920561.238375 91917615.6779249 1262.31684280353
8 107018.794666044 425500.326532603 1.23815211719451 343857294.081099 402193684.06456 209152749.764974 289847924.21203 62929517.7381991 37266754.661142 9737.47760380151 349981.205333956 1128100714.08315 1248748615.37132 670883459.354215 918326858.790278 184226447.078843 128426062.333089 105972224.532967 1275.72356029677
9 101835.681452569 555866.157839162 1.29357865393484 290442843.356576 339914744.437095 176670217.355479 244895252.487702 53189960.0662904 31490129.2271141 6741.48886144674 355164.318547431 1199743399.90027 1332584122.85363 714461811.680564 978730705.653676 197344789.508076 136193003.241091 1540933.05984219 1021.8762729157
10 101664.837573509 628124.605083083 1.33875764939741 233523278.77203 273304664.143849 142047481.896824 196903641.403919 42766957.5999846 25319095.8748234 5421.75565927435 355335.162426491 1257265385.73611 1399904742.83988 749451249.808052 1027232307.16007 207879165.037747 142429640.642941 218851.505103946 537.381120851578
11 101632.599779242 658814.532932132 1.37495896325062 187470320.586637 219407017.402056 114034443.276082 158072635.096322 34333037.2278836 20325951.4475731 4868.48550991579 355367.400220758 1303432344.43574 1453936466.56803 777533682.074605 1066159689.61612 216334101.790399 147435164.38319 57838.3894729277 252.802506382632
12 101623.153675168 671663.461765882 1.40357092237895 150454622.686696 176085558.491988 91518547.9515468 126861496.691461 27554059.8605408 16312623.91062 4633.71864861462 355376.846324833 1340481525.61478 1497297211.82495 800069959.086754 1097399102.35101 223119237.378332 151452119.224107 18972.2625902742 113.012806531296
13 101619.923460388 677022.867878345 1.42594009948085 120735584.336499 141303692.259573 73441053.6772807 101802771.53125 22111358.8171925 13090416.7369747 4534.21734938848 355380.076539612 1370212036.71789 1532092512.52063 818154436.958299 1122467506.21815 228564044.343225 154675566.800228 6782.49416232413 48.5884894161153
14 101618.748134933 679254.737914087 1.44328042448399 96882895.8063905 113387535.1005 58931939.428858 81690474.7248093 17743008.7092734 10504254.1669801 4492.68580311414 355381.251865067 1394068906.51217 1560013557.85827 832666096.387579 1142583327.65958 232933160.710508 157262180.695197 2514.28737584569 20.2457303337018
15 101618.309083601 680183.31466952 1.45663399047916 77741124.3798799 90984832.8678314 47288381.0132905 65550365.7119577 14237409.1774812 8428860.82904883 4475.67904756987 355381.690916399 1413212241.99319 1582418086.10543 844310606.859185 1158724754.2499 236439046.487763 159337742.62884 946.892500572168 8.23497237679054
16 101618.143162962 680569.398394188 1.4668652149245 62380767.8138333 73007737.0166806 37944981.5942846 52598700.1893653 11424333.1309645 6763457.36067715 14206.3129982843 355381.856837038 1428573190.28109 1600395872.02052 853654366.465072 1171676917.9808 239252230.709643 161003209.810737 359.164379847147 3.29039226260306
17 101618.139335936 680730.228489001 1.47467364917631 50054963.1692344 58582151.3932847 30447439.5397562 42205732.5036154 9167001.20641955 5427067.03349489 14203.0376380983 355381.860664064 1440899008.582 1614821473.56052 861151916.832325 1182069897.16143 241509565.12931 162339601.607497 1.01736597408047e-08 0.0596302901860561
18 101618.139335936 680796.733606637 1.48061529617852 40164603.1748001 47006904.3080136 24431330.0694759 33866301.9684608 7355693.4706738 4354732.87766473 14202.9790719842 355381.860664064 1450789368.57643 1626396720.64579 867168026.302605 1190409327.69658 243320872.865056 163411935.763327 1.27673338361639e-08 0.00106417610408923
19 101618.139335936 680824.226435399 1.48512621643503 32228479.4563146 37718810.3465758 19603943.6965871 27174659.5503945 5902282.03861093 3494281.23252593 14202.9780268214 355381.860664064 1458725492.29491 1635684814.60723 871995412.675494 1197100970.11465 244774284.297119 164272387.408466 1.55416658236334e-08 1.90133850059598e-05
20 101618.139335936 680835.591307095 1.48854502652875 25860460.7125856 30265958.2316091 15730404.4227256 21805224.060708 4736051.32320914 2803846.909841 14202.9780081307 355381.860664064 1465093511.03864 1643137666.72219 875868951.949356 1202470405.60434 245940515.012521 164962821.731151 1.89287344584558e-08 3.22647091417605e-07
21 101618.139335936 680840.290587432 1.49113276835855 20750686.0362492 24285700.2367596 12622230.014655 17496724.5735731 3800253.79871314 2249834.12192276 14202.978007775 355381.860664064 1470203285.71498 1649117924.71704 878977126.357426 1206778905.09147 246876312.537017 165516834.519069 -1.75392269455525e-07 -3.29222000166242e-08
22 101618.139335936 680842.232641689 1.49308951480945 16650556.6820787 19487087.2052011 10128202.7951321 14039545.6687107 3049361.41249601 1805289.25679418 14202.9780077709 355381.860664064 1474303415.06915 1653916537.7486 881471153.576949 1210236083.99633 247627204.923234 165961379.384198 -1.51212317141429e-07 -3.70335963062259e-08
23 101618.139335936 680843.035770179 1.4945680323411 13360566.2997425 15636625.5834667 8126967.01529778 11265466.032554 2446836.82962864 1448581.40578399 14202.9780077709 355381.860664064 1477593405.45149 1657766999.37034 883472389.356784 1213010163.63249 248229729.506101 166318087.235208 -1.51212317141429e-07 -3.70345963062264e-08
24 101618.139335936 680843.367334493 1.4956845621145 10720647.7326607 12546979.7347652 6521157.00422366 9039518.9971546 1963365.5581092 1162355.74264482 23940.4556115724 355381.860664064 1480233324.01857 1660856645.21904 885078199.367858 1215236110.66789 248713200.777621 166604312.898347 0 0
25 101618.139335936 680843.504519648 1.49652735780304 8602372.95570715 10067843.0853881 5232652.54599793 7253415.62308984 1575427.45554365 932687.823980679 23940.4556115724 355381.860664064 1482351598.79552 1663335781.86842 886366703.826084 1217022214.04195 249101138.880187 166833980.817011 0 0
26 101618.139335936 680843.561265998 1.49716334986366 6902627.12854811 8078534.51192908 4198730.93206321 5820210.73863786 1264138.20345705 748397.716470118 23940.4556115724 355381.860664064 1484051344.62268 1665325090.44188 887400625.440018 1218455418.92641 249412428.132273 167018270.924522 0 0
27 101618.139335936 680843.584708684 1.49764315502032 5538735.72392877 6482295.34421116 3369102.89017376 4670194.19397031 1014356.89587124 600521.669608373 23940.4556115724 355381.860664064 1485415236.0273 1666921329.60959 888230253.481908 1219605435.47108 249662209.439859 167166146.971383 0 0
28 101618.139335936 680843.594363951 1.49800506830437 4444330.41120937 5201450.97522061 2703397.88349237 3747405.02473243 813928.922563353 481863.885886504 23940.4556115724 355381.860664064 1486509641.34002 1668202173.97858 888895958.488589 1220528224.64031 249862637.413167 167284804.755105 0 0
29 101618.139335936 680843.598317974 1.49827799801326 3566188.54924781 4173711.94106561 2169241.63690787 3006966.55111157 653107.157880547 386653.851795167 23940.4556115724 355381.860664064 1487387783.20198 1669229913.01274 889430114.735174 1221268663.11393 250023459.17785 167380014.789197 0 0
30 101618.139335936 680843.600027232 1.49848382761233 2861545.36711231 3349028.21420834 1740621.18996768 2412820.04150057 524059.716992574 310254.918662099 23940.4556115724 355381.860664064 1488092426.38412 1670054596.7396 889858735.182114 1221862809.62354 250152506.618738 167456413.72233 0 0
31 101618.139335936 680843.600734216 1.49863903169248 2296132.70592127 2687293.83223337 1396691.90250777 1936071.00361389 420510.773609297 248951.658813604 23940.4556115724 355381.860664064 1488657839.04531 1670716331.12157 890202664.469573 1222339558.66143 250256055.562121 167517716.982178 0 0
32 101618.139335936 680843.601030715 1.49875605518068 1842439.95362268 2156311.5715666 1120719.61583297 1553522.82597158 337422.069825748 199761.312373621 33677.9332153739 355381.860664064 1489111531.79761 1671247313.38224 890478636.756248 1222722106.83907 250339144.265904 167566907.328618 0 0
33 101618.139335936 680843.601148545 1.49884428547483 1478395.35782848 1730249.61338238 899278.521515439 1246564.87701597 270751.413460404 160290.81235793 33677.9332153739 355381.860664064 1489475576.3934 1671673375.34042 890700077.850565 1223029064.78802 250405814.922269 167606377.828634 0 0
34 101618.139335936 680843.601197285 1.49891080711989 1186278.71127867 1388368.99797125 721589.769566697 1000255.69479861 217253.548677573 128618.895687738 33677.9332153739 355381.860664064 1489767693.03995 1672015255.95584 890877766.602514 1223275373.97024 250459312.787052 167638049.745304 0 0
35 101618.139335936 680843.60121742 1.49896095889092 951881.675525527 1114040.90410767 579010.710018441 802614.982184555 174326.378753074 103205.063673039 33677.9332153739 355381.860664064 1490002090.07571 1672289584.0497 891020345.662062 1223473014.68286 250502239.956977 167663463.577319 0 0
36 101618.139335936 680843.601225713 1.49899876894756 763798.254416678 893916.250080595 464603.302040125 644025.342774651 139881.024305744 82812.6536178032 33677.9332153739 355381.860664064 1490190173.49682 1672509708.70373 891134753.07004 1223631604.32227 250536685.311424 167683855.987374 0 0
37 101618.139335936 680843.601229109 1.49902727176913 612881.657601864 717290.030369405 372803.734801824 516774.314859861 112242.35398263 66449.9507902777 33677.9332153739 355381.860664064 1490341090.09363 1672686334.92344 891226552.637279 1223758855.35018 250564323.981747 167700218.690201 0 0
38 101618.139335936 680843.601230577 1.4990487610371 491782.373163751 575560.695945833 299141.446233735 414664.879915441 90064.3876781203 53320.1052616358 33677.9332153739 355381.860664064 1490462189.37807 1672828064.25786 891300214.925847 1223860964.78513 250586501.948052 167713348.53573 0 0
39 101618.139335936 680843.601231184 1.49906496134136 394611.109150667 461835.67570668 240034.097057649 332731.259025373 72268.5680822577 42784.5873002008 33677.9332153739 355381.860664064 1490559360.64208 1672941789.2781 891359322.275023 1223942898.40602 250604297.767648 167723884.053691 0 0
40 101618.139335936 680843.601231439 1.49907717432964 316639.918848714 370581.586493982 192605.7712284 266986.905368644 57989.025149674 34330.7827290255 43415.4108191754 355381.860664064 1490637331.83238 1673033043.36731 891406750.600852 1224008642.75967 250618577.31058 167732337.858263 0 0
41 101618.139335936 680843.60123154 1.49908638124261 254075.574204147 297358.999207325 154549.123489605 214233.415461861 46531.0720013216 27547.4215837028 43415.4108191754 355381.860664064 1490699896.17703 1673106265.9546 891444807.248591 1224061396.24958 250630035.263728 167739121.219408 0 0
42 101618.139335936 680843.601231582 1.49909332219698 203872.694229162 238603.732419293 124011.70909591 171902.961317452 37336.981502434 22104.3170911955 43415.4108191754 355381.860664064 1490750099.057 1673165021.22139 891475344.662984 1224103726.70372 250639229.354227 167744564.323901 0 0
43 101618.139335936 680843.601231599 1.49909855473241 163589.449874527 191457.975635551 99508.211954056 137936.622557773 29959.5602395532 17736.7208810033 43415.4108191754 355381.860664064 1490790382.30135 1673212166.97817 891499848.160126 1224137693.04248 250646606.77549 167748931.920111 0 0
44 101618.139335936 680843.601231606 1.4991024994006 131265.617833693 153627.568772099 79846.2671748928 110681.562874785 24039.8154519563 14232.101315668 43415.4108191754 355381.860664064 1490822706.1334 1673249997.38503 891519510.104905 1224164948.10216 250652526.520278 167752436.539676 0 0
45 101618.139335936 680843.601231609 1.49910547293967 105329.239740548 123272.760140854 64069.6837179966 88812.3262076658 19289.8607178741 11420.0232797365 43415.4108191754 355381.860664064 1490848642.51149 1673280352.19366 891535286.688362 1224186817.33883 250657276.475012 167755248.617712 0 0
46 101618.139335936 680843.601231611 1.49910771472763 84517.2356533239 98915.295924703 51410.1551512793 71263.8990037595 15478.3772106232 9163.54092251528 43415.4108191754 355381.860664064 1490869454.51558 1673304709.65788 891547946.216929 1224204365.76604 250661087.958519 167757505.100069 0 0
47 101618.139335936 680843.601231611 1.49910940472201 67817.4776551963 79370.6256395628 41252.0241731894 57182.8673873524 12420.0051327502 7352.91715294899 43415.4108191754 355381.860664064 1490886154.27357 1673324254.32816 891558104.347907 1224218446.79765 250664146.330597 167759315.723839 0 0
48 101618.139335936 680843.60123161 1.49911067871433 54417.425469691 63687.7874931214 33101.0386781382 45884.1073390473 9965.93690907978 5900.05460229258 53152.8884229769 355381.860664064 1490899554.32576 1673339937.16631 891566255.333402 1224229745.5577 250666600.39882 167760768.58639 0 0
49 101618.139335936 680843.601231611 1.49911163915001 43665.1788045201 51103.8257423687 26560.6606711166 36817.9445086245 7996.78436334534 4734.27283525254 53152.8884229769 355381.860664064 1490910306.57242 1673352521.12806 891572795.711409 1224238811.72053 250668569.551366 167761934.368157 0 0
50 101618.139335936 680843.601231611 1.49911236320079 35037.361126672 41006.2032610876 21312.5306062086 29543.0742071508 6416.6969943027 3798.82623963434 53152.8884229769 355381.860664064 1490918934.3901 1673362618.75054 891578043.841474 1224246086.59083 250670149.638735 167762869.814753 0 0
51 101618.139335936 680843.601231611 1.49911290903266 28114.3222901693 32903.7797741223 17101.3836377625 23705.6525661103 5148.82061705433 3048.2154417768 53152.8884229769 355381.860664064 1490925857.42894 1673370721.17403 891582254.988442 1224251924.01247 250671417.515112 167763620.42555 0 0
52 101618.139335936 680843.601231611 1.4991133205189 22559.1802392292 26402.283178488 13722.3011048497 19021.6247579414 4131.45908767657 2445.91496281913 53152.8884229769 355381.860664064 1490931412.57099 1673377222.67062 891585634.070975 1224256608.04028 250672434.876641 167764222.726029 0 0
53 101618.139335936 680843.601231611 1.49911363070022 18101.7797605907 21185.5355649249 11010.952959033 15263.1992122698 3315.13652987098 1962.63399204076 53152.8884229769 355381.860664064 1490935869.97147 1673382439.41824 891588345.419121 1224260366.46583 250673251.199199 167764706.007 0 0
54 101618.139335936 680843.601231611 1.49911386454926 14525.0491652542 16999.485671719 8835.29880495221 12247.343736882 2660.09871530637 1574.83714887827 53152.8884229769 355381.860664064 1490939446.70206 1673386625.46813 891590521.073275 1224263382.3213 250673906.237014 167765093.803843 0 0
55 101618.139335936 680843.601231611 1.49911404083663 11655.0451464882 13640.557819585 7089.53238525095 9827.39146380174 2134.4898917916 1263.66512496565 53152.8884229769 355381.860664064 1490942316.70608 1673389984.39598 891592266.839695 1224265802.27357 250674431.845837 167765404.975867 0 0
56 101618.139335936 680843.601231612 1.49911417371231 9352.12533044122 10945.3206489146 5688.71201850868 7885.5976519726 1712.73613561332 1013.97759303809 53152.8884229769 355381.860664064 1490944619.6259 1673392679.63315 891593667.660062 1224267744.06739 250674853.599593 167765654.663399 0 0
57 101618.139335936 680843.601231611 1.49911427389239 7504.23603811096 8782.63140838278 4564.67767821433 6327.48001027744 1374.31608094564 813.625451612133 53152.8884229769 355381.860664064 1490946467.51519 1673394842.3224 891594791.694402 1224269302.18503 250675192.019648 167765855.015541 0 0
58 101618.139335936 680843.601231609 1.49911434943488 6021.47384545559 7047.27104148582 3662.74289783955 5077.23307156523 1102.76493100374 652.861177606658 53152.8884229769 355381.860664064 1490947950.27738 1673396577.68276 891595693.629182 1224270552.43197 250675463.570798 167766015.779815 0 0
59 101618.139335936 680843.601231611 1.49911440637515 4831.69038368482 5654.8002360029 2939.02125818538 4074.02221403358 884.869526854598 523.862289313751 53152.8884229769 355381.860664064 1490949140.06084 1673397970.15357 891596417.350822 1224271555.64282 250675681.466202 167766144.778703 0 0
60 101618.139335936 680843.60123161 1.4991144493017 3876.99637463989 4537.46789908676 2358.29986156613 3269.03590663539 710.028100978661 420.352306376685 53152.8884229769 355381.860664064 1490950094.75485 1673399087.4859 891596998.072219 1224272360.62913 250675856.307628 167766248.288686 0 0
61 101618.139335936 680843.601231612 1.49911448165955 3110.93999829267 3640.90884133188 1892.32298882291 2623.10654307784 569.733527143541 337.294822310291 53152.8884229769 355381.860664064 1490950860.81123 1673399984.04496 891597464.049091 1224273006.5585 250675996.602202 167766331.34617 0 0
62 101618.139335936 680843.601231614 1.49911450605431 2496.24876711809 2921.50096477335 1518.41852637172 2104.80641792225 457.159770197569 270.648673651522 53152.8884229769 355381.860664064 1490951475.50246 1673400703.45284 891597837.953554 1224273524.85862 250676109.175959 167766397.992319 0 0
63 101618.139335936 680843.601231607 1.49911452444498 2003.0146468231 2344.24120713927 1218.39401120322 1688.9174425884 366.829511427734 217.171166835712 53152.8884229769 355381.860664064 1490951968.73658 1673401280.7126 891598137.978069 1224273940.7476 250676199.506218 167766451.469825 0 0
64 101618.139335936 680843.601231615 1.49911453830726 1607.23863334614 1881.04217808498 977.651325989695 1355.20395048812 294.347604274016 174.26027809673 53152.8884229769 355381.860664064 1490952364.5126 1673401743.91162 891598378.720754 1224274274.46109 250676271.988125 167766494.380714 0 0
65 101618.139335936 680843.601231615 1.49911454875895 1289.66417926176 1509.36685220549 784.477095545984 1087.42905644315 236.187429550147 139.828171042443 53152.8884229769 355381.860664064 1490952682.08705 1673402115.58695 891598571.894985 1224274542.23598 250676330.148299 167766528.812821 0 0
66 101618.139335936 680843.601231599 1.49911455663754 1034.83925537811 1211.13084673162 629.472157535373 872.563798500093 189.519122617838 112.199503350767 53152.8884229769 355381.860664064 1490952936.91197 1673402413.82296 891598726.899923 1224274757.10124 250676376.816606 167766556.441489 0 0
67 101618.139335936 680843.601231626 1.49911456257639 830.365240733774 971.823355057149 505.094677178714 700.153811165937 152.072016072404 90.0299898036127 53152.8884229769 355381.860664064 1490953141.38599 1673402653.13045 891598851.277403 1224274929.51123 250676414.263713 167766578.611003 0 0
68 101618.139335936 680843.601231612 1.49911456705431 666.293274717625 779.800663519946 405.292960242957 561.810336901309 122.024088450831 72.2409534821508 53152.8884229769 355381.860664064 1490953305.45795 1673402845.15314 891598951.07912 1224275067.8547 250676444.311641 167766596.400039 0 0
69 101618.139335936 680843.601231585 1.49911457042947 534.640293245628 625.719741196738 325.21106746352 450.80215374624 97.9133317232278 57.9668533655982 53152.8884229769 355381.860664064 1490953437.11093 1673402999.23406 891599031.161013 1224275178.86288 250676468.422397 167766610.674139 0 0
70 101618.139335936 680843.601231658 1.49911457297361 429.000648451596 502.083696484581 260.952570519013 361.728097795395 78.5666238253816 46.5131753006788 53152.8884229769 355381.860664064 1490953542.75058 1673403122.87011 891599095.41951 1224275267.93694 250676487.769105 167766622.127817 0 0
71 101618.139335936 680843.601231581 1.49911457489166 344.234348951499 402.876907068435 209.390914778462 290.254191203423 63.0426333840359 37.322630338874 53152.8884229769 355381.860664064 1490953627.51688 1673403222.0769 891599146.981165 1224275339.41085 250676503.293096 167766631.318362 0 0
72 101618.139335936 680843.601231572 1.49911457633771 276.217033892982 323.272400425388 168.017333483457 232.902823362674 50.5860302877403 29.9480463837747 53152.8884229769 355381.860664064 1490953695.53419 1673403301.6814 891599188.354747 1224275396.76221 250676515.749699 167766638.692946 0 0
