"Time" "IECs" "pheme_e" "BiomassCD" "pro_L_e" "leu_L_e" "ile_L_e" "val_L_e" "trp_L_e" "cys_L_e" "Drug" "Damage" "pro_L_v" "leu_L_v" "ile_L_v" "val_L_v" "trp_L_v" "cys_L_v" "CD" "pheme_c"
0 457000 1e+05 0.4963 224235600.199112 195370466.451958 120509812.093413 157438605.791629 18978882.6152 31300034.1459915 0 0 0 0 0 0 0 0 45700000 1000
1 367369.49538947 135726.432623206 0.594123777990824 305400748.216882 328098930.476201 179345598.293233 243954989.477203 46653248.6914767 35737298.7710538 0 89630.5046105296 239673152.51481 240044804.65095 136472549.100421 183148844.07257 30764335.0693341 29980849.1453811 48532264.0514118 791.343693876739
2 290882.792910062 215324.507296353 0.69781200671305 346686342.998685 389855903.287614 207815445.144616 285196504.696922 58767181.8427113 38669768.6184619 0 166117.207089938 471968633.181794 496396027.451395 274540170.94974 371933543.054439 68518991.4987408 56419273.0500657 52252899.6509389 1091.09677637825
3 225828.241558133 298171.983338164 0.803528918700762 377350233.055555 431419279.345827 227858635.485808 313753464.449735 66286742.6673946 41363991.9964618 0 231171.758441867 673739102.934407 725394530.465856 395985937.809032 538908910.520413 103413902.839632 78705997.3912066 57057137.9811134 1333.00668869658
4 170955.203098253 371627.975195139 0.907130664825666 405739904.51526 467524772.139288 245782144.402915 339035124.630564 72414431.535277 44164474.857807 0 286044.796901747 841071141.709379 917506004.627038 497203081.078577 678410683.113817 133061916.736461 96976761.2984555 63165463.0975687 1488.24551673927
5 125359.753067261 431415.695956919 1.00479460367909 434064919.224072 502541851.238617 263352920.374877 363746041.763861 78142449.2074529 47124764.4499521 0 331640.24693274 974928095.072753 1072120402.2066 578356575.021795 790426748.19534 157060081.143687 111525124.518211 70824628.034385 1572.45965642228
6 88350.4367952722 475924.807684794 1.09354978410697 462211606.883161 537126078.522367 280666327.633261 388150415.63032 83693258.5361188 50168921.8373177 0 368649.563204728 1077818189.08086 1191457921.29806 640808946.056611 876737955.149669 175636617.033943 122692544.579289 80308689.2369284 1603.45404371775
7 59300.522781714 504672.064919716 1.17156381404012 488957994.657886 570298634.234703 297050084.938178 411411436.597324 88965282.5196976 53147259.5723926 0 397699.477218286 1153111166.17267 1279103957.96811 686540041.575353 940024460.639759 189301555.824547 130869373.825421 91917623.0159612 1594.15819808162
8 37506.3493937196 518024.358371427 1.23815260692472 512581389.489257 600372168.389666 311489909.264207 432207428.081061 93718701.803615 55875553.7958698 9737.47760380151 419493.650606281 1204942408.04853 1339672390.93381 718032924.330572 983677657.427847 198753306.414142 136510042.182934 105972253.813282 1553.48431661159
9 36879.5949802886 679161.214871901 1.29357905693738 475183169.637437 556657148.074603 288765553.641082 400705056.012997 86896188.2665734 51805293.3911685 6955.89264057875 420120.405019712 1244484584.04624 1385994082.85434 742062426.174727 1017022056.66341 205984284.560993 140820976.282392 6.36181170362378 6.59468328045398
10 36879.5949020231 750872.000846397 1.33875797479694 438696579.604977 513914638.568492 266592903.0838 369937213.136707 80223928.3921156 47827462.0581451 6949.3125952445 420120.405097977 1280971174.34676 1428736592.68596 764235076.895197 1047789899.76988 212656544.486458 144798807.64547 5.90728486465972e-06 0.016096967701851
11 36879.594902023 781153.480249105 1.37495922196679 405011585.318643 474454080.933346 246122763.049334 341531856.245086 74063993.0401029 44155065.5520926 6949.29653760343 420120.405097977 1314656168.6331 1468197150.3211 784705216.929664 1076195256.66149 218816479.83847 148471204.151522 2.54731097579165e-08 3.93281803804382e-05
12 36879.594902023 793940.248106123 1.4035711204043 373913069.322323 438023474.105602 227224408.135051 315307584.447196 68377043.9359265 40764651.3956434 6949.2964983412 420120.405097977 1345754684.62942 1504627757.14885 803603571.843946 1102419528.45938 224503428.942647 151861618.307972 3.06077540332127e-08 6.60478941302061e-08
13 36879.594902023 799340.234593444 1.42594025188788 345202429.000229 404390163.452747 209777148.893244 291096923.22506 63126762.8524371 37634567.5871338 6949.29649826565 420120.405097977 1374465324.95151 1538261067.8017 821050831.085753 1126630189.68152 229753710.026136 154991702.116481 3.64181025045359e-08 -9.39170412575651e-09
14 36879.594902023 801620.291776447 1.44328054213479 318696314.153986 373339361.909394 193669564.665678 268745259.881503 58279620.7541493 34744824.9699039 6949.29649826599 420120.405097977 1400971439.79775 1569311869.34505 837158415.31332 1148981853.02508 234600852.124424 157881444.733711 -5.61831295117332e-08 -8.98946220431769e-09
15 36879.594902023 802583.087865318 1.45663408541203 294225452.175241 344672773.716274 178798789.649035 248109852.850015 53804662.9579342 32076969.1505757 6949.29649826763 420120.405097977 1425442301.7765 1597978457.53817 852029190.329963 1169617260.05657 239075809.920639 160549300.553039 -1.59186820128101e-07 -7.30014670233525e-09
16 36879.594902023 802989.661296864 1.46686528879088 271633567.191067 318207328.244424 165069856.066991 229058920.248544 49673311.4784098 29613962.6624113 16686.7741020691 420120.405097977 1448034186.76067 1624443903.01003 865758123.912007 1188668192.65804 243207161.400164 163012307.041204 0 0
17 36879.594902023 803161.139259947 1.47467348602908 250776495.723144 293774144.027017 152395156.762368 211470894.146348 45859203.3095736 27340088.5529429 16686.7741020691 420120.405097977 1468891258.22859 1648877087.22744 878432823.21663 1206256218.76024 247021269.569 165286181.150672 0 0
18 36879.594902023 803233.781877315 1.48061479198679 231520860.642714 271216975.353223 140693639.368645 195233302.357404 42337947.9325015 25240805.8162413 16686.7741020691 420120.405097977 1488146893.30902 1671434255.90123 890134340.610353 1222493810.54918 250542524.946072 167385463.887374 0 0
19 36879.594902023 803264.354326011 1.48512517551637 213743777.41301 250391868.143539 129890627.795506 180242520.725102 39087073.596247 23302717.3669565 16686.7741020691 420120.405097977 1505923976.53873 1692259363.11092 900937352.183492 1237484592.18148 253793399.282327 169323552.336659 0 0
20 36879.594902023 803277.483029034 1.48854373972944 197331697.520485 231165805.077994 119917119.389921 166402797.828961 36085815.817467 21513443.9491838 16686.7741020691 420120.405097977 1522336056.43125 1711485426.17646 910910860.589077 1251324315.07762 256794657.061107 171112825.754431 0 0
21 36879.594902023 803282.917764343 1.4911313220237 182179812.795526 213416007.782856 110709422.945935 153625752.669486 33315008.4492509 19861559.1944751 16686.7741020691 420120.405097977 1537487941.15621 1729235223.4716 920118557.033063 1264101360.2371 259565464.429323 172764710.50914 0 0
22 36879.594902023 803285.193012386 1.49308799532517 168191363.29364 197029126.042477 102208738.108804 141829791.029003 30756957.1141652 18336514.1658446 16686.7741020691 420120.405097977 1551476390.6581 1745622105.21198 928619241.870193 1275897321.87758 262123515.764409 174289755.537771 0 0
23 36879.594902023 803286.148159679 1.49456650973939 155277011.524378 181900504.734733 94360775.0982131 130939577.781183 28395324.7702323 16928569.1351219 16686.7741020691 420120.405097977 1564390742.42736 1760750726.51972 936467204.880785 1286787535.1254 264485148.108341 175697700.568493 0 0
24 36879.594902023 803286.529969117 1.49568326554423 143354239.455872 167933477.447129 87115388.2720571 120885528.406421 26215021.4418575 15628727.8433391 26424.2517058706 420120.405097977 1576313514.49587 1774717753.80732 943712591.706941 1296841584.50016 266665451.436716 176997541.860276 0 0
25 36879.594902023 803286.684105005 1.49652629390475 132347013.600236 155038974.138408 80426372.6011456 111603526.570285 24202142.9743903 14428700.9877619 26424.2517058706 420120.405097977 1587320740.35151 1787612257.11604 950401607.377853 1306123586.3363 268678329.904183 178197568.715853 0 0
26 36879.594902023 803286.74954328 1.49716241581465 122184944.708119 143134536.755962 74250953.0213379 103034215.523824 22343817.3684531 13320814.6103307 26424.2517058706 420120.405097977 1597482809.24362 1799516694.49849 956577026.95766 1314692897.38276 270536655.51012 179305455.093284 0 0
27 36879.594902023 803286.777199315 1.49764240198035 112803088.683533 132144086.015914 68549663.450855 95122830.2221427 20628168.3734708 12297988.3930511 26424.2517058706 420120.405097977 1606864665.26821 1810507145.23854 962278316.528143 1322604282.68444 272252304.505103 180328281.310564 0 0
28 36879.594902023 803286.789154053 1.49800453598328 104141587.624592 121997500.897392 63286128.653192 87818894.626815 19044249.8452106 11353696.5236317 26424.2517058706 420120.405097977 1615526166.32715 1820653730.35706 967541851.325806 1329908218.27977 273836223.033363 181272573.179983 0 0
29 36879.594902023 803286.79408284 1.49827773619915 96145114.519449 112629968.127128 58426726.7826526 81075753.4377431 17581944.1979814 10481907.1552724 26424.2517058706 420120.405097977 1623522639.43229 1830021263.12732 972401253.196345 1336651359.46884 275298528.680592 182144362.548343 0 0
30 36879.594902023 803286.794537238 1.49848362494912 88762669.3914634 103981743.372067 53940465.5031626 74850400.1896261 16231925.1259395 9677060.18205688 26424.2517058706 420120.405097977 1630905084.56028 1838669487.88238 976887514.475835 1342876712.71695 276648547.752634 182949209.521558 0 0
31 36879.594902023 803286.795237939 1.49863887025074 81947086.4495825 95997573.8867149 49798682.4869363 69103061.6494172 14985567.4762576 8934013.50763224 26424.2517058706 420120.405097977 1637720667.50216 1846653657.36773 981029297.492062 1348624051.25716 277894905.402316 183692256.195983 0 0
32 36879.594902023 803286.797249065 1.4987559473124 75654832.8819948 88626462.8083475 45974923.1427603 63797028.1461724 13834910.454756 8248021.10934408 36161.7293096721 420120.405097977 1644012921.06975 1854024768.4461 984853056.836238 1353930084.76041 279045562.423818 184378248.594271 0 0
33 36879.594902023 803286.79732328 1.49884419490429 69845802.4719098 81821427.3865524 42444815.1977175 58898479.5345824 12772619.8846633 7614710.53787091 36161.7293096721 420120.405097977 1649821951.47984 1860829803.86789 988383164.781281 1358828633.372 280107852.993911 185011559.165744 0 0
34 36879.594902023 803286.797354787 1.49891072481625 64482796.5572537 75538890.9492889 39185753.2799539 54376047.5067559 11791893.290325 7030026.33054981 36161.7293096721 420120.405097977 1655184957.39449 1867112340.30516 991642226.699045 1363351065.39983 281088579.588249 185596243.373065 0 0
35 36879.594902023 803286.797368103 1.49896089170056 59531545.6979529 69738708.2852009 36176912.0857377 50200833.8634679 10886463.8594741 6490232.37358119 36161.7293096721 420120.405097977 1660136208.25379 1872912522.96925 994651067.893261 1367526279.04311 281994009.0191 186136037.330034 0 0
36 36879.594902023 803286.797373859 1.49899872211365 54960460.3725908 64383873.5952098 33399094.8795281 46346200.2855239 10050554.853422 5991884.72254603 36161.7293096721 420120.405097977 1664707293.57915 1878267357.65924 997428885.09947 1371380912.62106 282829918.025152 186634384.981069 0 0
37 36879.594902023 803286.797376232 1.49902725131227 50740341.8659392 59440181.8093861 30834557.8023095 42787524.535503 9278826.73739991 5531800.08286295 36161.7293096721 420120.405097977 1668927412.08581 1883211049.44506 999993422.176689 1374939588.37108 283601646.141174 187094469.620752 0 0
38 36879.594902023 803286.797376452 1.49904874504383 46844275.0327911 54876102.9642789 28466944.7049093 39502110.0293152 8566357.57040798 5107044.11871531 36161.7293096721 420120.405097977 1672823478.91895 1887775128.29017 1002361035.27409 1378225002.87727 284314115.308166 187519225.5849 0 0
39 36879.594902023 803286.797376789 1.49906494834768 43247368.3158747 50662477.6448084 26281129.1586659 36468966.6025602 7908595.46259568 4714903.10935319 36161.7293096721 420120.405097977 1676420385.63587 1891988753.60964 1004546850.82033 1381258146.30402 284971877.415978 187911366.594262 0 0
40 36879.594902023 803286.797377756 1.49907716600653 39926647.3562201 46772392.3532741 24263149.803179 33668720.7959359 7301339.1199148 4352872.35031108 45899.2069134736 420120.405097977 1679741106.59553 1895878838.90117 1006564830.17582 1384058392.11065 285579133.758659 188273397.353304 0 0
41 36879.594902023 803286.797377792 1.49908637399284 36860947.5938084 43181053.6955212 22400145.0804602 31083525.289188 6740718.20412626 4018644.44454433 45899.2069134736 420120.405097977 1682806806.35794 1899470177.55892 1008427834.89854 1386643587.6174 286139754.674447 188607625.259071 0 0
42 36879.594902023 803286.797377807 1.49909331526317 34030634.7167924 39865460.8989301 20680183.3538414 28696823.1658867 6223142.21167729 3710078.82531827 45899.2069134736 420120.405097977 1685637119.23496 1902785770.35551 1010147796.62516 1389030289.7407 286657330.666897 188916190.878297 0 0
43 36879.594902023 803286.797377814 1.49909854896763 31417624.4528171 36804428.9971182 19092274.9350245 26493364.6027426 5745304.09291701 3425203.91389235 45899.2069134736 420120.405097977 1688250129.49893 1905846802.25733 1011735705.04397 1391233748.30384 287135168.785657 189201065.789723 0 0
44 36879.594902023 803286.797377817 1.49910249545326 29005245.6037936 33978428.3809235 17626288.8512528 24459091.3717061 5304155.2054263 3162202.18733357 45899.2069134736 420120.405097977 1690662508.34796 1908672802.87352 1013201691.12775 1393268021.53488 287576317.673147 189464067.516281 0 0
45 36879.594902023 803286.797377818 1.49910547151572 26778088.6141267 31369407.4024364 16272860.8212615 22581009.1429429 4896877.62186748 2919393.66916199 45899.2069134736 420120.405097977 1692889665.33762 1911281823.85201 1014555119.15774 1395146103.76364 287983595.256706 189706876.034453 0 0
46 36879.594902023 803286.797377818 1.49910771359505 24721949.0731487 28960726.1904707 15023358.922094 20847139.842447 4520873.79834064 2695229.76988808 45899.2069134736 420120.405097977 1694945804.8786 1913690505.06397 1015804621.05691 1396879973.06414 288359599.080233 189931039.933727 0 0
47 36879.594902023 803286.797377818 1.49910940377368 22823690.5431434 26736995.9593491 13869800.2306326 19246405.9797954 4173741.48990552 2488278.33228597 45899.2069134736 420120.405097977 1696844063.40861 1915914235.29509 1016958179.74837 1398480706.92679 288706731.388668 190137991.371329 0 0
48 36879.594902023 803286.797377818 1.4991106781865 21071188.3560282 24684013.1690735 12804816.669228 17768583.2538897 3853263.47274672 2297217.50401022 55636.6845172751 420120.405097977 1698596565.59572 1917967218.08537 1018023163.30977 1399958529.6527 289027209.405827 190329052.199605 0 0
49 36879.594902023 803286.797377818 1.4991116386493 19453273.4046654 22788693.6792045 11821620.8480641 16404253.1541695 3557397.26535678 2120829.60962707 55636.6845172751 420120.405097977 1700214480.54708 1919862537.57524 1019006359.13093 1401322859.75242 289323075.613217 190505440.093988 0 0
50 36879.594902023 803286.797377818 1.4991123626703 17959582.849557 21038897.8580178 10913915.3406408 15144677.0668816 3284247.82744482 1957984.8743994 55636.6845172751 420120.405097977 1701708171.10219 1921612333.39643 1019914064.63836 1402582435.83971 289596225.051129 190668284.829216 0 0
51 36879.594902023 803286.797377818 1.49911290857638 16580573.1810049 19423445.8842766 10075900.6215588 13981807.2899344 3032069.94859842 1807642.84834605 55636.6845172751 420120.405097977 1703087180.77074 1923227785.37017 1020752079.35744 1403745305.61666 289848402.929975 190818626.855269 0 0
52 36879.594902023 803286.797377818 1.49911332021654 15307446.2441953 17932031.0887213 9302230.11247049 12908224.6524844 2799254.72057759 1668844.34136819 55636.6845172751 420120.405097977 1704360307.70755 1924719200.16572 1021525749.86653 1404818888.25411 290081218.157996 190957425.362247 0 0
53 36879.594902023 803286.797377819 1.4991136306348 14132069.6824656 16555126.7566951 8587961.83599947 11917071.4275743 2584314.98886854 1540702.74983634 55636.6845172751 420120.405097977 1705535684.26928 1926096104.49775 1022240018.143 1405810041.47902 290296157.889705 191085566.953779 0 0
54 36879.594902023 803286.797377819 1.49911386449313 13046947.1503095 15283951.233928 7928540.3143874 11002026.2138206 2385879.90557077 1422400.80916047 55636.6845172751 420120.405097977 1706620806.80144 1927367280.02052 1022899439.66461 1406725086.69277 290494592.973003 191203868.894455 0 0
55 36879.594902023 803286.797377819 1.49911404078606 12045145.9313553 14110383.1340355 7319752.58343592 10157242.8982302 2202681.69298183 1313182.70257647 55636.6845172751 420120.405097977 1707622608.02039 1928540848.12041 1023508227.39556 1407569870.00836 290677791.185592 191313087.001039 0 0
56 36879.594902023 803286.797377819 1.49911417371247 11120267.2598507 13026926.5713836 6757710.15707663 9377325.62936503 2033550.21632206 1212350.8255429 55636.6845172751 420120.405097977 1708547486.6919 1929624304.68306 1024070269.82192 1408349787.27723 290846922.662251 191413918.878072 0 0
57 36879.594902023 803286.797377819 1.49911427394608 10266401.9607409 12026659.1953003 6238822.07015065 8657291.41019867 1877404.87168778 1119260.94954544 55636.6845172751 420120.405097977 1709401351.99101 1930624572.05914 1024589157.90885 1409069821.49639 291003068.006886 191507008.75407 0 0
58 36879.594902023 803286.797377819 1.49911434949981 9478093.15344939 11103188.4991203 5759772.21375194 7992538.64754177 1733247.76573548 1033318.15599828 55636.6845172751 420120.405097977 1710189660.7983 1931548042.75532 1025068207.76525 1409734574.25905 291147225.112838 191592951.547617 0 0
59 36879.594902023 803286.79737782 1.49911440611451 8750324.52063542 10250638.0775263 5317512.20623169 7378837.25950283 1600161.57040323 953975.557283782 55636.6845172751 420120.405097977 1710917429.43111 1932400593.17692 1025510467.77277 1410348275.64709 291280311.30817 191672294.146331 0 0
60 36879.594902023 803286.797377821 1.49911444820977 8078454.59882808 9463570.65078327 4909221.46206726 6812273.26511839 1477297.50671616 880727.133003418 55636.6845172751 420120.405097977 1711589299.35292 1933187660.60366 1025918758.51693 1410914839.64147 291403175.371858 191745542.570612 0 0
61 36879.594902023 803286.797377823 1.49911448043238 7458168.60770455 8736931.63475907 4532277.91884489 6289208.16369773 1363866.53586306 813102.478322106 55636.6845172751 420120.405097977 1712209585.34404 1933914299.61968 1026295702.06015 1411437904.74289 291516606.342711 191813167.225293 0 0
62 36879.594902023 803286.797377821 1.49911450513314 6885498.56432852 8066072.70391078 4184270.26054445 5806295.8964442 1259143.0374636 750668.996857386 55636.6845172751 420120.405097977 1712782255.38742 1934585158.55053 1026643709.71845 1411920817.01015 291621329.84111 191875600.706758 0 0
63 36879.594902023 803286.79737782 1.49911452375064 6356800.61933683 7446725.24157824 3862984.14489547 5360463.7348681 1162460.66506338 693029.429831177 55636.6845172751 420120.405097977 1713310953.33241 1935204506.01287 1026964995.8341 1412366649.17172 291718012.21351 191933240.273784 0 0
64 36879.594902023 803286.797377818 1.49911453778512 5868698.35914836 6874933.92090032 3566367.74851833 4948864.46955712 1073201.97787542 639815.674778244 55636.6845172751 420120.405097977 1713799055.5926 1935776297.33354 1027261612.23048 1412778248.43703 291807270.900698 191986454.028837 0 0
65 36879.594902023 803286.797377819 1.49911454836466 5418074.67356877 6347047.17805504 3292526.82492335 4568869.55241686 990796.953618609 590687.898938356 55636.6845172751 420120.405097977 1714249679.27818 1936304184.07639 1027535453.15408 1413158243.35417 291889675.924955 192035581.804677 0 0
66 36879.594902023 803286.797377818 1.49911455634017 5002051.79586983 5859693.83004994 3039712.57500395 4218052.26518011 914719.338470449 545332.363191113 55636.6845172751 420120.405097977 1714665702.15588 1936791537.42439 1027788267.40399 1413509060.64141 291965753.540103 192080937.340424 0 0
67 36879.594902023 803286.79737782 1.49911456235334 4617972.98994425 5409761.62199216 2806310.51844618 3894172.27683618 844483.298218556 503459.425557808 55636.6845172751 420120.405097977 1715049780.9618 1937241469.63245 1028021669.46055 1413832940.62975 292035989.580355 192122810.278057 0 0
68 36879.594902023 803286.797377826 1.49911456689202 4263385.76117622 4994377.55932769 2590830.29108989 3595161.48595555 779640.348052272 464801.710821404 55636.6845172751 420120.405097977 1715404368.19057 1937656853.69512 1028237149.68791 1414131951.42063 292100832.530522 192161467.992794 0 0
69 36879.594902023 803286.797377796 1.49911457031117 3936025.03995679 4610888.20803506 2391895.42566632 3319109.83994685 719776.277351863 429112.27716421 55636.6845172751 420120.405097977 1715731728.91179 1938040343.04641 1028436084.55333 1414408003.06664 292160696.601222 192197157.426451 0 0
70 36879.594902023 803286.797377664 1.49911457290911 3633799.97099734 4256844.21886039 2208235.32375454 3064254.19495508 664508.7338658 396163.17591593 55636.6845172751 420120.405097977 1716033953.98075 1938394387.03558 1028619744.65524 1414662858.71164 292215964.144708 192230106.527699 0 0
71 36879.594902023 803286.797377154 1.49911457485195 3354780.9456721 3929985.13625054 2038677.37542485 2828967.38069751 613484.852330442 365744.037797142 55636.6845172751 420120.405097977 1716312973.00608 1938721246.11819 1028789302.60357 1414898145.52589 292266988.026243 192260525.665818 0 0
72 36879.594902023 803286.797375967 1.49911457625055 3097186.22206817 3628223.72430321 1882138.82833502 2611746.9176281 566378.807694314 337660.614213947 55636.6845172751 420120.405097977 1716570567.72968 1939023007.53014 1028945841.15066 1415115365.98896 292314094.07088 192288609.089401 0 0
