"Time" "IECs" "pheme_e" "BiomassCD" "pro_L_e" "leu_L_e" "ile_L_e" "val_L_e" "trp_L_e" "cys_L_e" "Drug" "Damage" "pro_L_v" "leu_L_v" "ile_L_v" "val_L_v" "trp_L_v" "cys_L_v" "CD" "pheme_c"
0 457000 1e+05 0.4963 224235600.199112 195370466.451958 120509812.093413 157438605.791629 18978882.6152 31300034.1459915 0 0 0 0 0 0 0 0 45700000 1000
1 371525.112186071 133508.434884773 0.594123778000073 294653905.324484 315744697.560212 172835250.803723 234985001.184977 44739370.6899948 34570603.1394574 0 85474.8878139288 235537799.252661 235115827.309875 133923971.831722 179613626.938008 29968763.6556613 29551787.9270828 48532264.051258 778.772127869011
2 297732.880356499 209553.554564192 0.697812001391595 331731755.04009 372693778.881482 198766524.884911 272730041.966697 56116230.7946891 37040229.8378145 0 159267.119643501 462405662.223705 485068638.167797 268664981.727308 363792633.27005 66703730.6487923 55418378.2512815 52252899.8993248 1061.97821539018
3 234180.916859821 289465.736735235 0.803528981206807 360237349.736565 411753950.950568 217502646.465294 299478024.871172 63248382.8700819 39497666.2315494 0 222819.083140179 660979890.215714 710321082.281394 388158363.345836 528066838.44502 101006413.442396 77364895.8402709 57057134.6715363 1294.09208935239
4 179839.28598279 361117.573075024 0.907130812579588 387334917.476931 446322481.28371 234639952.372074 323661403.785663 69135510.4537385 42155867.3179021 0 277160.714017209 827740410.528721 901759394.765821 489027169.705156 667084860.617647 130548580.162416 95573881.0106979 63165452.2334899 1446.11663408283
5 133999.094931997 420291.703642532 1.00479470944928 414931019.306615 480431062.35289 251765748.748336 347737555.690504 74720371.6070887 45033207.0858468 0 323000.905068003 963256318.55256 1058300168.27689 571191596.345449 780495412.1787 154849563.66639 110299174.606258 70824617.1739142 1531.86116259969
6 96157.1233051328 465250.221337537 1.09354985935158 442885982.299165 514706127.394192 268961320.944467 371950138.38878 80222156.7106475 48049594.6366827 0 360842.876694867 1069388899.28928 1181409863.23172 635618618.36367 869533975.704606 174018131.45163 121814104.160138 80308678.2089549 1567.43726608072
7 65879.810177022 495274.067907598 1.17156384214465 470022581.386696 548217547.670378 285582058.814088 395499071.342399 85547256.0785785 51059466.7835187 0 391120.189822978 1148771833.5182 1273821788.25534 683839596.133764 936262927.49458 188430402.096849 130430720.254496 91917609.1120908 1564.42367815702
8 42662.8282230374 510421.876578777 1.23815219487842 494624494.728185 579283261.410334 300617478.403798 417067326.849504 90456635.3597983 53879141.7365661 9737.47760380151 414337.171776962 1204819527.54584 1339315502.46201 717898797.829191 983468902.885043 198654033.268222 136526366.371779 105972226.294016 1530.64914672419
9 41620.111502074 668800.763873748 1.29357871786596 455212192.189524 533253060.027066 276667120.128592 383880791.122421 83271102.6945059 49595163.0018162 7403.80285314435 415379.888497925 1247815902.13092 1389682362.68776 744030950.792909 1019727510.78364 206519149.273525 141210748.327379 301.481511044594 201.701959621381
10 41620.1058755408 741281.303640986 1.33875770101776 415965361.456856 487277814.539511 252813831.900813 350783908.874137 76091754.521889 45319238.5436283 7221.0138990864 415379.894124458 1287062752.23026 1435657631.57607 767884250.810068 1052824409.62067 213698501.113243 145486674.946155 0.0218841245769483 19.0019365705161
11 41620.105875111 771840.287889404 1.37495900429226 380102241.741898 445266377.490884 231017082.557789 320540512.467363 69531382.0615987 41411967.8238088 7203.84196632711 415379.894124888 1322925871.9467 1477669068.62648 789681000.153995 1083067806.02871 220258873.573813 149393945.66614 2.02471679757123e-06 1.83001187762983
12 41620.105875111 784724.437190571 1.40357095462157 347331118.318957 406877023.758138 211099574.8614 292904598.908995 63536622.6177552 37841568.7056093 7202.18857651647 415379.894124888 1355696995.36964 1516058422.35923 809598507.850384 1110703719.58708 226253633.017657 152964344.784339 1.63033037032128e-08 0.176622067836838
13 41620.105875111 790156.597855883 1.42594012456806 317385409.777738 371797469.629645 192899286.984603 267651359.890956 58058710.9586636 34578997.2646016 7202.02900445423 415379.894124888 1385642703.91086 1551137976.48773 827798795.727181 1135956958.60512 231731544.676749 156226916.225347 1.96218377955812e-08 0.0170500056618138
14 41620.105875111 792446.88223465 1.44328044386477 290021518.449998 339742355.432685 176268166.070943 244575369.312477 53053086.2249555 31597713.6446854 7202.01360044761 415379.894124888 1413006595.2386 1583193090.68468 844429916.640841 1159032949.1836 236737169.410457 159208199.845263 2.37266603806652e-08 0.0016459991214336
15 41620.105875111 793412.505357298 1.45663400549954 265016848.816138 310450924.218803 161070923.869309 223488912.200874 48479029.4404745 28873466.1643837 7202.01211331727 415379.894124888 1438011264.87246 1612484521.89857 859627158.842475 1180119406.29521 241311226.194938 161932447.325565 2.87504676821395e-08 0.000158868879699774
16 41620.105875111 793819.629354343 1.46686522709062 242167996.775735 283684900.605704 147183936.215727 204220457.721999 44299332.2789697 26384094.0386843 16939.4895736329 415379.894124888 1460860116.91286 1639250545.51167 873514146.496057 1199387860.77408 245490923.356443 164421819.451264 3.48955381905887e-08 1.53830914449793e-05
17 41620.105875111 793991.262755705 1.4746736013424 221289206.140465 259226682.65373 134494304.926548 186613357.539537 40480014.7132742 24109359.2146394 16939.4895583508 415379.894124888 1481738907.54813 1663708763.46364 886203777.785236 1216994960.95654 249310240.922139 166696554.275309 -1.33444265252957e-08 1.00971950857139e-07
18 41620.105875111 794063.598396165 1.48061496642967 202210472.560611 236877120.732483 122898705.410174 170524246.854766 36989978.1701773 22030739.7950138 16939.4895581266 415379.894124888 1500817641.12798 1686058325.38489 897799377.30161 1233084071.64131 252800277.465236 168775173.694934 -1.33444265252957e-08 -1.23222309089678e-07
19 41620.105875111 794094.113413556 1.48512560396188 184776632.489527 216454450.298779 112302832.961372 155822276.1296 33800838.8764225 20131330.7813742 16939.4895581266 415379.894124888 1518251481.19907 1706480995.81859 908395249.750412 1247786042.36648 255989416.75899 170674582.708574 -1.33444265252957e-08 -1.23223309089678e-07
20 41620.105875111 794107.031757946 1.48854418480928 168845895.804062 197792572.951802 102620510.922946 142387873.644258 30886659.4337452 18395684.2037463 16939.4895581266 415379.894124888 1534182217.88453 1725142873.16557 918077571.788838 1261220444.85182 258903596.201668 172410229.286202 -1.33444265252957e-08 -1.23224309089679e-07
21 41620.105875111 794112.515728593 1.49113227519893 154288576.325415 180739569.316439 93772919.1265734 130111674.944528 28223716.5954606 16809670.8114339 16939.4895581266 415379.894124888 1548739537.36318 1742195876.80094 926925163.585211 1273496643.55155 261566539.039952 173996242.678514 -1.33444265252957e-08 -1.23225309089679e-07
22 41620.105875111 794114.833172255 1.49308968515189 140986268.716135 165156734.828776 85688093.630414 118893828.718373 25790350.6977929 15360390.3963186 16939.4895581266 415379.894124888 1562041844.97246 1757778711.2886 935009989.081371 1284714489.7777 263999904.93762 175445523.09363 -1.33444265252957e-08 -1.23226309089679e-07
23 41620.105875111 794115.47335276 1.49456809980342 128830898.998037 150917467.476296 78300349.6465386 108643196.096967 23566791.9729197 14036068.3472154 16939.4895581266 415379.894124888 1574197214.69056 1772017978.64108 942397733.065246 1294965122.39911 266223463.662493 176769845.142733 -1.33444265252957e-08 -1.23227309089679e-07
24 41620.105875111 794115.934628897 1.49568463846328 117723526.781003 137905864.682646 71549553.5641388 99276340.5733117 21534941.4429578 12825925.1532397 26676.9671619281 415379.894124888 1585304586.90759 1785029581.43473 949148529.147646 1304331977.92277 268255314.192455 177979988.336709 0 0
25 41620.105875111 794116.20061979 1.49652730105341 107573967.751611 126016281.076307 65380893.5071157 90717209.6466171 19678301.8625246 11720135.2741144 26676.9671619281 415379.894124888 1595454145.93698 1796919165.04107 955317189.204669 1312891108.84946 270111953.772888 179085778.215834 0 0
26 41620.105875111 794116.313517047 1.49716325695452 98299338.3522784 115151623.671798 59743994.8247516 82895907.5490997 17981711.4996542 10709668.5836187 26676.9671619281 415379.894124888 1604728775.33631 1807783822.44558 960954087.887033 1320712410.94698 271808544.135759 180096244.90633 0 0
27 41620.105875111 794116.36103523 1.49764305478768 89824323.2543036 105223665.197883 54593082.6554494 75748920.8062061 16431393.0641338 9786319.51065551 26676.9671619281 415379.894124888 1613203790.43429 1817711780.91949 966105000.056335 1327859397.68987 273358862.571279 181019593.979293 0 0
28 41620.105875111 794116.381536947 1.4980050414861 82079963.0445943 96151623.9471939 49886245.1116222 69218095.8918987 15014731.9413362 8942574.95826678 26676.9671619281 415379.894124888 1620948150.644 1826783822.17018 970811837.600162 1334390222.60418 274775523.694076 181863338.531682 0 0
29 41620.105875111 794116.388960538 1.49827804469087 75003277.3485573 87861722.287904 45585204.2227684 63250321.4078997 13720207.2508054 8171573.24304278 26676.9671619281 415379.894124888 1628024836.34003 1835073723.82947 975112878.489016 1340357997.08818 276070048.384607 182634340.246906 0 0
30 41620.105875111 794116.391515953 1.49848385767444 68536743.6336793 80286576.1142027 41654999.1647116 57797088.5583498 12537296.5047838 7467047.31100699 26676.9671619281 415379.894124888 1634491370.05491 1842648870.00317 979043083.547073 1345811229.93773 277252959.130629 183338866.178942 0 0
31 41620.105875111 794116.394364133 1.4986390661485 62627731.8316089 73364532.5408702 38063642.6363784 52814014.3661763 11456372.1847025 6823263.13994701 26676.9671619281 415379.894124888 1640400381.85698 1849570913.57651 982634440.075406 1350794304.1299 278333883.45071 183982650.350002 0 0
32 41620.105875111 794116.394651244 1.49875611546311 57228158.3364132 67039264.5835343 34781910.5681853 48260549.8895567 10468638.4477385 6234982.04268063 36414.4447657296 415379.894124888 1645799955.35218 1855896181.53384 985916172.143599 1355347768.60652 279321617.187674 184570931.447268 0 0
33 41620.105875111 794116.395241252 1.4988443186413 52294223.5628377 61259463.7243274 31783182.6162049 44099758.9045976 9566083.11884508 5697432.07414658 36414.4447657296 415379.894124888 1650733890.12576 1861675982.39305 988914900.095579 1359508559.59148 280224172.516568 185108481.415802 0 0
34 41620.105875111 794116.395491672 1.49891082676114 47785609.2727157 55977899.6291873 29042954.3162897 40297641.0100793 8741330.85919455 5206220.58047883 36414.4447657296 415379.894124888 1655242504.41588 1866957546.48819 991655128.395494 1363310677.486 281048924.776218 185599692.90947 0 0
35 41620.105875111 794116.395597075 1.49896097050066 43665706.0564956 51151686.6284626 26538975.3419224 36823323.4628026 7987684.77894248 4757358.98301642 36414.4447657296 415379.894124888 1659362407.6321 1871783759.48891 994159107.369862 1366784995.03327 281802570.85647 186048554.506932 0 0
36 41620.105875111 794116.39564255 1.4989987829164 39900991.301487 46741555.0450044 24250871.4481418 33648536.6177323 7299012.6501388 4347195.00822434 36414.4447657296 415379.894124888 1663127122.38711 1876193891.07237 996447211.263642 1369959781.87834 282491242.985274 186458718.481724 0 0
37 41620.105875111 794116.395659022 1.49902728943773 36460848.7298267 42711639.7940034 22160034.7910208 30747461.7442261 6669713.89515038 3972393.02643637 36414.4447657296 415379.894124888 1666567264.95877 1880223806.32337 998538047.920763 1372860856.75185 283120541.740262 186833520.463512 0 0
38 41620.105875111 794116.395664688 1.49904877379624 33317315.3294351 39029183.9281829 20249470.1183332 28096517.6127153 6094673.29322085 3629906.48009687 36414.4447657296 415379.894124888 1669710798.35916 1883906262.18919 1000448612.59345 1375511800.88336 283695582.342192 187176007.009852 0 0
39 41620.105875111 794116.395671002 1.49906497220436 30444806.3799013 35664216.5225511 18503627.6468409 25674128.6088223 5569210.67997738 3316947.92545495 36414.4447657296 415379.894124888 1672583307.30869 1887271229.59482 1002194455.06494 1377934189.88725 284221044.955435 187488965.564494 0 0
40 41620.105875111 794116.395671645 1.49907718612135 27819947.333139 32589355.7329384 16908300.8833639 23460582.9581889 5089050.193678 3030970.71603779 46151.9223695311 415379.894124888 1675208166.35545 1890346090.38444 1003789781.82842 1380147735.53789 284701205.441735 187774942.773911 0 0
41 41620.105875111 794116.395672951 1.49908638884176 25421446.9552396 29779660.1894878 15450549.5234224 21437925.7469034 4650297.06929139 2769655.18151271 46151.9223695311 415379.894124888 1677606666.73335 1893155785.92789 1005247533.18836 1382170392.74918 285139958.566122 188036258.308436 0 0
42 41620.105875111 794116.395673505 1.49909332736355 23229703.9791156 27212168.2144405 14118460.3840889 19589627.2113726 4249365.6842111 2530865.77267009 46151.9223695311 415379.894124888 1679798409.70947 1895723277.90294 1006579622.3277 1384018691.28471 285540889.951202 188275047.717279 0 0
43 41620.105875111 794116.395673739 1.49909855829312 21226922.5222579 24866033.0269334 12901217.5521503 17900680.0702052 3883000.67140693 2312663.6361359 46151.9223695311 415379.894124888 1681801191.16633 1898069413.09045 1007796865.15963 1385707638.42587 285907254.964006 188493249.853813 0 0
44 41620.105875111 794116.39567384 1.49910250262994 19396806.5005487 22722164.7675934 11788916.6561072 16357341.8231455 3548221.01912348 2113273.32089457 46151.9223695311 415379.894124888 1683631307.18804 1900213281.34979 1008909166.05568 1387250976.67293 286242034.61629 188692640.169054 0 0
45 41620.105875111 794116.395673876 1.49910547612045 17724472.6133176 20763128.5658857 10772511.9805647 14947061.3713044 3242304.15340139 1931073.29804991 46151.9223695311 415379.894124888 1685303641.07527 1902172317.55149 1009925570.73122 1388661257.12477 286547951.482012 188874840.191899 0 0
46 41620.105875111 794116.395673889 1.49910771706639 16196327.3947321 18973000.5133875 9843741.74099845 13658375.3345023 2962763.4473215 1764582.5656297 46151.9223695311 415379.894124888 1686831786.29386 1903962445.60399 1010854340.97079 1389949943.16158 286827492.188092 189041330.924319 0 0
47 41620.105875111 794116.395673903 1.49910940661871 14799933.5098526 17337211.0378471 8995046.82168399 12480795.2986301 2707323.76279588 1612446.08160113 46151.9223695311 415379.894124888 1688228180.17874 1905598235.07953 1011703035.8901 1391127523.19745 287082931.872617 189193467.408348 0 0
48 41620.105875111 794116.395673904 1.49911068055281 13523928.0478971 15842449.1887724 8219521.11628985 11404738.9122957 2473906.50410955 1473425.86195878 55889.3999733326 415379.894124888 1689504185.64069 1907092996.92861 1012478561.59549 1392203579.58378 287316349.131304 189332487.62799 0 0
49 41620.105875111 794116.395673907 1.49911164040024 12357961.0612549 14476590.6396701 7510874.1733558 10421478.0567281 2260618.37497907 1346394.28457798 55889.3999733326 415379.894124888 1690670152.62733 1908458855.47771 1013187208.53842 1393186840.43935 287529637.260434 189459519.205371 0 0
50 41620.105875111 794116.395673908 1.49911236408457 11292503.4516522 13228472.6385139 6863314.43408295 9522976.8360323 2065716.23553306 1230313.15849912 55889.3999733326 415379.894124888 1691735610.23693 1909706973.47887 1013834768.2777 1394085341.66004 287724539.39988 189575600.33145 0 0
51 41620.105875111 794116.395673909 1.49911290966367 10318904.4536821 12087961.346162 6271584.16945334 8701940.05309493 1887617.61766535 1124239.98673233 55889.3999733326 415379.894124888 1692709209.23491 1910847484.77122 1014426498.54233 1394906378.44298 287902638.017748 189681673.503217 0 0
52 41620.105875111 794116.395673909 1.49911332105085 9429242.1710642 11045776.7487858 5730868.63973107 7951687.16669688 1724873.38391652 1027311.68225039 55889.3999733326 415379.894124888 1693598871.51752 1911889669.3686 1014967214.07205 1395656631.32938 288065382.251497 189778601.807698 0 0
53 41620.105875111 794116.395673909 1.49911363117938 8616281.47954705 10093443.3437118 5236770.5088498 7266116.79099867 1576160.02673163 938739.981528899 55889.3999733326 415379.894124888 1694411832.20904 1912842002.77367 1015461312.20293 1396342201.70508 288214095.608682 189867173.50842 0 0
54 41620.105875111 794116.395673909 1.49911386490345 7873414.27945903 9223220.14896258 4785273.53133725 6639656.31047064 1440268.73897273 857804.935088689 55889.3999733326 415379.894124888 1695154699.40913 1913712225.96842 1015912809.18044 1396968662.18561 288349986.896441 189948108.55486 0 0
55 41620.105875111 794116.395673909 1.4991140411193 7194594.48998351 8428024.55305203 4372703.0433852 6067207.06051537 1316093.52254492 783847.825151377 55889.3999733326 415379.894124888 1695833519.19861 1914507421.56433 1016325379.6684 1397541111.43556 288474162.112868 190022065.664797 0 0
56 41620.105875111 794116.395673909 1.4991141739879 6574298.33519409 7701385.79252044 3995701.82564818 5544110.83665057 1202623.92359609 716266.838820823 55889.3999733326 415379.894124888 1696453815.35339 1915234060.32486 1016702380.88613 1398064207.65943 288587631.711817 190089646.651128 0 0
57 41620.105875111 794116.395673909 1.49911427415722 6007477.23504758 7037389.76663272 3651201.47151199 5066110.16744734 1098936.41495566 654511.935578074 55889.3999733326 415379.894124888 1697020636.45354 1915898056.35075 1017046881.24027 1398542208.32863 288691319.220458 190151401.554371 0 0
58 41620.105875111 794116.395673907 1.49911434934554 5489535.82082372 6430653.28381933 3336409.02540193 4629329.77493358 1004190.37454062 598082.452073419 55889.3999733326 415379.894124888 1697538577.86776 1916504792.83356 1017361673.68638 1398978988.72114 288786065.260873 190207831.037875 0 0
59 41620.105875111 794116.395673905 1.49911440565697 5016260.98795368 5876240.95143234 3048763.86278301 4230216.74478976 917615.107124092 546519.372464062 55889.3999733326 415379.894124888 1698011852.70063 1917059205.16595 1017649318.849 1399378101.75129 288872640.528289 190259394.117485 0 0
60 41620.105875111 794116.395673906 1.49911444869534 4583778.44780978 5369614.27884173 2785911.28337342 3865503.8864398 838501.896436595 499400.594751196 55889.3999733326 415379.894124888 1698444335.24078 1917565831.83854 1017912171.42841 1399742814.60964 288951753.738977 190306512.895198 0 0
61 41620.105875111 794116.395673908 1.49911448120847 4188580.58826292 4906664.31436331 2545719.4441272 3532233.2278806 766209.101644985 456343.966175179 55889.3999733326 415379.894124888 1698839533.10033 1918028781.80302 1018152363.26765 1400076085.26819 289024046.533768 190349569.523774 0 0
62 41620.105875111 794116.395673909 1.4991145057158 3827455.40585334 4483628.39367164 2326236.1659016 3227696.08412695 700149.157049248 416999.540407578 55889.3999733326 415379.894124888 1699200658.28273 1918451817.72371 1018371846.54588 1400380622.41195 289090106.478364 190388913.949541 0 0
63 41620.105875111 794116.395673909 1.49911452418905 3497465.21097729 4097065.19423715 2125675.99097712 2949415.0992792 639784.676662709 381047.257490871 55889.3999733326 415379.894124888 1699530648.47761 1918838380.92314 1018572406.7208 1400658903.3968 289150470.958751 190424866.232458 0 0
64 41620.105875111 794116.395673909 1.49911453811533 3195925.64903213 3743830.159889 1942407.43260954 2695126.55503873 584624.616589891 348194.658201657 55889.3999733326 415379.894124888 1699832188.03956 1919191615.95749 1018755675.27917 1400913191.94104 289205631.018824 190457718.831747 0 0
65 41620.105875111 794116.395673908 1.49911454861574 2920383.87509056 3421049.9337895 1774939.71011712 2462761.96539401 534220.282561071 318174.506191263 55889.3999733326 415379.894124888 1700107729.8135 1919514396.18359 1018923143.00166 1401145556.53068 289256035.352852 190487738.983758 0 0
66 41620.105875111 794116.395673906 1.49911455653877 2668598.64358426 3126099.0347242 1621910.64786492 2250431.28623547 488161.687775882 290742.618765749 55889.3999733326 415379.894124888 1700359515.045 1919809347.08266 1019076172.06392 1401357887.20984 289302093.947638 190515170.871183 0 0
67 41620.105875111 794116.395673933 1.49911456250525 2438521.13099177 2856577.39206118 1482075.01975157 2056406.74311349 446074.044833976 265675.777526407 55889.3999733326 415379.894124888 1700589592.5576 1920078868.72532 1019216007.69203 1401551911.75296 289344181.59058 190540237.712422 0 0
68 41620.105875111 794116.395674038 1.49911456701973 2228279.82893953 2610292.64894901 1354295.36759619 1879110.09157891 407615.002258667 242770.082479927 55889.3999733326 415379.894124888 1700799833.85965 1920325153.46843 1019343787.34418 1401729208.4045 289382640.633155 190563143.407469 0 0
69 41620.105875111 794116.395674394 1.49911457037415 2036164.93402196 2385241.87595179 1237532.5136431 1717099.45310626 372471.788956316 221839.25131634 55889.3999733326 415379.894124888 1700991948.75457 1920550204.24143 1019460550.19814 1401891219.04297 289417783.846457 190584074.238633 0 0
70 41620.105875111 794116.395674983 1.49911457288901 1860613.2890474 2179593.93064589 1130836.40821002 1569056.61603496 340358.459547022 202712.978764546 55889.3999733326 415379.894124888 1701167500.39954 1920755852.18674 1019567246.30357 1402039261.88004 289449897.175866 190603200.511184 0 0
71 41620.105875111 794116.395675714 1.49911457475515 1700197.50375763 1991676.7132125 1033339.51752074 1433777.86106367 311013.904238484 185235.751299621 55889.3999733326 415379.894124888 1701327916.18483 1920943769.40417 1019664743.19426 1402174540.63501 289479241.731175 190620677.738649 0 0
72 41620.105875111 794116.395676068 1.49911457617011 1553612.22388884 1819961.08148785 944248.47836765 1310162.38193893 284199.337051364 169265.351163196 55889.3999733326 415379.894124888 1701474501.4647 1921115485.03589 1019753834.23341 1402298156.11414 289506056.298362 190636648.138786 0 0
