"Time" "IECs" "pheme_e" "BiomassCD" "pro_L_e" "leu_L_e" "ile_L_e" "val_L_e" "trp_L_e" "cys_L_e" "Drug" "Damage" "pro_L_v" "leu_L_v" "ile_L_v" "val_L_v" "trp_L_v" "cys_L_v" "CD" "pheme_c"
0 457000 1e+05 0.4963 224235600.199112 195370466.451958 120509812.093413 157438605.791629 18978882.6152 31300034.1459915 0 0 0 0 0 0 0 0 45700000 1000
1 327712.064296842 157345.16019679 0.594123777900089 410397650.226932 448771855.409494 242944382.006628 331578270.630232 65342010.9695238 47139533.8802549 0 129287.935703157 276695977.731682 284307135.631897 159322440.161041 214862829.0995 37932092.15234 33807067.5757491 48532264.0533699 914.010185918617
2 229645.501459402 269084.288768112 0.69781199789745 490352260.723683 554606528.058044 294712658.577141 404899030.608869 84190225.6334658 54341449.1349003 0 227354.498540598 547460014.872679 586331297.82426 321046524.375781 436444471.754305 83022223.1603949 64262712.4506808 52252900.0687776 1362.6261098564
3 156168.194851776 375146.52755772 0.803529041365443 539582948.298759 617602283.982346 325961711.15875 448962618.233702 94998385.8260772 59095261.2663228 0 300831.805148223 760563511.65332 828927660.081074 449487789.071553 613145106.137348 120119695.890295 87724186.0565866 57057131.3456595 1677.38681487989
4 102197.040255315 459092.998707162 0.907130847486402 577345223.675023 664851140.300466 349553260.043818 482191113.635114 102844062.438457 62956853.2470007 0 354802.959744685 914911585.257785 1006144835.72964 542840149.117528 741820990.254376 147461045.025047 104587517.44095 63165448.6178592 1839.14302267306
5 63711.855835112 517773.527391675 1.00479472444785 608601562.727812 703797078.918444 368889213.339387 509538237.193817 109171591.918907 66297547.0102734 0 393288.144164888 1019871112.57789 1127258779.11528 606424664.490246 829586682.428228 166222965.753445 116025134.495035 70824613.4219242 1887.89408257962
6 37390.8375021416 552507.979955336 1.0935501846371 633961553.067685 735912587.320035 384491217.474286 531860389.559727 114321163.885523 69128542.7124214 0 419609.162497859 1086645386.16599 1204612385.96052 646910665.775759 885545282.107598 178230928.035441 123301409.832748 80308683.940041 1862.0508542623
7 20371.1276212779 566372.666064793 1.17156411832808 652870408.987662 760989958.715436 396090236.805758 548878187.852449 118309871.671603 71373854.6285094 0 436628.872378722 1125949404.26788 1250319987.95963 670752101.312727 918550130.375857 185334245.957246 127591666.510911 91917620.1601626 1789.50013351509
8 10138.2036154017 563232.016647762 1.2381525706189 664970097.166855 778902555.267511 403503610.363372 560408160.277972 121143201.664353 72992677.7055856 9737.47760380151 446861.796384598 1147049575.09424 1274966122.34799 683554514.391098 936307862.754516 189166713.823576 129902286.252092 105972249.655744 1689.36571797937
9 9865.01065647958 727091.274151144 1.29357902706189 651714543.627817 763527021.358802 395461975.14804 549290207.89396 118752971.369396 71550263.6709582 6585.53964550145 447134.98934352 1161143430.52737 1291477865.77286 692106698.486889 948186656.920726 191734819.081335 131449606.382945 46.9799830866525 9.15870291681733
10 9865.01037768481 801186.334814411 1.33875795067441 637934784.444845 747383115.284657 387100383.657368 537676094.286175 116242075.5382 70037415.1336177 6576.39309571496 447134.989622315 1174923190.56043 1307621773.00651 700468290.495305 959800771.302591 194245715.094044 132962455.027343 0.000378995990606913 0.0257939687535868
11 9865.01037768255 832753.301627131 1.37495920277503 624446381.737081 731580552.574874 378915587.984806 526307547.119743 113784269.560729 68556553.9500485 6576.36737427253 447134.989622318 1188411593.2682 1323424335.7163 708653086.16787 971169318.46903 196703521.071517 134443316.210913 3.49416619444268e-08 7.26473658708585e-05
12 9865.01037768255 846201.612275477 1.40357110500346 611243175.911524 716112117.019605 370903850.476202 515179374.909287 111378431.085787 67107003.8862377 6576.36730181916 447134.989622318 1201614799.09376 1338892771.27157 716664823.676475 982297490.679486 199109359.546458 135892866.274724 3.98150641288379e-08 1.94132792925999e-07
13 9865.01037768255 851931.419093737 1.42594023220657 598319136.801729 700970743.876981 363061512.011843 504286495.197447 109023461.319142 65688102.9038693 6576.36730159917 447134.989622318 1214538838.20355 1354034144.41419 724507162.140833 993190370.391326 201464329.313104 137311767.257092 -9.33141353407479e-08 -2.57261339433049e-08
14 9865.01037768255 854372.460908936 1.44328052778831 585668361.732938 686149517.770136 355384990.834284 493623932.981781 106718284.697611 64299202.9616502 6576.36730159835 447134.989622318 1227189613.27235 1368855370.52104 732183683.318392 1003852932.60699 203769505.934634 138700667.199311 -9.62896138435847e-08 -2.65492312438167e-08
15 9865.01037768255 855412.186883455 1.45663407306503 573285072.862709 671641669.571584 347870780.934635 483186818.47335 104461848.404492 62939669.7233451 6576.36730159835 447134.989622318 1239572902.14258 1383363218.71959 739697893.218041 1014290047.11542 206025942.227753 140060200.437616 -7.87926227543489e-08 -2.65562416006494e-08
16 9865.01037768255 855855.358621015 1.46686528021095 561163614.497789 657440573.259755 340515450.424432 472970384.835271 102253121.880645 61608882.2632013 16313.8449053999 447134.989622318 1251694360.50749 1397564315.03142 747053223.728245 1024506480.7535 208234668.751601 141390987.89776 0 0
17 9865.01037768255 856044.249276545 1.47467478651692 549298495.617441 643539795.737904 333315667.338893 462970004.023024 100091104.572936 60306237.7344884 16313.8449053999 447134.989622318 1263559479.38784 1411465092.55327 754253006.813784 1034506861.56575 210396686.05931 142693632.426473 0 0
18 9865.01037768255 856124.504950109 1.48061514487865 537684214.233105 629932891.059753 326268093.057936 453181038.747985 97974793.9297178 59031132.0863441 16313.8449053999 447134.989622318 1275173760.77218 1425071997.23142 761300581.094741 1044295826.84079 212512996.702528 143968738.074617 0 0
19 9865.01037768255 856158.758581435 1.48512562349419 526315496.089061 616613680.083223 319369527.150323 443599043.663567 95903228.8959621 57782986.2701782 16313.8449053999 447134.989622318 1286542478.91622 1438391208.20795 768199147.002354 1053877821.9252 214584561.736284 145216883.890783 0 0
20 9865.01037768255 856173.497160718 1.48854397431146 515187156.993433 603576089.182026 312616823.835773 434219649.332473 93875464.8277361 56561231.1253064 16313.8449053999 447134.989622318 1297670818.01185 1451428799.10915 774951850.316904 1063257216.2563 216612325.80451 146438639.035655 0 0
21 9865.01037768255 856179.733701072 1.49113148998107 504294113.977932 590814163.32006 306006898.75673 425038571.63256 91890575.5256884 55365308.6041526 16313.8449053999 447134.989622318 1308563861.02735 1464190724.97112 781561775.395947 1072438293.95621 218597215.106558 147634561.556809 0 0
22 9865.01037768255 856182.337404884 1.49308808381218 493631392.143275 578322074.071259 299536733.132167 416051617.526416 89947654.4823945 54194672.5237921 16313.8449053999 447134.989622318 1319226582.862 1476682814.21992 788031941.02051 1081425248.06236 220540136.149852 148805197.637169 0 0
23 9865.01037768255 856183.464256539 1.49456660403803 483194121.475474 566094115.889674 293203371.825717 407254682.378015 88045814.3022341 53048788.2164191 16313.8449053999 447134.989622318 1329663853.5298 1488910772.4015 794365302.326959 1090222183.21076 222441976.330012 149951081.944542 0 0
24 9865.01037768255 856183.910506506 1.49568316597172 472977535.155511 554124704.129138 287003922.319969 398643748.528035 86184186.3933858 51927132.34377 26051.3225092014 447134.989622318 1339880439.84977 1500880184.16204 800564751.832708 1098833117.06073 224303604.23886 151072737.817191 0 0
25 9865.01037768255 856184.092964795 1.49652751095358 462976962.957285 542408367.308528 280935550.71033 390214879.729403 84361919.7648259 50829192.1722987 26051.3225092014 447134.989622318 1349881012.048 1512596520.98265 806633123.442347 1107261985.85936 226125870.86742 152170677.988662 0 0
26 9865.01037768255 856184.167994419 1.49716342928006 453187817.339082 530939730.816986 274995473.265294 381964209.42464 82578178.4919685 49754464.0461907 26051.3225092014 447134.989622318 1359670157.6662 1524065157.47419 812573200.887383 1115512656.16412 227909612.140277 153245406.11477 0 0
27 9865.01037768255 856184.200858922 1.49764202798411 443605745.936818 519713695.569924 269181048.959718 373888069.273067 80832169.5034106 48702470.1292508 26051.3225092014 447134.989622318 1369252229.06846 1535291192.72125 818387625.192959 1123588796.3157 229655621.128835 154297400.03171 0 0
28 9865.01037768255 856184.221498883 1.49800418210836 434226212.376324 508724946.902678 263489525.110687 365982635.843189 79123066.198124 47672712.3832334 26051.3225092014 447134.989622318 1378631762.62896 1546279941.3885 824079149.04199 1131494229.74558 231364724.434122 155327157.777728 0 0
29 9865.01037768255 856184.228061013 1.49827729643464 425044998.398773 497968542.843902 257918342.068453 358244353.82342 77450099.9408607 46664727.6950558 26051.3225092014 447134.989622318 1387812976.60651 1557036345.44728 829650332.084224 1139232511.76535 233037690.691385 156335142.465905 0 0
30 9865.01037768255 856184.225512088 1.4984831020205 416057912.584127 487439572.865683 252464956.46911 350669690.52294 75812506.9868355 45678055.898205 26051.3225092014 447134.989622318 1396800062.42115 1567565315.42549 835103717.683567 1146807175.06582 234675283.64541 157321814.262756 0 0
31 9865.01037768255 856184.223719321 1.49863799351718 407260858.656028 477133237.907273 247126882.682171 343255193.441704 74209540.9279873 44712247.2717773 26051.3225092014 447134.989622318 1405597116.34925 1577871650.3839 840441791.470506 1154221672.14706 236278249.704259 158287622.889184 0 0
32 9865.01037768255 856184.227625842 1.49875535624378 398649803.946457 467044813.429329 241901673.674843 335997463.691231 72640466.9467267 43766859.0782846 35788.8001130029 447134.989622318 1414208171.05883 1587960074.86185 845667000.477834 1161479401.89753 237847323.685519 159233011.082677 0 0
33 9865.01037768255 856184.226958934 1.49884398931596 390220776.294635 457169645.780772 236786919.130273 328893153.380882 71104561.2508658 42841455.2231913 35788.8001130029 447134.989622318 1422637198.71065 1597835242.51041 850781755.022404 1168583712.20788 239383229.38138 160158414.93777 0 0
34 9865.01037768255 856184.226696057 1.49891075155359 381969832.441596 447503115.170923 231780226.269299 321938938.979582 69601105.3145963 41935602.7850266 35788.8001130029 447134.989622318 1430888142.56369 1607501773.12026 855788447.883378 1175537926.60918 240886685.317649 161064267.375935 0 0
35 9865.01037768255 856184.226587331 1.4989607037049 373893552.604682 438041215.096488 226879519.959461 315131938.162323 68129475.9979926 41048926.3135977 35788.8001130029 447134.989622318 1438964422.4006 1616963673.19469 860689154.193216 1182344927.42644 242358314.634253 161950943.847364 0 0
36 9865.01037768255 856184.22650846 1.49899791144674 365988277.246535 428779658.16556 222082579.584563 308469066.529568 66689006.4739304 40181024.0365869 35788.8001130029 447134.989622318 1446869697.75875 1626225230.12562 865486094.568115 1189007799.05919 243798784.158315 162818846.124375 0 0
37 9865.01037768255 856184.226337617 1.49902655977912 358249891.309193 419713623.313489 217386908.117391 301946855.751408 65278946.9120348 39331444.1711005 35788.8001130029 447134.989622318 1454608083.69609 1635291264.97769 870181766.035286 1195530009.83735 245208843.720211 163668425.989861 0 0
38 9865.01037768255 856184.226096602 1.49904840358994 350675122.774476 410839277.152912 212790520.089332 295562548.04445 63898701.0974675 38499827.4896733 35788.8001130029 447134.989622318 1462182852.23081 1644165611.13827 874778154.063345 1201914317.54431 246589089.534778 164500042.671288 0 0
39 9865.01037768255 856184.225878959 1.499065036347 343260515.411354 402152570.478834 208291318.250964 289313230.363586 62547639.2488175 37685794.5405283 35788.8001130029 447134.989622318 1469597459.59393 1652852317.81235 879277355.901713 1208163635.22517 247940151.383428 165314075.620433 0 0
40 9865.01037768255 856184.225848207 1.49907742997405 336002676.147962 393649528.081437 203887243.678 283196042.896699 61225143.0932998 36888972.8059907 45526.2777168044 447134.989622318 1476855298.85733 1661355360.20974 883681430.474677 1214280822.69206 249262647.538946 166110897.354971 0 0
41 9865.01037768255 856184.226207665 1.49908659715875 328898290.470865 385326266.787333 199576285.115602 277208192.04375 59930608.6727503 36108998.3931372 45526.2777168044 447134.989622318 1483959684.53443 1669678621.50384 887992389.037075 1220268673.54501 250557181.959495 166890871.767824 0 0
42 9865.01037768255 856184.226349355 1.49909350199176 321943969.512945 377178816.312842 195356386.190934 271346821.536542 58663418.4805572 35345499.2459225 45526.2777168044 447134.989622318 1490914005.49235 1677826071.97833 892212287.961743 1226130044.05222 251824372.151689 167654370.915039 0 0
43 9865.01037768255 856184.22640951 1.49909866163194 315136868.49983 369203843.815196 191225820.687966 265609533.689277 57423054.1526404 34598163.0430113 45526.2777168044 447134.989622318 1497721106.50546 1685801044.47598 896342853.464712 1231867331.89948 253064736.479605 168401707.11795 0 0
44 9865.01037768255 856184.226463551 1.49910245296795 308474035.806489 361397891.26896 187182797.553427 259993840.758289 56208977.8549953 33866665.7321765 45526.2777168044 447134.989622318 1504383939.1988 1693606997.02222 900385876.59925 1237483024.83047 254278812.77725 169133204.428785 0 0
45 9865.01037768255 856184.226621291 1.49910539466985 301951840.306641 353756704.567698 183225113.411032 254496682.289997 55020527.9374571 33150608.6602879 45526.2777168044 447134.989622318 1510906134.69865 1701248183.72348 904343560.741645 1242980183.29876 255467262.694789 169849261.500674 0 0
46 9865.01037768255 856184.2268492 1.4991076768593 295567406.973876 346276915.426365 179351023.68774 249115635.101014 53857180.5235334 32449676.1847075 45526.2777168044 447134.989622318 1517290568.03142 1708727972.86481 908217650.464937 1248361230.48775 256630610.108712 170550193.976254 0 0
47 9865.01037768255 856184.227082475 1.49910943043708 289317973.821903 338955287.993948 175558852.403531 243848371.282535 52718432.3344772 31763565.073216 45526.2777168044 447134.989622318 1523540001.18339 1716049600.29723 912009821.749146 1253628494.30622 257769358.297769 171236305.087746 0 0
48 9865.01037768255 856184.227182621 1.49911074276039 283200697.175231 331788490.715091 171846874.009179 238692494.074941 51603765.2064426 31091963.1251219 55263.7553206059 447134.989622318 1529657277.83006 1723216397.57609 915721800.143498 1258784371.51382 258884025.425803 171907907.03584 0 0
49 9865.01037768255 856184.226771608 1.49911168976703 277212773.299675 324773238.82834 168213387.191939 233645640.382688 50512668.2535383 30434562.5247991 55263.7553206059 447134.989622318 1535645201.70562 1730231649.46284 919355286.960738 1263831225.20607 259975122.378707 172565307.636163 0 0
50 9865.01037768255 856184.226609592 1.4991124030896 271351307.341638 317906140.81978 164656635.347587 228705370.311271 49444613.986437 29791045.4528278 55263.7553206059 447134.989622318 1541506667.66365 1737098747.4714 922912038.80509 1268771495.27749 261043176.645809 173208824.708134 0 0
51 9865.01037768255 856184.226540727 1.49911293624433 265613920.827334 311184410.148856 161175175.212426 223869679.191049 48399169.0085966 29161150.781958 55263.7553206059 447134.989622318 1547244054.17796 1743820478.14233 926393498.940251 1273607186.39771 262088621.623649 173838719.379004 0 0
52 9865.01037768255 856184.2264796 1.49911332794403 259998134.951841 304605142.730399 157767502.64158 219136477.789419 47375881.6415132 28544606.3698113 55263.7553206059 447134.989622318 1552859840.05345 1750399745.56078 929801171.511097 1278340387.79934 263111908.990732 174455263.791151 0 0
53 9865.01037768255 856184.226300969 1.49911363175272 254500887.471876 298164750.942323 154431759.458355 214503185.12938 46374193.894741 27941076.0196337 55263.7553206059 447134.989622318 1558357087.53342 1756840137.34886 933136914.694322 1282973680.45938 264113596.737505 175058794.141328 0 0
54 9865.01037768255 856184.226041884 1.49911386750791 249119751.353103 291860391.352151 151166472.932394 209967755.612581 45393663.523217 27350293.272822 55263.7553206059 447134.989622318 1563738223.65219 1763144496.93903 936402201.220283 1287509109.97618 265094127.109029 175649576.88814 0 0
55 9865.01037768255 856184.225776174 1.49911404865221 243852400.4149 285689338.684255 147970231.53162 205528228.64408 44433866.6590631 26772002.7432745 55263.7553206059 447134.989622318 1569005574.59039 1769315549.60693 939598442.621057 1291948636.94468 266053923.973182 176227867.417687 0 0
56 9865.01037768255 856184.225660837 1.49911418424694 238696437.978668 279648785.069931 144841580.945612 201182584.210516 43494366.5885251 26205941.305076 55263.7553206059 447134.989622318 1574161537.02662 1775356103.22125 942727093.207065 1296294281.37825 266993424.043721 176793928.855886 0 0
57 9865.01037768255 856184.225827469 1.49911428348946 233649482.902712 273735940.842989 141779076.29178 196928815.393631 42574729.4289247 25651847.5380727 55263.7553206059 447134.989622318 1579208492.10258 1781268947.44819 945789597.860898 1300548050.19513 267913061.203321 177348022.622889 0 0
58 9865.01037768255 856184.226253872 1.49911435626856 228709249.562065 267948128.241456 138781330.647316 192764995.780356 41674538.7022823 25109470.5086763 55263.7553206059 447134.989622318 1584148725.44323 1787056760.04973 948787343.505362 1304711869.8084 268813251.929963 177890399.652286 0 0
59 9865.01037768255 856184.226862381 1.49911441114393 223873465.788877 262282685.269267 135846965.255226 188689210.299803 40793380.3827238 24578560.7607247 55263.7553206059 447134.989622318 1588984509.21641 1792722203.02191 951721708.897451 1308787655.28896 269694410.249522 178421309.400237 0 0
60 9865.01037768255 856184.227377731 1.49911445292142 219139929.92792 256737032.540591 132974644.145746 184699603.311844 39930853.2929194 24058876.5794768 55263.7553206059 447134.989622318 1593718045.07737 1798267855.75059 954594030.006931 1312777262.27692 270556937.339326 178940993.581485 0 0
61 9865.01037768255 856184.227471218 1.49911448583782 214506469.422275 251308624.760208 130163049.006037 180794343.701534 39086561.557724 23550179.4448293 55263.7553206059 447134.989622318 1598351505.58302 1803696263.53097 957405625.14664 1316682521.88723 271401229.074522 179449690.716133 0 0
62 9865.01037768255 856184.226702069 1.49911451298584 209970973.850203 245994989.428401 127410899.227039 176971652.723857 38260120.6240309 23052237.6583592 55263.7553206059 447134.989622318 1602887001.15509 1809009898.86278 960157774.925639 1320505212.8649 272227670.008215 179947632.502603 0 0
63 9865.01037768255 856184.224527613 1.49911453538266 205531366.05561 240793693.018373 124716934.385365 173229779.671368 37451152.0002738 22564823.1738035 55263.7553206059 447134.989622318 1607326608.94968 1814211195.27281 962851739.767313 1324247085.91739 273036638.631972 180435046.987158 0 0
64 9865.01037768255 856184.220247011 1.49911455143748 201185631.004101 235702374.783038 122079931.753229 169567026.195194 36659288.5144693 22087714.7650998 55263.7553206059 447134.989622318 1611672344.00119 1819302513.50814 965488742.399449 1327909839.39357 273828502.117777 180912155.395862 0 0
65 9865.01037768255 856184.212072503 1.49911456171923 196931777.199659 230718701.552088 119498682.885988 165981713.785514 35884167.2837079 21620693.7904108 55263.7553206059 447134.989622318 1615926197.80563 1824286186.73909 968069991.26669 1331495151.80325 274603623.348538 181379176.370551 0 0
66 9865.01037768255 856184.197423163 1.49911456743852 192767849.271307 225840382.478108 116972001.259762 162472194.380088 35125432.0076492 21163545.5739857 55263.7553206059 447134.989622318 1620090125.73398 1829164505.81307 970596672.892915 1335004671.20867 275362358.624596 181836324.586976 0 0
67 9865.01037768255 856184.173705352 1.49911456641439 188691961.413356 221065208.214054 114498742.56306 159036878.54899 34382739.0618782 20716063.0774892 55263.7553206059 447134.989622318 1624166013.59193 1833939680.07713 973069931.589617 1338439987.03977 276105051.570368 182283807.083473 0 0
68 9865.01037768255 856184.137456963 1.49911455574789 184702276.466267 216391026.405085 112077792.002989 155674217.863148 33655753.6860975 20278044.6033362 55263.7553206059 447134.989622318 1628155698.53903 1838613861.8861 975490882.149688 1341802647.72561 276832036.946148 182721825.557626 0 0
69 9865.01037768255 856184.077479704 1.49911454023104 180796955.52555 211815682.652042 109708033.72782 152382662.422782 32944140.8020521 19849288.2623679 55263.7553206059 447134.989622318 1632061019.47974 1843189205.63914 977860640.424857 1345094203.16598 277543649.830194 183150581.898594 0 0
70 9865.01037768255 856183.981305337 1.49911452442945 176974205.38708 207337076.09678 107388379.616913 149160700.846141 32247573.6588349 19429597.1827646 55263.7553206059 447134.989622318 1635883769.61821 1847667812.1944 980180294.535764 1348316164.74262 278240216.973411 183570272.978197 0 0
71 9865.01037768255 856183.835825497 1.49911451191117 173232283.168256 202953164.836177 105117772.084854 146006864.164401 31565734.6749375 19018780.0173932 55263.7553206059 447134.989622318 1639625691.83703 1852051723.455 982450902.067823 1351470001.42436 278922055.957308 183981090.143569 0 0
72 9865.01037768255 856183.691050981 1.49911450843254 169569484.656991 198661952.272198 102895177.011591 142919716.001743 30898313.3152476 18616649.6646683 55263.7553206059 447134.989622318 1643288490.3483 1856342936.01898 984673497.141086 1354557149.58702 279589477.316998 184383220.496294 0 0
