"Time" "IECs" "pheme_e" "BiomassCD" "pro_L_e" "leu_L_e" "ile_L_e" "val_L_e" "trp_L_e" "cys_L_e" "Drug" "Damage" "pro_L_v" "leu_L_v" "ile_L_v" "val_L_v" "trp_L_v" "cys_L_v" "CD" "pheme_c"
0 457000 1e+05 0.4963 224235600.199112 195370466.451958 120509812.093413 157438605.791629 18978882.6152 31300034.1459915 0 0 0 0 0 0 0 0 45700000 1000
1 295442.160571982 175607.39727995 0.594123778212084 499346809.174786 550958393.722358 296811429.125751 405788441.327434 81159442.2373582 56804481.7118206 0 161557.839428018 303306975.586836 316331126.910727 175797902.686297 237757782.455291 43154529.5983552 36533762.7745298 48532264.0466666 1017.82807936965
2 185309.238074943 310994.163276566 0.697811951027358 607979020.043357 689315698.292156 365809896.479536 502816752.741278 104940471.941579 67197597.0991085 0 271690.761925057 588475116.498764 636016647.006113 346516547.815506 471885876.398953 91178852.718947 68431689.6261047 52252902.336852 1574.68946570645
3 111745.193715881 429750.029577729 0.803528939250251 668624414.561484 765336478.53663 403888935.710425 556330271.271385 117702958.019772 73253290.0413023 0 345254.806284119 790249759.540405 865948727.250978 468181116.226009 639300529.260636 126378170.702985 90624589.7177906 57057135.7590938 1922.10701727815
4 64072.1256525154 514618.399354743 0.907130695115061 709461428.075221 816251458.869383 429281495.033634 592139398.579064 126069966.706996 77513519.2428817 0 392927.874347485 918659843.65982 1013306036.99376 545816922.909476 746310207.80799 149091331.522887 104670818.652544 63165456.3710589 2062.27193662837
5 34473.0084246667 565950.447395332 1.00479453430617 738210192.830449 852613085.97243 447041929.156119 617468533.974037 131953987.921413 80658393.7699183 0 422526.991575334 993917850.727221 1100047138.44134 591373059.189126 809186855.692677 162502417.228652 112892005.141001 70824625.9184873 2064.14129724765
6 17134.5853984841 589318.092251191 1.09354971898778 757269475.805678 877929744.961351 458772920.165643 634658496.255962 136008447.261871 82893849.8649555 0 439865.414601516 1034365932.19327 1146840980.81831 615872483.018519 843048818.017446 169748090.449347 117314503.488018 80308688.6137787 1986.5283092784
7 7725.15368835713 591375.268524841 1.17156382449472 768016643.584142 894199676.388803 465379558.741129 645038936.264043 138594794.766144 84349293.1083442 0 449274.846311643 1054051951.37311 1169704875.87328 627799983.499639 859562378.773433 173290998.506925 119472282.021318 91917625.337045 1868.76519796449
8 3093.02041179158 578304.691827596 1.23815235030303 772032017.663147 903507170.231915 467858062.893755 650040303.364637 140064382.705146 85188950.4328004 9737.47760380151 453906.979588209 1062586381.43171 1179662424.3274 632971666.06472 866737630.539837 174834502.349994 120411363.875063 105972253.592798 1734.72797857865
9 2779.60745911947 731196.646921154 1.29357884573897 767965268.836847 899305730.665415 465396591.965008 646810766.757443 139414476.219857 84790271.9917573 7180.39293540986 454220.392540881 1067287711.43559 1185167348.36407 635820728.728323 870697121.332825 175687899.715059 120930392.889932 133731.486050498 923.280497608867
10 2778.81320608609 810810.229475444 1.33875780426746 763357377.115536 893911334.782704 462604159.380911 642930360.067351 138578215.731176 84281659.5620882 6461.20516976311 454221.186793914 1071897089.32429 1190565047.54515 638614069.618626 874579324.477599 176524675.677416 121439310.312766 2573.66249396601 275.557712301987
11 2778.79467636385 844861.827105288 1.3749590864005 758776017.219114 888546480.558134 459827797.91346 639071767.056907 137746531.616282 83775838.756613 6263.98521610547 454221.205323636 1076478483.01642 1195929978.83483 641390451.74564 878437959.015915 177356371.816646 121945138.233655 86.4748335499175 80.823355128355
12 2778.79402049234 859404.147328846 1.40357101912141 754222129.120524 883213760.323316 457068084.527673 635236299.2878 136919828.984387 83273047.8221855 6207.02577122955 454221.205979508 1081032372.28896 1201262701.79742 644150165.849194 882273428.245196 178183074.874112 122447929.419937 3.36423347094723 23.9613393899268
13 2778.7939945751 865614.138200906 1.42594017475448 749695570.943619 877913042.837453 454324933.41164 631423849.427725 136098087.562129 82773274.2444779 6190.19921302116 454221.206005425 1085558930.51164 1206563419.39107 646893316.993214 886085878.162701 179004816.313186 122947703.007596 0.136777034793179 7.13875843881206
14 2778.79399351601 868265.963355086 1.44328048261842 745196179.439261 872644138.180769 451598245.640189 627634280.416923 135281277.909774 82276500.1121405 6185.1907434776 454221.206006484 1090058322.01785 1211832324.05216 649620004.765798 889875447.175842 179821625.966228 123444477.140341 0.00564325117412927 2.13045326841313
15 2778.79399347223 869398.359740044 1.45663403512139 740723791.593133 867406855.509161 448887922.424827 623867454.97555 134469370.441895 81782707.4314076 6183.69642791666 454221.206006528 1094530709.86405 1217069606.72395 652330327.981207 893642272.617312 180633533.434135 123938269.82109 0.000234256929127898 0.636144530377824
16 2778.79399347041 869881.921727845 1.46686524905183 736278245.340615 862201005.042794 446193865.552367 620123236.606961 133662335.73796 81291878.3090431 15920.7278680805 454221.20600653 1098976256.11658 1222275457.19032 655024384.853669 897386490.985905 181440568.138071 124429098.943456 9.78955446386779e-06 0.189981176881772
17 2778.7939934704 870088.414789643 1.47467367354328 731859379.612554 857026398.165579 443515977.41288 616401489.652249 132860144.557842 80803994.9615413 15920.5463474255 454221.20600653 1103395121.84464 1227450064.06753 657702272.993157 901108237.940617 182242759.318189 124916982.290958 -5.81619912208288e-09 0.00846052253316083
18 2778.7939934704 870176.592639734 1.48061531469577 727467034.234513 851882847.309083 440854160.938644 612702079.206045 132062767.823826 80319039.7041742 15920.5382636584 454221.20600653 1107787467.22268 1232593614.92403 660364089.467392 904807648.386821 183040136.052205 125401937.548325 -5.81619912208288e-09 0.000376755376999873
19 2778.7939934704 870214.24653491 1.48512622866781 723101050.065301 846770166.114822 438208319.688098 609024871.233216 131270176.645769 79836994.966293 15920.5379037431 454221.20600653 1112153451.39189 1237706296.11829 663009930.717938 908484856.35965 183832727.230262 125883982.286206 -5.81619912208288e-09 1.68401167174523e-05
20 2778.7939934704 870230.334289955 1.48854532536214 718761268.69211 841688169.077276 435578357.661093 605369732.312108 130482342.265759 79357843.2576695 15920.5378876444 454221.20600653 1116493232.76508 1242788293.15584 665639892.744943 912139995.280758 184620561.610271 126363133.99483 -5.81619912208288e-09 7.41447990094277e-07
21 2778.7939934704 870237.187195867 1.49113297672417 714447533.11315 836636672.343255 432964179.712569 601736530.209479 129699236.182035 78881567.2438644 15920.5378869588 454221.20600653 1120806968.34404 1247839789.88986 668254070.693467 915773197.383387 185403667.693995 126839410.008635 -5.81619912208288e-09 5.58145057745042e-08
22 2778.7939934704 870240.105958601 1.49308850446543 710159687.597374 831615493.54765 430365691.467558 598125133.762361 128920830.123526 78408149.7307405 15920.5378867863 454221.20600653 1125094813.85982 1252860968.68547 670852558.938478 919384593.830505 186182073.752505 127312827.521759 -5.81619912208288e-09 -1.16632202935166e-07
23 2778.7939934704 870241.427529201 1.49456681710842 705897575.648027 826624449.42868 427782798.087058 594535411.162873 128147095.680153 77937573.439619 15920.5378868004 454221.20600653 1129356925.80917 1257852012.80443 673435452.318978 922974316.429993 186955808.195878 127783403.81288 -5.81619912208288e-09 -1.02582393758872e-07
24 2778.7939934704 870241.941632037 1.49568368146251 701661043.279307 821663359.664964 425215406.253741 590967232.717963 127378004.897672 77469821.3690537 25658.0154905928 454221.20600653 1133593458.17789 1262813102.56815 676002844.152295 926542494.874903 187724898.978359 128251155.883445 0 0
25 2778.7939934704 870242.153762127 1.49652787014238 697449948.905022 816732058.455379 422663430.164594 587420479.178027 126613532.072837 77004877.8866289 25658.0154905928 454221.20600653 1137804552.55218 1267744403.77773 678554820.241442 930089248.414839 188489371.803194 128716099.36587 0 0
26 2778.7939934704 870242.241272037 1.49716372353107 693264115.024758 811830337.942319 420126762.252138 583895001.04506 125853644.982613 76542723.3946693 25658.0154905928 454221.20600653 1141990386.43244 1272646124.29079 681091488.153898 933614726.547806 189249258.893418 129178253.857829 0 0
27 2778.7939934704 870242.279568789 1.49764223773222 689103406.184382 806958039.505466 417605320.429466 580390684.234125 125098319.036954 76083342.937795 25658.0154905928 454221.20600653 1146151095.27281 1277518422.72765 683612929.976569 937119043.358741 190004584.839077 129637634.314704 0 0
28 2778.7939934704 870242.303566976 1.49800433805388 684967666.150264 802114980.191167 415099010.017036 576907397.158956 124347525.873549 75626719.2663787 25658.0154905928 454221.20600653 1150286835.30693 1282361482.04195 686119240.389 940602330.43391 190755378.002482 130094257.98612 0 0
29 2778.7939934704 870242.311349341 1.49827741607635 680856747.276869 797300987.102656 412607741.5398 573445015.466531 123601238.689153 75172836.0789979 25658.0154905928 454221.20600653 1154397754.18033 1287175475.13046 688610508.866236 944064712.126335 191501665.186878 130548141.173501 0 0
30 2778.7939934704 870242.308539175 1.498483195385 676770500.61477 792515885.816274 410131424.732532 570003413.705633 122859430.443814 74721676.9302681 25658.0154905928 454221.20600653 1158484000.84243 1291960576.41684 691086825.673504 947506313.887233 192243473.432217 130999300.322231 0 0
31 2778.7939934704 870242.306477973 1.49863805761686 672708778.179232 787759503.038041 407669969.914626 566582467.237549 122122074.272708 74273225.4813161 25658.0154905928 454221.20600653 1162545723.27797 1296716959.19507 693548280.491411 950927260.355317 192980829.603323 131447751.771183 0 0
32 2778.7939934704 870242.310933795 1.49875540726158 668671432.632475 783031666.23158 405223287.797535 563182051.968459 121389143.428457 73827465.4646981 35395.4930943943 454221.20600653 1166583068.82472 1301444796.00153 695994962.608501 954327675.624407 193713760.447574 131893511.787801 0 0
33 2778.7939934704 870242.3101784 1.49884439322203 664658327.231283 778332215.267019 402791295.513152 559802052.727708 120660613.086999 73384381.7827075 35395.4930943943 454221.20600653 1170596174.22591 1306144246.96609 698426954.892884 957707674.865158 194442290.789032 132336595.469792 0 0
34 2778.7939934704 870242.30994562 1.49891123439843 660669282.413614 773660939.872534 400373884.244626 556442318.280905 119936450.651035 72943954.6100464 35395.4930943943 454221.20600653 1174585219.04358 1310815522.36058 700844366.16141 961067409.311961 195166453.224996 132777022.642453 0 0
35 2778.7939934704 870242.309892678 1.49896139929575 656704180.610762 769017702.372105 397970982.743843 553102749.606941 119216634.777401 72506170.9660501 35395.4930943943 454221.20600653 1178550320.84643 1315458759.86101 703247267.662193 964406977.985925 195886269.09863 133214806.286449 0 0
36 2778.7939934704 870242.30982379 1.49899885556895 652762887.330074 764402345.271331 395582509.506565 549783233.43068 118501141.050595 72071016.001495 35395.4930943943 454221.20600653 1182491614.12712 1320074116.96178 705635740.899471 967726494.162186 196601762.825436 133649961.251004 0 0
37 2778.7939934704 870242.309689764 1.49902649403936 648845265.660007 759814708.243231 393208381.562678 546483654.439697 117789944.615996 71638474.6000895 35395.4930943943 454221.20600653 1186409235.79719 1324661753.98988 708009868.843358 971026073.153169 197312959.260035 134082502.65241 0 0
38 2778.7939934704 870242.309399339 1.49904808794742 644951141.09661 755254586.939131 390848493.160596 543203865.659726 117083013.794541 71208527.4949954 35395.4930943943 454221.20600653 1190303360.36059 1329221875.29398 710369757.24544 974305861.93314 198019890.08149 134512449.757504 0 0
39 2778.7939934704 870242.309062252 1.49906462850779 641080386.6149 750721832.609469 388502767.321584 539943760.105204 116380325.526393 70781160.6614884 35395.4930943943 454221.20600653 1194174114.84229 1333754629.62364 712715483.084452 977565967.487662 198722578.349638 134939816.591011 0 0
40 2778.7939934704 870242.308795138 1.49907737253303 637232862.862669 746216282.069176 386171119.596452 536703220.408079 115681854.513858 70356358.7138051 45132.9706981958 454221.20600653 1198021638.59453 1338260180.16393 715047130.809584 980806507.184787 199421049.362173 135364618.538694 0 0
41 2778.7939934704 870242.309220589 1.4990867017149 633408415.228349 741737754.264081 383853456.288649 533482116.348253 114987572.689092 69934104.581409 45132.9706981958 454221.20600653 1201846086.22885 1342738707.96902 717364794.117387 984027611.244613 200115331.186939 135786872.67109 0 0
42 2778.7939934704 870242.309071212 1.4990937769405 629606847.733785 737286019.698659 381549658.632949 530280282.865018 114297444.47465 69514376.6265123 45132.9706981958 454221.20600653 1205647653.72341 1347190442.53445 719668591.773086 987229444.727848 200805459.401381 136206600.625987 0 0
43 2778.7939934704 870242.308341921 1.49909876476081 625828148.656419 732861064.645489 379259719.525338 527097710.085164 113611467.742446 69097173.5548371 45132.9706981958 454221.20600653 1209426352.80078 1351615397.58762 721958530.880698 990412017.507702 201491436.133584 136623803.697662 0 0
44 2778.7939934704 870242.307011475 1.49910252818217 622072074.185397 728462603.59571 376983491.213374 523934192.661355 112929598.231593 68682468.4474266 45132.9706981958 454221.20600653 1213182427.2718 1356013858.6374 724234759.192662 993575534.931511 202173305.644438 137038508.805072 0 0
45 2778.7939934704 870242.305076019 1.49910519741275 618338585.826317 724090591.471374 374720950.368965 520789698.172052 112251828.953901 68270257.0541453 45132.9706981958 454221.20600653 1216915915.63088 1360385870.76173 726497300.037071 996720029.420814 202851074.92213 137450720.198354 0 0
46 2778.7939934704 870242.302493677 1.49910720481978 614627479.231872 719744788.97646 372471973.155077 517664054.507711 111578122.812608 67860516.8131744 45132.9706981958 454221.20600653 1220627022.22533 1364731673.25665 728746277.250959 999845673.085155 203524781.063423 137860460.439325 0 0
47 2778.7939934704 870242.299241372 1.49910878866847 610938641.792106 715425064.241779 370236491.328663 514557166.823686 110908459.364751 67453235.2913408 45132.9706981958 454221.20600653 1224315859.66509 1369051397.99133 730981759.077373 1002952560.76918 204194444.51128 138267741.961158 0 0
48 2778.7939934704 870242.295769762 1.49911001869876 607271983.187866 711131311.501248 368014450.155179 511468959.049541 110242822.213989 67048402.5165807 54870.4483019973 454221.20600653 1227982518.26933 1373345150.73186 733203800.250857 1006040768.54332 204860081.662041 138672574.735918 0 0
49 2778.7939934704 870242.302202375 1.49911116376637 603627356.097202 706863358.237027 365805760.355676 508399307.10479 109581184.615819 66646002.2231984 54870.4483019973 454221.20600653 1231627145.35999 1377613103.99608 735412490.05036 1009110420.48807 205521719.260211 139074975.0293 0 0
50 2778.7939934704 870242.297706946 1.49911203841565 600004496.029309 702620894.723491 363610261.645401 505347988.224606 108923498.555161 66246005.2089804 54870.4483019973 454221.20600653 1235250005.42789 1381855567.50962 737607988.760635 1012161739.36826 206179405.320869 139474972.043518 0 0
51 2778.7939934704 870242.282105001 1.49911264496685 596403444.446417 698403969.513996 361427979.150988 502315037.330154 108269771.558977 65848416.0517379 54870.4483019973 454221.20600653 1238851057.01078 1386072492.71911 739790271.255048 1015194690.26271 206833132.317053 139872561.200761 0 0
52 2778.7939934704 870242.249895385 1.4991130832707 592823970.136498 694212311.85323 359258772.755043 499300259.685337 107619961.653543 65453209.2235398 54870.4483019973 454221.20600653 1242430531.3207 1390264150.37988 741959477.650993 1018209467.90752 207482942.222487 140267768.028959 0 0
53 2778.7939934704 870242.19830999 1.49911340357083 589265956.756602 690045785.50057 357102571.952277 496303557.301429 106974047.718216 65060371.8790565 54870.4483019973 454221.20600653 1245988544.70059 1394430676.73254 744115678.45376 1021206170.29143 208128856.157814 140660605.373442 0 0
54 2778.7939934704 870242.12431041 1.49911361573386 585729365.48507 685904344.994841 354959353.216276 493324897.481262 106332022.705396 64669899.7320202 54870.4483019973 454221.20600653 1249525135.97213 1398572117.23827 746258897.189761 1024184830.1116 208770881.170634 141051077.520478 0 0
55 2778.7939934704 870242.007481205 1.49911378605507 582213935.47394 681787684.876286 352828958.469899 490364060.528164 105693839.261319 64281763.9824213 54870.4483019973 454221.20600653 1253040565.98326 1402688777.35682 748389291.936137 1027145667.0647 209409064.614711 141439213.270077 0 0
56 2778.7939934704 870241.844027639 1.49911392685712 578719618.237913 677695748.367355 350711358.330447 487421005.605858 105059488.584068 63895959.2770372 54870.4483019973 454221.20600653 1256534883.21928 1406780713.86575 750506892.075589 1030088721.987 210043415.291962 141825017.975462 0 0
57 2778.7939934704 870241.927196412 1.49911406425145 575246353.449238 673628464.82268 348606516.238543 484495681.903879 104428959.721877 63512478.9551305 54870.4483019973 454221.20600653 1260008148.00796 1410847997.41043 752611734.167493 1033014045.68898 210673944.154153 142208498.297368 0 0
58 2778.7939934704 870242.157807397 1.49911419168666 571793937.739028 669585596.091999 346514308.950088 481587918.136748 103802215.755604 63131300.5629091 54870.4483019973 454221.20600653 1263460563.71817 1414890866.14111 754703941.455948 1035921809.45611 211300688.120426 142589676.68959 0 0
59 2778.7939934704 870242.241197521 1.49911428770436 568362239.876886 665566988.501097 344434656.937813 478697603.776931 103179232.861972 62752409.6113319 54870.4483019973 454221.20600653 1266892261.58031 1418909473.73201 756783593.468223 1038812123.81593 211923671.014059 142968567.641167 0 0
60 2778.7939934704 870242.27874936 1.49911435997797 564951138.821826 661572500.307826 342367486.84936 475824636.878828 102559989.067465 62375792.736363 54870.4483019973 454221.20600653 1270303362.63537 1422903961.92528 758850763.556676 1041685090.71403 212542914.808565 143345184.516136 0 0
61 2778.7939934704 870242.296302614 1.49911441446203 561560508.871075 657601984.310965 340312722.507269 472968911.570492 101944461.552278 62001436.059262 54870.4483019973 454221.20600653 1273693992.58612 1426874477.92214 760905527.898767 1044540816.02237 213158442.323752 143719541.193237 0 0
62 2778.7939934704 870242.303689188 1.49911445544547 558190230.328596 653655300.343336 338270291.374238 470130327.039094 101332628.587056 61629326.3644875 54870.4483019973 454221.20600653 1277064271.1286 1430821161.88977 762947959.031798 1047379400.55377 213770275.288974 144091650.888011 0 0
63 2778.7939934704 870242.306410507 1.4991144859715 554840188.628716 649732314.245552 336240124.022031 467308786.792801 100724469.373798 61259451.0029374 54870.4483019973 454221.20600653 1280414312.82848 1434744147.98756 764978126.384006 1050200940.80006 214378434.502232 144461526.249561 0 0
64 2778.7939934704 870242.309379866 1.49911450923108 551510246.866198 645832865.698015 334222137.484353 464504175.524503 100119959.059027 60891794.8590165 54870.4483019973 454221.20600653 1283744254.591 1438643596.53509 766996112.921683 1053005552.06836 214982944.817003 144829182.393482 0 0
65 2778.7939934704 870242.313297785 1.49911452688374 548200289.401363 641956819.283647 332216261.682108 461716395.837796 99519076.6497712 60526345.1650424 54870.4483019973 454221.20600653 1287054212.05583 1442519642.94946 769001988.723929 1055793331.75506 215583827.226259 145194632.087456 0 0
66 2778.7939934704 870242.316240173 1.49911454022488 544910197.091256 638104035.482944 330222424.413166 458945347.385678 98921800.5170789 60163088.7665391 54870.4483019973 454221.20600653 1290344304.36594 1446372426.75016 770995825.99287 1058564380.20718 216181103.358951 145557888.48596 0 0
67 2778.7939934704 870242.3154473 1.49911455029937 541639841.995178 634274364.474017 328240548.143859 456190922.411332 98328107.4348774 59802011.5376789 54870.4483019973 454221.20600653 1293614659.46202 1450202097.75909 772977702.262177 1061318805.18153 216774796.441153 145918965.71482 0 0
68 2778.7939934704 870242.311340085 1.49911455775438 538389130.697386 630467696.864595 326270576.263072 453453042.236251 97737980.4446773 59443103.1645057 54870.4483019973 454221.20600653 1296865370.75981 1454008765.36851 774947674.142965 1064056685.35661 217364923.431353 146277874.087993 0 0
69 2778.7939934704 870242.309825415 1.49911456343788 535157916.240947 626683860.564282 324312419.713057 450731583.087378 97151392.8682399 59086347.4216252 54870.4483019973 454221.20600653 1300096585.21625 1457792601.66883 776905830.69298 1066778144.50548 217951511.00779 146634629.830873 0 0
70 2778.7939934704 870242.309860081 1.49911456771487 531946092.220648 622922730.969802 322366014.010919 448026455.345952 96568325.3889966 58731732.5609248 54870.4483019973 454221.20600653 1303308409.23655 1461553731.26331 778852236.395118 1069483272.24691 218534578.487033 146989244.691574 0 0
71 2778.7939934704 870242.309554687 1.49911457102039 528753460.734737 619184076.333048 320431239.22571 445337492.331133 95988742.0802978 58379236.732234 54870.4483019973 454221.20600653 1306501040.72246 1465292385.90006 780787011.180327 1072172235.26173 219114161.795732 147341740.520265 0 0
72 2778.7939934704 870242.308847345 1.49911457346953 525579955.072421 615467818.533944 318508054.929852 442664637.856402 95412630.8316128 58028852.570069 54870.4483019973 454221.20600653 1309674546.38477 1469008643.69917 782710195.476185 1074845089.73646 219690273.044417 147692124.68243 0 0
