"Time" "IECs" "pheme_e" "BiomassCD" "pro_L_e" "leu_L_e" "ile_L_e" "val_L_e" "trp_L_e" "cys_L_e" "Drug" "Damage" "pro_L_v" "leu_L_v" "ile_L_v" "val_L_v" "trp_L_v" "cys_L_v" "CD" "pheme_c"
0 457000 1e+05 0.4963 224235600.199112 195370466.451958 120509812.093413 157438605.791629 18978882.6152 31300034.1459915 0 0 0 0 0 0 0 0 45700000 1000
1 398269.858704369 119430.54133837 0.594123778052139 226577427.714483 237474320.528413 131591968.807578 178158374.626503 32611675.1173272 27181607.9103418 0 58730.1412956318 207834286.944614 202154803.572078 116865127.91513 155958712.90767 24658964.6626564 26670800.4931723 48532264.0500683 699.035132772551
2 343793.682009002 171816.508846234 0.697811991896979 236100697.407594 262892509.704922 140885929.662435 192983569.957952 39144744.2433404 26627154.4023608 0 113206.317990999 393167882.49356 403303033.2716 226188133.577096 304968427.218301 53643861.1440422 48144105.8521743 52252900.3360064 871.697924758073
3 293108.431530467 230506.21845263 0.803528921921663 250079933.275034 285056724.41067 150807401.494357 207530446.654883 43649042.6290665 27501043.705316 0 163891.568469533 560354626.005251 591938775.306076 326547416.781535 442796142.58918 82185622.0020721 66733352.7329762 57057136.6984104 1030.73234407905
4 245954.98816938 286920.078572009 0.907130619470292 267750291.10977 308404731.827885 162191985.215457 223689833.096699 47767573.9072051 29134525.8488129 0 211045.01183062 711048371.532868 764701938.827624 417649759.271965 568314979.340125 108810135.888395 83206792.8401369 63165471.3127206 1148.89758484037
5 202288.029608964 337789.235185071 1.00479460189756 288791840.878718 334483767.71517 175304950.291199 242100888.105211 52077922.0553203 31288970.6091363 0 254711.970391036 845679831.741864 920233783.593107 499297902.429158 681000169.79109 132969285.124369 97820460.1670131 70824639.2886498 1230.93885810531
6 162267.583882403 381313.851256852 1.09354980534723 312822619.75316 363642619.571861 190091785.654724 262811201.343184 56764390.36522 33848893.6809936 0 294732.416117597 963990680.979908 1057519965.51318 571156902.67387 780293364.352993 154374312.964974 110628388.254155 80308703.5330353 1284.39096277502
7 126222.151983124 416081.347844579 1.17156467555974 339170048.908713 395501210.878737 206217927.103584 285433949.594745 61821819.0481783 36717075.5197469 0 330777.848016876 1065391855.18804 1175574325.47541 632793517.085413 865555506.774446 172816047.244383 121601652.264725 91917658.7302778 1314.01633074951
8 94576.0335676932 440895.453834758 1.23815278706328 366751561.510764 429071951.926259 223058366.327189 309170483.532978 67119951.0061672 39774134.7595065 9737.47760380151 362423.966432307 1149342464.15136 1273619790.91767 683844645.315258 936262575.770682 188147916.654026 130696702.496491 105972294.34599 1321.9199786284
9 91429.3443290989 580447.551786118 1.29357920516531 309878575.869733 362674609.526227 188473047.998088 261277644.648916 56736779.7984846 33615152.7064826 4646.44691710449 365570.655670901 1217260383.04526 1353104213.86101 725153215.318641 993526476.234524 200582324.00831 138064013.217135 792075.802473221 516.143290280703
10 91329.3263383762 649698.314715901 1.3387580944817 254544940.15166 297916815.89423 154818412.101756 214623716.183982 46606188.2142717 27612828.0161321 3517.40530320394 365670.673661624 1272946145.23161 1418277982.31642 759022196.405309 1040478729.47411 210778116.312669 144104744.815923 167781.911688122 215.099825682472
11 91302.2395435247 678909.484865501 1.37495931717314 208945445.566355 244548277.733272 127084093.302325 176176004.999194 38257230.2350395 22666256.1654763 3115.58785103211 365697.760456475 1318641268.79633 1471759174.45717 786814726.00823 1079007349.28543 219144732.370574 149061717.995802 58351.056476536 97.6151075856089
12 91292.0179541974 691159.186612727 1.40357120040713 171483374.062629 200703087.832694 104299054.765205 144589266.326648 31398082.9777444 18602397.5782474 2946.7619708966 365707.982045803 1356139513.6964 1515646875.94776 809621783.79466 1110624657.80327 226010543.308885 153129501.673333 23924.615853962 45.2676162371551
13 91287.6824233287 696290.139551292 1.42594031580764 140727216.408052 164706302.577788 85592652.3627406 118656678.0975 25766734.4497121 15265988.1972404 2871.44489805067 365712.317576671 1386911045.9364 1551661692.67555 828337544.905371 1136570226.13896 231644718.321314 156467575.898193 10504.3473972454 21.0698574493991
14 91285.7492476517 698439.424631783 1.44328059155267 115482883.728367 135160486.88594 70238629.042644 97371468.2280736 21144574.8753534 12527498.6003937 2837.04520689697 365714.250752349 1412162245.96869 1581215548.44504 843695748.465546 1157861228.95769 236268138.2217 159206807.8345 4758.32544795116 9.8079607074938
15 91284.8670385228 699340.251898217 1.45663411878496 94765041.1905955 110912442.158423 57637690.7128536 79902846.4370563 17351199.5464378 10280040.6957745 2821.1732180277 365715.132961477 1432883227.04991 1605467262.28032 856298597.262174 1175332496.39203 240062088.711411 161454604.507425 2188.09328804418 4.56607089354829
16 91284.4598523884 699718.148702396 1.4668653130242 77763113.4883468 91013483.1660417 47296833.1846724 65567364.8060761 14238196.6422421 8435683.43332527 12551.2904344925 365715.540147612 1449886605.14243 1625367914.75984 866640337.658411 1189669199.90893 243175357.085862 163299118.129349 1013.82481162193 2.12692847257074
17 91284.4507923529 699878.122163828 1.47467372392249 63810511.319042 74683440.9000971 38810625.9500713 53802977.8440112 11683516.3469284 6922115.73736002 12549.0519446795 365715.549207647 1463839239.6042 1641697994.70647 875126564.549772 1201433614.06748 245730043.288019 164812689.304368 -8.87479502234015e-09 8.01634553443228e-05
18 91284.4507923529 699944.526700561 1.48061536966402 52361306.4040735 61283359.9268392 31847027.0038275 44149375.2378248 9587200.70835661 5680114.69577751 12549.0518645171 365715.549207647 1475288444.51917 1655098075.67973 882090163.496015 1211087216.67366 247826358.926591 166054690.345951 -5.97901782018425e-09 1.08856087006871e-09
19 91284.4507923529 699972.064453319 1.48512621022191 42966453.2899519 50287680.0175292 26132919.3665294 36227936.2225573 7867030.82306884 4660968.17513146 12549.0518645141 365715.549207647 1484683297.63329 1666093755.58904 887804271.133314 1219008655.68893 249546528.811879 167073836.866596 -5.97901782018425e-09 -1.89025832436202e-09
20 91284.4507923529 699983.498843307 1.48854504642687 35257193.4245534 41264808.3677111 21444017.886146 29727735.4067713 6455488.08820874 3824673.5281436 12549.0518645141 365715.549207647 1492392557.49869 1675116627.23886 892493172.613697 1225508856.50472 250958071.546739 167910131.513584 -5.97901782018425e-09 -1.89125832436203e-09
21 91284.4507923529 699988.234126115 1.49113278354102 28931173.8381048 33860872.8694477 17596426.4024335 24393838.4575878 5297212.56711593 3138431.73460485 12549.0518645141 365715.549207647 1498718577.08514 1682520562.73712 896340764.097409 1230842753.4539 252116347.067832 168596373.307123 -5.97901782018425e-09 -1.89225832436203e-09
22 91284.4507923529 699990.198106345 1.49308957399985 23740166.2578001 27785348.6364998 14439168.3059439 20016947.2517673 4346754.3954476 2575315.1802691 12549.0518645141 365715.549207647 1503909584.66544 1688596086.97007 899498022.193899 1235219644.65972 253066805.2395 169159489.861459 -5.97901782018425e-09 -1.89325832436203e-09
23 91284.4507923529 699990.971032157 1.49456796097413 19480662.1223947 22800050.4656427 11848466.2677568 16425469.8934703 3566851.75610035 2113247.41118915 12549.0518645141 365715.549207647 1508169088.80085 1693581385.14093 902088724.232086 1238811122.01802 253846707.878847 169621557.630539 -5.97901782018425e-09 -1.89425832436203e-09
24 91284.4507923529 699991.336992237 1.49568449864442 15985352.4956071 18709160.9782577 9722560.1795469 13478336.8503302 2926870.87649309 1734078.88120258 22286.5294683156 365715.549207647 1511664398.42764 1697672274.62831 904214630.320296 1241758255.06116 254486688.758455 170000726.160525 0 0
25 91284.4507923529 699991.48733698 1.49652730640502 13117210.6328655 15352304.8918337 7978108.07117795 11060011.5634034 2401722.56399789 1422945.03327274 22286.5294683156 365715.549207647 1514532540.29038 1701029130.71473 905959082.428665 1244176580.34809 255011837.07095 170311860.008455 0 0
26 91284.4507923529 699991.549754471 1.49716331103616 10763655.6939089 12597718.2640935 6546636.38257029 9075569.47670358 1970793.59893744 1167633.18347047 22286.5294683156 365715.549207647 1516886095.22934 1703783717.34247 907390554.117273 1246161022.43479 255442766.036011 170567171.858257 0 0
27 91284.4507923529 699991.575610555 1.49764312656659 8832386.81472411 10337372.7156987 5372006.17620352 7447185.46018809 1617183.96544847 958130.60426626 22286.5294683156 365715.549207647 1518817364.10852 1706044062.89087 908565184.32364 1247789406.4513 255796375.6695 170776674.437461 0 0
28 91284.4507923529 699991.586340221 1.49800505105477 7247627.19906715 8482579.53742399 4408128.73042467 6110966.94811622 1327019.15572136 786217.086434942 22286.5294683156 365715.549207647 1520402123.72418 1707898856.06914 909529061.769418 1249125624.96337 256086540.479227 170948587.955293 0 0
29 91284.4507923529 699991.590571264 1.49827797684464 5947241.41598783 6960615.79241714 3617212.23133024 5014523.3367201 1088922.35568229 645152.2256836 22286.5294683156 365715.549207647 1521702509.50726 1709420819.81415 910319978.268513 1250222068.57477 256324637.279266 171089652.816044 0 0
30 91284.4507923529 699991.592550469 1.49848380860482 4880161.94926026 5711712.36503974 2968196.55685771 4114796.13317064 893543.253787167 529396.256691005 22286.5294683156 365715.549207647 1522769588.97399 1710669723.24153 910968993.942985 1251121795.77832 256520016.381161 171205408.785037 0 0
31 91284.4507923529 699991.593371971 1.49863901743006 4004540.01343765 4686889.68703494 2435628.5720162 3376499.78294636 733219.460897272 434409.455039621 22286.5294683156 365715.549207647 1523645210.90981 1711694545.91953 911501561.927827 1251860092.12854 256680340.174051 171300395.586688 0 0
32 91284.4507923529 699991.593716563 1.49875604417732 3286026.63359307 3845945.92353405 1998616.6526814 2770672.33136681 601661.781051574 356465.670053186 32024.0070721171 365715.549207647 1524363724.28965 1712535489.68303 911938573.847162 1252465919.58012 256811897.853896 171378339.371674 0 0
33 91284.4507923529 699991.593855334 1.4988442768043 2696437.51748009 3155894.34741661 1640018.63839365 2273549.68659291 493709.753498686 292507.491144126 32024.0070721171 365715.549207647 1524953313.40576 1713225541.25915 912297171.86145 1252963042.22489 256919849.881449 171442297.550583 0 0
34 91284.4507923529 699991.593912946 1.49891080057847 2212629.33533488 2589648.14390997 1345758.36683839 1865618.13477439 405125.902844219 240024.347501121 32024.0070721171 365715.549207647 1525437121.58791 1713791787.46265 912591432.133005 1253370973.77671 257008433.732103 171494780.694226 0 0
35 91284.4507923529 699991.593936812 1.49896095404904 1815628.32562828 2125000.53597185 1104295.67721212 1530879.60835046 332436.189335061 196957.979903816 32024.0070721171 365715.549207647 1525834122.59762 1714256435.07059 912832894.822631 1253705712.30314 257081123.445612 171537847.061823 0 0
36 91284.4507923529 699991.593946715 1.49899876574934 1489857.44338094 1743720.24329957 906156.348832328 1256200.04228111 272788.501996216 161618.602359837 32024.0070721171 365715.549207647 1526159893.47986 1714637715.36326 913031034.151011 1253980391.8692 257140771.132951 171573186.439367 0 0
37 91284.4507923529 699991.593950621 1.49902726847692 1222543.82594502 1430857.98382401 743571.711862494 1030809.76818664 223844.167363731 132620.624443437 32024.0070721171 365715.549207647 1526427207.0973 1714950577.62274 913193618.787981 1254205782.1433 257189715.467584 171602184.417284 0 0
38 91284.4507923529 699991.593952448 1.49904875822734 1003189.78939566 1174127.3310492 610156.898422268 845857.475460882 183681.090484823 108825.265386368 32024.0070721171 365715.549207647 1526646561.13385 1715207308.27552 913327033.601421 1254390734.43603 257229878.544463 171625979.776341 0 0
39 91284.4507923529 699991.593953206 1.49906495923183 823192.692061263 963459.804601235 500679.63719463 694089.692384382 150724.153051875 89299.3171627599 32024.0070721171 365715.549207647 1526826558.23118 1715417975.80196 913436510.862649 1254542502.2191 257262835.481896 171645505.724564 0 0
40 91284.4507923529 699991.593953524 1.49907717272869 675491.592429025 790591.320753625 410845.344822641 569552.859395897 123680.517507498 73276.8142074422 41761.4846759186 365715.549207647 1526974259.33081 1715590844.28581 913526345.155021 1254667039.05209 257289879.11744 171661528.22752 0 0
41 91284.4507923529 699991.593953652 1.4990863799962 554292.794941148 648740.972868266 337130.198247773 467361.918104769 101489.3752896 60129.2608326491 41761.4846759186 365715.549207647 1527095458.1283 1715732694.6337 913600060.301596 1254769229.99338 257312070.259658 171674675.780895 0 0
42 91284.4507923529 699991.593953705 1.49909332125647 454838.834803082 532340.652596341 276640.627385803 383505.526685904 83279.6486313978 49340.5708757166 41761.4846759186 365715.549207647 1527194912.08844 1715849094.95397 913660549.872458 1254853086.3848 257330279.986316 171685464.470852 0 0
43 91284.4507923529 699991.593953727 1.49909855403299 373229.378654731 436825.43309479 227004.383903497 314695.049066345 68337.1980027557 40487.6391401058 41761.4846759186 365715.549207647 1527276521.54458 1715944610.17347 913710186.11594 1254921896.86242 257345222.436945 171694317.402587 0 0
44 91284.4507923529 699991.593953736 1.49910249891892 306262.333584553 358447.603966499 186273.901049261 258230.583138857 56075.7296394795 33223.1050220969 41761.4846759186 365715.549207647 1527343488.58965 1716022988.0026 913750916.598795 1254978361.32835 257357483.905308 171701581.936705 0 0
45 91284.4507923529 699991.59395374 1.49910547248338 251312.047724589 294134.117964995 152852.213206993 211898.263407649 46014.4944316418 27262.1398039703 41761.4846759186 365715.549207647 1527398438.87551 1716087301.4886 913784338.286637 1255024693.64808 257367545.140516 171707542.901924 0 0
46 91284.4507923529 699991.593953742 1.4991077143491 206220.566445633 241359.317895498 125426.81608547 173878.571697682 37758.3772537704 22370.6502087632 41761.4846759186 365715.549207647 1527443530.35679 1716140076.28867 913811763.683759 1255062713.33979 257375801.257694 171712434.391519 0 0
47 91284.4507923529 699991.593953742 1.49910940444147 169219.48872011 198053.477769291 102922.138444276 142680.448944562 30983.5890954579 18356.8014379465 41761.4846759186 365715.549207647 1527480531.43452 1716183382.12879 913834268.3614 1255093911.46254 257382576.045852 171716448.24029 0 0
48 91284.4507923529 699991.593953743 1.49911067853588 138857.333169306 162517.792459693 84455.3649023991 117080.052573677 25424.3679989183 15063.1378954687 51498.9622797201 365715.549207647 1527510893.59007 1716218917.8141 913852735.134942 1255119511.85891 257388135.266948 171719741.903832 0 0
49 91284.4507923529 699991.593953743 1.49911163901113 113943.12009856 133358.346453401 69302.12158337 96073.186680623 20862.6490960946 12360.4630098423 51498.9622797201 365715.549207647 1527535807.80314 1716248077.26011 913867888.378261 1255140518.7248 257392696.985851 171722444.578718 0 0
50 91284.4507923529 699991.593953743 1.49911236309631 93498.8808359715 109430.531064476 56867.5914965174 78835.2594278059 17119.3692086995 10142.6874833252 51498.9622797201 365715.549207647 1527556252.0424 1716272005.0755 913880322.908348 1255157756.65206 257396440.265738 171724662.354244 0 0
51 91284.4507923529 699991.593953743 1.49911290895506 76722.8445065099 89795.9584548789 46664.1241139696 64690.243312334 14047.7264551735 8322.83582117379 51498.9622797201 365715.549207647 1527573028.07873 1716291639.6481 913890526.375731 1255171901.66817 257399511.908492 171726482.205906 0 0
52 91284.4507923529 699991.593953743 1.49911332046533 62956.7733489677 73684.2310847514 38291.3681611741 53083.1333522654 11527.1994435974 6829.50289166935 51498.9622797201 365715.549207647 1527586794.14989 1716307751.37547 913898899.131683 1255183508.77813 257402032.435503 171727975.538836 0 0
53 91284.4507923529 699991.593953743 1.49911363065092 51660.9255853879 60463.6384044972 31421.0436130863 43558.8365806166 9458.96304695825 5604.13791723503 51498.9622797201 365715.549207647 1527598089.99765 1716320971.96815 913905769.456231 1255193033.0749 257404100.6719 171729200.90381 0 0
54 91284.4507923529 699991.593953743 1.49911386450841 42391.7016142461 49614.9940929455 25783.345732987 35743.3240319545 7761.79548707603 4598.61955047328 51498.9622797201 365715.549207647 1527607359.22162 1716331820.61247 913911407.154111 1255200848.58745 257405797.83946 171730206.422177 0 0
55 91284.4507923529 699991.593953743 1.49911404080789 34785.58029773 40712.8351840341 21157.1748522957 29330.0863347154 6369.13711620167 3773.51329482705 51498.9622797201 365715.549207647 1527614965.34294 1716340722.77137 913916033.324992 1255207261.82515 257407190.497831 171731031.528433 0 0
56 91284.4507923529 699991.593953743 1.49911417370745 28544.1880800822 33407.9470521955 17361.0551572867 24067.5444703678 5226.35661663971 3096.45181389321 51498.9622797201 365715.549207647 1527621206.73516 1716348027.65951 913919829.444687 1255212524.36701 257408333.27833 171731708.589913 0 0
57 91284.4507923529 699991.593953743 1.49911427387812 23422.6529036939 27413.732905389 14246.0513450289 19749.2301687504 4288.61863714723 2540.87157309768 51498.9622797201 365715.549207647 1527626328.27033 1716354021.87365 913922944.448499 1255216842.68131 257409271.01631 171732264.170154 0 0
58 91284.4507923529 699991.593953743 1.4991143494087 19220.0421809073 22495.0224444733 11689.9528370522 16205.7235123853 3519.13301378409 2084.97555814883 51498.9622797201 365715.549207647 1527630530.88106 1716358940.58411 913925500.547007 1255220386.18797 257410040.501933 171732720.066169 0 0
59 91284.4507923529 699991.593953743 1.4991144063668 15771.4896861936 18458.8572248886 9592.48522278505 13298.0145843168 2887.71322710068 1710.87920628891 51498.9622797201 365715.549207647 1527633979.43355 1716362976.74933 913927598.014622 1255223293.8969 257410671.92172 171733094.162521 0 0
60 91284.4507923529 699991.593953743 1.49911444929387 12941.6926202335 15146.8796593393 7871.3550645816 10912.0204009813 2369.58573375825 1403.90497275112 51498.9622797201 365715.549207647 1527636809.23062 1716366288.7269 913929319.14478 1255225679.89108 257411190.049213 171733401.136755 0 0
61 91284.4507923529 699991.593953743 1.49911448165605 10619.6316110661 12429.15333871 6459.03851363827 8954.13298641367 1944.42321431804 1152.00956049996 51498.9622797201 365715.549207647 1527639131.29163 1716369006.45322 913930731.461331 1255227637.7785 257411615.211733 171733653.032167 0 0
62 91284.4507923529 699991.593953743 1.49911450605124 8714.20609023944 10199.0547024101 5300.12667237776 7347.5392613159 1595.54542349253 945.31044915549 51498.9622797201 365715.549207647 1527641036.71715 1716371236.55186 913931890.373172 1255229244.37222 257411964.089523 171733859.731278 0 0
63 91284.4507923529 699991.593953743 1.49911452444049 7150.65945196459 8369.08906602283 4349.15131613629 6029.20685183909 1309.2646473343 775.698098977238 51498.9622797201 365715.549207647 1527642600.26379 1716373066.51749 913932841.348528 1255230562.70463 257412250.3703 171734029.343628 0 0
64 91284.4507923529 699991.593953743 1.49911453830519 5867.65325230904 6867.4662815359 3568.80537191573 4947.41714812301 1074.34999774093 636.518562217814 51498.9622797201 365715.549207647 1527643883.26999 1716374568.14028 913933621.694472 1255231644.49434 257412485.284949 171734168.523165 0 0
65 91284.4507923529 699991.593953743 1.49911454875622 4814.85012552659 5635.27179706652 2928.4728074527 4059.7272968198 881.584851566816 522.31127972472 51498.9622797201 365715.549207647 1527644936.07311 1716375800.33476 913934262.027037 1255232532.18419 257412678.050095 171734282.730448 0 0
66 91284.4507923529 699991.593953743 1.49911455663629 3950.94596093563 4624.16352844616 2403.03176810715 3331.31099571165 723.406548015659 428.595612984695 51498.9622797201 365715.549207647 1527645799.97728 1716376811.44303 913934787.468076 1255233260.60049 257412836.228399 171734376.446114 0 0
67 91284.4507923529 699991.593953743 1.4991145625764 3242.047974063 3794.47356338547 1971.86809245952 2733.59093528657 593.609418252502 351.694898514952 51498.9622797201 365715.549207647 1527646508.87526 1716377641.13299 913935218.631752 1255233858.32055 257412966.025529 171734453.346829 0 0
68 91284.4507923529 699991.593953743 1.49911456705291 2660.3437619124 3113.65043171872 1618.06580934538 2243.11658880116 487.101093350386 288.592067990937 51498.9622797201 365715.549207647 1527647090.57948 1716378321.95613 913935572.434035 1255234348.79489 257413072.533854 171734516.449659 0 0
69 91284.4507923529 699991.593953743 1.49911457042862 2183.01182928514 2554.98399192389 1327.74450164426 1840.64560299479 399.70302487421 236.811462970184 51498.9622797201 365715.549207647 1527647567.91141 1716378880.62257 913935862.755343 1255234751.26588 257413159.931922 171734568.230264 0 0
70 91284.4507923529 699991.593953743 1.49911457297418 1791.32516219241 2096.55625880452 1089.51408455576 1510.38795992375 327.986351817459 194.321591217854 51498.9622797201 365715.549207647 1527647959.59808 1716379339.0503 913936100.98576 1255235081.52352 257413231.648595 171734610.720136 0 0
71 91284.4507923529 699991.593953743 1.49911457489181 1469.91680170716 1720.38183551739 894.028115266924 1239.38673237351 269.137429341448 159.455456716748 51498.9622797201 365715.549207647 1527648281.00644 1716379715.22472 913936296.471729 1255235352.52475 257413290.497518 171734645.586271 0 0
72 91284.4507923529 699991.593953743 1.49911457633816 1206.17713260215 1411.70250379831 733.61721376745 1017.00989695692 220.847474103269 130.845177997149 51498.9622797201 365715.549207647 1527648544.7461 1716380023.90406 913936456.88263 1255235574.90159 257413338.787473 171734674.196549 0 0
