"Time" "IECs" "pheme_e" "BiomassCD" "pro_L_e" "leu_L_e" "ile_L_e" "val_L_e" "trp_L_e" "cys_L_e" "Drug" "Damage" "pro_L_v" "leu_L_v" "ile_L_v" "val_L_v" "trp_L_v" "cys_L_v" "CD" "pheme_c"
0 457000 1e+05 0.4963 224235600.199112 195370466.451958 120509812.093413 157438605.791629 18978882.6152 31300034.1459915 0 0 0 0 0 0 0 0 45700000 1000
1 338653.823215265 151295.041408656 0.59412377791515 380973422.7513 414959895.023341 225122923.204624 307025384.758481 60106544.5706113 43943508.4132677 0 118346.176784735 266936442.62575 272612320.676328 153292391.727326 206489938.929163 36033567.2099629 32801457.6180619 48532264.0530213 879.656664646304
2 245795.390394362 254493.624110999 0.697812001888932 450572330.946423 509011531.210846 270657932.432244 371765754.051879 77159101.7097257 49998891.195005 0 211204.609605638 529446396.113129 564758906.59096 309921635.120072 420997533.23452 79523741.9680894 62403713.0395515 52252899.8781562 1288.88017621594
3 173639.115491037 355007.357852267 0.803529047147056 495106298.671726 566606347.821591 299080212.703424 411918020.373862 87144432.5286813 54226998.0330143 0 283360.884508963 742590184.765251 807262037.30314 438354945.759443 597666387.431115 116582862.204357 85883615.7644187 57057131.1739986 1587.22345684201
4 118489.727344056 437196.747645604 0.907130853226817 530861502.455705 611469182.64299 321466277.824059 443449107.622333 94628467.8515637 57854365.9860737 0 338510.272655944 903270468.184958 991765507.78504 535545079.622904 731630922.620947 145054237.196845 103433612.8598 63165448.4793993 1751.23929302778
5 77398.1105182367 497266.209482429 1.00479471871609 562023629.863975 650174157.552788 340755490.473587 470676650.99666 100926717.352522 61163436.8250806 0 379601.889481763 1017794793.93845 1123960567.25382 604940552.192627 827418563.513912 165545056.448794 115903722.881908 70824613.1711326 1812.9412712438
6 47877.7082231659 535428.789529261 1.09354985079582 588871165.702983 683818674.671865 357271334.846896 494183948.739014 106323071.284787 64127938.7808388 0 409122.291776834 1094705370.71034 1213091403.27994 651587461.021985 891891684.898599 179392509.17753 124275055.407457 80308674.939001 1804.34427633255
7 27696.9399709964 553600.3434436 1.17156388227693 610446471.731313 711734032.570073 370500116.10972 513355892.685754 110762782.706359 66628827.3760962 0 429303.060029003 1142857181.80845 1269107860.54251 680806953.188168 932338847.034256 188106155.720056 129523581.821032 91917608.5643802 1749.0382398352
8 14767.5521077552 554664.612720737 1.23815223797458 625799851.336342 733118724.102375 379898806.137871 527516142.068606 114145384.279191 68563143.1903207 9737.47760380151 442232.447892245 1170579190.78673 1301496493.13343 697634120.510931 955675815.599636 193147814.334941 132554150.946293 105972226.376296 1663.59956908978
9 13838.0170806563 710919.78610479 1.29357875333329 610066673.274397 715052328.7546 370353144.288741 514382935.625976 111335905.522353 66869036.5229362 5444.73106667409 443161.982919344 1189292643.7637 1323428824.65891 708994474.072781 971453694.345775 196562733.936106 134605199.064083 290675.802960805 557.420259330149
10 13829.3195131706 789685.409750246 1.33875772965553 592084812.885514 693979595.548855 359436947.207151 499222649.174216 108054846.233116 64898350.7916208 4723.0368746008 443170.680486829 1207302226.51817 1344537731.04782 719927551.609858 986638654.896395 199849457.985866 136579224.661313 22639.6310782122 113.929606838367
11 13828.5177030974 823372.239818685 1.37495902707035 574613090.741524 673501412.278319 348830392.871279 484491297.305315 104866330.428466 62983304.5553661 4596.15536117967 443171.482296903 1224776503.62434 1365019249.04645 730535661.69178 1001372281.10963 203038496.011388 138494578.792636 2545.89924727435 19.7705183327885
12 13828.4248874244 837722.819234543 1.40357097251394 557655192.881068 653625175.03427 338535761.646462 470193074.239106 101771536.868229 61124553.5812945 4575.42963520553 443171.575112575 1241734697.43949 1384895872.31089 740830473.126473 1015670767.53538 206133350.02305 140353365.407926 304.650531465295 3.06222420724264
13 13828.4137183591 843830.792188172 1.42594013849011 541197552.58048 634335252.486886 328544821.313873 456316636.454777 98768034.0780917 59320632.9480722 4572.31656213887 443171.586281641 1258192373.40253 1404185841.31041 750821435.174206 1029547237.03254 209136860.087754 142157290.330069 36.9157320852602 0.441214272478231
14 13828.4123627575 846429.864385862 1.44328045461085 525225589.323767 615614585.694651 318848720.906605 442849701.114732 95853166.1982349 57569947.0085301 4571.87597620552 443171.587637243 1274164340.99575 1422906513.7406 760517538.221992 1043014176.22515 212051728.850548 143907976.790163 4.49149193677613 0.0607249539508853
15 13828.412197683 847535.747156069 1.45663401361248 509724991.82768 597446404.125721 309438772.524654 429780202.796826 93024322.0357692 55870927.4028202 4571.81602447985 443171.587802317 1289664939.02109 1441074695.99607 769927486.926206 1056083675.01271 214880573.120533 145606996.459261 0.547739330173827 0.0081093186410497
16 13828.41217754 848006.281249489 1.46686523260919 494681851.727535 579814406.284251 300306532.822701 417096414.665573 90278963.3994671 54222049.6714909 14309.2856835882 443171.58782246 1304708079.18597 1458706693.92131 779059726.66758 1068767463.20135 217625931.769955 147255874.198325 0.066907875807878 0.00106070731481192
17 13828.4121774226 848206.502091937 1.47467375802139 480082666.209326 562702765.633009 291443804.647616 404786951.693746 87614626.0471787 52621833.776031 14309.2846183986 443171.587822578 1319307264.70456 1475818334.57304 787922454.842894 1081076926.17351 220290269.12232 148856090.09383 -9.47659341231259e-08 8.7063108791355e-07
18 13828.4121774226 848291.712587587 1.4806158007672 465914323.852253 546096114.341659 282842628.448735 392840758.846258 85028917.158489 51068842.5749892 14309.2846175373 443171.587822578 1333475607.06163 1492424985.86439 796523631.041775 1093023119.021 222875978.01101 150409081.294872 -9.47659341231259e-08 9.2847894889745e-09
19 13828.4121774226 848327.7744798 1.48512517593256 452164166.044059 529979615.306912 274495319.561774 381247162.875725 82519526.5488114 49561688.5585984 14309.2846174975 443171.587822578 1347225764.86982 1508541484.89914 804870939.928737 1104616714.99153 225385368.620687 151916235.311263 -9.47659341231259e-08 -3.04446296837606e-08
20 13828.4121774226 848343.423256738 1.48854387202894 438819779.117361 514338718.524241 266394342.021145 369995697.062701 80084188.7357572 48099011.0654819 14309.2846174999 443171.587822578 1360570151.79652 1524182381.68181 812971917.469365 1115868180.80456 227820706.433742 153378912.804379 -9.47659341231259e-08 -2.81362112917606e-08
21 13828.4121774226 848349.94054424 1.49113126215805 425869217.36116 499159422.478718 258532443.943564 359076289.25028 77720723.638528 46679500.7269356 14309.2846174999 443171.587822578 1373520713.55272 1539361677.72733 820833815.546946 1126787588.61698 230184171.530971 154798423.142926 -9.47659341231259e-08 -2.81372112917609e-08
22 13828.4121774226 848352.795066831 1.49308796526281 413300855.991521 484428101.812608 250902568.270951 348479137.874722 75427009.7452075 45301883.3510526 14309.2846174999 443171.587822578 1386089074.92236 1554092998.39344 828463691.219559 1137384739.99254 232477885.424291 156176040.518809 -9.47659341231259e-08 -2.81382112917611e-08
23 13828.4121774226 848353.945264426 1.4945664495975 401103416.285893 470131536.785188 243497868.028726 338194733.15773 73200988.6997494 43964922.6776946 14309.2846174999 443171.587822578 1398286514.62799 1568389563.42086 835868391.461784 1147669144.70953 234703906.469749 157513001.192167 -9.47659341231259e-08 -2.81392112917614e-08
24 13828.4121774226 848354.4390531 1.49568387353816 389265943.727533 456256887.655927 236311693.057943 328213838.678678 71040661.3133566 42667417.9829036 24046.7622213014 443171.587822578 1410123987.18635 1582264212.55012 843054566.432567 1157650039.18858 236864233.856142 158810505.886957 0 0
25 13828.4121774226 848354.619368977 1.49652806544634 377777722.411021 442791594.359571 229337538.053442 318527419.20469 68944071.9435697 41408194.6968953 24046.7622213014 443171.587822578 1421612208.50286 1595729505.84648 850028721.437068 1167336458.66257 238960823.225929 160069729.172965 0 0
26 13828.4121774226 848354.693377386 1.49716383054975 366628590.909706 429723746.732969 222569234.317511 309126907.017728 66909366.1397725 40186139.0262714 24046.7622213014 443171.587822578 1432761340.00418 1608797353.47308 856797025.172998 1176736970.84953 240995529.029726 161291784.843589 0 0
27 13828.4121774226 848354.725826227 1.49764233981556 355808702.785556 417041803.809739 216000804.372597 300003999.985854 64934746.9364698 39000171.7035187 24046.7622213014 443171.587822578 1443581228.12833 1621479296.39631 863365455.117913 1185859877.8814 242970148.233029 162477752.166342 0 0
28 13828.4121774226 848354.746230928 1.49800441895213 345307991.923479 404733967.140987 209626137.38178 291150210.754013 63018377.2773135 37849189.3823336 24046.7622213014 443171.587822578 1454081938.9904 1633787133.06506 869740122.10873 1194713667.11325 244886517.892185 163628734.487527 0 0
29 13828.4121774226 848354.752631523 1.49827747363129 335117180.954396 392789362.763528 203439601.332217 282557717.006981 61158564.0513463 36732175.1708181 24046.7622213014 443171.587822578 1464272749.95949 1645731737.44252 875926658.158293 1203306160.86028 246746331.118152 164745748.699042 0 0
30 13828.4121774226 848354.750032639 1.49848323342037 325227129.687447 381197277.500157 197435647.487853 274218812.092847 59353639.1825043 35648127.2131713 24046.7622213014 443171.587822578 1474162801.22644 1657323822.70589 881930612.002657 1211645065.77441 248551255.986994 165829796.656689 0 0
31 13828.4121774226 848354.74825556 1.49863809723443 315628986.54071 369947336.450931 191608902.318475 266126032.703487 57601987.265578 34596075.2880016 24046.7622213014 443171.587822578 1483760944.37317 1668573763.75512 887757357.172035 1219737845.16377 250302907.903921 166881848.581859 0 0
32 13828.4121774226 848354.752166346 1.49875543253352 306314092.9707 359029390.975399 185954109.481719 258272078.293244 55902028.1246874 33575070.3328493 33784.2398251029 443171.587822578 1493075837.94318 1679491709.23065 893412150.008791 1227591799.57401 252002867.044811 167902853.537011 0 0
33 13828.4121774226 848354.751489434 1.49884395216323 297274017.219259 348433558.247188 180466150.309801 250649839.532991 54252222.9720571 32584188.1431815 33784.2398251029 443171.587822578 1502115913.69462 1690087541.95886 898900109.180709 1235214038.33426 253652672.197441 168893735.726679 0 0
34 13828.4121774226 848354.751212136 1.49891055722317 288500716.357163 338150411.184595 175140142.181332 243252534.93897 52651103.9808189 31622547.1339828 33784.2398251029 443171.587822578 1510889214.55672 1700370689.02145 904226117.309178 1242611342.92828 255253791.188679 169855376.735878 0 0
35 13828.4121774226 848354.751106782 1.49896019698977 279986855.402927 328171352.488328 169971632.248792 236073979.941305 51097332.5238887 30689343.3183493 33784.2398251029 443171.587822578 1519403075.51095 1710349747.71772 909394627.241718 1249789897.92595 256807562.64561 170788580.551511 0 0
36 13828.4121774226 848354.750972493 1.49899809623259 271723870.785476 318486344.834676 164955421.824722 229106954.071364 49589345.7577597 29783638.0437418 33784.2398251029 443171.587822578 1527666060.12841 1720034755.37137 914410837.665788 1256756923.79589 258315549.411739 171694285.826118 0 0
37 13828.4121774226 848354.750849826 1.49902684251843 263704683.641059 309087091.118807 160087213.543002 222345488.707741 48125851.7965882 28904655.3963067 33784.2398251029 443171.587822578 1535685247.27282 1729434009.08724 919279045.947508 1263518389.15951 259779043.37291 172573268.473554 0 0
38 13828.4121774226 848354.750830714 1.4990484878694 255922184.669493 299965258.561481 155362691.560468 215783589.566216 46705553.1999107 28051616.1260545 33784.2398251029 443171.587822578 1543467746.24439 1738555841.64457 924003567.930041 1270080288.30104 261199341.969588 173426307.743806 0 0
39 13828.4121774226 848354.750939163 1.4990647415736 248369361.842047 291112628.394895 150777599.08454 209415344.37806 45327170.2792104 27223751.6449147 33784.2398251029 443171.587822578 1551020569.07183 1747408471.81115 928588660.40597 1276448533.48919 262577724.890288 174254172.224946 0 0
40 13828.4121774226 848354.751061906 1.49907700442642 241039435.004701 282521253.630567 146327820.086826 203235036.382241 43989465.6628824 26420318.7805897 43521.7174289044 443171.587822578 1558350495.90918 1755999846.57548 933038439.403684 1282628841.48501 263915429.506616 175057605.089271 0 0
41 13828.4121774226 848354.751023521 1.499086267066 233925799.460787 274183392.932801 142009345.053839 197237096.756515 42691234.0001209 25640593.5926533 43521.7174289044 443171.587822578 1565464131.45309 1764337707.27325 937356914.436671 1288626781.11074 265213661.169378 175837330.277207 0 0
42 13828.4121774226 848354.751007786 1.49909323653403 227022061.125659 266091551.823317 137818292.32834 191416134.258466 41431308.3766115 24883875.2258503 43521.7174289044 443171.587822578 1572367869.78822 1772429548.38273 941547967.16217 1294447743.60878 266473586.792887 176594048.64401 0 0
43 13828.4121774226 848354.751001821 1.49909843020703 220322478.708938 258239000.961105 133751176.544935 185767308.056308 40208641.0123678 24149534.3776686 43521.7174289044 443171.587822578 1579067452.20494 1780282099.24494 945615082.945575 1300096569.81094 267696254.157131 177328389.492192 0 0
44 13828.4121774226 848354.750994246 1.49910239501563 213820313.225561 250617841.611635 129803906.667672 180284936.101064 39022002.0490802 23436832.388338 43521.7174289044 443171.587822578 1585569617.68832 1787903258.59441 949562352.822838 1305578941.76619 268882893.120418 178041091.481523 0 0
45 13828.4121774226 848354.750987306 1.49910540235598 207509991.170459 243221541.094313 125973099.188594 174964319.030968 37870374.3274203 22745158.3462845 43521.7174289044 443171.587822578 1591879939.74342 1795299559.11173 953393160.301916 1310899558.83628 270034520.842078 178732765.523576 0 0
46 13828.4121774226 848354.750986183 1.49910766682888 201385919.893739 236043544.288985 122255358.977489 169800741.342083 36752737.1941476 22073899.241471 43521.7174289044 443171.587822578 1598004011.02014 1802477555.91706 957110900.513021 1316063136.52517 271152157.975351 179404024.62839 0 0
47 13828.4121774226 848354.75099229 1.49910936720363 195442581.298854 229077383.45914 118647336.163254 164789550.390943 35668083.6019358 21422450.2356485 43521.7174289044 443171.587822578 1603947349.61503 1809443716.74691 960718923.327256 1321074327.47631 272236811.567563 180055473.634212 0 0
48 13828.4121774226 848354.750999212 1.49911064961034 189674641.857457 222316807.199836 115145792.920606 159926249.154778 34615440.1869777 20790226.7210777 53259.1950327059 443171.587822578 1609715289.05642 1816204293.00621 964220466.569904 1325937628.71247 273289454.982521 180687697.148783 0 0
49 13828.4121774226 848354.750997071 1.49911161863693 184076916.583076 215755738.211408 111747581.599587 155206465.855525 33593860.6942161 20176660.3716858 53259.1950327059 443171.587822578 1615313014.3308 1822765361.99464 967618677.890923 1330657412.01172 274311034.475282 181301263.498175 0 0
50 13828.4121774226 848354.750996193 1.49911234779985 178644342.9422 209388242.72076 108449628.887762 150625931.962674 32602421.2161418 19581196.2834624 53259.1950327059 443171.587822578 1620745587.97168 1829132857.48529 970916630.602748 1335237945.90457 275302473.953357 181896727.586398 0 0
51 13828.4121774226 848354.75099586 1.49911289116103 173372421.244049 203209046.66027 105249203.157657 146180853.512722 31640300.5635038 19003341.2455565 53259.1950327059 443171.587822578 1626017509.66983 1835312053.54578 974117056.332853 1339683024.35453 276264594.605995 182474582.624304 0 0
52 13828.4121774226 848354.75099544 1.4991133059305 168255848.434139 197211934.343277 102143085.083762 141866759.17727 30706530.933946 18442513.9904674 53259.1950327059 443171.587822578 1631134082.47974 1841309165.86277 977223174.406748 1343997118.68998 277198364.235552 183035409.879393 0 0
53 13828.4121774226 848354.750995053 1.49911362054686 163290236.948365 191391763.125336 99128611.1073469 137679949.533646 29800311.6012281 17898233.5975427 53259.1950327059 443171.587822578 1636099693.96551 1847129337.08071 980237648.383163 1348183928.3336 278104583.56827 183579690.272318 0 0
54 13828.4121774226 848354.750994989 1.49911385745254 158471186.847045 185743375.856642 96203110.1568419 133616714.724576 28920839.5805788 17370017.7896437 53259.1950327059 443171.587822578 1640918744.06683 1852777724.3494 983163149.333668 1352247163.14267 278984055.58892 184107906.080217 0 0
55 13828.4121774226 848354.750995328 1.49911403534336 153794355.755756 180261682.85938 93363946.1068215 129673393.429564 28067322.3928317 16857390.5993567 53259.1950327059 443171.587822578 1645595575.15812 1858259417.34667 986002313.383688 1356190484.43768 279837572.776667 184620533.270504 0 0
56 13828.4121774226 848354.750995713 1.49911416950258 149255546.860678 174941765.066667 90608571.1973401 125846447.059127 27238994.1234905 16359892.0141571 53259.1950327059 443171.587822578 1650134384.0532 1863579335.13938 988757688.29317 1360017430.80812 280665901.046008 185118031.855704 0 0
57 13828.4121774226 848354.750995729 1.49911427085114 144850686.033235 169778847.210454 87934512.1469903 122132440.467191 26435111.2479984 15877075.4690433 53259.1950327059 443171.587822578 1654539244.88064 1868742252.99559 991431747.34352 1363731437.40006 281469783.9215 185600848.400817 0 0
58 13828.4121774226 848354.750995089 1.49911434839935 140575813.996639 164768288.639961 85339365.3974426 118528035.346219 25654951.2021395 15408506.9879111 53259.1950327059 443171.587822578 1658814116.91724 1873752811.56609 994026894.093067 1367335842.52103 282249943.967359 186069416.88195 0 0
59 13828.4121774226 848354.750993489 1.49911440789147 136427091.980998 159905589.950011 82820800.5464955 115029994.995386 24897813.4140911 14953765.803411 53259.1950327059 443171.587822578 1662962838.93288 1878615510.25604 996545458.944014 1370833882.87186 283007081.755408 186524158.06645 0 0
60 13828.4121774226 848354.75099063 1.49911445178759 132400810.586339 155186403.369333 80376565.7285495 111635191.793525 24163020.9219167 14512445.3284225 53259.1950327059 443171.587822578 1666989120.32754 1883334696.83671 998989693.76196 1374228686.07372 283741874.247582 186965478.541438 0 0
61 13828.4121774226 848354.750986673 1.49911448463859 128493334.581736 150606468.059867 78004454.1038107 108340560.655916 23449910.2994591 14084147.1054902 53259.1950327059 443171.587822578 1670896596.33214 1887914632.14618 1001361805.3867 1377523317.21133 284454984.87004 187393776.764371 0 0
62 13828.4121774226 848354.750981763 1.49911450685898 124701182.86781 146161703.840457 75702352.4011307 105143166.455537 22757846.2494213 13668489.5715089 53259.1950327059 443171.587822578 1674688748.04607 1892359396.36559 1003663907.08938 1380720711.41171 285147048.920077 187809434.298352 0 0
63 13828.4121774226 848354.750976484 1.49911451988484 121020966.722703 141848138.80523 73468203.428987 102040151.954483 22086210.3333148 13265101.2888684 53259.1950327059 443171.587822578 1678368964.19117 1896672961.40082 1005898056.06152 1383823725.91277 285818684.836184 188212822.580992 0 0
64 13828.4121774226 848354.750972102 1.49911452878692 117449358.858233 137661873.054453 71299987.2904008 99028711.713327 21434395.3242382 12873617.5536998 53259.1950327059 443171.587822578 1681940572.05564 1900859227.15159 1008066272.20011 1386835166.15392 286470499.84526 188604306.316161 0 0
65 13828.4121774226 848354.750970018 1.49911453643525 113983160.009422 133599156.743822 69195761.8074458 96106148.2368053 20801817.3594022 12493687.6947507 53259.1950327059 443171.587822578 1685406770.90446 1904921943.46222 1010170497.68306 1389757729.63044 287103077.810096 188984236.17511 0 0
66 13828.4121774226 848354.750971845 1.49911454404854 110619255.304491 129656338.945928 67153636.0347781 93269835.1867034 20187907.9776951 12124970.2911023 53259.1950327059 443171.587822578 1688770675.60939 1908864761.26012 1012212623.45573 1392594042.68054 287716987.191804 189352953.578758 0 0
67 13828.4121774226 848354.750979472 1.49911455208638 107354625.033693 125829880.272358 65171776.7970729 90517226.4617153 19592116.0849849 11767134.3525408 53259.1950327059 443171.587822578 1692035305.88018 1912691219.93369 1014194482.69344 1395346651.40553 288312779.084514 189710789.51732 0 0
68 13828.4121774226 848354.750994733 1.49911456055921 104186345.989287 122116354.444273 63248409.5024819 87845857.3272562 19013908.1986628 11419859.4664317 53259.1950327059 443171.587822578 1695203584.92459 1916404745.76177 1016117849.98803 1398018020.53999 288890986.970836 190058064.403429 0 0
69 13828.4121774226 848354.751016975 1.4991145681973 101111565.571028 118512417.941566 61381802.4228534 85253322.5822259 18452763.7219208 11082832.9594241 53259.1950327059 443171.587822578 1698278365.34285 1920008682.26448 1017984457.06766 1400610555.28502 289452131.447578 190395090.910437 0 0
70 13828.4121774226 848354.751046089 1.49911457314583 98127530.1090136 115014843.199948 59570283.8876814 82737300.439722 17908180.1126431 10755753.0019164 53259.1950327059 443171.587822578 1701262400.80486 1923506257.0061 1019795975.60283 1403126577.42753 289996715.056856 190722170.867944 0 0
71 13828.4121774226 848354.751085735 1.49911457446944 95231556.319116 111620485.153983 57812224.9555567 80295528.4593804 17379667.6740505 10438325.4792879 53259.1950327059 443171.587822578 1704158374.59476 1926900615.05206 1021554034.53495 1405568349.40787 290525227.495448 191039598.390573 0 0
72 13828.4121774226 848354.751143765 1.49911457227617 92421032.9039792 108326283.113611 56106040.3860818 77925804.8972697 16866749.8468806 10130264.1673836 53259.1950327059 443171.587822578 1706968898.0099 1930194817.09243 1023260219.10443 1407938072.96998 291038145.322618 191347659.702477 0 0
