"Time" "IECs" "pheme_e" "BiomassCD" "pro_L_e" "leu_L_e" "ile_L_e" "val_L_e" "trp_L_e" "cys_L_e" "Drug" "Damage" "pro_L_v" "leu_L_v" "ile_L_v" "val_L_v" "trp_L_v" "cys_L_v" "CD" "pheme_c"
0 457000 1e+05 0.4963 224235600.199112 195370466.451958 120509812.093413 157438605.791629 18978882.6152 31300034.1459915 0 0 0 0 0 0 0 0 45700000 1000
1 342810.649722491 149014.188173369 0.594123777919254 369888030.301082 402220359.676768 218408512.151116 297774708.947239 58133733.6301146 42739564.8577916 0 114189.350277509 263135641.236086 268063614.579349 150945443.559047 203231913.861749 35296140.58121 32409179.7947632 48532264.0528938 866.710669585179
2 252079.558462715 248901.449336734 0.697812003419754 435483341.106873 491712080.600203 261532382.178344 359195584.09528 74490411.6396819 48352363.1385861 0 204920.441537285 522046196.019101 555922502.205325 305357753.763725 414664038.610618 78095200.6896893 61637120.5577229 52252899.8022198 1260.62602411597
3 180615.52982899 347138.016718575 0.803529047328221 478139124.921229 547142520.174675 288822489.186935 397781231.330793 84144677.071819 52371301.2360731 0 276384.47017101 734617079.286331 797710957.718514 433431121.618705 590828486.285714 115034091.554998 85060369.4555863 57057131.137368 1552.00476684631
4 125182.62517183 428444.385498771 0.907130884721602 513010777.52759 590955191.421088 310675769.723673 428564076.280086 91467960.9251516 55897365.6558832 0 331817.374828169 897236380.718278 984443736.941227 531796345.087028 726411788.446187 143851138.36234 102820540.424125 63165448.6583113 1716.1148096032
5 83199.7811018624 488850.476635539 1.00479480573831 543998205.866791 629404634.212195 329861694.041116 455628036.484291 97728650.1203061 59180109.0086494 0 373800.218898138 1015179463.83477 1120600942.63712 603269572.160369 825067597.455894 164960684.85931 115659209.194227 70824613.9481002 1782.18999625315
6 52482.6765650896 528205.216027374 1.09354996201191 571286327.476988 663482488.382336 346648170.119134 479479541.89845 103195075.526626 62182337.3142064 0 404517.323434911 1095999587.65992 1214275526.23541 652293530.542206 892825617.46153 179518422.744796 124452349.030791 80308675.5782366 1779.94440025534
7 31044.8828344544 548009.37343782 1.17156393234328 593808477.9747 692395005.279879 360455393.754613 499412593.221973 107793083.502833 64773236.0353345 0 425955.117165546 1147782095.26472 1274522793.46358 683720612.9237 936327298.107669 188893479.788043 130093563.102227 91917608.0052921 1731.33246129294
8 16981.827627001 550765.246468503 1.23815226127108 610423471.42431 715122204.852108 370623665.611452 514591307.260292 111387879.56314 66829755.5770092 9737.47760380151 440018.172372999 1178388467.91903 1310283840.49915 702301446.892694 962094744.764307 194462239.962439 133437256.760214 105972225.767681 1651.87539698985
9 16058.5106254823 708740.663854374 1.29357877248418 592348389.393015 694259792.789333 359654195.726753 499464729.894167 108141565.678429 64875940.7917008 7215.85378583824 440941.489374518 1199465811.65079 1334986327.97124 715098889.678744 979866636.195252 198310018.179095 135745625.274105 30093.603637457 599.967026528007
10 16057.9817113104 786460.435081358 1.33875774511876 572098524.597969 670526198.544551 347359155.704033 482390227.308859 104444697.741204 62658124.1645672 6727.97393226917 440942.01828869 1219717389.37288 1358722121.97007 727394972.654242 996942651.10143 202007230.647765 137963645.004281 160.770792547876 126.182467778822
11 16057.9784810893 819513.43840335 1.37495903936643 552539436.409262 647602034.550202 335483529.290873 465898115.616362 100873909.042653 60515948.1737935 6628.85110269793 440942.021518911 1239276488.02517 1381646299.39891 739270605.438378 1013434772.03107 205578021.450466 140105822.23546 1.34180982909183 27.1755366631014
12 16057.9784533724 833566.582597762 1.40357098217325 533649031.642241 625461597.598301 324013905.145897 449969833.574652 97425197.7909362 58447008.5106592 6607.58825630304 440942.021546628 1258166892.88207 1403786736.46608 750740229.638075 1029363054.15208 209026732.720238 142174761.909237 0.0122752448809487 5.91375677215131
13 16057.9784531172 839541.531650916 1.42594014600658 515404458.332937 604078105.27869 312936408.335914 434586112.94773 94094392.2279758 56448802.4459036 6602.96457023677 440942.021546883 1276411466.1922 1425170228.78675 761817726.448563 1044746774.77974 212357538.283365 144172967.974091 0.000114855245767271 1.29008074115638
14 16057.9784531148 842081.889237455 1.44328046042117 497783636.656489 583425679.014876 302237632.727354 419728336.156118 90877461.3702845 54518911.7248075 6601.95607319654 440942.021546885 1294032287.86865 1445822655.05058 772516502.057128 1059604551.57135 215574469.141058 146102858.695188 1.13311677543383e-06 0.281583795984725
15 16057.9784531148 843161.968422901 1.45663401807298 480765241.582158 563479324.8746 291904630.472332 405378522.055005 87770512.03113 52655000.7594183 6601.73595738843 440942.021546885 1311050682.94299 1465769009.19086 782849504.31215 1073954365.67247 218681418.480212 147966769.660577 1.0840212529472e-07 0.0614679890235059
16 16057.9784531148 843621.182976355 1.46686523603353 464328677.145838 544214903.42567 281924896.387919 391519304.244396 84769784.1252173 50854813.8115672 16339.1655126095 440942.021546885 1327487247.3793 1485033430.63979 792829238.396563 1087813583.48308 221682146.386125 149766956.608428 0 0.0134194088275823
17 16057.9784531148 843816.426120772 1.47467365083408 448454055.748594 525609105.472969 272286355.386908 378133913.613784 81871646.8893573 49116172.725584 16339.1524036114 440942.021546885 1343361868.77655 1503639228.59249 802467779.397575 1101198974.11369 224580283.621985 151505597.694411 0 0.00031041071454271
18 16057.9784531148 843899.436935857 1.48061529368065 433122157.070302 507639403.903324 262977337.531545 365206143.698369 79072591.3815703 47436972.4283828 16339.1521004262 440942.021546885 1358693767.45484 1521608930.16214 811776797.252937 1114126744.02911 227379339.129772 153184797.991612 0 7.22550571037776e-06
19 16057.9784531148 843934.747492169 1.48512652303118 418314411.661718 490284034.454641 253986568.071182 352720336.84398 76369227.4855847 45815179.1324109 16339.1520933806 440942.021546885 1373501512.86342 1538964299.61082 820767566.7133 1126612550.8835 230082703.025757 154806591.287584 0 1.79924183177516e-07
20 16057.9784531148 843949.701531439 1.4885446676645 404012958.238444 473522062.867111 245303202.229259 340661432.517024 73758294.3706631 44248836.6106739 16339.1520931341 440942.021546885 1387802966.2867 1555726271.19835 829450932.555223 1138671455.21045 232693636.140679 156372933.809321 0 -6.6658655052945e-08
21 16057.9784531148 843956.126336541 1.49113225287988 390200430.160061 457333134.62678 236916695.560557 329014787.264901 71236621.5103407 42736042.8112235 16339.1520931349 440942.021546885 1401615494.36508 1571915199.43868 837837439.223925 1150318100.46257 235215309.001002 157885727.608772 0 -6.57908307987048e-08
22 16057.9784531148 843958.869436607 1.49308931973898 376860125.928178 441697674.797228 228816907.471924 317766318.478997 68801159.8092617 41274968.5306683 16339.1520931067 440942.021546885 1414955798.59696 1587550659.26823 845937227.312559 1161566569.24848 237650770.70208 159346801.889327 0 -9.40417990661345e-08
23 16057.9784531148 843960.040593488 1.49456830280671 363975901.459075 426596761.758067 220994035.813816 306902413.559578 66448961.9360217 39863845.6155162 16339.1520930942 440942.021546885 1427840023.06606 1602651572.30739 853760098.970666 1172430474.1679 240002968.575321 160757924.804479 0 -1.06500519919563e-07
24 16057.9784531148 843960.367340422 1.49568468889073 351532170.161992 412012127.296712 213438616.927838 296409929.981814 64177182.3374626 38500966.9707507 26076.6296968957 440942.021546885 1440283754.36315 1617236206.76875 861315517.856645 1182922957.74566 242274748.17388 162120803.449244 0 0
25 16057.9784531148 843960.636549893 1.49652748444799 339513982.541108 397926249.905605 206141573.978401 286276262.415705 61983091.77114 37184695.278101 26076.6296968957 440942.021546885 1452301941.98404 1631322084.15986 868612560.806082 1193056625.31177 244468838.740203 163437075.141894 0 0
26 16057.9784531148 843960.749559013 1.49716351672737 327906406.216137 384321628.1374 199093840.521903 276488819.962977 59863964.1192942 35913395.0938469 26076.6296968957 440942.021546885 1463909518.30901 1644926705.92806 875660294.26258 1202844067.7645 246587966.392048 164708375.326148 0 0
27 16057.9784531148 843960.800545295 1.4976424757633 316695956.14233 371182456.889618 192287228.888637 267036232.110461 57817337.49579 34685589.4912473 26076.6296968957 440942.021546885 1475119968.38281 1658065877.17584 882466905.895846 1212296655.61701 248634593.015553 165936180.928747 0 0
28 16057.9784531148 843960.831409825 1.49800454620226 305868664.888425 358492365.680251 185713258.519884 257906721.59942 55840661.9479946 33499748.7109933 26076.6296968957 440942.021546885 1485947259.63672 1670755968.38521 889040876.264599 1221426166.12805 250611268.563348 167122021.709001 0 0
29 16057.9784531148 843960.8388658 1.49827752422389 295411540.815077 346236127.701007 179364041.325254 249089333.953323 53931565.667926 32354449.8657369 26076.6296968957 440942.021546885 1496404383.71006 1683012206.36445 895390093.459229 1230243553.77415 252520364.843417 168267320.554258 0 0
30 16057.9784531148 843960.834548021 1.49848318836161 285311946.456994 334398931.252129 173231904.257035 240573413.333185 52087741.5070975 31248308.8584448 26076.6296968957 440942.021546885 1506503978.06815 1694849402.81333 901522230.527448 1238759474.39429 254364189.004245 169373461.56155 0 0
31 16057.9784531148 843960.833457754 1.49863826646318 275557662.455889 322966454.674808 167309428.128157 232348656.445479 50306958.6483854 30179987.3845472 26076.6296968957 440942.021546885 1516258262.06925 1706281879.39065 907444706.656326 1246984231.282 256144971.862957 170441783.035448 0 0
32 16057.9784531148 843960.840128564 1.49875547753074 266136868.287795 311924843.762691 161589435.910451 224405096.291508 48587059.0875263 29148190.8211292 35814.1073006972 440942.021546885 1525679056.23735 1717323490.30277 913164698.874032 1254927791.43597 257864871.423816 171473579.598866 0 0
33 16057.9784531148 843960.838371484 1.49884384741404 257038218.582 301260801.211238 156065039.07297 216733166.519104 46925971.5662209 28151676.5856332 35814.1073006972 440942.021546885 1534777705.94315 1727987532.85422 918689095.711513 1262599721.20837 259525958.945121 172470093.834362 0 0
34 16057.9784531148 843960.837640243 1.49891044462239 248250412.301282 290961081.676831 150729376.002583 209323338.157844 45321632.9198772 27189206.9510522 35814.1073006972 440942.021546885 1543565512.22386 1738287252.38863 924024758.7819 1270009549.56963 261130297.591465 173432563.468943 0 0
35 16057.9784531148 843960.837315554 1.49896037274493 239763478.651881 281013998.923339 145576392.765653 202167203.891043 43772222.83871 26259689.8830468 35814.1073006972 440942.021546885 1552052445.87326 1748234335.14212 929177742.01883 1277165683.83644 262679707.672632 174362080.536948 0 0
36 16057.9784531148 843960.837027389 1.49899832484522 231566357.863848 271406590.383662 140599374.238495 195255438.183473 42275722.2048894 25361914.0790006 35814.1073006972 440942.021546885 1560249566.6613 1757841743.6818 934154760.545987 1284077449.544 264176208.306453 175259856.340995 0 0
37 16057.9784531148 843960.836889555 1.4990269642567 223649510.20868 262127675.050289 135792528.215928 188579997.190224 40830389.4057047 24494834.7162678 35814.1073006972 440942.021546885 1568166414.31647 1767120659.01517 938961606.568555 1290752890.53726 265621541.105637 176126935.703727 0 0
38 16057.9784531148 843960.836988301 1.49904851672577 216003324.748272 253165988.454732 131150019.256674 182132777.022855 39434469.8281238 23657399.1730919 35814.1073006972 440942.021546885 1575812599.77687 1776082345.61073 943604115.527809 1297200110.70462 267017460.683218 176964371.246903 0 0
39 16057.9784531148 843960.837112629 1.49906476742716 208618548.895427 244510686.132507 126666229.498181 175905975.952374 38086274.2811532 22848594.0754938 35814.1073006972 440942.021546885 1583197375.62972 1784737647.93295 948087905.286302 1303426911.7751 268365656.230189 177773176.344501 0 0
40 16057.9784531148 843960.837073326 1.49907704234102 201486238.736743 236151285.399239 122335728.494337 169892052.521781 36784169.9265779 22067439.8564699 45551.5849044987 440942.021546885 1590329685.7884 1793097048.66622 952418406.290146 1309440835.2057 269667760.584764 178554330.563525 0 0
41 16057.9784531148 843960.837066786 1.49908628104079 194597878.732699 228077805.644758 118153345.893374 164083826.476502 35526602.1319095 21313003.8659427 45551.5849044987 440942.021546885 1597218045.79244 1801170528.4207 956600788.891109 1315249061.25098 270925328.379432 179308766.554052 0 0
42 16057.9784531148 843960.837064062 1.49909324365558 187944822.807997 220280113.264862 114113832.086551 158474007.494936 34311992.4335022 20584339.157124 45551.5849044987 440942.021546885 1603871101.71715 1808968220.8006 960640302.697932 1320858880.23254 272139938.07784 180037431.262871 0 0
43 16057.9784531148 843960.837062856 1.49909846263634 181519556.936395 212749401.469734 110212624.80758 153056259.792817 33138969.0393176 19880622.7689856 45551.5849044987 440942.021546885 1610296367.58875 1816498932.59573 964541509.976903 1326276627.93466 273312961.472024 180741147.651009 0 0
44 16057.9784531148 843960.837061786 1.49910242971302 175313700.460282 205475847.737104 106444635.600493 147823516.847231 32006001.9414726 19200936.8241632 45551.5849044987 440942.021546885 1616502224.06486 1823772486.32835 968309499.18399 1331509370.88025 274445928.569869 181420833.595832 0 0
45 16057.9784531148 843960.837061271 1.49910542328455 169320032.443117 198450988.791977 102805480.153301 142769690.005484 30911772.8556095 18544490.4617828 45551.5849044987 440942.021546885 1622495892.08203 1830797345.27348 971948654.631182 1336563197.722 275540157.655733 182077279.958212 0 0
46 16057.9784531148 843960.837061635 1.49910767600291 163531276.748834 191666296.662937 99290740.6387026 137888644.070958 29854953.4199151 17910486.775336 45551.5849044987 440942.021546885 1628284647.77631 1837582037.40252 975463394.14578 1341444243.65652 276596977.091427 182711283.644659 0 0
47 16057.9784531148 843960.837062097 1.49910937450904 157940428.447281 185113561.244569 95896163.8965882 133174472.52632 28834264.7850612 17298158.5616838 45551.5849044987 440942.021546885 1633875496.07786 1844134772.82089 978857970.887895 1346158415.20116 277617665.726281 183323611.858311 0 0
48 16057.9784531148 843960.837061954 1.49911065742965 152540716.305135 178784846.335063 92617638.6597743 128621465.906079 27848470.7663897 16706764.2129375 55289.0625083002 440942.021546885 1639275208.22001 1850463487.7304 982136496.124709 1350711421.8214 278603459.744952 183915006.207057 0 0
49 16057.9784531148 843960.837061929 1.49911162299863 147325705.823064 172672610.400575 89451258.1147321 124224198.67693 26896396.6548072 16135599.0014298 55289.0625083002 440942.021546885 1644490218.70208 1856575723.66489 985302876.669751 1355108689.05055 279555533.856534 184486171.418565 0 0
50 16057.9784531148 843960.837061918 1.49911235073815 142288823.480661 166769148.968068 86393031.03897 119977128.083788 25976842.3609518 15583942.9734451 55289.0625083002 440942.021546885 1649527101.04449 1862479185.09739 988361103.745513 1359355759.64369 280475088.15039 185037827.446549 0 0
51 16057.9784531148 843960.837061914 1.4991128961903 137424399.034302 161067816.247097 83439514.6495531 115875473.009424 25088772.701447 15051175.1051312 55289.0625083002 440942.021546885 1654391525.49084 1868180517.81837 991314620.13493 1363457414.71806 281363157.809895 185570595.314863 0 0
52 16057.9784531148 843960.83706191 1.49911331080782 132726083.809829 155561171.294933 80586854.2431371 111913880.287834 24231028.6358016 14536600.0686778 55289.0625083002 440942.021546885 1659089840.71532 1873687162.77053 994167280.541346 1367419007.43965 282220901.87554 186085170.351317 0 0
53 16057.9784531148 843960.837061908 1.4991136236825 128188411.698733 150242807.577024 77831730.9808253 108087740.927358 23402612.2483989 14039619.1977866 55289.0625083002 440942.021546885 1663627512.82641 1879005526.48844 996922403.803658 1371245146.80012 283049318.262943 186582151.222208 0 0
54 16057.9784531148 843960.837061909 1.49911385912457 123805874.148042 145106268.811921 75170800.2528559 104392410.147406 22602517.8747834 13559629.1775006 55289.0625083002 440942.021546885 1668010050.3771 1884142065.25354 999583334.531627 1374940477.58007 283849412.636558 187062141.242494 0 0
55 16057.9784531148 843960.837061911 1.49911403664132 119573167.879397 140145339.309614 72600842.0853713 100823416.253776 21829777.3262908 13096049.1752183 55289.0625083002 440942.021546885 1672242756.64575 1889102994.75585 1002153292.69911 1378509471.4737 284622153.185051 187525721.244776 0 0
56 16057.9784531148 843960.83706191 1.49911417072286 115485166.544291 135354010.750146 70118743.9304226 97376436.7385127 21083454.7153105 12648317.7362813 55289.0625083002 440942.021546885 1676330757.98085 1893894323.31532 1004635390.85406 1381956450.98897 285368475.796031 187973452.683713 0 0
57 16057.9784531148 843960.837061907 1.49911427285115 111536916.594496 130726477.343561 67721498.1586309 94047294.7978759 20362645.7013727 12215892.3316895 55289.0625083002 440942.021546885 1680279007.93065 1898521856.7219 1007032636.62585 1385285592.9296 286089284.809969 188405878.088305 0 0
58 16057.9784531148 843960.837061899 1.49911434987654 107723646.67018 126257146.833212 65406207.7593383 90831967.2483448 19666479.205083 11798250.3863194 55289.0625083002 440942.021546885 1684092277.85496 1902991187.23225 1009347927.02515 1388500920.47913 286785451.306259 188823520.033675 0 0
59 16057.9784531148 843960.837061889 1.49911440775273 104040733.610194 121940600.658236 63170065.7031882 87726555.8666878 18994111.2028178 11394885.5562575 55289.0625083002 440942.021546885 1687775190.91495 1907307733.40723 1011584069.0813 1391606331.86079 287457819.308524 189226884.863737 0 0
60 16057.9784531148 843960.837061878 1.49911445024098 100483730.440873 117771626.757731 61010371.9359919 84727310.9899593 18344729.8364773 11005310.7942271 55289.0625083002 440942.021546885 1691332194.08427 1911476707.30773 1013743762.84849 1394605576.73752 288107200.674864 189616459.625767 0 0
61 16057.9784531148 843960.837061872 1.49911447965936 97048357.0127046 113745208.596497 58924527.6936258 81830623.6203924 17717553.704076 10629057.3240848 55289.0625083002 440942.021546885 1694767567.51244 1915503125.46897 1015829607.09086 1397502264.10709 288734376.807266 189992713.09591 0 0
62 16057.9784531148 843960.837061876 1.49911450145171 93730430.5921858 109856443.815448 56909993.3597197 79032966.900845 17111819.1883024 10265667.039011 55289.0625083002 440942.021546885 1698085493.93296 1919391890.25002 1017844141.42476 1400299920.82663 289340111.323039 190356103.380984 0 0
63 16057.9784531148 843960.837061895 1.49911451866575 90525941.6218163 106100633.025862 54964334.4646007 76330959.9951982 16526794.2875799 9914700.79899525 55289.0625083002 440942.021546885 1701289982.90333 1923147701.0396 1019789800.31988 1403001927.73228 289925136.223762 190707069.620999 0 0
64 16057.9784531148 843960.837061929 1.49911453284607 87431005.6178701 102473223.431328 53085192.4792227 73721327.5288292 15961769.8343229 9575733.16252087 55289.0625083002 440942.021546885 1704384918.90727 1926775110.63414 1021668942.30526 1405611560.19865 290490160.677019 191046037.257474 0 0
65 16057.9784531148 843960.837061975 1.49911454476423 84441883.7074301 98969832.898103 51270297.2845694 71200916.9053226 15416063.2442637 9248354.635849 55289.0625083002 440942.021546885 1707374040.81771 1930278501.16736 1023483837.49991 1408131970.82216 291035867.267078 191373415.784145 0 0
66 16057.9784531148 843960.837062018 1.49911455459672 81554951.4313496 95586213.3907295 49517448.2298527 68766672.0013044 14889012.8209908 8932168.25621567 55289.0625083002 440942.021546885 1710260973.0938 1933662120.67473 1025236686.55463 1410566215.72618 291562917.690351 191689602.163779 0 0
67 16057.9784531148 843960.837062038 1.49911456166239 78766719.6173018 92318275.4362236 47824526.8059321 66415650.7664794 14379981.5666199 8626791.87791726 55289.0625083002 440942.021546885 1713049204.90784 1936930058.62924 1026929607.97855 1412917236.961 292071948.944722 191994978.542077 0 0
68 16057.9784531148 843960.837061972 1.49911456587211 76073806.7836865 89162055.7801643 46189479.8898868 64145001.9547613 13888352.1437362 8331855.14989503 55289.0625083002 440942.021546885 1715742117.74146 1940086278.2853 1028564654.8946 1415187885.77272 292563578.367606 192289915.270099 0 0
69 16057.9784531148 843960.837061716 1.49911456753112 73472943.321427 86113722.287955 44610322.2840637 61951968.6503404 13413527.6388399 8046999.97373934 55289.0625083002 440942.021546885 1718342981.20372 1943134611.77751 1030143812.50042 1417380919.07714 293038402.872502 192574770.446255 0 0
70 16057.9784531148 843960.837061169 1.49911456588958 70960989.5542804 83169595.1123507 43085147.6816955 59833903.496035 12954934.8595129 7771882.48171465 55289.0625083002 440942.021546885 1720854934.97087 1946078738.95311 1031668987.10279 1419498984.23144 293496995.651829 192849887.93828 0 0
71 16057.9784531148 843960.837060201 1.49911456007534 68534917.4670912 80326125.278118 41612117.5729055 57788253.2866581 12512020.9986517 7506171.03557734 55289.0625083002 440942.021546885 1723281007.05805 1948922208.78734 1033142017.21158 1421544634.44082 293939909.51269 193115599.384417 0 0
72 16057.9784531148 843960.837058653 1.49911454920106 66191805.0257585 77579888.0247707 40189457.795981 55812554.1796464 12084252.5974971 7249545.60447971 55289.0625083002 440942.021546885 1725624119.49939 1951668446.04069 1034564676.9885 1423520333.54783 294367677.913845 193372224.815515 0 0
