"Time" "IECs" "pheme_e" "BiomassCD" "pro_L_e" "leu_L_e" "ile_L_e" "val_L_e" "trp_L_e" "cys_L_e" "Drug" "Damage" "pro_L_v" "leu_L_v" "ile_L_v" "val_L_v" "trp_L_v" "cys_L_v" "CD" "pheme_c"
0 457000 1e+05 0.4963 224235600.199112 195370466.451958 120509812.093413 157438605.791629 18978882.6152 31300034.1459915 0 0 0 0 0 0 0 0 45700000 1000
1 398271.015741628 119429.939396047 0.594123778052116 226574522.251878 237470979.571107 131590208.456861 178155949.093976 32611157.3658244 27181292.6067503 0 58728.9842583725 207833048.713814 202153332.411422 116864365.963183 155957656.61323 24658728.0292692 26670671.4944562 48532264.0500681 699.031725417312
2 343795.748789698 171814.854239821 0.697811991860784 236096585.602169 262887786.766888 140883440.475744 192980140.215427 39144013.8550362 26626706.9373989 0 113204.251210302 393164596.16444 403299160.468715 226186119.44085 304965639.044037 53643244.0035923 48143759.6733485 52252900.337823 871.689586219873
3 293111.181046135 230503.558607053 0.803528922630048 250075174.563068 285051246.762496 150804519.014205 207526472.375669 43648194.3071111 27500526.1339382 0 163888.818953865 560349548.435735 591932817.718589 326544311.793839 442791847.424004 82184677.6659497 66732814.4903377 57057136.6616988 1030.72046850543
4 245958.206524357 286916.617243508 0.907130620837296 267745088.465331 308398725.077376 162188831.189724 223685480.378087 47766641.7066548 29133960.5009021 0 211041.793475643 711042069.381042 764694560.439782 417645910.161056 568309656.325518 108808969.767169 83206122.3397364 63165471.2303587 1148.88372795521
5 202291.511511756 337785.233000251 1.00479460239845 288786287.566109 334477336.50623 175301581.604223 242096234.103947 52076922.4691677 31288367.0531966 0 254708.488488244 845672951.19692 920225733.568335 499293702.418117 680994361.398534 132968014.581941 97819726.6722807 70824639.1675538 1230.92426620094
6 162271.132674858 381309.592719919 1.09354980558912 312816792.027687 363635845.296143 190088248.460579 262806307.513963 56763335.9713892 33848259.6492965 0 294728.867325142 963983855.111542 1057511980.36108 571152737.376492 780287603.126615 154373053.652834 110627659.54955 80308703.4169364 1284.3766241722
7 126225.582943716 416077.117635077 1.17156468938185 339164040.046256 395494194.622015 206214278.39204 285428891.923186 61820725.862435 36716420.167472 0 330774.417056285 1065385657.88525 1175567072.36703 632789735.617185 865550275.070087 172814903.594626 121600990.128133 91917658.9296353 1314.00294083976
8 94579.1786105526 440891.513478769 1.23815277446476 366745525.565389 429064865.073051 223054701.077244 309165389.522996 67118846.7995143 39773472.9038334 9737.47760380151 362420.821389448 1149337350.5209 1273613797.53762 683841523.493905 936258255.081649 188146970.500122 130696156.655706 105972293.996558 1321.90816991027
9 93565.6649860951 587013.748122538 1.29357919479848 302361239.362687 353783622.630577 183897681.825437 254905499.116908 55343626.5754393 32793772.3983756 7835.78081540714 363434.335013905 1217279345.0648 1353110243.14421 725164184.746173 993536575.30043 200582871.560027 138065046.392956 0.184876801857516 72.8669207197402
10 93565.6649831348 650681.217107905 1.3387580861106 246887057.531068 288874982.051529 150157995.278646 208138016.493522 45189737.7690142 26777102.7458596 7766.27872693499 363434.335016866 1272753526.90684 1418018883.73557 758903871.299308 1040304057.93265 210736760.368382 144081716.046608 2.96682518119095e-08 3.36486114934752
11 93565.6649831348 677070.630160659 1.37495931051693 201590717.456955 235875122.290704 122608525.140331 169950958.525708 36898781.7735275 21864310.7821768 7763.0705741992 363434.335016866 1318049866.98096 1471018743.4964 786453341.437623 1078491115.90046 219027716.363869 148994508.010291 -2.14136739684387e-08 0.156708413581022
12 93565.6649831348 688008.729845773 1.40357119517838 164604891.69101 192599140.709718 100113553.122445 138770075.694982 30128966.5217776 17852868.1955173 7762.92116687133 363434.335016866 1355035692.7469 1514294725.07738 808948313.455509 1109671998.73119 225797531.615619 153005950.596951 -2.14136739684387e-08 0.00730108571031823
13 93565.6649831348 692542.442431188 1.42594031175 134404851.13044 157262998.499054 81745731.0370837 113309945.856018 24601208.4967381 14577404.5195093 7762.91420595777 363434.335016866 1385235733.30747 1549630867.28805 827316135.54087 1135132128.57015 231325289.640658 156281414.272958 -2.14136739684387e-08 0.000340172148118344
14 93565.6649831348 694421.617846423 1.44328058829856 109745608.37141 128409974.040602 66747851.0557912 92520982.9698165 20087627.5702741 11902889.7693364 7762.91388165001 363434.335016866 1409894976.0665 1578483891.7465 842314015.522163 1155921091.45635 235838870.567122 158955929.023131 -2.14136739684387e-08 1.58643971184034e-05
15 93565.6649831348 695200.436733169 1.45663408069872 89610629.5509059 104850652.205155 54501651.9844429 75546198.6463759 16402159.3161567 9719071.78367913 7762.91386650811 363434.335016866 1430029954.88701 1602043213.58195 854560214.593511 1172895875.77979 239524338.82124 161139747.008789 -2.14136739684387e-08 7.2249496144796e-07
16 93565.6649831348 695523.409306732 1.46686528054586 73169778.8129606 85613716.4608091 44502240.8683918 61685747.2469283 13392857.2450922 7935914.92709137 17500.3914695907 363434.335016866 1446470805.62495 1621280149.32629 864559625.709563 1186756327.17924 242533640.892304 162922903.865377 0 3.53495522670441e-09
17 93565.6649831348 695657.163967045 1.4746735896361 59745446.7861879 69906316.842262 36337492.155951 50368370.5130292 10935693.0256284 6479926.42137479 17500.3914695869 363434.335016866 1459895137.65172 1636987548.94484 872724374.422004 1198073703.91314 244990805.111768 164378892.371094 0 -2.13509482607249e-10
18 93565.6649831348 695712.65084064 1.48061527068889 48783940.9493887 57080594.6941311 29670647.1696283 41127278.22788 8929319.83105082 5291053.3756325 17500.3914695869 363434.335016866 1470856643.48852 1649813271.09297 879391219.408326 1207314796.19829 246997178.306345 165567765.416836 0 -2.13509482607249e-10
19 93565.6649831348 695735.61997273 1.4851262069945 39833548.0214392 46608014.145472 24226971.5373083 33581653.7245517 7291056.92092326 4320303.45684682 17500.3914695869 363434.335016866 1479807036.41647 1660285851.64163 884834895.040646 1214860420.70162 248635441.216473 166538515.335622 0 -2.13509482607249e-10
20 93565.6649831348 695745.137908036 1.48854509683093 32525236.9259859 38056783.2399783 19782018.6347939 27420385.5295438 5953357.54842233 3527651.95433931 17500.3914695869 363434.335016866 1487115347.51192 1668837082.54712 889279847.943161 1221021688.89663 249973140.588974 167331166.838129 0 -2.13509482607249e-10
21 93565.6649831348 695748.914562572 1.49113267162862 26557937.6247136 31074629.149806 16152676.0954672 22389656.6901687 4861114.42595818 2880445.13797811 17500.3914695869 363434.335016866 1493082646.8132 1675819236.63729 892909190.482488 1226052417.736 251065383.711438 167978373.65449 0 -2.13509482607249e-10
22 93565.6649831348 695750.665610826 1.49308943895713 21685356.483319 25373371.2392416 13189146.8471498 18281829.4751031 3969246.43482156 2351970.26705766 17500.3914695869 363434.335016866 1497955227.95459 1681520494.54786 895872719.730805 1230160244.95107 251957251.702575 168506848.525411 0 -2.13509482607249e-10
23 93565.6649831348 695751.383540813 1.49456796850215 17706746.0453209 20718121.0598266 10769335.2404222 14927663.8365858 3241009.14212519 1920454.48996749 17500.3914695869 363434.335016866 1501933838.39259 1686175744.72727 898292531.337533 1233514410.58958 252685488.995271 168938364.302501 0 -2.13509482607249e-10
24 93565.6649831348 695751.681366377 1.49568452002422 14458082.4494792 16916959.316781 8793481.10791097 12188879.5363674 2646379.93205673 1568107.95644522 27237.8690733884 363434.335016866 1505182501.98843 1689976906.47032 900268385.470044 1236253194.8898 253280118.205339 169290710.836023 0 0
25 93565.6649831348 695751.804646807 1.49652732340083 11805483.6864574 13813234.77277 7180156.71368326 9952607.41011772 2160853.29608764 1280409.96882577 27237.8690733884 363434.335016866 1507835100.75145 1693080631.01433 901881709.864272 1238489467.01605 253765644.841308 169578408.823642 0 0
26 93565.6649831348 695751.855788593 1.49716332430816 9639529.87670247 11278918.579064 5862812.31664853 8126601.08039246 1764401.22743148 1045492.96553452 27237.8690733884 363434.335016866 1510001054.56121 1695614947.20804 903199054.261307 1240315473.34577 254162096.909964 169813325.826934 0 0
27 93565.6649831348 695751.876959062 1.49764313607551 7870964.68019942 9209574.62678947 4787161.74556476 6635613.03217006 1440686.41525539 853676.300646951 27237.8690733884 363434.335016866 1511769619.75771 1697684291.16031 904274704.83239 1241806461.394 254485811.72214 170005142.491821 0 0
28 93565.6649831348 695751.885731684 1.4980050582797 6426868.90467388 7519882.40311696 3908855.16760253 5418168.77506582 1176361.86919801 697051.237580437 27237.8690733884 363434.335016866 1513213715.53324 1699373983.38398 905153011.410353 1243023905.6511 254750136.268198 170161767.554888 0 0
29 93565.6649831348 695751.889212584 1.49827798106616 5247752.19071433 6140234.06112617 3191710.23607678 4424114.9898567 960538.586941962 569165.516413858 27237.8690733884 363434.335016866 1514392832.2472 1700753631.72597 905870156.341878 1244017959.43631 254965959.550454 170289653.276054 0 0
30 93565.6649831348 695751.890826258 1.49848381470553 4284947.83381784 5013686.18089714 2606127.60763572 3612423.23444527 784308.707392519 464740.799109532 27237.8690733884 363434.335016866 1515355636.60409 1701880179.6062 906455738.970319 1244829651.19172 255142189.430003 170394077.993359 0 0
31 93565.6649831348 695751.891488019 1.49863902202629 3498788.95132448 4093825.7583177 2127981.67748363 2949652.36226076 640411.679739759 379474.85855513 27237.8690733884 363434.335016866 1516141795.48658 1702800040.02878 906933884.900471 1245492422.06391 255286086.457656 170479343.933913 0 0
32 93565.6649831348 695751.891766934 1.49875604752581 2856866.97602136 3342732.52180474 1737561.38611338 2408480.34611982 522915.501437803 309852.696666982 36975.3466771899 363434.335016866 1516783717.46189 1703551133.2653 907324305.191842 1246033594.08005 255403582.635958 170548966.095801 0 0
33 93565.6649831348 695751.891878093 1.49884427942108 2332722.69135747 2729447.35271223 1418774.10010109 1966600.75608652 426977.12777839 253004.575487791 36975.3466771899 363434.335016866 1517307861.74655 1704164418.43439 907643092.477854 1246475473.67008 255499521.009617 170605814.21698 0 0
34 93565.6649831348 695751.891924207 1.49891080259949 1904737.72006389 2228675.25012763 1158471.40970693 1605788.22948061 348639.572074797 206585.789243518 36975.3466771899 363434.335016866 1517735846.71785 1704665190.53698 907903395.168249 1246836286.19669 255577858.565321 170652233.003224 0 0
35 93565.6649831348 695751.891943295 1.49896095551896 1555275.36200574 1819780.05156491 945926.581978343 1311174.15463702 284674.646255218 168683.480547746 36975.3466771899 363434.335016866 1518085309.07591 1705074085.73554 908115939.995977 1247130900.27153 255641823.491141 170690135.31192 0 0
36 93565.6649831348 695751.891951205 1.49899876686141 1269927.03812481 1485902.72010874 772376.244027998 1070611.38582985 232445.031394242 137734.910528205 36975.3466771899 363434.335016866 1518370657.39979 1705407963.067 908289490.333927 1247371463.04034 255694053.106001 170721083.88194 0 0
37 93565.6649831348 695751.891954344 1.49902726918169 1036937.65857184 1213288.98527134 630670.888936686 874189.800149489 189799.098187966 112465.13487705 36975.3466771899 363434.335016866 1518603646.77934 1705680576.80183 908431195.689019 1247567884.62602 255736699.039208 170746353.657591 0 0
38 93565.6649831348 695751.891955799 1.49904875907353 846690.852269119 990687.025874807 514961.789690011 713802.320530015 154976.684351507 91831.1724069894 36975.3466771899 363434.335016866 1518793893.58564 1705903178.76123 908546904.788265 1247728272.10564 255771521.453044 170766987.620061 0 0
39 93565.6649831348 695751.891956396 1.49906495986934 691348.579725137 808925.792046908 420481.809813795 582841.091503939 126543.13003357 74982.9178476668 36975.3466771899 363434.335016866 1518949235.85819 1706084939.99506 908641384.768142 1247859233.33467 255799955.007362 170783835.87462 0 0
40 93565.6649831348 695751.891956648 1.49907717321108 564507.020507145 660512.369695375 343336.112341198 475907.375299489 103326.292113451 61225.8197737921 46712.8242809914 363434.335016866 1519076077.4174 1706233353.41741 908718530.465614 1247966167.05087 255823171.845282 170797592.972694 0 0
41 93565.6649831348 695751.891956748 1.49908638037016 460937.928561714 539329.348292705 280344.850770515 388593.50156658 84369.2023705023 49992.8282834657 46712.8242809914 363434.335016866 1519179646.50935 1706354536.43881 908781521.727185 1248053480.9246 255842128.935025 170808825.964184 0 0
42 93565.6649831348 695751.891956789 1.49909332154312 376369.579832389 440378.514394752 228909.940264431 317298.195369984 68889.972552407 40820.6368141423 46712.8242809914 363434.335016866 1519264214.85807 1706453487.27271 908832956.637691 1248124776.2308 255857608.164843 170817998.155654 0 0
43 93565.6649831348 695751.891956806 1.49909855424301 307317.02760662 359582.238622696 186911.818067237 259083.474040259 56250.724636501 33331.2718214852 46712.8242809914 363434.335016866 1519333267.4103 1706534283.54848 908874954.759888 1248182990.95213 255870247.412759 170825487.520646 0 0
44 93565.6649831348 695751.891956814 1.49910249907955 250933.186618279 293609.233733797 152618.872079764 211549.103697162 45930.3335469346 27215.941522484 46712.8242809914 363434.335016866 1519389651.25129 1706600256.55337 908909247.705875 1248230525.32247 255880567.803849 170831602.850945 0 0
45 93565.6649831348 695751.891956817 1.49910547259122 204895.291723642 239741.703396751 124618.384434283 172736.878290405 37503.6447665221 22222.7213264773 46712.8242809914 363434.335016866 1519435689.14618 1706654124.08371 908937248.193521 1248269337.54788 255888994.492629 170836596.071141 0 0
46 93565.6649831348 695751.891956818 1.49910771446344 167303.181401543 195756.326831563 101754.666989112 141044.867552812 30622.8563419376 18145.5217737957 46712.8242809914 363434.335016866 1519473281.2565 1706698109.46027 908960111.910966 1248301029.55862 255895875.281054 170840673.270694 0 0
47 93565.6649831348 695751.891956818 1.49910940452788 136608.086098327 159840.936233695 83085.750028821 115167.382048384 25004.484437721 14816.3649968158 46712.8242809914 363434.335016866 1519503976.35181 1706734024.85087 908978780.827926 1248326907.04412 255901493.652958 170844002.427471 0 0
48 93565.6649831348 695751.891956819 1.49911067859091 111544.633085709 130514.957741451 67842.0272643675 94037.6499000377 20416.9176346954 12098.0100405198 56450.3018847929 363434.335016866 1519529039.80482 1706763350.82936 908994024.550691 1248348036.77627 255906081.219761 170846720.782427 0 0
49 93565.6649831348 695751.891956819 1.4991116390536 91079.7394297143 106569.612664713 55395.1722704068 76784.731031362 16671.0623961364 9878.40984928376 56450.3018847929 363434.335016866 1519549504.69848 1706787296.17444 909006471.405685 1248365289.69514 255909827.075 170848940.382618 0 0
50 93565.6649831348 695751.891956819 1.49911236312855 74369.3264059372 87017.2703483896 45231.8119670309 62697.0252749807 13612.420156612 8066.01655925832 56450.3018847929 363434.335016866 1519566215.1115 1706806848.51675 909016634.765988 1248379377.4009 255912885.717239 170850752.775908 0 0
51 93565.6649831348 695751.891956819 1.49911290897876 60724.7810670184 71052.205880053 36933.1283702902 51193.9978129555 11114.9485110375 6586.14395631804 56450.3018847929 363434.335016866 1519579859.65684 1706822813.58122 909024933.449585 1248390880.42836 255915383.188885 170852232.648511 0 0
52 93565.6649831348 695751.891956819 1.49911332048233 49583.5292271984 58016.168440729 30156.960928012 41801.3707454022 9075.674949698 5377.77585385153 56450.3018847929 363434.335016866 1519591000.90868 1706835849.61866 909031709.617028 1248400273.05542 255917422.462446 170853441.016614 0 0
53 93565.6649831348 695751.891956818 1.49911363066248 40486.600523328 47372.1308701329 24624.1614729654 34132.2093258397 7410.59040965646 4391.132823588 56450.3018847929 363434.335016866 1519600097.83738 1706846493.65623 909037242.416483 1248407942.21684 255919087.546986 170854427.659644 0 0
54 93565.6649831348 695751.891956818 1.49911386452072 33058.5296287742 38680.7726928348 20106.3700363952 27869.9776891281 6050.97043114748 3585.49230303553 56450.3018847929 363434.335016866 1519607525.90828 1706855185.01441 909041760.207919 1248414204.44848 255920447.166965 170855233.300165 0 0
55 93565.6649831348 695751.891956818 1.49911404081731 26993.2850288873 31584.0158095381 16417.4566559154 22756.6761123144 4940.7995873829 2927.66244571502 56450.3018847929 363434.335016866 1519613591.15288 1706862281.77129 909045449.1213 1248419317.75006 255921557.337808 170855891.130022 0 0
56 93565.6649831348 695751.891956819 1.49911417372301 22040.8334550321 25789.3039529701 13405.3497942542 18581.5141671293 4034.31226409299 2390.52491423333 56450.3018847929 363434.335016866 1519618543.60445 1706868076.48315 909048461.228161 1248423492.912 255922463.825132 170856428.267553 0 0
57 93565.6649831348 695751.891956818 1.49911427392826 17997.0013837841 21057.7399387076 10945.870050219 15172.363461704 3294.13692760888 1951.93526947163 56450.3018847929 363434.335016866 1519622587.43652 1706872808.04716 909050920.707905 1248426902.06271 255923204.000468 170856866.857198 0 0
58 93565.6649831348 695751.891956818 1.49911434945394 14695.088904616 17194.2733086864 8937.62966931118 12388.6877157092 2689.76114314288 1593.81341976149 56450.3018847929 363434.335016866 1519625889.349 1706876671.51379 909052928.948286 1248429685.73846 255923808.376253 170857224.979048 0 0
59 93565.6649831348 695751.891956819 1.49911440638317 11998.9826765974 14039.6420128361 7297.8438080916 10115.7366417753 2196.27098347246 1301.39665963091 56450.3018847929 363434.335016866 1519628585.45523 1706879826.14509 909054568.734147 1248431958.68953 255924301.866412 170857517.395808 0 0
60 93565.6649831348 695751.891956819 1.49911444930668 9797.52966039008 11463.7892852619 5958.90860865443 8259.80272292492 1793.3212075382 1062.62945087293 56450.3018847929 363434.335016866 1519630786.90825 1706882401.99782 909055907.669347 1248433814.62345 255924704.816188 170857756.163017 0 0
61 93565.6649831348 695751.891956819 1.49911448166367 7999.97740438572 9360.52846275162 4865.62795688817 6744.37714796896 1464.30065908472 867.66888092072 56450.3018847929 363434.335016866 1519632584.4605 1706884505.25864 909057000.949999 1248435330.04902 255925033.836737 170857951.123587 0 0
62 93565.6649831348 695751.891956819 1.49911450605765 6532.22143445284 7643.1521704888 3972.93112535964 5506.98617521653 1195.64539601235 708.477658805743 56450.3018847929 363434.335016866 1519634052.21647 1706886222.63493 909057893.64683 1248436567.44 255925302.492 170858110.314809 0 0
63 93565.6649831348 695751.891956818 1.4991145244469 5333.75419347011 6240.86236967709 3244.0171024346 4496.61893739882 976.28023006821 578.493200445453 56450.3018847929 363434.335016866 1519635250.68371 1706887624.92473 909058622.560853 1248437577.80723 255925521.857166 170858240.299267 0 0
64 93565.6649831348 695751.891956819 1.49911453830847 4355.17037977762 5095.85143049181 2648.83732612047 3671.62431843629 797.162108737767 472.357060354831 56450.3018847929 363434.335016866 1519636229.26752 1706888769.93567 909059217.740629 1248438402.80185 255925700.975287 170858346.435407 0 0
65 93565.6649831348 695751.891956819 1.49911454875894 3556.12712474833 4160.91539835116 2162.85505343279 2997.99128210998 650.906750024486 385.69369471602 56450.3018847929 363434.335016866 1519637028.31078 1706889704.8717 909059703.722902 1248439076.43489 255925847.230646 170858433.098773 0 0
66 93565.6649831348 695751.891956818 1.49911455663803 2903.68440723112 3397.51216370116 1766.035991809 2447.94975924648 531.484875063722 314.930464527058 56450.3018847929 363434.335016866 1519637680.7535 1706890468.27494 909060100.541964 1248439626.47641 255925966.652521 170858503.862003 0 0
67 93565.6649831348 695751.891956819 1.49911456257644 2370.94542364902 2774.17060072328 1442.02136511516 1998.82441237569 433.973344049682 257.150171615967 56450.3018847929 363434.335016866 1519638213.49248 1706891091.6165 909060424.55659 1248440075.60176 255926064.164052 170858561.642296 0 0
68 93565.6649831348 695751.891956819 1.49911456705427 1935.94799026682 2265.19343109205 1177.45365872655 1632.10003293935 354.352240613499 209.970821331902 56450.3018847929 363434.335016866 1519638648.48991 1706891600.59367 909060689.124297 1248440442.32614 255926143.785155 170858608.821646 0 0
69 93565.6649831348 695751.891956817 1.49911457043073 1580.75959021162 1849.59836621934 961.426222408601 1332.65862111202 289.339230949878 171.44747232557 56450.3018847929 363434.335016866 1519639003.67831 1706892016.18874 909060905.151733 1248440741.76755 255926208.798165 170858647.344995 0 0
70 93565.6649831348 695751.891956821 1.49911457297494 1290.73760230118 1510.25252367094 785.033337634241 1088.15572206642 236.254157507859 139.992001769529 56450.3018847929 363434.335016866 1519639293.7003 1706892355.53458 909061081.544618 1248440986.27045 255926261.883238 170858678.800466 0 0
71 93565.6649831348 695751.891956819 1.49911457489313 1053.92594475923 1233.1664584631 641.003253146565 888.511766744361 192.908601803222 114.30766598931 56450.3018847929 363434.335016866 1519639530.51196 1706892632.62064 909061225.574702 1248441185.9144 255926305.228794 170858704.484802 0 0
72 93565.6649831348 695751.891956813 1.4991145763388 860.562138347288 1006.9173927354 523.398378186237 725.496501664484 157.515658191043 93.3356370648232 56450.3018847929 363434.335016866 1519639723.87577 1706892858.86971 909061343.179577 1248441348.92967 255926340.621738 170858725.456831 0 0
