"Time" "IECs" "pheme_e" "BiomassCD" "pro_L_e" "leu_L_e" "ile_L_e" "val_L_e" "trp_L_e" "cys_L_e" "Drug" "Damage" "pro_L_v" "leu_L_v" "ile_L_v" "val_L_v" "trp_L_v" "cys_L_v" "CD" "pheme_c"
0 457000 1e+05 0.4963 224235600.199112 195370466.451958 120509812.093413 157438605.791629 18978882.6152 31300034.1459915 0 0 0 0 0 0 0 0 45700000 1000
1 361487.259518537 138880.686597844 0.594123777971126 320693092.806643 345677629.520918 188609334.666729 256718500.945094 49376308.7541802 37397576.4453142 0 95512.7404814636 245446335.56883 246930324.593446 140031586.432463 188086297.279154 31876474.6313281 30579350.0455593 48532264.051787 809.226188290465
2 281327.33762571 223449.429514587 0.697812006071891 367892642.872427 414188657.183922 220646138.576354 302872587.345959 62524935.3183894 40981078.2215225 0 175672.662374291 484962131.642751 511804412.08271 282527276.418817 383003187.131081 70991330.7359144 57777258.2761966 52252899.6786606 1132.10165922238
3 214359.970438239 310286.984495063 0.803528990485653 401553965.77881 459225025.720504 242503305.684137 333939986.059728 70581047.6170605 44004899.1573444 0 242640.029561761 690547389.162902 745285323.678818 406305870.839043 553207780.59525 106596775.784415 80468906.3403634 57057133.9903071 1387.16803984577
4 158967.837479638 386052.797589665 0.907130843687305 431681376.419765 497397228.548248 261482974.726144 360697981.081839 77031316.010035 46997717.1888292 0 298032.162520363 857944552.208735 937489001.825897 507564473.905918 692770985.362003 136260562.042726 98746667.3649815 63165451.1895934 1546.07574181509
5 113926.332957132 446437.86478667 1.00479477903639 460900430.494456 533538305.818979 279598656.511863 386190388.257361 82935742.5481825 50061413.8857864 0 343073.667042869 988847970.224331 1088675541.86427 586919683.791107 802305784.502393 159721016.704256 112978908.404666 70824616.6502258 1627.29530040304
6 78242.0522755135 490070.871414585 1.09354994055296 489140860.690365 568352516.079246 296969769.795377 410716016.031783 88522673.4234135 53126525.7028351 0 378757.947724487 1086802554.14072 1202272254.95885 646367437.658172 884466472.64994 177397345.378603 123616560.369359 80308678.5311988 1651.19329416585
7 50990.3800070651 516856.896536488 1.17156406526285 515147712.49288 600826147.267679 312903379.97894 433411165.479424 93684616.0575168 56040640.4583099 0 406009.619992936 1156277585.52371 1283138328.73489 688557470.624271 942856344.475221 189999713.694443 131167087.764969 91917616.5631204 1632.71325255191
8 31176.3733645076 527634.526780406 1.23815242826406 537242452.931422 629324213.363281 326412221.28853 452991615.423354 98190043.4287854 58624272.4057997 9737.47760380151 425823.626635493 1202408827.31426 1337046716.26569 716581664.568182 981706399.45941 198408154.50977 136192034.368221 105972241.673284 1582.35590369149
9 30387.9629663455 688483.922235797 1.29357890991669 505477760.319422 592253109.06862 307115978.676169 426257606.995689 92408082.605672 55168397.9230014 6513.28278639563 426612.037033655 1236847433.82067 1377396819.40631 737505710.746567 1010747466.73564 204703892.916759 139950658.443913 1126.1033708543 36.9302400996571
10 30387.9430865038 761979.929755576 1.33875785608689 473274098.738175 554521049.510665 287549818.141688 399101011.43696 86520823.944419 51653655.185197 6476.2981756198 426612.056913497 1269051162.85911 1415128961.64452 757071912.347037 1037904120.48194 210591164.533021 143465408.815577 0.223836738419351 0.367260232677286
11 30387.9430825149 793081.658858229 1.37495912760176 443122054.284065 519192804.46229 269230170.13541 373674495.448659 81008627.6575741 48362827.9214811 6475.93440754014 426612.056917486 1299203207.32677 1450457206.70949 775391560.36157 1063330636.48193 216103360.822466 146756236.080825 4.58997570538215e-05 0.00358588258411966
12 30387.9430825141 806243.08338024 1.40357105152443 414890980.737851 486115303.341021 252077657.277 349867889.432627 75847610.499505 45281657.5334259 6475.93085669691 426612.056917487 1327434280.87299 1483534707.83076 792544073.219982 1087137242.49796 221264377.980535 149837406.468881 4.55419287659673e-08 3.50593652982722e-05
13 30387.9430825141 811812.490031495 1.42594019061793 388458494.54745 455145153.014656 236017922.300276 327577990.193443 71015399.1230667 42396786.9457305 6475.93082196256 426612.056917487 1353866767.06339 1514504858.15713 808603808.196706 1109427141.73715 226096589.356974 152722277.056576 4.71466610507653e-08 3.25162847007419e-07
14 30387.9430825141 814169.556919572 1.44328049780344 363710007.502389 426148093.917962 220981344.198784 306708168.16524 66491045.2735145 39695709.8751905 6475.93082163348 426612.056917487 1378615254.10845 1543501917.25382 823640386.298197 1130296963.76535 230620943.206526 155423354.127116 5.70087553513919e-08 -3.72509209707745e-09
15 30387.9430825141 815167.067854084 1.45663405344246 340538233.532552 398998422.184283 206902738.568745 287167951.506832 62254935.6248518 37166717.002224 6475.93082163336 426612.056917487 1401787028.07829 1570651588.9875 837718991.928237 1149837180.42376 234857052.855188 157952347.000082 -1.71376708034396e-07 -3.69245635776831e-09
16 30387.9430825141 815588.979002101 1.46686527514114 318842721.092436 373578441.754219 193721073.49711 268872631.772276 58288706.2934293 34798844.9347754 16213.4084254349 426612.056917487 1423482540.51841 1596071569.41756 850900656.999871 1168132500.15831 238823282.186611 160320219.067531 0 0
17 30387.9430825141 815767.605762297 1.47467457468004 298529359.28921 349777885.720705 181379169.497002 251742847.440169 54575152.5515607 32581822.3065891 16213.4084254349 426612.056917487 1443795902.32164 1619872125.45107 863242560.999979 1185262284.49042 242536835.92848 162537241.695717 0 0
18 30387.9430825141 815843.111239131 1.48061517649254 279510318.7715 327493847.070167 169823663.593175 235704534.066542 51098218.0212026 30506063.3257462 16213.4084254349 426612.056917487 1462814942.83935 1642156164.10161 874798066.903806 1201300597.86404 246013770.458838 164613000.67656 0 0
19 30387.9430825141 815875.064720765 1.4851255959252 261702897.869497 306629426.739545 159004308.264845 220687951.261724 47842783.7329617 28562541.8411286 16213.4084254349 426612.056917487 1480622363.74135 1663020584.43223 885617422.232136 1216317180.66886 249269204.747079 166556522.161178 0 0
20 30387.9430825141 815888.759377296 1.48854402193045 245029990.269372 287094281.576356 148874255.59327 206628077.069262 44794753.6232217 26742842.384918 16213.4084254349 426612.056917487 1497295271.34147 1682555729.59542 895747474.90371 1230377054.86132 252317234.856819 168376221.617388 0 0
21 30387.9430825141 815894.485041214 1.49113149867529 229419311.168731 268803717.648281 139389587.092658 193463955.400871 41940913.0650286 25039075.7143524 16213.4084254349 426612.056917487 1512905950.44212 1700846293.5235 905232143.404323 1243541176.52972 255171075.415012 170079988.287954 0 0
22 30387.9430825141 815896.871426033 1.49308818058512 214803175.651993 251678430.572249 130509179.056431 181138509.145549 39268888.3521512 23443854.6233708 16213.4084254349 426612.056917487 1527522085.95885 1717971580.59953 914112551.44055 1255866622.78504 257843100.127889 171675209.378935 0 0
23 30387.9430825141 815897.882487384 1.49456665684197 201118236.159451 235644197.914817 122194543.049828 169598318.783363 36767098.7049197 21950265.2896984 16213.4084254349 426612.056917487 1541207025.4514 1734005813.25696 922427187.447152 1267406813.14722 260344889.775121 173168798.712608 0 0
24 30387.9430825141 815898.28721371 1.49568330712312 188305142.829425 220631481.225278 114409619.542067 158793335.959906 34424694.1762379 20551830.2042159 25950.8860292364 426612.056917487 1554020118.78142 1749018529.9465 930212110.954914 1278211795.97068 262687294.303802 174567233.79809 0 0
25 30387.9430825141 815898.452421253 1.49652648473441 176308330.952462 206575177.002121 107120648.768685 148676704.251381 32231516.7953714 19242484.9734772 25950.8860292364 426612.056917487 1566016930.65838 1763074834.16966 937501081.728296 1288328427.6792 264880471.684669 175876579.028829 0 0
26 30387.9430825141 815898.521858714 1.49716225128268 165076081.207008 193414687.269365 100296207.329277 139204809.959938 30178111.5798345 18016584.8938972 25950.8860292364 426612.056917487 1577249180.40384 1776235323.90241 944325523.167704 1297800321.97065 266933876.900205 177102479.108409 0 0
27 30387.9430825141 815898.55231619 1.4976422742487 154559192.005034 181092364.003795 93906401.5370167 130336162.533697 28255483.8224436 16868760.0500941 25950.8860292364 426612.056917487 1587766069.60581 1788557647.16798 950715328.959964 1306668969.39689 268856504.657596 178250303.952212 0 0
28 30387.9430825141 815898.564667454 1.4980043371447 144712333.219532 169555095.256815 87923689.9105249 122032536.133581 26455346.5707776 15794063.0621958 25950.8860292364 426612.056917487 1597612928.39131 1800094915.91496 956698040.586456 1314972595.797 270656641.909262 179325000.94011 0 0
29 30387.9430825141 815898.57066803 1.49827760612373 135492776.229188 158752817.185933 82322111.5799363 114257898.709603 24769888.4623897 14787830.4815207 25950.8860292364 426612.056917487 1606832485.38166 1810897193.98585 962299618.917045 1322747233.22098 272342100.01765 180331233.520785 0 0
30 30387.9430825141 815898.572672586 1.49848374491325 126860560.763135 148638709.541745 77077387.6577072 106978552.697153 23191804.2262547 13845701.0001967 25950.8860292364 426612.056917487 1615464700.84771 1821011301.63003 967544342.839274 1330026579.23343 273920184.253785 181273363.002109 0 0
31 30387.9430825141 815898.570204794 1.49863894010928 118778322.345914 139168993.490376 72166816.3983755 100162989.505358 21714263.1374046 12963596.6183149 25950.8860292364 426612.056917487 1623546939.26493 1830481017.6814 972454914.098606 1336842142.42523 275397725.342635 182155467.383991 0 0
32 30387.9430825141 815898.568478292 1.49875590065168 111211011.504468 130302602.616747 67569102.5955689 93781652.7308913 20330857.6842181 12137691.9978724 35688.3636330379 426612.056917487 1631114250.10638 1839347408.55503 977052627.901412 1343223479.1997 276781130.795822 182981372.004434 0 0
33 30387.9430825141 815898.571517781 1.49884417649795 104125831.487167 122001109.951828 63264319.7415988 87806885.6378709 19035592.1826267 11364407.665358 35688.3636330379 426612.056917487 1638199430.12368 1847648901.21995 981357410.755382 1349198246.29272 278076396.297413 183754656.336948 0 0
34 30387.9430825141 815898.572795179 1.49891067812319 97492184.3776446 114228664.835842 59233877.287543 82212885.7169235 17822872.9250054 10640404.1305577 35688.3636330379 426612.056917487 1644833077.2332 1855421346.33594 985387853.209438 1354792246.21367 279289115.555035 184478659.871749 0 0
35 30387.9430825141 815898.573355567 1.49896085614205 91281021.0140584 106951231.238176 55460125.6700142 76975156.4872485 16687389.3367329 9962510.93602764 35688.3636330379 426612.056917487 1651044240.59679 1862698779.9336 989161604.826967 1360029975.44334 280424599.143307 185156553.066279 0 0
36 30387.9430825141 815898.573582797 1.49899868440399 85465570.5881891 100137442.606742 51926799.5978094 72071122.7505292 15624247.3566492 9327806.28634229 35688.3636330379 426612.056917487 1656859691.02266 1869512568.56504 992694930.899172 1364934009.18006 281487741.123391 185791257.715964 0 0
37 30387.9430825141 815898.573693163 1.4990272250219 80020597.9487785 93757731.6725985 48618566.8075014 67479504.2921547 14628833.662189 8733535.98936407 35688.3636330379 426612.056917487 1662304663.66207 1875892279.49918 996003163.689479 1369525627.63844 282483154.817851 186385528.012942 0 0
38 30387.9430825141 815898.57373011 1.49904874828611 74922503.0070233 87784446.9203841 45521088.4597969 63180399.7075553 13696833.8420337 8177124.30546846 35688.3636330379 426612.056917487 1667402758.60382 1881865564.25139 999100642.037184 1373824732.22304 283415154.638006 186941939.696838 0 0
39 30387.9430825141 815898.573684874 1.49906494862232 70149218.5843624 82191732.8996353 42620957.0743392 59155200.2596231 12824213.7213227 7656162.79853915 35688.3636330379 426612.056917487 1672176043.02648 1887458278.27214 1002000773.42264 1377849931.67097 284287774.758717 187462901.203767 0 0
40 30387.9430825141 815898.573653047 1.49907715565664 65680044.9841688 76955336.3974068 39905596.0194965 55386450.3768781 12007189.1191506 7168392.28094078 45425.8412368394 426612.056917487 1676645216.62668 1892694674.77437 1004716134.47748 1381618681.55371 285104799.36089 187950671.721366 0 0
41 30387.9430825141 815898.573708893 1.49908636793443 61495615.8829567 72052566.4740231 37363238.7886901 51857818.8903176 11242219.6130237 6711699.09084777 45425.8412368394 426612.056917487 1680829645.72789 1897597444.69775 1007258491.70829 1385147313.04027 285869768.867017 188407364.911459 0 0
42 30387.9430825141 815898.573732362 1.49909330726252 57577854.1626165 67462242.7130339 34982902.1651352 48554061.7877705 10526000.4644036 6284110.27172589 45425.8412368394 426612.056917487 1684747407.44823 1902187768.45874 1009638828.33184 1388451070.14282 286585988.015637 188834953.730581 0 0
43 30387.9430825141 815898.573742659 1.49909854290023 53909606.6833702 63164267.2956544 32754164.3187829 45460714.2264472 9855395.85032674 5883753.71105137 45425.8412368394 426612.056917487 1688415654.92748 1906485743.87612 1011867566.17819 1391544417.70414 287256592.629714 189235310.291255 0 0
44 30387.9430825141 815898.573746834 1.49910248973898 50475063.1083801 59140115.7249814 30667419.2739531 42564443.7179653 9227515.43013504 5508903.85128882 45425.8412368394 426612.056917487 1691850198.50247 1910509895.4468 1013954311.22302 1394440688.21262 287884473.049906 189610160.151018 0 0
45 30387.9430825141 815898.573748861 1.49910546743032 47259319.7981014 55372325.8541027 28713611.9421629 39852682.3706267 8639634.61954079 5157934.09284171 45425.8412368394 426612.056917487 1695065941.81275 1914277685.31767 1015908118.55481 1397152449.55996 288472353.8605 189961129.909465 0 0
46 30387.9430825141 815898.573749541 1.49910771292175 44248438.7970299 51844566.9990979 26884273.961038 37313676.6315666 8089205.37419182 4829323.23193085 45425.8412368394 426612.056917487 1698076822.81382 1917805444.17268 1017737456.53594 1399691455.29902 289022783.105849 190289740.770376 0 0
47 30387.9430825141 815898.573748711 1.49910940304227 41429387.4255205 48541569.1605859 25171486.9917724 34936436.3459424 7573845.14624933 4521648.86757903 45425.8412368394 426612.056917487 1700895874.18533 1921108442.01119 1019450243.5052 1402068695.58465 289538143.333791 190597415.134728 0 0
48 30387.9430825141 815898.573748126 1.49911067653061 38789940.7099708 45449008.7041016 23567823.4380842 32710652.478583 7091319.04732287 4233576.75273408 55163.3188406409 426612.056917487 1703535320.90088 1924201002.46767 1021053907.05889 1404294479.452 290020669.432718 190885487.249573 0 0
49 30387.9430825141 815898.573749151 1.49911163758231 36318662.2212102 42553485.9090109 22066334.8040871 30626680.9554488 6639536.34547197 3963858.70294961 55163.3188406409 426612.056917487 1706006599.38964 1927096525.26276 1022555395.69289 1406378450.97513 290472452.134569 191155205.299358 0 0
50 30387.9430825141 815898.573749582 1.49911236150681 34004873.525124 39842489.174725 20660533.1332333 28675516.9020555 6216544.88037238 3711329.26219252 55163.3188406409 426612.056917487 1708320388.08573 1929807521.99705 1023961197.36374 1408329615.02853 290895443.599669 191407734.740115 0 0
51 30387.9430825141 815898.573749771 1.49911290769615 31838445.240047 37304150.2089228 19344264.0598742 26848618.4470468 5820492.86581808 3474882.89861739 55163.3188406409 426612.056917487 1710486816.3708 1932345860.96285 1025277466.4371 1410156513.48354 291291495.614223 191644181.10369 0 0
52 30387.9430825141 815898.573749848 1.49911331943392 29810040.0247765 34927528.7293086 18111854.4428598 25138111.6283188 5449673.31117412 3253500.52454517 55163.3188406409 426612.056917487 1712515221.58608 1934722482.44246 1026509876.05411 1411867020.30226 291662315.168867 191865563.477762 0 0
53 30387.9430825141 815898.573749885 1.499113630068 27910855.9378987 32702311.7654422 16957956.436915 23536573.9739252 5102477.10403511 3046221.48641812 55163.3188406409 426612.056917487 1714414405.67295 1936947699.40633 1027663774.06006 1413468557.95666 292009511.376006 192072842.515889 0 0
54 30387.9430825141 815898.573749898 1.49911386431743 26132661.3725401 30618854.5907373 15877568.7181434 22037063.961738 4777399.39676417 2852147.37761689 55163.3188406409 426612.056917487 1716192600.23831 1939031156.58103 1028744161.77883 1414968067.96884 292334589.083277 192266916.62469 0 0
55 30387.9430825141 815898.573749883 1.49911404063109 24467759.3524961 28668138.8893078 14866014.7912248 20633090.9112055 4473033.07934853 2670438.14170081 55163.3188406409 426612.056917487 1717857502.25835 1940981872.28246 1029755715.70575 1416372041.01938 292638955.400693 192448625.860606 0 0
56 30387.9430825141 815898.573749872 1.49911417348101 22908929.9543182 26841705.2936569 13918908.0064777 19318566.4292413 4188058.25338845 2500305.78829126 55163.3188406409 426612.056917487 1719416331.65653 1942808305.87811 1030702822.4905 1417686565.50134 292923930.226653 192618758.214016 0 0
57 30387.9430825141 815898.573749891 1.49911427371671 21449412.7088288 25131632.7650598 13032140.8674475 18087789.5698317 3921239.01485906 2341012.47235356 55163.3188406409 426612.056917487 1720875848.90202 1944518378.40671 1031589589.62953 1418917342.36075 293190749.465182 192778051.529954 0 0
58 30387.9430825141 815898.573749919 1.49911434932864 20082879.8563481 23530507.2575162 12201868.781434 16935424.2807924 3671418.56480876 2191867.57524309 55163.3188406409 426612.056917487 1722242381.7545 1946119503.91426 1032419861.71554 1420069707.64979 293440569.915232 192927196.427064 0 0
59 30387.9430825141 815898.573749892 1.49911440633219 18803402.5230642 22031382.0876194 11424489.5090776 15856470.8810901 3437513.02594823 2052224.01315719 55163.3188406409 426612.056917487 1723521859.08779 1947618629.08415 1033197240.9879 1421148661.04949 293674475.454093 193066839.98915 0 0
60 30387.9430825141 815898.573749718 1.49911444919827 17605430.8854566 20627754.6938065 10696631.1127457 14846249.3339633 3218507.81644205 1921476.07225852 55163.3188406409 426612.056917487 1724719830.72539 1949022256.47797 1033925099.38423 1422158882.59662 293893480.663599 193197587.930049 0 0
61 30387.9430825141 815898.573749235 1.49911448105465 16483792.2070008 19313564.3360241 10015150.7636825 13900397.5913214 3013457.29099221 1799059.19439881 55163.3188406409 426612.056917487 1725841469.40385 1950336446.83575 1034606579.73329 1423104734.33926 294098531.189049 193320004.807908 0 0
62 30387.9430825141 815898.573748323 1.49911450426852 15433635.9922469 18083127.8344094 9377101.41896241 13014825.3434574 2821474.71427136 1684443.99117478 55163.3188406409 426612.056917487 1726891625.6186 1951566883.33736 1035244629.07801 1423990306.58713 294290513.76577 193434620.011132 0 0
63 30387.9430825141 815898.573746865 1.4991145214532 14450399.0509035 16931098.6359264 8779710.59527843 12185684.5584053 2641725.87417098 1577132.43098385 55163.3188406409 426612.056917487 1727874862.55995 1952718912.53585 1035842019.9017 1424819447.37218 294470262.60587 193541931.571323 0 0
64 30387.9430825141 815898.573745789 1.49911453608292 13529779.7884502 15852436.6914485 8220364.74854398 11409347.8018127 2473424.38178203 1476655.03307332 55163.3188406409 426612.056917487 1728795481.8224 1953797574.48032 1036401365.74843 1425595784.12877 294638564.098259 193642408.969234 0 0
65 30387.9430825141 815898.57374818 1.49911454702004 12667805.228893 14842486.984308 7696649.99528725 10682464.7556675 2315843.92404947 1382578.18247758 55163.3188406409 426612.056917487 1729657456.38196 1954807524.18746 1036925080.50169 1426322667.17492 294796144.555991 193736485.819829 0 0
66 30387.9430825141 815898.573749123 1.49911455532534 11860746.0052553 13896879.9272081 7206300.46294362 10001890.5317615 2168302.72289912 1294494.85198685 55163.3188406409 426612.056917487 1730464515.6056 1955753131.24456 1037415430.03403 1427003241.39882 294943685.757142 193824569.15032 0 0
67 30387.9430825141 815898.573750439 1.49911456159862 11105104.1007121 13011516.9988771 6747190.84166719 9364675.33407464 2030161.29415328 1212023.26420112 55163.3188406409 426612.056917487 1731220157.51014 1956638494.17289 1037874539.65531 1427640456.59651 295081827.185888 193907040.738106 0 0
68 30387.9430825141 815898.573752055 1.49911456631208 10397603.7509821 12182560.0846746 6317330.85684554 8768056.78697418 1900820.78436645 1134805.8986072 55163.3188406409 426612.056917487 1731927657.85987 1957467451.0871 1038304399.64013 1428237075.14361 295211167.695675 193984258.1037 0 0
69 30387.9430825141 815898.57374961 1.49911456987109 9735177.87570871 11406415.5786485 5914857.02513772 8209448.49311519 1779720.49030083 1062508.01068478 55163.3188406409 426612.056917487 1732590083.73514 1958243595.59312 1038706873.47184 1428795683.43747 295332267.98974 194056555.991622 0 0
70 30387.9430825141 815898.573751142 1.49911457255259 9114954.80566218 10679718.8321958 5538024.59024498 7686428.84079907 1666335.43248146 994816.183298626 55163.3188406409 426612.056917487 1733210306.80519 1958970292.33958 1039083705.90673 1429318703.08978 295445653.047559 194124247.819008 0 0
71 30387.9430825141 815898.573746844 1.49911457457839 8534245.91427664 9999319.6623062 5185200.00813414 7196730.57393751 1560174.09407618 931436.976791001 55163.3188406409 426612.056917487 1733791015.69657 1959650691.50947 1039436530.48884 1429808401.35665 295551814.385965 194187627.025516 0 0
72 30387.9430825141 815898.573724424 1.49911457612849 7990534.18134227 9362268.95198365 4854853.99861528 6738231.14808061 1460776.33018582 872095.680810415 55163.3188406409 426612.056917487 1734334727.42951 1960287742.21979 1039766876.49836 1430266900.7825 295651212.149855 194246968.321497 0 0
