"Time" "IECs" "pheme_e" "BiomassCD" "pro_L_e" "leu_L_e" "ile_L_e" "val_L_e" "trp_L_e" "cys_L_e" "Drug" "Damage" "pro_L_v" "leu_L_v" "ile_L_v" "val_L_v" "trp_L_v" "cys_L_v" "CD" "pheme_c"
0 457000 1e+05 0.4963 224235600.199112 195370466.451958 120509812.093413 157438605.791629 18978882.6152 31300034.1459915 0 0 0 0 0 0 0 0 45700000 1000
1 400922.004998721 118052.334787776 0.594123778061775 219926356.364258 229826238.587999 127562218.143152 172605895.157384 31426426.0220528 26459839.1437348 0 56077.9950012787 204987227.949389 198772609.074277 115113283.028491 153530188.680916 24115022.1604367 26374145.0827478 48532264.0500613 691.234102420569
2 348548.002306372 168019.27979562 0.697812011024393 226681980.682782 252073274.114064 135183900.54153 185126916.671233 37471457.7919985 25602249.3168769 0 108451.997693628 385568219.193647 394349050.745694 221530894.625517 298521658.564608 52217358.8341587 47343351.9434677 52252899.3927931 852.563049069486
3 299457.608134813 224382.916562798 0.803528983104647 239175211.574203 272504812.159546 144202134.71668 198423378.677031 41705143.1250663 26315026.2099465 0 157542.391865187 548545122.533075 578084462.059727 319326251.47409 432807294.381178 79989918.2063613 65481286.412277 57057133.8538664 1003.3965686459
4 253418.365600406 278925.550999395 0.907130674706388 255820844.802196 294632547.368746 154960068.822328 213709664.371149 45630335.1992966 27838194.4838102 0 203581.634399594 696297373.102162 747433936.551123 408640904.210652 555856748.931897 106081357.086036 81637187.2716253 63165469.1398496 1116.89058542633
5 210401.3152229 328511.892049585 1.00479466230666 276044926.557661 319719834.168363 167571842.830735 231417184.140896 49782669.7592132 29904009.6412591 0 246598.6847771 829452582.664162 901254562.271555 489393955.690316 667304417.850032 129974840.211723 96089919.4591387 70824637.8376799 1197.11764165027
6 170580.551241428 371396.646624977 1.0935498622243 299421774.017214 348065171.612189 181957543.04169 251557600.767782 54339459.7106582 32391335.0865391 0 286419.448758572 947747672.020638 1038523782.22667 561246359.595963 766586393.089993 151379433.559503 108893767.382744 80308702.4241995 1250.96460705078
7 134306.604778878 406175.349832974 1.17156468722315 325329345.105294 379342547.482386 197813622.698515 273785100.692173 59304220.2692603 35207725.8714613 0 322693.395221122 1050466128.97479 1158109749.69422 623687037.803705 852957202.851049 170062930.047747 120006572.039441 91917657.1362231 1282.70798104882
8 102044.921257167 431609.949897758 1.23815285675174 352780649.679986 412668750.471883 214573191.069458 297379052.364699 64563027.6262408 38243483.2216878 9737.47760380151 354955.078742833 1136825718.88084 1258959888.47152 676206039.95402 925691720.78898 185835601.257645 129359301.161552 105972294.380578 1294.05549017811
9 99837.1003902024 572519.861446997 1.29357926250947 290421125.242427 339809332.936254 176647089.729989 244844104.419478 53166163.730289 31488745.2765841 5928.06046807956 357162.899609798 1206945307.56097 1341001632.99285 718855823.359975 984806346.187914 198671698.711678 136961842.31957 60421.5022047112 107.114636128274
10 99833.5555562271 637951.642538825 1.33875814078352 233949632.777035 273734556.933912 142298612.675304 197234960.73948 42828186.4761923 25365861.0348407 5789.86649347284 357166.444443773 1263429297.34342 1407091151.9597 753211907.723264 1032426070.64759 209011986.837844 143086087.777559 601.410470402822 2.53526397975372
11 99833.5191753154 665034.574587961 1.37495935399184 188450779.803141 220498276.756835 114624178.790817 158876428.985116 34498900.7983066 20432672.7963886 5786.98161369581 357166.480824684 1308928278.93012 1460327583.44499 780886419.896178 1070784711.14727 217341296.233013 148019289.986282 6.41841725173559 0.0415512322682291
12 99833.5187864286 676237.261136009 1.40357122933076 151800523.992274 177615364.536247 92331856.7368578 127977847.560423 27789490.8368677 16458888.8423902 5786.93631461425 357166.481213571 1345578536.119 1503210497.28296 803178742.788954 1101683293.73579 224050706.447979 151993074.089613 0.0688922755734737 0.000584024302762696
13 99833.518782251 680871.101531264 1.42594033831488 122278076.739962 143072399.24987 74374986.1113011 103088478.57341 22384939.1540241 13257933.6355006 5786.93569097709 357166.481217749 1375100983.38615 1537753462.58671 821135613.423539 1126572662.73531 229455258.133546 155194029.298106 0.000742185912993278 7.5767789260211e-06
14 99833.518782206 682787.812087028 1.44328060579106 98497213.6081019 115247418.39297 59910403.3152519 83039643.4527905 18031475.4062345 10679506.5486269 5786.93568298235 357166.481217794 1398881846.51817 1565578443.4438 835600196.219685 1146621497.85607 233808721.881365 157772456.384997 8.10041012388167e-06 9.3795308629146e-08
15 99833.5187822055 683580.558418192 1.45663405724289 79341367.9065209 92833974.5667811 48258962.6319384 66890002.8809772 14524694.3715142 8602544.4486788 5786.93568288405 357166.481217794 1418037692.21975 1587991887.26999 847251636.903 1162771138.42788 237315502.916086 159849418.484946 1.65256441838049e-07 1.22773734836387e-09
16 99833.5187822055 683908.557323064 1.46686525190325 63910925.6175206 74779467.5068706 38873478.6471337 53881122.943565 11699907.4516684 6929507.17750026 15524.4132866841 357166.481217794 1433468134.50875 1606046394.3299 856637120.887805 1175780018.3653 240140289.835932 161522455.756124 1.55861497920605e-08 0
17 99833.5187822055 684044.207169426 1.47467359615675 51481501.7834719 60236325.0512314 31313348.0850971 43402299.3738989 9424504.50403742 5581853.69199635 15524.4132866841 357166.481217794 1445897558.3428 1620589536.78554 864197251.449841 1186258841.93497 242415692.783563 162870109.241628 -5.64265771976492e-09 -1.00637641062396e-11
18 99833.5187822055 684100.376638779 1.48061529722399 41469244.6157349 48521406.947464 25223446.2184131 34961306.6299362 7591602.20896076 4496280.1811068 15524.4132866841 357166.481217794 1455909815.51054 1632304454.88931 870287153.316525 1194699834.67893 244248595.07864 163955682.752517 -5.64265771976492e-09 -1.10637641062397e-11
19 99833.5187822055 684123.556538903 1.48512622746294 33404218.2208093 39084861.1078578 20317937.0535488 28161957.7779309 6115171.35611102 3621834.10243751 15524.4132866841 357166.481217794 1463974841.90546 1641741000.72891 875192662.48139 1201499183.53093 245725025.931489 164830128.831187 -5.64265771976492e-09 -1.20637641062397e-11
20 99833.5187822055 684133.140939064 1.48854506624441 26907681.2259284 31483538.2914237 16366453.1764074 22684948.8761441 4925877.33694241 2917450.62965954 15524.4132866841 357166.481217794 1470471378.90034 1649342323.54535 879144146.358531 1206976192.43272 246914319.950658 165534512.303965 -5.64265771976492e-09 -1.30637641062397e-11
21 99833.5187822055 684137.107702902 1.49113275043172 21674662.2998062 25360604.4586282 13183497.4060267 18273168.9903104 3967890.31771399 2350063.41287016 15524.4132866841 357166.481217794 1475704397.82646 1655465257.37814 882327102.128912 1211387972.31856 247872306.969886 166101899.520754 -5.64265771976492e-09 -1.40637641062397e-11
22 99833.5187822055 684138.762652679 1.49308950428703 17459329.8116478 20428422.4289804 10619543.9679299 14719365.8518342 3196206.92378824 1893018.29186763 15524.4132866841 357166.481217794 1479919730.31462 1660397439.40779 884891055.567009 1214941775.45703 248643990.363812 166558944.641757 -5.64265771976492e-09 -1.50637641062397e-11
23 99833.5187822055 684139.448551864 1.4945680243054 14063800.3574567 16455457.2116107 8554231.34011484 11856710.7077876 2574601.46306934 1524859.86673318 15524.4132866841 357166.481217794 1483315259.76881 1664370404.62516 886956368.194824 1217804430.60108 249265595.824531 166927103.066891 -5.64265771976492e-09 -1.60637641062397e-11
24 99833.5187822055 684139.734458519 1.49568453631237 11328658.5953079 13255183.6659993 6890595.99356891 9550805.91716734 2073890.43165906 1228303.61615222 25261.8908904856 357166.481217794 1486050401.53096 1667570678.17077 888620003.54137 1220110335.3917 249766306.855941 167223659.317472 0 0
25 99833.5187822055 684139.851646898 1.49652733776123 9125459.08116663 10677313.2176058 5550511.67401297 7693363.50425219 1670559.85611273 989422.913061266 25261.8908904856 357166.481217794 1488253601.0451 1670148548.61916 889960087.860926 1221967777.80462 250169637.431487 167462540.020563 0 0
26 99833.5187822055 684139.900152748 1.4971633349239 7350719.7699599 8600765.90784246 4471035.98105711 6197141.2840925 1345665.70865159 796997.773284734 25261.8908904856 357166.481217794 1490028340.35631 1672225095.92893 891039563.553882 1223464000.02478 250494531.578948 167654965.16034 0 0
27 99833.5187822055 684139.920200587 1.49764314382666 5921136.76272382 6928071.37236106 3601499.76374934 4991908.57893822 1083957.89081716 641996.017109901 25261.8908904856 357166.481217794 1491457923.36354 1673897790.46441 891909099.771189 1224669232.72993 250756239.396783 167809966.916514 0 0
28 99833.5187822055 684139.92846981 1.4980050612223 4769575.21127712 5580677.96839254 2901068.60978791 4021066.28662174 873146.305057047 517138.58531743 25261.8908904856 357166.481217794 1492609484.91499 1675245183.86838 892609530.925151 1225640075.02224 250967050.982543 167934824.348307 0 0
29 99833.5187822055 684139.931835911 1.49827799046987 3841994.52069604 4495355.08437704 2336872.61637372 3239054.6235709 703337.964325114 416566.155940345 25261.8908904856 357166.481217794 1493537065.60557 1676330506.75239 893173726.918565 1226422086.6853 251136859.323275 168035396.777684 0 0
30 99833.5187822055 684139.933308594 1.49848382196954 3094796.25996363 3621090.04252773 1882393.27104886 2609117.23867557 566551.485109732 335551.592925763 25261.8908904856 357166.481217794 1494284263.86631 1677204771.79424 893628206.26389 1227052024.07019 251273645.80249 168116411.340698 0 0
31 99833.5187822055 684139.933917021 1.49863902747973 2492914.57710551 2916853.7744501 1516301.95691724 2101691.30737803 456367.507671546 270292.900439732 25261.8908904856 357166.481217794 1494886145.54916 1677909008.06232 893994297.578021 1227559450.00149 251383829.779928 168181670.033184 0 0
32 99833.5187822055 684139.934171678 1.49875605184721 2008088.17261622 2349578.93042813 1221408.88972446 1692950.69136961 367612.353402669 217725.862530503 34999.3684942871 357166.481217794 1495370971.95365 1678476282.90634 894289190.645214 1227968190.6175 251472584.934197 168234237.071094 0 0
33 99833.5187822055 684139.93427384 1.49884428290076 1617554.8542358 1892632.43325249 983869.0877834 1363705.36221973 296119.042396839 175382.500943697 34999.3684942871 357166.481217794 1495761505.27203 1678933229.40352 894526730.447155 1228297435.94665 251544078.245203 168276580.432681 0 0
34 99833.5187822055 684139.934316127 1.49891080519875 1302969.23592598 1524549.12362696 792524.068165821 1098488.9502737 238529.161100521 141273.727225379 34999.3684942871 357166.481217794 1496076090.89034 1679301312.71314 894718075.466772 1228562652.3586 251601668.126499 168310689.206399 0 0
35 99833.5187822055 684139.934333604 1.49896095745091 1049565.11540199 1228051.69359075 638392.367316471 884852.573700616 192139.522249958 113798.523963768 34999.3684942871 357166.481217794 1496329495.01086 1679597810.14318 894872207.167622 1228776288.73517 251648057.76535 168338164.409661 0 0
36 99833.5187822055 684139.934340813 1.49899876800897 845442.346118557 989216.285629471 514235.784753095 712763.624572227 154771.61549037 91666.6242740999 34999.3684942871 357166.481217794 1496533617.78015 1679836645.55114 894996363.750185 1228948377.6843 251685425.672109 168360296.30935 0 0
37 99833.5187822055 684139.934343748 1.49902727082389 681021.834833856 796834.80840507 414227.888249958 574146.295885844 124671.836045779 73839.420207394 34999.3684942871 357166.481217794 1496698038.29143 1680029027.02836 895096371.646688 1229086995.01298 251715525.451554 168378123.513417 0 0
38 99833.5187822055 684139.934345031 1.49904876032933 548575.438103516 641864.888551752 333668.075894882 462485.253322204 100425.424824548 59478.9920347603 34999.3684942871 357166.481217794 1496830484.68816 1680183996.94822 895176931.459044 1229198656.05555 251739771.862775 168392483.94159 0 0
39 99833.5187822055 684139.934345562 1.49906496081342 441887.475428078 517033.821544408 268775.693271764 372540.268517637 80894.5030385006 47911.4079954258 34999.3684942871 357166.481217794 1496937172.65084 1680308828.01522 895241823.841667 1229288601.04035 251759302.784561 168404051.525629 0 0
40 99833.5187822055 684139.934345782 1.49907717393054 355948.42326543 416480.176034285 216503.724482068 300087.982926584 65161.9980392076 38593.5132374537 44736.8460980886 357166.481217794 1497023111.703 1680409381.66073 895294095.810457 1229361053.32594 251775035.28956 168413369.420387 0 0
41 99833.5187822055 684139.934345872 1.49908638093534 286723.517226171 335483.045077229 174398.045667908 241726.824219855 52489.2822838948 31087.8406372539 44736.8460980886 357166.481217794 1497092336.60904 1680490378.79169 895336201.489271 1229419414.48465 251787708.005315 168420875.092987 0 0
42 99833.5187822055 684139.934345909 1.49909332196734 230960.898290534 270237.566146905 140480.730974715 194715.260899569 42281.051460983 25041.8091580169 44736.8460980886 357166.481217794 1497148099.22797 1680555624.27062 895370118.803964 1229466426.04797 251797916.236138 168426921.124467 0 0
43 99833.5187822055 684139.934345925 1.49909855456026 186043.150663434 217681.211866194 113159.751245691 156846.63892517 34058.146142422 20171.6269227935 44736.8460980886 357166.481217794 1497193016.9756 1680608180.6249 895397439.783693 1229504294.66994 251806139.141457 168431791.306702 0 0
44 99833.5187822055 684139.934345931 1.49910249928549 149860.885672128 175345.875879438 91152.0821037677 126342.604606525 27434.4093133943 16248.584617696 44736.8460980886 357166.481217794 1497229199.24059 1680650515.96089 895419447.452835 1229534798.70426 251812762.878286 168435714.349007 0 0
45 99833.5187822055 684139.934345934 1.49910547282676 120716.138488308 141244.841447995 73424.9455245445 101771.661673099 22099.0016118433 13088.5813342926 44736.8460980886 357166.481217794 1497258343.98778 1680684616.99532 895437174.589414 1229559369.64719 251818098.285987 168438874.35229 0 0
46 99833.5187822055 684139.934345935 1.4991077146428 97239.0387061375 113775.28122252 59145.1251611131 81978.9190786362 17801.1465576259 10543.0896225775 44736.8460980886 357166.481217794 1497281821.08756 1680712086.55554 895451454.409778 1229579162.38979 251822396.141041 168441419.844002 0 0
47 99833.5187822055 684139.934345935 1.49910940466302 78327.8111671821 91648.0547491064 47642.4721667535 66035.5077417669 14339.1467529702 8492.65011320815 44736.8460980886 357166.481217794 1497300732.3151 1680734213.78202 895462957.062772 1229595105.80113 251825858.140846 168443470.283511 0 0
48 99833.5187822055 684139.934345935 1.49911067871216 63094.4809109691 73824.1801312802 38376.880521539 53192.8062405086 11550.4443134998 6840.98460644665 54474.3237018901 357166.481217794 1497315965.64535 1680752037.65663 895472222.654417 1229607948.50263 251828646.843286 168445121.949018 0 0
49 99833.5187822055 684139.934345935 1.49911163914731 50823.8564065099 59466.8420462146 30913.3388023071 42847.8609728431 9304.11209894976 5510.54885145656 54474.3237018901 357166.481217794 1497328236.26986 1680766394.99471 895479686.196136 1229618293.4479 251830893.175501 168446452.384773 0 0
50 99833.5187822055 684139.934345935 1.49911236319934 40939.5212637472 47901.600086511 24901.2448230585 34514.7149278328 7494.62795716643 4438.84521620495 54474.3237018901 357166.481217794 1497338120.605 1680777960.23668 895485698.290115 1229626626.59394 251832702.659642 168447524.088408 0 0
51 99833.5187822055 684139.934345935 1.49911290903197 32977.5194803511 38585.5989818753 20058.399827078 27802.2226141486 6037.05739163833 3575.56952472931 54474.3237018901 357166.481217794 1497346082.60678 1680787276.23778 895490541.135111 1229633339.08626 251834160.230208 168448387.3641 0 0
52 99833.5187822055 684139.934345935 1.49911332051929 26563.9463670455 31081.3486898423 16157.3782871307 22395.1577330412 4862.95122535847 2880.18136546456 54474.3237018901 357166.481217794 1497352496.17989 1680794780.48807 895494442.156651 1229638746.15114 251835334.336374 168449082.752259 0 0
53 99833.5187822055 684139.934345935 1.49911363069869 21397.8251526266 25036.6890364655 13015.1126920575 18039.7770276935 3917.21089209327 2320.0474965015 54474.3237018901 357166.481217794 1497357662.30111 1680800825.14773 895497584.422246 1229643101.53184 251836280.076708 168449642.886128 0 0
54 99833.5187822055 684139.934345935 1.49911386454809 17236.3362040149 20167.5070522259 10483.9092988807 14531.3675421178 3155.38441110502 1868.84033184439 54474.3237018901 357166.481217794 1497361823.79006 1680805694.32971 895500115.625639 1229646609.94133 251837041.903188 168450094.093293 0 0
55 99833.5187822055 684139.934345935 1.4991140408375 13884.18175827 16245.2930953548 8444.97928794 11705.2803892276 2541.71943285656 1505.38481829272 54474.3237018901 357166.481217794 1497365175.9445 1680809616.54367 895502154.55565 1229649436.02848 251837655.568167 168450457.548806 0 0
56 99833.5187822055 684139.934345935 1.49911417372487 11183.9617101227 13085.8799683999 6802.58488713913 9428.8169053531 2047.40137444618 1212.61493546478 54474.3237018901 357166.481217794 1497367876.16455 1680812775.95679 895503796.950051 1229651712.49196 251838149.886225 168450750.318689 0 0
57 99833.5187822055 684139.934345935 1.49911427390247 9008.88109766885 10540.910256066 5479.60373912647 7595.08057999996 1649.21840933119 976.783008919985 54474.3237018901 357166.481217794 1497370051.24516 1680815320.92651 895505119.931199 1229653546.22829 251838548.06919 168450986.150616 0 0
58 99833.5187822055 684139.934345936 1.49911434943884 7256.81621324142 8490.89333283974 4413.91964497353 6117.97439618563 1328.47517491464 786.816331473558 54474.3237018901 357166.481217794 1497371803.31005 1680817370.94343 895506185.615293 1229655023.33447 251838868.812425 168451176.117293 0 0
59 99833.5187822055 684139.934345935 1.49911440637746 5845.49662483116 6839.5680502905 3555.49205447549 4928.13895692315 1070.11076523693 633.794776502453 54474.3237018901 357166.481217794 1497373214.62964 1680819022.26871 895507044.042884 1229656213.16991 251839127.176834 168451329.138848 0 0
60 99833.5187822055 684139.934345935 1.49911444930302 4708.65326487411 5509.39577888461 2864.01316175997 3969.70507017267 861.993577603907 510.533156577544 54474.3237018901 357166.481217794 1497374351.473 1680820352.44098 895507735.521777 1229657171.6038 251839335.294022 168451452.400468 0 0
61 99833.5187822055 684139.934345935 1.49911448166065 3792.90521893919 4437.91777126992 2307.01431115896 3197.66910649978 694.351389934704 411.243675228703 54474.3237018901 357166.481217794 1497375267.22104 1680821423.91899 895508292.520627 1229657943.63976 251839502.93621 168451551.689949 0 0
62 99833.5187822055 684139.934345935 1.49911450605435 3055.25309976838 3574.82226539312 1858.34135537659 2575.77974816872 559.312483168195 331.264147395184 54474.3237018901 357166.481217794 1497376004.87316 1680822287.0145 895508741.193583 1229658565.52912 251839637.975116 168451631.669477 0 0
63 99833.5187822055 684139.934345936 1.49911452444387 2461.06146948893 2879.58380217243 1496.92747459184 2074.83703807993 450.53629168522 266.83924465675 54474.3237018901 357166.481217794 1497376599.06479 1680822982.25296 895509102.607464 1229659066.47183 251839746.751308 168451696.09438 0 0
64 99833.5187822055 684139.934345935 1.49911453830737 1982.42926585842 2319.55653025764 1205.8019969386 1671.31854168227 362.915084015997 214.943809589993 54474.3237018901 357166.481217794 1497377077.697 1680823542.28023 895509393.732941 1229659469.99033 251839834.372515 168451747.989815 0 0
65 99833.5187822055 684139.934345935 1.4991145487579 1596.88246457477 1868.44454556335 971.295217348759 1346.27717512807 292.334633964294 173.141108393863 54474.3237018901 357166.481217794 1497377463.2438 1680823993.39222 895509628.239721 1229659795.03169 251839904.952966 168451789.792516 0 0
66 99833.5187822055 684139.934345937 1.4991145566365 1286.31756972794 1505.06571418859 782.39578127068 1084.45049808476 235.480809796725 139.468279419363 54474.3237018901 357166.481217794 1497377773.80869 1680824356.77105 895509817.139157 1229660056.85837 251839961.80679 168451823.465345 0 0
67 99833.5187822055 684139.934345935 1.499114562576 1036.1519406904 1212.35750589408 630.233875545261 873.544383297867 189.684028118989 112.344207827068 54474.3237018901 357166.481217794 1497378023.97432 1680824649.47926 895509969.301063 1229660267.76449 251840007.603571 168451850.589417 0 0
68 99833.5187822055 684139.934345933 1.49911456705353 834.639047395199 976.575803301226 507.664736091491 703.655731655873 152.793900506356 90.4952825149118 54474.3237018901 357166.481217794 1497378225.48721 1680824885.26096 895510091.870202 1229660437.65314 251840044.493699 168451872.438342 0 0
69 99833.5187822055 684139.934345941 1.49911457042969 672.316770455215 786.649381225636 408.933079405067 566.807352825869 123.078236100124 72.8955783601741 54474.3237018901 357166.481217794 1497378387.80949 1680825075.18738 895510190.601859 1229660574.50152 251840074.209363 168451890.038046 0 0
70 99833.5187822055 684139.934345932 1.49911457297386 541.56326901747 633.660246461908 329.40296155641 456.573532580002 99.1417361821219 58.7187014343334 54474.3237018901 357166.481217794 1497378518.56299 1680825228.17652 895510270.131977 1229660684.73534 251840098.145863 168451904.214923 0 0
71 99833.5187822055 684139.934345931 1.49911457489159 436.238970276973 510.424744875152 265.340020227476 367.778206357631 79.8604546833937 47.2989719117902 54474.3237018901 357166.481217794 1497378623.88729 1680825351.41202 895510334.194918 1229660773.53066 251840117.427145 168451915.634652 0 0
72 99833.5187822055 684139.934345949 1.49911457633783 351.398350458068 411.156328533028 213.736167035344 296.251971634824 64.329035126684 38.1001740803048 54474.3237018901 357166.481217794 1497378708.72791 1680825450.68043 895510385.798771 1229660845.0569 251840132.958564 168451924.83345 0 0
