"Time" "IECs" "pheme_e" "BiomassCD" "pro_L_e" "leu_L_e" "ile_L_e" "val_L_e" "trp_L_e" "cys_L_e" "Drug" "Damage" "pro_L_v" "leu_L_v" "ile_L_v" "val_L_v" "trp_L_v" "cys_L_v" "CD" "pheme_c"
0 457000 1e+05 0.4963 224235600.199112 195370466.451958 120509812.093413 157438605.791629 18978882.6152 31300034.1459915 0 0 0 0 0 0 0 0 45700000 1000
1 356414.341402332 141615.059551986 0.594123777947262 333958028.299583 360924935.973466 196644686.072335 267789446.865722 51738051.4145322 38837850.2183901 0 100585.658597669 250348514.38475 252781284.586195 143054719.035931 192280864.936143 32822258.7887992 31087076.8291061 48532264.0522912 824.732312292757
2 273218.967506919 230414.990361717 0.697812005408233 386214776.225349 435208195.921795 231730726.255365 318142741.915462 65770234.8015254 42978569.6057736 0 183781.032493082 495659880.537313 524507584.66889 289107417.901406 392125194.53671 73032633.006456 58893381.0175613 52252899.7070419 1167.26428104796
3 204797.927744867 320538.84257824 0.80352905160558 422402327.731315 483168366.968285 255115493.708005 351324179.484057 74277150.2464322 46280892.8841937 0 252202.072255134 703891707.055465 761110517.992774 414507268.840539 564575856.187928 109135008.440428 81864737.007769 57057130.968879 1433.01104285211
4 149164.261039622 398073.790502761 0.90713088542662 453938297.05571 523015512.289659 274950064.341162 379278140.165312 80987958.6159035 49430593.5464626 0 307835.738960378 870696677.811637 952643792.498511 515408080.126459 703648876.081694 138695650.788096 100078364.360314 63165448.489266 1594.28011708524
5 104775.119092746 458733.70077027 1.00479479163544 483798245.351874 559972750.930766 293455418.057429 405333907.115047 87019727.3935073 52570210.1622275 0 352224.880907254 998557862.890218 1100300995.21446 592912133.552871 810628991.562574 161603313.08427 113984178.25215 70824613.772377 1672.18918622461
6 70345.7695002497 501409.520367212 1.09354990964316 511959814.531529 594798170.994908 310778183.354559 429828867.908837 92607795.4001768 55636884.7946236 0 386654.230499751 1092014820.72095 1208667240.10551 649622776.681961 889008234.697477 178460151.636058 124138373.863272 80308676.439325 1689.46685302205
7 44676.2925618284 526388.962585535 1.1715639601944 537173049.808789 626485778.885786 326228047.701038 451903917.337656 97645553.2813814 58479283.2581484 0 412323.707438172 1156517918.03202 1283738986.80153 688787372.222975 943213786.076332 190154946.36803 131153054.544101 91917612.6803522 1662.88193164047
8 26517.6503134861 534944.562173737 1.2381523827844 557847094.284652 653501544.372213 338871209.518 470348172.36718 101917358.679681 60927176.3902214 9737.47760380151 430482.349686515 1198026623.81416 1332245014.42596 713999118.065195 978168486.651208 197717516.749944 135678080.035392 105972236.502713 1604.32223922998
9 26012.3560757542 697999.419877052 1.29357887249816 528870461.923862 619661078.624868 321271125.9546 445953938.620069 96641173.8586238 57770370.9801623 8529.45551953871 430987.643924247 1228702702.82328 1368186998.90803 732633806.062937 1004035077.93594 203322957.870665 139028918.43274 0.00360876199835464 761.80778012199
10 26012.3560757303 770853.731707303 1.33875782613035 499892417.468664 585708404.810897 303667932.658045 421519083.606058 91345978.8460492 54604997.7952683 8117.52554685184 430987.643924271 1257680747.27856 1402139672.7221 750236999.359541 1028469932.95002 208618152.883256 142194291.617643 -2.52705821238688e-08 349.877807801782
11 26012.3560757303 801728.054067673 1.37495910374287 472502147.554826 553616077.066039 287029259.317491 398423071.203496 86340919.8999535 51613062.7788692 7932.64596716674 430987.643924271 1285071017.1924 1434232000.46696 766875672.700095 1051565945.35258 213623211.829352 145186226.634042 -7.42472347426943e-09 164.99822811668
12 26012.3560757303 814812.022487208 1.40357103274482 446612654.327812 523282162.708741 271302257.644567 376592543.116399 81610099.7914488 48785062.850924 7846.40673321815 430987.643924271 1310960510.41941 1464565914.82426 782602674.373019 1073396473.43968 218354031.937856 148014226.561987 -7.4400473235037e-09 78.7589941680849
13 26012.3560757303 820356.759354668 1.4259401853253 422141706.737083 494610314.1735 256436975.02498 355958160.511341 77138492.3358193 46112015.6260706 7805.45679611176 430987.643924271 1335431458.01014 1493237763.3595 797467956.992606 1094030856.04474 222825639.393486 150687273.78684 -7.4400473235037e-09 37.8090570616992
14 26012.3560757303 822706.515652325 1.44328049070525 399011579.363123 467509463.002609 242386195.864666 336454383.791274 72911894.6680508 43585430.8847876 7785.84773706684 430987.643924271 1358561585.3841 1520338614.53039 811518736.15292 1113534632.76481 227052237.061254 153213858.528123 -7.4400473235037e-09 18.1999980167789
15 26012.3560757303 823702.296395929 1.45663404127316 377148805.543187 441893530.591275 229105291.621932 318019264.426329 68916882.1311844 41197283.6064568 7776.42003344459 430987.643924271 1380424359.20404 1545954546.94173 824799640.395654 1131969752.12975 231047249.598121 155602005.806454 -7.4400473235037e-09 8.77229439452503
16 26012.3560757303 824124.289079742 1.46686525372375 356483944.024105 417681154.781957 216552079.056834 300594248.19088 65140765.6364849 38939988.4800314 17509.3561924896 430987.643924271 1401089220.72312 1570166922.75104 837352852.960751 1149394768.3652 234823366.09282 157859300.93288 0 4.23084963806448
17 26012.3560757303 824303.121249693 1.47467367764086 336951359.013557 394795432.157291 204686686.619686 284123989.698472 61571551.4719311 36806375.8782685 17505.9442528248 430987.643924271 1420621805.73367 1593052645.37571 849218245.3979 1165865026.85761 238392580.257374 159992913.534643 0 0.818909973172236
18 26012.3560757303 824378.907030325 1.48061531780997 318489009.218623 373163670.863113 193471426.299021 268556174.514992 58197902.7529602 34789668.8136708 17505.2838730409 430987.643924271 1439084155.5286 1614684406.66988 860433505.718565 1181432842.04109 241766228.976345 162009620.599241 0 0.15853018930591
19 26012.3560757303 824411.023624794 1.48512623292109 301038254.571866 352717164.155419 182870676.214157 253841356.186313 55009104.1052788 32883461.826501 17505.1560329956 430987.643924271 1456534910.17536 1635130913.37758 871034255.803428 1196147660.36977 244955027.624026 163915827.58641 0 0.0306901440698187
20 26012.3560757303 824424.634033249 1.48854504527012 284543667.418891 333390969.174698 172850765.917947 239932797.027946 51995027.1629247 31081700.3601381 17505.1312842366 430987.643924271 1473029497.32833 1654457108.3583 881054166.099639 1210056219.52813 247969104.56638 165717589.052773 0 0.00594138506655418
21 26012.3560757303 824430.401859743 1.49113277595258 268952857.115625 315123701.432019 163379869.845487 226786320.222023 49146098.5167041 29378661.6012242 17505.1264931403 430987.643924271 1488620307.6316 1672724376.10098 890525062.172099 1223202696.33406 250818033.212601 167420627.811687 0 0.00115028867159997
22 26012.3560757303 824432.846159668 1.49308951902956 254216303.623342 297857339.837494 154427906.228662 214360169.501367 46453269.306799 27768936.3026676 17505.1255655145 430987.643924271 1503356861.12388 1689990737.6955 899477025.788924 1235628847.05471 253510862.422506 169030353.110244 0 0.000222662966143555
23 26012.3560757303 824433.882041564 1.49456802898113 240287200.20865 281537042.396742 145966441.541643 202614876.511035 43907986.4791341 26247411.6012112 17505.1253859312 430987.643924271 1517285964.53857 1706311035.13626 907938490.475942 1247374140.04504 256056145.250171 170551877.8117 0 4.30795919465826e-05
24 26012.3560757303 824434.320905092 1.49568454295141 227121306.237219 266110973.733879 137968601.078 191513136.681104 41502165.8861881 24809254.9375771 27242.6029550668 430987.643924271 1530451858.51001 1721737103.79912 915936330.939586 1258475879.87497 258461965.843117 171990034.475334 0 8.41367779357208e-06
25 26012.3560757303 824434.507433007 1.49652769191538 214676685.499368 251529998.495742 130408909.992241 181019588.577681 39228144.4708942 23449885.4728545 27242.6029475672 430987.643924271 1542896479.24786 1736318079.03726 923496022.025345 1268969427.97839 260735987.258411 173349403.940057 0 9.14105084127231e-07
26 26012.3560757303 824434.586075241 1.49716381171202 202913847.530876 237747846.933087 123263379.147481 171100933.067376 37078706.0903715 22164989.5254662 27242.6029467532 430987.643924271 1554659317.21635 1750100230.59991 930641552.870105 1278888083.4887 262885425.638934 174634299.887445 0 1.00095897829301e-07
27 26012.3560757303 824434.61871579 1.49764285233965 191796092.887325 224721519.447811 116509714.858068 161726224.459397 35047144.6083471 20950558.2866937 27242.6029467714 430987.643924271 1565777071.85991 1763126558.08519 937395217.159518 1288262792.09668 264916987.120958 175848731.126218 0 1.18252697453272e-07
28 26012.3560757303 824434.633963927 1.49800478899792 181287150.481753 212408518.334921 110125883.651182 152864878.262356 33126832.162852 19802629.738802 27242.6029465324 430987.643924271 1576286014.26548 1775439559.19808 943779048.366405 1297124138.29372 266837299.566453 176996659.674109 0 -1.20773523423544e-07
29 26012.3560757303 824434.639642111 1.49827774368781 171354026.72305 200770186.029423 104091843.023168 144489073.633601 31311739.7929132 18717599.8763955 27242.6029465467 430987.643924271 1586219138.02418 1787077891.50358 949813088.994418 1305499942.92247 268652391.936392 178081689.536516 0 -1.06456712511273e-07
30 26012.3560757303 824434.642125658 1.4984835321537 161965186.798593 189769574.171726 98388436.6295397 136572219.801087 29596105.1020106 17692024.0415565 27242.6029465467 430987.643924271 1595607977.94864 1798078503.36127 955516495.388046 1313416796.75499 270368026.627294 179107265.371355 0 -1.06456712511273e-07
31 26012.3560757303 824434.64348544 1.49863869896683 153090808.808057 179371741.368327 92997548.6627679 129089170.353995 27974478.6962726 16722644.683771 27242.6029465467 430987.643924271 1604482355.93917 1808476336.16467 960907383.354818 1320899846.20208 271989653.033032 180076644.72914 0 -1.06456712511273e-07
32 26012.3560757303 824434.643971973 1.49875575639292 144702672.720635 169543623.086441 87902036.3975086 122016129.609274 26441703.8934873 15806379.2303372 36980.0805503482 430987.643924271 1612870492.02659 1818304454.44656 966002895.620077 1327972886.9468 273522427.835818 180992910.182574 0 0
33 26012.3560757303 824434.643891871 1.49884408968302 136774041.3392 160253892.183401 83085657.8803067 115330552.238294 24992894.9715314 14940307.0836639 36980.0805503482 430987.643924271 1620799123.40803 1827594185.3496 970819274.137279 1334658464.31778 274971236.757774 181858982.329247 0 0
34 26012.3560757303 824434.64385875 1.49891056751842 129280126.134861 151473504.710537 78533354.9085201 109011536.067675 23623522.2909135 14121720.50601 36980.0805503482 430987.643924271 1628293038.61236 1836374572.82246 975371577.109066 1340977480.4884 276340609.438392 182677568.906901 0 0
35 26012.3560757303 824434.643843248 1.49896077137239 122196574.216415 143173927.142313 74230333.9148375 103038546.262271 22329135.8167722 13347959.3458626 36980.0805503482 430987.643924271 1635376590.53081 1844674150.39069 979674598.102748 1346950470.2938 277634995.912533 183451330.067048 0 0
36 26012.3560757303 824434.643837445 1.49899861293088 115501162.850841 135329121.793312 70163095.3318347 97392844.1780632 21105674.7607667 12616596.1363406 36980.0805503482 430987.643924271 1642072001.89638 1852518955.73969 983741836.685751 1352596172.37801 278858456.968539 184182693.276571 0 0
37 26012.3560757303 824434.643834882 1.49902715734368 109172590.675488 127914130.519137 66318699.2937868 92056468.0885881 19949246.697739 11925304.0550719 36980.0805503482 430987.643924271 1648400574.07174 1859933947.01386 987586232.723799 1357932548.46749 280014885.031566 184873985.357839 0 0
38 26012.3560757303 824434.643833131 1.49904870592201 103190759.305677 120905404.667279 62684936.7038721 87012470.6419836 18856179.0242297 11271887.6851773 36980.0805503482 430987.643924271 1654382405.44155 1866942672.86572 991219995.313713 1362976545.91409 281107952.705076 185527401.727734 0 0
39 26012.3560757303 824434.64383287 1.49906495413203 97536667.2709844 114280680.805568 59250264.804011 82244829.4259871 17822999.5773201 10654271.4295598 36980.0805503482 430987.643924271 1660036497.47624 1873567396.72743 994654667.213575 1367744187.13009 282141132.151985 186145017.983351 0 0
40 26012.3560757303 824434.643835563 1.49907715939827 92192392.2918833 108018959.956248 56003796.4085157 77738432.0232486 16846433.3960196 10070497.5749195 46717.5581541497 430987.643924271 1665380772.45534 1879829117.57675 997901135.60907 1372250584.53282 283117698.333286 186728791.837992 0 0
41 26012.3560757303 824434.643834198 1.49908637302726 87140939.785711 102100330.095147 52935207.8765326 73478948.268597 15923375.038569 9518709.74353129 46717.5581541497 430987.643924271 1670432224.96151 1885747747.43785 1000969724.14105 1376510068.28747 284040756.690737 187280579.66938 0 0
42 26012.3560757303 824434.643833634 1.49909330638941 82366446.1250825 96506204.3032271 50034862.5847322 69453001.6405163 15050925.7241088 8997175.09587186 46717.5581541497 430987.643924271 1675206718.62214 1891341873.22977 1003870069.43285 1380536014.91555 284913206.005197 187802114.31704 0 0
43 26012.3560757303 824434.64383337 1.49909854209843 77853401.3227251 91218410.010579 47293338.734331 65647513.813764 14226251.2928883 8504199.42176469 46717.5581541497 430987.643924271 1679719763.4245 1896629667.52242 1006611593.28325 1384341502.74231 285737880.436417 188295089.991147 0 0
44 26012.3560757303 824434.643833271 1.49910248834063 73587647.1905853 86220358.508412 44702035.6993822 62050546.3266925 13446764.6011517 8038236.17279172 46717.5581541497 430987.643924271 1683985517.55664 1901627719.02459 1009202896.3182 1387938470.22938 286517367.128154 188761053.24012 0 0
45 26012.3560757303 824434.643833227 1.49910546493688 69555612.1097354 81496148.3527454 42252709.1750743 58650655.3242372 12709985.6896673 7597802.87353277 46717.5581541497 430987.643924271 1688017552.63749 1906351929.18025 1011652222.84251 1391338361.23183 287254146.039638 189201486.539379 0 0
46 26012.3560757303 824434.643833197 1.49910771194622 65744491.212963 77030776.4787462 39937580.6326309 55437043.491407 12013574.7087223 7181500.80354028 46717.5581541497 430987.643924271 1691828673.53426 1910817301.05425 1013967351.38496 1394551973.06466 287950557.020583 189617788.609371 0 0
47 26012.3560757303 824434.643833193 1.4991094062095 62142178.3400227 72810058.4748131 37749295.9844009 52399502.6766189 11355319.4842188 6788007.5645733 46717.5581541497 430987.643924271 1695430986.4072 1915038019.05819 1016155636.03319 1397589513.87945 288608812.245087 190011281.848338 0 0
48 26012.3560757303 824434.64383324 1.49911067888432 58737254.8263091 68820615.4466133 35680918.7733523 49528404.4380879 10733133.4690136 6416075.85594513 56455.0357579512 430987.643924271 1698835909.92091 1919027462.08639 1018224013.24423 1400460612.11798 289230998.260292 190383213.556966 0 0
49 26012.3560757303 824434.643833216 1.49911163959265 55518895.5096487 65049763.8881624 33725873.0753401 46814620.7869111 10145038.5674199 6064523.20731621 56455.0357579512 430987.643924271 1702054269.23757 1922798313.64484 1020179058.94224 1403174395.76916 289819093.161886 190734766.205595 0 0
50 26012.3560757303 824434.643833206 1.49911236253179 52476988.7967699 61485656.3599752 31878016.4354733 44249625.4294687 9589187.07510621 5732245.09397481 56455.0357579512 430987.643924271 1705096175.95045 1926362421.17303 1022026915.58211 1405739391.1266 290374944.654199 191067044.318936 0 0
51 26012.3560757303 824434.643833202 1.49911290845387 49601655.2887378 58116717.4774517 30131347.4491583 41825087.8629562 9063773.71690797 5418162.35460899 56455.0357579512 430987.643924271 1707971509.45848 1929731360.05555 1023773584.56842 1408163928.69311 290900358.012398 191381127.058302 0 0
52 26012.3560757303 824434.6438332 1.49911331992194 46883874.6811077 54932378.4302991 28480386.5829858 39533401.9898806 8567150.20109251 5121289.66980384 56455.0357579512 430987.643924271 1710689290.06611 1932915699.1027 1025424545.4346 1410455614.56619 291396981.528213 191677999.743107 0 0
53 26012.3560757303 824434.643833199 1.49911363028554 44315000.2074469 51922508.0711 26919881.2154014 37367276.6873211 8097736.49300424 4840682.52300837 56455.0357579512 430987.643924271 1713258164.53977 1935925569.4619 1026985050.80218 1412621739.86875 291866395.236301 191958606.889903 0 0
54 26012.3560757303 824434.643833199 1.49911386457602 41886873.7340907 49077547.768261 25444875.5529229 35319832.8570836 7654041.84647636 4575449.77273854 56455.0357579512 430987.643924271 1715686291.01313 1938770529.76474 1028460056.46466 1414669183.69898 292310089.882829 192223839.640173 0 0
55 26012.3560757303 824434.643833199 1.49911404123307 39591782.2242377 46388460.3963461 24050684.1835334 33384566.7153724 7234656.84845943 4324748.89699798 56455.0357579512 430987.643924271 1717981382.52298 1941459617.13666 1029854247.83405 1416604449.84069 292729474.880846 192474540.515913 0 0
56 26012.3560757303 824434.643833199 1.49911417393164 37422450.6271648 43846722.0045908 22732887.7571169 31555343.7968368 6838252.11965853 4087785.21654207 56455.0357579512 430987.643924271 1720150714.12005 1944001355.52841 1031172044.26047 1418433672.75923 293125879.609647 192711504.196369 0 0
57 26012.3560757303 824434.6438332 1.49911427380015 35371985.4042063 41444255.648048 21487298.6793788 29826351.3345701 6463567.9949635 3863805.7260231 56455.0357579512 430987.643924271 1722201179.34301 1946403821.88495 1032417633.3382 1420162665.2215 293500563.734342 192935483.686888 0 0
58 26012.3560757303 824434.6438332 1.499114349264 33433869.5738164 39173425.5820418 20309958.101887 28192094.0820093 6109413.61802682 3652098.55274507 56455.0357579512 430987.643924271 1724139295.1734 1948674651.95096 1033594973.91569 1421796922.47406 293854718.111279 193147190.860166 0 0
59 26012.3560757303 824434.643833199 1.49911440626188 31601948.4744898 37027020.5810231 19197127.2735217 26647382.3079501 5774664.33970392 3451991.40149766 56455.0357579512 430987.643924271 1725971216.27273 1950821056.95198 1034707804.74406 1423341634.24812 294189467.389602 193347298.011414 0 0
60 26012.3560757303 824434.643833198 1.49911444923322 29870401.6756026 34998221.0273768 18145270.4772508 25187308.1112182 5458256.58528543 3262848.48627918 56455.0357579512 430987.643924271 1727702763.07162 1952849856.50563 1035759661.54033 1424801708.44485 294505875.14402 193536440.926632 0 0
61 26012.3560757303 824434.643833199 1.49911448159499 28233719.0262505 33080570.8485885 17151040.4805992 23807225.2245797 5159183.4778707 3084067.91402729 56455.0357579512 430987.643924271 1729339445.72097 1954767506.68442 1036753891.53698 1426181791.33149 294804948.251435 193715221.498884 0 0
62 26012.3560757303 824434.643833207 1.49911450567279 26686705.6911352 31267983.4176372 16211281.5947818 22502753.2610996 4876495.75858187 2915082.23470657 56455.0357579512 430987.643924271 1730886459.05608 1956580094.11537 1037693650.4228 1427486263.29497 295087635.970724 193884207.178205 0 0
63 26012.3560757303 824434.643833231 1.49911452313197 25224468.5509373 29554725.6187343 15323021.4133848 21269766.2466694 4609299.30148658 2755356.95577358 56455.0357579512 430987.643924271 1732348696.19628 1958293351.91427 1038581910.6042 1428719250.3094 295354832.427819 194043932.457138 0 0
64 26012.3560757303 824434.643833281 1.49911453529746 23842377.014426 27935371.9320916 14483447.0070319 20104359.5760103 4356747.95274488 2604386.26154658 56455.0357579512 430987.643924271 1733730787.73279 1959912705.60091 1039421485.01055 1429884656.98006 295607383.776561 194194903.151365 0 0
65 26012.3560757303 824434.643833373 1.49911454369558 22536036.1736548 26404772.9806974 13689888.6160634 19002827.3766074 4118038.62522383 2461690.08085355 56455.0357579512 430987.643924271 1735037128.57356 1961443304.55231 1040215043.40152 1430986189.17946 295846093.104082 194337599.332058 0 0
66 26012.3560757303 824434.64383353 1.49911455118951 21301269.0814981 24958034.7654585 12939808.8847322 17961647.5647824 3892408.06004925 2326812.15114559 56455.0357579512 430987.643924271 1736271895.66572 1962890042.76754 1040965123.13285 1432027368.99129 296071723.669257 194472477.261766 0 0
67 26012.3560757303 824434.643833426 1.49911455883731 20134123.4862302 23590526.555896 12230806.9522351 16977487.5244212 3679134.05722386 2199320.75413843 56455.0357579512 430987.643924271 1737439041.26099 1964257550.97711 1041674125.06535 1433011529.03165 296284997.672082 194599968.658773 0 0
68 26012.3560757303 824434.643833321 1.49911456429283 19030927.8022791 22297946.4693381 11560652.4530749 16047251.3026118 3477545.70323454 2078814.82969385 56455.0357579512 430987.643924271 1738542236.94494 1965550131.06366 1042344279.56451 1433941765.25346 296486586.026071 194720474.583217 0 0
69 26012.3560757303 824434.643833258 1.49911456834819 17988178.9406515 21076190.045316 10927217.3777932 15167985.0260592 3287002.87416282 1964911.7231444 56455.0357579512 430987.643924271 1739584985.80657 1966771887.48769 1042977714.63979 1434821031.53001 296677128.855143 194834377.689767 0 0
70 26012.3560757303 824434.643833136 1.49911457144247 17002564.7150836 19921376.4981541 10328489.6839583 14336895.7943917 3106900.32998944 1857249.63279574 56455.0357579512 430987.643924271 1740570600.03214 1967926701.03485 1043576442.33362 1435652120.76168 296857231.399316 194942039.780115 0 0
71 26012.3560757303 824434.64383269 1.49911457371619 16070954.5976368 18829837.8855892 9762567.68049819 13551343.8850973 2936666.02535249 1755486.60012798 56455.0357579512 430987.643924271 1741502210.14958 1969018239.64741 1044142364.33709 1436437672.67097 297027465.703953 195043802.812783 0 0
72 26012.3560757303 824434.643833139 1.4991145754533 15190389.5677288 17798107.2151956 9227653.86132651 12808834.1940283 2775759.254648 1659299.40096981 56455.0357579512 430987.643924271 1742382775.17949 1970049970.31781 1044677278.15626 1437180182.36204 297188372.474658 195139990.011941 0 0
