"Time" "IECs" "pheme_e" "BiomassCD" "pro_L_e" "leu_L_e" "ile_L_e" "val_L_e" "trp_L_e" "cys_L_e" "Drug" "Damage" "pro_L_v" "leu_L_v" "ile_L_v" "val_L_v" "trp_L_v" "cys_L_v" "CD" "pheme_c"
0 457000 1e+05 0.4963 224235600.199112 195370466.451958 120509812.093413 157438605.791629 18978882.6152 31300034.1459915 0 0 0 0 0 0 0 0 45700000 1000
1 297424.497260905 174466.379016462 0.594123778187755 493785072.109244 544570183.159918 293443599.121785 401148884.76006 80170850.5766852 56200004.8800325 0 159575.502739095 301769969.107149 314474799.183936 174844663.141086 236432226.95046 42850644.5826998 36377022.3177715 48532264.0472315 1011.33606013127
2 187891.400614042 308469.003033372 0.697811946896833 600748706.018639 681040486.534115 361441087.328137 496800441.453676 103666829.196539 66406648.0353201 0 269108.599385957 586466927.315998 633552644.764039 345261761.770824 470135669.589214 90768948.3781857 68231088.274879 52252902.5332628 1561.90157108658
3 114184.284013571 426599.431173465 0.803528936723093 660810268.90335 756400406.326978 399172943.485881 549833592.5674 116331782.324291 72394442.2475179 0 342815.715986428 789351747.630075 864740622.912535 467593837.149647 638467257.544417 126159105.655002 90546826.837262 57057135.855176 1907.97544585787
4 66031.3068870105 511575.011913214 0.907130695368822 701583621.176855 807238246.334945 424531932.370422 585590768.725929 124690601.84157 76643145.6319722 0 390968.69311299 919562861.107115 1014171014.77393 546320665.460329 746981115.445398 149193386.517575 104788866.669407 63165456.2863551 2050.03270184882
5 35866.3221379908 563464.176551383 1.00479453525544 730591485.60692 843883039.339975 442453679.794691 611133281.316439 130621803.748215 79811043.9753775 0 421133.677862009 996611185.710368 1102982393.34008 592962850.057152 811357101.581501 162926274.113986 113204322.469625 70824625.7125105 2055.03912092247
6 18019.1945387797 587546.706781347 1.09354969814657 750088522.271247 869679007.68192 454453600.453331 628682217.82189 134753408.779808 82088537.8257657 0 438980.805461221 1038470059.81922 1151412628.68325 618318391.722997 846402452.607161 170426520.595274 117780125.617334 80308687.4937935 1980.5341121405
7 8223.8028309573 590265.360239426 1.17156380090075 761314501.793852 886467413.898255 461353204.613058 639452696.897394 137422385.280106 83590390.4802705 0 448776.197169043 1059089949.19721 1175363256.57975 630812610.925162 863700587.356257 174138495.775317 120039703.378633 91917623.6544756 1865.24413015833
8 3339.2134377369 577694.909971715 1.23815235688742 765742018.070533 896209767.649701 464083310.929291 644785565.546704 138960965.95995 84469343.7374806 9737.47760380151 453660.786562263 1068150824.41527 1185935910.11471 636303734.595098 871318968.710332 175777665.733681 121036432.44842 105972252.704935 1732.89170532564
9 3163.41186800977 737854.193155505 1.2935788511896 760869533.422181 890790069.770501 461131966.373997 640781522.907652 138121433.330686 83957131.4056808 5461.02692299945 453836.588131991 1073404718.38156 1192086766.7224 639487904.386068 875743587.033695 176731386.231789 121616152.582995 19679.1591856958 74.1482902306585
10 3163.30663968732 813271.678729138 1.33875780866841 755673549.482139 884707038.84451 457982893.595157 636405684.196098 137178229.582463 83383803.7625276 5375.49351765417 453836.693360313 1078600920.35537 1198170235.29299 642637110.304886 880119672.995773 177674658.310647 122189520.633824 97.1382479678782 1.11840210087441
11 3163.30610968093 845479.198043902 1.37495908989987 750512866.647416 878665155.119231 454855214.380483 632059511.63873 136241405.442574 82814355.0879848 5374.31797768348 453836.69389032 1083761604.26715 1204212121.22256 645764790.177347 884465846.789244 178611482.794662 122758969.511889 0.503199954020863 0.0126104267484848
12 3163.3061069322 859230.922250118 1.40357102187041 745387426.504282 872664530.939638 451748894.317652 627743019.095469 135310978.798264 82248795.1375505 5374.30512016976 453836.693893069 1088887044.41579 1210212745.41359 648871110.243542 888782339.338881 179541909.440757 123324529.463379 0.00261998930122064 0.000126955493952145
13 3163.30610691788 865102.511954948 1.42594017659491 740296989.269687 866704886.513626 448663788.088927 623456004.954192 134386906.268692 81687097.5365721 5374.30499245143 453836.693893083 1093977481.65041 1216172389.83966 651956216.472284 893069353.480191 180465981.970339 123886227.064363 1.37578350211145e-05 1.21334211688849e-06
14 3163.30610691781 867609.150176802 1.44328038939301 735241315.91443 860785942.001991 445599750.828492 619198267.913371 133469144.463408 81129235.9101303 5374.30499123267 453836.693893083 1099033155.00567 1222091334.35129 655020253.732719 897327090.521012 181383743.775622 124444088.690805 -1.30376241591137e-08 5.17443345755893e-09
15 3163.30610691781 868679.509954769 1.45663384126294 730220169.008922 854907419.433366 442556638.639965 614969608.016909 132557650.28157 80575184.0593719 5374.30499122755 453836.693893083 1104054301.91118 1227969856.91992 658063365.921245 901555750.417474 182295237.95746 124998140.541563 4.74949286513321e-08 1.33471784601681e-10
16 3163.3061069178 869136.932147688 1.46686506694132 725233312.771273 849069042.765408 439534308.625567 610769826.696344 131652380.921437 80024915.9672545 15111.7825950288 453836.693893083 1109041158.14882 1233808233.58788 661085695.935644 905755531.73804 183200507.317593 125548408.63368 5.76460185244802e-08 1.25093359017895e-10
17 3163.3061069178 869331.997441561 1.47467289846582 720280522.66923 843270549.126319 436532624.705463 606598734.857321 130753295.623429 79478406.8580619 15111.7825950287 453836.693893083 1113993948.25086 1239606727.22697 664087379.855748 909926623.577063 184099592.615601 126094917.742873 -3.87515514454053e-08 -8.04045495321171e-12
18 3163.3061069178 869415.358073362 1.48061411000026 715361546.773273 837511643.568868 433551434.195455 602456120.332324 129860348.65451 78935628.9329625 15111.7825950287 453836.693893083 1118912924.14682 1245365632.78442 667068570.365756 914069238.10206 184992539.58452 126637695.667972 -3.87515514454053e-08 -9.04045495321175e-12
19 3163.3061069178 869451.097580872 1.48512480115995 710476163.795502 831792067.019594 430590602.981979 598341796.759298 128973499.844051 78396557.7742342 15111.7825950287 453836.693893083 1123798307.12459 1251085209.33369 670029401.579232 918183561.675086 185879388.394979 127176766.8267 -3.87515514454053e-08 -1.00404549532118e-11
20 3163.3061069178 869466.30943057 1.48854334034269 705624144.32638 826111550.896605 427649992.029279 594255570.936385 128092707.547092 77861168.0679833 15111.7825950287 453836.693893083 1128650326.59371 1256765725.45668 672970012.531932 922269787.497999 186760180.691938 127712156.532951 -3.87515514454053e-08 -1.10404549532118e-11
21 3163.3061069178 869472.826547603 1.49113104344315 700805260.511643 820469828.438847 424729463.244186 590197250.971532 127217930.401004 77329434.6719308 15111.7825950287 453836.693893083 1133469210.40845 1262407447.91444 675890541.317025 926328107.462852 187634957.838026 128243889.929004 -3.87515514454053e-08 -1.20404549532119e-11
22 3163.3061069178 869475.533905689 1.49308764542918 696019286.069522 814866634.72627 421828879.486555 586166646.296993 126349127.328616 76801332.6173125 15111.7825950287 453836.693893083 1138255184.85057 1268010641.62702 678791125.074656 930358712.137391 188503760.910414 128771991.983622 -3.87515514454053e-08 -1.30404549532119e-11
23 3163.3061069178 869476.74121063 1.49456592020445 691265996.262813 809301706.647129 418948104.55234 582163567.64581 125486257.53314 76276837.1057972 15111.7825950287 453836.693893083 1143008474.65728 1273575569.70616 681671900.008871 934361790.788574 189366630.70589 129296487.495137 -3.87515514454053e-08 -1.4040454953212e-11
24 3163.3061069178 869477.261489901 1.4956825449752 686545167.859576 803774782.851971 416087003.149775 578187827.018713 124629280.491045 75755923.5051501 24849.2601988302 453836.693893083 1147729303.06052 1279102493.50132 684533001.411436 938337531.415671 190223607.747985 129817401.095784 0 0
25 3163.3061069178 869477.409699621 1.49652701346876 681856593.489427 798285620.561308 413245449.600134 574239249.774562 123778158.558162 75238568.9333591 24849.2601988302 453836.693893083 1152417877.43067 1284591655.79198 687374554.961077 942286108.659822 191074729.680868 130334755.667575 0 0
26 3163.3061069178 869477.470830637 1.49716307587321 677200022.784814 792833926.656588 410423292.165864 570317625.061285 122932846.285 74724745.7639458 24849.2601988302 453836.693893083 1157074448.13528 1290043349.6967 690196712.395347 946207733.373099 191920041.95403 130848578.836988 0 0
27 3163.3061069178 869477.497584374 1.49764174982423 672575257.625961 787419469.188497 407620410.774654 566422786.028326 122093307.706664 74214432.1356442 24849.2601988302 453836.693893083 1161699213.29414 1295457807.16479 692999593.786557 950102572.406058 192759580.532366 131358892.46529 0 0
28 3163.3061069178 869477.514349388 1.49800397017823 667982072.967632 782041984.684663 404836669.035773 562554543.149311 121259501.970452 73707603.2161337 24849.2601988302 453836.693893083 1166292397.95246 1300835291.66863 695783335.525438 953970815.285073 193593386.268578 131865721.3848 0 0
29 3163.3061069178 869477.519779366 1.49827713844133 663420256.318021 776701224.369674 402071938.166611 558712717.46999 120431390.502498 73204235.5582855 24849.2601988302 453836.693893083 1170854214.60208 1306176051.98362 698548066.3946 957812640.964394 194421497.736532 132369089.042649 0 0
30 3163.3061069178 869477.517811853 1.49848298570781 658889593.486462 771396937.479177 399326088.354948 554897128.605385 119608934.42054 72704305.5275123 24849.2601988302 453836.693893083 1175384877.43363 1311480338.87411 701293916.206263 961628229.828999 195243953.81849 132869019.073422 0 0
31 3163.3061069178 869477.516374168 1.49863790008739 654389871.860142 766128875.096092 396598990.744836 551107597.499336 118792095.128747 72207789.6633329 24849.2601988302 453836.693893083 1179884599.05995 1316748401.2572 704021013.816375 965417760.935048 196060793.110283 133365534.937601 0 0
32 3163.3061069178 869477.51949118 1.49875528814096 649920879.884976 760896789.54285 393890517.121979 547343945.987315 117980834.223479 71714664.6220901 34586.7378026317 453836.693893083 1184353591.03512 1321980486.81044 706729487.439232 969181412.447069 196872054.015551 133858659.978844 0 0
33 3163.3061069178 869477.518960904 1.49884430383458 645482416.633765 755700445.583339 391200545.712604 543606004.854438 117175115.230206 71224908.2327364 34586.7378026317 453836.693893083 1188792054.28633 1327176830.76995 709419458.848607 972919353.579946 197677773.008824 134348416.368198 0 0
34 3163.3061069178 869477.518797558 1.49891116710219 641074234.325418 750539553.127116 388528926.346705 539893565.426875 116374893.168961 70738493.1541932 34586.7378026317 453836.693893083 1193200236.59468 1332337723.22618 712091078.214506 976631793.007509 198477995.070069 134834831.446741 0 0
35 3163.3061069178 869477.518760392 1.49896134896943 636696159.840292 745413909.493845 385875554.103533 536206481.908432 115580136.613148 70255400.2838011 34586.7378026317 453836.693893083 1197578311.0798 1337463366.85945 714744450.457678 980318876.525952 199272751.625881 135317924.317133 0 0
36 3163.3061069178 869477.518712017 1.49899881643193 632348000.821172 740323289.480751 383240312.403231 532544592.301613 114790810.643958 69775608.3961564 34586.7378026317 453836.693893083 1201926470.09892 1342553986.87254 717379692.15798 983980766.132771 200062077.595072 135797716.204778 0 0
37 3163.3061069178 869477.518617793 1.49902646475336 628029561.391118 735267463.764327 380623082.532782 528907731.644711 114006879.703639 69299095.8774758 34586.7378026317 453836.693893083 1206244909.52898 1347609812.58896 719996922.028429 987617626.789673 200846008.535391 136274228.723458 0 0
38 3163.3061069178 869477.51841375 1.49904806632355 623740592.187815 730246140.402906 378023713.363863 525295689.932234 113228298.525182 68825835.2122025 34586.7378026317 453836.693893083 1210533878.73228 1352631135.95038 722596291.197348 991229668.50215 201624589.713848 136747489.388732 0 0
39 3163.3061069178 869477.518176991 1.49906461268874 619480912.042141 725259107.292205 375442095.097266 521708314.588962 112455034.220763 68355806.4094682 34586.7378026317 453836.693893083 1214793558.87795 1357618169.06109 725177909.463945 994817043.845422 202397854.018267 137217518.191466 0 0
40 3163.3061069178 869477.517989567 1.49907736047259 615250322.177658 720306131.71412 372878107.262706 518145438.211318 111687050.706281 67888987.5355482 44324.2154064332 453836.693893083 1219024148.74244 1362571144.63917 727741897.298506 998379920.223066 203165837.532748 137684337.065386 0 0
41 3163.3061069178 869477.518288331 1.49908669293617 611048595.207761 715386947.455113 370331612.050441 514606869.301097 110924306.704003 67425353.4997667 44324.2154064332 453836.693893083 1223225875.71234 1367490328.89818 730288392.510771 1001918489.13329 203928581.535026 138147971.101168 0 0
42 3163.3061069178 869477.51818296 1.49909377020858 606875466.582896 710501244.793012 367802449.127786 511092385.062568 110166754.189963 66964875.1107511 44324.2154064332 453836.693893083 1227399004.3372 1372376031.56028 732817555.433426 1005432973.37182 204686134.049066 138608449.490183 0 0
43 3163.3061069178 869477.517669873 1.49909875956308 602730912.423291 705648995.770503 365290604.022185 507601965.384903 109414388.829243 66507549.7335194 44324.2154064332 453836.693893083 1231543558.49681 1377228280.58279 735329400.539027 1008923393.04948 205438499.409786 139065774.867415 0 0
44 3163.3061069178 869477.516734114 1.49910252428432 598614586.248668 700829794.744778 362795866.746085 504135318.472762 108667147.724904 66053339.136161 44324.2154064332 453836.693893083 1235659884.67143 1382047481.60851 737824137.815127 1012390039.96162 206185740.514125 139519985.464773 0 0
45 3163.3061069178 869477.515372967 1.49910519426486 594526433.471687 696043577.807546 360318204.216326 500692398.354319 107925020.967649 65602237.2953077 44324.2154064332 453836.693893083 1239748037.44841 1386833698.54574 740301800.344886 1015832960.08007 206927867.27138 139971087.305626 0 0
46 3163.3061069178 869477.513556898 1.49910720265403 590466163.842377 691290005.147799 357857440.524249 497272960.589722 107187955.86809 65154212.1837084 44324.2154064332 453836.693893083 1243808307.07772 1391587271.20549 742762564.036963 1019252397.84466 207664932.370939 140419112.417226 0 0
47 3163.3061069178 869477.511269705 1.49910878709932 586433618.115039 686568890.328163 355413479.157536 493876871.067 106455923.518183 64709246.2296057 44324.2154064332 453836.693893083 1247840852.80506 1396308386.02513 745206525.403676 1022648487.36738 208396964.720846 140864078.371328 0 0
48 3163.3061069178 869477.508829194 1.49911001767016 582428667.886331 681880083.020045 352986242.296162 490504021.648696 105728900.608733 64267325.2645018 54061.6930102347 453836.693893083 1251845803.03377 1400997193.33325 747633762.26505 1026021336.78569 209123987.630296 141305999.336432 0 0
49 3163.3061069178 869477.513790984 1.49911116115991 578451107.44297 677223342.384012 350575605.265702 487154239.089229 105006849.796386 63828426.589235 54061.6930102347 453836.693893083 1255823363.47713 1405653933.96928 750044399.295509 1029371119.34516 209846038.442643 141744898.011699 0 0
50 3163.3061069178 869477.512128231 1.49911202948134 574500600.251273 672598274.422263 348181364.106829 483827239.969986 104289709.989823 63392513.0694388 54061.6930102347 453836.693893083 1259773870.66883 1410279001.93103 752438640.454383 1032698118.4644 210563178.249206 142180811.531495 0 0
51 3163.3061069178 869477.503769013 1.49911264133232 570577144.779525 668004877.341536 345803517.891233 480523023.001004 103577480.910989 62959584.5360981 54061.6930102347 453836.693893083 1263697326.14058 1414872399.01176 754816486.669979 1036002335.43338 211275407.32804 142613740.064836 0 0
52 3163.3061069178 869477.488395703 1.49911310256939 566680411.346937 663442765.167074 343441866.812843 477241310.534971 102870102.712577 62529604.6110199 54061.6930102347 453836.693893083 1267594059.57316 1419434511.18622 757178137.748369 1039284047.89942 211982785.526452 143043719.989914 0 0
53 3163.3061069178 869477.466742192 1.49911336376803 562810691.073191 658912278.728104 341096587.307416 473982347.744186 102167628.241855 62102605.4174225 54061.6930102347 453836.693893083 1271463779.84691 1423964997.62519 759523417.253796 1042543010.6902 212685259.997174 143470719.183511 0 0
54 3163.3061069178 869477.435959911 1.49911366394014 558966740.232785 654411961.929322 338766925.603691 470745087.200193 101469831.724 61678449.7180514 54061.6930102347 453836.693893083 1275307730.68732 1428465314.42397 761853078.95752 1045780271.23419 213383056.515029 143894874.882882 0 0
55 3163.3061069178 869477.39764407 1.49911386923814 555149255.31674 649942630.189648 336453303.816448 467530115.466918 100776839.593773 61257214.366292 54061.6930102347 453836.693893083 1279125215.60336 1432934646.16365 764166700.744764 1048995242.96747 214076048.645256 144316110.234642 0 0
56 3163.3061069178 869477.363796605 1.49911401587294 551358016.043908 645504025.614277 334155588.442273 464337247.030161 100088611.863301 60838875.0555111 54061.6930102347 453836.693893083 1282916454.87619 1437373250.73902 766464416.118939 1052188111.40422 214764276.375728 144734449.545423 0 0
57 3163.3061069178 869477.385837612 1.49911414383534 547592677.869635 641095744.826538 331873570.666716 461166191.72471 99405085.987024 60423393.7673818 54061.6930102347 453836.693893083 1286681793.05047 1441781531.52676 768746433.894496 1055359166.70968 215447802.252005 145149930.833552 0 0
58 3163.3061069178 869477.463705673 1.4991142563938 543853030.662704 636717541.814687 329607123.137821 458016772.58433 98726223.8195962 60010747.3152513 54061.6930102347 453836.693893083 1290421440.2574 1446159734.53861 771012881.423391 1058508585.85006 216126664.419433 145562577.285682 0 0
59 3163.3061069178 869477.564618434 1.49911434044607 540138922.369429 632369238.561425 327356153.702059 454888861.553952 98051997.7585495 59600918.920956 54061.6930102347 453836.693893083 1294135548.55067 1450508037.79187 773263850.859153 1061636496.88043 216800890.480479 145972405.679978 0 0
60 3163.3061069178 869477.610008397 1.49911440497929 536450079.850015 628050515.287527 325120496.820546 451782228.603401 97382358.2205237 59193878.445244 54061.6930102347 453836.693893083 1297824391.07009 1454826761.06577 775499507.740666 1064743129.83099 217470530.018505 146379446.15569 0 0
61 3163.3061069178 869477.580918827 1.49911444352433 532786622.651713 623761511.953292 322900224.945993 448696974.411799 96717326.9070595 58789639.0793998 54061.6930102347 453836.693893083 1301487848.26839 1459115764.4 777719779.615219 1067828384.02259 218135561.331969 146783685.521534 0 0
62 3163.3061069178 869477.499478586 1.49911447656871 529148089.780659 619501688.848792 320695058.688835 445632710.74389 96056820.1334466 58388149.9556618 54061.6930102347 453836.693893083 1305126381.13944 1463375587.5045 779924945.872377 1070892647.6905 218796068.105582 147185174.645272 0 0
63 3163.3061069178 869477.506949332 1.49911450227183 525534399.456699 615270950.229669 318504948.485459 442589368.72687 95400823.0540459 57989402.0501063 54061.6930102347 453836.693893083 1308740071.4634 1467606326.12363 782115056.075753 1073935989.70752 219452065.184983 147583922.550827 0 0
64 3163.3061069178 869477.516841918 1.49911452164298 521945386.401038 611069102.595288 316329794.167133 439566809.167877 94749305.6656203 57593377.1252622 54061.6930102347 453836.693893083 1312329084.51906 1471808173.75801 784290210.394079 1076958549.26651 220103582.573409 147979947.475672 0 0
65 3163.3061069178 869477.517340202 1.49911453619291 518380890.11948 606895958.046593 314169498.464877 436564896.903494 94102238.8334867 57200057.4716086 54061.6930102347 453836.693893083 1315893580.80062 1475981318.3067 786450506.096335 1079960461.53089 220750649.405542 148373267.129325 0 0
66 3163.3061069178 869477.518259285 1.4991145471556 514840731.157438 602751306.486597 312023952.618589 433583480.802431 93459589.9810612 56809423.2874651 54061.6930102347 453836.693893083 1319433739.76266 1480125969.8667 788596051.942623 1082941877.63195 221393298.257968 148763901.313469 0 0
67 3163.3061069178 869477.522738799 1.49911455503774 511324776.588994 598634992.291889 309893076.067297 430622448.91845 92821334.9781595 56421459.905296 54061.6930102347 453836.693893083 1322949694.33111 1484242284.06141 790726928.493914 1085902909.51594 222031553.260869 149151864.695638 0 0
68 3163.3061069178 869477.533629608 1.49911456077375 507832842.713057 594546800.393875 307776757.477268 427681646.543982 92187440.4773255 56036147.0548462 54061.6930102347 453836.693893083 1326441628.20705 1488330475.95942 792843247.083943 1088843711.8904 222665447.761703 149537177.546088 0 0
69 3163.3061069178 869477.55350452 1.49911456532351 504364749.549145 590486520.079872 305674887.769678 424760922.104842 91557873.8065093 55653464.876406 54061.6930102347 453836.693893083 1329909721.37096 1492390756.27342 794945116.791534 1091764436.32954 223295014.43252 149919859.724528 0 0
70 3163.3061069178 869477.587062778 1.49911456951364 500920321.224474 586453945.4463 303587360.355211 421860127.486227 90932603.039336 55273393.9635246 54061.6930102347 453836.693893083 1333354149.69563 1496423330.907 797032644.206 1094665230.94816 223920285.199693 150299930.637409 0 0
71 3163.3061069178 869477.655413919 1.49911457314196 497499413.566538 582448907.702773 301514087.856797 418979141.27036 90311602.0040158 54895918.4076762 54061.6930102347 453836.693893083 1336775057.35356 1500428368.65052 799105916.704415 1097546217.16403 224541286.235013 150677406.193258 0 0
72 3163.3061069178 869477.773120453 1.49911457641672 494101869.755731 578471223.252273 299454975.232472 416117831.388454 89694842.2329177 54521020.9048079 54061.6930102347 453836.693893083 1340172601.16437 1504406053.10102 801165029.328739 1100407527.04593 225158046.006111 151052303.696126 0 0
