"Time" "IECs" "pheme_e" "BiomassCD" "pro_L_e" "leu_L_e" "ile_L_e" "val_L_e" "trp_L_e" "cys_L_e" "Drug" "Damage" "pro_L_v" "leu_L_v" "ile_L_v" "val_L_v" "trp_L_v" "cys_L_v" "CD" "pheme_c"
0 457000 1e+05 0.4963 224235600.199112 195370466.451958 120509812.093413 157438605.791629 18978882.6152 31300034.1459915 0 0 0 0 0 0 0 0 45700000 1000
1 289051.298329262 179304.069012491 0.594123778239459 517368066.044087 571656441.409226 307723634.679516 420821063.379816 84362290.2091779 58763268.1465112 0 167948.701670738 308171284.039501 322212675.291332 178816348.528786 241956063.386094 44118501.5720231 37029067.4410437 48532264.0460234 1038.86614980125
2 177110.206583393 319089.930089473 0.697811951783964 631285760.060467 715985882.807558 379891332.840583 522207845.015515 109044322.146357 69747854.7719298 0 279889.793416607 594502190.166833 643446234.46407 350290983.393467 477155129.071029 92420696.9868293 69029860.0460389 52252902.3019203 1615.69774522197
3 104126.781111459 439728.226656543 0.80352893351253 693699088.746867 794002047.237016 419019322.786145 577172742.059452 122099489.576955 76010609.7638371 0 352873.218888542 792384428.221623 868968136.572386 469613637.573013 641351705.728616 126948695.411303 90792740.4353544 57057136.0711953 1966.8729363037
4 58062.0295879596 524121.243763973 0.907130681941551 734630078.297289 845034423.789172 444451763.024527 613054817.635559 130471856.563484 80296397.1189804 0 398937.970412041 914880778.565298 1009519061.60646 543667353.900194 743422752.153613 148607779.07221 104195817.665235 63165457.1480473 2100.49653192161
5 30283.5682182788 573589.049744469 1.00479453982701 762464740.791407 880389753.296989 461643832.021181 637629003.136333 136188870.239159 83358718.2644757 0 426716.431781721 984459601.98228 1089694352.93515 585778912.915642 801544040.490927 160998687.001451 111800425.685697 70824625.5936525 2092.11145288944
6 14533.8568165279 594662.212177921 1.09354972692918 780092337.13517 904135253.610877 472495326.385821 653643717.198003 139990501.362842 85456323.274135 0 442466.143183473 1020564783.79004 1131451902.34114 607643379.372361 831763746.98087 167461210.119724 115750709.85431 80308688.3292479 2004.61567487771
7 6296.06991756995 594656.555540931 1.17156382755667 789337249.337338 918778905.520698 478182772.138695 662800564.606356 142317626.709902 86766244.1843594 0 450703.93008243 1037460360.53531 1151069206.14409 617877816.339176 845933344.445905 170499268.612961 117604099.113285 91917625.0342197 1879.17621471038
8 2407.78354778388 580067.371652649 1.23815237660479 792104109.395526 926774422.541913 479899116.548933 666799587.989546 143579012.154747 87487393.2658787 9737.47760380151 454592.216452216 1044469666.15715 1159245072.13481 622124248.282104 851825032.825776 171765804.023222 118376051.997764 105972254.457421 1740.03687574329
9 2314.95017341097 742262.036053925 1.29357886741211 788292073.128884 922514937.964197 477590525.407812 663660522.014926 142919523.156631 87084503.0619026 7294.2571727235 454685.049826589 1048439365.46479 1163890650.71655 624529309.405973 855167094.616228 172485514.642058 118814590.217499 5.25552050700408 135.266610801765
10 2314.95016443299 816111.905407577 1.33875782176539 784348777.965297 917900216.085127 475201461.159749 660340674.701635 142204592.890159 86648877.8539624 7168.11023338471 454685.049835568 1052382660.64259 1168505372.63296 626918373.66274 858486941.948699 173200444.914352 119250215.428887 1.3191991846112e-05 9.12099002198483
11 2314.95016443297 847652.468164709 1.37495910031396 780425208.442868 913308578.520771 472824347.785701 657037434.334001 141493238.933491 86215431.7827103 7159.61434256106 454685.049835568 1056306230.16502 1173097010.19731 629295487.036789 861790182.316333 173911798.87102 119683661.500139 -5.09648348684673e-09 0.625099202313748
12 2314.95016443297 861123.136337255 1.40357103005118 776521265.900464 908739909.831629 470459125.511438 653750717.856753 140785443.402338 85784153.9506937 7159.03213126494 454685.049835568 1060210172.70742 1177665678.88645 631660709.311051 865076898.793581 174619594.402173 120114939.332156 -5.09648348684672e-09 0.0428879061954528
13 2314.95016443297 866876.327777747 1.4259401832617 772636852.157501 904194095.119863 468105734.853785 650480442.611979 140081188.49629 85355033.5116699 7158.99218617571 454685.049835568 1064094586.45038 1182211493.59822 634014099.968704 868347174.038355 175323849.308221 120544059.771179 -5.09648348684672e-09 0.00294281696772085
14 2314.95016443297 869333.459715558 1.44328048920569 768771869.524526 899671020.062393 465764116.627119 647226526.355248 139380456.50398 84928059.6736523 7158.98944527142 454685.049835568 1067959569.08336 1186734568.65569 636355718.19537 871601090.295086 176024581.300531 120971033.609197 -5.09648348684672e-09 0.000201912675414076
15 2314.95016443297 870382.863238827 1.45663403222066 764926220.800788 895170570.908046 463434211.9419 643988887.253564 138683229.802644 84503221.6986421 7158.98925727261 454685.049835568 1071805217.8071 1191235017.81004 638685622.88059 874838729.39677 176721808.001867 121395871.584207 -5.09648348684672e-09 1.39138648013616e-05
16 2314.95016443297 870831.34563293 1.46686619710933 761099809.118714 890692634.295563 461115962.110444 640767443.754434 137989490.829924 84080508.8854481 16896.4668480816 454685.049835568 1075631629.48917 1195712954.42252 641003872.712045 878060172.8959 177415546.974587 121818584.397401 0 9.21356236772518e-07
17 2314.95016443297 871022.952711969 1.47467622843445 757292543.545998 886237103.809552 458809312.04098 637562119.302246 137299223.099544 83659911.1885617 16896.4668472277 454685.049835568 1079438895.06189 1200168484.90853 643310522.781509 881265497.348088 178105814.704967 122239182.094287 0 6.74573132300728e-08
18 2314.95016443297 871104.174519271 1.48061621209034 753504318.2979 881803855.653256 456514197.643316 634372824.837174 136612407.432438 83241416.9216908 16896.4668471655 454685.049835568 1083227120.30998 1204601733.06483 645605637.179173 884454791.81316 178792630.372073 122657676.361158 0 5.22740057218622e-09
19 2314.95016443297 871139.285296985 1.48512641036582 749735042.870288 877392783.912359 454230564.08509 631199484.164084 135929027.419958 82825016.0866281 16896.4668471455 454685.049835568 1086996395.7376 1209012804.80572 647889270.737399 887628132.48625 179476010.384553 123074077.196221 0 -1.47579692638022e-08
20 2314.95016443297 871154.149733689 1.48854470262818 745984622.59349 873003777.797741 451958354.010229 628042017.580889 135249065.898232 82410698.2249896 16896.4668471471 454685.049835568 1090746816.01439 1213401810.92034 650161480.81226 890785599.069445 180155971.906279 123488395.057859 0 -1.32154823302469e-08
21 2314.95016443297 871160.541232959 1.49113211932096 742252963.148006 868636726.930075 449697510.274813 624900345.680309 134572505.766875 81998452.9170756 16896.4668471471 454685.049835568 1094478475.45988 1217768861.78801 652422324.547677 893927270.970025 180832532.037636 123900640.365773 0 -1.31741362655454e-08
22 2314.95016443297 871163.230748749 1.49308864282559 738539970.68646 864291521.482548 447447976.020958 621774389.452545 133899330.0111 81588269.7953427 16896.4668471471 454685.049835568 1098191467.92143 1222114067.23553 654671858.801531 897053227.197789 181505707.793411 124310823.487506 0 -1.31741362655454e-08
23 2314.95016443297 871164.41028725 1.49456783371858 734845551.823267 859968052.168769 445209694.670562 618664070.276579 133229521.699842 81180138.543263 16896.4668471471 454685.049835568 1101885886.78462 1226437536.54931 656910140.151927 900163546.373755 182175516.104669 124718954.739586 0 -1.31741362655454e-08
24 2314.95016443297 871164.924020085 1.49568512634294 731169613.649995 855666210.260741 442982609.934607 615569309.933104 132563063.988547 80774048.8970206 26633.9444509486 454685.049835568 1105561824.95789 1230739378.45734 659137224.887882 903258306.71723 182841973.815964 125125044.385828 0 0
25 2314.95016443297 871165.078881208 1.49652895950695 727512072.859289 851385898.266326 440766671.340932 612490038.285931 131899941.773363 80369991.6534536 26633.9444509486 454685.049835568 1109219365.7486 1235019690.45176 661353163.481557 906337578.364403 183505096.031148 125529101.629395 0 0
26 2314.95016443297 871165.142778244 1.49716454698415 723872818.550463 847126986.401728 438561811.699827 609426161.968134 131240134.947689 79967954.5610992 26633.9444509486 454685.049835568 1112858620.05742 1239278602.31635 663558023.122662 909401454.6822 184164902.856822 125931138.721749 0 0
27 2314.95016443297 871165.170740094 1.49764285813553 720251770.938763 842889381.297203 436367982.673316 606377613.809189 130583629.04633 79567928.8059453 26633.9444509486 454685.049835568 1116479667.66912 1243516207.42088 665751852.149173 912450002.841145 184821408.758181 126331164.476903 0 0
28 2314.95016443297 871165.188262043 1.49800480584215 716648835.659817 838672972.520912 434185127.090292 603344314.364039 129930406.960766 79169903.9633351 26633.9444509486 454685.049835568 1120082602.94807 1247732616.19717 667934707.732197 915483302.286295 185474630.843745 126729189.319513 0 0
29 2314.95016443297 871165.193952655 1.49827776910586 713063923.443847 834477655.603072 432013190.866234 600326188.476751 129280452.50614 78773870.1714235 26633.9444509486 454685.049835568 1123667515.16404 1251927933.11501 670106643.956255 918501428.173583 186124585.298371 127125223.111425 0 0
30 2314.95016443297 871165.191906182 1.49848346198549 709496944.14257 830303325.045808 429852119.384373 597323160.25178 128633749.33832 78379817.4713151 26633.9444509486 454685.049835568 1127234494.46532 1256102263.67227 672267715.438116 921504456.398554 186771288.466191 127519275.811533 0 0
31 2314.95016443297 871165.19039825 1.49863825794992 705947808.094605 826149875.921053 427701858.322932 594335154.2035 127990281.201452 77987735.9579035 26633.9444509486 454685.049835568 1130783630.51328 1260255712.79703 674417976.499557 924492462.446834 187414756.603059 127911357.324945 0 0
32 2314.95016443297 871165.193646349 1.49875555873247 702416425.964882 822017203.682613 425562353.557831 591362095.121009 127350031.89884 77597615.7621306 36371.4220547501 454685.049835568 1134315012.643 1264388385.03547 676557481.264657 927465521.529325 188055005.905671 128301477.520718 0 0
33 2314.95016443297 871165.193098071 1.49884450693641 698902718.049882 817905215.055812 423433556.800312 588403915.902174 126712986.980017 77209448.0789589 36371.4220547501 454685.049835568 1137828720.558 1268500373.66227 678686278.022176 930423700.74816 188692050.824494 128689645.20389 0 0
34 2314.95016443297 871165.192929036 1.49891132000711 695406568.615936 813813774.600955 421315397.932577 585460519.111197 126079125.462151 76823220.1230143 36371.4220547501 454685.049835568 1141324869.99195 1272591814.11713 680804436.889911 933367097.539137 189325912.34236 129075873.159834 0 0
35 2314.95016443297 871165.192890603 1.49896146339476 691927909.443219 809742802.482394 419207835.623319 582531847.31403 125448434.9768 76438924.3578902 36371.4220547501 454685.049835568 1144803529.16466 1276662786.23569 682911999.199169 936295769.336304 189956602.827711 129460168.924958 0 0
36 2314.95016443297 871165.192840623 1.49899890517274 688466658.60505 805692202.823756 417110820.236867 579617831.536869 124820900.67043 76056551.732951 36371.4220547501 454685.049835568 1148264780.00283 1280713385.89433 685009014.585621 939209785.113465 190584137.134081 129842541.549898 0 0
37 2314.95016443297 871165.192743506 1.49902653123121 685022732.717281 801661878.043031 415024301.254535 576718401.578871 124196507.425266 75676093.0365513 36371.4220547501 454685.049835568 1151708705.8906 1284743710.67505 687095533.567953 942109215.071463 191208530.379245 130223000.246297 0 0
38 2314.95016443297 871165.192532911 1.49904811549662 681596025.36438 797651703.605266 412948214.203963 573833467.849147 123575235.947879 75297536.5127137 36371.4220547501 454685.049835568 1155135413.2435 1288753885.11282 689171620.618525 944994148.801187 191829801.856632 130601556.770135 0 0
39 2314.95016443297 871165.192288399 1.49906464874712 678186458.902446 793661588.646097 410882512.044223 570962964.979551 122957072.161217 74920873.5839316 36371.4220547501 454685.049835568 1158544979.70544 1292744000.07199 691237322.778264 947864651.670783 192447965.643295 130978219.698917 0 0
40 2314.95016443297 871165.192094425 1.49907738794174 674793948.164805 789691433.497478 408827143.176678 568106821.268538 122342000.624325 74546094.8416396 46108.8996585516 454685.049835568 1161937490.44308 1296714155.2206 693292691.64581 950720795.381796 193063037.180186 131352998.441209 0 0
41 2314.95016443297 871165.192402985 1.49908671306852 671418403.465483 785741133.202563 406782053.264651 565264961.20978 121730005.076892 74173190.3780145 46108.8996585516 454685.049835568 1165313035.1424 1300664455.51552 695337781.557837 953562655.440554 193675032.727619 131725902.904834 0 0
42 2314.95016443297 871165.192294769 1.49909378590473 668059694.654336 781810535.45048 404747163.456053 562437275.230293 121121061.922336 73802145.8150599 46108.8996585516 454685.049835568 1168671743.95355 1304595053.2676 697372671.366435 956390341.420041 194283975.882175 132096947.467789 0 0
43 2314.95016443297 871165.191765957 1.49909877136096 664717819.696331 777899637.859693 402722472.517952 559623761.616794 120515170.791702 73432960.9279609 46108.8996585516 454685.049835568 1172013618.91155 1308505950.85839 699397362.304536 959203855.03354 194889867.012809 132466132.354888 0 0
44 2314.95016443297 871165.190800374 1.4991025325667 661392628.798078 774008265.131416 400707889.697304 556824294.258713 119912304.527035 73065619.1686847 46108.8996585516 454685.049835568 1175338809.80981 1312397323.58666 701411945.125184 962003322.391621 195492733.277476 132833474.114164 0 0
45 2314.95016443297 871165.189395095 1.49910520057829 658084098.214815 770136389.477859 398703400.608233 554038853.165415 119312458.823344 72700117.9140912 46108.8996585516 454685.049835568 1178647340.39307 1316269199.24022 703416434.214255 964788763.484919 196092578.981167 133198975.368757 0 0
46 2314.95016443297 871165.187518343 1.49910720562679 654792102.718797 766283864.348687 396708929.380908 551267332.908069 118715610.976495 72336443.3299728 46108.8996585516 454685.049835568 1181939335.88909 1320121724.36939 705410905.44158 967560283.742265 196689426.828016 133562649.952876 0 0
47 2314.95016443297 871165.185152342 1.49910878838626 651516572.256806 762450607.762689 394724433.573253 548509674.5091 118121748.285646 71974587.6773838 46108.8996585516 454685.049835568 1185214866.35108 1323954980.95539 707395401.249235 970317942.141234 197283289.518865 133924505.605465 0 0
48 2314.95016443297 871165.182620634 1.4991100173903 648257451.991429 758636555.545259 392749879.961758 545765831.801069 117530860.808623 71614544.8983046 55846.3772623531 454685.049835568 1188473986.61646 1327769033.17282 709369954.860729 973061784.849265 197874176.995888 134284548.384544 0 0
49 2314.95016443297 871165.186317568 1.49911116445788 645014648.564205 754841598.441747 390785211.984754 543035726.185793 116942931.61928 71256304.6792035 55846.3772623531 454685.049835568 1191716790.04368 1331563990.27633 711334622.837733 975791890.464541 198462106.185231 134642788.603645 0 0
50 2314.95016443297 871165.179682841 1.49911204535338 641787971.950544 751065514.071985 388830314.514933 540319197.68219 116357926.265636 70899846.0276115 55846.3772623531 454685.049835568 1194943466.65735 1335340074.64609 713289520.307554 978508418.968144 199047111.538875 134999247.255237 0 0
51 2314.95016443297 871165.162684787 1.49911265967271 638577458.448959 747308344.915053 386885209.543922 537616276.84986 115775851.328711 70545172.9535118 55846.3772623531 454685.049835568 1198153980.15893 1339097243.80303 715234625.278565 981211339.800474 199629186.4758 135353920.329337 0 0
52 2314.95016443297 871165.130128978 1.49911304261127 635383053.737365 743570027.399416 384949864.160427 534926917.955216 115196696.959762 70192279.4558141 55846.3772623531 454685.049835568 1201348384.87052 1342835561.31866 717169970.66206 983900698.695119 200208340.844749 135706813.827034 0 0
53 2314.95016443297 871165.063729806 1.49911331806509 632204566.589298 739850337.738392 383024162.508979 532250960.005323 114620428.488904 69841144.4092756 55846.3772623531 454685.049835568 1204526872.01859 1346555250.97969 719095672.313508 986576656.645012 200784609.315607 136057948.873573 0 0
54 2314.95016443297 871164.96189604 1.49911349681572 629041980.36403 736149256.457828 381108094.507714 529588388.990407 114047042.899127 69491765.9755555 55846.3772623531 454685.049835568 1207689458.24386 1350256332.26025 721011740.314773 989239227.659927 201357994.905384 136407327.307293 0 0
55 2314.95016443297 871164.856489923 1.49911360187351 625895283.184091 732466769.657869 379201652.960608 526939194.910863 113476538.037014 69144142.8425211 55846.3772623531 454685.049835568 1210836155.4238 1353938819.06021 722918181.861879 991888421.739471 201928499.767497 136754950.440327 0 0
56 2314.95016443297 871165.003304173 1.49911382081043 622764345.256227 728802725.445305 377304759.2318 524303268.494177 112908890.37069 68798260.6716027 55846.3772623531 454685.049835568 1213967093.35166 1357602863.27277 724815075.590687 994524348.156157 202496147.433821 137100832.611246 0 0
57 2314.95016443297 871165.143742143 1.4991140102306 619649069.747564 725157010.499482 375417354.654626 521680528.217066 112344082.344088 68454108.765442 55846.3772623531 454685.049835568 1217082368.86033 1361248578.2186 726702480.167861 997147088.433268 203060955.460423 137444984.517406 0 0
58 2314.95016443297 871165.174879109 1.49911415095852 616549379.393338 721529534.399727 373539392.417862 519070909.030579 111782099.948894 68111678.5884165 55846.3772623531 454685.049835568 1220182059.21455 1364876054.31835 728580442.404624 999756707.619755 203622937.855617 137787414.694432 0 0
59 2314.95016443297 871165.182582494 1.49911425701336 613465194.207505 717920203.540735 371670824.06158 516474343.594727 111222928.683418 67770961.3042773 55846.3772623531 454685.049835568 1223266244.40038 1368485385.17734 730449010.760907 1002353273.05561 204182109.121093 138128131.978571 0 0
60 2314.95016443297 871165.188455601 1.49911433685805 610396437.725764 714328928.438592 369811603.259515 513890767.534463 110666554.684472 67431948.4658309 55846.3772623531 454685.049835568 1226335000.88212 1372076660.27949 732308231.562972 1004936849.11587 204738483.120039 138467144.817018 0 0
61 2314.95016443297 871165.190933172 1.49911439704634 607343031.574449 710755617.374911 367961682.528609 511320114.867255 110112963.742694 67094631.4149518 55846.3772623531 454685.049835568 1229388407.03344 1375649971.34317 734158152.293878 1007507501.78308 205292074.061817 138804461.867897 0 0
62 2314.95016443297 871165.196694418 1.49911444130129 604304907.79702 707200190.822161 366121020.697065 508762328.380715 109562143.537377 66759002.6443193 55846.3772623531 454685.049835568 1232426530.81087 1379205397.89592 735998814.125421 1010065288.26962 205842894.267134 139140090.638529 0 0
63 2314.95016443297 871165.217845875 1.49911447268764 601281992.740153 703662562.58603 364289573.141666 506217346.066348 109014080.71497 66425054.017275 55846.3772623531 454685.049835568 1235449445.86774 1382743026.13205 737830261.680821 1012610270.58399 206390957.089541 139474039.265574 0 0
64 2314.95016443297 871165.260970689 1.49911449570535 598274205.863738 700142638.412805 362467291.0668 503685100.117699 108468760.673329 66092776.6363613 55846.3772623531 454685.049835568 1238457232.74415 1386262950.30527 739652543.755687 1015142516.53264 206936277.131182 139806316.646487 0 0
65 2314.95016443297 871165.332572625 1.49911451486259 595281466.70632 696640324.140822 360654125.724509 501165522.794531 107926168.824571 65762161.6128094 55846.3772623531 454685.049835568 1241449971.90157 1389765264.57726 741465709.097978 1017662093.8558 207478868.97994 140136931.670039 0 0
66 2314.95016443297 871165.439155447 1.4991145346675 592303694.806442 693155525.608412 358850028.366834 498658546.356607 107386290.580813 65433200.0578505 55846.3772623531 454685.049835568 1244427743.80145 1393250063.10967 743269806.455653 1020169070.29373 208018747.223698 140465893.224998 0 0
67 2314.95016443297 871165.58722292 1.49911455962824 589340809.702647 689688148.653911 357054950.245817 496164103.063691 106849111.354171 65105883.0827161 55846.3772623531 454685.049835568 1247390628.90524 1396717440.06417 745064884.576669 1022663513.58664 208555926.450341 140793210.200132 0 0
68 2314.95016443297 871165.715910884 1.49911458760313 586392734.024947 686238102.733502 355268844.48648 493682127.778239 106314617.117252 64780202.1401589 55846.3772623531 454685.049835568 1250338704.58294 1400167485.98458 746850990.336007 1025145488.8721 209090420.687259 141118891.14269 0 0
69 2314.95016443297 871165.493551839 1.49911458895235 583459404.960534 682805314.339214 353491673.033383 491212567.618355 105782796.481922 64456150.2910986 55846.3772623531 454685.049835568 1253272033.64736 1403600274.37887 748628161.789104 1027615049.03198 209622241.322589 141442942.99175 0 0
70 2314.95016443297 871165.179001595 1.49911458452702 580540749.908677 679389698.508554 351723391.901026 488755361.461722 105253636.285468 64133719.5151597 55846.3772623531 454685.049835568 1256190688.69921 1407015890.20953 750396442.921461 1030072255.18861 210151401.519043 141765373.767689 0 0
71 2314.95016443297 871165.107054507 1.49911458325477 577636687.663835 675991160.209074 349963951.890642 486310440.941657 104727121.805103 63812900.8413722 55846.3772623531 454685.049835568 1259094750.94405 1410414428.50901 752155882.931845 1032517175.70868 210677915.999408 142086192.441476 0 0
72 2314.95016443297 871165.2684029 1.49911458329494 574747166.722167 672609639.167351 348213321.798383 483877762.697248 104203243.703038 63493688.5799844 55846.3772623531 454685.049835568 1261984271.88572 1413795949.55073 753906513.024103 1034949853.95309 211201794.101473 142405404.702864 0 0
