"Time" "IECs" "pheme_e" "BiomassCD" "pro_L_e" "leu_L_e" "ile_L_e" "val_L_e" "trp_L_e" "cys_L_e" "Drug" "Damage" "pro_L_v" "leu_L_v" "ile_L_v" "val_L_v" "trp_L_v" "cys_L_v" "CD" "pheme_c"
0 457000 1e+05 0.4963 224235600.199112 195370466.451958 120509812.093413 157438605.791629 18978882.6152 31300034.1459915 0 0 0 0 0 0 0 0 45700000 1000
1 350549.958210697 144792.674703225 0.59412377791385 349382333.295374 378653292.596337 205987823.479982 280662109.434405 54483898.3389038 40512713.4812421 0 106450.041789303 255925625.888255 259442897.657331 146495330.858269 197055367.729796 33899971.2940212 31664136.7118417 48532264.0530176 842.756782038613
2 263998.165714895 238418.856633672 0.697812004858931 407431185.125754 459543620.03391 244565055.913586 335822851.234824 69526565.9279581 45292219.5849927 0 193001.834285104 507443960.057682 538521475.209796 296360860.748156 402183400.210587 75288200.1201076 60120518.9264788 52252899.7326557 1207.67861407485
3 194115.778182246 332164.666355505 0.803529048357478 446464481.841912 510793313.254887 269669116.33862 371383503.005635 78539543.5913303 48909162.9797611 0 262884.221817754 718024768.005889 777912631.73711 423203648.571428 576635650.38125 111837241.625126 83338412.344248 57057131.0625106 1485.01113077553
4 138424.402217705 411495.353672468 0.907130887418978 479519466.910778 552446434.21054 290424149.688246 400626344.795387 85530166.136607 52229271.4265026 0 318575.597782294 883461002.486628 967879943.41798 523275690.339548 714569042.433719 141155599.656456 101403792.26789 63165448.5932077 1648.11307832292
5 94965.9112319634 472214.220995554 1.00479480679127 509970663.629835 590171002.083228 309287737.024815 427206204.713495 91680670.5158891 55441358.9585291 0 362034.088768036 1007323148.78783 1110899239.55499 598347439.104952 818192053.853331 163337616.329493 114879765.274388 70824613.9260745 1721.41873703871
6 62086.9259303079 513580.358353286 1.09354994192501 537868585.418868 624807043.731015 326448681.721842 451519593.127378 97237624.848615 58491961.9075162 0 394913.074069691 1095397590.77546 1213006897.77679 651783387.714088 892046683.815679 179214574.193004 124454692.681237 80308676.3901235 1730.5556721766
7 38254.3305002901 536374.177945528 1.17156457373501 562010433.798269 655403929.180972 341244869.282715 472746912.313895 102102709.414376 61235296.261069 0 418745.669499709 1154281297.93624 1281529776.72028 687529366.57557 941523442.241761 189884206.944271 130863074.972811 91917624.8351939 1694.48923195801
8 21929.0225758486 542389.490535394 1.238152998883 580963086.224889 680608384.559138 352838701.606606 489808983.301046 106088746.625339 63517681.0538303 9737.47760380151 435070.977424151 1190816548.31573 1324222276.99986 709715775.417617 972287030.785457 196536992.962832 134849608.423035 105972262.385657 1626.69633040306
9 20168.424381793 691866.376580988 1.29357937945862 561356653.850148 658108916.577502 340939403.492321 473445738.983733 102587196.611936 61410892.1742855 4666.96390333338 436831.575618206 1216257732.19485 1354044072.87058 725167379.026029 993742492.023445 201185619.240772 137632467.009097 1699891.18515908 1123.74078602738
10 20055.8575050848 772751.567494864 1.33875823521281 537797167.048126 630520529.106147 326631107.052033 453587008.295185 98287019.6614857 58836055.169252 2766.2712763153 436944.142494914 1240188843.74789 1382100625.98216 739701929.407078 1013926173.9411 205559133.945724 140250529.694787 636578.57854072 932.363485489761
11 19996.9220675102 808014.339519366 1.37495942907991 515156864.098733 603993189.776395 312880799.391388 434497640.078964 94152059.7099602 56360461.585501 1700.82012529337 437003.077932489 1263023855.53175 1408873077.79678 753570780.191929 1033185735.07697 209732490.809823 142748754.486566 450889.911765966 959.027709367604
12 19948.9183585517 823223.349242572 1.4035712883134 493498445.589072 578613028.985318 299726775.618151 416234993.942648 90195883.2737129 53991968.6984311 996.243259237734 437051.081641448 1284841094.27265 1434452886.01342 766821496.958129 1051587105.03672 213719942.449095 145135680.797876 415445.040655439 1111.10977594524
13 19901.3549611721 829724.113370618 1.42594038419301 472804442.678369 554362587.637629 287158478.552445 398785408.965058 86415803.3555093 51728903.1778184 526.159982578832 437098.645038827 1305692753.2108 1458901143.53081 779485777.789836 1069174269.38834 217531011.215005 147417010.663083 438827.684115518 1350.20642396832
14 19849.1197833247 832429.257166778 1.44328064430968 453048869.930286 531212723.235165 275160150.751957 382127439.196582 82807293.6434034 49568524.7709551 242.383898230863 437150.880216675 1325621834.98949 1482268254.03794 791589740.397673 1085983492.73552 221173554.214095 149597447.37824 499141.734579187 1625.00902319769
15 19788.5778482931 833453.94233341 1.45663415924694 434206119.349577 509134201.946836 263716255.975844 366239768.147088 79365808.4067114 47508091.4593618 97.3689732326306 437211.422151706 1344666143.62381 1504598569.23407 803156345.954913 1102046670.37094 224654485.722633 151681128.792885 589633.58712386 1864.06083955993
16 19716.5706178015 833706.02270671 1.46686534393993 416252723.545661 488100068.83421 252812555.142429 351102803.360841 76087155.3149776 45545076.3438897 9772.7565040864 437283.429382198 1362859826.31693 1525932180.41831 814206335.287155 1117392622.9934 227980056.314887 153671794.684866 708793.99540876 2016.885054323
17 19706.8409904829 835317.499753552 1.474673747464 398886591.946161 467738707.38052 242265219.579922 336455540.041848 72913168.5089083 43645100.2844722 7651.58531493629 437293.159009516 1380258474.11667 1546334007.39202 824773466.889654 1132068146.04146 231160382.705904 155575506.921174 1495.94922891539 38.4373558273232
18 19706.809003909 836161.885178784 1.48061537087219 382216233.39998 448190872.761306 232140416.953284 322394316.647004 69865966.1075452 41821074.930571 7612.83428379715 437293.19099609 1396928939.85563 1565881975.04339 834898334.775411 1146129462.47023 234207605.949448 157399544.557919 8.75048202612335 0.789006705921007
19 19706.8088153599 836521.024172029 1.48512627316687 366242472.538919 429459868.735995 222438695.304062 308920661.522977 66946094.7499204 40073268.8711254 7612.0540516616 437293.191184639 1412902701.35022 1584612979.85288 844600056.810325 1159603118.14339 237127477.429933 159147350.689768 0.0521143761694752 0.0153469137754075
20 19706.8088142367 836673.539174489 1.48854507575041 350936294.060909 411511678.963345 213142432.23786 296010103.258101 64148251.9231988 38398507.8820994 7612.03895900559 437293.191185762 1428208879.83202 1602561169.6302 853896319.87883 1172513676.41154 239925320.257386 160822111.679225 0.000310717039463079 0.000293432987810969
21 19706.80881423 836738.311573447 1.49113283285266 336269793.39795 394313582.287477 204234679.814913 283639104.734581 61467336.9101855 36793738.7235932 7612.03867087529 437293.191185769 1442875380.495 1619759266.3061 862804072.301791 1184884674.93508 242606235.270404 162426880.837734 1.83684063824895e-06 5.53643907904986e-06
22 19706.8088142299 836765.829623227 1.49308974820145 322216211.702588 377834200.995831 195699185.952078 271785095.220055 58898458.4149311 35256033.5143183 7612.03866545121 437293.191185769 1456928962.19036 1636238647.59774 871339566.164626 1196738684.44961 245175113.765658 163964586.047009 1.05491661875055e-07 1.13850051597493e-07
23 19706.8088142299 836777.563700362 1.4945693574916 308749726.730054 362043255.646016 187520267.41525 260426293.994008 56436896.3446706 33782566.8535224 7612.0386653367 437293.191185769 1470395447.1629 1652029592.94756 879518484.701455 1208097485.67565 247636675.835919 165438052.707805 3.53560589348576e-08 -3.61497256259026e-10
24 19706.8088142299 836782.469207082 1.49568591804317 295846146.472223 346912378.428691 179683231.100467 249542295.418879 54078228.6004136 32370691.7165733 17349.516269138 437293.191185769 1483299027.42073 1667160470.16488 887355521.016237 1218981484.25078 249995343.580176 166849927.844754 0 0
25 19706.8088142299 836784.570701234 1.49652893401673 283481916.970181 332413949.717894 172173771.425273 239113232.043145 51818149.7132878 31017830.8924721 17349.516269138 437293.191185769 1495663256.92277 1681658898.87568 894864980.691431 1229410547.62651 252255422.467302 168202788.668855 0 0
26 19706.8088142299 836785.425402991 1.49716339344697 271634776.328311 318521864.975002 164978367.546546 229120326.253514 49652590.3929049 29721548.5443198 17349.516269138 437293.191185769 1507510397.56464 1695550983.61857 902060384.570158 1239403453.41615 254420981.787685 169499071.017008 0 0
27 19706.8088142299 836785.847225225 1.49764280847479 260282541.493342 305210112.112775 158083546.506346 219544866.939162 47577495.7606052 28479417.4619349 17349.516269138 437293.191185769 1518862632.39961 1708862736.4808 908955205.610357 1248978912.7305 256496076.419984 170741202.099393 0 0
28 19706.8088142299 836786.078449296 1.49800479072647 249404720.867456 292454662.462864 151476862.658348 210369569.709481 45589120.121796 27289195.5096547 17349.516269138 437293.191185769 1529740453.0255 1721618186.13071 915561889.458355 1258154209.96018 258484452.058794 171931424.051673 0 0
29 19706.8088142299 836786.113688291 1.49827767903369 238981510.921841 280232294.194044 145146288.257433 201577730.550928 43683843.5552074 26148715.8384811 17349.516269138 437293.191185769 1540163662.97111 1733840554.39953 921892463.859271 1266946049.11873 260389728.625382 173071903.722846 0 0
30 19706.8088142299 836786.081491668 1.49848319613757 228993966.961964 268520792.553419 139080317.174598 193153369.865268 41858203.1273723 25055905.5707588 17349.516269138 437293.191185769 1550151206.93099 1745552056.04015 927958434.942106 1275370409.80439 262215369.053217 174164713.990568 0 0
31 19706.8088142299 836786.095169169 1.4986385136963 219423807.351387 257298720.297158 133267845.991583 185081067.334964 40108857.1063593 24008764.3788709 17349.516269138 437293.191185769 1559721366.54157 1756774128.29641 933770906.12512 1283442712.3347 263964715.07423 175211855.182456 0 0
32 19706.8088142299 836786.155649758 1.49875571014825 210253616.909352 246545656.196696 127698297.535132 177346133.486337 38432622.1411685 23005386.7404562 27086.9938729395 437293.191185769 1568891556.9836 1767527192.39687 939340454.581572 1291177646.18332 265640950.039421 176215232.820871 0 0
33 19706.8088142299 836786.129637369 1.49884408148724 201466565.092759 236241864.575883 122361449.71379 169934371.97981 36826421.7477285 22043931.1026381 27086.9938729395 437293.191185769 1577678608.80019 1777830984.01768 944677302.402914 1298589407.68985 267247150.432861 177176688.458689 0 0
34 19706.8088142299 836786.119193633 1.49891048417683 193047028.514219 226369025.282359 117247813.606508 162832604.695614 35287400.1000473 21122687.9962794 27086.9938729395 437293.191185769 1586098145.37873 1787703823.31121 949790938.510196 1305691174.97404 268786172.080542 178097931.565048 0 0
35 19706.8088142299 836786.11385568 1.49896065065799 184979199.211714 216908601.729567 112347788.190165 156027497.827731 33812667.6334172 20239927.7565821 27086.9938729395 437293.191185769 1594165974.68124 1797164246.864 954690963.926539 1312496281.84193 270260904.547172 178980691.804745 0 0
36 19706.8088142299 836786.111008194 1.49899853759742 177248475.633612 207843471.980763 107652505.159367 149506735.161283 32399555.304971 19394052.7209366 27086.9938729395 437293.191185769 1601896698.25934 1806229376.6128 959386246.957337 1319017044.50837 271674016.875619 179826566.840391 0 0
37 19706.8088142299 836786.110718441 1.49902708466742 169840843.375349 199157202.594184 103153452.814625 143258495.732147 31045501.3974689 18583529.4707901 27086.9938729395 437293.191185769 1609304330.5176 1814915645.99938 963885299.302079 1325265283.93751 273028070.783121 180637090.090537 0 0
38 19706.8088142299 836786.110863002 1.49904861039581 162742793.150551 190833952.435095 98842426.2418155 137271384.636681 29748036.5250986 17806879.8562674 27086.9938729395 437293.191185769 1616402380.7424 1823238896.15847 968196325.874889 1331252395.03298 274325535.655491 181413739.70506 0 0
39 19706.8088142299 836786.110190053 1.49906487864379 155941371.105594 182858531.675186 94711557.8709114 131534475.471394 28504792.83056 17062686.5014545 27086.9938729395 437293.191185769 1623203802.78736 1831214316.91838 972327194.245793 1336989304.19826 275568779.350029 182157933.059873 0 0
40 19706.8088142299 836786.108745724 1.49907718588825 149424180.709276 175216404.008427 90753318.6236842 126037311.926857 27313504.3304829 16349593.0111622 36824.471476741 437293.191185769 1629720993.18368 1838856444.58514 976285433.49302 1342486467.7428 276760067.850106 182871026.550165 0 0
41 19706.8088142299 836786.109799736 1.49908639564865 143179364.799903 167893665.599281 86960507.0099318 120769892.644654 26172003.6337811 15666302.0065655 36824.471476741 437293.191185769 1635965809.09305 1846179182.99429 980078245.106772 1347753887.025 277901568.546808 183554317.554762 0 0
42 19706.8088142299 836786.110223095 1.49909331552935 137195720.549534 160877179.891019 83326318.9514337 115722768.188202 25078242.956167 15011587.7042836 36824.471476741 437293.191185769 1641949453.34342 1853195668.70255 983712433.16527 1352801011.48146 278995329.224422 184209031.857044 0 0
43 19706.8088142299 836786.11043918 1.49909854288969 131462032.152067 154153795.108582 79843942.487636 110886478.174011 24030172.141052 14384222.9009002 36824.471476741 437293.191185769 1647683141.74089 1859919053.48499 987194809.629068 1357637301.49565 280043400.039537 184836396.660427 0 0
44 19706.8088142299 836786.110554593 1.49910249058269 125967919.051659 147711338.900358 76507072.9502615 106252266.741091 23025893.7086868 13783071.7838414 36824.471476741 437293.191185769 1653177254.8413 1866361509.69321 990531679.166443 1362271512.92857 281047678.471902 185437547.777486 0 0
45 19706.8088142299 836786.110566474 1.49910546497095 120703422.326859 141538133.327773 73309661.7522128 101811733.671464 22063587.2506016 13207044.6746379 36824.471476741 437293.191185769 1658441751.5661 1872534715.26579 993729090.364491 1366712045.99819 282009984.929987 186013574.886689 0 0
46 19706.8088142299 836786.110560587 1.49910770771859 115658941.063444 135622920.255378 70245877.7433809 97556780.7214909 21141497.7990864 12655091.0670104 36824.471476741 437293.191185769 1663486232.82951 1878449928.33819 996792874.373323 1370966998.94817 282932074.381503 186565528.494317 0 0
47 19706.8088142299 836786.110587704 1.49910940264113 110825269.171279 129954904.522705 67310129.5715001 93479642.6764093 20257942.557009 12126203.6552724 36824.471476741 437293.191185769 1668319904.72168 1884117944.07086 999728622.545204 1375044136.99325 283815629.62358 187094415.906055 0 0
48 19706.8088142299 836786.110646059 1.49911068489172 106193596.533751 124523755.292108 64497066.3802622 89572888.319864 19411311.1079223 11619418.4600981 46561.9490805425 437293.191185769 1672951577.35921 1889549093.30146 1002541685.73644 1378950891.34979 284662261.072667 187601201.101229 0 0
49 19706.8088142299 836786.110603534 1.49911164438823 101755503.072147 119319599.088578 61801574.2042921 85829415.4272872 18600064.3310807 11133814.1790621 46561.9490805425 437293.191185769 1677389670.82081 1894753249.50499 1005237177.91241 1382694364.24237 285473507.849509 188086805.382265 0 0
50 19706.8088142299 836786.110586448 1.49911236533207 97503012.864315 114333083.259878 59218808.8383144 82242496.4142709 17822744.2938844 10668518.1081585 46561.9490805425 437293.191185769 1681642161.02865 1899739765.33369 1007819943.27839 1386281283.25538 286250827.886705 188552101.453169 0 0
51 19706.8088142299 836786.110577735 1.49911290992538 93428163.8560721 109554871.415499 56743934.4998164 78805415.393857 17077895.5986839 10222659.0607776 46561.9490805425 437293.191185769 1685717010.03689 1904517977.17807 1010294817.61689 1389718364.2758 286995676.581905 188997960.500549 0 0
52 19706.8088142299 836786.110573078 1.49911332120252 89523577.1561639 104976310.988066 54372469.5924062 75511948.369271 16364169.4451894 9795429.65843276 46561.9490805425 437293.191185769 1689621596.7368 1909096537.6055 1012666282.5243 1393011831.30038 287709402.7354 189425189.902894 0 0
53 19706.8088142299 836786.110572595 1.49911363107808 85782175.5208208 100589103.125294 52100115.7263871 72356125.779386 15680272.1717766 9386055.52809592 46561.9490805425 437293.191185769 1693362998.37214 1913483745.46827 1014938636.39032 1396167653.89027 288393300.008813 189834564.033231 0 0
54 19706.8088142299 836786.110572833 1.49911386472963 82197135.6915758 96385246.8007982 49922728.7709579 69332192.2963047 15024956.5432335 8993790.08712954 46561.9490805425 437293.191185769 1696948038.20139 1917687601.79277 1017116023.34574 1399191587.37335 289048615.637356 190226829.474198 0 0
55 19706.8088142299 836786.110571743 1.49911404130632 78761915.0452221 92357070.0641247 47836335.0401616 66434629.3042449 14397026.6221527 8617917.45925348 46561.9490805425 437293.191185769 1700383258.84774 1921715778.52944 1019202417.07654 1402089150.36541 289676545.558437 190602702.102074 0 0
56 19706.8088142299 836786.110569393 1.49911417489265 75470252.3217577 88497230.8943442 45837131.7350052 63658155.5135505 13795337.9019932 8257752.5541946 46561.9490805425 437293.191185769 1703674921.5712 1925575617.69922 1021201620.3817 1404865624.1561 290278234.278596 190962867.007133 0 0
57 19706.8088142299 836786.110567389 1.4991142754845 72316148.072887 84798694.2737549 43921475.068786 60997710.4692629 13218793.7332289 7912638.92841441 46561.9490805425 437293.191185769 1706829025.82007 1929274154.31981 1023117277.04792 1407526069.20039 290854778.447361 191307980.632913 0 0
58 19706.8088142299 836786.110569098 1.49911435059325 69293861.9919266 81254729.0569007 42085878.6454 58448452.2989313 12666344.8352765 7581948.49295441 46561.9490805425 437293.191185769 1709851311.90103 1932818119.53667 1024952873.4713 1410075327.37072 291407227.345313 191638671.068373 0 0
59 19706.8088142299 836786.110575755 1.49911440608619 66397897.6043545 77858890.0185452 40327004.161092 56005744.7992955 12136986.4980555 7265079.83831715 46561.9490805425 437293.191185769 1712747276.28861 1936213958.57502 1026711747.95561 1412518034.87036 291936585.682534 191955539.72301 0 0
60 19706.8088142299 836786.110585524 1.49911444805007 63622963.204654 74604972.0477932 38641637.6793054 53665124.487031 11629751.4415657 6961453.9602804 46561.9490805425 437293.191185769 1715522210.68831 1939467876.54577 1028397114.4374 1414858655.18262 292443820.739024 192259165.601047 0 0
61 19706.8088142299 836786.110593026 1.49911448023676 60963998.8976578 71487041.8570626 37026706.0543408 51422323.4077646 11143714.7588212 6670517.2186885 46561.9490805425 437293.191185769 1718181174.9953 1942585806.73651 1030012046.06236 1417101456.26189 292929857.421768 192550102.342639 0 0
62 19706.8088142299 836786.11058942 1.49911450496432 58416161.1294041 68499419.8427994 35479267.5361156 49273256.0880568 10677991.0882196 6391739.64486018 46561.9490805425 437293.191185769 1720729012.76356 1945573428.75077 1031559484.58059 1419250523.5816 293395581.09237 192828879.916467 0 0
63 19706.8088142299 836786.11057371 1.49911452389787 55974801.2233317 65636654.9167891 33996498.7340437 47214001.4309673 10231730.6901351 6124612.59307656 46561.9490805425 437293.191185769 1723170372.66963 1948436193.67678 1033042253.38266 1421309778.23869 293841841.490454 193096006.968251 0 0
64 19706.8088142299 836786.110546846 1.49911453784436 53635472.0689743 62893532.349391 32575698.6794385 45240808.3578797 9804120.66955693 5868649.47244012 46561.9490805425 437293.191185769 1725509701.82399 1951179316.24418 1034463053.43726 1423282971.31177 294269451.511032 193351970.088887 0 0
65 19706.8088142299 836786.110511548 1.49911454799515 51393893.8568528 60265033.5899049 31214268.0144756 43350066.9063385 9394378.71271115 5623381.99767858 46561.9490805425 437293.191185769 1727751280.03611 1953807815.00366 1035824484.10223 1425173712.76331 294679193.467878 193597237.563648 0 0
66 19706.8088142299 836786.110474703 1.49911455471629 49245985.6522099 57746373.2902713 29909728.1686146 41538334.8620749 9001758.85847793 5388363.64385824 46561.9490805425 437293.191185769 1729899188.24075 1956326475.3033 1037129023.94809 1426985444.80758 295071813.322111 193832255.917469 0 0
67 19706.8088142299 836786.110450329 1.49911455811139 47187847.4390434 55332978.2497123 28659710.452978 39802322.613387 8625548.21618953 5163167.68169022 46561.9490805425 437293.191185769 1731957326.45392 1958739870.34385 1038379041.66372 1428721457.05627 295448023.9644 194057451.879637 0 0
68 19706.8088142299 836786.110463764 1.49911455844835 45215745.3735287 53020470.1227352 27461947.1039635 38138880.712598 8265064.2700778 4947385.56399957 46561.9490805425 437293.191185769 1733929428.51943 1961052378.47083 1039576805.01274 1430384898.95706 295808507.910511 194273233.997328 0 0
69 19706.8088142299 836786.110585583 1.49911455635848 43326090.5035625 50804640.4654412 26314258.358482 36544981.9262736 7919650.9893829 4740624.59727479 46561.9490805425 437293.191185769 1735819083.3894 1963268208.12813 1040724493.75822 1431978797.74338 296153921.191206 194479994.964052 0 0
70 19706.8088142299 836786.110914365 1.49911455321555 41515434.5494645 48681445.7879293 25214549.8913508 35017717.6763 7588678.05710032 4542507.48000354 46561.9490805425 437293.191185769 1737629739.3435 1965391402.80564 1041824202.22535 1433506061.99335 296484894.123489 194678112.081324 0 0
71 19706.8088142299 836786.111573832 1.49911455146421 39780460.8891378 46646996.9833999 24160807.3400989 33554290.4359866 7271539.22214291 4352671.31629308 46561.9490805425 437293.191185769 1739364713.00382 1967425851.61017 1042877944.7766 1434969489.23367 296802032.958446 194867948.245034 0 0
72 19706.8088142299 836786.112725044 1.49911455489547 38117970.5225019 44697542.8698964 23151087.7804135 32152001.8912512 6967649.73375519 4170766.08013616 46561.9490805425 437293.191185769 1741027203.37046 1969375305.72367 1043887664.33629 1436371777.7784 297105922.446834 195049853.481191 0 0
