"Time" "IECs" "pheme_e" "BiomassCD" "pro_L_e" "leu_L_e" "ile_L_e" "val_L_e" "trp_L_e" "cys_L_e" "Drug" "Damage" "pro_L_v" "leu_L_v" "ile_L_v" "val_L_v" "trp_L_v" "cys_L_v" "CD" "pheme_c"
0 457000 1e+05 0.4963 224235600.199112 195370466.451958 120509812.093413 157438605.791629 18978882.6152 31300034.1459915 0 0 0 0 0 0 0 0 45700000 1000
1 384564.600767053 126603.051105292 0.594123778040054 261231190.070145 277319717.200403 152587182.585101 207086716.642122 38786057.3881484 30942593.6248406 0 72435.3992329471 222262889.824741 219309574.661382 125746782.734504 168272969.633641 27420369.8685431 28172633.8266026 48532264.0503307 739.648122587246
2 319762.457433025 191282.391796684 0.697812003443463 284965796.679845 319009578.61611 170464636.053011 233737632.149202 47820840.424775 31946398.7404694 0 137237.542566975 430321564.210188 447131827.371898 248969980.159405 336511492.730303 60635977.3141261 52052851.7512406 52252899.7682651 969.823126842923
3 261772.154300934 261353.785353982 0.803529042934258 306509178.959525 349981579.236727 184979579.650095 254643069.977045 53697630.0794496 33642828.342825 0 195227.845699066 616022186.819423 657341497.477646 360610004.19844 489927297.011514 92567976.7511819 72624698.5516078 57057131.1036365 1168.48619816121
4 210067.517038531 326381.917066993 0.90713087035447 329233534.828448 379346555.909176 199451409.08086 275106356.383495 58766930.5662891 35823139.3192817 0 246932.482961469 777834778.192781 843016107.179533 458470026.618159 624783186.618231 121208869.140454 90298968.283914 63165448.5628103 1306.93483190894
5 164385.523581379 382505.527066062 1.00479474309715 354028635.909972 410001834.355036 214864101.785767 296754830.062851 63805077.5164453 38388010.0770284 0 292614.476418621 915753281.495613 1002352239.52197 542104553.113877 740218341.800819 145953712.381678 105275983.013714 70824613.5387839 1394.00144805713
6 124667.254349169 427802.557229092 1.09354976508506 380668388.33059 442475745.030308 231251986.415977 319763331.497084 69020058.6080019 41243573.1928364 0 332332.745650831 1030139450.6108 1135066610.58346 611562126.444035 836202395.222286 166632803.580752 117672235.283074 80308707.6997671 1441.12490134506
7 90966.6884098333 461035.696535393 1.17156468484763 408197611.449533 476081239.390205 248107008.66503 343514070.799035 74357451.4601642 44265515.6166337 0 366033.311590166 1121662413.10881 1241621769.96526 667176853.706362 913149948.672951 183265206.428792 127591310.179982 91917663.7180677 1456.13360857846
8 63330.899337844 481473.915021216 1.23815321552368 435103829.453727 509358925.828246 264542657.232205 366856582.210671 79613102.0950749 47290770.9544542 9737.47760380151 393669.100662156 1191557690.04621 1323281330.27762 709666782.226384 972021821.924385 196024187.365045 135178197.845805 105972312.137048 1443.7199462279
9 62463.1740943953 636475.758593136 1.29357955773113 382660713.866188 448030642.865802 232659235.139583 322662756.509956 70028799.6084216 41595197.2498832 7145.86082478243 394536.825905605 1247020534.80209 1388218482.52757 743388400.075176 1018788414.25633 206174089.136251 141206978.04386 5.50666580354419 7.56820709450961
10 62463.1740053719 704895.252859643 1.33875837915665 334231757.117696 391328567.536765 203214236.927469 281827049.806031 61166061.4592232 36330972.4799491 7138.31414777545 394536.825994628 1295449491.86113 1444920558.22685 772833398.47633 1059624121.22453 215036827.343478 146471202.847979 3.95888184523811e-06 0.0226920736624229
11 62463.1740053719 733545.31795644 1.3749595435258 291931895.089615 341802620.160608 177495752.668815 246159447.704481 53424977.8984078 31732979.9477593 7138.29152370865 394536.825994628 1337749353.88921 1494446505.60301 798551882.734984 1095291723.32608 222777910.904294 151069195.380169 1.01233387671022e-08 6.8007828439072e-05
12 62463.1740053719 745542.151866641 1.40357137543176 254985441.471376 298544603.942544 155032162.003603 215005884.937681 46663594.5032393 27716902.5970864 7138.29145589162 394536.825994628 1374695807.50745 1537704521.82107 821015473.400197 1126445286.09288 229539294.299462 155085272.730842 1.21611477403464e-08 1.90832480673762e-07
13 62463.1740053719 750565.981892975 1.42594045130583 222714870.845747 260761251.799635 135411526.784934 187795066.332627 40757920.777818 24209093.4546443 7138.29145568044 394536.825994628 1406966378.13308 1575487873.96398 840636108.618865 1153656104.69794 235444968.024883 158593081.873284 1.46642338544862e-08 -2.0304889594498e-08
14 62463.1740053719 752669.319270253 1.44328070045645 194528416.461178 227759705.46731 118274050.475541 164028009.149912 35599660.4854033 21145227.5090976 7138.29145568282 394536.825994628 1435152832.51765 1608489420.2963 857773584.928258 1177423161.88065 240603228.317298 161656947.818831 1.77317251051124e-08 -1.78614929549055e-08
15 62463.1740053719 753550.34339531 1.45663420457349 169909196.463825 198934784.165641 103305466.853639 143268874.230437 31094221.6951991 18469119.7331191 7138.29145568371 394536.825994628 1459772052.515 1637314341.59798 872742168.55016 1198182296.80013 245108667.107502 164333055.59481 2.14864444751345e-08 -1.69076525866775e-08
16 62463.1740053719 753919.2841451 1.46686538880256 148405745.035812 173757898.171956 90231282.9073424 125136981.770948 27158983.9339108 16131695.8186705 16875.769059488 394536.825994628 1481275503.94302 1662491227.59166 885816352.496456 1216314189.25962 249043904.868791 166670479.509258 2.60796008708108e-08 0
17 62463.1740053719 754073.711997255 1.47467368053563 129623855.965692 151767499.028477 78811819.6930889 109299933.753538 23721805.5188784 14090105.5735888 16875.769059488 394536.825994628 1500057393.01314 1684481626.73514 897235815.710709 1232151237.27703 252481083.283823 168712069.75434 -1.26533564650202e-08 -1.55699379545197e-12
18 62463.1740053719 754138.389239801 1.48061540025295 113218832.692951 132560005.661925 68837500.3318873 95467079.1175025 20719605.2779626 12306880.5018761 16875.769059488 394536.825994628 1516462416.28588 1703689120.10169 907210135.071911 1245984091.91306 255483283.524739 170495294.826052 -1.26533564650202e-08 -3.43507402738826e-12
19 62463.1740053719 754165.360989184 1.48512632778564 98890019.3181322 115783401.126125 60125524.8417353 83384902.2607287 18097361.6974005 10749339.3248193 16875.769059488 394536.825994628 1530791229.6607 1720465724.63749 915922110.562063 1258066268.76984 258105527.105301 172052836.003109 -1.26533564650202e-08 -4.43507402738827e-12
20 62463.1740053719 754176.72121442 1.48854514438683 86374640.7786711 101130020.495082 52516124.9400395 72831829.0237652 15806985.6435758 9388918.40846336 16875.769059488 394536.825994628 1543306608.20016 1735119105.26853 923531510.463759 1268619342.0068 260395903.159126 173413256.919465 -1.26533564650202e-08 -5.43507402738827e-12
21 62463.1740053719 754181.497306176 1.49113287244676 75443191.0520939 88331151.2329515 45869760.05283 63614337.9836802 13806476.3814389 8200670.46156832 16875.769059488 394536.825994628 1554238057.92674 1747917974.53066 930177875.350968 1277836833.04689 262396412.421263 174601504.86636 -1.26533564650202e-08 -6.43507402738828e-12
22 62463.1740053719 754183.494679442 1.4930896093358 65895209.7264018 77152088.2759414 40064549.4527643 55563399.2224203 12059148.6660383 7162805.44905656 16875.769059488 394536.825994628 1563786039.25243 1759097037.48767 935983085.951034 1285887771.80815 264143740.136663 175639369.878872 -1.26533564650202e-08 -7.43507402738829e-12
23 62463.1740053719 754184.335807361 1.49456817194249 57555585.0345148 67387805.5141415 34994024.4893734 48531357.0141258 10532956.1795739 6256288.73207278 16875.769059488 394536.825994628 1572125663.94432 1768861320.24948 941053610.914425 1292919814.01644 265669932.623128 176545886.595856 -1.26533564650202e-08 -8.4350740273883e-12
24 62463.1740053719 754184.668143658 1.49568471154198 50271412.2347459 58859277.4891398 30565218.4719021 42389280.7849262 9199916.59951576 5464499.57412509 26613.2466632895 394536.825994628 1579409836.74409 1777389848.27448 945482416.931896 1299061890.24564 267002972.203186 177337675.753803 0 0
25 62463.1740053719 754184.827013487 1.49652743943778 43909219.18462 51410231.0126214 26696979.8071624 37024625.6932737 8035603.86491704 4772929.56112105 26613.2466632895 394536.825994628 1585772029.79421 1784838894.751 949350655.596636 1304426545.33729 268167284.937785 178029245.766807 0 0
26 62463.1740053719 754184.893636591 1.497163397359 38352147.7230689 44903845.0440899 23318258.2687035 32338855.9475259 7018632.35544184 4168876.21777694 26613.2466632895 394536.825994628 1591329101.25577 1791345280.71953 952729377.135095 1309112315.08304 269184256.44726 178633299.110151 0 0
27 62463.1740053719 754184.921647861 1.49764321171797 33498341.9620841 39220863.654386 20367125.0717304 28246085.7998101 6130361.94078168 3641267.81501448 26613.2466632895 394536.825994628 1596182907.01675 1797028262.10923 955680510.332068 1313205085.23076 270072526.86192 179160907.512914 0 0
28 62463.1740053719 754184.933147792 1.49800510968723 29258838.3340042 34257125.6297579 17789490.0134672 24671300.4160174 5354511.84889344 3180434.01822426 26613.2466632895 394536.825994628 1600422410.64483 1801992000.13386 958258145.390331 1316779870.61455 270848376.953808 179621741.309704 0 0
29 62463.1740053719 754184.938098373 1.4982780473192 25555880.0229098 29921590.9575733 15538076.6407448 21548934.5900705 4676852.19862393 2777922.66605674 26613.2466632895 394536.825994628 1604125368.95592 1806327534.80605 960509558.763053 1319902236.4405 271526036.604078 180024252.661871 0 0
30 62463.1740053719 754184.93991268 1.49848389834604 22321531.3443685 26134718.5005605 13571579.7873782 18821704.3771846 4084950.42436328 2426349.15358148 26613.2466632895 394536.825994628 1607359717.63447 1810114407.26306 962476055.61642 1322629466.65338 272117938.378339 180375826.174347 0 0
31 62463.1740053719 754184.939814663 1.49863900217754 19496588.5196752 22827190.6986132 11854003.3205746 16439688.649476 3567971.94235407 2119278.03351069 26613.2466632895 394536.825994628 1610184660.45916 1813421935.06501 964193632.083223 1325011482.38109 272634916.860348 180682897.294418 0 0
32 62463.1740053719 754184.940556634 1.49875597137456 17029164.8486866 19938257.0467033 10353799.9203927 14359136.1017077 3116421.23033574 1851069.22456888 36350.724267091 394536.825994628 1612652084.13015 1816310868.71692 965693835.483405 1327092034.92886 273086467.572366 180951106.103359 0 0
33 62463.1740053719 754184.941193011 1.49884421894631 14874007.3725503 17414934.0231058 9043455.607966 12541889.0555121 2722016.77345095 1616803.73277155 36350.724267091 394536.825994628 1614807241.60629 1818834191.74052 967004179.795832 1328909281.97506 273480872.029251 181185371.595156 0 0
34 62463.1740053719 754184.94145988 1.49891075545532 12991579.8677083 15210931.4312687 7898932.2022112 10954610.232164 2377523.24762134 1412183.97292679 36350.724267091 394536.825994628 1616689669.11113 1821038194.33236 968148703.201586 1330496560.7984 273825365.55508 181389991.355001 0 0
35 62463.1740053719 754184.941572084 1.49896092217921 11347379.7682437 13285852.6320069 6899252.00590025 9568206.77571525 2076626.51296515 1233459.51813435 36350.724267091 394536.825994628 1618333869.21059 1822963273.13162 969148383.397897 1331882964.25485 274126262.289737 181568715.809793 0 0
36 62463.1740053719 754184.941618149 1.49899874112779 9911271.14527144 11604413.5757624 6026092.25447815 8357267.81556509 1813811.54573298 1077354.59468434 36350.724267091 394536.825994628 1619769977.83356 1824644712.18786 970021543.14932 1333093903.215 274389077.256969 181724820.733243 0 0
37 62463.1740053719 754184.941637979 1.49902725274774 8656914.31030412 10135774.9651146 5263438.31264199 7299583.50318425 1584258.05290797 941006.079976365 36350.724267091 394536.825994628 1621024334.66853 1826113350.79851 970784197.091156 1334151587.52738 274618630.749794 181861169.247951 0 0
38 62463.1740053719 754184.941645247 1.49904875022802 7561296.42133956 8852992.67430684 4597298.28097643 6375749.21519091 1383754.57080279 821912.479428724 36350.724267091 394536.825994628 1622119952.5575 1827396133.08932 971450337.122821 1335075421.81538 274819134.231899 181980262.848499 0 0
39 62463.1740053719 754184.941644856 1.49906494433821 6604362.51067537 7732585.74554302 4015478.65939821 5568854.43287712 1208630.94132826 717893.819223349 36350.724267091 394536.825994628 1623076886.46816 1828516540.01808 972032156.744399 1335882316.59769 274994257.861373 182084281.508705 0 0
40 62463.1740053719 754184.941647826 1.49907715495535 5768536.27135322 6753975.31138132 3507292.98340933 4864078.66527799 1055670.61354706 627039.555820309 46088.2018708925 394536.825994628 1623912712.70748 1829495150.45224 972540342.420388 1336587092.36529 275147218.189155 182175135.772108 0 0
41 62463.1740053719 754184.941650375 1.49908636628527 5038488.56866673 5899213.56106324 3063421.07817369 4248496.25611346 922068.280136946 547683.413172221 46088.2018708925 394536.825994628 1624642760.41017 1830349912.20256 972984214.325624 1337202674.77445 275280820.522565 182254491.914756 0 0
42 62463.1740053719 754184.941651444 1.49909331076341 4400826.55680392 5152619.74895277 2675720.0401999 3710814.24430694 805372.984201683 478369.589721452 46088.2018708925 394536.825994628 1625280422.42203 1831096506.01467 973371915.363598 1337740356.78626 275397515.8185 182323805.738207 0 0
43 62463.1740053719 754184.941651893 1.49909854634732 3843862.77486628 4500509.84522878 2337083.846803 3241177.66379187 703445.862702683 417827.659150864 46088.2018708925 394536.825994628 1625837386.20397 1831748615.91839 973710551.556994 1338209993.36678 275499442.939999 182384347.668777 0 0
44 62463.1740053719 754184.941652078 1.49910249306329 3357388.84060957 3930931.56972814 2041305.7609993 2830978.72015642 614418.731296443 364947.97090667 46088.2018708925 394536.825994628 1626323860.13822 1832318194.19389 974006329.642798 1338620192.31041 275588470.071406 182437227.357022 0 0
45 62463.1740053719 754184.941652157 1.49910546836558 2932482.32989297 3433438.28061133 1782960.91344377 2472693.94975842 536658.742320399 318760.65800582 46088.2018708925 394536.825994628 1626748766.64894 1832815687.48301 974264674.490354 1338978477.08081 275666230.060382 182483414.669923 0 0
46 62463.1740053719 754184.941652187 1.49910771164766 2561347.76827425 2998902.80255233 1557309.62468786 2159750.14249109 468739.285469927 278418.35283169 46088.2018708925 394536.825994628 1627119901.21056 1833250222.96107 974490325.77911 1339291420.88808 275734149.517232 182523756.975097 0 0
47 62463.1740053719 754184.941652187 1.49910940147777 2237191.6432122 2619371.08727571 1360221.41210173 1886418.95101302 409417.11441439 243182.600967785 46088.2018708925 394536.825994628 1627444057.33562 1833629754.67635 974687413.991696 1339564752.07956 275793471.688288 182558992.726961 0 0
48 62463.1740053719 754184.941652199 1.49911067561532 1954060.08169062 2287872.16164946 1188076.29722436 1647680.01914514 357602.641001032 212406.216764942 55825.679474694 394536.825994628 1627727188.89714 1833961253.60197 974859559.106573 1339803491.01142 275845286.161701 182589769.111163 0 0
49 62463.1740053719 754184.941652208 1.49911163677683 1706760.43481942 1998326.31658371 1037717.12888936 1439154.86134201 312345.584849897 185524.759592053 55825.679474694 394536.825994628 1627974488.54401 1834250799.44704 975009918.274908 1340012016.16922 275890543.217852 182616650.568336 0 0
50 62463.1740053719 754184.941652212 1.49911236139514 1490755.91721929 1745421.7476616 906385.52355199 1257018.02172811 272815.691841116 162045.081143331 55825.679474694 394536.825994628 1628190493.06161 1834503704.01596 975141249.880245 1340194153.00884 275930073.110861 182640130.246785 0 0
51 62463.1740053719 754184.941652213 1.49911290769592 1302087.48357436 1524523.08586366 791674.365922663 1097931.19974503 238288.437138393 141536.833424143 55825.679474694 394536.825994628 1628379161.49526 1834724602.67776 975255961.037874 1340353239.83082 275964600.365564 182660638.494504 0 0
52 62463.1740053719 754184.941652214 1.49911331950882 1137297.10000296 1331581.56138692 691481.157655342 958978.55192115 208130.983471094 123624.128353499 55825.679474694 394536.825994628 1628543951.87883 1834917544.20223 975356154.246142 1340492192.47864 275994757.819231 182678551.199575 0 0
53 62463.1740053719 754184.941652214 1.49911362996023 993362.344363029 1163058.43172065 603968.254073261 837611.546294961 181790.212667288 107978.42882106 55825.679474694 394536.825994628 1628687886.63447 1835086067.3319 975443667.149724 1340613559.48427 276021098.590035 182694196.899107 0 0
54 62463.1740053719 754184.941652214 1.49911386403051 867642.542301455 1015861.91611715 527530.114672825 731603.543875445 158782.868284894 94312.6936788562 55825.679474694 394536.825994628 1628813606.43653 1835233263.8475 975520105.289124 1340719567.48669 276044105.934417 182707862.634249 0 0
55 62463.1740053719 754184.941652215 1.49911404035069 757836.428227965 887297.623789816 460767.56082742 639014.098016479 138687.807360888 82376.7754916168 55825.679474694 394536.825994628 1628923412.5506 1835361828.13983 975586867.84297 1340812156.93255 276064200.995341 182719798.552436 0 0
56 62463.1740053719 754184.941652215 1.49911417329603 661927.161143722 775004.176795905 402454.345192635 558142.591297587 121135.938036519 71951.4437605489 55825.679474694 394536.825994628 1629019321.81769 1835474121.58682 975645181.058604 1340893028.43927 276081752.864665 182730223.884167 0 0
57 62463.1740053719 754184.941652215 1.49911427359141 578154.659656493 676920.819042367 351520.33128552 487504.908174306 105805.156728517 62845.3777411034 55825.679474694 394536.825994628 1629103094.31917 1835572204.94458 975696115.072511 1340963666.12239 276097083.645973 182739329.950187 0 0
58 62463.1740053719 754184.941652214 1.49911434919993 504984.287054013 591250.751830361 307032.453884704 425807.02996669 92414.6173429326 54891.7625122782 55825.679474694 394536.825994628 1629176264.69178 1835657875.01179 975740602.949912 1341025364.0006 276110474.185359 182747283.565416 0 0
59 62463.1740053719 754184.941652214 1.49911440619737 441074.245890462 516422.958459006 268174.894809368 371917.541698336 80718.764323512 47944.744770072 55825.679474694 394536.825994628 1629240174.73294 1835732702.80516 975779460.508988 1341079253.48887 276122170.038378 182754230.583158 0 0
60 62463.1740053719 754184.941652214 1.49911444917618 385252.619908192 451065.324218636 234235.124316396 324848.27365024 70503.1312100406 41876.9372857171 55825.679474694 394536.825994628 1629295996.35892 1835798060.4394 975813400.279481 1341126322.75692 276132385.671492 182760298.390642 0 0
61 62463.1740053719 754184.941652218 1.49911448157768 336495.614127449 393979.159235096 204590.670988424 283735.953220068 61580.3584673464 36577.0536047027 55825.679474694 394536.825994628 1629344753.3647 1835855146.60438 975843044.732809 1341167435.07735 276141308.444235 182765598.274323 0 0
62 62463.1740053719 754184.941652221 1.49911450599346 293909.19301745 344117.699889614 178697.957668868 247826.722072408 53786.8331799655 31947.9121170432 55825.679474694 394536.825994628 1629387339.78581 1835905008.06373 975868937.446128 1341203344.30849 276149101.969522 182770227.415811 0 0
63 62463.1740053719 754184.941652215 1.49911452438565 256712.428070824 300566.611659422 156082.176720988 216462.094672431 46979.6415760616 27904.6259395927 55825.679474694 394536.825994628 1629424536.55076 1835948559.15196 975891553.227076 1341234708.93589 276155909.161126 182774270.701988 0 0
64 62463.1740053719 754184.9416522 1.499114538245 224223.291971897 262527.356503834 136328.652825736 189066.979808217 41033.9692900965 24373.0587429668 55825.679474694 394536.825994628 1629457025.68686 1835986598.40711 975911306.750971 1341262104.05076 276161854.833412 182777802.269185 0 0
65 62463.1740053719 754184.941652205 1.49911454870634 195845.928484754 229302.288067315 119075.103023099 165138.946452492 35840.7716895044 21288.4409891193 55825.679474694 394536.825994628 1629485403.05035 1836019823.47555 975928560.300774 1341286032.08411 276167048.031012 182780886.886939 0 0
66 62463.1740053719 754184.941652236 1.4991145565968 171059.954446202 200282.126131912 104005.132281286 144239.203112441 31304.8160865935 18594.2070586006 55825.679474694 394536.825994628 1629510189.02438 1836048843.63749 975943630.271516 1341306931.82745 276171583.986615 182783581.120869 0 0
67 62463.1740053719 754184.94165224 1.49911456254162 149410.857038726 174934.713456376 90842.3950005206 125984.500728897 27342.9243920944 16240.9514346899 55825.679474694 394536.825994628 1629531838.12179 1836074191.05016 975956793.008797 1341325186.52984 276175545.87831 182785934.376493 0 0
68 62463.1740053719 754184.941652169 1.49911456702725 130501.639789633 152795.234661357 79345.5157473114 110040.088512028 23882.4442917652 14185.5206239898 55825.679474694 394536.825994628 1629550747.33904 1836096330.52896 975968289.88805 1341341130.94205 276179006.35841 182787989.807304 0 0
69 62463.1740053719 754184.941652136 1.49911457041216 113985.536987794 133457.686049968 69303.6595908677 96113.5706757937 20859.9159486898 12390.221213951 55825.679474694 394536.825994628 1629567263.44184 1836115668.07757 975978331.744206 1341355057.45989 276182028.886753 182789785.106714 0 0
70 62463.1740053719 754184.941652298 1.4991145729629 99559.6814066619 116567.461587937 60532.6820535257 83949.5670083423 18219.9131653316 10822.131554735 55825.679474694 394536.825994628 1629581689.29742 1836132558.30203 975987102.721744 1341367221.46356 276184668.889537 182791353.196373 0 0
71 62463.1740053719 754184.941652608 1.49911457488032 86959.5478876619 101814.847284366 52871.750787362 73325.027654437 15914.0265318655 9452.49777705281 55825.679474694 394536.825994628 1629594289.43094 1836147310.91634 975994763.65301 1341377846.00291 276186974.77617 182792722.830151 0 0
72 62463.1740053719 754184.941652526 1.49911457632767 75954.0772527558 88929.3121222803 46180.380893649 64045.1215572127 13899.9710781065 8256.20376174515 55825.679474694 394536.825994628 1629605294.90158 1836160196.4515 976001455.022903 1341387125.90901 276188988.831624 182793919.124166 0 0
