"Time" "IECs" "pheme_e" "BiomassCD" "pro_L_e" "leu_L_e" "ile_L_e" "val_L_e" "trp_L_e" "cys_L_e" "Drug" "Damage" "pro_L_v" "leu_L_v" "ile_L_v" "val_L_v" "trp_L_v" "cys_L_v" "CD" "pheme_c"
0 457000 1e+05 0.4963 224235600.199112 195370466.451958 120509812.093413 157438605.791629 18978882.6152 31300034.1459915 0 0 0 0 0 0 0 0 45700000 1000
1 377411.939468528 130380.857751865 0.594123778014002 279509233.164828 298333983.15697 163660503.626297 222343883.771224 42041988.2132038 32926583.1467625 0 79588.0605314724 229600344.799318 228043227.045382 130265841.844198 174539895.482087 28827952.653881 28935266.2433144 48532264.0510088 761.049234318859
2 307577.777512166 201335.126147146 0.697811984281183 310587901.415686 348424876.404919 185971442.18468 255102163.788255 52366731.3361898 34736812.6751324 0 149422.222487834 448312348.223947 468392613.373941 260010813.566564 351803436.956288 64034420.805241 53941354.9061874 52252900.7168239 1020.52010641611
3 246374.839634108 276923.322991313 0.803528837686054 335983521.008479 383874507.651232 202822858.846445 279241602.68545 58939135.4477496 36853807.4772666 0 210625.160365892 641621376.698996 687486000.762469 376290719.864413 511633529.176172 97365357.6555584 75326288.2492272 57057141.6042885 1238.04400091077
4 193034.561931809 345768.808409478 0.907130619311003 361164250.586705 416162485.065174 218792617.411098 301794891.646349 64468409.1595215 39301916.0150172 0 263965.438068191 806768247.629504 877040238.312389 476177848.688759 649292421.549806 126612594.404134 93360846.3491595 63165463.6246139 1384.60716547338
5 147080.078548084 403784.802043862 1.00479469050233 387591370.565768 448823990.523356 235203936.664941 324856068.629171 69824564.1383189 42047887.75483 0 309919.921451916 943938378.960422 1035503429.24712 559351892.703898 764094831.978898 151216933.14997 108261396.228697 70824632.5058478 1471.62878280442
6 108236.940897456 449111.076316239 1.0935506713097 415088966.762677 482444354.780868 252118513.650098 348640002.490002 75222176.0372765 45005770.6576207 0 348763.059102544 1054212053.65494 1163431674.47857 626301948.539584 856617527.542229 171142601.427965 120219278.183748 80308720.2196317 1512.99099245161
7 76315.9219031048 480751.396787145 1.17156491584242 442568462.359722 516190828.068637 268946406.709554 372419592.263682 80583444.59474 48038388.7672962 0 380684.078096895 1139260472.8358 1262444719.18831 677972790.690567 928115217.672626 186590605.947916 129444331.367903 91917680.6272683 1518.48406791582
8 51078.6252846499 498372.262659335 1.2381532233195 468372859.490781 548445206.783937 284713137.697601 394925952.798127 85679291.8631324 50968027.1695358 9737.47760380151 405921.37471535 1201485765.52615 1335152257.10916 715792598.18245 980525972.726128 197945261.340459 136205814.86715 105972327.353711 1494.45937962251
9 48499.0040447838 646626.826975169 1.29357956414545 429412052.143024 503086705.777089 261036795.977069 362169385.535583 78598139.5226012 46746853.1056433 3791.19930949745 408500.995955216 1249364062.15615 1391239402.85261 744897352.614165 1020904848.20323 206707752.950448 141417563.487151 1560010.48520338 863.536961631521
10 48300.3711377005 722541.10066804 1.33875838433584 387327948.355478 453801441.782374 235454689.335912 326682278.423148 70898592.4343415 42166802.9636906 1914.75217347235 408699.6288623 1292135863.58061 1441350781.10789 770898085.691547 1056979334.4549 214536766.340382 146073888.665424 731954.470631144 830.125686200694
11 48171.6793455304 755181.637249671 1.37495954765985 349322268.725227 409284506.266533 212351585.427875 294631414.358284 63943842.3012784 38030032.2005323 890.192720581523 408828.32065447 1330588185.15448 1486402945.78736 794273075.77619 1089411231.6369 221575398.005801 150260077.076776 620056.851062816 1039.19961798793
12 48048.141043144 769052.583112712 1.40357138146473 315156603.991614 369263897.318994 191582758.331614 265818351.977857 57691532.8973373 34311096.8410624 325.78054396437 408951.858956856 1365183652.81579 1526937350.53453 815303537.674604 1118590526.69402 227908231.735043 154026451.144362 657810.462208751 1387.95938006985
13 47910.2525810509 774846.331402746 1.42594045668056 284501151.609734 333354955.358633 172947781.324386 239965561.170076 52081608.8533329 30974205.4036694 88.3352456590268 409089.747418949 1396319967.76295 1563419770.60873 834231230.156678 1144852587.83159 233608035.777806 157416291.751199 764224.629702335 1729.4274525743
14 47747.5104445631 777150.721826438 1.44328070036463 257039034.001816 301186962.295027 156254054.322427 216805981.421442 47056172.0928357 27984887.3950094 19.0567854619797 409252.489555437 1424350892.09616 1596264608.21799 851271205.802961 1168495763.04147 238739555.179191 160468102.74027 915806.440582109 1925.40087664305
15 47552.1269556921 777924.680880843 1.45663420231904 232479670.417061 272419599.910854 141324952.842214 196094584.478048 42562067.0816753 25311505.54961 3.71239828026002 409447.873044308 1449594574.69748 1625844570.53238 866616870.292556 1189788374.77298 243361022.447695 163216511.845396 1107517.69194371 1986.25149170967
16 47316.4881240644 777998.089508674 1.46686537687276 210562604.172991 246747707.815478 128002162.608381 177611701.287296 38551629.7594553 22925691.1629531 9738.18508634863 409683.511875935 1472338536.96387 1652496484.5285 880443012.559901 1208972915.50599 247525065.583406 165692811.543398 1343449.4165927 1989.14442412316
17 47289.6419633789 780772.574493814 1.47467377256195 190144767.518485 222822110.191158 115590118.223484 160389442.94922 34813567.9117884 20702669.4457381 7525.89119708038 409710.35803662 1492850685.41543 1676533735.33511 892912466.776421 1226275158.74863 251280627.813353 167926142.186316 1046.08910051947 6.20297680414617
18 47289.6099476013 782173.634473694 1.48061538994523 171630297.891528 201125836.067889 104335063.746271 144772261.188124 31423757.5455623 18686842.5297461 7519.10560937503 409710.390052398 1511365267.72825 1698230142.612 904167589.84802 1241892435.9901 254670459.050289 169941981.396367 1.98612671512265 0.0190126683047635
19 47289.609886734 782763.541056153 1.48512628763309 154918497.931403 181542028.42898 94175862.6288259 130675652.964704 28363997.3721716 16867287.4856852 7519.08549925762 409710.390113265 1528077067.90297 1717813950.50406 914326791.096095 1255989044.3952 257730219.263359 171761536.4638 0.00378329798115073 5.00021370590872e-05
20 47289.609886618 783011.793143324 1.4885450875605 139833940.406063 163865113.09821 85005871.7220457 117951643.691259 25602168.6963056 15224904.0920188 7519.08544718896 409710.390113381 1543161625.42872 1735490865.83531 923496782.003124 1268713053.66899 260492047.939301 173403919.857511 7.21123213487544e-06 1.21018923940327e-07
21 47289.6098866178 783116.259900518 1.49113282188425 126218162.890281 147909395.079647 76728760.7893105 106466568.369364 23109258.6640335 13742439.2039232 7519.08544706352 409710.390113381 1556777402.9445 1751446583.85387 931773892.93586 1280198128.99089 262984957.971573 174886384.745607 -5.83819367215199e-08 -1.01441433456526e-10
22 47289.6098866178 783160.22240456 1.49308953741928 113928189.966347 133507327.904065 69257614.2364376 96099825.4806951 20859089.9341966 12404325.8780951 7519.0854470636 409710.390113381 1569067375.86844 1765848651.02946 939245039.488732 1290564871.87956 265235126.70141 176224498.071435 -4.49577170626775e-08 -2.55744296259593e-11
23 47289.6098866178 783178.764794718 1.49456804180963 102834906.306994 120507607.119599 62513942.0994381 86742504.6631998 18828022.8068741 11196506.2365348 7519.0854470636 409710.390113381 1580160659.52779 1778848371.81392 945988711.625732 1299922192.69705 267266193.828732 177432317.712995 -4.49577170626775e-08 -2.65744296259588e-11
24 47289.6098866178 783186.571029971 1.49568470260052 92821741.8907499 108773629.554682 56426880.7792232 78296277.674122 16994714.4997201 10106288.3148183 17256.5630508651 409710.390113381 1590173823.94403 1790582349.37884 952075772.945947 1308368419.68613 269099502.135886 178522535.634712 0 0
25 47289.6098866178 783189.81153621 1.49652737378527 83783754.5071461 98182418.14711 50932635.2911458 70672624.4718933 15339951.1640223 9122246.166677 17256.5630508651 409710.390113381 1599211811.32763 1801173560.78641 957570018.434024 1315992072.88836 270754265.471584 179506577.782853 0 0
26 47289.6098866178 783191.181709634 1.49716333772672 75625663.8609632 88622318.1991274 45973284.1854526 63791174.9589549 13846287.9492348 8234005.82029579 17256.5630508651 409710.390113381 1607369901.97382 1810733660.73439 962529369.539718 1322873522.4013 272247928.686371 180394818.129234 0 0
27 47289.6098866178 783191.759617918 1.49764314138437 68261933.000909 79993092.8000323 41496829.0482541 57579777.6678451 12498063.9117383 7432254.14414191 17256.5630508651 409710.390113381 1614733632.83387 1819362886.13349 967005824.676916 1329084919.69241 273596152.723868 181196569.805388 0 0
28 47289.6098866178 783192.00411124 1.49800511432657 61615175.1573857 72204055.8709253 37456226.0088682 51973155.9093171 11281110.3230801 6708565.38591444 17256.5630508651 409710.390113381 1621380390.67739 1827151923.0626 971046427.716302 1334691541.45093 274813106.312526 181920258.563616 0 0
29 47289.6098866178 783192.093270727 1.49827804497057 55615643.2222749 65173473.909004 33809075.3915906 46912477.142277 10182657.1989277 6055345.58788961 17256.5630508651 409710.390113381 1627379922.6125 1834182505.02452 974693578.33358 1339752220.21797 275911559.436679 182573478.361641 0 0
30 47289.6098866178 783192.141375642 1.49848387012375 50200291.4082859 58827466.3883046 30517051.2929137 42344561.4719355 9191161.49846342 5465730.42183549 17256.5630508651 409710.390113381 1632795274.42649 1840528512.54522 977985602.432256 1344320135.88832 276903055.137143 183163093.527695 0 0
31 47289.6098866178 783192.160337878 1.49863908912366 45312225.1818666 53099361.1607914 27545567.1925211 38221417.6614727 8296206.41270891 4933525.29855454 17256.5630508651 409710.390113381 1637683340.65291 1846256617.77273 980957086.532649 1348443279.69878 277798010.222897 183695298.650976 0 0
32 47289.6098866178 783192.13139171 1.49875614088975 40900076.6617034 47928962.5139169 24863396.2543749 34499716.2730118 7488387.00635915 4453137.36223407 26994.0406546666 409710.390113381 1642095489.17308 1851427016.41961 983639257.470795 1352164981.08724 278605829.629247 184175686.587296 0 0
33 47289.6098866178 783192.157589387 1.49884434042761 36917667.0234684 43262155.5579107 22442466.100584 31140504.9018835 6759248.40753394 4019538.73359506 26994.0406546666 409710.390113381 1646077898.81132 1856093823.37562 986060187.624586 1355524192.45837 279334968.228072 184609285.215935 0 0
34 47289.6098866178 783192.168666543 1.49891084596716 33322964.4885692 39049685.1396048 20257225.3666591 28108329.2273566 6101095.02614258 3628153.05731181 26994.0406546666 409710.390113381 1649672601.34622 1860306293.79392 988245428.358511 1358556368.13289 279993121.609464 185000670.892218 0 0
35 47289.6098866178 783192.173338591 1.49896098771488 30078281.0224644 35247386.344354 18284763.2755716 25371398.9300801 5507026.56733996 3274876.91822174 26994.0406546666 409710.390113381 1652917284.81232 1864108592.58917 990217890.449599 1361293298.43017 280587190.068266 185353947.031308 0 0
36 47289.6098866178 783192.175315253 1.49899879668736 27149517.6366245 31815300.0993057 16504350.8523933 22900951.0950307 4970799.8540106 2955997.67096501 26994.0406546666 409710.390113381 1655846048.19816 1867540678.83422 991998302.872777 1363763746.26522 281123416.781596 185672826.278565 0 0
37 47289.6098866178 783192.176036098 1.49902729400693 24505941.63375 28717412.1370784 14897305.5103592 20671062.3151226 4486788.04263949 2668169.18678691 26994.0406546666 409710.390113381 1658489624.20103 1870638566.79645 993605348.214811 1365993635.04513 281607428.592967 185960654.762743 0 0
38 47289.6098866178 783192.176424918 1.49904877855161 22119773.1440521 25921168.4762026 13446739.7038503 18658299.9294897 4049904.92232082 2408366.83624489 26994.0406546666 409710.390113381 1660875792.69073 1873434810.45732 995055914.02132 1368006397.43076 282044311.713285 186220457.113285 0 0
39 47289.6098866178 783192.176578303 1.49906497721182 19965942.7077444 23397191.3429328 12137413.5613691 16841517.541344 3655560.53058404 2173861.0951635 26994.0406546666 409710.390113381 1663029623.12704 1875958787.59059 996365240.163801 1369823179.81891 282438656.105022 186454962.854367 0 0
40 47289.6098866178 783192.17634468 1.49907719070198 18021816.0535808 21118956.6515792 10955567.576801 15201622.8652969 3299610.7631503 1962187.57894543 36731.5182584681 409710.390113381 1664973749.7812 1878237022.28195 997547086.148369 1371463074.49496 282794605.872456 186666636.370585 0 0
41 47289.6098866178 783192.176556214 1.49908639256935 16267045.842916 19062620.270033 9888832.48375941 13721452.6716563 2978330.22978172 1771130.9006932 36731.5182584681 409710.390113381 1666728519.99186 1880293358.6635 998613821.24141 1372943244.6886 283115886.405825 186857693.048837 0 0
42 47289.6098866178 783192.176645658 1.49909333046573 14683110.6782946 17206477.8046401 8925949.01620602 12385383.9345175 2688327.85145434 1598674.47917416 36731.5182584681 409710.390113381 1668312455.15649 1882149501.12889 999576704.708964 1374279313.42574 283405888.784152 187030149.470356 0 0
43 47289.6098866178 783192.176683383 1.49909856091768 13253404.5551904 15531069.4246763 8056822.28668742 11179409.2854023 2426563.2380596 1443010.27818816 36731.5182584681 409710.390113381 1669742161.27959 1883824909.50885 1000445831.43848 1375485288.07486 283667653.397547 187185813.671342 0 0
44 47289.6098866178 783192.176699343 1.49910250469092 11962902.417064 14018787.9413434 7272318.47529483 10090854.9048486 2190285.45494549 1302502.39271726 36731.5182584681 409710.390113381 1671032663.41772 1885337190.99219 1001230335.24987 1376573842.45541 283903931.180661 187326321.556813 0 0
45 47289.6098866178 783192.176705164 1.49910547706612 10798062.5029726 12653764.3733196 6564205.46620394 9108298.15142176 1977015.14375954 1175676.41668384 36731.5182584681 409710.390113381 1672197503.33181 1886702214.56021 1001938448.25897 1377556399.20884 284117201.491847 187453147.532847 0 0
46 47289.6098866178 783192.176708303 1.49910771791656 9746644.16244305 11421654.452194 5925042.09626873 8221413.88632516 1784511.16620975 1061199.60691458 36731.5182584681 409710.390113381 1673248921.67234 1887934324.48133 1002577611.6289 1378443283.47393 284309705.469396 187567624.342616 0 0
47 47289.6098866178 783192.176709542 1.49910940740871 8797601.02969285 10309513.4381341 5348113.21500441 7420884.3645458 1610751.04535366 957869.252114072 36731.5182584681 409710.390113381 1674197964.80509 1889046465.49539 1003154540.51017 1379243812.99571 284483465.590253 187670954.697416 0 0
48 47289.6098866178 783192.176707657 1.49911068123289 7940959.75204763 9305654.00716691 4827355.96288194 6698296.94078719 1453908.76200812 864599.469001765 46468.9958622696 409710.390113381 1675054606.08273 1890050324.92636 1003675297.76229 1379966400.41947 284640307.873598 187764224.480529 0 0
49 47289.6098866178 783192.176709364 1.49911164094225 7167754.78866742 8399569.8447349 4357320.13509161 6046089.07139512 1312342.81706088 780414.103297616 46468.9958622696 409710.390113381 1675827811.04611 1890956409.08879 1004145333.59008 1380618608.28886 284781873.818545 187848409.846233 0 0
50 47289.6098866178 783192.176710086 1.49911236452352 6469824.81550293 7581697.06181023 3933044.41492305 5457376.5794415 1184558.95529401 704424.562607294 46468.9958622696 409710.390113381 1676525741.01927 1891774281.87172 1004569609.31025 1381207320.78082 284909657.680312 187924399.386923 0 0
51 47289.6098866178 783192.17671039 1.49911291002501 5839852.84648419 6843461.2111134 3550080.76367082 4925987.49743893 1069217.51116445 635834.184755403 46468.9958622696 409710.390113381 1677155712.98829 1892512517.72241 1004952572.9615 1381738709.86282 285024999.124442 187992989.764775 0 0
52 47289.6098866178 783192.176710519 1.49911332133231 5271218.38352772 6177104.02834849 3204404.54175756 4446337.35405855 965106.338977861 573922.140105952 46468.9958622696 409710.390113381 1677724347.45125 1893178874.90518 1005298249.18341 1382218360.0062 285129110.296628 188054901.809425 0 0
53 47289.6098866178 783192.176710566 1.4991136313277 4757954.51502266 5575633.15784615 2892388.42865223 4013392.98617688 871132.958058851 518038.760511585 46468.9958622696 409710.390113381 1678237611.31976 1893780345.77568 1005610265.29652 1382651304.37408 285223083.677547 188110785.189019 0 0
54 47289.6098866178 783192.176710592 1.49911386503033 4294667.63942277 5032728.0802474 2610753.62237137 3622604.82474118 786309.854959209 467596.798941906 46468.9958622696 409710.390113381 1678700898.19535 1894323250.85328 1005891900.1028 1383042092.53552 285307906.780647 188161227.150589 0 0
55 47289.6098866178 783192.176710602 1.49911404122972 3876490.39222575 4542684.94974526 2356541.22351397 3269867.18809917 709745.864867784 422066.304245477 46468.9958622696 409710.390113381 1679119075.44255 1894813293.98378 1006146112.50166 1383394830.17216 285384470.770738 188206757.645285 0 0
56 47289.6098866178 783192.176710586 1.49911417407755 3499028.20987158 4100353.97471767 2127079.7511422 2951473.20799193 640636.388005125 380968.803109357 46468.9958622696 409710.390113381 1679496537.62491 1895255624.95881 1006375573.97403 1383713224.15227 285453580.247601 188247855.146421 0 0
57 47289.6098866178 783192.176710535 1.49911427395085 3158328.11624119 3701102.84002753 1919966.16791103 2664088.50058275 578257.674749656 343873.901581148 46468.9958622696 409710.390113381 1679837237.71854 1895654876.0935 1006582687.55726 1384000608.85967 285515958.960856 188284950.04795 0 0
58 47289.6098866178 783192.176710494 1.49911434911329 2850807.07295197 3340732.74395261 1733022.32379306 2404690.72905259 521953.707307335 310391.483959503 46468.9958622696 409710.390113381 1680144758.76183 1896015246.18957 1006769631.40138 1384260006.6312 285572262.928299 188318432.465571 0 0
59 47289.6098866178 783192.176710556 1.49911440614487 2573221.21272279 3015442.34414817 1564276.25286082 2170543.65156621 471130.566654506 280168.362970297 46468.9958622696 409710.390113381 1680422344.62206 1896340536.58938 1006938377.47231 1384494153.70869 285623086.068951 188348655.58656 0 0
60 47289.6098866178 783192.176710585 1.49911444912749 2322664.29314111 2721825.94568607 1411961.23332278 1959195.81700575 425256.149438422 252888.111415165 46468.9958622696 409710.390113381 1680672901.54164 1896634152.98784 1007090692.49185 1384705501.54325 285668960.486168 188375935.838116 0 0
61 47289.6098866178 783192.176710603 1.49911448152877 2096504.33339684 2456799.24848964 1274477.26862253 1768427.11727862 383848.56680928 228264.163276663 46468.9958622696 409710.390113381 1680899061.50138 1896899179.68504 1007228176.45655 1384896270.24298 285710368.068797 188400559.786254 0 0
62 47289.6098866178 783192.176710607 1.49911450595533 1892365.77700977 2217578.4446352 1150380.2440563 1596233.74135934 346472.878597497 206037.871623498 46468.9958622696 409710.390113381 1681103200.05777 1897138400.48889 1007352273.48112 1385068463.6189 285747743.757008 188422786.077907 0 0
63 47289.6098866178 783192.176710597 1.49911452436744 1708104.42800783 2001650.84718532 1038366.69032889 1440807.0336485 312736.504383502 185975.779700221 46468.9958622696 409710.390113381 1681287461.40677 1897354328.08634 1007464287.03484 1385223890.32661 285781480.131222 188442848.169831 0 0
64 47289.6098866178 783192.176710584 1.49911453824227 1541784.94422451 1806748.51559509 937260.101597244 1300514.50929314 282285.102749979 167867.1704321 46468.9958622696 409710.390113381 1681453780.89055 1897549230.41793 1007565393.62357 1385364182.85096 285811931.532856 188460956.779099 0 0
65 47289.6098866178 783192.176710855 1.49911454871239 1391659.85181851 1630823.66377047 845998.178274003 1173882.15267664 254798.729054396 151521.781558343 46468.9958622696 409710.390113381 1681603905.98296 1897725155.26976 1007656655.5469 1385490815.20758 285839417.906552 188477302.167973 0 0
66 47289.6098866178 783192.176712179 1.49911455661083 1256152.47987908 1472028.66189886 763622.452874114 1059580.02254912 229988.710929241 136767.947578207 46468.9958622696 409710.390113381 1681739413.3549 1897883950.27163 1007739031.2723 1385605117.33771 285864227.924677 188492056.001953 0 0
67 47289.6098866178 783192.176715555 1.49911456257108 1133839.5478327 1328695.63141319 689267.704797293 956407.564291319 207594.46021373 123450.703894648 46468.9958622696 409710.390113381 1681861726.28694 1898027283.30211 1007813386.02038 1385708289.79597 285886622.175392 188505373.245636 0 0
68 47289.6098866178 783192.176720089 1.49911456705496 1023436.42272896 1199319.16866756 622152.998145757 863281.17425452 187380.773713176 111430.181650317 46468.9958622696 409710.390113381 1681972129.41205 1898156659.76486 1007880500.72703 1385801416.186 285906835.861893 188517393.76788 0 0
69 47289.6098866178 783192.176722643 1.49911457042165 923783.464765548 1082540.34387133 561573.381088832 779222.682043349 169135.333203839 100580.121049342 46468.9958622696 409710.390113381 1682071782.37001 1898273438.58965 1007941080.34408 1385885474.67821 285925081.302402 188528243.828481 0 0
70 47289.6098866178 783192.176716886 1.49911457295994 833833.822262576 977132.398567846 506892.466356345 703349.05542697 152666.470817167 90786.5424929319 46468.9958622696 409710.390113381 1682161732.01251 1898378846.53496 1007995761.25882 1385961348.30483 285941550.164789 188538037.407038 0 0
71 47289.6098866178 783192.17670345 1.49911457488153 752642.584830678 881988.034719364 457535.837385953 634863.250903333 137801.183095481 81946.5655930221 46468.9958622696 409710.390113381 1682242923.24995 1898473990.89881 1008045117.88779 1386029834.10935 285956415.452511 188546877.383938 0 0
72 47289.6098866178 783192.176691951 1.49911457633491 679357.068034394 796108.029740521 412985.14231308 573046.018693589 124383.352212893 73967.3513813837 46468.9958622696 409710.390113381 1682316208.76674 1898559870.90378 1008089668.58286 1386091651.34156 285969833.283393 188554856.598149 0 0
