"Time" "IECs" "pheme_e" "BiomassCD" "pro_L_e" "leu_L_e" "ile_L_e" "val_L_e" "trp_L_e" "cys_L_e" "Drug" "Damage" "pro_L_v" "leu_L_v" "ile_L_v" "val_L_v" "trp_L_v" "cys_L_v" "CD" "pheme_c"
0 457000 1e+05 0.4963 224235600.199112 195370466.451958 120509812.093413 157438605.791629 18978882.6152 31300034.1459915 0 0 0 0 0 0 0 0 45700000 1000
1 348643.901760884 145829.375524175 0.594123777910278 354416567.70479 384439290.179243 209037203.169074 284863413.628372 55380012.5388002 41059391.3894616 0 108356.098239116 257717303.228251 261584188.849199 147600944.497535 198589780.132797 34246599.8792743 31849384.4803505 48532264.0530976 848.638414405431
2 261036.41087866 241009.05913966 0.697812004496288 414334637.067644 467460875.662709 248740827.942203 341575125.753857 70748426.4428525 46045189.0733385 0 195963.58912134 511140198.574542 542922157.944901 298637241.649402 405340692.51964 75997382.7167104 60504863.2952475 52252899.7499432 1220.75986322769
3 190728.415551099 335891.294283248 0.803529048113752 454274651.585934 519757756.167672 274392341.207185 377893342.721737 79922241.7019366 49762586.5423595 0 266271.5844489 722325826.104965 783036230.007262 425852713.819284 580310655.766539 112663060.02266 83785736.0320096 57057131.0786907 1501.68255106156
4 135066.606387725 415749.546780695 0.90713088474535 487797244.114409 561966762.123471 295430360.260237 407532739.544575 86998717.794603 53135456.7212143 0 321933.393612274 887170206.713056 972324688.361937 525566212.318083 717750573.893034 141876255.675386 101787000.571891 63165448.603939 1665.17957654428
5 91947.1874401075 476431.104311193 1.0047948195402 518406220.790451 599900208.584077 314389186.955495 434253706.991305 93181266.4595822 56367579.0008929 0 365052.812559892 1009636016.58251 1113724905.30447 599788895.850412 820201619.738614 163805112.574017 115112735.168097 70824613.9172731 1736.82091746123
6 59590.3410606677 517329.587939509 1.09354997621789 546180803.752797 634430454.819447 331474412.791401 458476157.95029 98721015.7673284 59409050.9568187 0 397409.658939332 1095933646.81103 1213766783.16119 652144044.533374 892562823.71746 179358790.515525 124496292.221876 80308675.6366535 1743.21591257716
7 36352.3109769975 539395.589015094 1.17156396112425 569943637.312636 664636335.679289 346039264.855033 479401749.559088 103524152.919161 62116935.7722166 0 420647.689023002 1153031085.44801 1280207869.41934 686803481.531761 940536469.985589 189702653.825621 130711810.958608 91917608.8802571 1704.05601807891
8 20601.6623059539 544596.958558949 1.23815239921565 588324783.390933 689236684.615606 357284631.902011 496003937.132777 107414820.799773 64344193.6185832 9737.47760380151 436398.337694045 1188038661.56008 1321114468.30589 708060751.445743 970012701.771043 196076061.770472 134532802.201922 105972232.657959 1633.3320881002
9 20113.7181360899 707852.384902174 1.29357888601592 564764440.253077 661767727.894571 342979010.548025 476187825.555852 103135461.089577 61777812.5801497 8328.24893790563 436886.281863909 1213213266.77467 1350612784.82939 723349176.256294 991238879.519498 200673325.144043 137286553.801583 0.149714898650357 663.967309530613
10 20113.7181350757 781580.86385913 1.33875783678949 540684720.421245 633552103.210143 328355500.472759 455884724.635546 98738100.2950045 59143807.4751638 7919.89367671996 436886.281864923 1237292986.60985 1378828409.51803 737972686.3336 1011541980.44273 205070685.939276 139920558.906958 7.78698660387098e-09 255.612068702631
11 20113.7181350757 812886.1554524 1.37495911229046 517631681.562842 606539501.036463 314355489.32787 436447281.935505 94528228.6693883 56622107.7850069 7765.74620185898 436886.281864923 1260346025.46825 1405841011.69171 751972697.478489 1030979423.14277 209280557.564892 142442258.597115 -3.3791164307392e-08 101.464593841681
12 20113.7181350757 826178.461722052 1.40357103951285 495561549.342147 580678628.408782 300952393.147937 417838588.606308 90497852.2847308 54207925.1722724 7705.03608519994 436886.281864923 1282416157.68895 1431701884.31939 765375793.658422 1049588116.47197 213310933.94955 144856441.20985 -3.15678099222514e-08 40.7544771826434
13 20113.7181350757 831822.412140578 1.42594019060406 474432415.815285 555920379.323212 288120761.419259 400023309.468816 86639318.0474465 51896675.4582872 7680.72804380672 436886.281864923 1303545291.21581 1456460133.40496 778207425.3871 1067403395.60946 217169468.186834 147167690.923835 -3.15678099222514e-08 16.4464357894275
14 20113.7181350757 834218.847616473 1.44328049482948 454204159.856888 532217741.496252 275836228.755314 382967615.921075 82945299.1669848 49683969.9188562 7670.93106215816 436886.281864923 1323773547.17421 1480162771.23193 790491958.051044 1084459089.1572 220863487.067296 149380396.463266 -3.15678099222514e-08 6.6494541408652
15 20113.7181350757 835236.379292972 1.45663404447647 434838370.975947 509525707.095345 264075468.630454 366639121.702744 79408781.2433258 47565606.950717 7666.97209236996 436886.281864923 1343139336.05515 1502854805.63283 802252718.175904 1100787583.37554 224400004.990955 151498759.431405 -3.15678099222514e-08 2.69048435265785
16 20113.7181350757 835668.425560753 1.466865256192 416298276.379926 487801187.275601 252816149.086256 351006821.398347 76023048.9476647 45537564.093312 17402.8481629795 436886.281864923 1361679430.65117 1524579325.45258 813512037.720103 1116419883.67993 227785737.286616 153526802.28881 0 1.08895116067241
17 20113.7181350757 835851.873199786 1.47467367898609 398548671.809672 467002931.134996 242036890.727857 336041032.119901 72781673.3917049 43595990.4630354 17401.8989427306 436886.281864923 1379429035.22142 1545377581.59318 824291296.078502 1131385672.95838 231027112.842576 155468375.919087 0 0.139730911802579
18 20113.7181350757 835929.765611734 1.4806153188318 381555852.018067 447091444.252114 231717224.503947 321713334.889172 69678499.4318948 41737199.1485114 17401.7771427092 436886.281864923 1396421855.01303 1565289068.47607 834610962.302412 1145713370.18911 234130286.802386 157327167.233611 0 0.01793089043185
19 20113.7181350757 835962.838917101 1.48512623369213 365287550.823301 428028918.443043 221837555.30137 307996524.092879 66707634.7221491 39957660.6532093 17401.7615128111 436886.281864923 1412690156.2078 1584351594.28514 844490631.504989 1159430180.9854 237101151.512132 159106705.728913 0 0.00230099227172184
20 20113.7181350757 835976.881929022 1.48854504584762 349712877.107617 409779156.767337 212379123.077451 294864553.519287 63863438.0261465 38253995.8945469 17401.7595070679 436886.281864923 1428264829.92348 1602601355.96084 853949063.728909 1172562151.55899 239945348.208134 160810370.487575 0 0.000295249127711752
21 20113.7181350757 835982.844684873 1.49113277670633 334802256.848745 392307505.602836 203323967.65592 282292487.48131 61140508.6312966 36622969.8628904 17401.7592496594 436886.281864923 1443175450.18235 1620073007.12534 863004219.150439 1185134217.59697 242668277.602984 162441396.519231 0 3.78406430954534e-05
22 20113.7181350757 835985.376126232 1.49308950759682 320527377.362125 375580789.310995 194654894.865467 270256453.803692 58533676.1664345 35061485.5223859 17401.7592167308 436886.281864923 1457450329.66897 1636799723.41719 871673291.940892 1197170251.27459 245275110.067846 164002880.859736 0 4.91202038055274e-06
23 20113.7181350757 835986.452459918 1.49456828433489 306861061.644555 359567162.997947 186355400.229175 258733537.874363 56037977.6548632 33566570.0658051 17401.7592124215 436886.281864923 1471116645.38654 1652813349.73023 879972786.577184 1208693167.20391 247770808.579417 165497796.316317 0 6.02713495266536e-07
24 20113.7181350757 835986.902708809 1.49568402951648 293777612.108816 344236515.288589 178409877.713076 247702072.468356 53648720.2860625 32135412.5145988 27139.236815758 436886.281864923 1484200094.92228 1668143997.43959 887918309.093283 1219724632.60992 250160065.948218 166928953.867523 0 1.37735203110026e-07
25 20113.7181350757 835987.100122992 1.49652751230555 281251790.868528 329559273.466338 170803000.457542 237140777.962911 51361295.1985969 30765252.1754519 27139.2368156551 436886.281864923 1496725916.16257 1682821239.26184 895525186.348817 1230285927.11537 252447491.035684 168299114.20667 0 3.48394132101745e-08
26 20113.7181350757 835987.180342917 1.49716227749592 269260432.16045 315508292.843228 163520699.994396 227030121.87043 49171471.9354776 29453555.0181073 27139.2368156219 436886.281864923 1508717274.87065 1696872219.88495 902807486.811963 1240396583.20785 254637314.298803 169610811.364015 0 1.63375494668872e-09
27 20113.7181350757 835987.220167781 1.49764199223505 257780093.267169 302056104.207795 156548739.662388 217350338.186127 47074969.4632379 28197756.7171588 27139.236815572 436886.281864923 1520197613.76393 1710324408.52038 909779447.143971 1250076366.89215 256733816.771043 170866609.664963 0 -4.82925781217427e-08
28 20113.7181350757 835987.241725784 1.4980041724551 246789220.403176 289177451.721234 149874029.940468 208083253.580513 45067851.6990644 26995499.5715424 27139.236815577 436886.281864923 1531188486.62792 1723203061.00694 916454156.865891 1259343451.49776 258740934.535216 172068866.810579 0 -4.32816877470302e-08
29 20113.7181350757 835987.244871856 1.4982772132065 236266962.187986 276847902.594046 143483907.875135 199211286.965221 43146310.8310852 25844502.7140793 27139.2368155771 436886.281864923 1541710744.84311 1735532610.13413 922844278.931224 1268215418.11305 260662475.403195 173219863.668043 0 -4.32094989422602e-08
30 20113.7181350757 835987.241947747 1.49848285300852 226193395.604413 265044111.854634 137366274.303915 190717640.012387 41306708.5821401 24742586.828343 27139.2368155771 436886.281864923 1551784311.42668 1747336400.87354 928961912.502444 1276709065.06589 262502077.65214 174321779.553779 0 -4.32094989422602e-08
31 20113.7181350757 835987.243450474 1.49863826158977 216549310.122167 253743569.394224 131509462.754556 182586115.135912 39545536.7871285 23687650.5346161 27139.2368155771 436886.281864923 1561428396.90893 1758636943.33396 934818724.051803 1284840589.94236 264263249.447152 175376715.847506 0 -4.32094989422602e-08
32 20113.7181350757 835987.249015821 1.49875552245398 207316420.948172 242924849.84481 125902368.951027 174801295.295991 37859456.3360953 22677693.7166744 36876.7144193786 436886.281864923 1570661286.08292 1769455662.88337 940425817.855332 1292625409.78228 265949329.898185 176386672.665447 0 0
33 20113.7181350757 835987.246519879 1.4988439405798 198477080.915688 232567274.982686 120534275.845023 167348301.075016 36245244.5603509 21710786.0062412 36876.7144193786 436886.281864923 1579500626.1154 1779813237.74549 945793910.961336 1300078404.00325 267563541.67393 177353580.37588 0 0
34 20113.7181350757 835987.245518251 1.4989103755001 190014936.26584 222651682.146249 115395251.869259 160213343.607536 34699914.9891794 20785138.5168731 36876.7144193786 436886.281864923 1587962770.76525 1789728830.58193 950932934.9371 1307213361.47074 269108871.245101 178279227.865248 0 0
35 20113.7181350757 835987.245005016 1.4989605815592 181913382.366698 213158614.711177 110475213.102328 153382422.501511 33220435.3382367 19898934.9199096 36876.7144193786 436886.281864923 1596064324.66439 1799221898.017 955852973.704031 1314044282.57676 270588350.896044 179165431.462212 0 0
36 20113.7181350757 835987.244744087 1.49899848373078 174157203.461969 204070243.480459 105764919.081009 146842708.411844 31804026.9551692 19050510.8114442 36876.7144193786 436886.281864923 1603820503.56912 1808310269.24772 960563267.72535 1320583996.66643 272004759.279111 180013855.570677 0 0
37 20113.7181350757 835987.244716101 1.49902704448072 166731725.662664 195369374.19489 101255458.415762 140581828.875271 30448010.1416835 18238261.0607374 36876.7144193786 436886.281864923 1611245981.36843 1817011138.53329 965072728.390598 1326844876.203 273360776.092597 180826105.321384 0 0
38 20113.7181350757 835987.244716965 1.49904858164643 159622844.305612 187039479.59065 96938265.4054289 134587891.378015 29149809.149669 17460642.8028778 36876.7144193786 436886.281864923 1618354862.72548 1825341033.13753 969389921.40093 1332838813.70026 274658977.084611 181603723.579244 0 0
39 20113.7181350757 835987.244647021 1.49906486443179 152817044.333302 179064723.27957 92805132.4138322 128849500.539295 27906955.9029005 16716177.6680703 36876.7144193786 436886.281864923 1625160662.69779 1833315789.44861 973523054.392527 1338577204.53898 275901830.33138 182348188.714051 0 0
40 20113.7181350757 835987.244523562 1.4990771652909 146301408.014899 171429968.79629 88848214.5587076 123355764.621389 26717091.4070237 16003452.6262129 46614.1920231801 436886.281864923 1631676299.01619 1840950543.93189 977479972.247652 1344070940.45688 277091694.827257 183060913.755908 0 0
41 20113.7181350757 835987.24462061 1.49908638020019 140063575.172405 164120732.992925 85060005.5572273 118096261.993855 25577958.4861862 15321115.636162 46614.1920231801 436886.281864923 1637914131.85868 1848259779.73526 981268181.249132 1349330443.08441 278230827.748094 183743250.745959 0 0
42 20113.7181350757 835987.24465957 1.49909330360874 134091910.676774 157123382.304107 81433439.4456665 113061182.359857 24487432.3706371 14667893.9676068 46614.1920231801 436886.281864923 1643885796.35432 1855257130.42407 984894747.360693 1354365522.71841 279321353.863644 184396472.414514 0 0
43 20113.7181350757 835987.244679509 1.49909853524929 128374714.257596 150424206.834504 77961410.7002312 108240660.497849 23443376.3947197 14042507.7646268 46614.1920231801 436886.281864923 1649602992.77349 1861956305.89368 988366776.106129 1359186044.58042 280365409.839561 185021858.617494 0 0
44 20113.7181350757 835987.244689659 1.49910248463732 122901245.265006 144010621.132639 74637396.5705484 103625640.301711 22443829.1355871 13443782.1411862 46614.1920231801 436886.281864923 1655076461.76608 1868369891.59554 991690790.235811 1363801064.77656 281364957.098694 185620584.240935 0 0
45 20113.7181350757 835987.244690757 1.49910546053085 117661149.263224 137870492.296807 71455108.8523935 99207391.3062975 21486899.6995633 12870584.4579979 46614.1920231801 436886.281864923 1660316557.76786 1874510020.43137 994873077.953966 1368219313.77197 282321886.534718 186193781.924123 0 0
46 20113.7181350757 835987.244690719 1.49910770453244 112644472.654489 131992157.110799 68408502.768745 94977521.0177921 20570770.3927189 12321825.9221898 46614.1920231801 436886.281864923 1665333234.3766 1880388355.61738 997919684.037615 1372449184.06048 283238015.841562 186742540.459931 0 0
47 20113.7181350757 835987.244693427 1.49910940101936 107841677.990536 126364439.985256 65491786.2683759 90927987.8237501 19693699.5170037 11796463.2621793 46614.1920231801 436886.281864923 1670136029.04055 1886016072.74292 1000836400.53798 1376498717.25452 284115086.717277 187267903.119942 0 0
48 20113.7181350757 835987.244698216 1.49911068263562 103243649.3035 120976659.204207 62699423.263289 87051105.4879169 18854022.3437589 11293499.3108039 56351.6696269816 436886.281864923 1674734057.72759 1891403853.52397 1003628763.54307 1380375599.59035 284954763.890522 187770867.071317 0 0
49 20113.7181350757 835987.244694457 1.49911164269645 98841670.3315897 115818601.410808 60026120.4052647 83339524.7909493 18050147.1373607 10811980.6234965 56351.6696269816 436886.281864923 1679136036.6995 1896561911.31737 1006302066.40109 1384087180.28732 285758639.09692 188252385.758624 0 0
50 20113.7181350757 835987.244692947 1.49911236402664 94627516.9354346 110880629.897013 57466883.2099073 79786311.4523491 17280572.0319945 10351007.5874196 56351.6696269816 436886.281864923 1683350190.09565 1901499882.83116 1008861303.59645 1387640393.62592 286528214.202286 188713358.794701 0 0
51 20113.7181350757 835987.244692176 1.49911290908191 90592940.5230643 106153079.302227 55016702.3428628 76384510.5741192 16543790.6963908 9909677.91494214 56351.6696269816 436886.281864923 1687384766.50803 1906227433.42595 1011311484.4635 1391042194.50415 287264995.53789 189154688.467179 0 0
52 20113.7181350757 835987.244691782 1.49911332054791 86730360.138375 101627066.574086 52670973.9221617 73127730.1833494 15838418.7207895 9487162.34902893 56351.6696269816 436886.281864923 1691247346.89271 1910753446.15409 1013657212.8842 1394298974.89492 287970367.513492 189577204.033092 0 0
53 20113.7181350757 835987.244691739 1.49911363058835 83032469.1074885 97294030.0528485 50425260.6362482 70009809.5714362 15163121.7839661 9082661.63551794 56351.6696269816 436886.281864923 1694945237.9236 1915086482.67533 1015902926.17011 1397416895.50683 288645664.450315 189981704.746603 0 0
54 20113.7181350757 835987.244691741 1.49911386437714 79492243.2354949 93145739.0760052 48275296.7218261 67024826.205263 14516617.1500946 8695407.41973641 56351.6696269816 436886.281864923 1698485463.79559 1919234773.65217 1018052890.08453 1400401878.873 289292169.084186 190368958.962384 0 0
55 20113.7181350757 835987.244691637 1.49911404112316 76102952.031224 89174307.1309994 46216994.7806149 64167105.1914994 13897675.7185787 8324663.47434345 56351.6696269816 436886.281864923 1701874754.99987 1923206205.59718 1020111192.02574 1403259599.88677 289911110.515702 190739702.907777 0 0
56 20113.7181350757 835987.244691451 1.4991141746477 72858162.4181485 85372196.2035132 44246448.0329647 61431222.4054929 13305122.7017255 7969726.10525406 56351.6696269816 436886.281864923 1705119544.61294 1927008316.52466 1022081738.77339 1405995482.67277 290503663.532555 191094640.276867 0 0
57 20113.7181350757 835987.24469134 1.49911427531733 69751707.8800128 81732180.6235848 42359911.58013 58811978.4760409 12737831.9902193 7629920.77657618 56351.6696269816 436886.281864923 1708225999.15108 1930648332.10459 1023968275.22623 1408614726.60223 291070954.244062 191434445.605545 0 0
58 20113.7181350757 835987.244691586 1.49911435017026 66777711.2620902 78247373.783183 40553816.2513745 56304418.0105401 12194730.3170138 7304604.60476876 56351.6696269816 436886.281864923 1711199995.769 1934133138.94499 1025774370.55498 1411122287.06773 291614055.917267 191759761.777352 0 0
59 20113.7181350757 835987.244692184 1.49911440585765 63930523.508894 74911156.3515784 38824731.3996475 53903777.9409626 11674786.0698104 6993159.65735193 56351.6696269816 436886.281864923 1714047183.5222 1937469356.3766 1027503455.40671 1413522927.13731 292134000.164471 192071206.724769 0 0
60 20113.7181350757 835987.244692926 1.49911444807084 61204732.2356891 71717186.3190881 37169370.1070255 51605494.7510274 11177010.8563602 6694993.89051777 56351.6696269816 436886.281864923 1716772974.7954 1940663326.40909 1029158816.69933 1415821210.32724 292631775.377921 192369372.491603 0 0
61 20113.7181350757 835987.244693272 1.49911448043903 58595157.5196688 68659394.0653499 35584586.6287124 49405200.9274809 10700458.735862 6409540.68874038 56351.6696269816 436886.281864923 1719382549.51142 1943721118.66283 1030743600.17765 1418021504.15079 293108327.498419 192654825.693381 0 0
62 20113.7181350757 835987.244692606 1.49911450520768 56096848.9818122 65731978.9399628 34067374.6208641 47298722.4996311 10244225.6860607 6136258.54556935 56351.6696269816 436886.281864923 1721880858.04928 1946648533.78821 1032260812.1855 1420127982.57864 293564560.54822 192928107.836551 0 0
63 20113.7181350757 835987.244691087 1.49911452401233 53705057.8654561 62929376.5453063 32614850.1840249 45282055.497064 9807444.50432603 5874628.00939226 56351.6696269816 436886.281864923 1724272649.16563 1949451136.18287 1033713336.62233 1422144649.5812 294001341.729955 193189738.372729 0 0
64 20113.7181350757 835987.244689028 1.49911453783724 51415241.6203747 60246264.1079772 31224254.6470203 43351369.8147654 9389285.64478246 5624152.18487278 56351.6696269816 436886.281864923 1726562465.41072 1952134248.6202 1035103932.15934 1424075335.2635 294419500.589499 193440214.197248 0 0
65 20113.7181350757 835987.244687119 1.49911454783698 49223038.8005722 57677531.0650552 29892939.322494 41502988.0478971 8988952.63422501 5384353.98709885 56351.6696269816 436886.281864923 1728754668.23052 1954702981.66312 1036435247.48387 1425923717.03037 294819833.600056 193680012.395022 0 0
66 20113.7181350757 835987.244686551 1.49911455428567 47124297.7488838 55218312.6755384 28618382.9269425 39733409.6775579 8605687.31040856 5154779.27930135 56351.6696269816 436886.281864923 1730853409.28221 1957162200.05264 1037709803.87942 1427693295.40071 295203098.923872 193909587.10282 0 0
67 20113.7181350757 835987.244689333 1.49911455740297 45115050.4954372 52863959.4356345 27398175.7293635 38039289.0629628 8238765.05546911 4934994.01768851 56351.6696269816 436886.281864923 1732862656.53565 1959516553.29254 1038930011.077 1429387416.0153 295570021.178812 194129372.364432 0 0
68 20113.7181350757 835987.244699547 1.49911455764096 43191497.6046721 50610019.3231217 26230010.3489161 36417422.6650274 7887492.02873527 4724582.59390891 56351.6696269816 436886.281864923 1734786209.42642 1961770493.40506 1040098176.45744 1431009282.41324 295921294.205546 194339783.788212 0 0
69 20113.7181350757 835987.244726822 1.49911455581726 41349986.7631248 48452212.7073964 25111668.7513744 34864730.9924051 7551201.25649859 4523145.49283632 56351.6696269816 436886.281864923 1736627720.26797 1963928300.02078 1041216518.05499 1432561974.08586 296257584.977782 194541220.889285 0 0
70 20113.7181350757 835987.244782481 1.49911455370491 39587013.3638598 46386433.0342855 24041022.6040507 33378259.094258 7229252.73874053 4330299.35649882 56351.6696269816 436886.281864923 1738390693.66723 1965994079.69389 1042287164.20231 1434048445.98401 296579533.49554 194734067.025622 0 0
71 20113.7181350757 835987.244881242 1.49911455427607 37899204.4187127 44408727.9750751 23016023.5057695 31955162.9956734 6921030.51123815 4145675.22428944 56351.6696269816 436886.281864923 1740078502.61238 1967971784.7531 1043312163.30059 1435471542.08259 296887755.723043 194918691.157831 0 0
72 20113.7181350757 835987.244992399 1.49911456096254 36283312.8891593 42515292.7836563 22034699.5440293 30592704.9176692 6625941.61028569 3968917.91283777 56351.6696269816 436886.281864923 1741694394.14193 1969865219.94452 1044293487.26233 1436834000.1606 297182844.623995 195095448.469283 0 0
