"Time" "IECs" "pheme_e" "BiomassCD" "pro_L_e" "leu_L_e" "ile_L_e" "val_L_e" "trp_L_e" "cys_L_e" "Drug" "Damage" "pro_L_v" "leu_L_v" "ile_L_v" "val_L_v" "trp_L_v" "cys_L_v" "CD" "pheme_c"
0 457000 1e+05 0.4963 224235600.199112 195370466.451958 120509812.093413 157438605.791629 18978882.6152 31300034.1459915 0 0 0 0 0 0 0 0 45700000 1000
1 405377.299191775 115744.070193801 0.594123778066297 208792712.557669 217023221.589336 120816456.937573 163311051.248468 29442218.2936305 25251678.2469783 0 51622.7008082246 200165091.617066 193046057.524028 112146620.520738 149417867.978819 23194391.0917614 25871473.0093714 48532264.0499513 678.17068692584
2 356610.666324433 161618.10579253 0.697811910685043 210888295.974963 233929533.655828 125622049.57895 171951764.467898 34665035.8911106 23883879.8049699 0 100389.333675567 372500757.563772 378960171.552814 213524661.803185 287440052.224121 49766970.8116167 45965658.4724394 52252904.3042724 820.311129027197
3 310336.12927244 213983.938470961 0.803528950411717 220872546.120677 251433879.309358 133114650.469273 183136104.113174 38441103.3390336 24324975.5718228 0 146663.87072756 527928504.103514 553911625.498523 306723088.201574 415375541.931768 76161262.5494746 63293984.9335518 57057135.4318465 956.979632174219
4 266351.354551648 265229.997522398 0.907130760916189 235766510.944925 271475402.785562 142800901.202828 196929561.937045 42035395.1207086 25659957.5421671 0 190648.645448352 670114877.175034 716802780.08609 392655061.816996 533752796.714294 101244163.883625 78849156.4559913 63165452.3980941 1062.06600577626
5 224639.013097535 312455.169283442 1.00479475146013 254553924.954254 294822831.159254 154531618.927694 213401607.141852 45910327.8605147 27570500.1814523 0 232360.986902465 800090738.376973 866936979.820056 471479238.571348 642534303.043905 124564480.416582 92956152.9350857 70824619.5701504 1138.58899698093
6 185377.942246823 354023.954826301 1.09354984115344 276723115.34131 321676052.663242 168176661.532672 232493201.525387 50229314.9429739 29924599.5682517 0 271622.057753177 917665445.635737 1003370551.98418 542898552.9993 741214101.671249 145842091.393537 105678304.754959 80308680.0810828 1192.41635820466
7 148932.942128841 388573.727385993 1.17156390021358 301729100.930322 351790437.645291 183479768.457715 253920692.759481 55008928.1001675 32637002.0272312 0 308067.05787116 1021998068.45837 1124830922.49282 606325812.385589 828943290.687637 164822436.74159 116960782.341285 91917614.9937429 1227.08480212354
8 115812.759191877 414832.084067757 1.23815250108084 328746166.174543 384458051.331174 199972046.904166 277094760.292987 60162620.9190746 35614326.3188974 9737.47760380151 341187.240808123 1111993273.56315 1229910149.64177 661060648.358444 904736609.685262 181260184.721808 126701608.297413 105972243.703983 1243.71362637039
9 113538.174816807 551926.086613958 1.29357896980616 263350832.47282 308053547.367055 160195641.606189 222000883.260458 48208249.6171316 28534283.1217069 8555.48159891775 343461.825183192 1185399155.75555 1315774650.0218 705713194.776577 966616058.353159 194697339.284575 134655091.89463 1034.65546005873 674.357598276525
10 113538.144351058 614872.550818975 1.33875790444385 205928622.03587 240884154.806604 125265857.076734 173594803.619474 37696704.2610971 22312538.5901447 8165.76958199823 343461.855648941 1242821473.80268 1382944169.2893 740643044.809821 1015022229.01862 205208904.501545 140876848.12504 0.0942606156447061 284.815751421799
11 113538.144347936 640792.758865011 1.37495916604141 161026944.660437 188360603.213626 97952280.9210303 135743349.124662 29477131.6921502 17447404.257206 8004.46355400114 343461.855652064 1287723151.18917 1435467720.89527 767956620.972256 1052873683.52277 213428477.072527 145741982.459178 1.84949808182646e-05 123.509749816528
12 113538.144347935 651466.185556344 1.40357108131658 125915847.79292 147289542.718726 76594289.9893576 106145210.190289 23049794.7740826 13643087.5184559 7935.11950220978 343461.855652064 1322834248.05669 1476538781.39017 789314611.90393 1082471822.45714 219855813.990595 149546299.197928 3.86130316623206e-08 54.1656980314366
13 113538.144347935 655861.271607506 1.42594022337547 98460544.6645807 115173815.319364 59893298.919384 83000792.9268766 18023905.549962 10668282.4403716 7904.82458214434 343461.855652064 1350289551.18503 1508654508.78953 806015602.973904 1105616239.72056 224881703.214716 152521104.276013 -9.75192735977559e-09 23.8707779660235
14 113538.144347935 657671.093093539 1.44328052014658 76991728.984912 90060756.8791628 46833872.939892 64902896.6509231 14093885.5871627 8342118.28892164 7891.49610644742 343461.855652064 1371758366.8647 1533767567.22973 819075028.953396 1123714135.99651 228811723.177515 154847268.427462 -9.75192735977559e-09 10.5423022690994
15 113538.144347935 658416.340780306 1.45663406390865 60204078.2142898 70423471.7505019 36621987.6696615 50751153.634592 11020786.276914 6523162.27419074 7885.6140985085 343461.855652064 1388546017.63532 1553404852.35839 829286914.223626 1137865879.01284 231884822.487764 156666224.442193 -9.75192735977559e-09 4.66029433017757
16 113538.144347935 658723.218436739 1.4668652710406 47076888.4052661 55067995.7080196 28636751.4932647 39685125.4426666 8617760.47545929 5100820.2689935 17620.4923790988 343461.855652064 1401673207.44435 1568760328.40088 837272150.400023 1148931907.20477 234287848.289218 158088566.447391 0 2.06097111900797
17 113538.144347935 658849.584213161 1.47467369067072 36812016.402388 43060704.0932529 22392655.9590385 31031989.1185258 6738702.38074129 3988612.79427333 17618.7642185484 343461.855652064 1411938079.44723 1580767620.01565 843516245.934249 1157585043.52891 236166906.383936 159200773.922111 0 0.332810568548004
18 113538.144347935 658901.619151114 1.48061532771216 28785345.443651 33671538.9024632 17510052.4278789 24265623.3990605 5269362.96429033 3118916.27638946 17618.4851551332 343461.855652064 1419964750.40597 1590156785.20644 848398849.465409 1164351409.24838 237636245.800387 160070470.439995 0 0.053747153329597
19 113538.144347935 658923.04609221 1.48512624043096 22508848.8298411 26329632.9205882 13692075.49978 18974628.9451522 4120405.45509363 2438852.61393191 17618.4400880416 343461.855652064 1426241247.01977 1597498691.18831 852216826.393508 1169642403.70229 238785203.309584 160750534.102453 0 0.00868006174820557
20 113538.144347935 658931.869266737 1.48854505094907 17600910.0527018 20588591.8137911 10706588.823278 14837308.6456672 3221972.22718994 1907073.33876191 17618.4328098149 343461.855652064 1431149185.79691 1603239732.29511 855202313.07001 1173779724.00177 239683636.537487 161282313.377623 0 0.00140183507366408
21 113538.144347935 658935.502492841 1.49113278039553 13763121.9496775 16099355.036579 8372072.08028478 11602109.645687 2519437.71932873 1491245.78500586 17618.431634291 343461.855652064 1434986973.89994 1607728969.07232 857536829.813003 1177014923.00175 240386171.045348 161698140.931379 0 0.000226311174056514
22 113538.144347935 658936.998611903 1.4930895231293 10762143.1965725 12588972.5390528 6546584.33671461 9072328.63631969 1970087.13643617 1166087.22484613 17618.4314445393 343461.855652064 1437987952.65304 1611239351.56985 859362317.556573 1179544704.01112 240935521.628241 162023299.491538 0 3.65594509407548e-05
23 113538.144347935 658937.614660474 1.49456803210441 8415512.44072271 9844010.90779535 5119134.81576867 7094153.37732993 1540519.625428 911827.817974554 17618.4314139079 343461.855652064 1440334583.40889 1613984313.2011 860789767.077519 1181522879.27011 241365089.139249 162277558.89841 0 5.92804362450655e-06
24 113538.144347935 658937.868326312 1.49568455831024 6580552.64834296 7697574.27202455 4002933.44064478 5547309.22493063 1204617.13678649 713008.388338849 27355.9090127425 343461.855652064 1442169543.20127 1616130749.83687 861905968.452643 1183069723.42251 241700991.627891 162476378.328046 0 9.61160730978619e-07
25 113538.144347935 658937.972763015 1.49652735772238 5145708.10694986 6019170.79796929 3130121.15514239 4337756.35207039 941958.601014132 557541.78110289 27355.909011838 343461.855652064 1443604387.74266 1617809153.31093 862778780.738145 1184279276.29537 241963650.163663 162631844.935282 0 5.66910013063768e-08
26 113538.144347935 658938.015785003 1.49716334918512 4023710.63348786 4706718.88905972 2447612.94544499 3391928.96226113 736568.954248854 435972.415576296 27355.9090117904 343461.855652064 1444726385.21613 1619121605.21983 863461288.947843 1185225103.68518 242169039.810429 162753414.300809 0 9.10189742338529e-09
27 113538.144347935 658938.033497942 1.49764315551608 3146358.81576512 3680440.22516708 1913922.06596283 2652334.26679303 575963.441141119 340910.611653463 27355.9090117806 343461.855652064 1445603737.03385 1620147883.88373 863994979.827325 1185964698.38065 242329645.323536 162848476.104732 0 -7.39377822910467e-10
28 113538.144347935 658938.040722222 1.49800505835611 2460316.61142504 2877945.19110927 1496604.33777201 2074010.76537924 450378.518404433 266577.36449494 27355.9090117763 343461.855652064 1446289779.23819 1620950378.91778 864412297.555516 1186543021.88206 242455230.246273 162922809.35189 0 -5.05388855364814e-09
29 113538.144347935 658938.043760383 1.49827800211105 1923858.68423008 2250425.74721585 1170278.34495309 1621784.61244889 352176.065389072 208451.698989142 27355.9090117755 343461.855652064 1446826237.16538 1621577898.36168 864738623.548335 1186995248.03499 242553432.699288 162980935.017396 0 -5.8738058602411e-09
30 113538.144347935 658938.045014425 1.49848383069999 1504371.1892748 1759731.98315686 915105.168592039 1268162.81579107 275385.884974969 162999.877737977 27355.9090117755 343461.855652064 1447245724.66034 1622068592.12574 864993796.724696 1187348869.83165 242630222.879703 163026386.838647 0 -5.8738058602411e-09
31 113538.144347935 658938.045531832 1.4986390339322 1176350.95024087 1376031.66380348 715571.291392854 991646.572369612 215339.438685602 127458.610237443 27355.9090117755 343461.855652064 1447573744.89937 1622452292.44509 865193330.601895 1187625386.07507 242690269.325992 163061928.106147 0 -5.8738058602411e-09
32 113538.144347935 658938.045739112 1.49875605725309 919853.300922938 1075994.59826588 559544.423625134 775422.821528155 168385.712999411 99666.8752075689 37093.386615577 343461.855652064 1447830242.54869 1622752329.51063 865349357.469663 1187841609.82591 242737223.051678 163089719.841177 0 0
33 113538.144347935 658938.045829247 1.49884428733576 719285.581563671 841381.337215945 437539.590012986 606347.180122093 131670.360241433 77935.1949102979 37093.386615577 343461.855652064 1448030810.26805 1622986942.77168 865471362.303275 1188010685.46732 242773938.404436 163111451.521474 0 0
34 113538.144347935 658938.045866378 1.49891080845647 562448.740395081 657922.090249971 342136.138389978 474136.026695248 102960.256904031 60941.7918741666 37093.386615577 343461.855652064 1448187647.10922 1623170402.01865 865566765.754898 1188142896.62074 242802648.507773 163128444.92451 0 0
35 113538.144347935 658938.045881666 1.4989609600065 439809.348683314 514465.168495086 267534.908302261 370752.820855558 80510.2408042025 47653.7111149795 37093.386615577 343461.855652064 1448310286.50093 1623313858.9404 865641366.984986 1188246279.82658 242825098.523873 163141733.00527 0 0
36 113538.144347935 658938.0458879 1.49899876867517 343911.902378392 402289.526892173 209200.73559671 289912.682198126 62955.5287053548 37263.1425275674 37093.386615577 343461.855652064 1448406183.94723 1623426034.582 865699701.157692 1188327119.96524 242842653.235972 163152123.573857 0 0
37 113538.144347935 658938.045890523 1.49902727282139 268923.884494079 314572.602794353 163585.715023572 226698.884573748 49228.4367384146 29138.1280137967 37093.386615577 343461.855652064 1448481171.96512 1623513751.5061 865745316.178265 1188390333.76286 242856380.327939 163160248.588371 0 0
38 113538.144347935 658938.045891605 1.4990487618304 210286.414099351 245981.664068148 127916.690906429 177268.358320125 38494.4292059186 22784.7090083367 37093.386615577 343461.855652064 1448539809.43551 1623582342.44483 865780985.202382 1188439764.28912 242867114.335472 163166602.007376 0 0
39 113538.144347935 658938.045892052 1.4990649619142 164434.56562791 192346.653761315 100025.128089448 138615.923547827 30100.9210351506 17816.6228417119 37093.386615577 343461.855652064 1448585661.28398 1623635977.45513 865808876.765199 1188478416.72389 242875507.843642 163171570.093543 0 0
40 113538.144347935 658938.045892231 1.49907717479135 128580.401920304 150406.393900295 78215.1314886808 108391.390181704 23537.5604277089 13931.7941887819 46830.8642193785 343461.855652064 1448621515.44769 1623677917.71499 865830686.7618 1188508641.25726 242882071.20425 163175454.922196 0 0
41 113538.144347935 658938.045892309 1.49908638162231 100544.325449676 117611.309283327 61160.8574715873 84757.3895213586 18405.3564974996 10894.0618328678 46830.8642193785 343461.855652064 1448649551.52416 1623710712.79961 865847741.035817 1188532275.25792 242887203.40818 163178492.654552 0 0
42 113538.144347935 658938.04589234 1.49909332247624 78621.1077404312 91966.7159464489 47825.0198931174 66276.4390088999 14392.1549994906 8518.66284111197 46830.8642193785 343461.855652064 1448671474.74187 1623736357.39294 865861076.873395 1188550756.20843 242891216.609678 163180868.053544 0 0
43 113538.144347935 658938.045892354 1.49909855495424 61478.1325076262 71913.7914962173 37396.9916561851 51825.1626900877 11254.0110099971 6661.2071234447 46830.8642193785 343461.855652064 1448688617.7171 1623756410.31739 865871504.901632 1188565207.48475 242894354.753668 163182725.509261 0 0
44 113538.144347935 658938.045892359 1.4991024994503 48073.2425599805 56233.4768639348 29242.8311916979 40525.0373602676 8800.1502158376 5208.77607575187 46830.8642193785 343461.855652064 1448702022.60705 1623772090.63203 865879659.062097 1188576507.61008 242896808.614462 163184177.940309 0 0
45 113538.144347935 658938.045892361 1.49910547310806 37591.1477413031 43972.0897578701 22866.5995710515 31688.7853930581 6881.32793406781 4073.03232709237 46830.8642193785 343461.855652064 1448712504.70187 1623784352.01913 865886035.293718 1188585343.86205 242898727.436744 163185313.684058 0 0
46 113538.144347935 658938.045892362 1.49910771485431 29394.5912437915 34384.2016600022 17880.6550987 24779.2086597482 5380.88975703607 3184.92856886308 46830.8642193785 343461.855652064 1448720701.25837 1623793939.90723 865891021.23819 1188592253.43878 242900227.874921 163186201.787816 0 0
47 113538.144347935 658938.045892361 1.49910940480894 22985.2549616314 26886.9070249183 13981.8721381751 19376.2323166197 4207.61499828743 2490.47161713344 46830.8642193785 343461.855652064 1448727110.59465 1623801437.20186 865894920.02115 1188597656.41513 242901401.149679 163186896.244768 0 0
48 113538.144347935 658938.045892371 1.49911067880427 17973.4310115623 21024.3466663013 10933.1923751756 15151.3383422592 3290.16484790676 1947.43629650932 56568.34182318 343461.855652064 1448732122.4186 1623807299.76222 865897968.700913 1188601881.3091 242902318.59983 163187439.280088 0 0
49 113538.144347935 658938.045892366 1.49911163922079 14054.4474546835 16440.1318424121 8549.2846440951 11847.692767309 2572.76693261322 1522.81114735559 56568.34182318 343461.855652064 1448736041.40216 1623811883.97704 865900352.608644 1188605184.95467 242903035.997745 163187863.905237 0 0
50 113538.144347935 658938.045892364 1.49911236325363 10989.9412286175 12855.4383458614 6685.15330028269 9264.3590313508 2011.78719231168 1190.76933231868 56568.34182318 343461.855652064 1448739105.90838 1623815468.67054 865902216.739988 1188607768.28841 242903596.977486 163188195.947052 0 0
51 113538.144347935 658938.045892363 1.49911290907373 8593.63449080571 10052.3684399464 5227.48600584281 7244.30764922651 1573.12613819916 931.12749121542 56568.34182318 343461.855652064 1448741502.21512 1623818271.74045 865903674.407282 1188609788.33979 242904035.63854 163188455.588893 0 0
52 113538.144347935 658938.045892363 1.4991133205374 6719.85075499196 7860.51765674966 4087.66812466319 5664.73548277298 1230.11664957187 728.101454807286 56568.34182318 343461.855652064 1448743375.99886 1623820463.59123 865904814.225163 1188611367.91196 242904378.648028 163188658.61493 0 0
53 113538.144347935 658938.045892363 1.49911363072798 5254.62584184968 6146.57686836111 3196.37553628766 4429.57240276646 961.896769884089 569.34310885946 56568.34182318 343461.855652064 1448744841.22377 1623822177.53202 865905705.517752 1188612603.07504 242904646.867908 163188817.373276 0 0
54 113538.144347935 658938.045892363 1.49911386457026 4108.88169265591 4806.34738362666 2499.42228413402 3463.72691411538 752.160124613236 445.200771137866 56568.34182318 343461.855652064 1448745986.96792 1623823517.7615 865906402.471004 1188613568.92053 242904856.604553 163188941.515613 0 0
55 113538.144347935 658938.045892363 1.49911404085684 3212.96161373048 3758.34857290927 1954.43637858415 2708.47944719098 588.15555874498 348.127080569354 56568.34182318 343461.855652064 1448746882.888 1623824565.76031 865906947.456909 1188614324.16799 242905020.609119 163189038.589304 0 0
56 113538.144347935 658938.045892363 1.49911417375141 2512.3908350576 2938.85879905231 1528.28095557506 2117.90857101579 459.911076766144 272.219650219318 56568.34182318 343461.855652064 1448747583.45878 1623825385.25009 865907373.612332 1188614914.73887 242905148.853601 163189114.496734 0 0
57 113538.144347935 658938.045892363 1.49911427393348 1964.57679669446 2298.0555910391 1195.04706921285 1656.10938317348 359.629806537173 212.863540561711 56568.34182318 343461.855652064 1448748131.27281 1623826026.0533 865907706.846219 1188615376.53806 242905249.134871 163189173.852844 0 0
58 113538.144347935 658938.045892363 1.49911434945771 1536.21074231734 1796.97616877928 934.473087735011 1295.00309133465 281.214342442341 166.449719964529 56568.34182318 343461.855652064 1448748559.63887 1623826527.13272 865907967.4202 1188615737.64435 242905327.550335 163189220.266665 0 0
59 113538.144347935 658938.045892363 1.49911440639199 1201.24775810197 1405.15460193473 730.715956298411 1012.63421570288 219.896977087535 130.156200211486 56568.34182318 343461.855652064 1448748894.60185 1623826918.95428 865908171.177332 1188616020.01323 242905388.867701 163189256.560184 0 0
60 113538.144347935 658938.045892363 1.49911444931297 939.32155554894 1098.76750867912 571.386913403412 791.834274220863 171.949515980565 101.776276894091 56568.34182318 343461.855652064 1448749156.52805 1623827225.34138 865908330.506374 1188616240.81317 242905436.815162 163189284.940108 0 0
61 113538.144347935 658938.045892363 1.49911448166802 734.507225336666 859.186792129283 446.798877209153 619.178802241525 134.456790792008 79.5844727558579 56568.34182318 343461.855652064 1448749361.34239 1623827464.9221 865908455.094411 1188616413.46864 242905474.307887 163189307.131912 0 0
62 113538.144347935 658938.045892363 1.49911450606014 574.351576183943 671.84538323594 349.376603129629 484.169942431952 105.139155962187 62.2314740963151 56568.34182318 343461.855652064 1448749521.49803 1623827652.2635 865908552.516685 1188616548.4775 242905503.625522 163189324.48491 0 0
63 113538.144347935 658938.045892363 1.49911452444884 449.117065968381 525.352832333297 273.196769055833 378.599089811634 82.2140848952881 48.6622100747457 56568.34182318 343461.855652064 1448749646.73254 1623827798.75606 865908628.696519 1188616654.04835 242905526.550593 163189338.054175 0 0
64 113538.144347935 658938.045892363 1.49911453831093 351.189316710091 410.802252239133 213.627568227117 296.047435586362 64.2877113477456 38.0516564626739 56568.34182318 343461.855652064 1448749744.66029 1623827913.30663 865908688.26572 1188616736.60001 242905544.476967 163189348.664728 0 0
65 113538.144347935 658938.045892363 1.49911454876141 274.614247868384 321.228881841 167.047148592706 231.4957773161 50.2700983740764 29.7546836490743 56568.34182318 343461.855652064 1448749821.23536 1623828002.88001 865908734.846139 1188616801.15167 242905558.49458 163189356.961701 0 0
66 113538.144347935 658938.045892363 1.49911455663949 214.735988216522 251.186535007739 130.623355525963 181.01928394389 39.3089555108326 23.2668240888806 56568.34182318 343461.855652064 1448749881.11362 1623828072.92235 865908771.269933 1188616851.62816 242905569.455722 163189363.44956 0 0
67 113538.144347935 658938.045892363 1.49911456257787 167.913873359366 196.416559604992 102.141582134086 141.548928860071 30.7378331520262 18.1936087471078 56568.34182318 343461.855652064 1448749927.93574 1623828127.69233 865908799.751706 1188616891.09851 242905578.026845 163189368.522776 0 0
68 113538.144347935 658938.045892363 1.49911456705454 131.301086041185 153.58890290985 79.8701167203008 110.684886933179 24.0356010773225 14.2265825908923 56568.34182318 343461.855652064 1448749964.54853 1623828170.51998 865908822.023171 1188616921.96256 242905584.729077 163189372.489802 0 0
69 113538.144347935 658938.045892363 1.49911457042991 102.671536521914 120.09960564624 62.4548345570096 86.5505972099825 18.7947576691209 11.1245469333335 56568.34182318 343461.855652064 1448749993.17807 1623828204.00928 865908839.438453 1188616946.09685 242905589.96992 163189375.591838 0 0
70 113538.144347935 658938.045892363 1.4991145729741 80.2845240685542 93.9124903236594 48.836871815195 67.6786745406259 14.696655232457 8.69889539278832 56568.34182318 343461.855652064 1448750015.56509 1623828230.1964 865908853.056416 1188616964.96877 242905594.068023 163189378.017489 0 0
71 113538.144347935 658938.045892363 1.49911457489229 62.7788849505225 73.4353412920748 38.1882360591884 52.9216778935104 11.4921230299389 6.80214473955368 56568.34182318 343461.855652064 1448750033.07073 1623828250.67355 865908863.705052 1188616979.72576 242905597.272555 163189379.91424 0 0
72 113538.144347935 658938.045892363 1.49911457633808 49.0902612329743 57.4231302547303 29.8614810640476 41.3823691632505 8.98632274379838 5.31897090036501 56568.34182318 343461.855652064 1448750046.75935 1623828266.68576 865908872.031807 1188616991.26507 242905599.778355 163189381.397414 0 0
