"Time" "IECs" "pheme_e" "BiomassCD" "pro_L_e" "leu_L_e" "ile_L_e" "val_L_e" "trp_L_e" "cys_L_e" "Drug" "Damage" "pro_L_v" "leu_L_v" "ile_L_v" "val_L_v" "trp_L_v" "cys_L_v" "CD" "pheme_c"
0 457000 1e+05 0.4963 224235600.199112 195370466.451958 120509812.093413 157438605.791629 18978882.6152 31300034.1459915 0 0 0 0 0 0 0 0 45700000 1000
1 375085.820806388 131614.685207254 0.594123778007283 285482464.83425 305201089.285287 167279160.849816 227329743.914503 43105909.1901958 33574987.9237563 0 81914.1791936123 231957507.226355 230850448.432904 131717969.245226 176553878.529574 29280653.9861914 29180091.0325823 48532264.0511399 768.040328877591
2 303667.888248225 204588.501599077 0.697811986301476 318936850.087553 358008375.26194 191023921.286781 262063065.579766 53847482.2951292 35646269.6899458 0 153332.111751775 453957896.430419 475070343.96565 263476937.964336 356604963.352719 65102892.5360522 54533295.3687273 52252900.6316739 1036.93018756677
3 241505.433095241 281908.607049919 0.803528832294212 345568296.997398 394893210.4058 208624443.661959 287239325.409587 60642514.8049859 37898447.8032426 0 215494.56690476 649452699.28322 696719159.803054 381090551.47436 518279305.889245 98836778.2780811 76151500.0341766 57057141.9855466 1260.3202320237
4 187733.599938784 351898.658783093 0.907130630083886 371518179.21514 428096324.762805 225062848.755822 310446799.834111 66315503.728029 40430730.7617112 0 269266.400061217 815353999.727207 887153099.543754 481436524.068584 656573166.637788 128221635.0408 94267601.0077876 63165462.9708358 1409.17058111574
5 141789.97086627 410413.843960877 1.00479453862352 398426301.065607 461352056.239645 241768268.701652 333925248.70418 71765666.2757416 43230545.5374502 0 315210.02913373 951974252.723714 1044976921.3795 564274631.024382 770912620.100805 152724837.529663 109110139.795894 70824627.5113809 1495.81630890224
6 103315.12989692 455634.393966471 1.09354970170939 426131355.090922 495262359.151396 258810312.802493 357901173.551287 77209459.9966343 46214292.9752667 0 353684.870103081 1060682562.30038 1171083482.05927 630270757.051729 862118099.237908 172364128.255455 120900731.290308 80308688.1861347 1534.99725817348
7 72027.750016718 486665.703150393 1.17156369803149 453506271.738008 528951994.157287 275575284.824133 381615706.396911 82562176.5114937 49241149.1261708 0 384972.249983282 1143517902.21181 1267518059.97514 680593869.88257 931752968.735857 187407469.793708 129888229.013401 91917618.199622 1537.19272735069
8 47587.12714199 503322.216368346 1.23815205661179 478863974.125389 560770142.971052 291070448.004356 403775480.006235 87589652.7410971 52130352.1366087 9737.47760380151 409412.872858011 1203279030.88727 1337348461.69737 716913534.319922 982087686.325773 198310966.313144 136384225.186859 105972234.014191 1509.32627418452
9 46392.3970697171 660271.170990353 1.29357860408855 436757711.108408 511590744.265828 265480171.776418 368318068.331786 79910400.3101262 47555674.5053822 7245.26314217572 410607.602930284 1249507551.80922 1391496742.77318 745013198.662476 1021071895.91401 206768903.316887 141417679.165838 977.076424632678 183.221021450098
10 46392.3752838642 732446.947591607 1.33875760914961 394997280.28997 462675182.215899 240096381.08838 333101470.037944 72269796.6307518 43008656.0150278 7075.88043340731 410607.624716137 1291268057.92022 1440412395.43047 770397035.184079 1056288558.57277 214409521.195759 145964706.02196 0.197582260240253 14.1618120024777
11 46392.3752792514 762829.928605369 1.37495893124634 357229697.642986 418436591.079143 217139615.640944 301252042.390762 65359735.0852672 38896392.33215 7062.83449113816 410607.62472075 1329035640.58319 1484650986.58641 793353800.641243 1088137986.2336 221319582.74425 150076969.706609 4.80821444159558e-05 1.11595035482655
12 46392.3752792502 775619.823026131 1.40357089723894 323073254.528102 378427863.600207 196377856.530311 272447891.120432 59110377.6321393 35177321.8829874 7061.80662656549 410607.624720751 1363192083.69808 1524659714.06535 814115559.751878 1116942137.50393 227568940.197379 153796040.155772 2.77984828247092e-08 0.0880858027469084
13 46392.3752792502 781003.804274777 1.42594007992073 292182672.605491 342244562.263748 177601228.691535 246397842.772756 53458551.1899005 31813849.5799901 7061.72549459557 410607.624720751 1394082665.62069 1560843015.40181 832892187.590654 1142992185.85161 233220766.639618 157159512.45877 5.08321821621462e-08 0.00695383296324643
14 46392.3752792502 783270.222357498 1.44328040939185 264245687.237841 309520919.74635 160619924.211747 222838564.370722 48347122.9554668 28771974.980517 7061.71908973896 410607.624720751 1422019650.98834 1593566657.91921 849873492.070442 1166551464.25364 238332194.874051 160201387.058243 6.1372876676866e-08 0.000548976557450693
15 46392.3752792502 784224.289488987 1.45663397911751 238979890.869862 279926141.448598 145262283.600108 201531901.434513 43724422.8601914 26020948.5832232 7061.71858410683 410607.624720751 1447285447.35631 1623161436.21696 865231132.682081 1187858127.18985 242954894.969327 162952413.455536 6.81346001937723e-08 4.33445494629702e-05
16 46392.3752792502 784625.931352954 1.46686532841389 216129832.55529 253161008.061887 131373032.755242 182262432.010691 39543712.891291 23532956.0146313 16799.1961479806 410607.624720751 1470135505.67089 1649926569.60367 879120383.526947 1207127596.61367 247135604.938227 165440406.024128 7.54534645457273e-08 3.41689066080308e-06
17 46392.3752792502 784794.982876497 1.47467369026649 195464730.642404 228955196.350866 118811892.636848 164835537.778365 35762768.5984509 21282868.9785004 16799.1961445688 410607.624720751 1490800607.58378 1674132381.31469 891681523.645341 1224554490.846 250916549.231067 167690493.060259 -1.37298388099713e-08 5.14791592124553e-09
18 46392.3752792502 784866.008316103 1.480614480527 176775677.094215 207064004.468451 107451879.930955 149075046.450545 32343367.5885024 19247940.8526383 16799.1961445611 410607.624720751 1509489661.13196 1696023573.19711 903041536.351234 1240314982.17382 254335950.241016 169725421.186121 -1.37298388099713e-08 -2.59162419516398e-09
19 46392.3752792502 784896.10240164 1.48512525074968 159873389.849795 187265719.212044 97177940.8382027 134821336.338946 29250878.2912254 17407561.9583093 16799.1961445533 410607.624720751 1526391948.37639 1715821858.45351 913315475.443986 1254568692.28541 257428439.538293 171565800.08045 -1.37298388099713e-08 -1.03493556134759e-08
20 46392.3752792502 784908.831793847 1.48854461031435 144587080.504593 169360289.694872 87886262.8011129 121930381.468052 26454052.7870023 15743136.2693908 16799.1961445556 410607.624720751 1541678257.72159 1733727287.97069 922607153.481076 1267459647.15631 260225265.042516 173230225.769369 -1.37298388099713e-08 -8.09478482645636e-09
21 46392.3752792502 784913.935060415 1.49113248730999 130762403.220298 153166924.826895 79483027.7630449 110272021.889422 23924651.5336835 14237858.0826575 16799.1961445559 410607.624720751 1555502935.00588 1749920652.83866 931010388.519144 1279118006.73494 262754666.295835 174735503.956102 -1.37298388099713e-08 -7.80111493287338e-09
22 46392.3752792502 784916.228356612 1.49308934575355 118259576.905521 138521893.754371 71883270.7486396 99728380.1154179 21637099.7955646 12876507.5543867 16799.1961445559 410607.624720751 1568005761.32066 1764565683.91119 938610145.533549 1289661648.50894 265042218.033953 176096854.484373 -1.37298388099713e-08 -7.80211493287339e-09
23 46392.3752792502 784917.136203231 1.49456798527536 106952198.676022 125277136.021147 65010158.6337726 90192860.509414 19568270.550781 11645321.5058456 16799.1961445559 410607.624720751 1579313139.55016 1777810441.64441 945483257.648416 1299197168.11495 267111047.278737 177328040.532914 -1.37298388099713e-08 -7.8031149328734e-09
24 46392.3752792502 784917.504437048 1.49568456113691 96725976.0915325 113298776.589937 58794219.5444256 81569080.1802695 17697252.5378465 10531855.384897 26536.6737483574 410607.624720751 1589539362.13465 1789788801.07562 951699196.737763 1307820948.44409 268982065.291672 178441506.653862 0 0
25 46392.3752792502 784917.717487198 1.49652726046208 87477699.3780065 102465921.967554 53172718.1290447 73770002.2566613 16005162.2105876 9524871.35803957 26536.6737483574 410607.624720751 1598787638.84818 1800621655.698 957320698.153144 1315620026.3677 270674155.618931 179448490.680719 0 0
26 46392.3752792502 784917.807639542 1.49716325231707 79113547.3118897 92668675.82339 48088625.8019446 66716507.2381627 14474833.7780377 8614153.84928816 26536.6737483574 410607.624720751 1607151790.91429 1810418901.84217 962404790.480244 1322673521.3862 272204484.051481 180359208.189471 0 0
27 46392.3752792502 784917.845641618 1.49764307226856 71549134.1187161 83808193.9235091 43490649.2502959 60337432.5448582 13090827.7851333 7790514.64665327 26536.6737483574 410607.624720751 1614716204.10747 1819279383.74205 967002767.031893 1329052596.0795 273588490.044385 181182847.392106 0 0
28 46392.3752792502 784917.861793601 1.4980050649628 64707948.81192 75794856.0694503 39332281.7969528 54568256.4107237 11839145.5698201 7045622.97200863 26536.6737483574 410607.624720751 1621557389.41426 1827292721.59611 971161134.485236 1334821772.21364 274840172.259698 181927739.06675 0 0
29 46392.3752792502 784917.867591025 1.49827801238256 58520903.1472171 68547736.6001822 35571528.6276315 49350716.6732538 10707146.5555344 6371956.26081677 26536.6737483574 410607.624720751 1627744435.07897 1834539841.06538 974921887.654557 1340039311.95111 275972171.273984 182601405.777942 0 0
30 46392.3752792502 784917.870683234 1.49848384320217 52925434.3853486 61993553.4243309 32170361.4114128 44632054.1326851 9683384.0901889 5762702.46786521 26536.6737483574 410607.624720751 1633339903.84083 1841094024.24123 978323054.870776 1344757974.49167 276995933.73933 183210659.570894 0 0
31 46392.3752792502 784917.87211298 1.4986390631045 47864966.9512072 56066037.4412523 29094391.0739435 40364558.5687789 8757506.94983521 5211701.45086929 26536.6737483574 410607.624720751 1638400371.27498 1847021540.2243 981399025.208245 1349025470.05558 277921810.879683 183761660.58789 0 0
32 46392.3752792502 784917.870496346 1.49875613290413 43288309.9423313 50705226.8200526 26312501.5771163 36505060.6593308 7920149.10514893 4713379.36913456 36274.1513521589 410607.624720751 1642977028.28385 1852382350.8455 984180914.705072 1352884967.96503 278759168.72437 184259982.669625 0 0
33 46392.3752792502 784917.872012057 1.49884433370228 39149379.7026213 45857142.03974 23796681.2874116 33014698.026402 7162878.96274827 4262718.47643338 36274.1513521589 410607.624720751 1647115958.52356 1857230435.62581 986696734.994777 1356375330.59796 279516438.866771 184710643.562326 0 0
34 46392.3752792502 784917.872653435 1.49891084090643 35406124.360959 41472526.1608291 21521369.2640904 29858008.2990186 6478002.59580055 3855140.02108831 36274.1513521589 410607.624720751 1650859213.86522 1861615051.50472 988972047.018098 1359532020.32534 280201315.233718 185118222.017671 0 0
35 46392.3752792502 784917.872923793 1.49896098339846 32020780.6048665 37507145.5939926 19463611.3372983 27003145.6505696 5858610.72404217 3486532.20436708 36274.1513521589 410607.624720751 1654244557.62132 1865580432.07156 991029804.94489 1362386882.97379 280820707.105477 185486829.834392 0 0
36 46392.3752792502 784917.873038707 1.49899879372594 28959107.0314569 33920892.0951724 17602594.1057114 24421234.2831523 5298438.44554475 3153166.7051097 36274.1513521589 410607.624720751 1657306231.19472 1869166685.57038 992890822.176477 1364968794.34121 281380879.383974 185820195.33365 0 0
37 46392.3752792502 784917.873079956 1.49902729227 26190184.1775842 30677548.5333684 15919523.3862377 22086199.7928642 4791828.64967743 2851676.90632673 36274.1513521589 410607.624720751 1660075154.0486 1872410029.13218 994573892.895951 1367303828.8315 281887489.179841 186121685.132433 0 0
38 46392.3752792502 784917.87310195 1.4990487769916 23686013.0280003 27744318.608129 14397380.1699612 19974430.5914634 4333658.55904698 2579014.17939295 36274.1513521589 410607.624720751 1662579325.19818 1875343259.05742 996096036.112227 1369415598.0329 282345659.270472 186394347.859367 0 0
39 46392.3752792502 784917.873112126 1.49906497543652 21421273.9942543 25091544.5324651 13020774.1191224 18064574.6531144 3919295.63160964 2332421.64084494 36274.1513521589 410607.624720751 1664844064.23193 1877996033.13309 997472642.163066 1371325453.97125 282760022.197909 186640940.397915 0 0
40 46392.3752792502 784917.873100647 1.49907719059114 19373057.3154927 22692391.241159 11775779.6930987 16337312.1612025 3544548.2340546 2109404.79749732 46011.6289559604 410607.624720751 1666892280.91069 1880395186.42439 998717636.58909 1373052716.46316 283134769.595464 186863957.241262 0 0
41 46392.3752792502 784917.873111416 1.49908639241187 17520739.4047995 20522701.5505781 10649860.986377 14775251.2311199 3205643.01778784 1907718.08260891 46011.6289559604 410607.624720751 1668744598.82138 1882564876.11497 999843555.295812 1374614777.39324 283473674.811731 187065643.95615 0 0
42 46392.3752792502 784917.873115973 1.49909333034755 15845499.5441388 18560430.0452698 9631577.95489796 13362520.3387885 2899136.49210002 1725312.23197374 46011.6289559604 410607.624720751 1670419838.68204 1884527147.62028 1000861838.32729 1376027508.28557 283780181.337419 187248049.806786 0 0
43 46392.3752792502 784917.873117893 1.49909856077625 14330437.8470776 16785781.2521382 8710658.11888543 12084867.7987026 2621936.60695295 1560347.12810603 46011.6289559604 410607.624720751 1671934900.37911 1886301796.41341 1001782758.1633 1377305160.82566 284057381.222566 187413014.910653 0 0
44 46392.3752792502 784917.87311871 1.4991025046152 12960230.0646215 15180805.3015272 7877786.73894742 10929370.6614597 2371239.59529911 1411154.21431799 46011.6289559604 410607.624720751 1673305108.16156 1887906772.36402 1002615629.54324 1378460657.9629 284308078.23422 187562207.824441 0 0
45 46392.3752792502 784917.873119003 1.49910547706151 11721038.6334921 13729293.7347189 7124552.74738301 9884359.70071383 2144513.698228 1276226.80935175 46011.6289559604 410607.624720751 1674544299.59269 1889358283.93083 1003368863.53481 1379505668.92365 284534804.131291 187697135.229408 0 0
46 46392.3752792502 784917.873119159 1.49910771788691 10600333.0066252 12416569.0502833 6443339.53731073 8939267.89776443 1939466.29213637 1154200.54434892 46011.6289559604 410607.624720751 1675665005.21956 1890671008.61527 1004050076.74488 1380450760.7266 284739851.537382 187819161.49441 0 0
47 46392.3752792502 784917.873119231 1.49910940732291 9586781.76617174 11229358.3319761 5827259.38429832 8084539.46037833 1754024.14942407 1043841.6157449 46011.6289559604 410607.624720751 1676678556.46001 1891858219.33357 1004666156.89789 1381305489.16398 284925293.680094 187929520.423014 0 0
48 46392.3752792502 784917.87311915 1.49911068129459 8670131.97674215 10155651.930652 5270080.11206152 7311528.08130004 1586311.36462934 944033.648837099 55749.1065597619 410607.624720751 1677595206.24944 1892931925.7349 1005223336.17013 1382078500.54306 285093006.464889 188029328.389922 0 0
49 46392.3752792502 784917.873119226 1.49911164098072 7841153.97576677 9184638.79513603 4766191.5336643 6612450.37992588 1434639.25312025 853771.686370348 55749.1065597619 410607.624720751 1678424184.25042 1893902938.87042 1005727224.74853 1382777578.24443 285244678.576398 188119590.352389 0 0
50 46392.3752792502 784917.873119259 1.49911236455296 7091424.56117979 8306452.51179669 4310473.66364325 5980203.06433322 1297466.68251273 772138.581269797 55749.1065597619 410607.624720751 1679173913.665 1894781125.15375 1006182942.61855 1383409825.56003 285381851.147006 188201223.457489 0 0
51 46392.3752792502 784917.873119272 1.49911291004178 6413380.57204599 7512234.06555094 3898329.2866231 5408408.11585871 1173409.87593044 698310.830682941 55749.1065597619 410607.624720751 1679851957.65413 1895575343.6 1006595086.99557 1383981620.5085 285505907.953588 188275051.208076 0 0
52 46392.3752792502 784917.873119278 1.49911332134738 5800163.86102807 6793950.25027997 3525589.72489688 4891282.05427658 1061214.047738 631541.696051192 55749.1065597619 410607.624720751 1680465174.36515 1896293627.41527 1006967826.55729 1384498746.57008 285618103.78178 188341820.342708 0 0
53 46392.3752792502 784917.87311928 1.49911363134457 5245581.62538773 6144347.20303749 3188490.72589767 4423602.48490535 959746.145590982 571156.883813475 55749.1065597619 410607.624720751 1681019756.60079 1896943230.46251 1007304925.55629 1384966426.13945 285719571.683927 188402205.154946 0 0
54 46392.3752792502 784917.873119281 1.49911386504058 4744026.00168083 5556856.22228978 2883623.58838686 4000640.29276062 867980.139258634 516545.790601408 55749.1065597619 410607.624720751 1681521312.2245 1897530721.44326 1007609792.6938 1385389388.3316 285811337.69026 188456816.248158 0 0
55 46392.3752792502 784917.873119282 1.49911404123124 4290425.77698889 5025537.20546348 2607905.81045819 3618118.92060438 784988.185577022 467156.245392874 55749.1065597619 410607.624720751 1681974912.44919 1898062040.46009 1007885510.47173 1385771909.70375 285894329.643941 188506205.793366 0 0
56 46392.3752792502 784917.873119281 1.49911417409266 3880192.3973755 4545015.40661838 2358548.27114924 3272168.83784024 709930.750006641 422488.630727945 55749.1065597619 410607.624720751 1682385145.82881 1898542562.25893 1008134868.01104 1386117859.78652 285969387.079512 188550873.408031 0 0
57 46392.3752792502 784917.873119278 1.49911427401294 3509190.38827977 4110446.78874083 2133037.2506809 2959302.59601155 642051.194665662 382092.661980058 55749.1065597619 410607.624720751 1682756147.8379 1898977130.87681 1008360379.03151 1386430726.02835 286037266.634853 188591269.376779 0 0
58 46392.3752792502 784917.873119275 1.49911434907342 3173669.77838158 3717438.86927356 1929093.35476854 2676357.84180178 580663.41441311 345560.029435143 55749.1065597619 410607.624720751 1683091668.4478 1899370138.79628 1008564322.92742 1386713670.78256 286098654.415105 188627802.009324 0 0
59 46392.3752792502 784917.873119278 1.49911440609627 2870220.52384435 3361997.33551573 1744643.81171123 2420458.88296814 525143.498182077 312519.435847163 55749.1065597619 410607.624720751 1683395117.70234 1899725580.33004 1008748772.47048 1386969569.74139 286154174.331336 188660842.602912 0 0
60 46392.3752792502 784917.87311928 1.49911444908968 2595784.98569922 3040540.65985272 1577830.05668406 2189027.21052793 474932.011876495 282637.955018418 55749.1065597619 410607.624720751 1683669553.24048 1900047037.0057 1008915586.22551 1387201001.41383 286204385.817642 188690724.083741 0 0
61 46392.3752792502 784917.873119282 1.49911448150125 2347589.546111 2749819.99931438 1426966.16515542 1979723.83070997 429521.486693705 255613.585944484 55749.1065597619 410607.624720751 1683917748.68007 1900337757.66624 1009066450.11704 1387410304.79365 286249796.342825 188717748.452814 0 0
62 46392.3752792502 784917.873119282 1.49911450593448 2123125.26203139 2486896.53447087 1290527.0933432 1790432.9501675 388452.879463267 231173.146317761 55749.1065597619 410607.624720751 1684142212.96415 1900600681.13108 1009202889.18885 1387599595.67419 286290864.950055 188742188.892441 0 0
63 46392.3752792502 784917.873119282 1.4991145243537 1920123.09773447 2249112.45836927 1167133.62348179 1619241.08955878 351311.041123044 209069.57576115 55749.1065597619 410607.624720751 1684345215.12845 1900838465.20718 1009326282.65871 1387770787.5348 286328006.788395 188764292.462998 0 0
64 46392.3752792502 784917.873119279 1.49911453823847 1736531.14199614 2034064.29015826 1055538.51544116 1464417.87077936 317720.54831123 189079.45515656 55749.1065597619 410607.624720751 1684528807.08418 1901053513.37539 1009437877.76675 1387925610.75358 286361597.281207 188784282.583602 0 0
65 46392.3752792502 784917.873119293 1.4991145487074 1570493.11397989 1839577.69822307 954613.441677383 1324397.89096117 287341.770743671 171000.666292171 55749.1065597619 410607.624720751 1684694845.1122 1901247999.96733 1009538802.84051 1388065630.7334 286391976.058775 188802361.372467 0 0
66 46392.3752792502 784917.873119352 1.49911455660645 1420330.5345841 1663686.61681355 863338.150208644 1197765.68755782 259867.609234184 154650.450617709 55749.1065597619 410607.624720751 1684845007.6916 1901423891.04874 1009630078.13198 1388192262.9368 286419450.220284 188818711.588141 0 0
67 46392.3752792502 784917.873119571 1.4991145625539 1284525.78116559 1504613.39740395 780790.164545424 1083241.44838164 235020.39533982 139863.564184721 55749.1065597619 410607.624720751 1684980812.44501 1901582964.26815 1009712626.11765 1388306787.17598 286444297.434178 188833498.474574 0 0
68 46392.3752792502 784917.873119911 1.49911456703503 1161705.84983309 1360749.78885619 706134.913712277 979667.318334965 212548.920465115 126490.509629523 55749.1065597619 410607.624720751 1685103632.37635 1901726827.87669 1009787281.36848 1388410361.30603 286466768.909053 188846871.52913 0 0
69 46392.3752792502 784917.873120236 1.49911457039821 1050629.59970722 1230641.99614134 638617.978758922 885996.642486041 192226.102036544 114396.147284549 55749.1065597619 410607.624720751 1685214708.62647 1901856935.66941 1009854798.30343 1388504031.98187 286487091.727482 188858965.891474 0 0
70 46392.3752792502 784917.873120101 1.49911457293525 950173.863452155 1112974.4110826 577556.650142417 801282.253071109 173846.442246925 103458.182845497 55749.1065597619 410607.624720751 1685315164.36273 1901974603.25447 1009915859.63205 1388588746.37129 286505471.387271 188869903.855913 0 0
71 46392.3752792502 784917.873119225 1.49911457485841 859323.145396729 1006557.54537678 522333.665800913 724667.781913068 157224.143195116 93566.0456674931 55749.1065597619 410607.624720751 1685406015.08078 1902081020.12017 1009971082.61639 1388665360.84245 286522093.686323 188879795.993091 0 0
72 46392.3752792502 784917.873118049 1.49911457631348 777159.103708961 910315.710669422 472390.81796574 655378.790732225 142191.18251553 84619.7435482428 55749.1065597619 410607.624720751 1685488179.12247 1902177261.95488 1010021025.46423 1388734649.83363 286537126.647003 188888742.295211 0 0
