"Time" "IECs" "pheme_e" "BiomassCD" "pro_L_e" "leu_L_e" "ile_L_e" "val_L_e" "trp_L_e" "cys_L_e" "Drug" "Damage" "pro_L_v" "leu_L_v" "ile_L_v" "val_L_v" "trp_L_v" "cys_L_v" "CD" "pheme_c"
0 457000 1e+05 0.4963 224235600.199112 195370466.451958 120509812.093413 157438605.791629 18978882.6152 31300034.1459915 0 0 0 0 0 0 0 0 45700000 1000
1 373536.2674804 132438.052462538 0.594123778003971 289469539.373218 309784728.462547 169694556.383178 230657714.739018 43816035.4095341 34007803.0667828 0 83463.7325196001 233519750.553773 232711401.538428 132680492.641734 177888878.115223 29580831.8201181 29342304.3667352 48532264.0511953 772.706097912703
2 301077.644614685 206751.42984514 0.697811998328353 324502806.092919 364396950.913244 194392120.689098 266703455.67533 54834499.8028558 36252630.1077378 0 155922.355385314 457663016.803404 479454591.586236 265752144.579467 359756977.118544 65804697.1228544 54921588.5062144 52252900.0333891 1047.84156064156
3 238298.784686018 285208.30910309 0.803528830529841 351952543.392613 402231768.150291 212488535.556457 292566060.96942 61776804.1678325 38594389.1302655 0 218701.215313982 654537213.344757 702717052.792518 384207651.529451 522595637.805863 99793188.2869692 76686911.696295 57057142.0876509 1275.065792652
4 184265.685808528 355934.916288313 0.907130630085558 378406341.430634 436034399.022073 229233863.698029 316202056.27793 67543857.2608743 41181912.0751915 0 272734.314191472 820855614.479381 893638080.152218 484807380.95525 661240845.623978 129254300.222412 94848098.7203253 63165462.8872533 1425.34586786223
5 138354.50225309 414752.303374849 1.00479453885685 405621034.532125 469669691.045655 246126647.929163 339946701.863051 73053999.8600229 44016193.4211279 0 318645.497746911 957033111.920301 1050947400.5357 567375287.809276 775207791.901875 153676333.84612 109643711.859677 70824627.4285665 1511.64710696748
6 100145.260673508 459873.36718819 1.09354970226472 433444700.870486 503750212.853395 263241553.266056 364033935.251773 78524867.2019713 47015163.4758355 0 356854.739326492 1064645757.93623 1175779114.45744 632703886.393761 865491462.36101 173115336.190579 121317090.571529 80308688.106129 1549.29746890223
7 69291.9865169043 490476.829850826 1.17156370214547 460727236.473528 537375503.485069 279950695.476994 387685962.522766 83867668.1164653 50035812.3469666 0 387708.013483096 1145986775.83742 1270472591.04308 682117077.418185 933868541.167502 187885501.985261 130144098.976534 91917618.3061188 1549.24816371453
8 45383.7192476352 506481.006824219 1.23815206711575 485766211.333969 568878200.84828 295252013.79086 409596947.646273 88845655.9063945 52895837.1070985 9737.47760380151 411616.280752365 1204122042.94776 1338404377.25276 717447004.945583 982833420.881994 198491326.123749 136464848.847801 105972234.517426 1518.81297435625
9 44661.2873636599 665885.330645408 1.29357861274663 443211015.767575 519123668.939562 269388800.940928 373743863.862151 81076605.4152087 48267738.4035546 7170.20558248938 412338.71263634 1249166379.90524 1391163503.36694 744825466.799357 1020817559.34151 206731227.059393 141370361.394792 4.26183311665091 16.4493932444685
10 44661.2873061271 736710.992621187 1.33875761614062 402339458.326671 471251679.985182 244546593.82103 339278353.629751 73599970.0948361 43816635.9437078 7153.87410099477 412338.712693873 1290037937.54471 1439035492.5606 769667674.040136 1055283069.74377 214207862.417263 145821463.876731 3.05817820716102e-06 0.118848309481185
11 44661.2873061271 766542.416732949 1.37495893680755 365236950.112018 427794298.498072 221995258.578283 307991146.665374 66812807.0698645 39776000.4519736 7153.75611327768 412338.712693873 1327140445.75937 1482492874.0477 792219009.282884 1086570276.70815 220995025.442235 149862099.368465 3.09687346636209e-08 0.000860593195115439
12 44661.2873061271 779107.22460129 1.40357090034517 331555921.426827 388344423.465835 201523538.315976 279589149.98229 60651535.4056256 36107979.9743242 7153.75525897431 412338.712693873 1360821474.44456 1521942749.07994 812690729.545191 1114972273.39123 227156297.106474 153530119.846114 2.65238987869711e-08 6.28993665281428e-06
13 44661.2873061271 784399.487963544 1.42594007412109 300980854.70926 352532495.855657 182939657.796951 253806299.000685 55058437.4643506 32778213.1826453 7153.75525270512 412338.712693873 1391396541.16213 1557754676.69012 831274610.064215 1140755124.37284 232749395.047749 156859886.637793 -2.07082518008296e-08 2.07642574135448e-08
14 44661.2873061271 786628.71507579 1.44328040878276 273225323.970583 320023030.977714 166069523.979931 230401061.015073 49981117.3306781 29755506.9562688 7153.75525265275 412338.712693873 1419152071.9008 1590264141.56806 848144743.881235 1164160362.35845 237826715.181421 159882592.86417 -2.07082518008296e-08 -3.16056580414301e-08
15 44661.2873061271 787567.304638265 1.45663398096702 248029324.500722 290511490.825873 150755102.983549 209154183.431295 45372012.3346039 27011545.5745035 7153.75525265982 412338.712693873 1444348071.37066 1619775681.7199 863459164.877617 1185407239.94223 242435820.177495 162626554.245935 -2.07082518008296e-08 -2.45376220394056e-08
16 44661.2873061271 787962.926784801 1.46686520889124 225156822.596674 263721414.126521 136852930.782833 189866627.54087 41187944.8232209 24520623.8706776 16891.2328564618 412338.712693873 1467220573.27471 1646565758.41926 877361337.078333 1204694795.83265 246619887.688878 165117475.949761 0 0
17 44661.2873061271 788129.257111234 1.47467311453092 204393777.007502 239402098.899026 124232910.620505 172357900.076923 37389760.2235886 22259431.758308 16891.2328564618 412338.712693873 1487983618.86388 1670885073.64675 889981357.240661 1222203523.2966 250418072.28851 167378668.062131 0 0
18 44661.2873061271 788199.59355681 1.4806145897286 185545267.86499 217325239.633054 112776567.937697 156463632.144955 33941801.8379241 20206741.5583113 16891.2328564618 412338.712693873 1506832128.00639 1692961932.91273 901437699.92347 1238097791.22856 253866030.674175 169431358.262127 0 0
19 44661.2873061271 788229.14893663 1.48512513722522 168434962.296006 197284301.371671 102376725.566942 142035128.593029 30811813.0880556 18343349.801709 16891.2328564618 412338.712693873 1523942433.57538 1713002871.17411 911837542.294224 1252526294.78049 256996019.424043 171294750.01873 0 0
20 44661.2873061271 788241.719810586 1.48854367199125 152902542.842749 179091507.674466 92935940.6961491 128937199.491307 27970467.0962537 16651797.1726458 16891.2328564618 412338.712693873 1539474853.02863 1731195664.87132 921278327.165017 1265624223.88221 259837365.415845 172986302.647793 0 0
21 44661.2873061271 788246.953325207 1.49113155733379 138802408.566249 162576319.247628 84365715.3842249 117047064.819492 25391129.0780548 15116227.0525281 16891.2328564618 412338.712693873 1553574987.30513 1747710853.29815 929848552.476941 1277514358.55403 262416703.434044 174521872.767911 0 0
22 44661.2873061271 788249.237791395 1.49308920595108 126002390.3118 147583929.161561 76585715.6844911 106253271.096495 23049621.3257231 13722245.6064611 16891.2328564618 412338.712693873 1566375005.55958 1762703243.38422 937628552.176675 1288308152.27702 264758211.186376 175915854.213977 0 0
23 44661.2873061271 788249.92572219 1.49456800915993 114382769.663938 133974113.773657 69523175.3541317 96454864.1005601 20924043.745655 12456814.9428896 16891.2328564618 412338.712693873 1577994626.20744 1776313058.77212 944691092.507035 1298106559.27296 266883788.766444 177181284.877549 0 0
24 44661.2873061271 788250.117494556 1.49568448795735 103834727.41881 121619415.456856 63111952.8176833 87560080.521967 18994490.0373777 11308084.1450309 26628.7104602633 412338.712693873 1588542668.45257 1788667757.08892 951102315.043483 1307001342.85155 268813342.474721 178330015.675408 0 0
25 44661.2873061271 788250.444361342 1.496527194583 94259572.737747 110404239.723569 57292062.6376298 79485697.9360472 17242906.6825891 10265305.3221192 26628.7104602633 412338.712693873 1598117823.13363 1799882932.82221 956922205.223537 1315075725.43747 270564925.82951 179372794.49832 0 0
26 44661.2873061271 788250.582865448 1.49716319976145 85567256.6410363 100223114.112441 52008771.9986579 72155781.2860951 15652821.0185244 9318671.72197159 26628.7104602633 412338.712693873 1606810139.23034 1810064058.43334 962205495.862509 1322405642.08742 272155011.493574 180319428.098467 0 0
27 44661.2873061271 788250.641189017 1.49764302358198 77676523.4387416 90980865.5560565 47212692.7490683 65501810.579517 14209368.9392017 8459334.22250825 26628.7104602633 412338.712693873 1614700872.43264 1819306306.98972 967001575.112098 1329059612.794 273598463.572897 181178765.597931 0 0
28 44661.2873061271 788250.666153534 1.49800502753056 70513408.5652225 82590860.9263541 42858868.3671564 59461414.1658619 12899020.1042414 7679237.73895353 26628.7104602633 412338.712693873 1621863987.30616 1827696311.61942 971355399.49401 1335100009.20765 274908812.407857 181958862.081485 0 0
29 44661.2873061271 788250.674975841 1.49827799869732 64010862.2267139 74974566.2210118 38906545.2098424 53978051.3723993 11709509.0927067 6971080.23730926 26628.7104602633 412338.712693873 1628366533.64467 1835312606.32476 975307722.651324 1340583372.00112 276098323.419392 182667019.58313 0 0
30 44661.2873061271 788250.679340609 1.49848383226322 58107971.6207453 68060635.5655382 35318699.7686037 49000356.6298084 10629693.1236758 6328228.03043658 26628.7104602633 412338.712693873 1634269424.25063 1842226536.98024 978895568.092563 1345561066.74371 277178139.388423 183309871.790002 0 0
31 44661.2873061271 788250.682108435 1.49863904498199 52749426.867093 61784285.6695154 32061714.056108 44481689.1110129 9649454.35897465 5744657.61545577 26628.7104602633 412338.712693873 1639627969.00429 1848502886.87626 982152553.805059 1350079734.2625 278158378.153124 183893442.204983 0 0
32 44661.2873061271 788250.680547665 1.49875612682928 47884984.3483442 56086667.2487776 29105049.4183773 40379680.1856351 8759601.73204868 5214897.22904084 36366.1880640648 412338.712693873 1644492411.52304 1854200505.297 985109218.442789 1354181743.18788 279048230.78005 184423202.591398 0 0
33 44661.2873061271 788250.682257192 1.49884432798369 43469256.6460305 50914618.9820553 26421118.855531 36656056.2807138 7951832.52097281 4734003.97048868 36366.1880640648 412338.712693873 1648908139.22535 1859372553.56372 987793149.005635 1357905367.0928 279855999.991126 184904095.84995 0 0
34 44661.2873061271 788250.682981575 1.49891083628412 39460660.97256 46219435.8315861 23984647.8665061 33275752.1312804 7218539.98507102 4297449.28107174 36366.1880640648 412338.712693873 1652916734.89882 1864067736.71419 990229619.99466 1361285671.24223 280589292.527028 185340650.539367 0 0
35 44661.2873061271 788250.683286609 1.49896097894994 35821727.5845985 41957230.2811708 21772861.9062907 30207170.8542398 6552869.78298607 3901152.53168791 36366.1880640648 412338.712693873 1656555668.28678 1868329942.26461 992441405.954876 1364354252.51927 281254962.729113 185736947.288751 0 0
36 44661.2873061271 788250.683417176 1.49899879029717 32518346.6266962 38088050.1800767 19765028.6087364 27421548.838765 5948582.19775981 3541399.00063289 36366.1880640648 412338.712693873 1659859049.24469 1872199122.3657 994449239.25243 1367139874.53475 281859250.314339 186096700.819806 0 0
37 44661.2873061271 788250.683463327 1.49902729123278 29519597.0132297 34575678.3160832 17942353.779016 24892811.4486115 5400020.83420139 3214821.23804886 36366.1880640648 412338.712693873 1662857798.85815 1875711494.2297 996271914.08215 1369668611.9249 282407811.677897 186423278.58239 0 0
38 44661.2873061271 788250.683486146 1.4990487761428 26797387.9074259 31387212.4874607 16287763.4804119 22597270.6943085 4902047.03463341 2918360.02132472 36366.1880640648 412338.712693873 1665580007.96396 1878899960.05832 997926504.380754 1371964152.67921 282905785.477465 186719739.799114 0 0
39 44661.2873061271 788250.683500624 1.49906497376028 24326212.2993848 28492776.8741329 14785754.2561777 20513417.4343943 4449994.80091181 2649237.5185982 36366.1880640648 412338.712693873 1668051183.572 1881794395.67164 999428513.604989 1374048005.93912 283357837.711187 186988862.301841 0 0
40 44661.2873061271 788250.683492485 1.49907719013997 22082899.5721363 25865232.2235417 13422242.7363144 18621712.7232954 4039625.53132652 2404930.34204997 46103.6656678663 412338.712693873 1670294496.29925 1884421940.32224 1000792025.12485 1375939710.65022 283768206.980772 187233169.478389 0 0
41 44661.2873061271 788250.683501411 1.49908639195289 20046519.1708191 23480063.0203996 12184507.0865793 16904506.5790205 3667110.39880137 2183159.05702982 46103.6656678663 412338.712693873 1672330876.70057 1886807109.52538 1002029760.77459 1377656916.7945 284140722.113297 187454940.763409 0 0
42 44661.2873061271 788250.683505194 1.49909332996879 18197893.3649096 21314806.7954149 11060890.8597121 15345627.1131213 3328941.22047283 1981835.11960006 46103.6656678663 412338.712693873 1674179502.50648 1888972365.75037 1003153377.00145 1379215796.26039 284478891.291626 187656264.700839 0 0
43 44661.2873061271 788250.683506786 1.4990985603897 16519743.0233329 19349224.8685893 10040891.5992394 13930503.457586 3021957.12433578 1799076.75212229 46103.6656678663 412338.712693873 1675857652.84805 1890937947.67719 1004173376.26192 1380630919.91593 284785875.387763 187839023.068317 0 0
44 44661.2873061271 788250.683507468 1.4991025043155 14996337.8701907 17564892.7011649 9114948.26084613 12645870.8381089 2743280.57051254 1633170.85448148 46103.6656678663 412338.712693873 1677381058.0012 1892722279.84462 1005099319.60032 1381915552.53541 285064551.941586 188004928.965957 0 0
45 44661.2873061271 788250.68350771 1.4991054769968 13613418.1601569 15945108.1556757 8274393.60577137 11479704.5257771 2490303.02333045 1482564.47417281 46103.6656678663 412338.712693873 1678763977.71123 1894342064.39011 1005939874.25539 1383081718.84774 285317529.488768 188155535.346266 0 0
46 44661.2873061271 788250.683507829 1.4991077178311 12358029.3798387 14474697.8851545 7511353.73037672 10421080.4466897 2260654.71323657 1345846.80451201 46103.6656678663 412338.712693873 1680019366.49155 1895812474.66063 1006702914.13079 1384140342.92683 285547177.798862 188292253.015927 0 0
47 44661.2873061271 788250.683507904 1.49910940717285 11218408.5764195 13139884.1922818 6818678.97537545 9460079.32700239 2052183.84289253 1221736.80529648 46103.6656678663 412338.712693873 1681158987.29497 1897147288.3535 1007395588.88579 1385101344.04651 285755648.669206 188416363.015143 0 0
48 44661.2873061271 788250.683507862 1.49911068126669 10183870.2625917 11928151.3922528 6189874.57752663 8587690.48067307 1862935.71576039 1109070.77732265 55841.1432716678 412338.712693873 1682193525.60879 1898359021.15353 1008024393.28364 1385973732.89284 285944896.796338 188529029.043116 0 0
49 44661.2873061271 788250.683507908 1.4991116409473 9244762.13858006 10828193.95092 5619073.75696619 7795774.47144014 1691144.63633075 1006797.54030848 55841.1432716678 412338.712693873 1683132633.7328 1899458978.59486 1008595194.1042 1386765648.90207 286116687.875768 188631302.28013 0 0
50 44661.2873061271 788250.683507928 1.49911236452434 8392239.77985239 9829652.58128593 5100900.76978219 7076873.11509633 1535192.69373856 913953.895338633 55841.1432716678 412338.712693873 1683985156.09153 1900457519.9645 1009113367.09139 1387484550.25842 286272639.81836 188724145.9251 0 0
51 44661.2873061271 788250.683507936 1.49911291000938 7618334.81389265 8923194.09751154 4630512.34664878 6424266.97050207 1393622.23334231 829672.049631735 55841.1432716678 412338.712693873 1684759061.05749 1901363978.44827 1009583755.51452 1388137156.40301 286414210.278756 188808427.770807 0 0
52 44661.2873061271 788250.68350794 1.49911332132291 6915792.98373828 8100321.74216999 4203499.26596418 5831838.78440734 1265106.23368177 753161.980907363 55841.1432716678 412338.712693873 1685461602.88764 1902186850.80361 1010010768.5952 1388729584.58911 286542726.278417 188884937.839531 0 0
53 44661.2873061271 788250.683507941 1.49911363134327 6278038.18505233 7353333.06363141 3815864.49516564 5294043.16521167 1148441.72777836 683707.520856153 55841.1432716678 412338.712693873 1686099357.68633 1902933839.48215 1010398403.366 1389267380.2083 286659390.78432 188954392.299583 0 0
54 44661.2873061271 788250.683507942 1.49911386503908 5699096.24638494 6675230.64149867 3463976.86348746 4805842.30960777 1042535.86025599 620658.054456222 55841.1432716678 412338.712693873 1686678299.625 1903611941.90428 1010750290.99768 1389755581.06391 286765296.651842 189017441.765983 0 0
55 44661.2873061271 788250.683507942 1.49911404121922 5173542.49992908 6059660.67734481 3144539.19485762 4362661.79089086 946396.296457669 563422.810184925 55841.1432716678 412338.712693873 1687203853.37145 1904227511.86844 1011069728.66631 1390198761.58262 286861436.215641 189074677.010254 0 0
56 44661.2873061271 788250.683507942 1.49911417409272 4696449.16823359 5500851.36988513 2854556.32893118 3960346.19207144 859121.597895234 511465.130187507 55841.1432716678 412338.712693873 1687680946.70315 1904786321.1759 1011359711.53224 1390601077.18144 286948710.914203 189126634.690251 0 0
57 44661.2873061271 788250.68350794 1.49911427411269 4263355.05257594 4993577.41161069 2591316.6973313 3595133.54517326 779895.677342415 464299.169200092 55841.1432716678 412338.712693873 1688114040.8188 1905293595.13417 1011622951.16384 1390966289.82834 287027936.834756 189173800.651239 0 0
58 44661.2873061271 788250.683507935 1.49911434911246 3870211.43411363 4533096.62395353 2352359.44174098 3263609.71162562 707977.902530707 421484.002933777 55841.1432716678 412338.712693873 1688507184.43727 1905754075.92183 1011861908.41943 1391297813.66189 287099854.609568 189216615.817505 0 0
59 44661.2873061271 788250.683507934 1.49911440597311 3513317.00028026 4115073.73795367 2135434.86141118 2962653.50804021 642691.192232902 382616.541256888 55841.1432716678 412338.712693873 1688864078.8711 1906172098.80783 1012078832.99976 1391598769.86547 287165141.319866 189255483.279182 0 0
60 44661.2873061271 788250.683507939 1.49911444899428 3189329.75865278 3735594.34871923 1938511.65454752 2689446.75274561 583424.195667204 347332.825670455 55841.1432716678 412338.712693873 1689188066.11273 1906551578.19706 1012275756.20662 1391871976.62077 287224408.316431 189290766.994768 0 0
61 44661.2873061271 788250.683507941 1.49911448142893 2895219.57092861 3391109.31947997 1759748.06791066 2441434.23940227 529622.609536147 315302.860037847 55841.1432716678 412338.712693873 1689482176.30045 1906896063.2263 1012454519.79326 1392119989.13411 287278209.902562 189322796.960401 0 0
62 44661.2873061271 788250.683507942 1.49911450588048 2628231.32237084 3078391.64273896 1597469.51077736 2216292.67912403 480782.440611999 286226.599566259 55841.1432716678 412338.712693873 1689749164.54901 1907208780.90304 1012616798.35039 1392345130.69439 287327050.071486 189351873.220872 0 0
63 44661.2873061271 788250.683507942 1.49911452431278 2385863.90931827 2794511.82878854 1450155.78330522 2011912.98140317 436446.16192131 259831.662448954 55841.1432716678 412338.712693873 1689991531.96206 1907492660.71699 1012764112.07786 1392549510.39211 287371386.350177 189378268.15799 0 0
64 44661.2873061271 788250.683507939 1.49911453821648 2165846.96152675 2536810.64108206 1316426.92810149 1826380.62490051 396198.454562054 235870.794820108 55841.1432716678 412338.712693873 1690211548.90985 1907750361.9047 1012897840.93307 1392735042.74861 287411634.057536 189402229.025619 0 0
65 44661.2873061271 788250.683507942 1.49911454871282 1966119.47153701 2302874.06526535 1195030.24090468 1657957.63636205 359662.298373202 214119.543393693 55841.1432716678 412338.712693873 1690411276.39984 1907984298.48052 1013019237.62026 1392903465.73715 287448170.213725 189423980.277045 0 0
66 44661.2873061271 788250.683508021 1.49911455662163 1784809.8777994 2090509.98096292 1084828.16487662 1505065.79543645 326495.32854008 194374.086423246 55841.1432716678 412338.712693873 1690592585.99358 1908196662.56482 1013129439.69629 1393056357.57808 287481337.183558 189443725.734015 0 0
67 44661.2873061271 788250.683508346 1.49911456258254 1620219.98017565 1897729.32234601 984788.514257606 1366273.07119776 296386.893256596 176449.482025293 55841.1432716678 412338.712693873 1690757175.89121 1908389443.22344 1013229479.34691 1393195150.30231 287511445.618842 189461650.338413 0 0
68 44661.2873061271 788250.683509159 1.49911456698644 1470808.04724471 1722726.29207805 893974.206790876 1240279.37714579 269054.96354415 160177.828486492 55841.1432716678 412338.712693873 1690906587.82414 1908564446.25371 1013320293.65438 1393321143.99637 287538777.548554 189477921.991952 0 0
69 44661.2873061271 788250.68351029 1.49911457027817 1335174.4384426 1563861.5208317 811534.524692182 1125904.44687514 244243.503109202 145406.698447866 55841.1432716678 412338.712693873 1691042221.43294 1908723311.02495 1013402733.33647 1393435518.92664 287563589.008989 189492693.121991 0 0
70 44661.2873061271 788250.683511168 1.4991145727461 1212048.75596217 1419647.01858143 736697.305425382 1022076.99973576 221720.1180399 131997.739687015 55841.1432716678 412338.712693873 1691165347.11542 1908867525.5272 1013477570.55574 1393539346.37378 287586112.394059 189506102.080752 0 0
71 44661.2873061271 788250.683510352 1.49911457466336 1100277.34672885 1288731.53593258 668761.345258155 927824.20169981 201273.770542085 119825.314025212 55841.1432716678 412338.712693873 1691277118.52465 1908998441.00985 1013545506.51591 1393633599.17181 287606558.741556 189518274.506413 0 0
72 44661.2873061271 788250.683507272 1.49911457617982 998813.087781031 1169888.5999539 607090.190697624 842263.051741386 182712.910378598 108775.384907882 55841.1432716678 412338.712693873 1691378582.7836 1909117283.94583 1013607177.67047 1393719160.32177 287625119.60172 189529324.435531 0 0
