"Time" "IECs" "pheme_e" "BiomassCD" "pro_L_e" "leu_L_e" "ile_L_e" "val_L_e" "trp_L_e" "cys_L_e" "Drug" "Damage" "pro_L_v" "leu_L_v" "ile_L_v" "val_L_v" "trp_L_v" "cys_L_v" "CD" "pheme_c"
0 457000 1e+05 0.4963 224235600.199112 195370466.451958 120509812.093413 157438605.791629 18978882.6152 31300034.1459915 0 0 0 0 0 0 0 0 45700000 1000
1 316630.409775396 163543.695867603 0.594123777894847 440569415.393455 483438353.011785 261217422.212169 356752762.043816 70708922.9989725 50417324.7645725 0 140369.590224604 286208573.478475 295729239.184302 165205627.089222 223034918.910582 39790382.2844644 34784632.0276671 48532264.0535034 949.226990148217
2 213866.367470523 283667.033135923 0.697811933526383 530712706.395383 600847966.008293 319113173.275849 438506504.406823 91317150.589313 58749994.7238488 0 243133.632529477 563563079.426649 605715278.133759 331016030.209878 450300542.235748 86183168.3726422 65913354.3134619 52252903.1703438 1436.37313806596
3 139750.594213992 394699.325613435 0.803528930779172 584300112.746591 668835836.378112 352977383.425307 486188440.778754 102880626.189268 63995654.4532505 0 317249.405786008 774519902.925566 845974908.737851 458187749.663195 625271097.011242 122941474.049894 89128151.514568 57057136.0233651 1764.97231245496
4 87528.5024258566 479638.792545308 0.907130714496853 623605524.129702 717920413.001491 377487570.018053 520718202.204517 110998383.83621 68044396.6726638 0 369471.497574144 920954401.591546 1014082011.86133 546744224.524654 747336296.149058 148870177.269474 105132692.541799 63165454.827584 1921.66678165504
5 51963.9813586439 536269.299759636 1.00479456921851 654441325.009715 756500378.145837 396553288.234574 547747316.429748 117257321.943141 71363765.8650516 0 405036.018641356 1015739375.67082 1123414889.83552 604150316.335345 826572441.595056 165796195.301119 115470099.439221 70824622.7628998 1955.52843295131
6 28860.4839757636 567227.180331579 1.09354976011164 677892538.946541 786588411.15688 410982576.672859 568525886.439744 122080092.63356 74017366.7987319 0 428139.516024236 1072736987.54205 1189414302.43988 638696871.401393 874321907.674604 176032867.98531 121688241.500566 80308688.9281208 1911.80618153573
7 14766.2292694484 576824.509063865 1.17156377579998 693966886.72535 808619376.893205 420848237.651251 583243076.38357 125584101.182976 75989036.9650158 0 442233.770730551 1104210907.94479 1226001342.02712 657781128.77089 900742543.679619 181713177.002912 125128765.141507 91917622.5092109 1822.6241721854
8 6837.00750162691 569842.432417633 1.23815231202149 702982549.956123 823238104.867961 426379262.087377 592278694.541454 127895802.128177 77309193.0494157 9737.47760380151 450162.992498373 1119933502.01161 1244360247.38473 667316616.851081 913970358.335243 184564905.519107 126853430.215951 105972249.834798 1709.25435638771
9 6656.64091317769 733932.821397284 1.2935788142713 693416246.401335 812180929.027304 420578410.583816 584269968.484473 126178808.721679 76269660.4826616 7784.80644198345 450343.359086822 1130014308.97635 1256167567.86675 673430937.517008 922464383.083319 186399266.861658 127962223.55267 0.0308305829444639 287.47258187538
10 6656.64091308734 807691.15840129 1.33875777887403 683488730.920925 800553080.981337 414557065.24692 575905080.602264 124372329.448405 75177721.4935592 7544.60691903795 450343.359086912 1139941824.45702 1267795415.91309 679452282.854059 930829270.96577 188205746.134991 129054162.541807 -6.279064401345e-10 47.2730642091781
11 6656.64091308734 839147.770840212 1.37495906620802 673703345.890959 789091706.740721 408621926.426316 567659951.312693 122591713.213392 74101415.5982171 7505.31331550013 450343.359086912 1149727209.48698 1279256790.15371 685387421.674663 939074400.25534 189986362.370005 130130468.437149 6.55837424150556e-09 7.97946067137143
12 6656.64091308734 852563.452924872 1.40357100325801 664058056.455627 777794422.930339 402771759.91899 559532866.0538 120836589.740237 73040518.9804819 7498.68660326584 450343.359086912 1159372498.92231 1290554073.96409 691237588.181989 947201485.514233 191741485.84316 131191365.054884 7.88082571027738e-09 1.35274843710854
13 6656.64091308734 858285.001055651 1.42594016241072 654550856.89154 766658880.297062 397005349.191641 551522134.810463 119106594.053661 71994811.0285021 7497.56335282632 450343.359086912 1168879698.4864 1301689616.59737 697003998.909338 955212216.757571 193471481.529735 132237073.006864 9.50350411365526e-09 0.229497997622731
14 6656.64091308734 860725.138870225 1.44328047308358 645179770.190889 755682763.221596 391321495.127856 543626091.763202 117401366.403671 70964074.2888863 7497.37279470833 450343.359086912 1178250785.18705 1312665733.67283 702687852.973123 963108259.804832 195176709.179725 133267809.74648 1.14919798814925e-08 0.0389398796721847
15 6656.64091308734 861765.813922231 1.45663402779621 635942847.650327 744863789.236949 385719015.778754 535843094.941774 115720552.190748 69948094.4214841 7497.34046204545 450343.359086912 1187487707.72761 1323484707.65748 708290332.322225 970891256.626259 196857523.392648 134283789.613882 1.39254001234908e-08 0.00660721684062528
16 6656.64091308734 862209.64277258 1.46686524346533 626838168.465745 734199708.553801 380196746.117205 528171525.883731 114063801.892114 68946660.1548146 17234.8125798027 450343.359086912 1196592386.91219 1334148788.34063 713812601.983774 978562825.684303 198514273.691283 135285223.880552 1.6901447491856e-08 0.00112117262518059
17 6656.64091308734 862398.916827294 1.47467351895396 617863849.608483 723688315.62826 374753544.028059 520609797.956077 112430772.858868 67959564.3723625 17234.8114775865 450343.359086912 1205566705.76945 1344660181.26617 719255804.07292 986124553.611957 200147302.724529 136272319.663004 -2.02700687890311e-08 1.89564042740371e-05
18 6656.64091308734 862479.686143049 1.48061558667014 609018002.281881 713327398.160519 369388263.897694 513156319.665721 110821121.392527 66986599.3231833 17234.8114589606 450343.359086912 1214412553.09605 1355021098.73391 724621084.203285 993578031.902313 201756954.19087 137245284.712183 -2.02700687890311e-08 3.30540708236039e-07
19 6656.64091308734 862514.12412951 1.48512761111664 600298793.516935 703114809.240302 364099793.97369 505809546.55975 109234513.953393 66027563.396882 17234.8114586748 450343.359086912 1223131761.861 1365233687.65413 729909554.127289 1000924805.00828 203343561.630004 138204320.638485 -2.02700687890311e-08 4.46840878093938e-08
20 6656.64091308734 862528.652770167 1.48854535113812 591704422.289925 693048439.374028 358887041.879428 498567961.102228 107670622.814753 65082258.4967619 17234.8114586249 450343.359086912 1231726133.08801 1375300057.5204 735122306.22155 1008166390.46581 204907452.768644 139149625.538605 -2.02700687890311e-08 -5.21440218929114e-09
21 6656.64091308734 862535.113343505 1.49113260260403 583233096.97372 683126190.074108 353748920.937616 491430053.674752 106129121.959762 64150487.5596685 17234.8114586041 450343.359086912 1240197458.40422 1385222306.82032 740260427.163363 1015304297.89328 206448953.623635 140081396.475698 -2.02700687890311e-08 -2.59187666998343e-08
22 6656.64091308734 862537.774425416 1.4930890393865 574883054.08169 673345995.813211 348684361.53904 484394338.369998 104609690.492213 63232056.6176535 17234.8114586055 450343.359086912 1248547501.29625 1395002501.08122 745324986.561938 1022340013.19804 207968385.091184 140999827.417713 -2.02700687890311e-08 -2.46151502594828e-08
23 6656.64091308734 862538.885435718 1.49456689950891 566652557.701471 663705823.361044 343692310.799137 477459352.51462 103112012.533507 62326774.7356945 17234.8114586055 450343.359086912 1256777997.67646 1404642673.53339 750317037.301841 1029274999.05341 209466063.04989 141905109.299672 -2.02700687890311e-08 -2.46161502594829e-08
24 6656.64091308734 862539.448570705 1.49568328564873 558539895.84559 654203667.509938 338771730.344529 470623653.594295 101635776.558579 61434453.6102955 26972.289062407 450343.359086912 1264890659.53235 1414144829.38449 755237617.75645 1036110697.97374 210942299.024818 142797430.425071 0 0
25 6656.64091308734 862539.585327211 1.49652758525486 550543405.796614 644837580.760975 333921611.68564 463885840.609455 100180680.007884 60554910.3572298 26972.289062407 450343.359086912 1272887149.58133 1423510916.13345 760087736.415339 1042848510.95858 212397395.575513 143676973.678137 0 0
26 6656.64091308734 862539.641647998 1.49716349794651 542661364.841441 635605545.343825 329140909.943667 457244462.008402 98746409.4046483 59687955.493277 26972.289062407 450343.359086912 1280769190.5365 1432742951.5506 764868438.157311 1049489889.55963 213831666.178749 144543928.542089 0 0
27 6656.64091308734 862539.666302107 1.49764207313734 534892204.406918 626505724.028387 324428673.730455 450698196.117189 97332679.3204695 58833416.4892493 26972.289062407 450343.359086912 1288538350.97102 1441842772.86604 769580674.370524 1056036155.45085 215245396.262927 145398467.546117 0 0
28 6656.64091308734 862539.681770384 1.49800421494172 527234249.958544 617536155.474711 319783887.38901 444245631.979231 95939185.0454861 57991109.1611467 26972.289062407 450343.359086912 1296196305.4194 1450812341.41972 774225460.711968 1062488719.5888 216638890.537911 146240774.87422 0 0
29 6656.64091308734 862539.686738287 1.49827732228756 519685933.082187 608695002.638951 315205599.62763 437885448.05457 94565641.1802312 57160860.9972723 26972.289062407 450343.359086912 1303744622.29575 1459653494.25548 778803748.473348 1068848903.51347 218012434.403166 147071023.038094 0 0
30 6656.64091308734 862539.684874608 1.49848312321173 512245684.57092 599980427.548684 310692858.673756 431616322.135247 93211762.1809762 56342499.3987289 26972.289062407 450343.359086912 1311184870.80702 1468368069.34574 783316489.427223 1075118029.43279 219366313.402421 147889384.636638 0 0
31 6656.64091308734 862539.68353463 1.49863800606566 504911959.400693 591390620.556278 306244727.422491 425436952.3897 91877266.9044753 55535854.4265217 26972.289062407 450343.359086912 1318518595.97725 1476957876.33815 787764620.678488 1081297399.17833 220700808.678922 148696029.608845 0 0
32 6656.64091308734 862539.686433992 1.49875536716029 497683228.717578 582923790.953755 301860278.576619 419346050.611258 90561877.1499101 54740757.9202268 36709.7666662085 450343.359086912 1325747326.66036 1485424705.94067 792149069.524359 1087388300.95678 222016198.433487 149491126.11514 0 0
33 6656.64091308734 862539.685939971 1.49884436786648 490557919.559373 574578096.370232 297538558.085891 413342291.427777 89265306.6902158 53957036.8678997 36709.7666662085 450343.359086912 1332872635.81856 1493770400.52419 796470790.015087 1093392060.14026 223312768.893181 150274847.167467 0 0
34 6656.64091308734 862539.685788569 1.49891121539758 483534539.887093 566351789.218145 293278660.982493 407424417.652719 87987284.0236751 53184527.1584349 36709.7666662085 450343.359086912 1339896015.49084 1501996707.67628 800730687.118485 1099309933.91532 224590791.559722 151047356.876932 0 0
35 6656.64091308734 862539.685754162 1.49896138813286 476611735.783681 558243283.688655 289079766.073834 401591288.480571 86727562.7821907 52423079.8729186 36709.7666662085 450343.359086912 1346818819.59426 1510105213.20577 804929582.027144 1105143063.08747 225850512.801206 151808804.162448 0 0
36 6656.64091308734 862539.6857089 1.49899883654712 469788165.016673 550251007.65879 284941059.25439 395841772.951216 85485898.7238743 51672547.3776387 36709.7666662085 450343.359086912 1353642390.36126 1518097489.23564 809068288.846588 1110892578.61682 227092176.859523 152559336.657728 0 0
37 6656.64091308734 862539.685619688 1.49902648233511 463062458.781771 542373357.882661 280861710.301998 390174717.715208 84262042.7716433 50932779.1162166 36709.7666662085 450343.359086912 1360368096.59617 1525975139.01177 813147637.79898 1116559633.85283 228316032.811754 153299104.91915 0 0
38 6656.64091308734 862539.685427385 1.49904808288521 456432890.806069 534608312.420429 276840672.178723 384588668.221369 83055680.8009584 50203585.2138849 36709.7666662085 450343.359086912 1366997664.57187 1533740184.474 817168675.922255 1122145683.34667 229522394.782439 154028298.821482 0 0
39 6656.64091308734 862539.685204574 1.49906462843985 449898229.285877 526954428.491558 272877197.75751 379082586.556462 81866588.664314 49484830.1831213 36709.7666662085 450343.359086912 1373532326.09206 1541394068.40287 821132150.343469 1127651765.01158 230711486.919083 154747053.852246 0 0
40 6656.64091308734 862539.68502912 1.49907737163947 443457121.293802 519410121.446378 268970466.446029 373655332.74886 80694520.1736988 48776365.2138662 46447.24427001 450343.359086912 1379973434.08414 1548938375.44805 825038881.654949 1133079018.81918 231883555.409698 155455518.821501 0 0
41 6656.64091308734 862539.685352745 1.49908659336866 437108193.153708 511973782.332735 265119645.067197 368305749.344124 79539225.3655165 48078039.2138815 46447.24427001 450343.359086912 1386322362.22423 1556374714.56169 828889703.033781 1138428602.22392 233038850.21788 156153844.821486 0 0
42 6656.64091308734 862539.685450248 1.49909351835185 430850057.129738 504643785.730686 261323891.916275 363032667.041145 78400451.7177676 47389699.5444843 46447.24427001 450343.359086912 1392580498.2482 1563704711.16374 832685456.184703 1143701684.5269 234177623.865629 156842184.490883 0 0
43 6656.64091308734 862539.685468511 1.49909871150604 424681547.69796 497418766.491497 257582500.066931 357835103.773764 77277987.1436685 46711218.00834 46447.24427001 450343.359086912 1398749007.67998 1570929730.40293 836426848.034047 1148899247.79428 235300088.439728 157520666.027027 0 0
44 6656.64091308734 862539.68550621 1.49910258911866 418601427.191314 490297274.967014 253894718.835796 352712016.688285 76171606.428774 46042458.4730071 46447.24427001 450343.359086912 1404829128.18663 1578051221.92741 840114629.265182 1154022334.87976 236406469.154623 158189425.56236 0 0
45 6656.64091308734 862539.685645789 1.49910534182141 412608658.224755 483278096.094343 250259919.016737 347662531.6879 75081120.8033375 45383306.8352965 46447.24427001 450343.359086912 1410821897.15319 1585070400.80009 843749429.084241 1159071819.88014 237496954.780059 158848577.200071 0 0
46 6656.64091308734 862539.686007405 1.49910739009951 406701717.675633 476359445.878412 246677176.788739 342685365.395091 74006253.1094436 44733595.5651743 46447.24427001 450343.359086912 1416728837.70231 1591989051.01602 847332171.312239 1164048986.17295 238571822.473953 159498288.470193 0 0
47 6656.64091308734 862539.686716694 1.49910913983866 400879135.748148 469539602.784534 243145600.675164 337779279.365342 72946735.8928982 44093162.9980885 46447.24427001 450343.359086912 1422551419.62979 1598808894.10989 850863747.425814 1168955072.2027 239631339.690499 160138721.037279 0 0
48 6656.64091308734 862539.688064434 1.49911060526292 395139842.777077 462817313.940861 239664541.890955 332943372.302689 71902374.5100306 43461891.4803156 56184.7218738115 450343.359086912 1428290712.60086 1605531182.95357 854344806.210022 1173790979.26535 240675701.073366 160769992.555052 0 0
49 6656.64091308734 862539.686620408 1.49911159040816 389482697.807032 456191242.975177 236233308.411365 328176682.842334 70872961.3447195 42839655.5168438 56184.7218738115 450343.359086912 1433947857.5709 1612157253.91925 857776039.689612 1178557668.7257 241705114.238677 161392228.518524 0 0
50 6656.64091308734 862539.686183138 1.49911233032353 383906422.736705 449659892.879712 232851125.028401 323478134.060835 69858263.8248245 42226314.5278217 56184.7218738115 450343.359086912 1439524132.64123 1618688604.01472 861158223.072576 1183256217.50721 242719811.758572 162005569.507546 0 0
51 6656.64091308734 862539.686101876 1.4991128851472 378410009.971045 443222083.483841 229517380.604484 318846876.962322 68858098.601392 41621757.6866961 56184.7218738115 450343.359086912 1445020545.40689 1625126413.41059 864491967.496493 1187887474.60572 243719976.982005 162610126.348671 0 0
52 6656.64091308734 862539.68592484 1.49911329952496 372992350.407177 436876515.723391 226231402.4344 314281977.02081 67872263.8544037 41025863.0019503 56184.7218738115 450343.359086912 1450438204.97076 1631471981.17104 867777945.666577 1192452374.54723 244705811.728993 163206021.033417 0 0
53 6656.64091308734 862539.68520932 1.49911359241541 367652537.753952 430622128.082438 222992640.824525 309782670.598723 66900594.6688639 40438530.7895655 56184.7218738115 450343.359086912 1455778017.62399 1637726368.81199 871016707.276452 1196951680.96932 245677480.914533 163793353.245802 0 0
54 6656.64091308734 862539.683372887 1.49911380805276 362389227.252323 424457345.478688 219800280.136883 305347824.607055 65942846.3431295 39859613.1379278 56184.7218738115 450343.359086912 1461041328.12561 1643891151.41574 874209067.964095 1201386526.96098 246635229.240267 164372270.89744 0 0
55 6656.64091308734 862539.67985438 1.49911399125278 357201105.58202 418380629.653292 216653523.80209 300976332.446994 64998779.8963749 39288965.5934113 56184.7218738115 450343.359086912 1466229449.79592 1649967867.24114 877355824.298887 1205758019.12105 247579295.687022 164942918.441956 0 0
56 6656.64091308734 862539.674163415 1.49911415232911 352087117.075738 412390744.129809 213551731.52526 296667304.617171 64068203.2320871 38726472.0419397 56184.7218738115 450343.359086912 1471343438.3022 1655957752.76462 880457616.575717 1210067046.95087 248509872.351309 165505411.993428 0 0
57 6656.64091308734 862539.665847771 1.49911428299115 347046344.997729 406486615.15882 210494347.277794 292419968.679427 63150949.5346988 38172031.6506804 56184.7218738115 450343.359086912 1476384210.38021 1661861881.73561 883515000.823183 1214314382.88861 249427126.048698 166059852.384687 0 0
58 6656.64091308734 862539.654430424 1.49911439158038 342077745.020499 400667019.545918 207480737.642752 288233444.687273 62246828.7711674 37625529.5528363 56184.7218738115 450343.359086912 1481352810.35744 1667681477.34851 886528610.458225 1218500906.88077 250331246.812229 166606354.482531 0 0
59 6656.64091308734 862539.639657611 1.49911447420792 337180292.056615 394930756.632094 204510280.872884 284106868.905824 61355654.4095044 37086852.9978467 56184.7218738115 450343.359086912 1486250263.32132 1673417740.26234 889499067.228093 1222627482.66221 251222421.173892 167145031.037521 0 0
60 6656.64091308734 862539.621272224 1.49911452716813 332352960.730457 389276625.420791 201582355.046147 280039377.357369 60477239.8652812 36555889.2034531 56184.7218738115 450343.359086912 1491077594.64748 1679071871.47364 892426993.05483 1226694974.21067 252100835.718115 167675994.831915 0 0
61 6656.64091308734 862539.599031574 1.49911455128896 327594729.239585 383703429.10063 198696340.407744 276030109.074946 59611399.2042697 36032525.7804151 56184.7218738115 450343.359086912 1495835826.13835 1684645067.7938 895313007.693233 1230704242.49309 252966676.379127 168199358.254952 0 0
62 6656.64091308734 862539.573138929 1.49911455841907 322904629.736047 378210034.055759 195851649.927942 272078248.553445 58757956.3101728 35516656.2740094 56184.7218738115 450343.359086912 1500525925.64189 1690138462.83867 898157698.173035 1234656103.0146 253820119.273224 168715227.761358 0 0
63 6656.64091308734 862539.543665042 1.49911455713226 318281678.338983 372795287.891385 193047686.852554 268182966.778485 57916732.1492345 35008172.4660342 56184.7218738115 450343.359086912 1505148877.03895 1695553209.00305 900961661.248423 1238551384.78956 254661343.434162 169223711.569333 0 0
64 6656.64091308734 862539.51086069 1.49911455375708 313724902.477064 367458051.459286 190283861.286974 264343444.265058 57087549.7456602 34506967.3822368 56184.7218738115 450343.359086912 1509705652.90087 1700890445.43514 903725486.814003 1242390907.30298 255490525.837736 169724916.653131 0 0
65 6656.64091308734 862539.475593042 1.49911455182239 309233375.946252 362197239.920072 187559611.459792 260558900.59706 56270240.5609662 34012939.1483558 56184.7218738115 450343.359086912 1514197179.43168 1706151256.97436 906449736.641185 1246175450.97098 256307835.022431 170218944.887012 0 0
66 6656.64091308734 862539.438424214 1.4991145562426 304806149.595232 357011741.556792 184874361.681365 256828536.023099 55464631.8810252 33525983.3661333 56184.7218738115 450343.359086912 1518624405.78271 1711336755.33764 909134986.419612 1249905815.54494 257113443.702371 170705900.669234 0 0
67 6656.64091308734 862539.412332756 1.49911456622561 300442297.767638 351900472.171533 182227550.512464 253151570.588541 54670555.2670126 33045998.2215472 56184.7218738115 450343.359086912 1522988257.6103 1716448024.7229 911781797.588513 1253582780.9795 257907520.316384 171185885.81382 0 0
68 6656.64091308734 862539.424875469 1.49911457416776 296140924.394061 346862382.220835 179618634.459264 249527249.268609 53887847.6639505 32572885.1548799 56184.7218738115 450343.359086912 1527289630.98388 1721486114.6736 914390713.641714 1257207102.29943 258690227.919446 171658998.880488 0 0
69 6656.64091308734 862539.489351768 1.49911457799111 291901131.464064 341896419.887764 177047068.850646 245954815.403025 53116345.6636584 32106545.3929175 56184.7218738115 450343.359086912 1531529423.91387 1726452077.00667 916962279.250331 1260779536.16501 259461729.919738 172125338.64245 0 0
70 6656.64091308734 862539.607705791 1.49911457908118 287722041.698793 337001557.637763 174512321.589839 242433529.799867 52355889.6304178 31646882.4427371 56184.7218738115 450343.359086912 1535708513.67914 1731346939.25667 919497026.511138 1264300821.76817 260222185.952979 172585001.592631 0 0
71 6656.64091308734 862539.768950262 1.49911457806557 283602780.037099 332176770.533821 172013861.925178 238962655.135842 51606320.3320592 31193800.055344 56184.7218738115 450343.359086912 1539827775.34084 1736171726.36061 921995486.175799 1267771696.4322 260971755.251337 173038083.980024 0 0
72 6656.64091308734 862539.923035787 1.49911457726777 279542496.306397 327421062.790268 169551174.200683 235541475.05867 50867483.065308 30747204.7192655 56184.7218738115 450343.359086912 1543888059.07154 1740927434.10416 924458173.900294 1271192876.50937 261710592.518089 173484679.316102 0 0
