"Time" "IECs" "pheme_e" "BiomassCD" "pro_L_e" "leu_L_e" "ile_L_e" "val_L_e" "trp_L_e" "cys_L_e" "Drug" "Damage" "pro_L_v" "leu_L_v" "ile_L_v" "val_L_v" "trp_L_v" "cys_L_v" "CD" "pheme_c"
0 457000 1e+05 0.4963 224235600.199112 195370466.451958 120509812.093413 157438605.791629 18978882.6152 31300034.1459915 0 0 0 0 0 0 0 0 45700000 1000
1 398057.042154071 119541.268105135 0.59412377805187 227111893.287428 238088895.608584 131915788.632193 178604555.823228 32706916.3162018 27239608.7042395 0 58942.9578459289 208061980.46941 202425332.524593 117005241.044596 156152952.208137 24702479.2285347 26694521.2545888 48532264.0500722 699.661915833228
2 343413.643670214 172120.822161642 0.697812001158257 236857032.307197 263761249.370699 141343794.216183 193614440.617406 39279090.6660066 26709463.1370045 0 113586.356329786 393771911.45572 404014873.056839 226558336.930009 305480902.991178 53757297.4629968 48207731.8396248 52252899.8713989 873.231536985733
3 292603.025445346 230995.468998244 0.803528983111138 250955240.228798 286064110.4759 151337559.0586 208261390.356956 43805027.1764865 27596262.5774345 0 164396.974554653 561287388.720482 593033373.14886 327117853.893535 443585258.329014 82359157.4172884 66832209.7975439 57057133.8136197 1032.91651822476
4 245363.610108982 287556.512014846 0.907130679104942 268707209.889458 309509327.080137 162772048.384814 224490319.828203 47938958.2134037 29238534.7612277 0 211636.389891017 712205476.734161 766056884.928563 418356533.3114 569292424.114962 109024321.684684 83329873.1029144 63165468.5691845 1151.44568184179
5 201648.438505396 338524.698549409 1.00479465612505 289813109.311206 335666508.431018 175924465.933321 242956782.445379 52261756.3274271 31399963.9360477 0 255351.561494604 846942536.533055 921711102.276999 500068679.839338 682066112.409452 133202451.01528 97955069.8238718 70824636.728163 1233.62011042061
6 161616.031610593 382096.181903024 1.09354985340792 313894257.818499 364888223.50028 190742203.164717 263711064.721227 56958247.2153969 33965494.4728511 0 295383.968389407 965242209.449701 1058984167.48322 571920642.507284 781349746.178889 154605248.58618 110761983.534673 80308701.2096813 1287.02791575896
7 125592.680986382 416858.285311398 1.17156472758394 340273894.69269 396789909.220749 206888130.349935 286362946.088569 62022552.1052574 36837509.5955368 0 331407.319013617 1066527374.10557 1176903597.00884 633486468.082033 866514247.211904 173025701.476457 121722935.051684 91917656.8879856 1316.47193216048
8 93998.8959253074 441618.777975616 1.23815281486859 367861871.721262 430375688.955311 223732629.669055 310107586.284585 67323117.5232662 39895858.7963855 9737.47760380151 363001.104074692 1150278180.42134 1274716369.34329 684415858.38838 937053137.797243 188321005.831536 130796599.314288 105972292.418678 1324.09064075018
9 92214.6735338055 586120.317010989 1.29357922802435 306369912.600922 358512287.387308 186336086.972405 258298410.597093 56083517.3742465 33231837.2855429 8330.11578395155 364785.326466194 1218032070.68229 1354000351.83755 725624153.582602 994175540.240922 200723687.955566 138145762.223467 201.58987173105 540.665238416862
10 92214.6685573986 651759.893223927 1.33875811293898 250893482.291186 293594091.909415 152594976.910162 211526605.774976 45928103.2638442 27214328.2987051 7966.81553764159 364785.331442601 1273508518.50595 1418918568.01232 759365274.30587 1040947359.90354 210879105.310027 144163273.121246 0.00619626329269335 177.401418901928
11 92214.6685572281 678978.812350859 1.37495933183749 205462525.078115 240431050.343969 124963586.075987 173224071.613346 37611595.0978994 22286448.2548307 7849.37526378506 364785.331442771 1318939475.71962 1472081609.57847 786996665.140411 1079249894.06568 219195613.476083 149091153.165185 4.23869499715306e-07 59.9611467992335
12 92214.6685572281 690265.735173111 1.40357121193464 168258054.484311 196894595.513781 102335595.586272 141857232.935453 30801012.5681954 18250892.3381401 7809.88053390528 364785.331442771 1356143946.31343 1515618064.40866 809624655.630126 1110616732.74357 226006196.005787 153126709.081876 -3.52542287626724e-08 20.4664169197055
13 92214.6685572281 694946.10679115 1.42594032477236 137790445.666919 161241577.102518 83805006.3436154 116170197.065214 25223667.6679259 14946081.4627793 7796.42310317439 364785.331442771 1386611555.13082 1551271082.81993 828155244.872783 1136303768.61381 231583540.906056 156431519.957237 -8.34960532139132e-10 7.00898618880164
14 92214.6685572281 696886.925717115 1.44328059847403 112839810.10799 132044488.670443 68629874.5616347 95134484.2060674 20656249.8299482 12239694.747743 7791.81715651557 364785.331442771 1411562190.68975 1580468171.252 843330376.654764 1157339481.47296 236150958.744034 159137906.672273 -8.34960532139142e-10 2.40303952998074
15 92214.6685572281 697691.729012842 1.45663412407365 92407152.6403273 108134311.890513 56202605.1642077 77907848.2583023 16915884.8210221 10023371.5365462 7790.23832158261 364785.331442771 1431994848.15741 1604378348.03193 855757646.052191 1174566117.42072 239891323.75296 161354229.88347 -8.34960532139142e-10 0.824204597027396
16 92214.6685572281 698025.45834303 1.46686531704947 75674372.8201437 88553710.3875795 46025624.3714568 63800554.2456358 13852812.6660402 8208372.76010163 17527.1744474427 364785.331442771 1448727627.9776 1623958949.53486 865934626.844942 1188673411.43339 242954395.907942 163169228.659914 0 0.282726655603397
17 92214.6685572281 698163.846365999 1.4746737249716 61971511.828939 72518702.253711 37691459.0616969 52247764.3987004 11344391.9256252 6722028.21961905 17526.9171826899 364785.331442771 1462430488.96881 1639993957.66873 874268792.154702 1200226201.28033 245462816.648357 164655573.200397 0 0.0254619027960718
18 92214.6685572281 698221.232091261 1.48061535377845 50749916.6079344 59387256.874583 30866415.0310312 42786913.0174558 9290187.17152471 5504825.70965042 17526.8940138962 364785.331442771 1473652084.18981 1653125403.04786 881093836.185368 1209687052.66157 247517021.402458 165872775.710365 0 0.00229310915154732
19 92214.6685572281 698245.028402277 1.48512626031835 41560290.4357003 48633609.8432392 25277227.2181027 35039201.0609628 7607950.96538581 4508030.17191978 17526.89192725 364785.331442771 1482841710.36205 1663879050.0792 886683023.998296 1217434764.61806 249199257.608596 166869571.248096 0 0.000206462894968875
20 92214.6685572281 698254.896141517 1.48854506680698 34034690.6460868 39827196.7944498 20700110.604135 28694418.5445708 6230328.39383333 3691730.99408178 17526.8917394258 364785.331442771 1490367310.15166 1672685463.12799 891260140.612264 1223779547.13445 250576880.180149 167685870.425934 0 1.86387290614388e-05
21 92214.6685572281 698258.987237375 1.49113277283388 27871820.7045866 32615442.2781223 16951814.7622681 23498544.3885207 5102164.66279483 3023246.64638734 17526.8917224449 364785.331442771 1496530180.09316 1679897217.64432 895008436.454131 1228975421.2905 251705043.911187 168354354.773628 0 1.65782183154809e-06
22 92214.6685572281 698260.684568082 1.49308952343335 22824877.8520372 26709539.1427301 13882232.7188499 19243500.8481666 4178280.50932131 2475806.51984521 17526.8917209716 364785.331442771 1501577122.94571 1685803120.77971 898078018.497549 1233230464.83086 252628928.064661 168901794.900171 0 1.84519968019392e-07
23 92214.6685572281 698261.388219251 1.49456803721662 18691820.2835606 21873059.2447871 11368481.3911128 15758947.8380657 3421690.52911568 2027495.21052459 17526.8917208176 364785.331442771 1505710180.51418 1690639600.67765 900591769.825286 1236715017.84096 253385518.044867 169350106.209491 0 3.05297341387917e-08
24 92214.6685572281 698261.679607633 1.49568455227245 15307174.5152665 17912366.4770727 9309918.77663046 12905375.7780033 2802103.4480239 1660363.86748605 27264.3693245666 364785.331442771 1509094826.28248 1694600293.44537 902650332.439768 1239568589.90102 254005105.125958 169717237.55253 0 0
25 92214.6685572281 698261.80077762 1.49652734724099 12535427.5532053 14668884.3232215 7624125.02936339 10568534.575124 2294712.50453558 1359713.44365827 27264.3693245666 364785.331442771 1511866573.24454 1697843775.59922 904336126.187035 1241905431.1039 254512496.069446 170017887.976358 0 0
26 92214.6685572281 698261.85106707 1.49716334206058 10265551.3041938 12012688.3551579 6243572.17225554 8654817.1915636 1879193.09841663 1113500.76059487 27264.3693245666 364785.331442771 1514136449.49355 1700499971.56728 905716679.044143 1243819148.48746 254928015.475565 170264100.659421 0 0
27 92214.6685572281 698261.871893128 1.49764314973769 8406697.30774712 9837468.23347465 5113005.60640933 7087629.90192618 1538914.67618911 911871.517552406 27264.3693245666 364785.331442771 1515995303.49 1702675191.68897 906847245.609989 1245386335.7771 255268293.897793 170465729.902464 0 0
28 92214.6685572281 698261.880530548 1.49800506862583 6884429.76441119 8056119.61912447 4187153.01548056 5804216.38483229 1260251.15616833 746751.68939072 27264.3693245666 364785.331442771 1517517571.03333 1704456540.30332 907773098.200918 1246669749.29419 255546957.417814 170630849.730625 0 0
29 92214.6685572281 698261.883942436 1.49827798917162 5637839.42518354 6597366.86362711 3428969.01526767 4753224.46252054 1032052.60232423 611534.471167562 27264.3693245666 364785.331442771 1518764161.37256 1705915293.05882 908531282.201131 1247720741.2165 255775155.971658 170766066.948848 0 0
30 92214.6685572281 698261.885536828 1.49848381941523 4616959.71445649 5402739.37118471 2808063.62360967 3892527.65149692 845172.22446005 500800.005897678 27264.3693245666 364785.331442771 1519785041.08329 1707109920.55126 909152187.592789 1248581438.02753 255962036.349522 170876801.414118 0 0
31 92214.6685572281 698261.886193929 1.49863902557959 3780936.0104972 4424429.30136072 2299588.805384 3187681.69523293 692131.250036088 410116.807046615 27264.3693245666 364785.331442771 1520621064.78725 1708088230.62108 909660662.411015 1249286283.98379 256115077.323946 170967484.612969 0 0
32 92214.6685572281 698261.886470262 1.49875605027087 3096297.05234657 3623268.77949925 1883187.13142763 2610467.19895979 566802.491069366 335854.258641429 37001.8469283681 364785.331442771 1521305703.7454 1708889391.14294 910077064.084971 1249863498.48006 256240406.082913 171041747.161375 0 0
33 92214.6685572281 698261.886580913 1.49884428143735 2535635.03594964 2967185.35290343 1542189.00479156 2137776.82760229 464168.724938654 275039.445759476 37001.8469283681 364785.331442771 1521866365.7618 1709545474.56954 910418062.211607 1250336188.85142 256343039.849044 171102561.974257 0 0
34 92214.6685572281 698261.886626836 1.49891080409468 2076490.12725852 2429896.65456429 1262934.21466981 1750674.84628586 380118.495387611 225236.158054708 37001.8469283681 364785.331442771 1522325510.67049 1710082763.26787 910697317.001729 1250723290.83273 256427090.078595 171152365.261962 0 0
35 92214.6685572281 698261.886645854 1.49896095667563 1700485.77454873 1989898.55066896 1034246.0279704 1433668.10797206 311287.824374531 184451.097386968 37001.8469283681 364785.331442771 1522701515.0232 1710522761.37177 910926005.188428 1251040297.57105 256495920.749608 171193150.322629 0 0
36 92214.6685572281 698261.886653742 1.49899876773821 1392565.29094174 1629571.79391415 846966.87405583 1174062.42132301 254920.462261308 151051.070195145 37001.8469283681 364785.331442771 1523009435.5068 1710883088.12853 911113284.342343 1251299903.2577 256552288.111721 171226550.349821 0 0
37 92214.6685572281 698261.886656858 1.49902726987572 1140408.1040056 1334498.92218833 693603.304118232 961470.394669781 208761.027530027 123699.668295459 37001.8469283681 364785.331442771 1523261592.69374 1711178161.00025 911266647.91228 1251512495.28435 256598447.546452 171253901.751721 0 0
38 92214.6685572281 698261.886658314 1.49904875944484 933907.10150627 1092852.65161359 568008.109613584 787370.789734179 170959.330649479 101300.576757855 37001.8469283681 364785.331442771 1523468093.69624 1711419807.27083 911392243.106785 1251686594.88929 256636249.243333 171276300.843259 0 0
39 92214.6685572281 698261.886658914 1.49906496014949 764798.310777318 894962.529500563 465155.090950307 644796.306798466 140002.583855997 82957.4053567206 37001.8469283681 364785.331442771 1523637202.48697 1711617697.39294 911495096.125448 1251829169.37222 256667205.990126 171294644.01466 0 0
40 92214.6685572281 698261.886659165 1.49907717341681 626311.249030406 732905.776317951 380926.398372713 528038.797406188 114651.394919025 67935.7621913176 46739.3245321696 364785.331442771 1523775689.54872 1711779754.14612 911579324.818026 1251945926.88161 256692557.179063 171309665.657825 0 0
41 92214.6685572281 698261.886659267 1.49908638051944 512901.938001205 600194.860985972 311950.149807542 432424.170807622 93890.8932891522 55634.293877778 46739.3245321696 364785.331442771 1523889098.85975 1711912465.06145 911648301.066591 1252041541.50821 256713317.680693 171321967.126139 0 0
42 92214.6685572281 698261.886659309 1.49909332165377 420027.249785545 491513.441687879 255463.186597557 354122.146453449 76889.4222584474 45560.2089208502 46739.3245321696 364785.331442771 1523981973.54797 1712021146.48075 911704788.029801 1252119843.53256 256730319.151724 171332041.211096 0 0
43 92214.6685572281 698261.886659326 1.49909855432968 343970.026041819 402511.72137904 209204.709912399 289998.813171691 62966.5256006177 37310.3084549322 46739.3245321696 364785.331442771 1524058030.77171 1712110148.20106 911751046.506486 1252183966.86584 256744242.048381 171340291.111561 0 0
44 92214.6685572281 698261.886659334 1.49910249914457 281684.637765567 329625.72273453 171322.349242606 237486.42165344 51564.6760250265 30554.2341668207 46739.3245321696 364785.331442771 1524120316.15999 1712183034.1997 911788928.867156 1252236479.25736 256755643.897957 171347047.185849 0 0
45 92214.6685572281 698261.886659336 1.49910547264344 230678.910122436 269939.117276264 140300.348348391 194483.836074462 42227.660551972 25021.6607236273 46739.3245321696 364785.331442771 1524171321.88763 1712242720.80516 911819950.86805 1252279481.84294 256764980.91343 171352579.759293 0 0
46 92214.6685572281 698261.886659337 1.49910771448688 188908.401840935 221059.511734066 114895.265328564 159267.401763001 34581.2274911503 20490.8282954768 46739.3245321696 364785.331442771 1524213092.39591 1712291600.4107 911845355.95107 1252314698.27725 256772627.346491 171357110.591721 0 0
47 92214.6685572281 698261.886659338 1.49910940454526 154701.496954622 181030.790838585 94090.4129520599 130427.79055193 28319.3738726025 16780.4172829727 46739.3245321696 364785.331442771 1524247299.3008 1712331629.1316 911866160.803447 1252343537.88846 256778889.20011 171360821.002733 0 0
48 92214.6685572281 698261.886659338 1.49911067860913 126688.67911697 148250.354536441 77052.8428562214 106810.372429788 23191.3985317932 13741.8767268617 56476.8021359711 364785.331442771 1524275312.11863 1712364409.5679 911883198.373542 1252367155.30659 256784017.17545 171363859.54329 0 0
49 92214.6685572281 698261.886659338 1.49911163906673 103748.526670989 121405.921735174 63100.4994121323 87469.6843475553 18992.0160655537 11253.5664121174 56476.8021359711 364785.331442771 1524298252.27108 1712391254.0007 911897150.716986 1252386495.99467 256788216.557916 171366347.853605 0 0
50 92214.6685572281 698261.886659338 1.49911236313791 84962.0660416067 99422.1149088412 51674.4571738684 71630.9458710954 15553.0008473464 9215.80559637274 56476.8021359711 364785.331442771 1524317038.7317 1712413237.80753 911908576.759225 1252402334.73315 256791655.573134 171368385.61442 0 0
51 92214.6685572281 698261.886659338 1.49911290898535 69577.4002350826 81419.0685740062 42317.4077117686 58660.2377071443 12736.7119848812 7547.03627561896 56476.8021359711 364785.331442771 1524332423.39751 1712431240.85386 911917933.808686 1252415305.44131 256794471.861997 171370054.383741 0 0
52 92214.6685572281 698261.886659339 1.49911332048813 56978.4670146336 66675.8702887988 34654.6581404752 48038.1619315202 10430.3742487279 6180.43439443966 56476.8021359711 364785.331442771 1524345022.33073 1712445984.05215 911925596.558258 1252425927.51709 256796778.199733 171371420.985622 0 0
53 92214.6685572281 698261.886659339 1.49911363066704 46661.1554439332 54602.6123711987 28379.6050520943 39339.7060077418 8541.70601033013 5061.31921583491 56476.8021359711 364785.331442771 1524355339.6423 1712458057.31007 911931871.611346 1252434625.97301 256798666.867971 171372540.100801 0 0
54 92214.6685572281 698261.886659338 1.49911386452253 38211.9210619985 44715.3675012225 23240.7281325116 32216.2133849496 6995.00457492357 4144.83371671854 56476.8021359711 364785.331442771 1524363788.87668 1712467944.55493 911937010.488266 1252441749.46564 256800213.569407 171373456.5863 0 0
55 92214.6685572281 698261.886659338 1.49911404081885 31292.6335313558 36618.4575270467 19032.374406735 26382.6086520881 5728.37241964595 3394.30101761278 56476.8021359711 364785.331442771 1524370708.16422 1712476041.46491 911941218.841992 1252447583.07037 256801480.201562 171374207.118999 0 0
56 92214.6685572281 698261.886659338 1.49911417371649 25626.2705027549 29987.7125088067 15586.057158404 21605.3361315621 4691.09833850433 2779.67260115588 56476.8021359711 364785.331442771 1524376374.52724 1712482672.20993 911944665.15924 1252452360.34289 256802517.475643 171374821.747416 0 0
57 92214.6685572281 698261.886659338 1.49911427389381 20985.9487816704 24557.6350535136 12763.7846170121 17693.1121295622 3841.64950772089 2276.33852656783 56476.8021359711 364785.331442771 1524381014.84896 1712488102.28738 911947487.431781 1252456272.56689 256803366.924474 171375325.08149 0 0
58 92214.6685572281 698261.886659338 1.49911434942626 17185.8769576283 20110.8131345792 10452.557290773 14489.2971587617 3146.01529055906 1864.14606451688 56476.8021359711 364785.331442771 1524384814.92079 1712492549.1093 911949798.659108 1252459476.38186 256804062.558691 171375737.273952 0 0
59 92214.6685572281 698261.886659338 1.49911440637434 14073.9154061066 16469.2138493668 8559.84291348748 11865.6233260089 2576.34528484117 1526.59268312704 56476.8021359711 364785.331442771 1524387926.88234 1712496190.70859 911951691.373485 1252462100.05569 256804632.228697 171376074.827334 0 0
60 92214.6685572281 698261.886659338 1.49911444929891 11525.4565638061 13487.0221529505 7009.85438988762 9717.03483360868 2109.82905730126 1250.16224357656 56476.8021359711 364785.331442771 1524390475.34118 1712499172.90028 911953241.362008 1252464248.64419 256805098.744924 171376351.257773 0 0
61 92214.6685572281 698261.886659338 1.49911448165981 9438.46452676405 11044.8362247149 5740.53284834789 7957.50589788864 1727.7881014631 1023.78694703965 56476.8021359711 364785.331442771 1524392562.33322 1712501615.08621 911954510.68355 1252466008.17312 256805480.78588 171376577.63307 0 0
62 92214.6685572281 698261.886659338 1.49911450605321 7729.37806059008 9044.87319479187 4701.0558262202 6516.58660471164 1414.92585016645 838.402935639343 56476.8021359711 364785.331442771 1524394271.41969 1712503615.04924 911955550.160572 1252467449.09242 256805793.648131 171376763.017081 0 0
63 92214.6685572281 698261.886659338 1.49911452444318 6329.7661642017 7407.05550421967 3849.80316288996 5336.58323777797 1158.71544916438 686.58752261526 56476.8021359711 364785.331442771 1524395671.03158 1712505252.86693 911956401.413235 1252468629.09578 256806049.858532 171376914.832494 0 0
64 92214.6685572281 698261.886659338 1.4991145383075 5183.59252741196 6065.80978914267 3152.69322586107 4370.25196123443 948.898993718634 562.262468994636 56476.8021359711 364785.331442771 1524396817.20522 1712506594.11265 911957098.523172 1252469595.42706 256806259.674988 171377039.157548 0 0
65 92214.6685572281 698261.886659338 1.49911454875894 4244.96412125851 4967.43229432526 2581.81358938659 3578.90067133848 777.075389651626 460.449773972515 56476.8021359711 364785.331442771 1524397755.83363 1712507692.49014 911957669.402809 1252470386.77835 256806431.498592 171377140.970243 0 0
66 92214.6685572281 698261.886659338 1.49911455663778 3476.2994868806 4067.94541546266 2114.30697636735 2930.84469314245 636.36504364909 377.072989846706 56476.8021359711 364785.331442771 1524398524.49826 1712508591.97702 911958136.909422 1252471034.83433 256806572.208938 171377224.347027 0 0
67 92214.6685572281 698261.886659338 1.49911456257717 2846.82237599529 3331.33496603836 1731.45508111749 2400.13677892061 521.134111833119 308.793827726938 56476.8021359711 364785.331442771 1524399153.97537 1712509328.58747 911958519.761317 1252471565.54224 256806687.43987 171377292.626189 0 0
68 92214.6685572281 698261.886659338 1.49911456705497 2331.32881925264 2728.10740789333 1417.92869266715 1965.52763180019 426.768801544008 252.878421870439 56476.8021359711 364785.331442771 1524399669.46893 1712509931.81503 911958833.287706 1252472000.15139 256806781.80518 171377348.541595 0 0
69 92214.6685572281 698261.886659338 1.49911457043018 1909.17924380091 2234.11043307016 1161.17469439498 1609.61616686618 349.490870220018 207.088005026653 56476.8021359711 364785.331442771 1524400091.6185 1712510425.812 911959090.041704 1252472356.06285 256806859.083111 171377394.332012 0 0
70 92214.6685572281 698261.886659338 1.49911457297364 1563.47117633453 1829.56486573751 950.912896874618 1318.15202267084 286.206181926233 169.589171826109 56476.8021359711 364785.331442771 1524400437.32657 1712510830.35757 911959300.303502 1252472647.527 256806922.3678 171377431.830845 0 0
71 92214.6685572281 698261.886659338 1.49911457489206 1280.36279079243 1498.27308164601 778.724615376207 1079.4652488524 234.380877230006 138.880504235784 56476.8021359711 364785.331442771 1524400720.43496 1712511161.64935 911959472.491783 1252472886.21377 256806974.193105 171377462.539513 0 0
72 92214.6685572281 698261.886659338 1.49911457633792 1048.51879168042 1226.97058401899 637.715652655537 883.999134094808 191.939937612607 113.732466716833 56476.8021359711 364785.331442771 1524400952.27895 1712511432.95185 911959613.500746 1252473081.67989 256807016.634044 171377487.68755 0 0
