"Time" "IECs" "pheme_e" "BiomassCD" "pro_L_e" "leu_L_e" "ile_L_e" "val_L_e" "trp_L_e" "cys_L_e" "Drug" "Damage" "pro_L_v" "leu_L_v" "ile_L_v" "val_L_v" "trp_L_v" "cys_L_v" "CD" "pheme_c"
0 457000 1e+05 0.4963 224235600.199112 195370466.451958 120509812.093413 157438605.791629 18978882.6152 31300034.1459915 0 0 0 0 0 0 0 0 45700000 1000
1 375440.098661352 131426.599926301 0.59412377800829 284571789.072132 304154144.092525 166727464.96932 226569607.253758 42943707.9260891 33476131.1723495 0 81559.9013386489 231599429.116332 230423952.026875 131497363.41038 176247909.42136 29211867.1654306 29142905.0876832 48532264.0511207 766.974554427964
2 304261.698892043 204093.276464515 0.697811930177301 317664889.209437 356548478.848566 190254214.742052 261002644.614744 53621940.8801741 35507696.3923734 0 152738.301107957 453104464.389921 474060581.911386 262952894.550551 355878980.292127 64941273.2382371 54443845.3790736 52252903.4352815 1034.43263273935
3 242242.74405802 281151.8690749 0.803528905387392 344108572.439607 393215187.103396 207740910.185415 286021345.089881 60383128.4371865 37739339.3901554 0 214757.25594198 648275360.984288 695330706.811257 380368868.696068 517280024.560364 98615445.9875045 76027481.0375564 57057137.8254337 1256.93809446774
4 188533.566504205 350970.472493701 0.907130735290141 369942367.079326 426280259.13319 224108614.853647 309130127.79692 66034462.4439144 40258898.4556989 0 268466.433495795 814071708.574813 885642104.227781 480650981.330689 655485480.529269 127981112.142254 94132246.152678 63165454.8380232 1405.45114161222
5 142585.325114905 409413.348860472 1.00479471632165 396778644.17804 459447077.604379 240770096.468716 332546191.043751 71470552.2538674 43050664.4290853 0 314414.674885096 950784889.131929 1043574021.69469 563545846.104823 769903180.147753 152501402.449958 108984604.872783 70824632.6230903 1492.16537612596
6 104051.974544521 454653.266280816 1.09354994492824 424454447.203967 493315974.982419 257794172.388051 356494865.292532 76907757.1399744 46030711.8327259 0 352948.025455479 1059737910.49855 1169965329.33888 629691076.650547 861314554.500341 172185440.343752 120801364.088169 80308699.7543487 1531.68710104858
7 72666.6447628833 485779.999855833 1.1715639288523 451847953.93033 527017352.195408 274570354.177597 380221544.56663 82262264.6913411 49058725.0041223 0 384333.355237117 1142912796.42845 1266795538.68772 680220960.397171 931235235.964522 187290866.668863 129825317.552922 91917635.0706143 1534.39072604446
8 48104.4286076927 502584.610167128 1.23815224665462 477276255.227866 558904957.287936 290108448.462218 402436277.892289 87300633.7017081 51954357.4154041 9737.47760380151 408895.571392308 1203047534.86888 1337062190.58463 716768063.508809 981884721.277763 198262764.162128 136361576.145233 105972255.710324 1507.11061164608
9 47269.219623545 661046.115317423 1.29357876047892 433403812.267587 507617159.419472 263443293.570268 365475052.401972 79291126.113285 47184800.6270173 8137.92610710464 409730.780376456 1249803231.73229 1391823622.61816 745188371.860321 1021312098.86556 206816635.269889 141451853.183533 0.375411320962528 413.855955566112
10 47269.2196189404 731811.568337814 1.33875773546757 391220164.38117 458210248.571543 237802081.334831 329902982.001712 71573637.5961775 42592254.4636291 7829.09636305194 409730.78038106 1291986879.63463 1441230533.48524 770829584.105451 1056884169.27942 214534123.789998 146044399.348689 6.25000868756948e-08 105.026269852597
11 47269.2196189404 761592.137272542 1.37495903168477 353142295.18666 413612164.175025 214656555.179315 297793178.522103 64607300.3306291 38446705.635054 7751.49990342988 409730.78038106 1330064748.82914 1485828617.88176 793975110.260967 1088993972.75903 221500461.055546 150189948.177265 3.02901637114272e-08 27.4298102306024
12 47269.2196189404 774124.835237061 1.40357097614628 318770584.965191 373354858.140401 193763807.376726 268808655.915765 58319003.9826031 34704647.4248934 7731.28680585853 409730.78038106 1364436459.05061 1526085923.91638 814867858.063556 1117978495.36537 227788757.403572 153932006.387425 3.47301481494737e-08 7.2167126593588
13 47269.2196189404 779399.03044416 1.42594014131509 287744309.373429 337015837.953039 174904572.645153 242645227.314583 52642754.1178331 31326807.6676985 7725.97244545268 409730.78038106 1395462734.64237 1562424944.10374 833727092.795129 1144141923.96655 233465007.268342 157309846.14462 -3.03578295221209e-08 1.90235225353166
14 47269.2196189404 781618.594949152 1.44328045679187 259737853.747808 304213732.739156 157880927.023207 219028312.678279 47518979.6097568 28277736.5991925 7724.57181435358 409730.78038106 1423469190.26799 1595227049.31763 850750738.417074 1167758838.60286 238588781.776419 160358917.213126 -3.03578295221209e-08 0.501721154427477
15 47269.2196189404 782552.664873918 1.45663401528355 234457295.841641 274604290.852296 142514210.69635 197710057.130015 42893907.4520697 25525434.8178537 7724.20243316027 409730.78038106 1448749748.17416 1624836491.20449 866117454.743932 1189077094.15112 243213853.934106 163111218.994465 -3.03578295221209e-08 0.132339961114791
16 47269.2196189404 782945.753908618 1.46686523388323 211637321.169008 247876767.020074 128643152.997306 178466729.768263 38718998.4216096 23041017.4574964 17461.582605796 409730.78038106 1471569722.84679 1651564015.03671 879988512.442976 1208320421.51287 247388762.964566 165595636.354822 0 0.0349087953103767
17 47269.2196189404 783111.178913026 1.47467365494988 191038447.958008 223750672.115851 116122185.60168 161096383.561969 34950439.3842047 20798412.0671155 17461.5494132127 409730.78038106 1492168596.05779 1675690109.94093 892509479.838602 1225690767.71916 251157322.001971 167838241.745203 0 0.00171621203840281
18 47269.2196189404 783180.796057881 1.48061530065699 172444475.310555 201972784.357435 104819891.399024 145416703.468393 31548676.4361031 18774080.7912907 17461.547781351 409730.78038106 1510762568.70524 1697467997.69935 903811774.041258 1241370447.81274 254559084.950072 169862573.021028 0 8.43503530967436e-05
19 47269.2196189404 783210.091382349 1.48512620703706 155660276.452993 182314564.687795 94617663.1264111 131263145.554582 28478011.1796904 16946780.120733 17461.5477010962 409730.78038106 1527546767.5628 1717126217.36899 914014002.313871 1255524005.72655 257629750.206485 171689873.691586 0 4.09554791086194e-06
20 47269.2196189404 783222.420616594 1.4885450108 140509702.247843 164569701.297319 85408429.0239168 118487169.098401 25706217.1714529 15297332.64699 17461.5476971917 409730.78038106 1542697341.76796 1734871080.75946 923223236.416365 1268299982.18273 260401544.214723 173339321.165329 0 1.91032816851281e-07
21 47269.2196189404 783227.608578964 1.49113270639811 126833758.448536 148551974.763097 77095544.8840167 106954699.527933 23204206.4511579 13808428.619633 17461.5476970055 409730.78038106 1556373285.56726 1750888807.29369 931536120.556265 1279832451.7532 262903554.935018 174828225.192686 0 4.87333989158836e-09
22 47269.2196189404 783229.793816143 1.49308942053668 114488914.260068 134093276.978124 69591765.9149152 96544702.0868143 20945720.0934204 12464441.7987574 17461.5476969991 409730.78038106 1568718129.75573 1765347505.07866 939039899.525367 1290242449.19432 265162041.292755 176172212.013561 0 -1.52791580024091e-09
23 47269.2196189404 783230.727822924 1.49456811097501 103345568.8121 121041815.032882 62818314.5905147 87147888.6618853 18907047.649316 11251262.4994574 17461.5476969828 409730.78038106 1579861475.2037 1778398967.0239 945813350.849767 1299639262.61925 267200713.73686 177385391.312861 0 -1.78648098314221e-08
24 47269.2196189404 783231.077598007 1.49568479773646 93286779.9270639 109260622.305684 56704107.9356691 78665645.7955239 17066794.5748028 10156159.1924358 27199.025300781 409730.78038106 1589920264.08874 1790180159.7511 951927557.504613 1308121505.48561 269040966.811373 178480494.619883 0 0
25 47269.2196189404 783231.253157129 1.49652744544464 84207231.5866091 98626349.124551 51185129.9035535 71009163.9843607 15405693.328949 9167666.09177168 27199.025300781 409730.78038106 1598999812.42919 1800814432.93223 957446535.536729 1315777987.29677 270702068.057227 179468987.720547 0 0
26 47269.2196189404 783231.327389513 1.49716339179565 76011264.0683696 89026955.5969776 46203233.9998161 64097776.5589877 13906242.9879156 8275368.69533079 27199.025300781 409730.78038106 1607195779.94743 1810413826.45981 962428431.440466 1322689374.72215 272201518.39826 180361285.116988 0 0
27 47269.2196189404 783231.358698669 1.49764318206718 68613017.7286541 80361880.0130626 41706230.6804831 57859080.9311279 12552735.5499653 7469919.43842909 27199.025300781 409730.78038106 1614594026.28715 1819078902.04372 966925434.759799 1328928070.35001 273555025.836211 181166734.37389 0 0
28 47269.2196189404 783231.371946009 1.49800514510012 61934810.0122459 72540137.9446593 37646900.8219103 52227569.9798586 11330959.0097855 6742860.99841193 27199.025300781 409730.78038106 1621272234.00356 1826900644.11212 970984764.618372 1334559581.30128 274776802.37639 181893792.813907 0 0
29 47269.2196189404 783231.376774937 1.49827806824591 55906624.28632 65479723.550424 33982685.0099119 47144201.002217 10228103.8407725 6086570.64385215 27199.025300781 409730.78038106 1627300419.72948 1833961058.50636 974648980.43037 1339642950.27892 275879657.545403 182550083.168467 0 0
30 47269.2196189404 783231.379380073 1.4984838876306 50465168.4400921 59106506.9759791 30675111.3121927 42555601.861524 9232590.76605778 5494157.74401673 27199.025300781 409730.78038106 1632741875.57571 1840334275.0808 977956554.12809 1344231549.41961 276875170.620118 183142496.068302 0 0
31 47269.2196189404 783231.380410714 1.49863910218705 45553323.0486525 53353588.0247881 27689459.84628 38413605.6422584 8333969.80020996 4959403.69030092 27199.025300781 409730.78038106 1637653720.96715 1846087194.032 980942205.594002 1348373545.63888 277773791.585966 183677250.122018 0 0
32 47269.2196189404 783231.378847682 1.49875615105216 41119514.5485287 48160562.0002375 24994381.7660453 34674722.0698097 7522805.571851 4476693.65366722 36936.5029045825 409730.78038106 1642087529.46727 1851280220.05655 983637283.674237 1352112429.21132 278584955.814325 184159960.158652 0 0
33 47269.2196189404 783231.380263153 1.49884434807413 37117377.8997392 43473124.6040597 22561694.2117778 31299853.0445833 6790615.60775765 4040979.85856391 36936.5029045825 409730.78038106 1646089666.11606 1855967657.45273 986069971.228504 1355487298.23655 279317145.778418 184595673.953755 0 0
34 47269.2196189404 783231.380861666 1.49891085173259 33504709.2655815 39241845.279584 20365743.6995268 28253409.4716199 6129678.72587354 3647667.56086523 36936.5029045825 409730.78038106 1649702334.75022 1860198936.7772 988265921.740755 1358533741.80951 279978082.660303 184988986.251454 0 0
35 47269.2196189404 783231.3811141 1.49896099205026 30243665.0649927 35422400.348574 18383527.1145214 25503479.1148467 5533071.45189201 3292636.71876044 36936.5029045825 409730.78038106 1652963378.95081 1864018381.70821 990248138.325761 1361283672.16628 280574689.934284 185344017.093559 0 0
36 47269.2196189404 783231.381220912 1.49899879996481 27300003.8794245 31974685.1069961 16594230.9063877 23021187.3223013 4994529.32629617 2972159.45893221 36936.5029045825 409730.78038106 1655907040.13637 1867466096.94979 992037434.533895 1363765963.95883 281113232.05988 185664494.353387 0 0
37 47269.2196189404 783231.381259848 1.49902729648546 24642863.3463929 28862552.5152217 14979095.4745176 20780508.8878669 4508406.08708597 2682875.78689162 36936.5029045825 409730.78038106 1658564180.6694 1870578229.54156 993652569.965765 1366006642.39326 281599355.29909 185953778.025428 0 0
38 47269.2196189404 783231.381280848 1.4990487804145 22244345.2021517 26053327.1860148 13521162.9374203 18757918.131529 4069597.75343242 2421748.41045196 36936.5029045825 409730.78038106 1660962698.81365 1873387454.87077 995110502.502862 1368029233.1496 282038163.632744 186214905.401867 0 0
39 47269.2196189404 783231.381289162 1.49906497860208 20079271.9972878 23517520.4416321 12205129.2529773 16932183.7457096 3673498.11685248 2186036.25328385 36936.5029045825 409730.78038106 1663127772.01851 1875923261.61515 996426536.187305 1369854967.53542 282434263.269324 186450617.559035 0 0
40 47269.2196189404 783231.381276581 1.49907719178457 18124910.7990531 21228506.7046786 11017176.27168 15284135.8026136 3315948.19261546 1973264.37430689 46673.980508384 409730.78038106 1665082133.21674 1878212275.35211 997614489.168602 1371503015.47852 282791813.193561 186663389.438012 0 0
41 47269.2196189404 783231.38128798 1.49908639338448 16360824.9984574 19162349.9295771 9944881.6579848 13796540.7880673 2993209.1078852 1781207.83388419 46673.980508384 409730.78038106 1666846219.01734 1880278432.12721 998686783.782297 1372990610.49307 283114552.278291 186855445.978435 0 0
42 47269.2196189404 783231.381292799 1.49909333108008 14768410.8056062 17297260.7302784 8976937.15030299 12453710.7434186 2701877.30365057 1607841.23193336 46673.980508384 409730.78038106 1668438633.21019 1882143521.32651 999654728.289979 1374333440.53771 283405884.082526 187028812.580386 0 0
43 47269.2196189404 783231.381294832 1.49909856138 13330987.7870265 15613702.4206302 8103203.5938603 11241579.6126589 2438901.09850796 1451348.56475178 46673.980508384 409730.78038106 1669876056.22877 1883827079.63616 1000528461.84642 1375545571.66847 283668860.287669 187185305.247567 0 0
44 47269.2196189404 783231.381295692 1.49910250504056 12033462.7945952 14093997.3966057 7314506.66083744 10147419.8448414 2201519.20453743 1310086.63686017 46673.980508384 409730.78038106 1671173581.2212 1885346784.66018 1001317158.77944 1376639731.43629 283906242.181639 187326567.175459 0 0
45 47269.2196189404 783231.381296006 1.49910547733065 10862232.1265155 12722212.5439401 6602577.37919343 9159759.88967893 1987242.82767617 1182574.40923928 46673.980508384 409730.78038106 1672344811.88928 1886718569.51285 1002029088.06109 1377627391.39145 284120518.558501 187454079.40308 0 0
46 47269.2196189404 783231.381296175 1.49910771811457 9804998.61970554 11483945.0105684 5959940.95278629 8268229.95762537 1793822.20481373 1067473.08612432 46673.980508384 409730.78038106 1673402045.39609 1887956837.04622 1002671724.4875 1378518921.32351 284313939.181363 187569180.726195 0 0
47 47269.2196189404 783231.381296242 1.49910940755595 8850664.4038233 10366196.5965228 5379851.57220741 7463471.58290349 1619226.98316602 963574.439104167 46673.980508384 409730.78038106 1674356379.61197 1889074585.46026 1003251813.86808 1379323679.69823 284488534.403011 187673079.373215 0 0
48 47269.2196189404 783231.381296141 1.4991106813479 7989209.11264872 9357231.11099687 4856218.38591125 6737034.92320527 1461623.93907608 869787.547958652 56411.4581121855 409730.78038106 1675217834.90314 1890083550.94579 1003775447.05437 1380050116.35793 284646137.447101 187766866.26436 0 0
49 47269.2196189404 783231.381296232 1.49911164102869 7211624.68813037 8446498.01264673 4383565.87103768 6081323.78210787 1319365.05042973 785131.702755919 56411.4581121855 409730.78038106 1675995419.32766 1890994284.04414 1004248099.56924 1380705827.49903 284788396.335747 187851522.109563 0 0
50 47269.2196189404 783231.381296271 1.49911236458887 6509710.60277603 7624392.56714951 3956909.35991555 5489422.9269112 1190950.03263975 708714.109653818 56411.4581121855 409730.78038106 1676697333.41301 1891816389.48964 1004674756.08037 1381297728.35422 284916811.353537 187927939.702665 0 0
51 47269.2196189404 783231.381296288 1.49911291007364 5876114.47798081 6882303.42075899 3571779.72979969 4955132.34072604 1075033.76975957 639734.313029239 56411.4581121855 409730.78038106 1677330929.53781 1892558478.63603 1005059885.71048 1381832018.94041 285032727.616418 187996919.49929 0 0
52 47269.2196189404 783231.381296294 1.49911332136913 5304183.4619073 6212438.52906724 3224133.06333157 4472841.89437244 970399.124101137 577468.014944176 56411.4581121855 409730.78038106 1677902860.55388 1893228343.52772 1005407532.37695 1382314309.38676 285137362.262076 188059185.797374 0 0
53 47269.2196189404 783231.381296297 1.49911363135576 4787921.231328 5607774.79611263 2910324.51222963 4037495.08746036 875949.069732071 521262.393923656 56411.4581121855 409730.78038106 1678419122.78446 1893833007.26067 1005721340.92805 1382749656.19368 285231812.316445 188115391.418395 0 0
54 47269.2196189404 783231.381296298 1.49911386505148 4321907.36845103 5061963.64579933 2627059.29071855 3644521.06154215 790691.94248478 470527.327487007 56411.4581121855 409730.78038106 1678885136.64734 1894378818.41099 1006004606.14956 1383142630.21959 285317069.443692 188166126.484832 0 0
55 47269.2196189404 783231.381296299 1.49911404124649 3901250.08596318 4569275.65187378 2371363.93957914 3289794.73471033 713732.791014144 424730.245309402 56411.4581121855 409730.78038106 1679305793.92983 1894871506.40491 1006260301.5007 1383497356.54643 285394028.595163 188211923.567009 0 0
56 47269.2196189404 783231.381296298 1.49911417409315 3521532.54419082 4124537.66277317 2140553.6951848 2969591.53264069 644263.555534638 383390.284755337 56411.4581121855 409730.78038106 1679685511.4716 1895316244.39401 1006491111.7451 1383817559.7485 285463497.830642 188253263.527563 0 0
57 47269.2196189404 783231.381296295 1.49911427396328 3178781.5689667 3723096.16293636 1932213.47474456 2680561.00940758 581557.344761398 346074.885183603 56411.4581121855 409730.78038106 1680028262.44682 1895717685.89385 1006699451.96554 1384106590.27173 285526204.041416 188290578.927135 0 0
58 47269.2196189404 783231.381296294 1.49911434911916 2869395.78051561 3360733.09493111 1744154.18964747 2419666.24095817 524955.287106641 312391.963317898 56411.4581121855 409730.78038106 1680337648.23527 1896080048.96185 1006887511.25063 1384367485.04018 285582806.09907 188324261.849001 0 0
59 47269.2196189404 783231.381296297 1.49911440614877 2590114.32885103 3033629.24129649 1574393.74136101 2184157.46070996 473860.810827808 281986.509460259 56411.4581121855 409730.78038106 1680616929.68694 1896407152.81549 1007057271.69892 1384602993.82043 285633900.575349 188354667.302859 0 0
60 47269.2196189404 783231.381296298 1.4991144491299 2338015.78232211 2738362.92277158 1421156.34583747 1971571.12229936 427739.44068748 254540.466486847 56411.4581121855 409730.78038106 1680869028.23347 1896702419.13401 1007210509.09444 1384815580.15884 285680021.945489 188382113.345832 0 0
61 47269.2196189404 783231.381296299 1.49911448153085 2110454.25377021 2471835.18709615 1282833.70797709 1779676.03688911 386107.112248661 229765.775883805 56411.4581121855 409730.78038106 1681096589.76202 1896968946.86969 1007348831.7323 1385007475.24425 285721654.273928 188406888.036435 0 0
62 47269.2196189404 783231.381296299 1.49911450595651 1905041.52743706 2231248.87544283 1157974.15751923 1606458.30138307 348526.901996802 207402.431898486 56411.4581121855 409730.78038106 1681302002.48835 1897209533.18134 1007473691.28276 1385180692.97975 285759234.48418 188429251.38042 0 0
63 47269.2196189404 783231.3812963 1.49911452437129 1719621.88473098 2014079.13750565 1045267.34695487 1450100.06983029 314604.421719616 187215.740813213 56411.4581121855 409730.78038106 1681487422.13106 1897426702.91928 1007586398.09333 1385337051.2113 285793156.964457 188449438.071505 0 0
64 47269.2196189404 783231.381296299 1.49911453825512 1552249.50085343 1818046.95766682 943530.51212936 1308960.49275026 283983.683225195 168993.860109356 56411.4581121855 409730.78038106 1681654794.51494 1897622735.09912 1007688134.92815 1385478190.78838 285823777.702952 188467659.952209 0 0
65 47269.2196189404 783231.381296288 1.49911454872245 1401167.35689284 1641094.45612997 851695.654017719 1181557.93440143 256343.240314503 152545.502620782 56411.4581121855 409730.78038106 1681805876.6589 1897799687.60066 1007779969.78626 1385605593.34673 285851418.145863 188484108.309698 0 0
66 47269.2196189404 783231.381296259 1.49911455661535 1264790.09483257 1481364.80812732 768799.117189213 1066555.51497839 231393.052109096 137698.069953521 56411.4581121855 409730.78038106 1681942253.92096 1897959417.24866 1007862866.32309 1385720595.76616 285876368.334068 188498955.742365 0 0
67 47269.2196189404 783231.381296201 1.49911456255643 1141686.5400249 1337181.77365187 693970.96614213 962746.372394193 208871.285541817 124295.749702367 56411.4581121855 409730.78038106 1682065357.47576 1898103600.28313 1007937694.47414 1385824404.90874 285898890.100635 188512358.062616 0 0
68 47269.2196189404 783231.381296145 1.49911456702511 1030564.86308706 1207032.31856968 626425.96600382 869041.149799615 188541.600729151 112197.900022128 56411.4581121855 409730.78038106 1682176479.1527 1898233749.73822 1008005239.47428 1385918110.13134 285919219.785448 188524455.912297 0 0
69 47269.2196189404 783231.381296142 1.49911457038527 930258.89271047 1089550.58372054 565455.262810151 784456.453629479 170190.646902876 101277.559499143 56411.4581121855 409730.78038106 1682276785.12308 1898351231.47306 1008066210.17747 1386002694.82751 285937570.739274 188535376.25282 0 0
70 47269.2196189404 783231.381296259 1.49911457292732 839715.822587602 983503.486856157 510418.911195398 708104.487261965 153625.8133952 91420.1088007831 56411.4581121855 409730.78038106 1682367328.1932 1898457278.56993 1008121246.52909 1386079046.79387 285954135.572782 188545233.703518 0 0
71 47269.2196189404 783231.381296446 1.49911457485716 757985.329680176 887777.977588954 460739.259962055 639183.874815314 138673.238828482 82522.0859781167 56411.4581121855 409730.78038106 1682449058.68611 1898553004.0792 1008170926.18032 1386147967.40632 285969088.147349 188554131.726341 0 0
72 47269.2196189404 783231.381296512 1.49911457631197 684209.806704086 801369.597349042 415895.014924147 576971.424526493 125176.024150625 74490.1230736603 56411.4581121855 409730.78038106 1682522834.20908 1898639412.45944 1008215770.42536 1386210179.85661 285982585.362027 188562163.689245 0 0
