"Time" "IECs" "pheme_e" "BiomassCD" "pro_L_e" "leu_L_e" "ile_L_e" "val_L_e" "trp_L_e" "cys_L_e" "Drug" "Damage" "pro_L_v" "leu_L_v" "ile_L_v" "val_L_v" "trp_L_v" "cys_L_v" "CD" "pheme_c"
0 457000 1e+05 0.4963 224235600.199112 195370466.451958 120509812.093413 157438605.791629 18978882.6152 31300034.1459915 0 0 0 0 0 0 0 0 45700000 1000
1 355152.583822003 142297.224483464 0.594123777940456 337268482.002381 364729991.948588 198649989.041755 270552297.655509 52327413.6488428 39197307.1905382 0 101847.416177997 251556650.870917 254223878.387658 143799922.124943 193314912.24672 33055558.5495471 31212134.7678041 48532264.0524373 828.60133748213
2 271221.24163498 232141.407833939 0.697812005730423 390776559.297201 440441042.221491 234490382.10986 321944393.136422 66578047.9451644 43475972.2470758 0 185778.758365019 498247866.243331 527583280.270583 290699907.267918 394333198.501617 73527323.2745709 59163105.1110832 52252899.6927992 1175.98061986909
3 202466.184816937 323060.655631082 0.803529049030345 427583242.743838 489117228.720631 258249335.844848 355643645.6521 75195212.464059 46846667.6065076 0 254533.815183063 707048461.1765 764859375.077685 416448690.065306 567267594.577539 109737213.590715 82194351.5697801 57057131.0317506 1444.28952652923
4 146800.597289983 401004.221269239 0.907130887715758 459456129.832125 529364975.160667 278288211.09539 383883567.766781 81968198.5077557 50034044.5350223 0 310199.402710017 873618711.953537 956124807.162252 517207451.331374 706145464.624549 139256469.818092 100382560.251616 63165448.5666054 1606.03260367826
5 102596.528288597 461699.588905555 1.00479479858374 489456842.432172 566503282.463655 296878997.066225 410063621.00655 88028096.9765233 53190638.9688587 0 354403.471711403 1000660194.03584 1102831222.83603 594212855.794612 812437366.337183 162015307.72458 114200328.314312 70824613.8803255 1683.01883371409
6 68492.6593847189 504111.014393599 1.09354993641843 517577048.901227 601306037.621046 314176391.589419 434532556.382396 93612376.3299842 56255444.3608222 0 388507.340615281 1092972570.07537 1209866458.44987 650227049.245069 889854365.05743 178663687.53796 124231408.581437 80308676.3615741 1698.5857242535
7 43218.5745791696 528627.903085155 1.1715639714041 542572815.698891 632774438.589387 329493621.264689 456436318.506197 98615458.1286348 59077899.0354294 0 413781.42542083 1156252730.36525 1283512976.1878 688647584.407309 943030756.188623 190135321.709654 131114202.472161 91917612.1511424 1669.96871903837
8 25462.2612157723 536633.448879056 1.23815248721615 562882031.723575 659407443.530051 341914415.598379 474588038.741714 102826893.326209 61490795.5718696 9737.47760380151 431537.738784228 1196657292.89405 1330728478.52551 713187635.90543 977055016.398389 197495896.239157 135519730.267265 105972241.402277 1609.39714539209
9 24840.9186726393 698866.940031026 1.29357895842775 535337499.99422 627274685.407941 325185585.849058 451412354.733723 97817965.4874573 58492101.7031329 7114.14137337755 432159.081327361 1226286217.81118 1365445400.28451 731185432.19749 1002038862.8776 202909689.547685 138757019.672565 68.6029911000864 79.2378276699761
10 24840.9178525664 772520.183592795 1.33875789525664 507290828.238545 594411366.274254 308148906.4007 427762574.724491 92693220.1564005 55427663.3451744 7037.63908489038 432159.082147434 1254332892.31736 1398308722.82888 748222113.320339 1025688645.27307 208034435.413098 141821458.345432 0.00116013224466573 2.75521799702295
11 24840.9178525522 803745.057123424 1.37495915875328 480713537.031038 563269774.313335 292004787.94872 405351819.624502 87836963.0196177 52523772.5833578 7034.98063991276 432159.082147448 1280910183.52492 1429450314.78986 764366231.772348 1048099400.3731 212890692.54989 144725349.107254 7.32764157324025e-08 0.0967734028524591
12 24840.9178525522 816982.660504599 1.40357107596093 455528647.121935 533759710.288884 276706470.19624 384115178.329255 83235128.3027057 49772018.517324 7034.88726694692 432159.082147448 1306095073.43402 1458960378.81431 779664549.524828 1069336041.66835 217492527.266802 147477103.173287 4.23464844266606e-08 0.00340043713178648
13 24840.9178525522 822594.66880208 1.42594021894451 431663209.715636 505795697.407617 262209641.103033 363991138.264717 78874386.6521772 47164430.6081658 7034.88398594457 432159.082147448 1329960510.84032 1486924391.69558 794161378.618035 1089460081.73289 221853268.917331 150084691.082446 -1.24693250847068e-08 0.000119434902035311
14 24840.9178525522 824973.731997877 1.44328049672139 409048098.270135 479296737.551707 248472310.419846 344921409.893717 74742107.1245576 44693455.9444461 7034.88387066145 432159.082147448 1352575622.28582 1513423351.55149 807898709.301223 1108529810.10389 225985548.444951 152555665.746165 -1.29168129622559e-08 4.15177660870871e-06
15 24840.9178525522 825982.373946502 1.45663401828219 387617807.168048 454186075.374198 235454687.393057 326850756.949419 70826320.3991421 42351937.2445712 7034.88386664328 432159.082147448 1374005913.38791 1538534013.729 820916332.328012 1126600463.04819 229901335.170366 154897184.44604 -1.29168129622559e-08 1.33611510466471e-07
16 24840.9178525522 826410.157970242 1.46686527232313 367310261.53767 430390975.459335 223119065.242323 309726836.07084 67115684.0281102 40133092.0774394 16772.3614702832 432159.082147448 1394313459.01829 1562329113.64386 833251954.478745 1143724383.92676 233611971.541398 157116029.613172 0 0
17 24840.9178525522 826591.521904014 1.47467491931284 348066614.123605 407842484.308385 211429697.771606 293500025.518176 63599445.3203106 38030490.6680985 16772.3614702832 432159.082147448 1413557106.43236 1584877604.79481 844941321.949463 1159951194.47942 237128210.249198 159218631.022513 0 0
18 24840.9178525522 826668.212887454 1.48061528313472 329831266.148738 386475454.784386 200352812.041574 278123442.764233 60267445.153203 36038058.177169 16772.3614702832 432159.082147448 1431792454.40722 1606244634.31881 856018207.679494 1175327777.23337 240460210.416305 161211063.513442 0 0
19 24840.9178525522 826700.771740697 1.48512571859352 312551212.263654 366227778.565222 189856210.465466 263552392.136475 57109998.2806738 34150003.1286387 16772.3614702832 432159.082147448 1449072508.29231 1626492310.53797 866514809.255602 1189898827.86112 243617657.288834 163099118.561973 0 0
20 24840.9178525522 826714.724113775 1.48854407480663 296176480.775395 347040901.975896 179909538.22179 249744736.03088 54117973.7725362 32360865.5101835 16772.3614702832 432159.082147448 1465447239.78057 1645679187.1273 876461481.499279 1203706483.96672 246609681.796972 164888256.180428 0 0
21 24840.9178525522 826720.588054624 1.49113155745463 280659633.554304 328859240.010936 170483979.477571 236660473.218663 51282703.6364843 30665462.1319369 16772.3614702832 432159.082147448 1480964087.00166 1663860849.09226 885887040.243498 1216790746.77894 249444951.933024 166583659.558674 0 0
22 24840.9178525522 826723.029167251 1.49308817724922 265955725.195389 311630128.482265 161552232.581321 224261704.409927 48595975.3559732 29058882.1643745 16772.3614702832 432159.082147448 1495667995.36057 1681089960.62093 894818787.139747 1229189515.58767 252131680.213535 168190239.526237 0 0
23 24840.9178525522 826724.074463613 1.49456666376405 252022167.312126 295303665.00724 153088427.629619 212512517.822199 46050007.0937046 27536472.3107691 16772.3614702832 432159.082147448 1509601553.24383 1697416424.09596 903282592.091449 1240938702.1754 254677648.475804 169712649.379842 0 0
24 24840.9178525522 826724.488318866 1.49568324207475 238818596.394549 279832554.17311 145068046.198788 201378877.754486 43637423.5463867 26093822.3690882 26509.8390740847 432159.082147448 1522805124.16141 1712887534.93008 911302973.52228 1252072342.24311 257090232.023122 171155299.321523 0 0
25 24840.9178525522 826724.657250944 1.49652671362422 226306640.104333 265171833.696347 137467779.383102 190828427.520392 41351213.2416917 24726739.6969026 26509.8390740847 432159.082147448 1535317080.45163 1727548255.40684 918903240.337966 1262622792.4772 259376442.327817 172522381.993709 0 0
26 24840.9178525522 826724.726654582 1.49716183150204 214450720.595891 251279815.703589 130266015.764416 180831166.832145 39184875.3227339 23431336.9839396 26509.8390740847 432159.082147448 1547172999.96007 1741440273.3996 926105003.956652 1272620053.16545 261542780.246775 173817784.706672 0 0
27 24840.9178525522 826724.759927633 1.49764195363806 203215515.03271 238115111.125011 123441298.827383 171357310.433138 37131955.528409 22203754.782755 26509.8390740847 432159.082147448 1558408205.52325 1754604977.97818 932929720.893685 1282093909.56446 263595700.0411 175045366.907856 0 0
28 24840.9178525522 826724.772375433 1.49800404864888 192568954.540375 225640143.678144 116974148.644452 162379816.90349 35186594.168238 21040489.1806502 26509.8390740847 432159.082147448 1569054766.01558 1767079945.42505 939396871.076616 1291071403.09411 265541061.401271 176208632.509961 0 0
29 24840.9178525522 826724.777249659 1.49827719046591 182480165.231342 213818737.290691 110845811.171291 153872652.471463 33343149.9021928 19938166.8317066 26509.8390740847 432159.082147448 1579143555.32462 1778901351.8125 945525208.549777 1299578567.52613 267384505.667316 177310954.858905 0 0
30 24840.9178525522 826724.781110364 1.49848350674592 172919902.154981 202616624.575794 105038521.845534 145811156.932921 31596279.0329374 18893592.3710804 26509.8390740847 432159.082147448 1588703818.40098 1790103464.5274 951332497.875534 1307640063.06468 269131376.536571 178355529.319531 0 0
31 24840.9178525522 826724.782817965 1.49863911387433 163860485.71151 192001372.325898 99535466.9620516 138171990.033696 29940923.8872531 17903741.4674557 26509.8390740847 432159.082147448 1597763234.84445 1800718716.77729 956835552.759016 1315279229.9639 270786731.682256 179345380.223156 0 0
32 24840.9178525522 826724.778520498 1.49875624670748 155275685.935227 181942245.92314 94320713.3819085 130933033.893786 28372291.672031 16965748.1795861 36247.3166778862 432159.082147448 1606348034.62073 1810777843.18005 962050306.339159 1322518186.10381 272355363.897478 180283373.511025 0 0
33 24840.9178525522 826724.779894498 1.49884446637359 147140646.819902 172410120.668628 89379162.5645624 124073329.196307 26885840.6468546 16076896.6879285 36247.3166778862 432159.082147448 1614483073.73605 1820309968.43456 966991857.156505 1329377890.80129 273841814.922655 181172225.002683 0 0
34 24840.9178525522 826724.78045896 1.49891083397541 139432134.154679 163377772.180902 84696701.1133817 117573284.170021 25477325.4090826 15234648.3737147 36247.3166778862 432159.082147448 1622191586.40128 1829342316.92229 971674318.607686 1335877935.82757 275250330.160426 182014473.316896 0 0
35 24840.9178525522 826724.780729552 1.49896097327714 132127198.527083 154818309.787265 80259388.6297573 111413547.19408 24142552.5950182 14436495.7358473 36247.3166778862 432159.082147448 1629496522.02887 1837901779.31592 976111631.09131 1342037672.80352 276585102.974491 182812625.954764 0 0
36 24840.9178525522 826724.780830873 1.49899876781828 125204989.82669 146707302.64463 76054559.9158022 105576536.840981 22877712.4297386 13680160.647388 36247.3166778862 432159.082147448 1636418730.72927 1846012786.45856 980316459.805265 1347874683.15662 277849943.139771 183568961.043223 0 0
37 24840.9178525522 826724.780870492 1.4990272668794 118645434.259478 139021229.548459 72070021.3395189 100045326.296091 21679136.9884458 12963449.8033621 36247.3166778862 432159.082147448 1642978286.29648 1853698859.55473 984300998.381548 1353405893.7015 279048518.581063 184285671.887249 0 0
38 24840.9178525522 826724.780901836 1.4990487877871 112429517.30284 131737810.481586 68294222.7130852 94803881.9536463 20543351.8985869 12284285.6370191 36247.3166778862 432159.082147448 1649194203.25312 1860982278.6216 988076797.007982 1358647338.04395 280184303.670922 184964836.053592 0 0
39 24840.9178525522 826724.780915767 1.49906501562234 106539242.133881 124835957.903116 64716232.040523 89837028.3622685 19467068.7437861 11640701.77762 36247.3166778862 432159.082147448 1655084478.42208 1867884131.20007 991654787.680544 1363614191.63533 281260586.825723 185608419.912991 0 0
40 24840.9178525522 826724.780881063 1.49907722900244 100957554.304368 118295688.487291 61325689.7622272 85130384.708664 18447171.3002982 11030834.8202647 45984.7942816877 432159.082147448 1660666166.25159 1874424400.6159 995045329.95884 1368320835.28893 282280484.269211 186218286.870346 0 0
41 24840.9178525522 826724.780892113 1.49908642622063 95668299.7710329 112098073.946045 58112783.2608786 80670329.427537 17480707.8682191 10452919.740194 45984.7942816877 432159.082147448 1665955420.78492 1880622015.15715 998258236.460189 1372780890.57006 283246947.70129 186796201.950417 0 0
42 24840.9178525522 826724.780896653 1.49909334466601 90656358.4653764 106225397.537669 55068327.9971293 76444112.8315856 16564915.6776343 9905304.48690758 45984.7942816877 432159.082147448 1670967362.09058 1886494691.56552 1001302691.72394 1377007107.16601 284162739.891875 187343817.203703 0 0
43 24840.9178525522 826724.780898829 1.49909857106109 85906815.8176665 100660183.310939 52183264.2598699 72439158.5161238 15697069.5077852 9386359.46313313 45984.7942816877 432159.082147448 1675716904.73829 1892059905.79225 1004187755.4612 1381012061.48147 285030586.061724 187862762.227478 0 0
44 24840.9178525522 826724.780899644 1.49910251045985 81406115.6348951 95386546.974715 49449357.4707918 68644035.4997463 14874692.3432932 8894603.49069731 45984.7942816877 432159.082147448 1680217604.92106 1897333542.12848 1006921662.25028 1384807184.49785 285852963.226216 188354518.199913 0 0
45 24840.9178525522 826724.780899963 1.49910548085424 77141206.2369448 90389195.3942141 46858679.5130613 65047738.2211841 14095399.3544095 8428610.51556689 45984.7942816877 432159.082147448 1684482514.31901 1902330893.70898 1009512340.20801 1388403481.77641 286632256.2151 188820511.175044 0 0
46 24840.9178525522 826724.780900215 1.49910772386448 73099724.7233325 85653642.5031439 44403720.6623709 61639841.9184516 13356931.566612 7987029.7412208 45984.7942816877 432159.082147448 1688523995.83263 1907066446.60005 1011967299.0587 1391811378.07914 287370724.002897 189262091.94939 0 0
47 24840.9178525522 826724.780900327 1.49910941517017 69269969.861354 81166177.5357433 42077373.1181049 58410479.7673322 12657150.9066717 7568582.66635181 45984.7942816877 432159.082147448 1692353750.6946 1911553911.56745 1014293646.60296 1395040740.23026 288070504.662837 189680539.024259 0 0
48 24840.9178525522 826724.78090005 1.49911068806884 65640853.0772987 76913807.6013813 39872901.2334265 55350301.5557258 11994031.2476671 7172057.73006348 55722.2718854892 432159.082147448 1695982867.47866 1915806281.50181 1016498118.48764 1398100918.44187 288733624.321842 190077063.960547 0 0
49 24840.9178525522 826724.780900138 1.49911164659028 62201874.1324119 72884229.1831858 37783926.739877 52450453.1729036 11365653.9644458 6796307.65417467 55722.2718854892 432159.082147448 1699421846.42355 1919835859.92001 1018587092.98119 1401000766.82469 289362001.605063 190452814.036436 0 0
50 24840.9178525522 826724.780900174 1.49911236761723 58943196.6058293 69065916.5841803 35804474.5987538 49702640.2589426 10770221.7260214 6440257.69064375 55722.2718854892 432159.082147448 1702680523.95013 1923654172.51901 1020566545.12231 1403748579.73865 289957433.843488 190808863.999967 0 0
51 24840.9178525522 826724.780900191 1.49911291229822 55855126.093692 65447510.5139494 33928656.0382103 47098688.2068439 10205963.1510459 6102848.60850592 55722.2718854892 432159.082147448 1705768594.46227 1927272578.58924 1022442363.68286 1406352531.79075 290521692.418463 191146273.082105 0 0
52 24840.9178525522 826724.780900198 1.4991133228501 52928848.6674993 62018683.3675167 32151117.1226391 44631164.8523753 9671267.74043375 5783117.37938676 55722.2718854892 432159.082147448 1708694871.88846 1930701405.73568 1024219902.59843 1408820055.14522 291056387.829075 191466004.311224 0 0
53 24840.9178525522 826724.7809002 1.49911363241393 50155878.3320484 58769491.7914405 30466703.1163426 42292914.5543247 9164584.91574397 5480136.80559398 55722.2718854892 432159.082147448 1711467842.22391 1933950597.31175 1025904316.60472 1411158305.44327 291563070.653765 191768984.885017 0 0
54 24840.9178525522 826724.780900202 1.49911386617117 47528176.9481241 55690517.2016521 28870531.3294103 40077159.3168458 8684445.93169981 5193028.62312292 55722.2718854892 432159.082147448 1714095543.60783 1937029571.90154 1027500488.39166 1413374060.68075 292043209.637809 192056093.067488 0 0
55 24840.9178525522 826724.780900203 1.49911404243131 45038136.5725489 52772845.0906403 27357980.3903536 37977483.8980678 8229460.64932647 4920961.57209323 55722.2718854892 432159.082147448 1716585583.98341 1939947244.01255 1029013039.33071 1415473736.09953 292498194.920183 192328160.118517 0 0
56 24840.9178525522 826724.7809002 1.49911417508735 42678547.5798505 50008027.6744341 25924670.8819206 35987808.9293463 7798311.71107686 4663147.91365514 55722.2718854892 432159.082147448 1718945172.97611 1942712061.42876 1030446348.83915 1417463411.06825 292929343.858432 192585973.776955 0 0
57 24840.9178525522 826724.780900195 1.49911427457792 40442588.7789853 47388072.312004 24566459.3375959 34102382.581393 7389752.73493906 4418842.35012195 55722.2718854892 432159.082147448 1721181131.77697 1945332016.79119 1031804560.38347 1419348837.4162 293337902.83457 192830279.340489 0 0
58 24840.9178525522 826724.780900193 1.49911434969585 38323774.1979656 44905379.1508465 23279405.9164367 32315735.6915056 7002598.59081426 4187336.21054637 55722.2718854892 432159.082147448 1723299946.35799 1947814709.95234 1033091613.80463 1421135484.30609 293725056.978695 193061785.480064 0 0
59 24840.9178525522 826724.780900199 1.49911440652464 36315965.4543111 42552755.6218994 22059781.9173843 30622692.1946969 6635727.66087108 3967958.80234207 55722.2718854892 432159.082147448 1725307755.10165 1950167333.48129 1034311237.80368 1422828527.8029 294091927.908638 193281162.888268 0 0
60 24840.9178525522 826724.780900208 1.49911444949144 34413345.6793634 40323385.8856989 20904053.9398409 29018347.1359081 6288077.07494286 3760074.56219949 55722.2718854892 432159.082147448 1727210374.8766 1952396703.21749 1035466965.78123 1424432872.86169 294439578.494566 193489047.128411 0 0
61 24840.9178525522 826724.780900209 1.49911448178222 32610403.0464857 38210811.5317644 19808873.8780338 27498052.7805021 5958639.70076642 3563081.25634217 55722.2718854892 432159.082147448 1729013317.50947 1954509277.57143 1036562145.84303 1425953167.21709 294769015.868743 193686040.434268 0 0
62 24840.9178525522 826724.780900181 1.49911450600665 30901902.9059189 36208898.9279818 18771061.9946036 26057395.1175523 5646459.05240601 3376406.93592259 55722.2718854892 432159.082147448 1730721817.65004 1956511190.17521 1037599957.72646 1427393824.88004 295081196.517103 193872714.754688 0 0
63 24840.9178525522 826724.780900091 1.4991145236994 29282910.2944244 34311865.5959819 17787620.5938688 24692212.8406372 5350633.40326126 3199512.39647303 55722.2718854892 432159.082147448 1732340810.26153 1958408223.50721 1038583399.1272 1428759007.15696 295377022.166248 194049609.294137 0 0
64 24840.9178525522 826724.780899891 1.49911453617097 27748756.7212133 32514241.2929891 16855713.8462596 23398569.3407572 5070309.71712413 3031887.54886637 55722.2718854892 432159.082147448 1733874963.83474 1960205847.8102 1039515305.87481 1430052650.65684 295657345.852385 194217234.141744 0 0
65 24840.9178525522 826724.780899504 1.49911454440937 26295005.6749018 30810827.5950496 15972646.8358521 22172723.6207826 4804677.34553908 2873047.65053343 55722.2718854892 432159.082147448 1735328714.88106 1961909261.50814 1040398372.88522 1431278496.37681 295922978.22397 194376074.040077 0 0
66 24840.9178525522 826724.780898824 1.49911455012606 24917437.5101517 29196680.1881502 15135856.3799037 21011117.5514236 4552965.266259 2722531.65414546 55722.2718854892 432159.082147448 1736706283.04581 1963523408.91504 1041235163.34116 1432440102.44617 296174690.30325 194526590.036465 0 0
67 24840.9178525522 826724.780897708 1.49911455641575 23612028.33982 27667084.135373 14342898.207094 19910358.0724696 4314438.22637561 2579899.9013261 55722.2718854892 432159.082147448 1738011692.21614 1965053004.96782 1042028121.51397 1433540861.92513 296413217.343134 194669221.789284 0 0
68 24840.9178525522 826724.780898894 1.49911456273763 22374978.2503093 26217586.9378601 13591464.0966662 18867240.9848028 4088401.89788596 2444737.20551983 55722.2718854892 432159.082147448 1739248742.30565 1966502502.16533 1042779555.6244 1434583979.01279 296639253.671623 194804384.485091 0 0
69 24840.9178525522 826724.780899456 1.49911456727487 21202738.470759 24844030.369958 12879398.3820896 17878773.8602619 3874207.84210292 2316655.82055503 55722.2718854892 432159.082147448 1740420982.0852 1967876058.73323 1043491621.33898 1435572446.13733 296853447.727406 194932465.870055 0 0
70 24840.9178525522 826724.780899808 1.49911457059826 20091913.430156 23542435.7159226 12204638.456599 16942093.4533113 3671235.61332957 2195284.73919777 55722.2718854892 432159.082147448 1741531807.1258 1969177653.38727 1044166381.26447 1436509126.54429 297056419.956179 195053836.951413 0 0
71 24840.9178525522 826724.780900683 1.49911457315065 19039285.221251 22309032.4351919 11565229.6335637 16054486.3297363 3478897.22895613 2080272.36613081 55722.2718854892 432159.082147448 1742584435.33471 1970411056.668 1044805790.0875 1437396733.66786 297248758.340553 195168849.32448 0 0
72 24840.9178525522 826724.780904467 1.4991145749938 18041804.8879152 21140247.9534606 10959319.8540771 15213381.5198852 3296635.57746793 1971285.56599183 55722.2718854892 432159.082147448 1743581915.66804 1971579841.14973 1045411699.86699 1438237838.47771 297431019.992041 195277836.124619 0 0
