"Time" "IECs" "pheme_e" "BiomassCD" "pro_L_e" "leu_L_e" "ile_L_e" "val_L_e" "trp_L_e" "cys_L_e" "Drug" "Damage" "pro_L_v" "leu_L_v" "ile_L_v" "val_L_v" "trp_L_v" "cys_L_v" "CD" "pheme_c"
0 457000 1e+05 0.4963 224235600.199112 195370466.451958 120509812.093413 157438605.791629 18978882.6152 31300034.1459915 0 0 0 0 0 0 0 0 45700000 1000
1 325940.537440814 158331.176974445 0.594123777894459 415195524.972022 454284782.653752 245850217.880911 335581634.088988 66195557.3181905 47660725.0080075 0 131059.462559186 278242119.995814 286161988.581862 160278264.370824 216190302.403583 38233575.5104641 33966142.7607114 48532264.0535052 919.610810663895
2 227084.004377795 271428.322550265 0.697811964737581 496800692.81281 561995999.471321 298611546.58944 410269233.555119 85329411.9574336 55045613.5112167 0 229915.995622205 550177784.807015 589595092.773389 322727213.175378 438779336.127406 83553112.9988899 64542162.9537015 52252901.6645914 1374.47724778009
3 153458.530859121 378328.987764789 0.803528818441984 546756026.971178 625823429.395649 330296098.425677 454935394.594406 96263799.8188974 59880919.0837341 0 303541.469140878 763075093.279529 831976007.213224 451048621.655401 615318011.344051 120620941.750095 87979039.2123548 57057142.5049689 1691.63948164832
4 99732.1954237711 462486.038139204 0.907130711655646 584798052.108733 673404843.770172 354054876.531881 488400066.422707 104159285.602326 63775829.2185009 0 357267.804576229 916249582.212732 1007842421.91432 543689744.398441 743013618.218042 147752831.30727 104715041.884762 63165461.8614481 1852.76875997376
5 61698.1282196045 520878.785551816 1.00479463604151 616021595.432332 712333088.476588 373368836.039971 515725699.306962 110482431.803515 67116672.9378359 0 395301.871780396 1019604500.9862 1127097862.71004 606299654.678172 829433833.242108 166224971.060976 115979279.971828 70824626.2505249 1899.24589600571
6 35895.8465248446 555026.3646191 1.09355005185877 641100811.468949 744153581.85098 388798341.022323 537821917.603047 115584429.912576 69921874.4977816 0 421104.153475156 1084775437.80978 1202589058.90415 645811414.326984 884045937.523119 177942247.491908 123082154.58267 80308695.8044043 1870.5616750506
7 19364.0184735777 568199.412954934 1.1715641304219 659561699.654337 768751036.389985 400123463.03918 554476681.599959 119496810.087321 72124041.7058126 0 437635.981526423 1122749615.79018 1246747477.23036 668844750.40135 915932401.991683 184803743.306692 127228209.346325 91917636.0490263 1795.28745077971
8 9528.00338526164 564415.163205787 1.2381526217856 671151007.962989 786118383.50885 407225353.915344 565593823.178582 122243826.464256 73693386.6466518 9737.47760380151 447471.996614739 1142904279.11957 1270288116.86381 681072647.673811 932893590.853522 188463682.337414 129435894.199399 105972269.673647 1692.92462415214
9 8910.02295071979 721774.069317503 1.29357906914753 660068476.497941 773509934.853364 400505198.612655 556385428.106849 120285777.204522 72507857.8835846 6657.2843548189 448089.977049281 1155857519.46791 1285466746.14655 688932187.157802 943811866.173336 190824051.558461 130858727.44933 63940.1629399325 536.957001492696
10 8909.14048588698 799964.061513871 1.33875798465597 647453710.756718 758727722.354429 392851030.233216 545752379.316544 117987051.606274 71122186.6022723 6168.4989457723 448090.859514114 1168474926.04047 1300252628.81672 696587964.045097 954447343.272035 193123351.608497 132244737.597138 842.630767630237 86.9912587142099
11 8909.12729150244 833310.25919811 1.37495922984201 635077790.625877 744224835.169114 385341778.476585 535320458.41082 115731759.217508 69762704.0420982 6094.33732333751 448090.872708498 1180850885.55057 1314755570.87748 704097239.787544 964879300.438929 195378652.58613 133604225.223956 15.7885059081343 13.5814901256149
12 8909.12703936702 847521.707054102 1.40357113180344 622938400.266533 729999120.118826 377976044.17027 525087910.412756 113519568.827829 68429203.326957 6082.85586471747 448090.872960634 1192990276.66154 1328981286.9764 711462974.551671 975111849.12953 197590843.139936 134937726.035917 0.312577089666309 2.11523702190272
13 8909.12703435652 853578.163723991 1.42594026243015 611031051.401042 716045325.989278 370751104.081834 515050955.023682 111349663.893114 67121192.139849 6081.06973741308 448090.872965644 1204897625.54196 1342935081.12679 718687914.649205 985148804.532366 199760748.077912 136245737.224949 0.00625887857762666 0.329417205990285
14 8909.12703425607 856159.225235389 1.4432805503318 599351309.228525 702358255.958755 363664267.339376 505205854.11338 109221236.275108 65838183.3357883 6080.79161773559 448090.872965745 1216577367.71478 1356622151.15773 725774751.391845 994993905.442944 201889175.695984 137528746.029049 0.000125899937468425 0.0513037325008907
15 8909.12703425404 857259.188256688 1.45663408712161 587894823.102898 688932811.66471 356712894.131361 495548940.431677 107133493.14559 64579699.0006263 6080.74830410329 448090.872965747 1228033853.84041 1370047595.45178 732726124.599864 1004650819.12465 203976918.825503 138787230.364211 2.56610709757622e-06 0.0079902255814181
16 8909.127034254 857727.955722542 1.46686528881747 576657325.527596 675763992.181377 349894395.098281 486076616.815775 105085656.828367 63345270.353844 15818.2191621256 448090.872965747 1239271351.41571 1383216414.93512 739544623.632944 1014123142.74056 206024755.142726 140021659.010994 1.01708355334303e-07 0.00124444924604708
17 8909.127034254 857927.724890067 1.47467362616781 565634641.333322 662846904.777932 343206236.901407 476785363.927451 103076966.472258 62134438.756981 15818.2179272437 448090.872965747 1250294035.60998 1396133502.33857 746232781.829818 1023414395.62888 208033445.498835 141232490.607857 -6.3385391525372e-08 9.56735979816973e-06
18 8909.127034254 858012.904895426 1.48061568298318 554822638.608794 650176707.416062 336645912.449379 467671698.891577 101106669.109092 60946750.3234298 15818.2179177621 448090.872965747 1261106038.33451 1408803699.70043 752793106.281846 1032528060.66476 210003742.862 142420179.041408 -6.3385391525372e-08 8.57308200072951e-08
19 8909.127034254 858049.074750617 1.48512577968787 544217314.343682 637748709.111847 330210992.863181 458732247.486354 99174035.2606323 59781765.3262322 15818.2179176013 448090.872965747 1271711362.59962 1421231698.00465 759228025.868045 1041467512.06998 211936376.710461 143585164.038606 -6.3385391525372e-08 -7.51057106085336e-08
20 8909.127034254 858064.618583547 1.48854441570309 533814704.429977 625558264.469599 323899072.868288 449963668.281569 97278342.5379034 58639048.3118142 15818.2179176041 448090.872965747 1282113972.51333 1433422142.6469 765539945.862938 1050236091.27477 213832069.43319 144727881.053024 -6.3385391525372e-08 -7.22846533237918e-08
21 8909.127034254 858071.20421985 1.49113140981603 523610939.407655 613600839.008202 317707804.619083 441362699.627793 95418885.7998624 57518174.2235942 15818.2179176041 448090.872965747 1292317737.53565 1445379568.10829 771731214.112142 1058837059.92854 215691526.17123 145848755.141244 -6.3385391525372e-08 -7.22856533237922e-08
22 8909.127034254 858074.17641845 1.4930879389143 513602217.466483 601871977.522896 311634881.317346 432926136.899029 93594972.2334504 56418725.4362577 15818.2179176041 448090.872965747 1302326459.47682 1457108429.5936 777804137.413879 1067273622.65731 217515439.737642 146948203.92858 -6.3385391525372e-08 -7.22866533237926e-08
23 8909.127034254 858075.358210935 1.49456632518271 503784810.585993 590367311.280497 305678040.937767 424650837.668231 91805922.4724962 55340292.430227 15818.2179176041 448090.872965747 1312143866.35731 1468613095.836 783760977.793458 1075548921.8881 219304489.498597 148026636.934611 -6.3385391525372e-08 -7.2287653323793e-08
24 8909.127034254 858075.792989333 1.49568354108252 494155060.134961 579082552.862583 299835063.557868 416533717.998009 90051069.7957977 54282473.3082684 25555.6955214056 448090.872965747 1321773616.80835 1479897854.25391 789603955.173357 1083666041.55833 221059342.175295 149084456.05657 0 0
25 8909.127034254 858075.967044548 1.49652778900993 484709390.869644 568013512.569519 294103779.851617 408571764.240038 88329762.6780546 53244875.3331849 25555.6955214056 448090.872965747 1331219286.07367 1490966894.54697 795335238.879608 1091627995.3163 222780649.293038 150122054.031653 0 0
26 8909.127034254 858076.038651129 1.4971636431662 475444242.508775 557156018.235661 288482029.571663 400761975.35818 86641352.3206151 52227107.411394 25555.6955214056 448090.872965747 1340484434.43454 1501824388.88083 800956989.159562 1099437784.19816 224469059.650478 151139821.953444 0 0
27 8909.127034254 858076.070009243 1.49764218718403 466356268.430227 546506148.074831 282967782.111141 393101530.41409 84985228.8604481 51228801.9195707 25555.6955214056 448090.872965747 1349572408.51308 1512474259.04166 806471236.620084 1107098229.14225 226125183.110645 152138127.445268 0 0
28 8909.127034254 858076.08969809 1.49800430178582 457441959.626522 536059790.007294 277558908.333741 385587471.591388 83360752.842648 50249573.3965102 25555.6955214056 448090.872965747 1358486717.31679 1522920617.1092 811880110.397484 1114612287.96495 227749659.128445 153117355.968328 0 0
29 8909.127034254 858076.095978349 1.49827738707033 448698046.179096 525813112.133021 272253424.173491 378217042.606781 81767328.3820597 49289062.6447027 25555.6955214056 448090.872965747 1367230630.76422 1533167294.98347 817185594.557734 1121982716.94956 229343083.589033 154077866.720136 0 0
30 8909.127034254 858076.093564385 1.49848317096544 440121272.284939 515762299.093493 267049354.129214 370987499.075272 80204362.165839 48346912.0172186 25555.6955214056 448090.872965747 1375807404.65837 1543218108.023 822389664.602011 1129212260.48107 230906049.805254 155020017.34762 0 0
31 8909.127034254 858076.091853688 1.49863804430458 431708449.013511 505903613.895632 261944763.275483 363896152.980078 78671273.0674733 47422771.2130067 25555.6955214056 448090.872965747 1384220227.9298 1553076793.22086 827494255.455742 1136303606.57626 232439138.903619 155944158.151832 0 0
32 8909.127034254 858076.095568382 1.49875539507931 423456432.124326 496233371.917032 256937743.803147 356940353.974608 77167488.1044272 46516294.8401771 35293.1731252071 448090.872965747 1392472244.81899 1562747035.19946 832501274.928079 1143259405.58173 233942923.866666 156850634.524661 0 0
33 8909.127034254 858076.094936634 1.49884407534076 415362105.978563 486747922.052549 252026405.257488 350117475.821215 75692439.5063151 45627140.6487057 35293.1731252071 448090.872965747 1400566570.96475 1572232485.06394 837412613.473737 1150082283.73512 235417972.464778 157739788.716132 0 0
34 8909.127034254 858076.094703838 1.49891068519398 407422469.556366 477443747.514883 247208926.730353 343424988.896996 74245580.3900426 44754978.9793553 35293.1731252071 448090.872965747 1408506207.38695 1581536659.60161 842230092.000873 1156774770.65934 236864831.581051 158611950.385483 0 0
35 8909.127034254 858076.094593532 1.4989609760088 399634493.112998 468317297.855079 242483469.884385 336860339.366238 72826358.6379103 43899477.0174871 35293.1731252071 448090.872965747 1416294183.83032 1590663109.26141 846955548.846841 1163339420.1901 238284053.333183 159467452.347351 0 0
36 8909.127034254 858076.094530511 1.49899802408157 391995821.346823 459365812.979809 237848605.609428 330421541.895536 71434345.0376142 43060376.0354092 35293.1731252071 448090.872965747 1423932855.59649 1599614594.13668 851590413.121798 1169778217.6608 239676066.933479 160306553.329429 0 0
37 8909.127034254 858076.094379201 1.49902654999356 384502942.981496 450585178.150537 233302203.392509 324105636.756036 70068899.7207875 42237290.322684 35293.1731252071 448090.872965747 1431425733.96182 1608395228.96596 856136815.338717 1176094122.8003 241041512.250306 161129639.042154 0 0
38 8909.127034254 858076.094164563 1.4990482884475 377153258.359588 441972346.922163 228842685.857389 317910432.641684 68729548.9455799 41429934.3093631 35293.1731252071 448090.872965747 1438775418.58373 1617008060.19433 860596332.873837 1182289326.91465 242380863.025513 161936995.055475 0 0
39 8909.127034254 858076.093938197 1.49906499638112 369944054.287962 433524139.801175 224468406.738549 311833642.544784 67415798.2802546 40638009.9537063 35293.1731252071 448090.872965747 1445984622.65535 1625456267.31532 864970611.992677 1188366117.01155 243694613.690839 162728919.411132 0 0
40 8909.127034254 858076.093867703 1.49907745125909 362872657.020993 425237423.521181 220177743.705764 305873012.708783 66127160.4816906 39861223.5472461 45030.6507290086 448090.872965747 1453056019.92232 1633742983.59531 869261275.025462 1194326746.84755 244983251.489403 163505705.817592 0 0
41 8909.127034254 858076.094218427 1.49908661907185 355936418.568283 417109094.997414 215969090.056133 300026311.086748 64863153.0002036 39099284.2107023 45030.6507290086 448090.872965747 1459992258.37503 1641871312.11908 873469928.675093 1200173448.46958 246247258.97089 164267645.154136 0 0
42 8909.127034254 858076.094347584 1.49909350434744 349132707.541076 409136070.599973 211840849.160016 294291319.62562 63623296.3114667 38351902.8884697 45030.6507290086 448090.872965747 1466795969.40224 1649844336.51652 877598169.57121 1205908439.93071 247487115.659627 165015026.476368 0 0
43 8909.127034254 858076.094410086 1.49909870095321 342458950.123461 401315334.16651 207791459.320855 288665868.80171 62407121.382792 37618796.849267 45030.6507290086 448090.872965747 1473469726.81985 1657665072.94998 881647559.410371 1211533890.75462 248703290.588302 165748132.515571 0 0
44 8909.127034254 858076.094462953 1.49910247469452 335913243.136718 393644655.430288 203819765.760002 283148354.385549 61214281.3933259 36899757.0306834 45030.6507290086 448090.872965747 1480015433.8066 1665335751.6862 885619252.971224 1217051405.17078 249896130.577768 166467172.334155 0 0
45 8909.127034254 858076.094617712 1.4991053280973 329492619.585769 386120557.476424 199923968.21428 277736275.434435 60044235.660391 36194457.5110717 45030.6507290086 448090.872965747 1486436057.35754 1672859849.64007 889515050.516947 1222463484.1219 251066176.310703 167172471.853766 0 0
46 8909.127034254 858076.094928079 1.49910762334188 323194437.930725 378739944.779269 196102463.894718 272427405.338709 58896502.8097954 35502608.1197346 45030.6507290086 448090.872965747 1492734239.01259 1680240462.33722 893336554.836508 1227772354.21762 252213909.161298 167864321.245104 0 0
47 8909.127034254 858076.095311841 1.49910939212759 317016633.682036 371500398.037728 192354000.145206 267220003.896604 57770706.6246232 34823982.0744168 45030.6507290086 448090.872965747 1498912043.26128 1687480009.07876 897085018.58602 1232979755.65973 253339705.34647 168542947.290421 0 0
48 8909.127034254 858076.095696879 1.49911076244863 310956928.261464 364399247.067866 188677194.408515 262112150.446487 56666431.8740604 34158329.0754203 54768.1283328101 448090.872965747 1504971748.68185 1694581160.04863 900761824.322711 1238087609.10985 254443980.097033 169208600.289418 0 0
49 8909.127034254 858076.094990644 1.49911170520004 305013075.616261 357433859.801199 185070683.862683 257101951.743144 55583269.2544913 33505402.3959416 54768.1283328101 448090.872965747 1510915601.32705 1701546547.3153 904368334.868543 1243097807.81319 255527142.716602 169861526.968897 0 0
50 8909.127034254 858076.094730699 1.49911241321002 299182765.747129 350601529.232582 181533066.88534 252187460.639467 54520797.8091662 32864948.2847085 54768.1283328101 448090.872965747 1516745911.19619 1708378877.88391 907905951.845886 1248012298.91687 256589614.161927 170501981.08013 0 0
51 8909.127034254 858076.094604695 1.49911294777161 293463808.716488 343899689.052881 178063014.703139 247366831.190903 53478618.460472 32236726.1791166 54768.1283328101 448090.872965747 1522464868.22682 1715080718.06362 911376004.028086 1252832928.36543 257631793.510621 171130203.185722 0 0
52 8909.127034254 858076.09449949 1.49911333593474 287854586.010355 337326442.583736 174659545.261494 242638699.117892 52456436.2626973 31620558.2869115 54768.1283328101 448090.872965747 1528074090.93296 1721653964.53276 914779473.469732 1257561060.43845 258653975.708396 171746371.077927 0 0
53 8909.127034254 858076.094191887 1.49911362927418 282352554.093741 330878809.147919 171321115.237192 238000920.421171 51453787.7013198 31016165.2031429 54768.1283328101 448090.872965747 1533576122.84957 1728101597.96858 918117903.494034 1262198839.13517 259656624.269774 172350764.161696 0 0
54 8909.127034254 858076.093572105 1.49911386524672 276955445.544084 324554131.634431 168046348.841856 233451583.842459 50470259.578451 30423297.8535531 54768.1283328101 448090.872965747 1538973231.39923 1734426275.48206 921392669.88937 1266748175.71388 260640152.392642 172943631.511285 0 0
55 8909.127034254 858076.092804692 1.49911404711113 271661491.375496 318350337.032295 164834172.720099 228989198.266258 49505529.5275212 29841761.9166893 54768.1283328101 448090.872965747 1544267185.56782 1740630070.0842 924604846.011127 1271210561.29008 261604882.443572 173525167.448149 0 0
56 8909.127034254 858076.09203261 1.49911418802874 266468739.718871 312265138.016265 161683402.549742 224612118.420949 48559241.85471 29271342.9815473 54768.1283328101 448090.872965747 1549459937.22444 1746715269.10023 927755616.181484 1275587641.13539 262551170.116383 174095586.383291 0 0
57 8909.127034254 858076.09165579 1.49911429153533 261375259.21908 306296271.300685 158592866.45573 220318716.326576 47631044.6045089 28711828.8905642 54768.1283328101 448090.872965747 1554553417.72423 1752684135.81581 930846152.275496 1279881043.22976 263479367.366585 174655100.474274 0 0
58 8909.127034254 858076.091947032 1.49911436499383 256379128.682061 300441485.507291 155561398.72837 216107372.568162 46720587.6730851 28163008.602361 54768.1283328101 448090.872965747 1559549548.26125 1758538921.60921 933877620.002856 1284092386.98817 264389824.298008 175203920.762477 0 0
59 8909.127034254 858076.093013623 1.49911441753003 251478508.955562 294698625.399667 152587883.437914 211976536.885502 45827535.9072829 27624680.0877749 54768.1283328101 448090.872965747 1564450167.98775 1764281781.71683 936851135.293312 1288223222.67084 265282876.06381 175742249.277063 0 0
60 8909.127034254 858076.094836102 1.49911445664173 246671559.832917 289065534.505765 149671204.014832 207924658.129599 44951553.9617982 27096641.2018169 54768.1283328101 448090.872965747 1569257117.1104 1769914872.61073 939767814.716394 1292275101.42674 266158858.009295 176270288.163021 0 0
61 8909.127034254 858076.096997223 1.49911448686221 241956490.494913 283540114.22892 146810273.856079 203950226.781186 44092315.4913216 26578695.2246636 54768.1283328101 448090.872965747 1573972186.4484 1775440292.88758 942628744.875147 1296249532.77515 267018096.479772 176788234.140175 0 0
62 8909.127034254 858076.09887023 1.49911451115934 237331543.774455 278120305.408173 144004026.777477 200051761.687074 43249500.2830506 26070649.1331456 54768.1283328101 448090.872965747 1578597133.16886 1780860101.70832 945434991.953749 1300147997.86926 267860911.688043 177296280.231693 0 0
63 8909.127034254 858076.099864579 1.49911453228056 232794998.603943 272804091.186266 141251418.498687 196227812.123099 42422794.7026808 25572313.8695892 54768.1283328101 448090.872965747 1583133678.33937 1786176315.93023 948187600.232539 1303971947.43324 268687617.268413 177794615.495249 0 0
64 8909.127034254 858076.099146099 1.49911455130566 228345160.01651 267589485.292454 138551420.576332 192476949.365955 41611889.8723072 25083503.2434621 54768.1283328101 448090.872965747 1587583516.9268 1791390921.82404 950887598.154894 1307722810.19038 269498522.098786 178283426.121376 0 0
65 8909.127034254 858076.09560085 1.4991145672851 223980372.778411 262474548.017805 135903028.675631 188797778.184223 40816484.1546879 24604035.4288784 54768.1283328101 448090.872965747 1591948304.1649 1796505859.09869 953535990.055595 1311401981.37211 270293927.816405 178762893.93596 0 0
66 8909.127034254 858076.087545127 1.49911457754714 219699024.395534 257457389.738432 133305264.394633 185188939.372621 40036283.7011273 24133733.2948611 54768.1283328101 448090.872965747 1596229652.54778 1801523017.37806 956133754.336593 1315010820.18372 271074128.269966 179233196.069977 0 0
67 8909.127034254 858076.069417463 1.49911458354236 215499501.825655 252536120.18813 130757148.998812 181649073.263852 39270994.5630459 23672419.6502236 54768.1283328101 448090.872965747 1600429175.11766 1806444286.92837 958681869.732414 1318550686.29248 271839417.408047 179694509.714615 0 0
68 8909.127034254 858076.035372048 1.49911458449486 211380238.501189 247708903.562658 128257731.952743 178176859.365073 38520331.2610504 23219922.4089752 54768.1283328101 448090.872965747 1604548438.44212 1811271503.55384 961181286.778483 1322022900.19126 272590080.710043 180147006.955863 0 0
69 8909.127034254 858075.979248397 1.49911457745585 207339713.932213 242973958.054526 125806090.679222 174771016.023272 37784016.7125903 22776074.5467131 54768.1283328101 448090.872965747 1608588963.0111 1816006449.06197 963632928.052004 1325428743.53307 273326395.258503 180590854.818125 0 0
70 8909.127034254 858075.896556589 1.49911455891211 203376444.853305 238329545.478302 123401325.187502 171430292.962754 37061780.6186266 22340713.1281119 54768.1283328101 448090.872965747 1612552232.09001 1820650861.63819 966037693.543724 1328769466.59358 274048631.352467 181026216.236726 0 0
71 8909.127034254 858075.925429096 1.49911455218842 199488947.510638 233773927.076209 121042535.190489 168153439.49614 36353352.5911167 21913675.164195 54768.1283328101 448090.872965747 1616439729.43268 1825206480.04029 968396483.540737 1332046320.0602 274757059.379977 181453254.200643 0 0
72 8909.127034254 858076.09133294 1.49911456474149 195675752.9205 229305381.399038 118728829.363051 164939217.386088 35658464.9336117 21494799.2884692 54768.1283328101 448090.872965747 1620252924.02281 1829675025.71746 970710189.368175 1335260542.17025 275451947.037482 181872130.076369 0 0
