"Time" "IECs" "pheme_e" "BiomassCD" "pro_L_e" "leu_L_e" "ile_L_e" "val_L_e" "trp_L_e" "cys_L_e" "Drug" "Damage" "pro_L_v" "leu_L_v" "ile_L_v" "val_L_v" "trp_L_v" "cys_L_v" "CD" "pheme_c"
0 457000 1e+05 0.4963 224235600.199112 195370466.451958 120509812.093413 157438605.791629 18978882.6152 31300034.1459915 0 0 0 0 0 0 0 0 45700000 1000
1 324737.393611469 159001.885171612 0.594123777891063 418459502.376354 458035142.068472 247827030.499832 338305076.323875 66776198.939294 48015297.8623728 0 132262.606388532 279286716.763409 287415504.353389 160924119.532931 217087329.697112 38437379.714986 34073577.1368148 48532264.0535828 923.420768549837
2 225352.91309552 273018.20339467 0.697811995038766 501180166.701604 567014064.845462 301259352.772114 413916172.963105 86102913.2070482 55523914.5383055 0 231647.08690448 551992894.016246 591776636.042228 323850124.019588 440339554.8941 83908269.7094888 64728600.9790062 52252900.1922306 1382.51640847964
3 151637.246182096 380478.23297514 0.803529036515188 551621696.79651 631399191.992987 333235985.974235 458986460.000862 97121860.5635877 60413964.0925018 0 305362.753817904 764718741.887734 833974967.587635 452071069.541556 616741945.065732 120950330.725511 88145367.5195649 57057131.4041561 1701.26534903059
4 98084.87986543 464766.250639275 0.907130844572308 589847416.101419 679199169.827673 357104492.272575 492606240.338537 105050021.497129 64330839.4318861 0 358915.12013457 917074921.474087 1008899281.26396 544216221.121642 743753920.120906 147936098.084034 104792600.84578 63165448.6509789 1861.92639001659
5 60361.0617100353 522954.992542839 1.0047947256896 621040334.552788 718105382.920589 376398341.254358 519910103.792412 111368554.531498 67670935.691895 0 396638.938289965 1019334590.91923 1126886427.87933 606160983.42068 829255891.5975 166210544.379475 115938450.757443 70824613.4898973 1906.83803929287
6 34910.3536613576 556699.526912502 1.09354986375786 645923346.386777 749718988.519321 391707315.999366 541848191.628026 116437204.139896 70458033.8864447 0 422089.646338643 1083424824.69699 1201122317.05505 645016100.884806 882960435.020469 177731913.967425 122924424.453586 80308675.4932999 1876.21749228687
7 18705.6215213549 569404.424874965 1.17156386269123 664078617.885906 773988701.387052 402845576.321181 558255168.947105 120297458.939448 72630737.8698909 0 438294.378478646 1120512565.05794 1244248085.15759 667510801.92478 914101424.14062 184432234.373898 126974337.6119 91917607.7525528 1799.10692565188
8 9132.90106212347 565189.484405384 1.23815228770725 675324790.097516 790989480.285459 409738050.547612 569094761.47551 122986443.097488 74166823.5168869 9737.47760380151 447867.098937877 1140044190.0808 1267060250.64913 679360143.323582 930537739.255642 187978498.515014 129114176.621249 105972228.598883 1695.25445575731
9 8754.69460791269 726745.405148587 1.29357879426038 663720647.536895 777631640.060032 402700135.494774 559398239.117516 120911121.760551 72912113.6192298 6178.49956631575 448245.305392088 1152788130.7429 1281991051.51762 687092288.334327 941278498.769338 190300032.41209 130514117.797323 5641.82696180763 83.4068732567003
10 8754.64158144156 802278.58463367 1.33875776270156 651251811.314983 763022875.483681 395134901.823918 548889244.091744 118639658.193923 71542369.7850264 6094.02481400768 448245.358418559 1165257125.29944 1296600036.63106 694657618.447277 951787639.558202 192571530.496382 131883881.993692 7.15042929579541 1.72793112671145
11 8754.6415128191 834471.355583693 1.37495905334802 639017076.300578 748688354.642758 387711704.322654 538577542.34032 116410835.563091 70198339.8431333 6092.32667081207 448245.358487181 1177491860.51817 1310934557.75739 702080816.072994 962099341.498005 194800353.171883 133227911.961936 0.00960980668696557 0.0338309437374107
12 8754.64151272677 848191.547646024 1.40357099314296 627012188.818476 734623128.860937 380427962.528409 528459561.090743 114223884.643537 68879559.4810771 6092.29349339647 448245.358487274 1189496748.00054 1324999783.53959 709364557.867407 972217322.747835 196987304.091497 134546692.324027 1.30534337286371e-05 0.000659161864861977
13 8754.64151272665 854038.877205977 1.42594014997406 615232831.028782 720822139.295257 373281056.672765 518531661.189462 112078018.85442 67585554.3724155 6092.29284714968 448245.358487274 1201276105.79024 1338800773.10527 716511463.723051 982145222.649117 199133169.880614 135840697.432689 7.72176316269439e-08 1.29229957541764e-05
14 8754.64151272665 856530.812941732 1.44328043203627 603674766.031133 707280421.887577 366268416.095375 508790271.684379 109972466.352352 66315859.0783067 6092.29283446249 448245.358487274 1212834170.78789 1352342490.51295 723524104.300441 991886612.1542 201238722.382683 137110392.726798 5.80954891216072e-08 2.36006012030437e-07
15 8754.64151272664 857593.023647107 1.45663395288429 592333836.507633 693993105.820493 359387518.421068 499231888.69721 107906469.791609 65070016.902325 6092.29283421899 448245.358487274 1224175100.31139 1365629806.58004 730405001.974748 1001444995.14137 203304718.943425 138356234.902779 7.0397314081285e-08 -7.24025113509853e-09
16 8754.64151272664 858045.774052757 1.46686522261702 581205963.195817 680955411.728295 352635888.633351 489853074.136496 105879286.04596 63847579.7227169 15829.7704380152 448245.358487274 1235302973.6232 1378667500.67224 737156631.762466 1010823809.70208 205331902.689075 139578672.082388 7.85681754228432e-08 0
17 8754.64151272664 858238.863555041 1.47467425232125 570287262.548163 668162789.549784 346011170.462127 480650554.863603 103890207.642899 62648120.917724 15829.7704380152 448245.358487274 1246221674.27085 1391460122.85075 743781349.93369 1020026328.97497 207320981.092136 140778130.887381 -7.26282067033789e-08 -1.75040994929907e-12
18 8754.64151272664 858320.849526608 1.48061456959488 559573574.339841 655610365.061723 339510839.768498 471620824.550224 101938476.707141 61471183.4715838 15829.7704380152 448245.358487274 1256935362.47918 1404012547.33881 750281680.62732 1029056059.28835 209272712.027894 141955068.333521 -7.26282067033789e-08 -2.75040994929908e-12
19 8754.64151272664 858355.922804793 1.48512524461734 549061151.771795 643293748.420827 333132623.251949 462760725.312315 100023410.677884 60316355.7848519 15829.7704380152 448245.358487274 1267447785.04722 1416329163.97971 756659897.143868 1037916158.52626 211187778.057151 143109896.020253 -7.26282067033789e-08 -3.7504099492991e-12
20 8754.64151272664 858370.974550695 1.48854361973822 538746221.14592 631208518.268216 326874231.29147 454067076.59473 98144322.0940775 59183223.3031262 15829.7704380152 448245.358487274 1277762715.6731 1428414394.13232 762918289.104347 1046609807.24384 213066866.640957 144243028.501979 -7.26282067033789e-08 -4.75040994929913e-12
21 8754.64151272664 858377.377091233 1.49113126898109 528625071.759876 619350327.052419 320733412.487558 445536750.93653 96300534.9707204 58071378.3923174 15829.7704380152 448245.358487274 1287883865.05914 1440272585.34811 769059107.908259 1055140132.90205 214910653.764315 145354873.412787 -7.26282067033789e-08 -5.75040994929917e-12
22 8754.64151272664 858380.038524412 1.49308784393742 518694063.571874 607714910.009633 314707958.312683 437166680.431028 94491386.1951634 56980421.1806538 15829.7704380152 448245.358487274 1297814873.24714 1451908002.3909 775084562.083134 1063510203.40755 216719802.539872 146445830.624451 -7.26282067033789e-08 -6.7504099492992e-12
23 8754.64151272664 858381.201284925 1.49456645157323 508949624.050977 596298081.473449 308795701.200262 428953854.071158 92716224.9533248 55909959.2126749 15829.7704380152 448245.358487274 1307559312.76804 1463324830.92708 780996819.195555 1071723029.76742 218494963.78171 147516292.59243 -7.26282067033789e-08 -7.75040994929925e-12
24 8754.64151272664 858381.660322617 1.49568303769193 499388248.577507 585095735.34399 302994514.78761 420895318.086945 90974412.8026342 54859607.4932182 25567.2480418167 448245.358487274 1317120688.24151 1474527177.05655 786798005.608207 1079781565.75163 220236775.932401 148566644.311887 0 0
25 8754.64151272664 858381.845011647 1.49652740836388 490006508.885383 574103854.979153 297302319.038159 412988183.060894 89265325.209986 53828989.4148403 25567.2480418167 448245.358487274 1326502427.93363 1485519057.42139 792490201.357658 1087688700.77768 221945863.525049 149597262.390265 0 0
26 8754.64151272664 858381.920998462 1.49716335636494 480800986.964735 563318435.753273 291717040.138107 405229568.219667 87588339.5106663 52817729.4967796 25567.2480418167 448245.358487274 1335707949.85428 1496304476.64727 798075480.25771 1095447315.61891 223622849.224369 150608522.308326 0 0
27 8754.64151272664 858381.954274367 1.49764197061068 471768474.273123 552735718.457949 286236731.364115 397616769.333652 85942871.1990023 51825475.2690303 25567.2480418167 448245.358487274 1344740462.54589 1506887193.94259 803555789.031702 1103060114.50492 225268317.536033 151600776.536075 0 0
28 8754.64151272664 858381.975165203 1.49800413839852 462905603.176318 542351757.488873 280859349.466862 390146948.087198 84328306.7872965 50851856.7847774 25567.2480418167 448245.358487274 1353603333.6427 1517271154.91167 808933170.928955 1110529935.75138 226882881.947739 152574395.020328 0 0
29 8754.64151272664 858381.981830848 1.49827726384588 454209234.35223 532162874.737935 275582989.721165 382817458.591115 82744074.3798658 49896529.1781213 25567.2480418167 448245.358487274 1362299702.46679 1527460037.66261 814209530.674652 1117859425.24746 228467114.355169 153529722.626984 0 0
30 8754.64151272664 858381.979273181 1.49848307803015 445676241.008236 522165406.776863 270405755.00386 375625665.51632 81189604.3635411 48959148.9595696 25567.2480418167 448245.358487274 1370832695.81078 1537457505.62368 819386765.391957 1125051218.32225 230021584.371494 154467102.845536 0 0
31 8754.64151272664 858381.977460562 1.49863797423093 437303559.472919 512355764.131764 265325786.489402 368568986.733657 79664338.6240517 48039379.5737229 25567.2480418167 448245.358487274 1379205377.3461 1547267148.26878 824466733.906416 1132107897.10492 231546850.110983 155386872.231382 0 0
32 8754.64151272664 858381.981401162 1.49875534219435 429088168.277506 502730406.774415 260341250.957909 361644875.683284 78167726.7352546 47136889.1012951 35304.7256456182 448245.358487274 1387420768.54151 1556892505.62612 829451269.437909 1139032008.15529 233043461.999781 156289362.70381 0 0
33 8754.64151272664 858381.980730085 1.49884404849031 421027069.06371 493285821.753418 255450329.21136 354850805.283378 76699222.481084 46251348.1617707 35304.7256456182 448245.358487274 1395481867.75531 1566337090.64712 834342191.184458 1145826078.5552 234511966.253952 157174903.643334 0 0
34 8754.64151272664 858381.980486972 1.49891062515184 413117403.340513 484018659.989357 250651286.91359 348184366.335306 75258305.1253338 45382442.7395603 35304.7256456182 448245.358487274 1403391533.4785 1575604252.41118 839141233.482227 1152492517.50327 235952883.609702 158043809.065545 0 0
35 8754.64151272664 858381.980368425 1.49896099733077 405356165.503497 474925400.041084 245942300.470124 341643025.65005 73844427.1318983 44529842.6581347 35304.7256456182 448245.358487274 1411152771.31552 1584697512.35945 843850219.925693 1159033858.18852 237366761.603137 158896409.14697 0 0
36 8754.64151272664 858381.980302772 1.49899803764118 397741205.342325 466003522.668503 241322065.280903 335224970.983394 72457196.7932761 43693311.7091018 35304.7256456182 448245.358487274 1418767731.47669 1593619389.73203 848470455.114915 1165451912.85518 238753991.941759 159732940.096003 0 0
37 8754.64151272664 858381.980144107 1.4990265333376 390269099.480825 457249016.958656 236788504.276222 328927317.039166 71095990.4671654 42872473.8221926 35304.7256456182 448245.358487274 1426239837.33819 1602373895.44188 853004016.119595 1171749566.79941 240115198.26787 160553777.982913 0 0
38 8754.64151272664 858381.979917381 1.49904826126647 382937328.605014 448658931.220403 232340088.909264 322747940.484541 69760349.2058215 42067052.241643 35304.7256456182 448245.358487274 1433571608.214 1610963981.18013 857452431.486553 1177928943.35403 241450839.529214 161359199.563462 0 0
39 8754.64151272664 858381.979673916 1.49906497760093 375743288.342898 440230214.106521 227975239.02585 316684646.297947 68449798.5663366 41276760.8677585 35304.7256456182 448245.358487274 1440765648.47612 1619392698.29401 861817281.369968 1183992237.54063 242761390.168699 162149490.937347 0 0
40 8754.64151272664 858381.979590912 1.49907744695825 368684404.138175 431959849.202592 223692392.561913 310735264.587126 67163869.5373784 40501316.8762064 45042.2032494197 448245.358487274 1447824532.68084 1627663063.19794 866100127.833905 1189941619.25145 244047319.197657 162924934.928899 0 0
41 8754.64151272664 858381.979965884 1.49908661718748 361758120.178141 423844842.054665 219489998.825718 304897641.257336 65902096.5221678 39740439.501706 45042.2032494197 448245.358487274 1454750816.64087 1635778070.34587 870302521.5701 1195779242.58124 245309092.212868 163685812.303399 0 0
42 8754.64151272664 858381.980101619 1.49909349868326 354961921.66114 415882246.258358 215366532.008217 299169656.77884 64664021.3949788 38993852.4841887 45042.2032494197 448245.358487274 1461547015.15788 1643740666.14217 874425988.387601 1201507227.05974 246547167.340057 164432399.320917 0 0
43 8754.64151272664 858381.980169063 1.49909870431201 348293246.332927 408069059.81265 211320437.509391 293549151.627824 63449177.3855658 38261274.3507472 45042.2032494197 448245.358487274 1468215690.48609 1651553852.58788 878472082.886427 1207127732.21075 247762011.34947 165164977.454358 0 0
44 8754.64151272664 858381.980225916 1.49910247823953 341750357.220387 400403247.636492 207350661.453166 288034661.845426 62257248.0665608 37542514.2885951 45042.2032494197 448245.358487274 1474758579.59863 1659219664.76404 882441858.942652 1212642221.99315 248953940.668474 165883737.51651 0 0
45 8754.64151272664 858381.980391512 1.49910531711564 335330382.17955 392881444.654327 203455461.219704 282623766.726007 61087710.2145761 36837256.7823166 45042.2032494197 448245.358487274 1481178554.63947 1666741467.74621 886337059.176114 1218053117.11257 250123478.520459 166588995.022789 0 0
46 8754.64151272664 858381.980737792 1.49910760964285 329030721.304187 385500604.751131 199633259.364346 277314275.011838 59940090.20024 36145216.2227976 45042.2032494197 448245.358487274 1487478215.51483 1674122307.6494 890159261.031472 1223362608.82674 251271098.534795 167281035.582308 0 0
47 8754.64151272664 858381.98117927 1.49910938224119 322849384.292542 378258396.039693 195882848.308585 272104509.233148 58814025.4468713 35466173.9681828 45042.2032494197 448245.358487274 1493659552.52647 1681364516.36084 893909672.087233 1228572374.60543 252397163.288164 167960077.836922 0 0
48 8754.64151272664 858381.981651241 1.49911076164304 316784182.450362 371152254.191205 192202900.102966 266992624.71064 57709117.2362888 34799889.5824832 54779.6808532212 448245.358487274 1499724754.36865 1688470658.20933 897589620.292852 1233684259.12794 253502071.498747 168626362.222622 0 0
49 8754.64151272664 858381.980835302 1.49911170473319 310832948.510738 364179639.981666 188592099.798673 261976794.824449 56624970.7537663 34146124.9835803 54779.6808532212 448245.358487274 1505675988.30827 1695443272.41887 901200420.597145 1238700089.01413 254586217.981269 169280126.821525 0 0
50 8754.64151272664 858381.980540126 1.49911241241095 304993463.693918 357337953.833344 185049101.192434 257055149.53856 55561181.8003951 33504636.4304838 54779.6808532212 448245.358487274 1511515473.12509 1702284958.56719 904743419.203383 1243621734.30002 255650006.934641 169921615.374621 0 0
51 8754.64151272664 858381.980393195 1.4991129479581 299263541.37241 350624633.838899 181572577.588763 252225845.91559 54517352.0344992 32875183.7142457 54779.6808532212 448245.358487274 1517245395.4466 1708998278.56164 908219942.807055 1248451037.92299 256693836.700537 170551068.09086 0 0
52 8754.64151272664 858381.980270966 1.49911333618925 293641702.106795 344037946.650183 178161631.365357 247487637.051695 53493211.9440646 32257604.3130881 54779.6808532212 448245.358487274 1522867234.71222 1715584965.75035 911630889.030461 1253189246.78689 257717976.790971 171168647.492017 0 0
53 8754.64151272664 858381.979915393 1.4991136280773 288125476.952968 337574999.590665 174814764.536383 242838442.066885 52488311.757314 31651627.0045608 54779.6808532212 448245.358487274 1528383459.86604 1722047912.80987 914977755.859435 1257838441.77169 258722876.977722 171774624.800544 0 0
54 8754.64151272664 858381.9791686 1.49911386377244 282712628.763389 331233171.562456 171530619.754258 238276375.444376 51502243.9292476 31057006.0299053 54779.6808532212 448245.358487274 1533796308.05562 1728389740.83808 918261900.64156 1262400508.3942 259708944.805788 172369245.7752 0 0
55 8754.64151272664 858381.978214921 1.4991140460473 277401446.748186 325010458.161444 168308159.029103 233799995.293112 50534696.8023431 30473553.4526589 54779.6808532212 448245.358487274 1539107490.07083 1734612454.23909 921484361.366715 1266876888.54547 260676491.932693 172952698.352446 0 0
56 8754.64151272664 858381.977193161 1.49911418790046 272190051.334801 318904657.233513 165146241.96529 229407717.46831 49585327.9716477 29901062.79497 54779.6808532212 448245.358487274 1544318885.48421 1740718255.16702 924646278.430528 1271269166.37027 261625860.763388 173525189.010135 0 0
57 8754.64151272664 858381.976570758 1.49911429270722 267076574.553562 312913580.218774 162043735.207026 225097967.604351 48653797.145926 29339328.8536057 54779.6808532212 448245.358487274 1549432362.26545 1746709332.18176 927748785.188792 1275578916.23423 262557391.58911 174086922.951499 0 0
58 8754.64151272664 858381.976710109 1.49911436683035 262059151.352316 307035041.975579 158999507.168669 220869173.794564 47739764.5654321 28788146.7458333 54779.6808532212 448245.358487274 1554449785.4667 1752587870.42496 930793013.227149 1279807710.04402 263471424.169604 174638105.059272 0 0
59 8754.64151272664 858381.977796949 1.49911441919773 257135997.799669 301266952.405384 156012475.483085 216719832.502623 46842905.2483275 28247320.5003291 54779.6808532212 448245.358487274 1559372939.01934 1758355959.99515 933780044.912733 1283957051.33596 264368283.486708 175178931.304776 0 0
60 8754.64151272664 858381.97986849 1.49911445744337 252305336.088089 295607228.584519 153081561.498681 212648445.353532 45962895.3283686 27716654.8184982 54779.6808532212 448245.358487274 1564203600.73092 1764015683.81602 936710958.897138 1288028438.48505 265248293.406667 175709596.986607 0 0
61 8754.64151272664 858381.98270999 1.49911448742908 247565408.980384 290053811.69003 150205699.044531 208653531.309421 45099414.6866453 27195956.6614713 54779.6808532212 448245.358487274 1568943527.83863 1769569100.71051 939586821.351287 1292023352.52916 266111774.04839 176230295.143634 0 0
62 8754.64151272664 858381.985447729 1.49911451105792 242914532.612357 284604728.8646 147383866.467409 204733671.172784 44252156.5707322 26685041.0506691 54779.6808532212 448245.358487274 1573594404.20666 1775018183.53593 942408653.928409 1295943212.6658 266959032.164304 176741210.754436 0 0
63 8754.64151272664 858381.987636758 1.49911453165337 238351024.306966 279258008.641814 144615042.834374 200887446.746676 43420814.4444698 26183723.137925 54779.6808532212 448245.358487274 1578157912.51205 1780364903.75872 945177477.561444 1299789437.0919 267790374.290566 177242528.66718 0 0
64 8754.64151272664 858381.988512008 1.49911455051048 233873241.49145 274011726.54243 141898231.54501 197113473.634915 42605089.0775641 25691822.4806732 54779.6808532212 448245.358487274 1582635695.32756 1785611185.8581 947894288.850809 1303563410.20366 268606099.657472 177734429.324432 0 0
65 8754.64151272664 858381.987001993 1.4991145671688 229479572.098782 268863993.828486 139232454.507683 193410393.152218 41804686.7970029 25209161.9875132 54779.6808532212 448245.358487274 1587029364.72023 1790758918.57205 950560065.888135 1307266490.68636 269406501.938033 178217089.817592 0 0
66 8754.64151272664 858381.981702888 1.49911457904023 225168447.966988 263812973.202277 136616760.269336 189776883.617437 41019321.9280328 24735569.3901734 54779.6808532212 448245.358487274 1591340488.85202 1795809939.19826 953175760.126482 1310900000.22114 270191866.807003 178690682.414932 0 0
67 8754.64151272664 858381.96817443 1.4991145859384 220938311.707638 258856839.988651 134050203.913559 186211632.429605 40248710.7585356 24270873.6038953 54779.6808532212 448245.358487274 1595570625.11137 1800766072.41189 955742316.482259 1314465251.40897 270962477.9765 179155378.20121 0 0
68 8754.64151272664 858381.939910186 1.49911458845349 216787628.5939 253993796.063348 131531854.273441 182713346.087443 39492573.7046948 23814906.0333788 54779.6808532212 448245.358487274 1599721308.22511 1805629116.33719 958260666.122377 1317963537.75114 271718615.030341 179611345.771726 0 0
69 8754.64151272664 858381.890776717 1.49911458386661 212714916.445891 249222104.867427 129060812.063957 179280775.377389 38750640.7552619 23367503.8557964 54779.6808532212 448245.358487274 1603794020.37312 1810400807.53311 960731708.331861 1321396108.46119 272460547.979774 180058747.949309 0 0
70 8754.64151272664 858381.81366397 1.49911456841038 208718729.094869 244540072.033497 126636199.849167 175912701.436853 38022648.4591994 22928508.204275 54779.6808532212 448245.358487274 1607790207.72414 1815082840.36704 963156320.546651 1324764182.40173 273188540.275836 180497743.60083 0 0
71 8754.64151272664 858381.7597674 1.49911454904556 204797641.396929 239946027.827392 124257152.949563 172607923.123442 37308337.1956007 22497762.5215958 54779.6808532212 448245.358487274 1611711295.42208 1819676884.57314 965535367.446255 1328068960.71514 273902851.539435 180928489.283509 0 0
72 8754.64151272664 858381.914492478 1.49911456075283 200950212.125385 235438283.671957 121922796.927707 169365225.739841 36607444.4137313 22075108.4837884 54779.6808532212 448245.358487274 1615558724.69363 1824184628.72858 967869723.468111 1331311658.09874 274603744.321305 181351143.321317 0 0
