"Time" "IECs" "pheme_e" "BiomassCD" "pro_L_e" "leu_L_e" "ile_L_e" "val_L_e" "trp_L_e" "cys_L_e" "Drug" "Damage" "pro_L_v" "leu_L_v" "ile_L_v" "val_L_v" "trp_L_v" "cys_L_v" "CD" "pheme_c"
0 457000 1e+05 0.4963 224235600.199112 195370466.451958 120509812.093413 157438605.791629 18978882.6152 31300034.1459915 0 0 0 0 0 0 0 0 45700000 1000
1 396072.352208433 120574.858672143 0.59412377805755 232101703.519432 243826555.902456 134938979.116103 182770108.260729 33596074.827872 27781115.846712 0 60927.6477915674 210179927.574325 204941997.714631 118308605.055628 157959847.13453 25107332.7141971 26915135.0512414 48532264.050156 705.512967867895
2 339879.896986618 174954.797394825 0.697811794681554 243914291.816355 271867700.783557 145616145.852177 199501176.105015 40532772.4587043 27477442.78306 0 117120.103013382 399363802.645859 410605274.101056 229985657.746992 310225432.95591 54807597.4534888 48796710.9200701 52252909.9385802 887.51396067357
3 287918.519714269 235541.931842534 0.803528645057233 259120025.675186 295461204.587444 156282861.621313 215079688.99774 45260110.6042785 28484449.510702 0 169081.480285731 569881047.217582 603119138.37287 332373626.894599 450856000.223538 83958326.8750089 67742873.0650102 57057150.362717 1053.21516172441
4 239901.486487981 293455.142490037 0.907130523059912 277628673.213101 319807512.80529 168179952.024352 231953273.299031 49536712.5730924 30208291.3710357 0 217098.513512019 722809239.002846 778475671.343156 424833920.632919 578250716.647109 110987793.62352 84457571.9635711 63165466.8720682 1175.06399847184
5 195764.115196652 345319.870854132 1.00479447023666 299325692.800981 346682704.012322 181694681.244929 250928717.158421 53973826.0531737 32433980.1980766 0 261235.884803348 858441845.601645 935167807.336761 507088761.500325 691774915.283489 135326836.65268 99180633.7124003 70824631.6289946 1258.39481302122
6 155648.044481787 389297.233380092 1.09354966860446 323861509.080353 376473253.804232 196791362.353512 272080377.948961 58761004.0449038 35050254.7381999 0 301351.955518213 976552518.868161 1072219995.64797 578823560.933097 790898154.538141 156693436.618921 111968930.326785 80308692.0268552 1311.3016013792
7 119855.724874711 423978.169035864 1.17156363536192 350519993.626116 408752164.284579 213108689.225125 294985970.612436 63885550.2851039 37955760.8638454 0 337144.275125289 1076687541.26609 1188801342.41346 639687696.508386 875094560.449983 174902939.873342 122807674.930257 91917619.9755079 1338.97817252264
8 88769.2412140602 448213.167337948 1.23815215431145 378140075.209768 442445604.934103 229973827.162004 318782539.105055 69203646.78094 41023192.3371806 9737.47760380151 368230.75878594 1158534545.6802 1284396587.30858 689457213.97687 944030912.928758 189849857.63159 131677453.182612 105972269.874403 1343.88178290108
9 87293.3412118123 594872.846870398 1.29357868448674 317258637.358461 371280941.812408 192949877.888965 267483314.772217 58074329.8453559 34422863.2611379 7206.29850737268 369706.658788188 1224590511.26763 1361699518.53962 729630999.141618 999722887.659586 201941260.900923 138844527.859518 481.041769959396 60.3721763235322
10 87293.3280419447 660678.18584793 1.33875767406619 262595222.701663 307309526.91628 159704765.118666 221396149.381781 48068168.4042205 28491830.9182643 7147.19576321768 369706.671958055 1279253972.22829 1425670988.20923 762876140.097901 1045810092.30466 211947430.927252 144775565.25962 0.0325543119349466 1.40537999690009
11 87293.3280410397 688009.996423992 1.37495898286684 217350239.852719 254360299.083471 132187739.925493 183249739.563127 39786054.8430813 23582707.3326606 7145.82323097213 369706.67195896 1324498955.08042 1478620216.0458 790393165.293016 1083956502.12601 220229544.488981 149684688.845571 2.33836227427461e-06 0.0328582752422039
12 87293.3280410396 699362.053039191 1.40357093770065 179900937.708194 210534188.28459 109411880.024782 151675930.99749 32930943.9862136 19519422.5031378 7145.79114110476 369706.67195896 1361948257.22495 1522446326.84468 813169025.193727 1115530310.69165 227084655.345849 153747973.675094 4.40372376545328e-08 0.000768408754588876
13 87293.3280410396 704077.054668842 1.42594011133333 148904125.105331 174259286.864462 90560285.4480145 125542268.386348 27256964.1138477 16156238.9135821 7145.79039071634 369706.67195896 1392945069.82781 1558721228.26481 832020619.770495 1141663973.30279 232758635.218215 157111157.26465 5.31027603858532e-08 1.80204970733536e-05
14 87293.3280410396 706035.286762248 1.44328041381546 123248062.636399 144234550.16611 74956820.2047582 103911435.271865 22560610.8494661 13372531.782993 7145.79037310101 369706.67195896 1418601132.29674 1588745964.96316 847624085.013751 1163294806.41728 237454988.482597 159894864.395239 5.82668751875144e-08 4.05255251355198e-07
15 87293.3280410396 706848.447594382 1.45663384400012 102012619.546006 119383169.006821 62041880.5647663 86007661.9957962 18673453.8627333 11068466.0510229 7145.79037270485 369706.67195896 1439836575.38713 1613597346.12245 860539024.653743 1181198579.69335 241342145.46933 162198930.127209 6.03689458717097e-08 9.1243031264896e-09
16 87293.3280410396 707186.72303852 1.46686516507769 84435860.6578717 98813467.0790328 51352073.9456793 71188554.8680701 15456020.5920787 9161371.02781758 16883.2679764844 369706.67195896 1457413334.27527 1634167048.05024 871228831.27283 1196017686.82107 244559578.739984 164106025.150415 6.06758780211954e-08 0
17 87293.3280410396 707326.967067775 1.47467354821932 69887694.0017605 81788061.3363378 42504191.9666491 58922878.2685879 12792972.431476 7582881.13652359 16883.2679764844 369706.67195896 1471961500.93138 1651192453.79293 880076713.25186 1208283363.42055 247222626.900587 165684515.041709 -4.5729485686901e-08 -1.0027866370131e-12
18 87293.3280410396 707385.231066614 1.48061527903474 57846045.4102182 67695979.6377932 35180720.3506454 48770467.2576496 10588743.4801353 6276350.83441987 16883.2679764844 369706.67195896 1484003149.52292 1665284535.49148 887400184.867864 1218435774.43149 249426855.851927 166991045.343813 -4.5729485686901e-08 -2.81864293123143e-12
19 87293.3280410396 707409.38319695 1.48512622781235 47879191.7841686 56031985.7495829 29119094.3966622 40367332.609742 8764306.63917446 5194937.75546552 16883.2679764844 369706.67195896 1493970003.14897 1676948529.37969 893461810.821847 1226838909.0794 251251292.692888 168072458.422767 -4.5729485686901e-08 -3.81864293123145e-12
20 87293.3280410396 707419.382918815 1.48854507261251 39629615.986319 46377685.0748992 24101879.8732243 33412048.7440026 7254218.24291685 4299850.95090936 16883.2679764844 369706.67195896 1502219578.94682 1686602830.05437 898479025.345285 1233794192.94514 252761381.089146 168967545.227323 -4.5729485686901e-08 -4.81864293123147e-12
21 87293.3280410396 707423.560717738 1.49113273234133 32801500.4738978 38386888.7220042 19949166.9148729 27655209.5051501 6004328.76298726 3558993.93657091 16883.2679764844 369706.67195896 1509047694.45924 1694593626.40727 902631738.303637 1239551032.18399 254011270.569075 169708402.241662 -4.5729485686901e-08 -5.8186429312315e-12
22 87293.3280410396 707425.303534826 1.49308948602008 27149823.131858 31772852.5929498 16511938.3425069 22890234.7725461 4969786.79589228 2945781.58039284 16883.2679764844 369706.67195896 1514699371.80128 1701207662.53632 906068966.876003 1244316006.91659 255045812.53617 170321614.59784 -4.5729485686901e-08 -6.81864293123152e-12
23 87293.3280410396 707426.06764031 1.49456800360403 22471926.6145471 26298411.1659194 13666942.3183586 18946262.5041862 4113495.82738861 2438225.36800969 16883.2679764844 369706.67195896 1519377268.31859 1706682103.96335 908913962.900151 1248259979.18495 255902103.504674 170829170.810223 -4.5729485686901e-08 -7.81864293123155e-12
24 87293.3280410396 707426.385440955 1.4956845368125 18600028.0932653 21767211.8143041 11312136.9355998 15681833.6444779 3404743.13855354 2018120.70324823 26620.7455802859 369706.67195896 1523249166.83988 1711213303.31497 911268768.28291 1251524408.04466 256610856.193509 171249275.474984 0 0
25 87293.3280410396 707426.505088859 1.49652733340499 15395286.0462799 18016771.2989913 9363081.76767243 12979889.7870659 2818113.72914645 1670403.14921222 26620.7455802859 369706.67195896 1526453908.88687 1714963743.83028 913217823.450837 1254226351.90207 257197485.602916 171596993.02902 0 0
26 87293.3280410396 707426.554828408 1.49716333018012 12742687.7633792 14912492.7251829 7749828.5585456 10743462.7887036 2332554.47311957 1382593.71767373 26620.7455802859 369706.67195896 1529106507.16977 1718068022.40409 914831076.659964 1256462778.90043 257683044.858943 171884802.460558 0 0
27 87293.3280410396 707426.575461404 1.49764314270997 10547126.6810526 12343074.9323382 6414535.54236217 8892367.53891723 1930656.07313632 1144373.2562168 26620.7455802859 369706.67195896 1531302068.25209 1720637440.19694 916166369.676147 1258313874.15022 258084943.258926 172123022.922015 0 0
28 87293.3280410396 707426.584039527 1.49800506153221 8729855.4114484 10216361.5504457 5309310.25195859 7360211.48012394 1598003.78599727 947197.598512591 26620.7455802859 369706.67195896 1533119339.5217 1722764153.57883 917271594.966551 1259846030.20901 258417595.546065 172320198.57972 0 0
29 87293.3280410396 707426.587431011 1.49827799381162 7225714.61218289 8456098.0061125 4394524.17709913 6092058.24542563 1322670.16606731 783996.894063269 26620.7455802859 369706.67195896 1534623480.32096 1724524417.12316 918186381.04141 1261114183.44371 258692929.165995 172483399.284169 0 0
30 87293.3280410396 707426.588972926 1.49848381072358 5980741.28994207 6999132.5718406 3637358.18618021 5042411.20009334 1094777.26422183 648916.106872649 26620.7455802859 369706.67195896 1535868453.6432 1725981382.55743 918943547.032329 1262163830.48904 258920822.067841 172618480.071359 0 0
31 87293.3280410396 707426.589651147 1.49863901903017 4950263.53098834 5793186.6702214 3010643.78231352 4173607.09349643 906147.867446878 537108.291897662 26620.7455802859 369706.67195896 1536898931.40216 1727187328.45905 919570261.436196 1263032634.59564 259109451.464616 172730287.886335 0 0
32 87293.3280410396 707426.589933137 1.49875604561909 4097336.45102088 4795024.49978199 2491911.88167909 3454497.39582006 750019.198788726 444564.894123621 36358.2231840874 369706.67195896 1537751858.48213 1728185490.62949 920088993.33683 1263751744.29332 259265580.133274 172822831.284109 0 0
33 87293.3280410396 707426.590049614 1.49884427769749 3391374.86742597 3968852.88080277 2062561.23420399 2859295.49301562 620792.627421478 367967.392205511 36358.2231840874 369706.67195896 1538457820.06573 1729011662.24847 920518343.984305 1264346946.19612 259394806.704641 172899428.786027 0 0
34 87293.3280410396 707426.590098036 1.4989108011207 2807043.07163131 3285021.97984299 1707183.20699298 2366640.64492167 513830.44099925 304566.837714607 36358.2231840874 369706.67195896 1539042151.86152 1729695493.14943 920873722.011516 1264839601.04422 259501768.891064 172962829.340518 0 0
35 87293.3280410396 707426.590118122 1.49896095464063 2323390.43551908 2719013.7285644 1413036.07874501 1958869.20806177 425297.618038477 252090.067613807 36358.2231840874 369706.67195896 1539525804.49763 1730261501.40071 921167869.139764 1265247372.48108 259590301.714024 173015306.110619 0 0
36 87293.3280410396 707426.590126473 1.4989987660137 1923069.96821574 2250527.31759237 1169569.7828044 1621355.79457377 352018.784402355 208654.91692759 36358.2231840874 369706.67195896 1539926124.96494 1730729987.81168 921411335.435705 1265584885.89457 259663580.54766 173058741.261305 0 0
37 87293.3280410396 707426.590129775 1.49902726965109 1591727.93851409 1862764.88479751 968054.688649149 1341998.65795276 291366.48342279 172703.992195421 36358.2231840874 369706.67195896 1540257466.99464 1731117750.24447 921612850.52986 1265864243.03119 259724232.84864 173094692.186037 0 0
38 87293.3280410396 707426.590131276 1.49904875796015 1317477.02765473 1541814.95735611 801261.184747004 1110775.50391354 241164.736290561 142947.508048478 36358.2231840874 369706.67195896 1540531717.9055 1731438700.17192 921779644.033762 1266095466.18523 259774434.595772 173124448.670184 0 0
39 87293.3280410396 707426.590131936 1.49906495903089 1090476.60929296 1276161.26244554 663204.413860913 919389.621046774 199612.212122823 118317.747187645 36358.2231840874 369706.67195896 1540758718.32386 1731704353.86683 921917700.804648 1266286852.06809 259815987.11994 173149078.431045 0 0
40 87293.3280410396 707426.590132211 1.49907717260199 902588.222268949 1056279.53445609 548934.738999822 760979.40713389 165219.162105575 97931.6788520617 46095.7007878889 369706.67195896 1540946606.71088 1731924235.59482 922031970.479509 1266445262.28201 259850380.169957 173169464.49938 0 0
41 87293.3280410396 707426.590132324 1.49908637988031 747074.367866072 874285.023917046 454354.558391103 629864.422687146 136752.284202314 81058.278035747 46095.7007878889 369706.67195896 1541102120.56528 1732106230.10536 922126550.660118 1266576377.26646 259878847.04786 173186337.900196 0 0
42 87293.3280410396 707426.590132371 1.49909332115545 618353.915587094 723646.254150668 376069.548535695 521339.171587564 113189.950076214 67091.9867821472 46095.7007878889 369706.67195896 1541230841.01756 1732256868.87513 922204835.669973 1266684902.51756 259902409.381986 173200304.19145 0 0
43 87293.3280410396 707426.590132391 1.49909855397601 511811.730884579 598962.232709966 311272.883889301 431512.596689592 93687.3573643387 55532.0586121842 46095.7007878889 369706.67195896 1541337383.20226 1732381552.89657 922269632.33462 1266774729.09245 259921911.974698 173211864.11962 0 0
44 87293.3280410396 707426.590132399 1.49910249885857 423626.504660448 495760.963954462 257640.526468002 357162.921484091 77545.0137935181 45963.8778615332 46095.7007878889 369706.67195896 1541425568.42849 1732484754.16532 922323264.692041 1266849078.76766 259938054.318269 173221432.300371 0 0
45 87293.3280410396 707426.590132402 1.49910547254043 350636.3022777 410342.103957715 213249.455649687 295624.293386133 64184.1258691458 38044.3716207746 46095.7007878889 369706.67195896 1541498558.63087 1732570173.02532 922367655.762859 1266910617.39576 259951415.206194 173229351.806611 0 0
46 87293.3280410396 707426.590132403 1.49910771427129 290222.507422896 339641.142512039 176507.085327987 244688.935869781 53125.3547493133 31489.4175343118 46095.7007878889 369706.67195896 1541558972.42573 1732640873.98676 922404398.133181 1266961552.75327 259962473.977313 173235906.760698 0 0
47 87293.3280410396 707426.590132404 1.49910940438269 240217.361814956 281121.19884339 146095.031552302 202529.194451135 43971.8913487579 26063.8117710137 46095.7007878889 369706.67195896 1541608977.57133 1732699393.93043 922434810.186956 1267003712.49469 259971627.440714 173241332.366461 0 0
48 87293.3280410396 707426.590132404 1.49911067849264 198828.071789826 232684.205183855 120922.955785328 167633.550337987 36395.5640165594 21573.0345166124 55833.1783916904 369706.67195896 1541650366.86136 1732747830.92409 922459982.262723 1267038608.13881 259979203.768046 173245823.143715 0 0
49 87293.3280410396 707426.590132404 1.49911163897644 164570.457602322 192593.25798028 100088.211835865 138750.679621267 30124.6930123188 17856.0508599735 55833.1783916904 369706.67195896 1541684624.47555 1732787921.87129 922480817.006672 1267067491.00953 259985474.63905 173249540.127372 0 0
50 87293.3280410396 707426.590132404 1.4991123630683 136215.069383656 159409.558561244 82843.0747434227 114844.023204403 24934.2270090183 14779.4643233407 55833.1783916904 369706.67195896 1541712979.86377 1732821105.57071 922498062.143765 1267091397.66594 259990665.105054 173252616.713908 0 0
51 87293.3280410396 707426.590132404 1.49911290893569 112745.255870417 131943.34187473 68569.2390812673 95056.4342106642 20638.0675558365 12232.9672796297 55833.1783916904 369706.67195896 1541736449.67728 1732848571.7874 922512335.979427 1267111185.25494 259994961.264507 173255163.210952 0 0
52 87293.3280410396 707426.590132404 1.49911332044796 93319.2339735915 109209.487322617 56754.7504843162 78678.1985309928 17082.1258964496 10125.2254646626 55833.1783916904 369706.67195896 1541755875.69918 1732871305.64195 922524150.468024 1267127563.49062 259998517.206166 173257270.952767 0 0
53 87293.3280410396 707426.590132404 1.49911363064761 77240.4718852655 90392.858749076 46975.9932917972 65122.0645824875 14138.9015839829 8380.66451613362 55833.1783916904 369706.67195896 1541771954.46127 1732890122.27052 922533929.225216 1267141119.62457 260001460.430479 173259015.513716 0 0
54 87293.3280410396 707426.590132404 1.49911386449325 63932.1236391963 74818.3857580594 38882.1421969865 53901.6888803023 11702.8027163316 6936.69609916363 55833.1783916904 369706.67195896 1541785262.80951 1732905696.74352 922542023.076311 1267152340.00027 260003896.529346 173260459.482132 0 0
55 87293.3280410396 707426.590132404 1.49911404079629 52916.6611239333 61927.2274974396 32182.7748757758 44614.4636236973 9686.41756740731 5741.50796039107 55833.1783916904 369706.67195896 1541796278.27203 1732918587.90178 922548722.443633 1267161627.22552 260005912.914495 173261654.670271 0 0
56 87293.3280410396 707426.590132404 1.49911417370606 43799.1559698138 51257.2078118463 26637.704390007 36927.421520178 8017.45432936495 4752.2499968419 55833.1783916904 369706.67195896 1541805395.77718 1732929257.92146 922554267.514118 1267169314.26763 260007581.877733 173262643.928235 0 0
57 87293.3280410396 707426.590132404 1.49911427392686 36252.5957887525 42425.6311547104 22048.0488404103 30564.8557888771 6636.05324398416 3933.44105400902 55833.1783916904 369706.67195896 1541812942.33736 1732938089.49812 922558857.169668 1267175676.83336 260008963.278818 173263462.737178 0 0
58 87293.3280410396 707426.590132408 1.49911434949825 30006.2907366593 35115.7150382447 18249.1804872817 25298.5456398588 5492.66441893569 3255.71102687009 55833.1783916904 369706.67195896 1541819188.64241 1732945399.41424 922562656.038021 1267180943.14351 260010106.667643 173264140.467205 0 0
59 87293.3280410396 707426.59013242 1.49911440640906 24836.2205029357 29065.293323396 15104.8549971645 20939.6177431382 4546.28084005907 2694.75349908535 55833.1783916904 369706.67195896 1541824358.71265 1732951449.83595 922565800.363511 1267185302.07141 260011053.051222 173264701.424733 0 0
60 87293.3280410396 707426.590132415 1.49911444930908 20556.955779465 24057.3620891957 12502.2982540857 17331.735154055 3762.95959278814 2230.44921471478 55833.1783916904 369706.67195896 1541828637.97737 1732956457.76718 922568402.920254 1267188909.95399 260011836.37247 173265165.729017 0 0
61 87293.3280410396 707426.590132404 1.49911448166668 17015.0040903667 19912.2924008037 10348.1594363672 14345.4871286917 3114.60381342714 1846.14409443045 55833.1783916904 369706.67195896 1541832179.92906 1732960602.83687 922570557.059072 1267191896.20202 260012484.728249 173265550.034137 0 0
62 87293.3280410396 707426.590132419 1.49911450605467 14083.3291823771 16481.4164702455 8565.17782776154 11873.7683777168 2577.95946120375 1528.05458417055 55833.1783916904 369706.67195896 1541835111.60397 1732964033.7128 922572340.04068 1267194367.92077 260013021.372601 173265868.123648 0 0
63 87293.3280410396 707426.5901324 1.4991145244469 11656.7791525142 13641.6772928 7089.40230305511 9827.92448395996 2133.77843507273 1264.77160265145 55833.1783916904 369706.67195896 1541837538.154 1732966873.45198 922573815.816205 1267196413.76466 260013465.553627 173266131.406629 0 0
64 87293.3280410396 707426.590132366 1.49911453831052 9648.32155803368 11291.2226773613 5867.90160293869 8134.57769326152 1766.12940897479 1046.85204722428 55833.1783916904 369706.67195896 1541839546.61159 1732969223.9066 922575037.316905 1267198107.11146 260013833.202653 173266349.326185 0 0
65 87293.3280410396 707426.590132428 1.49911454875779 7985.9212582984 9345.75145209996 4856.86550460093 6732.99459778124 1461.82631944868 866.48003675422 55833.1783916904 369706.67195896 1541841209.01189 1732971169.37782 922576048.353004 1267199508.69455 260014137.505743 173266529.698195 0 0
66 87293.3280410396 707426.59013246 1.49911455663754 6609.95123821027 7735.48340695465 4020.03014024185 5572.90318035894 1209.95441574728 717.185983505228 55833.1783916904 369706.67195896 1541842584.98191 1732972779.64587 922576885.188368 1267200668.78597 260014389.377647 173266678.992248 0 0
67 87293.3280410396 707426.590132309 1.49911456257729 5471.06001893236 6402.66357038411 3327.38100215325 4612.69481130065 1001.47988845345 593.615205179115 55833.1783916904 369706.67195896 1541843723.87313 1732974112.4657 922577577.837506 1267201628.99434 260014597.852174 173266802.563026 0 0
68 87293.3280410396 707426.590132361 1.49911456705263 4528.39942613572 5299.48820476026 2754.07510949332 3817.9300654993 828.925461695826 491.335636088143 55833.1783916904 369706.67195896 1541844666.53372 1732975215.64107 922578151.143399 1267202423.75908 260014770.406601 173266904.842596 0 0
69 87293.3280410396 707426.590132659 1.49911457042978 3748.1584998449 4386.3890726729 2279.5493637953 3160.10265000544 686.102024715686 406.678754981646 55833.1783916904 369706.67195896 1541845446.77465 1732976128.7402 922578625.669144 1267203081.5865 260014913.230038 173266989.499477 0 0
70 87293.3280410396 707426.590132283 1.49911457297442 3102.35274380083 3630.61652156595 1886.7841964774 2615.61861040358 567.887003442382 336.608217452657 55833.1783916904 369706.67195896 1541846092.58041 1732976884.51275 922579018.434312 1267203626.07054 260015031.445059 173267059.570014 0 0
71 87293.3280410396 707426.590131934 1.49911457489165 2567.81902741789 3005.06323917025 1561.69228983623 2164.94892454881 470.040376864475 278.610801846214 55833.1783916904 369706.67195896 1541846627.11412 1732977510.06604 922579343.526218 1267204076.74022 260015129.291686 173267117.56743 0 0
72 87293.3280410396 707426.590133098 1.49911457633796 2125.38516294212 2487.29242755775 1292.6135317397 1791.9293663738 389.05266777155 230.60630759279 55833.1783916904 369706.67195896 1541847069.54799 1732978027.83685 922579612.604976 1267204449.75978 260015210.279395 173267165.571924 0 0
