"Time" "IECs" "pheme_e" "BiomassCD" "pro_L_e" "leu_L_e" "ile_L_e" "val_L_e" "trp_L_e" "cys_L_e" "Drug" "Damage" "pro_L_v" "leu_L_v" "ile_L_v" "val_L_v" "trp_L_v" "cys_L_v" "CD" "pheme_c"
0 457000 1e+05 0.4963 224235600.199112 195370466.451958 120509812.093413 157438605.791629 18978882.6152 31300034.1459915 0 0 0 0 0 0 0 0 45700000 1000
1 419787.727070856 108336.439039055 0.594123778077428 173113711.542779 175991078.401705 99198000.6575276 133523012.088843 23082395.9856696 21380432.4103597 0 37212.2729291436 184235604.110982 174145231.162561 102350536.839057 135840964.666636 20158655.9932602 24209114.5404229 48532264.0495476 636.2645775356
2 383342.062545865 140729.346457742 0.697811820640159 160064457.092923 175526974.093822 94847632.3340843 129546301.497029 25628151.7106291 18356453.5653046 0 73657.9374541351 327633830.83096 326186854.229884 186051114.267731 249422061.507497 41375135.5230404 41228228.5630747 52252908.4887016 715.103946852537
3 347388.221770658 179385.605152178 0.80352885821175 161854215.72973 183457116.751749 97352584.6293766 133825001.345901 27903890.2219441 17912984.5174196 0 109611.778229342 454377128.846674 467788735.356042 261788391.373631 353241270.730671 62540834.1527766 55477972.4686392 57057139.2770007 802.601207105214
4 311731.921745238 218618.436043967 0.907130697613121 170857115.833737 196480329.674524 103430698.61503 142595127.720814 30382050.8073136 18618200.0676498 0 145268.078254762 572754500.778363 603060074.238988 333249495.843305 451634280.579409 83309944.3143155 68464776.1281701 63165455.9687074 875.538995377387
5 276291.601043249 256326.514081294 1.00479463080495 184483898.44253 213606016.384595 111995439.358729 154638403.964987 33263957.364632 19974612.527481 0 180708.398956751 685609181.347747 733330681.328489 401676176.788401 546048751.862885 103534260.697891 80717446.8179027 70824620.4456775 934.059791979589
6 241130.864362389 291345.999070014 1.09354978695822 201822794.229164 234573909.851868 122679642.737726 169564601.927102 36645695.0584188 21802295.0103732 0 215869.135637611 793576322.849331 858596291.716916 467267525.897889 636662426.599577 123076145.583536 92391487.2204611 80308682.3963984 981.250154013552
7 206485.727331411 322646.398094837 1.17156422983684 222470799.256197 259278036.814745 135314553.861341 187200896.433401 40566430.5169929 24027872.5858658 0 250514.272668589 896149796.849822 977981289.665873 529639062.962201 722910019.571218 141742439.346167 103469642.264864 91917628.0770732 1018.80488638385
8 172778.046584863 349130.968120234 1.2381525829632 246064606.923887 287504794.986502 149712066.308083 207331494.748448 45016692.7282582 26604154.1098912 9737.47760380151 284221.953415137 992099366.174702 1089944775.71901 588008981.032453 803701528.917736 159267416.969962 113837110.147513 105972258.721099 1046.6347780764
9 171692.934729737 469422.939511475 1.2935790372198 172305379.595017 201340977.955899 104835811.820323 145189135.346756 31525949.8917036 18630370.3578098 8042.91765250024 285307.065270263 1069699841.07098 1180621572.95508 635223445.891037 869089651.712437 173465570.36042 122227576.851963 0.0380627178510778 13.7776435524999
10 171692.93472913 520295.200513165 1.33875795887601 118786720.773325 138803759.841332 72273438.7923067 100092877.658793 21733878.6270147 12843711.5939054 8029.27035736434 285307.06527087 1123218499.89482 1243158791.07217 667785818.920365 914185909.402218 183257641.625504 128014235.6161 -2.70954667376838e-09 0.130352735457884
11 171692.93472913 540847.307086911 1.37495920934312 81891146.2050031 95690822.3155796 49825053.7126386 69003676.7163318 14983259.2453072 8854409.45843157 8029.14124005597 285307.06527087 1160114074.46315 1286271728.59793 690234204.000033 945275110.344679 190008261.007211 132003537.751574 -2.70954667376836e-09 0.00123542708196517
12 171692.93472913 549150.225918693 1.40357111488641 56455472.6086448 65968921.5316643 34349219.4877383 47570895.7718392 10329407.0374117 6104199.2182504 8029.1400163817 285307.06527087 1185549748.0595 1315993629.38184 705710038.224933 966707891.289172 194662113.215107 134753747.991755 -2.70954667376836e-09 1.17528064165863e-05
13 171692.93472913 552504.508827943 1.42594024054163 38920244.6749641 45478789.7136961 23680255.6968076 32795242.2908899 7121064.27715562 4208217.84215568 8029.14000472424 285307.06527087 1203084975.99319 1336483761.19981 716379002.015864 981483544.770121 197870455.975363 136649729.36785 -2.70954667376836e-09 9.53542618123344e-08
14 171692.93472913 553859.755376233 1.44328053654057 26831442.642163 31352874.2645078 16325062.3881447 22608893.3872988 4909229.86993871 2901126.56280805 8029.14000462752 285307.06527087 1215173778.02599 1350609676.649 723734195.324527 991669893.673712 200082290.38258 137956820.647197 -2.70954667376836e-09 -1.36841357920144e-09
15 171692.93472913 554406.958104385 1.45663408063071 18497535.279685 21614599.9140548 11254460.727104 15586519.466867 3384411.86060484 2000030.02678827 8029.14000462954 285307.06527087 1223507685.38846 1360347950.99945 728804796.985568 998692267.594144 201607108.391913 138857917.183217 -2.70954667376836e-09 6.48283480569676e-10
16 171692.93472913 554628.293887022 1.46686528373296 12752127.9347033 14901020.0112534 7758780.87853913 10745285.1038225 2333200.20086995 1378812.81961185 17766.6176084252 285307.06527087 1229253092.73345 1367061530.90225 732300476.834133 1003533501.95719 202658320.051648 139479134.390394 0 0
17 171692.93472913 554717.681997252 1.47467368060661 8791289.50265658 10272731.066892 5348886.80855291 7407776.38210581 1608503.18774515 950550.584910204 17766.6176084252 285307.06527087 1233213931.1655 1371689819.84661 734710370.904119 1006871010.67891 203383017.064773 139907396.625096 0 0
18 171692.93472913 554753.797636849 1.480615323985 6060676.48123104 7081975.8075661 3687499.14009401 5106888.59508956 1108895.05310982 655305.410252366 17766.6176084252 285307.06527087 1235944544.18692 1374880575.10594 736371758.572578 1009171898.46592 203882625.199408 140202641.799753 0 0
19 171692.93472913 554768.377065967 1.48512623399735 4178221.28651547 4882303.51205777 2542156.38284966 3520681.34670211 764470.58835156 451766.568099184 17766.6176084252 285307.06527087 1237826999.38164 1377080247.40145 737517101.329822 1010758105.71431 204227049.664166 140406180.641907 0 0
20 171692.93472913 554774.276141295 1.48854504608265 2880451.02072137 3365842.82411396 1752553.64560154 2427145.30498221 527023.327758005 311446.278924668 17766.6176084252 285307.06527087 1239124769.64743 1378596708.08939 738306704.06707 1011851641.75603 204464496.92476 140546500.931081 0 0
21 171692.93472913 554776.659585787 1.49113277652855 1985772.71147728 2320400.09816699 1208204.26377671 1673265.359748 363328.011844372 214709.959423249 17766.6176084252 285307.06527087 1240019447.95668 1379642150.81534 738851053.448895 1012605521.70126 204628192.240674 140643237.250583 0 0
22 171692.93472913 554777.621752787 1.49308951962304 1368984.29392873 1599675.16506869 832931.508932652 1153542.89231114 250476.974975285 148020.24446284 17766.6176084252 285307.06527087 1240636236.37422 1380362875.74844 739226326.203739 1013125244.1687 204741043.277543 140709926.965543 0 0
23 171692.93472913 554778.01085238 1.49456802879726 943772.777306559 1102810.222163 574219.943192741 795248.261099041 172677.91264819 102044.616460416 17766.6176084252 285307.06527087 1241061447.89085 1380859740.69134 739485037.769479 1013483538.79991 204818842.33987 140755902.593545 0 0
24 171692.93472913 554778.168273117 1.49568455539028 650633.379667236 760273.192055017 395865.054910844 548241.140489362 119043.499242278 70349.1722594163 27504.0952122267 285307.06527087 1241354587.28849 1381202277.72145 739663392.657761 1013730545.92052 204872476.753276 140787598.037746 0 0
25 171692.93472913 554778.231731687 1.49652736130494 448545.254926625 524130.706172205 272908.518868708 377956.265090234 82068.3327718207 48498.5683044966 27504.0952122267 285307.06527087 1241556675.41323 1381438420.20733 739786349.193803 1013900830.79592 204909451.919746 140809448.641701 0 0
26 171692.93472913 554778.257370971 1.49716335050119 309225.134348398 361333.413411615 188141.937708834 260561.393898738 56577.5491957141 33434.7005902809 27504.0952122267 285307.06527087 1241695995.53381 1381601217.50009 739871115.774963 1014018225.66711 204934942.703322 140824512.509415 0 0
27 171692.93472913 554778.267721227 1.49764315358037 213179.344323917 249102.713838987 129704.769973232 179630.634568262 39004.4776483384 23049.832493474 27504.0952122267 285307.06527087 1241792041.32383 1381713448.19967 739929552.942699 1014099156.42644 204952515.77487 140834897.377512 0 0
28 171692.93472913 554778.27190911 1.49800506219045 146965.088214638 171730.532477038 89418.0110246106 123836.726016303 26889.5493441612 15890.4732373547 27504.0952122267 285307.06527087 1241858255.57994 1381790820.38103 739969839.701647 1014154950.33499 204964630.703174 140842056.736768 0 0
29 171692.93472913 554778.27360117 1.49827800637865 101317.21026361 118390.419650187 61644.4594725994 85372.5994423021 18537.5598918924 10954.8358575202 27504.0952122267 285307.06527087 1241903903.45789 1381844160.49386 739997613.253199 1014193414.46157 204972982.692626 140846992.374148 0 0
30 171692.93472913 554778.274284233 1.49848383395313 69847.7065134949 81617.9133260825 42497.4602263762 58855.5513384664 12779.7245841686 7552.22294305915 27504.0952122267 285307.06527087 1241935372.96164 1381880933.00018 740016760.252445 1014219931.50967 204978740.527934 140850394.987062 0 0
31 171692.93472913 554778.274560463 1.49863903655642 48152.754021446 56267.0916528266 29297.5940222391 40574.8023501703 8810.29549974418 5206.47494162156 27504.0952122267 285307.06527087 1241957067.91414 1381906283.82185 740029960.118649 1014238212.25866 204982709.957018 140852740.735064 0 0
32 171692.93472913 554778.27467222 1.49875605889704 33196.3263217777 38790.319964933 20197.6504017206 27972.1151288251 6073.78436279136 3589.3241136582 37241.5728160282 285307.06527087 1241972024.34184 1381923760.59354 740039060.06227 1014250814.94588 204985446.468155 140854357.885892 0 0
33 171692.93472913 554778.274717271 1.49884428919268 22885.4762016371 26741.9634271093 13924.2168882503 19283.9162046139 4187.25391903829 2474.47234934544 37241.5728160282 285307.06527087 1241982335.19196 1381935808.95008 740045333.495783 1014259503.1448 204987332.998599 140855472.737656 0 0
34 171692.93472913 554778.274735472 1.49891080970699 15777.1470676136 18435.7924715617 9599.29414235032 13294.2473785171 2886.67451391649 1705.89040081121 37241.5728160282 285307.06527087 1241989443.52109 1381944115.12103 740049658.418529 1014265492.81363 204988633.578004 140856241.319605 0 0
35 171692.93472913 554778.27474282 1.49896096063227 10876.7415499412 12709.6077080467 6617.73899937419 9165.03422433934 1990.06908486788 1176.03828642992 37241.5728160282 285307.06527087 1241994343.92661 1381949841.3058 740052639.973672 1014269622.02679 204989530.183433 140856771.171719 0 0
36 171692.93472913 554778.274745793 1.49899876972687 7498.38726842754 8761.95873434553 4562.24592915443 6318.3422743791 1371.94660926234 810.756647444395 37241.5728160282 285307.06527087 1241997722.28089 1381953788.95477 740054695.466742 1014272468.71873 204990148.305909 140857136.453358 0 0
37 171692.93472913 554778.274746996 1.49902727378506 5169.3615725681 6040.46325700798 3145.19615305516 4355.84274141619 945.815123659659 558.932755533988 37241.5728160282 285307.06527087 1242000051.30659 1381956510.45025 740056112.516518 1014274431.21827 204990574.437394 140857388.27725 0 0
38 171692.93472913 554778.274747476 1.49904876256386 3563.73856946339 4164.27281865129 2168.28648602388 3002.90172435941 652.041415259952 385.326155013639 37241.5728160282 285307.06527087 1242001656.92959 1381958386.64069 740057089.426185 1014275784.15928 204990868.211102 140857561.883851 0 0
39 171692.93472913 554778.274747674 1.49906496250213 2456.82836696718 2870.83448722036 1494.8087921548 2070.18949224767 449.514972611834 265.642445347624 37241.5728160282 285307.06527087 1242002763.83979 1381959680.07902 740057762.903879 1014276716.87152 204991070.737545 140857681.56756 0 0
40 171692.93472913 554778.274747755 1.49907717522452 1693.72817474273 1979.14242663626 1030.51552203099 1427.18079830892 309.893920274627 183.132896112005 46979.0504198297 285307.06527087 1242003526.93999 1381960571.77108 740058227.197149 1014277359.88021 204991210.358597 140857764.077109 0 0
41 171692.93472913 554778.274747787 1.4990863820132 1167.65257747479 1364.41655167162 710.435194602604 983.895386826795 213.640205168931 126.251426500646 46979.0504198297 285307.06527087 1242004053.01559 1381961186.49695 740058547.277477 1014277803.16562 204991306.612312 140857820.958578 0 0
42 171692.93472913 554778.2747478 1.49909332275516 804.974573554213 940.622795701305 489.770912037817 678.293171026685 147.282621875262 87.0371805522461 46979.0504198297 285307.06527087 1242004415.69359 1381961610.29071 740058767.941759 1014278108.76784 204991372.969895 140857860.172825 0 0
43 171692.93472913 554778.274747805 1.49909855513141 554.94826525387 648.46394641747 337.647333141371 467.614296104788 101.536418909279 60.0033019015649 46979.0504198297 285307.06527087 1242004665.7199 1381961902.44956 740058920.065338 1014278319.44671 204991418.716098 140857887.206703 0 0
44 171692.93472913 554778.274747807 1.4991024996449 382.579377062497 447.048757877263 232.772880767444 322.371646710973 69.9988491318158 41.3660647316232 46979.0504198297 285307.06527087 1242004838.08879 1381962103.86475 740059024.93979 1014278464.68936 204991450.253668 140857905.84394 0 0
45 171692.93472913 554778.274747808 1.49910547326459 263.748864909441 308.193827264355 160.472797973333 222.241869260811 48.2569581905812 28.5176182326047 46979.0504198297 285307.06527087 1242004956.9193 1381962242.71968 740059097.239873 1014278564.81914 204991471.995559 140857918.692387 0 0
46 171692.93472913 554778.274747808 1.49910771497199 181.827482676077 212.467673773777 110.629347745236 153.21271485583 33.268166793479 19.6599395297199 46979.0504198297 285307.06527087 1242005038.84068 1381962338.44583 740059147.083323 1014278633.84829 204991486.98435 140857927.550065 0 0
47 171692.93472913 554778.274747808 1.49910940491078 125.351203100628 146.474439042755 76.267468668682 105.624286575566 22.9349527977798 13.5534905761538 46979.0504198297 285307.06527087 1242005095.31696 1381962404.43907 740059181.445202 1014278681.43672 204991497.317564 140857933.656514 0 0
48 171692.93472913 554778.274747809 1.49911067889129 86.4166446591492 100.978923514956 52.5785040427849 72.8169831210112 15.8112695943497 9.34372507035594 56716.5280236312 285307.06527087 1242005134.25152 1381962449.93458 740059205.134167 1014278714.24402 204991504.441247 140857937.86628 0 0
49 171692.93472913 554778.274747809 1.49911163929273 59.5754519173549 69.6146561378278 36.2475093987087 50.1998740381939 10.9002557919933 6.44154428644596 56716.5280236312 285307.06527087 1242005161.09271 1381962481.29885 740059221.465162 1014278736.86113 204991509.352261 140857940.768461 0 0
50 171692.93472913 554778.274747808 1.49911236330614 41.0710559671891 47.9920394450329 24.988874431885 34.6075735863264 7.51458866498704 4.4407724555872 56716.5280236312 285307.06527087 1242005179.59711 1381962502.92146 740059232.723796 1014278752.45343 204991512.737928 140857942.769233 0 0
51 171692.93472913 554778.274747808 1.49911290911041 28.3143248014837 33.0856405011317 17.2272928081792 23.858409676569 5.18054623138908 3.06146191559884 56716.5280236312 285307.06527087 1242005192.35384 1381962517.82786 740059240.485378 1014278763.20259 204991515.07197 140857944.148543 0 0
52 171692.93472913 554778.274747808 1.49911332057128 19.5197956560491 22.8091238713823 11.8764349028362 16.4479034845474 3.57145030059595 2.11056104711119 56716.5280236312 285307.06527087 1242005201.14837 1381962528.10438 740059245.836236 1014278770.6131 204991516.681066 140857945.099444 0 0
53 171692.93472913 554778.274747809 1.49911363075219 13.4568779077983 15.7245291154429 8.18757210800282 11.3391263377399 2.46214517281568 1.455013301798 56716.5280236312 285307.06527087 1242005207.21129 1381962535.18898 740059249.525099 1014278775.72188 204991517.790371 140857945.754992 0 0
54 171692.93472913 554778.274747809 1.49911386458816 9.27712123753078 10.8404314883848 5.64448155117393 7.81715123549802 1.69739366211947 1.00308072165666 56716.5280236312 285307.06527087 1242005211.39104 1381962540.07307 740059252.068189 1014278779.24385 204991518.555123 140857946.206924 0 0
55 171692.93472913 554778.274747809 1.4991140408679 6.39561349879023 7.47335387612962 3.89128496632313 5.38911551156391 1.17017699135965 0.691520186008804 56716.5280236312 285307.06527087 1242005214.27255 1381962543.44015 740059253.821386 1014278781.67189 204991519.08234 140857946.518485 0 0
56 171692.93472913 554778.274747809 1.49911417375828 4.40911153248457 5.15210163463045 2.68263700182079 3.71523566213353 0.806715550998817 0.476731376537057 56716.5280236312 285307.06527087 1242005216.25905 1381962545.7614 740059255.030034 1014278783.34577 204991519.445801 140857946.733274 0 0
57 171692.93472913 554778.274747808 1.49911427393952 3.03962494286634 3.55183953080466 1.84939988097687 2.56126952199916 0.55614667321252 0.328656821786599 56716.5280236312 285307.06527087 1242005217.62854 1381962547.36167 740059255.863271 1014278784.49973 204991519.69637 140857946.881348 0 0
58 171692.93472913 554778.274747808 1.49911434946237 2.09550607772712 2.44862490070706 1.27496936746426 1.7657296380077 0.383405438410977 0.226574784878176 56716.5280236312 285307.06527087 1242005218.57266 1381962548.46488 740059256.437702 1014278785.29527 204991519.869111 140857946.98343 0 0
59 171692.93472913 554778.274747808 1.49911440639526 1.44463407053383 1.68807286942152 0.878959124338901 1.21728742356315 0.264318278550288 0.156199811223597 56716.5280236312 285307.06527087 1242005219.22353 1381962549.22543 740059256.833712 1014278785.84371 204991519.988198 140857947.053805 0 0
60 171692.93472913 554778.274747809 1.49911444931501 0.99592533161745 1.16375113017505 0.605951136859139 0.839193402477296 0.182220033839089 0.1076835663539 56716.5280236312 285307.06527087 1242005219.67224 1381962549.74975 740059257.10672 1014278786.22181 204991520.070297 140857947.102321 0 0
61 171692.93472913 554778.274747809 1.49911448167087 0.686587161160893 0.802285632665921 0.417740424558406 0.578536761321363 0.125621802928793 0.0742366438320482 56716.5280236312 285307.06527087 1242005219.98158 1381962550.11122 740059257.294931 1014278786.48247 204991520.126895 140857947.135768 0 0
62 171692.93472913 554778.274747808 1.49911450606196 0.4733305916719 0.553092680261573 0.287988668455708 0.39884105475726 0.0866031957350498 0.0511784614342958 56716.5280236312 285307.06527087 1242005220.19483 1381962550.36041 740059257.424682 1014278786.66216 204991520.165913 140857947.158827 0 0
63 171692.93472913 554778.274747808 1.49911452444989 0.326312262413115 0.381299934962619 0.198538263967247 0.274959466408841 0.0597039051135479 0.0352822315550242 56716.5280236312 285307.06527087 1242005220.34185 1381962550.5322 740059257.514133 1014278786.78604 204991520.192813 140857947.174723 0 0
64 171692.93472913 554778.274747808 1.49911453831219 0.224958400826098 0.262866687785426 0.136871504719373 0.189555983578179 0.0411596392918241 0.0243234328048146 56716.5280236312 285307.06527087 1242005220.44321 1381962550.65064 740059257.575799 1014278786.87145 204991520.211357 140857947.185682 0 0
65 171692.93472913 554778.274747809 1.49911454876151 0.155085413790344 0.181219233854826 0.094358663057545 0.130679130193447 0.0283752892427987 0.0167684764271197 56716.5280236312 285307.06527087 1242005220.51308 1381962550.73229 740059257.618312 1014278786.93032 204991520.224141 140857947.193237 0 0
66 171692.93472913 554778.274747808 1.4991145566397 0.106915314800019 0.124931874390253 0.0650505158308867 0.0900897125071801 0.0195618202111484 0.0115601260757181 56716.5280236312 285307.06527087 1242005220.56125 1381962550.78857 740059257.64762 1014278786.97091 204991520.232955 140857947.198445 0 0
67 171692.93472913 554778.274747809 1.49911456257901 0.073706989263656 0.0861275331939173 0.0448455647435744 0.0621074865182386 0.0134858404053673 0.00796950455734601 56716.5280236312 285307.06527087 1242005220.59446 1381962550.82738 740059257.667825 1014278786.9989 204991520.239031 140857947.202035 0 0
68 171692.93472913 554778.274747809 1.49911456705596 0.050813289222788 0.0593759601084378 0.0309163442224483 0.0428166406860649 0.00929708180699679 0.00549414301248626 56716.5280236312 285307.06527087 1242005220.61735 1381962550.85413 740059257.681755 1014278787.01819 204991520.243219 140857947.204511 0 0
69 171692.93472913 554778.274747809 1.49911457043077 0.0350304792438729 0.0409335504546258 0.021313604593341 0.0295176215865642 0.00640937117535521 0.00378764031428135 56716.5280236312 285307.06527087 1242005220.63313 1381962550.87257 740059257.691357 1014278787.03148 204991520.246107 140857947.206217 0 0
70 171692.93472913 554778.274747809 1.49911457297476 0.02414987886616 0.0282194336583595 0.0146935177662724 0.0203493358104222 0.0044185960579116 0.00261118479543129 56716.5280236312 285307.06527087 1242005220.64401 1381962550.88528 740059257.697978 1014278787.04065 204991520.248098 140857947.207394 0 0
71 171692.93472913 554778.274747808 1.4991145748928 0.0166488281244441 0.0194543626223675 0.0101296512992967 0.0140287492219965 0.00304616212477337 0.00180014016223791 56716.5280236312 285307.06527087 1242005220.65152 1381962550.89405 740059257.702541 1014278787.04697 204991520.24947 140857947.208205 0 0
72 171692.93472913 554778.274747809 1.4991145763388 0.0114776403290713 0.0134117654013107 0.0069833440169736 0.00967136765625227 0.00210001286523955 0.00124100994794037 56716.5280236312 285307.06527087 1242005220.65669 1381962550.90009 740059257.705688 1014278787.05133 204991520.250417 140857947.208764 0 0
