"Time" "IECs" "pheme_e" "BiomassCD" "pro_L_e" "leu_L_e" "ile_L_e" "val_L_e" "trp_L_e" "cys_L_e" "Drug" "Damage" "pro_L_v" "leu_L_v" "ile_L_v" "val_L_v" "trp_L_v" "cys_L_v" "CD" "pheme_c"
0 457000 1e+05 0.4963 224235600.199112 195370466.451958 120509812.093413 157438605.791629 18978882.6152 31300034.1459915 0 0 0 0 0 0 0 0 45700000 1000
1 347281.170062513 146571.751084897 0.594123777913264 358022152.271703 388583224.215779 211221189.463807 287872407.125473 56021795.6649978 41450938.5762211 0 109718.829937488 258991885.830762 263107855.94619 148387559.480771 199681524.333041 34493313.5053617 31981126.2657656 48532264.0530312 852.850560642559
2 258929.49348327 242857.514192371 0.697812004236796 419272433.608759 473123488.507321 251727521.62915 345689367.028126 71622264.5760719 46583806.2322259 0 198070.50651673 513742696.9357 546022214.547718 300240412.047225 407564467.099319 76497239.6608683 60775302.4161899 52252899.7627935 1230.09580802955
3 188331.793320419 338540.021487235 0.803529047931815 459854982.695716 526162155.534127 277766870.693241 382544265.413541 80909928.8692284 50372454.5542455 0 268668.206679581 725314212.182906 786599382.498209 427694094.936282 582865613.654727 113237939.128399 84096170.9567051 57057131.0922414 1513.53277513775
4 132705.063849951 418758.872084812 0.90713088470273 493703887.217169 568759068.91129 299002252.56215 412460330.211804 88046229.7428774 53782239.4716263 0 324294.936150049 889693517.540984 975354036.988723 527125816.468642 719917617.354621 142368415.714914 102047050.155984 63165448.6171968 1677.2527073148
5 89838.223872281 479397.528938035 1.00479481909874 524415304.429418 606829614.055562 318022778.862432 439273360.256616 94249708.0175788 57027625.6531283 0 367161.776127719 1011135026.90868 1115566679.31158 600725724.481085 821509030.082158 164111632.63869 115262530.525907 70824613.9254109 1747.65654184414
6 57859.247763459 519950.100776608 1.09354997526059 552090615.154075 641271122.749717 335047044.961537 463421362.113877 99775048.0638551 60061422.4689037 0 399140.752236541 1096157148.84055 1214125732.25401 652305078.74939 892798238.609509 179433312.597378 124508660.535919 80308675.6408526 1752.06498579015
7 35044.7367893589 541491.965320435 1.17156394173956 575574010.792262 671187314.743512 349441295.583718 484123984.971753 104532262.444197 62743076.4386465 0 421955.263210641 1151991723.67696 1279095091.4015 686196413.472798 939709265.916899 189546921.444095 130587778.780231 91917608.0711542 1710.69380751849
8 19698.1000629787 546115.338265419 1.23815226433275 593544556.549098 695353005.330138 360436288.673725 500395538.418527 108354298.094458 64930686.4639279 9737.47760380151 437301.899937021 1185933828.14202 1318756062.95989 706805694.546761 968287634.122114 195725496.521204 134293277.25788 105972225.468347 1637.89646246632
9 19191.9772233636 709115.681593663 1.29357877502574 570947766.23525 669024533.965764 346716667.659309 481396250.388859 104253290.553402 62470065.3983367 7083.36113951959 437808.022776636 1210199274.91667 1347189499.21422 721541248.931231 988747008.176448 200156241.344336 136948249.493883 49.7597366046593 72.7905578707295
10 19191.9767348982 783142.175547451 1.33875774717081 547696944.785919 641779712.594141 332597254.626096 461792253.495634 100007762.724062 59926084.2917995 7012.88120388658 437808.023265102 1233450097.9742 1374434322.61738 735660662.943567 1008351006.47783 204401769.491905 139492230.787991 0.00063666868447847 2.32479512278022
11 19191.9767348918 814583.526362277 1.37495904099805 525392969.808306 615644385.773149 319052828.433061 442986592.874599 95935126.0979141 57485702.0744529 7010.63135945419 437808.023265108 1255754072.95183 1400569649.43839 749205089.136615 1027156667.09889 208474406.118057 141932613.00534 5.61640281360575e-08 0.074950898344967
12 19191.9767348918 827937.641461737 1.40357098345666 503997284.176702 590573373.224828 306059974.684907 424946759.026768 92028340.2881076 55144700.0424962 7010.55882583732 437808.023265108 1277149758.58343 1425640661.98672 762197942.884769 1045196500.94672 212381191.927864 144273615.037297 2.66950355608945e-08 0.00241728157591413
13 19191.9767348918 833609.542613839 1.42594014622174 483472899.443725 566523332.667727 293596231.587443 407641565.036399 88280651.3189182 52899031.1169073 7010.55648653855 437808.023265108 1297674143.31641 1449690702.54382 774661685.982233 1062501694.93709 216128880.897053 146519283.962886 3.21906023370274e-08 7.7982913993385e-05
14 19191.9767348918 836018.45477045 1.44328043888942 463784333.619511 543452687.0555 281640052.165594 391041094.161735 84685580.2890902 50744813.047227 7010.55641099908 437808.023265108 1317362709.14062 1472761348.15604 786617865.404082 1079102165.81175 219723951.926881 148673502.032566 3.8923902951348e-08 2.44358652362767e-06
15 19191.9767348918 837041.459495985 1.45663390140664 444897549.937547 521321552.824002 270170767.078029 375116648.205244 81236912.190668 48678321.7116423 7010.55640863183 437808.023265108 1336249492.82259 1494892482.38754 798087150.491647 1095026611.76824 223172620.025303 150739993.368151 4.6541495958087e-08 7.64895382769302e-08
16 19191.9767348918 837476.060878862 1.46686490559474 426779898.109586 500091671.055035 259168548.943315 359840697.982528 77928685.1823248 46695984.6894114 16748.0340123555 437808.023265108 1354367144.65055 1516122364.15651 809089368.626361 1110302561.99096 226480847.033647 152722330.390382 0 0
17 19191.9767348918 837660.93732639 1.4746745911834 409400086.967117 479726375.418204 248614395.726038 345186860.254902 74755185.5937806 44794378.2674398 16748.0340123555 437808.023265108 1371746955.79302 1536487659.79334 819643521.843638 1124956399.71859 229654346.622191 154623936.812354 0 0
18 19191.9767348918 837739.253998253 1.4806150219956 392728048.786849 460190433.190384 238490048.3464 331129783.335036 71710923.1520565 42970212.5954962 16748.0340123555 437808.023265108 1388418993.97329 1556023602.02116 829767869.223276 1139013476.63845 232698609.063915 156448102.484297 0 0
19 19191.9767348918 837772.568980077 1.48512552294703 376734911.313484 441450012.472598 228777973.690629 317645123.497875 68790625.8729203 41220328.6250939 16748.0340123555 437808.023265108 1404412131.44665 1574764022.73895 839479943.879047 1152498136.47561 235618906.343051 158197986.454699 0 0
20 19191.9767348918 837786.868444099 1.48854391765954 361393069.97151 423472766.806264 219461408.462674 304709605.866218 65989253.2465346 39541706.0105202 16748.0340123555 437808.023265108 1419753972.78863 1592741268.40528 848796509.107002 1165433654.10727 238420278.969437 159876609.069273 0 0
21 19191.9767348918 837792.893056738 1.49113144050658 346675998.274578 406227613.014916 210524244.052439 292300864.556844 63301961.6187986 37931442.3648402 16748.0340123555 437808.023265108 1434471044.48556 1609986422.19663 857733673.517237 1177842395.41664 241107570.597173 161486872.714953 0 0
22 19191.9767348918 837795.404072084 1.49308808157437 332558253.828022 389684738.237826 201951030.180901 280397447.741549 60724105.2873888 36386753.9166599 16748.0340123555 437808.023265108 1448588788.93211 1626529296.97372 866306887.388775 1189745812.23194 243685426.928583 163031561.163134 0 0
23 19191.9767348918 837796.482247488 1.49456659545198 319015430.573659 373815543.971468 193726945.900044 268978777.382214 58251227.7818084 34904970.2850074 16748.0340123555 437808.023265108 1462131612.18648 1642398491.24008 874530971.669632 1201164482.59127 246158304.434164 164513344.794786 0 0
24 19191.9767348918 837796.910003972 1.4956831834173 306024114.597314 358592594.285712 185837772.756306 258025111.969793 55879053.7939775 33483529.6440263 26485.511616157 437808.023265108 1475122928.16282 1657621440.92583 882420144.81337 1212118148.0037 248530478.421994 165934785.435767 0 0
25 19191.9767348918 837797.08492413 1.49652685666453 293561759.480567 343989469.763631 178269819.096046 247517441.426779 53603466.4178496 32119965.0846285 26485.511616157 437808.023265108 1487585283.27957 1672224565.44791 889988098.47363 1222625818.54671 250806065.798122 167298349.995165 0 0
26 19191.9767348918 837797.15618959 1.49716189929129 281607212.445557 329981384.026872 171010239.574935 237437930.727711 51420603.2218202 30811962.1824573 26485.511616157 437808.023265108 1499539830.31458 1686232651.18467 897247677.994741 1232705329.24578 252988928.994151 168606352.897336 0 0
27 19191.9767348918 837797.191062527 1.49764164430791 270139325.160592 316543555.90701 164046191.548647 227768748.595924 49326602.5861414 29557206.9996321 26485.511616157 437808.023265108 1511007717.59954 1699670479.30453 904211726.02103 1242374511.37757 255082929.62983 169861108.080161 0 0
28 19191.9767348918 837797.210465456 1.49800391564534 259138414.610555 303652921.262634 157365722.208509 218493299.240641 47317870.4533252 28353545.9254121 26485.511616157 437808.023265108 1522008628.14958 1712561113.94891 910892195.361167 1251649960.73285 257091661.762646 171064769.154381 0 0
29 19191.9767348918 837797.213596315 1.49827701927688 248585496.156077 291287234.294284 150957302.845088 209595575.708599 45390940.2871285 27198901.7616132 26485.511616157 437808.023265108 1532561546.60406 1724926800.91726 917300614.724588 1260547684.26489 259018591.928843 172219413.31818 0 0
30 19191.9767348918 837797.210833175 1.49848268962555 238462378.539021 279425178.869873 144809886.541705 201060239.988206 43542490.420259 26091284.1176027 26485.511616157 437808.023265108 1542684664.22111 1736788856.34167 923448031.027971 1269083019.98529 260867041.795713 173327030.962191 0 0
31 19191.9767348918 837797.211715378 1.4986381144642 228751491.805432 268046166.888433 138912803.678044 192872477.922273 41769312.6336408 25028770.5825443 26485.511616157 437808.023265108 1552395550.9547 1748167868.32311 929345113.891632 1277270782.05122 262640219.582331 174389544.497249 0 0
32 19191.9767348918 837797.216823291 1.49875539860597 219436079.008558 257130562.913665 133255878.34471 185018160.842977 40068347.1607906 24009527.7005221 36222.9892199585 437808.023265108 1561710963.75157 1759083472.29788 935002039.224966 1285125099.13052 264341185.055181 175408787.379271 0 0
33 19191.9767348918 837797.2147472 1.49884384485136 210499917.560845 246659357.660092 127829259.130015 177483610.628983 38436631.807556 23031780.4823591 36222.9892199585 437808.023265108 1570647125.19928 1769554677.55145 940428658.439661 1292659649.34451 265972900.408416 176386534.597434 0 0
34 19191.9767348918 837797.213912455 1.49891031148446 201927906.754582 236614856.437344 122623775.900776 170256095.075176 36871409.2315639 22093876.6889992 36222.9892199585 437808.023265108 1579219136.00555 1779599178.7742 945634141.6689 1299887164.89832 267538122.984408 177324438.390794 0 0
35 19191.9767348918 837797.213488306 1.49896050116131 193704866.548512 226979271.593677 117630210.347315 163322815.086129 35369907.6043811 21194155.4011318 36222.9892199585 437808.023265108 1587442176.21162 1789234763.61787 950627707.222361 1306820444.88737 269039624.61159 178224159.678661 0 0
36 19191.9767348918 837797.213247408 1.4989984276062 185816595.247505 217735961.882678 112839938.275438 156671796.461768 33929533.7405422 20331062.744872 36222.9892199585 437808.023265108 1595330447.51262 1798478073.32887 955417979.294238 1313471463.51173 270479998.475429 179087252.334921 0 0
37 19191.9767348918 837797.213221569 1.49902700278589 178249568.237319 208869079.447014 108244746.658561 150291635.884714 32547818.0874504 19503118.9289211 36222.9892199585 437808.023265108 1602897474.52281 1807344955.76453 960013170.911115 1319851624.08878 271861714.128521 179915196.150872 0 0
38 19191.9767348918 837797.213248262 1.49904854727399 170990694.050504 200363283.981617 103836685.505043 144171295.246551 31222370.1837696 18708891.5545969 36222.9892199585 437808.023265108 1610156348.70963 1815850751.22993 964421232.064633 1325971964.72695 273187162.032202 180709423.525196 0 0
39 19191.9767348918 837797.213203976 1.49906482046013 164027411.101981 192203856.086395 99608126.6023302 138300183.210711 29950896.3230408 17947006.2001261 36222.9892199585 437808.023265108 1617119631.65815 1824010179.12515 968649790.967346 1331843076.76279 274458635.892931 181471308.879667 0 0
40 19191.9767348918 837797.213076419 1.49907715233198 157347673.98115 184376681.203601 95551755.192625 132668143.654615 28731197.0506625 17216144.9207986 45960.46682376 437808.023265108 1623799368.77898 1831837354.00795 972706162.377051 1337475116.31888 275678335.165309 182202170.158994 0 0
41 19191.9767348918 837797.21316155 1.49908637014551 150939972.274922 176868271.674278 91660581.4034645 127265471.54038 27561170.6009195 16515048.3084847 45960.46682376 437808.023265108 1630207070.48521 1839345763.53727 976597336.166212 1342877788.43312 276848361.615052 182903266.771308 0 0
42 19191.9767348918 837797.213195796 1.49909329692595 144793368.831366 169665811.574783 87927963.4838935 122082945.176912 26438819.8838046 15842519.6782386 45960.46682376 437808.023265108 1636353673.92876 1846548223.63677 980329954.085783 1348060314.79658 277970712.332167 183575795.401554 0 0
43 19191.9767348918 837797.21321317 1.49909852684162 138896999.508471 162756570.532959 84347304.0193371 117111404.431644 25362161.1406962 15197370.3334719 45960.46682376 437808.023265108 1642250043.25166 1853457464.67859 983910613.550339 1353031855.54185 279047371.075275 184220944.746321 0 0
44 19191.9767348918 837797.213223048 1.49910247876731 133240676.834467 156128611.084544 80912416.5134584 112342259.708465 24329334.1708587 14578485.6152515 45960.46682376 437808.023265108 1647906365.92566 1860085424.12701 987345501.056218 1357801000.26503 280080198.045113 184839829.464541 0 0
45 19191.9767348918 837797.213224123 1.4991054561752 127814703.987078 149770570.69799 77617412.4242483 107767335.103798 23338568.3646315 13984804.5489005 45960.46682376 437808.023265108 1653332338.77305 1866443464.51356 990640505.145428 1362375924.8697 281070963.85134 185433510.530892 0 0
46 19191.9767348918 837797.213223028 1.4991077009425 122609693.5985 143671449.453965 74456591.1306073 103378715.631492 22388149.6177812 13415300.0186031 45960.46682376 437808.023265108 1658537349.16163 1872542585.75759 993801326.439069 1366764544.342 282021382.59819 186003015.06119 0 0
47 19191.9767348918 837797.21322483 1.49910939642755 117616638.363203 137820692.782083 71424482.8100008 99168806.755997 21476433.2242656 12868986.4929344 45960.46682376 437808.023265108 1663530404.39693 1878393342.42947 996833434.759675 1370974453.2175 282933098.991706 186549328.586858 0 0
48 19191.9767348918 837797.213230041 1.49911068126918 112826900.986538 132208179.682893 68515842.3345982 95130325.9174982 20601842.0408817 12344918.9250903 55697.9444275615 437808.023265108 1668320141.77359 1884005855.52866 999742075.235078 1375012934.056 283807690.17509 187073396.154702 0 0
49 19191.9767348918 837797.213226568 1.4991116416341 108232235.151066 126824247.295781 65725662.0033939 91256320.2097405 19762870.3156517 11842195.046912 55697.9444275615 437808.023265108 1672914807.60906 1889389787.91577 1002532255.56628 1378886939.76376 284646661.90032 187576120.03288 0 0
50 19191.9767348918 837797.213225171 1.49911236332223 103824782.519747 121659687.38737 63049169.7223491 87540163.8532581 18958083.1406149 11359955.0409909 55697.9444275615 437808.023265108 1677322260.24038 1894554347.82418 1005208747.84733 1382603096.12024 285451449.075357 188058360.038801 0 0
51 19191.9767348918 837797.213224462 1.49911290819853 99596762.9073893 116705383.300971 60481640.8563171 83975296.962541 18186059.8780959 10897347.6408774 55697.9444275615 437808.023265108 1681550279.85274 1899508651.91058 1007776276.71336 1386167963.01096 286223472.337876 188520967.438915 0 0
52 19191.9767348918 837797.213224059 1.49911331993071 95540869.4406857 111952772.996762 58018638.195952 80555558.7263538 17445466.3157004 10453573.3673889 55697.9444275615 437808.023265108 1685606173.31944 1904261262.21479 1010239279.37372 1389587701.24714 286964065.900271 188964741.712403 0 0
53 19191.9767348918 837797.213224015 1.49911363013084 91650149.4615959 107393709.49689 55655939.6344876 77275086.991083 16735032.9196429 10027871.4976919 55697.9444275615 437808.023265108 1689496893.29853 1908820325.71466 1012601977.93519 1392868172.98241 287674499.296329 189390443.5821 0 0
54 19191.9767348918 837797.21322406 1.49911386399992 87917871.6810446 103020305.218983 53389457.4948098 74128206.2509939 16053530.5774241 9619505.52996652 55697.9444275615 437808.023265108 1693229171.07908 1913193729.99257 1014868460.07487 1396015053.7225 288356001.638548 189798809.549826 0 0
55 19191.9767348918 837797.213223986 1.49911404064078 84337577.3851883 98824991.9785642 51215269.6252377 71109470.822942 15399779.9479363 9227768.786124 55697.9444275615 437808.023265108 1696809465.37494 1917389043.23299 1017042647.94444 1399033789.15056 289009752.268035 190190546.293668 0 0
56 19191.9767348918 837797.213223774 1.4991141745002 80903073.1255449 94800512.4235086 49129614.9604932 68213658.6830349 14772650.1267038 8851983.61199932 55697.9444275615 437808.023265108 1700243969.63458 1921413522.78804 1019128302.60918 1401929601.29046 289636882.089268 190566331.467793 0 0
57 19191.9767348918 837797.213223529 1.49911427516234 77608429.1692862 90939918.2181234 47128892.5806187 65435770.159992 14171058.3629108 8491501.20779055 55697.9444275615 437808.023265108 1703538613.59084 1925274116.99343 1021129024.98906 1404707489.81351 290238473.853061 190926813.872002 0 0
58 19191.9767348918 837797.213223525 1.49911435079033 74447943.0273534 87236527.3061652 45209639.5628726 62770997.1837699 13593963.3997489 8145697.63749938 55697.9444275615 437808.023265108 1706699099.73277 1928977507.90539 1023048278.0068 1407372262.78973 290815568.816223 191272617.442293 0 0
59 19191.9767348918 837797.21322401 1.49911440618077 71416182.2264569 83683974.0301667 43368556.9556739 60214759.3488976 13040373.2844514 7813978.5088157 55697.9444275615 437808.023265108 1709730860.53367 1932530061.18139 1024889360.614 1409928500.6246 291369158.931521 191604336.570977 0 0
60 19191.9767348918 837797.213224887 1.49911444786725 68507883.0641877 80276090.4948141 41602448.2961118 57762618.549557 12509326.8812904 7495767.89544075 55697.9444275615 437808.023265108 1712639159.69594 1935937944.71674 1026655469.27357 1412380641.42394 291900205.334681 191922547.184352 0 0
61 19191.9767348918 837797.213225866 1.49911447980382 65718020.4335068 77006988.3858085 39908262.011923 55410337.8523021 11999906.6213126 7190515.97691111 55697.9444275615 437808.023265108 1715429022.32662 1939207046.82574 1028349655.55775 1414732922.1212 292409625.594659 192227799.102881 0 0
62 19191.9767348918 837797.213226111 1.49911450445578 63041770.3198928 73871015.0248167 38283068.6473175 53153849.8754213 11511231.6544344 6897694.93523621 55697.9444275615 437808.023265108 1718105272.44024 1942343020.18674 1029974848.92236 1416989410.09808 292898300.561537 192520620.144556 0 0
63 19191.9767348918 837797.213225233 1.49911452351706 60474503.32528 70862745.7809578 36724056.9302919 50989251.3286272 11042456.6669331 6616798.24632214 55697.9444275615 437808.023265108 1720672539.43485 1945351289.43059 1031533860.63938 1419154008.64487 293367075.549039 192801516.83347 0 0
64 19191.9767348918 837797.213223038 1.49911453775472 58011784.6892878 67976984.0956792 35228533.7855211 48912803.0309557 10592771.8853232 6347340.68229438 55697.9444275615 437808.023265108 1723135258.07084 1948237051.11587 1033029383.78416 1421230456.94254 293816760.330649 193070974.397498 0 0
65 19191.9767348918 837797.213219242 1.49911454807367 55649346.8903986 65208729.3773965 33793907.6960099 46920906.8093715 10161398.0734171 6088855.31366465 55697.9444275615 437808.023265108 1725497695.86973 1951005305.83416 1034464009.87367 1423222353.16413 294248134.142555 193329459.766128 0 0
66 19191.9767348918 837797.213213552 1.49911455514333 53383099.4512298 62553188.4911031 32417694.6574917 45010113.7661101 9747588.32273641 5840894.58217145 55697.9444275615 437808.023265108 1727763943.3089 1953660846.72045 1035840222.91218 1425133146.20739 294661943.893235 193577420.497621 0 0
67 19191.9767348918 837797.21320607 1.49911455897332 51209136.8330709 60005785.0090227 31097522.9725063 43177130.9349802 9350629.49403088 5603031.16455839 55697.9444275615 437808.023265108 1729937905.92706 1956208250.20253 1037160394.59717 1426966129.03852 295058902.721941 193815283.915234 0 0
68 19191.9767348918 837797.213197412 1.49911455960119 49123717.6222539 57562134.8216374 29831120.611008 41418803.732292 8969838.41677353 5374855.69525755 55697.9444275615 437808.023265108 1732023325.13787 1958651900.38991 1038426796.95867 1428724456.24121 295439693.799198 194043459.384535 0 0
69 19191.9767348918 837797.213189044 1.49911455738756 47123250.7334641 55218029.9710189 28616306.832118 39732104.3241389 8604559.36992831 5155975.25682927 55697.9444275615 437808.023265108 1734023792.02666 1960996005.24053 1039641610.73756 1430411155.64936 295804972.846044 194262339.822963 0 0
70 19191.9767348918 837797.213183759 1.49911455333271 45204277.0785349 52969417.1707092 27450981.0522221 38114116.1703893 8254160.73472889 4946011.37425918 55697.9444275615 437808.023265108 1735942765.68159 1963244618.04084 1040806936.51745 1432029143.80311 296155371.481243 194472303.705533 0 0
71 19191.9767348918 837797.21318551 1.49911454929607 43363471.7507809 50812400.3652758 26333124.1714403 36562035.8664128 7918035.39353098 4744600.25395633 55697.9444275615 437808.023265108 1737783571.00935 1965401634.84628 1041924793.39824 1433581224.10708 296491496.822441 194673714.825836 0 0
72 19191.9767348918 837797.213199785 1.4991145482972 41597629.0026813 48743223.127479 25260789.451098 35073160.4769717 7595597.98678412 4551391.14009128 55697.9444275615 437808.023265108 1739549413.75745 1967470812.08407 1042997128.11858 1435070099.49653 296813934.229188 194866923.939701 0 0
