"Time" "IECs" "pheme_e" "BiomassCD" "pro_L_e" "leu_L_e" "ile_L_e" "val_L_e" "trp_L_e" "cys_L_e" "Drug" "Damage" "pro_L_v" "leu_L_v" "ile_L_v" "val_L_v" "trp_L_v" "cys_L_v" "CD" "pheme_c"
0 457000 1e+05 0.4963 224235600.199112 195370466.451958 120509812.093413 157438605.791629 18978882.6152 31300034.1459915 0 0 0 0 0 0 0 0 45700000 1000
1 421942.648420906 107236.192790498 0.594123778079056 167821203.825643 169904061.102582 95991071.7116042 129104135.849118 22138845.8263695 20806240.7041596 0 35057.3515790935 181810589.037993 171269930.566826 100859742.040674 133775072.461365 19697203.5807003 23955816.4482039 48532264.049508 630.042462519806
2 387425.308143232 137581.757498857 0.697811846738033 152500190.507641 166832624.780279 90266793.7770052 123233923.532085 24282402.3305596 17534083.6557881 0 69574.6918567677 320580866.784433 317898985.103976 181734293.99853 243449519.226283 40058631.1767404 40482632.1632022 52252907.2391754 699.255711233735
3 353179.148599271 174085.458223544 0.803528831222672 153057735.966906 173321377.443019 92021149.0486401 126473310.162153 26331825.9704322 16957945.1353147 0 103820.851400729 442452667.368263 453840009.984571 254506748.920611 343174383.038319 60337262.1424161 54209295.9485567 57057140.5098301 778.959080658141
4 319004.390420769 211340.266053336 0.907130675157169 161154505.586425 185264765.961633 97543788.8962042 134470415.565893 28637895.5167467 17566678.8026887 0 137995.609579231 556448827.387836 584029440.730348 323304833.176946 437890099.34462 80312534.3860097 66723669.4217277 63165457.8064886 846.421955833422
5 284801.846042262 247364.880107364 1.00479460395639 173946417.726371 201387244.796539 105596234.952074 145798320.509617 31359578.5345753 18833856.068112 0 172198.153957738 665732033.921348 710155343.965651 389561584.684767 529306678.633375 99890093.8613121 78590269.1976509 70824622.3509536 901.412979016899
6 250606.140743283 281074.599082124 1.09354986708989 190444556.369629 221339876.894463 115765323.823884 160002798.528717 34579767.9516791 20570561.8853533 0 206393.859256717 771120547.950558 832422650.206179 453586595.979706 617754027.26989 118964393.490764 89984714.2152173 80308716.4225927 946.653983967644
7 216615.636089858 311507.976628764 1.17156410273133 210249411.346238 245016905.034032 127884549.122844 176912697.374467 38337762.812131 22703336.6288133 0 240384.363910141 872242400.785501 950112130.920205 515076929.246843 702779735.306555 137366696.615685 100904293.258673 91917663.7966478 983.625043209673
8 183212.216937365 337626.769375174 1.23815244437768 233050434.030564 272259288.211813 141797739.578704 196354150.545276 42632526.5821867 25190172.7270643 9737.47760380151 273787.783062635 967960962.13272 1061794567.99764 573307934.993001 783373587.558429 154848911.075865 111244370.114979 105972293.637044 1012.13500145078
9 181481.726768361 453462.286647607 1.29357892317064 161492822.829738 188687652.779256 98260199.7796075 136073290.109259 29547025.9346582 17456938.0911927 7743.15606734872 275518.273231639 1045648243.63142 1152563312.04309 620576671.350214 848832321.618161 169062566.673883 119642112.975748 177.219166627107 33.1564859683962
10 181481.721911704 503763.050075216 1.33875786678864 108996590.207508 127351237.103797 66318902.2392989 91840147.3318368 19942218.0017035 11782237.0924191 7710.47373737131 275518.278088296 1098144493.51421 1213899747.91738 652517979.3972 893065478.952542 178667377.773129 125316815.839478 0.0024977184032214 0.507406929735892
11 181481.721911635 524019.103528624 1.37495913611684 73565222.0598211 85953349.7267914 44760710.0434003 61985799.9191598 13459629.267922 7952201.86627047 7709.97411521679 275518.278088365 1133575861.66215 1255297635.29467 674076171.593249 922919826.365426 185149966.506956 129146851.065653 6.41828986836555e-08 0.00778530462361606
12 181481.721911635 532176.185825434 1.40357105815331 49651478.6916409 58012615.1045199 30210408.9230558 41836163.0359491 9084326.49398084 5367190.77927453 7709.96644926693 275518.278088365 1157489605.03033 1283238369.91694 688626472.713594 943069463.248637 189525269.280897 131731862.152649 3.07999742840355e-08 0.000119354827131434
13 181481.721911635 535460.937311509 1.42594019543243 33511392.6043036 39154594.6263473 20389984.3636988 28236582.7060731 6131306.45264591 3622491.05416367 7709.96633170409 275518.278088365 1173629691.11767 1302096390.39512 698446897.272951 956669043.578513 192478289.322232 133476561.87776 3.71401467627866e-08 1.79206487533381e-06
14 181481.721911635 536783.827748411 1.44328049806696 22617879.8922043 26426652.2416303 13761833.8571474 19057746.8311549 4138209.19248917 2444931.74429094 7709.96632997073 275518.278088365 1184523203.82977 1314824332.77983 705075047.779502 965847879.453431 194471386.582388 134654121.187633 4.49092151892253e-08 5.8812186582922e-08
15 181481.721911635 537316.534488985 1.45663405009955 15265489.91656 17836145.3525133 9288277.10558607 12862648.6421312 2793002.30621229 1650158.24060569 7709.96632993571 275518.278088365 1191875593.80541 1323414839.66895 709548604.531064 972042977.642455 195816593.468665 135448894.691318 -2.10882281717411e-07 2.38572955630122e-08
16 181481.721911635 537530.959482451 1.46686526059227 10303193.3995551 12038215.3520123 6268971.1165902 8681434.87793592 1885091.34548585 1113747.38614752 17447.443933712 275518.278088365 1196837890.32241 1329212769.66945 712567910.52006 976224191.40665 196724504.429392 135985305.545776 0 0
17 181481.721911635 537617.38710463 1.47467366638551 6953961.47879265 8124984.41841524 4231133.19976256 5859383.72509054 1272309.67061921 751704.458999119 17447.443933712 275518.278088365 1200187122.24317 1333126000.60305 714605748.436888 979046242.559495 197337286.104259 136347348.472924 0 0
18 181481.721911635 537652.194189894 1.48061531315825 4693439.04750133 5483797.86773723 2855719.84192134 3954675.39667884 858720.300192769 507348.087964944 17447.443933712 275518.278088365 1202447644.67446 1335767187.15373 715981161.794729 980950950.887907 197750875.474685 136591704.843959 0 0
19 181481.721911635 537666.202395611 1.48512622574955 3167760.76023284 3701200.6604655 1927421.91086358 2669144.18495043 579579.375258786 342426.384697617 17447.443933712 275518.278088365 1203973322.96173 1337549784.361 716909459.725787 982236482.099635 198030016.399619 136756626.547226 0 0
20 181481.721911635 537671.849845908 1.48854503977671 2138021.39021636 2498056.76012494 1300877.68152514 1801489.37780774 391176.353084328 231114.339267259 17447.443933712 275518.278088365 1205003062.33175 1338752928.26134 717536003.955125 983104136.906778 198218419.421794 136867938.592656 0 0
21 181481.721911635 537674.124399212 1.49113277185832 1443017.30880099 1686016.40737694 878002.914126007 1215881.35913582 264017.119228735 155986.27469345 17447.443933712 275518.278088365 1205698066.41316 1339564968.61408 717958878.722524 983689744.92545 198345578.655649 136943066.65723 0 0
22 181481.721911635 537675.039807298 1.49308951600275 973937.539232582 1137945.23523135 592591.64280811 820636.378852207 178193.415871473 105280.01819689 17447.443933712 275518.278088365 1206167146.18273 1340113039.78623 718244289.993842 984084989.905734 198431402.359006 136993772.913727 0 0
23 181481.721911635 537675.408520771 1.49456802604134 657340.945919962 768034.876160016 399958.657856728 553873.191864125 120268.316834732 71056.781323518 17447.443933712 275518.278088365 1206483742.77605 1340482950.1453 718436922.978793 984351753.092722 198489327.458043 137027996.1506 0 0
24 181481.721911635 537675.557256042 1.49568455329458 443659.847796537 518370.623912228 269944.536957582 373826.242722662 81172.8273931983 47958.4315910579 27184.9215375135 275518.278088365 1206697423.87417 1340732614.39755 718566937.099692 984531800.041864 198528422.947485 137051094.500333 0 0
25 181481.721911635 537675.617075097 1.49652736015209 299440.514005436 349865.255646891 182194.379998543 252307.534309325 54786.1909943241 32368.7110245477 27184.9215375135 275518.278088365 1206841643.20796 1340901119.76582 718654687.256651 984653318.750277 198554809.583884 137066684.220899 0 0
26 181481.721911635 537675.641166089 1.49716334963959 202101.464785513 236134.648908968 122968.500757801 170289.990416627 36976.8582810099 21846.6226355773 27184.9215375135 275518.278088365 1206938982.25718 1341014850.37255 718713913.135891 984735336.29417 198572618.916597 137077206.309288 0 0
27 181481.721911635 537675.650861575 1.49764315297372 136405.114278596 159375.261350767 82995.6003353908 114934.47426486 24956.9323252434 14745.0245369073 27184.9215375135 275518.278088365 1207004678.60769 1341091609.76011 718753886.036314 984790691.810322 198584638.842553 137084307.907387 0 0
28 181481.721911635 537675.654770338 1.49800506172628 92064.1027309637 107567.377597026 56016.3415859136 77572.8923509267 16844.2187347036 9951.88091675109 27184.9215375135 275518.278088365 1207049019.61924 1341143417.64387 718780865.295063 984828053.392236 198592751.556143 137089101.051007 0 0
29 181481.721911635 537675.656344623 1.49827800608113 62136.9338841837 72600.5775494673 37807.1757645786 52356.3641010028 11368.6884985737 6716.83477277246 27184.9215375135 275518.278088365 1207078946.78808 1341178384.44391 718799074.460884 984853269.920486 198598227.086379 137092336.097151 0 0
30 181481.721911635 537675.656978205 1.49848383370908 41938.1611791931 49000.401736061 25517.2460536964 35336.9485613333 7673.08363714709 4533.40198342553 27184.9215375135 275518.278088365 1207099145.56079 1341201984.61973 718811364.390595 984870289.336025 198601922.691241 137094519.52994 0 0
31 181481.721911635 537675.657233401 1.49863903636726 28305.3783523275 33071.9056715194 17222.3884822508 23850.0132271302 5178.80444377367 3059.73497063375 27184.9215375135 275518.278088365 1207112778.34361 1341217913.11579 718819659.248167 984881776.27136 198604416.970434 137095993.196953 0 0
32 181481.721911635 537675.657336345 1.49875605875131 19104.1801507547 22321.2576780667 11623.9256050837 16097.1156653524 3495.3361805618 2065.11028981687 36922.399141315 275518.278088365 1207121979.54182 1341228663.76379 718825257.711044 984889529.168922 198606100.438697 137096987.821634 0 0
33 181481.721911635 537675.657377747 1.49884428912853 12894.0348743868 15065.3455249058 7845.36687502427 10864.4688821097 2359.11649985616 1393.81035387179 36922.399141315 275518.278088365 1207128189.6871 1341235919.67594 718829036.269774 984894761.815705 198607236.658378 137097659.12157 0 0
34 181481.721911635 537675.657394421 1.49891080965927 8702.57434549333 10168.057613329 5295.07552621818 7332.75883708627 1592.23911907207 940.724788342442 36922.399141315 275518.278088365 1207132381.14762 1341240816.96386 718831586.561123 984898293.52575 198608003.535758 137098112.207135 0 0
35 181481.721911635 537675.657401132 1.49896096060119 5873.66177382339 6862.76599847406 3573.82556851831 4949.12695579135 1074.65603592608 634.926977881724 36922.399141315 275518.278088365 1207135210.0602 1341244122.25547 718833307.81108 984900677.157631 198608521.118842 137098418.004946 0 0
36 181481.721911635 537675.657403837 1.49899876970599 3964.31910779171 4631.89666475201 2412.0873034147 3340.32147461553 725.319165722452 428.532191228048 36922.399141315 275518.278088365 1207137119.40286 1341246353.1248 718834469.549345 984902285.963112 198608870.455712 137098624.399733 0 0
37 181481.721911635 537675.657404927 1.49902727378588 2675.64259044487 3126.21150158963 1627.99294037728 2254.4871288723 489.540523531159 289.229739344857 36922.399141315 275518.278088365 1207138408.07938 1341247858.80997 718835253.643708 984903371.797458 198609106.234354 137098763.702184 0 0
38 181481.721911635 537675.657405364 1.49904876255881 1805.87491513128 2109.97797324528 1098.78338143412 1521.62391459014 330.406218880739 195.210202161564 36922.399141315 275518.278088365 1207139277.84705 1341248875.04349 718835782.853267 984904104.660673 198609265.368659 137098857.721722 0 0
39 181481.721911635 537675.657405541 1.49906496249772 1218.84153455153 1424.09021202514 741.603314573709 1026.99163243791 223.001504407459 131.753478809145 36922.399141315 275518.278088365 1207139864.88044 1341249560.93126 718836140.033334 984904599.292955 198609372.773373 137098921.178445 0 0
40 181481.721911635 537675.657405612 1.49907717522175 822.634057524718 961.162773166027 500.531140798402 693.148592074516 150.510650650188 88.9245203689616 46659.8767451165 275518.278088365 1207140261.08791 1341250023.8587 718836381.105508 984904933.135995 198609445.264227 137098964.007403 0 0
41 181481.721911635 537675.657405641 1.49908638201608 555.222584943233 648.720138179318 337.824809581657 467.828616528938 101.584552391297 60.0180622385774 46659.8767451165 275518.278088365 1207140528.49938 1341250336.30134 718836543.811839 984905158.455971 198609494.190325 137098992.913861 0 0
42 181481.721911635 537675.657405653 1.4990933227573 374.736525188118 437.840853368255 228.008187523408 315.751691115993 68.5624886455173 40.5080065215795 46659.8767451165 275518.278088365 1207140708.98544 1341250547.18062 718836653.628461 984905310.532896 198609527.212389 137099012.423917 0 0
43 181481.721911635 537675.657405658 1.49909855513381 252.922356082984 295.513601637022 153.890437996888 213.111496441809 46.2751426710591 27.3402237599326 46659.8767451165 275518.278088365 1207140830.79961 1341250689.50787 718836727.746211 984905413.173091 198609549.499735 137099025.5917 0 0
44 181481.721911635 537675.65740566 1.49910249964685 170.705254580266 199.451426044868 103.865497706767 143.835653033947 31.2325495173287 18.4527770874056 46659.8767451165 275518.278088365 1207140913.01671 1341250785.57005 718836777.771151 984905482.448935 198609564.542328 137099034.479147 0 0
45 181481.721911635 537675.657405661 1.49910547327451 115.214299830056 134.61598741274 70.1020634907209 97.0791678068286 21.0798216691953 12.4543547137612 46659.8767451165 275518.278088365 1207140968.50767 1341250850.40549 718836811.534585 984905529.20542 198609574.695056 137099040.477569 0 0
46 181481.721911635 537675.657405661 1.49910771497989 77.7617362747798 90.8565423476002 47.314076304105 65.5217681824628 14.2274312804679 8.40583372161767 46659.8767451165 275518.278088365 1207141005.96023 1341250894.16493 718836834.322572 984905560.762819 198609581.547446 137099044.52609 0 0
47 181481.721911635 537675.657405661 1.49910940491651 52.4838310210003 61.3219257203026 31.9337517990161 44.2226932450947 9.60253892156408 5.67336041825356 46659.8767451165 275518.278088365 1207141031.23814 1341250923.69955 718836849.702897 984905582.061894 198609586.172339 137099047.258563 0 0
48 181481.721911635 537675.657405661 1.49911067889529 35.4229695331685 41.3880744649975 21.5530820645256 29.8472707693317 6.48105210771535 3.82912735859672 56397.354348918 275518.278088365 1207141048.299 1341250943.6334 718836860.083567 984905596.437317 198609589.293826 137099049.102796 0 0
49 181481.721911635 537675.657405661 1.49911163929656 23.9081207554147 27.9341651810621 14.5468800453769 20.1448992892752 4.37427405029683 2.58440329773797 56397.354348918 275518.278088365 1207141059.81385 1341250957.08731 718836867.089769 984905606.139689 198609591.400604 137099050.34752 0 0
50 181481.721911635 537675.657405661 1.49911236330853 16.1363143073415 18.8536135435374 9.81812962234738 13.5964022411868 2.95232994948178 1.74429200587774 56397.354348918 275518.278088365 1207141067.58565 1341250966.16786 718836871.81852 984905612.688186 198609592.822548 137099051.187631 0 0
51 181481.721911635 537675.657405661 1.49911290911173 10.8909447932355 12.7249420372435 6.6265880580404 9.1766721554264 1.99262742896581 1.17728172477735 56397.354348918 275518.278088365 1207141072.83102 1341250972.29653 718836875.010061 984905617.107916 198609593.782251 137099051.754642 0 0
52 181481.721911635 537675.657405661 1.49911332056957 7.35064115047063 8.58846356786355 4.47249268005687 6.19362463502271 1.3448869179844 0.794584460406073 56397.354348918 275518.278088365 1207141076.37133 1341250976.43301 718836877.164157 984905620.090963 198609594.429991 137099052.137339 0 0
53 181481.721911635 537675.657405661 1.49911363072325 4.9611771522004 5.79662213855492 3.0186249122311 4.18027059130932 0.907706159668861 0.536289854145264 56397.354348918 275518.278088365 1207141078.76079 1341250979.22485 718836878.618025 984905622.104317 198609594.867172 137099052.395633 0 0
54 181481.721911635 537675.657405661 1.49911386456543 3.34845355504315 3.91232149379661 2.03736432072761 2.82139530460103 0.612639263633188 0.361958787915847 56397.354348918 275518.278088365 1207141080.37352 1341250981.10915 718836879.599285 984905623.463193 198609595.162239 137099052.569965 0 0
55 181481.721911635 537675.657405661 1.49911404085149 2.25997609157169 2.64054820924898 1.37508093780512 1.90424798446663 0.413489411099599 0.244297313185674 56397.354348918 275518.278088365 1207141081.46199 1341250982.38093 718836880.261569 984905624.38034 198609595.361389 137099052.687626 0 0
56 181481.721911635 537675.657405661 1.4991141737463 1.5253279566706 1.78218788221916 0.928084772640384 1.28523602438673 0.27907682779905 0.164883833475629 56397.354348918 275518.278088365 1207141082.19664 1341250983.23929 718836880.708565 984905624.999352 198609595.495801 137099052.76704 0 0
57 181481.721911635 537675.657405661 1.49911427393019 1.02949138445627 1.20285415487425 0.626393342690621 0.867445855373345 0.18835765027716 0.111285238860885 56397.354348918 275518.278088365 1207141082.69248 1341250983.81862 718836881.010256 984905625.417142 198609595.58652 137099052.820638 0 0
58 181481.721911635 537675.657405661 1.49911434945499 0.69483585673613 0.811843799617751 0.422772411205882 0.585466273143127 0.127128455156793 0.0751098799402013 56397.354348918 275518.278088365 1207141083.02713 1341250984.20963 718836881.213877 984905625.699122 198609595.64775 137099052.856813 0 0
59 181481.721911635 537675.657405661 1.49911440639039 0.468966365342076 0.54793867104193 0.285342270592449 0.395149426277506 0.0858029547100472 0.0506939978058853 56397.354348918 275518.278088365 1207141083.253 1341250984.47354 718836881.351307 984905625.889439 198609595.689075 137099052.881229 0 0
60 181481.721911635 537675.657405661 1.49911444931178 0.316520005168328 0.369820873749948 0.192586384946374 0.266698654084497 0.0579110863280792 0.0342149579017573 56397.354348918 275518.278088365 1207141083.40545 1341250984.65165 718836881.444063 984905626.017889 198609595.716967 137099052.897708 0 0
61 181481.721911635 537675.657405661 1.49911448166832 0.213629057901082 0.249603448633076 0.129982457060789 0.180003100231425 0.039085968066133 0.0230927243249241 56397.354348918 275518.278088365 1207141083.50834 1341250984.77187 718836881.506667 984905626.104585 198609595.735792 137099052.908831 0 0
62 181481.721911635 537675.657405661 1.49911450606104 0.14418491145584 0.168465149328649 0.0877292127122673 0.121489704273601 0.0263803384247221 0.0155859996049966 56397.354348918 275518.278088365 1207141083.57779 1341250984.85301 718836881.54892 984905626.163098 198609595.748498 137099052.916337 0 0
63 181481.721911635 537675.657405661 1.49911452444936 0.0973148640397345 0.113702348857634 0.05921116378411 0.0819971655441752 0.0178049077480129 0.010519474036278 56397.354348918 275518.278088365 1207141083.62466 1341250984.90777 718836881.577438 984905626.202591 198609595.757073 137099052.921404 0 0
64 181481.721911635 537675.657405661 1.4991145383113 0.0656808126707754 0.0767412332046364 0.0399634464364671 0.0553424240252246 0.0120170831245467 0.00709991850051996 56397.354348918 275518.278088365 1207141083.65629 1341250984.94473 718836881.596686 984905626.229245 198609595.762861 137099052.924823 0 0
65 181481.721911635 537675.657405661 1.4991145487614 0.0443300193549462 0.0517950405141877 0.0269725705572469 0.0373523199307362 0.00811070243866487 0.00479195539378961 56397.354348918 275518.278088365 1207141083.67764 1341250984.96968 718836881.609677 984905626.247235 198609595.766768 137099052.927131 0 0
66 181481.721911635 537675.657405661 1.49911455663936 0.029919697356397 0.0349580703843377 0.0182046197980609 0.0252102327982269 0.00547416323846869 0.00323423849602455 56397.354348918 275518.278088365 1207141083.69205 1341250984.98652 718836881.618445 984905626.259377 198609595.769404 137099052.928689 0 0
67 181481.721911635 537675.657405661 1.49911456257815 0.0201937301050222 0.0235942840573018 0.0122868615443525 0.0170151666625767 0.00369468225805371 0.00218288769788823 56397.354348918 275518.278088365 1207141083.70178 1341250984.99788 718836881.624363 984905626.267573 198609595.771183 137099052.92974 0 0
68 181481.721911635 537675.657405661 1.49911456705515 0.0136293779828508 0.0159245178568001 0.0082927858964279 0.0114840664245736 0.0024936562368629 0.00147329895832947 56397.354348918 275518.278088365 1207141083.70834 1341250985.00555 718836881.628357 984905626.273104 198609595.772384 137099052.93045 0 0
69 181481.721911635 537675.657405661 1.49911457042989 0.00919888651597621 0.0107479470282071 0.0055970563336561 0.00775094974362461 0.00168304531299004 0.000994374793827863 56397.354348918 275518.278088365 1207141083.71277 1341250985.01073 718836881.631052 984905626.276837 198609595.773195 137099052.930929 0 0
70 181481.721911635 537675.657405661 1.49911457297429 0.00620859148976119 0.00725409671446043 0.00377761332968076 0.00523133756813904 0.00113593539708661 0.000671131975790424 56397.354348918 275518.278088365 1207141083.71576 1341250985.01422 718836881.632872 984905626.279356 198609595.773742 137099052.931252 0 0
71 181481.721911635 537675.657405661 1.49911457489199 0.00419044642314444 0.00489610303411439 0.00254967431688345 0.003530855563131 0.000766691838174235 0.00045297594341817 56397.354348918 275518.278088365 1207141083.71778 1341250985.01658 718836881.6341 984905626.281057 198609595.774111 137099052.93147 0 0
72 181481.721911635 537675.657405661 1.49911457633833 0.00282829003333244 0.00330456424339493 0.00172087117470629 0.00238310733273984 0.000517469182434924 0.000305730515729433 56397.354348918 275518.278088365 1207141083.71914 1341250985.01817 718836881.634929 984905626.282205 198609595.774361 137099052.931618 0 0
