"Time" "IECs" "pheme_e" "BiomassCD" "pro_L_e" "leu_L_e" "ile_L_e" "val_L_e" "trp_L_e" "cys_L_e" "Drug" "Damage" "pro_L_v" "leu_L_v" "ile_L_v" "val_L_v" "trp_L_v" "cys_L_v" "CD" "pheme_c"
0 457000 1e+05 0.4963 224235600.199112 195370466.451958 120509812.093413 157438605.791629 18978882.6152 31300034.1459915 0 0 0 0 0 0 0 0 45700000 1000
1 345868.430515313 147342.422255682 0.594123777916094 361765679.458122 392885631.96483 213488713.593961 290996487.198132 56688109.3875303 41857473.8785768 0 111131.569484687 260307606.503368 264681031.973943 149199644.659063 200808663.321476 34748101.4844787 32117082.9495347 48532264.0529665 857.223555580757
2 256754.572622244 244770.795607939 0.697812003972562 424393299.123769 478995757.635955 254824867.97082 349956003.441015 72528397.7058582 47142432.1082503 0 200245.427377756 516405449.044697 549195441.280092 301881043.350828 409840392.568381 77009139.2970209 61051846.1507996 52252899.7756899 1239.75981054852
3 185869.2538485 341272.211576312 0.803529047739358 465636821.64466 532797240.746099 281263084.63429 387362844.028108 81933065.5711575 51004434.1791803 0 271130.7461515 728336587.474411 790205998.949949 429557143.224068 585451030.660018 113820345.574343 84409806.4889873 57057131.1063884 1525.75718408642
4 130290.900827288 421850.449862012 0.907130884661502 499816882.457656 575787812.034362 302698655.663654 417559627.927825 89130000.3657903 54451768.8620375 0 326709.099172712 892197866.65378 978365797.876907 528674980.925573 722070845.08063 142858623.682586 102304559.366276 63165448.6313267 1689.65684081762
5 87694.4940175925 482430.74688292 1.00479478268854 530625249.22369 613989522.265802 321777432.330047 444460206.171898 95353395.9704764 57709963.0568012 0 369305.505982407 1012556017.82563 1117322543.56699 601616274.61238 822753148.72214 164405570.99717 115403385.386435 70824613.8904431 1758.73691375741
6 56110.9302701076 522615.397635494 1.09355058486392 558187596.033549 648327038.635443 338732286.817094 468522417.966342 100861844.04413 60734778.2346833 0 400889.069729892 1096252783.35101 1214341068.82314 652389613.52827 892928604.20459 179486297.078235 124506658.687587 80308693.246915 1761.06419015652
7 33733.7734990451 543610.797153626 1.17156538712741 581374071.300636 677934180.151663 352945211.180996 488987665.838251 105570032.950569 63388488.2835831 0 423266.226500955 1150791628.6834 1277800522.31777 685492929.302218 938749438.840371 189363732.368952 130445776.838775 91917660.7498766 1717.40067235943
8 18799.7274146037 547639.018814443 1.2381543256331 598917681.895373 701647338.734334 363679835.33457 504915212.103271 109320588.511133 65534850.1727729 9737.47760380151 438200.272585396 1183653003.01445 1316198061.40029 705444992.921619 966417123.554157 195344727.679898 134034088.646011 105972321.932767 1642.47411223661
9 17460.5055846693 701485.575189907 1.29358047116008 580715382.010841 680737609.623427 352633746.754432 489716906.335489 106067225.612025 63576078.1397655 7501.55966818474 439539.49441533 1206243761.8392 1342677614.10189 719162974.67522 985467105.236961 199470541.622859 136507121.861713 163284.132427574 1010.05209005753
10 17456.682746085 781765.35947466 1.3387591166935 559175912.22893 655489429.70995 339554133.519975 471553124.912367 102133263.786794 61218060.2929076 6766.13790162867 439543.317253914 1227795704.49472 1367941693.20104 732250182.041751 1003641857.61146 203406993.783163 138866607.678587 2922.26666109621 349.683943120445
11 17456.5992363893 815945.073902321 1.37496013001751 538425045.215688 631164421.062945 326953371.799674 454053925.415326 98343130.4446989 58946276.7769658 6532.79047047514 439543.40076361 1248546844.1244 1392267049.16487 744851109.744834 1021141296.83274 207197181.526748 141138423.262252 95.2765039108492 118.933203346811
12 17456.5963392032 830472.081728729 1.40357183894639 518444017.72604 607741823.501749 314820087.213762 437203922.113835 94693603.4999672 56758772.4112788 6454.78378809728 439543.403660796 1268527881.08377 1415689658.77546 756984400.096372 1037991308.45614 210846710.358841 143325928.740459 3.71980949764027 41.0285333994556
13 17456.596223666 836645.723513462 1.4259408126443 499204481.341921 585188431.993797 303137065.874909 420979218.05213 91179509.4715302 54652445.7335649 6428.00155916701 439543.403776333 1287767417.8462 1438243050.76393 768667421.665561 1054216012.85001 214360804.462546 145432255.462539 0.154409728529537 14.2505471506257
14 17456.5962188329 839269.356608462 1.44328097526478 480678926.77779 563471999.88701 291887603.051242 405356614.959375 87795823.9461468 52624285.1234665 6418.71333409258 439543.403781166 1306292972.42619 1459959482.89082 779916884.498884 1069838615.95667 217744489.991078 147460416.074493 0.00655544615350565 4.96250229785329
15 17456.5962186271 840384.329789875 1.45663441341089 462840858.360882 542561467.876909 281055609.503745 390313769.042761 84537707.5049629 50671389.861938 6415.4805311797 439543.403781372 1324131040.84378 1480870014.90178 790748878.046793 1084881461.87388 221002606.432396 149413311.336101 0.000280883756368303 1.72970710403868
16 17456.5962186183 840858.163049557 1.46686553825762 445664763.387906 522426928.903983 270625592.891513 375829165.43607 81400500.2626185 48790966.8418886 16151.8315243763 439543.403781381 1341307135.81678 1501004553.87474 801178894.659044 1099366065.4806 224139813.674746 151293734.356154 1.21180457495863e-05 0.603096831436475
17 17456.5962186183 841059.529564316 1.47467389456664 429126076.246656 503039586.127263 260582635.985467 361882087.954663 78379715.3193564 46980326.6427783 16151.2709146853 439543.403781381 1357845822.95803 1520391896.65146 811221851.56509 1113313142.962 227160598.618008 153104374.555264 -3.04060055803064e-08 0.042487141218294
18 17456.5962186183 841145.104934238 1.48061548266235 413201141.989321 484371710.22473 250912374.548624 348452588.377311 75471032.1079173 45236879.5427603 16151.2314209355 439543.403781381 1373770757.21536 1539059772.55399 820892113.001933 1126742642.53936 230069281.829447 154847821.655282 -3.04060055803064e-08 0.00299339142860255
19 17456.5962186183 841181.472150206 1.48512635795349 397867184.475509 466396602.049278 241600977.99126 335521459.581221 72670290.574884 43558132.031012 16151.2286384186 439543.403781381 1389104714.72918 1557034880.72944 830203509.559296 1139673771.33545 232870023.362481 156526569.167031 -3.04060055803064e-08 0.000210874516448787
20 17456.5962186183 841196.9273194 1.48854514019103 383102272.467507 449088552.884161 232635128.782583 323070206.950161 69973484.987993 41941683.0958764 16151.2284424119 439543.403781381 1403869626.73718 1574342929.89456 839169358.767973 1152125023.96651 235566828.949372 158143018.102166 -3.04060055803064e-08 1.48678214932085e-05
21 17456.5962186183 841203.496654178 1.49113295345453 368885275.073277 432422792.211404 224001995.39393 311081010.799534 67376755.797816 40385219.346802 16151.228428557 439543.403781381 1418086624.13141 1591008690.56732 847802492.156627 1164114220.11713 238163558.139549 159699481.851241 -3.04060055803064e-08 1.01292559694606e-06
22 17456.5962186183 841206.279707797 1.49308941430541 355195899.240965 416375531.66444 215689255.066937 299536757.995503 64876396.4861168 38886519.1192071 16151.2284276323 439543.403781381 1431775999.96372 1607055951.11428 856115232.483619 1175658472.92116 240663917.451248 161198182.078835 -3.04060055803064e-08 8.8273375384682e-08
23 17456.5962186183 841207.47306622 1.49456781167427 342014529.122461 400923776.723331 207684996.268631 288420906.490255 62468824.2256662 37443434.8881506 16151.2284275025 439543.403781381 1444957370.08223 1622507706.05539 864119491.281926 1186774324.42641 243071489.711698 162641266.309892 -3.04060055803064e-08 -4.15467654538653e-08
24 17456.5962186183 841207.976820799 1.49568423105238 329322322.976992 386045440.309236 199977777.535188 277717567.040818 60150597.5796477 36053903.8772482 25888.7060313043 439543.403781381 1457649576.22769 1637386042.46949 871826710.015369 1197477663.87585 245389716.357717 164030797.320794 0 0
25 17456.5962186183 841208.191153698 1.49652748387077 317101131.456625 371719246.995238 192556577.851602 267411434.299208 57918401.5765339 34715939.1126442 25888.7060313043 439543.403781381 1469870767.74806 1651712235.78349 879247909.698956 1207783796.61746 247621912.360831 165368762.085398 0 0
26 17456.5962186183 841208.279507991 1.49716282572557 305333500.485735 357924736.381782 185410798.400212 257487789.240692 55769048.2360217 33427629.7382534 25888.7060313043 439543.403781381 1481638398.71895 1665506746.39694 886393689.150345 1217707441.67598 249771265.701343 166657071.459789 0 0
27 17456.5962186183 841208.321129506 1.49764216799951 294002619.243406 344642202.119469 178530230.973526 247932455.297332 53699467.0680373 32187135.3209224 25888.7060313043 439543.403781381 1492969279.96128 1678789280.65926 893274256.577031 1227262775.61934 251840846.869327 167897565.87712 0 0
28 17456.5962186183 841208.345444337 1.49800431715809 283092158.944792 331852502.921795 171904960.075764 238731662.402287 51706675.6262118 30992668.2003615 25888.7060313043 439543.403781381 1503879740.25989 1691578979.85693 899899527.474793 1236463568.51438 253833638.311153 169092032.997681 0 0
29 17456.5962186183 841208.350291799 1.49827733144755 272586587.495328 319537431.416023 165525553.993572 229872312.337753 49787836.9793547 29842527.9371975 25888.7060313043 439543.403781381 1514385311.70935 1703894051.3627 906278933.556985 1245322918.57892 255752476.95801 170242173.260845 0 0
30 17456.5962186183 841208.346782299 1.49848297447745 262470911.858254 307679412.135585 159382908.351205 221341761.47346 47940212.65498 28735073.107608 25888.7060313043 439543.403781381 1524500987.34643 1715752070.64314 912421579.199352 1253853469.44321 257600101.282385 171349628.090434 0 0
31 17456.5962186183 841208.346811559 1.49863822380284 252730637.980381 296261454.543385 153468221.775837 213127786.972062 46161155.3197612 27668716.9160314 25888.7060313043 439543.403781381 1534241261.2243 1727170028.23534 918336265.774721 1262067443.94461 259379158.617603 172415984.282011 0 0
32 17456.5962186183 841208.352634835 1.4987554326966 243351847.473116 285267242.920512 147773042.461369 205218651.454258 44448122.7852928 26641935.5901344 35626.1836351058 439543.403781381 1543620051.73157 1738164239.85821 924031445.089188 1269976579.46241 261092191.152072 173442765.607908 0 0
33 17456.5962186183 841208.35071889 1.49884385182309 234321067.440493 274680983.773199 142289189.122769 197602993.224749 42798654.2322286 25653254.1297055 35626.1836351058 439543.403781381 1552650831.76419 1748750499.00552 929515298.427788 1277592237.69192 262741659.705136 174431447.068337 0 0
34 17456.5962186183 841208.349938415 1.49891036557618 225625447.48364 264487613.32488 137008858.480307 190269975.540134 41210402.5400808 24701265.6849398 35626.1836351058 439543.403781381 1561346451.72105 1758943869.45384 934795629.07025 1284925255.37653 264329911.397284 175383435.513103 0 0
35 17456.5962186183 841208.349560675 1.49896044452326 217252677.1094 254672700.699119 131924575.10675 183209216.959587 39681119.2019364 23784622.5144123 35626.1836351058 439543.403781381 1569719222.09529 1768758782.0796 939879912.443807 1291986013.95708 265859194.735428 176300078.68363 0 0
36 17456.5962186183 841208.349290675 1.4989983911733 209190396.371275 245221757.048198 127028833.544804 176410294.338272 38208546.6782482 22901971.4625913 35626.1836351058 439543.403781381 1577781502.83341 1778209725.73052 944775654.005753 1298784936.57839 267331767.259117 177182729.735451 0 0
37 17456.5962186183 841208.349226306 1.49902698938387 201427329.065365 236121563.932928 122314786.429327 169863698.451658 36790625.3746441 22052078.0210848 35626.1836351058 439543.403781381 1585544570.13932 1787309918.84579 949489701.12123 1305331532.46501 268749688.562721 178032623.176958 0 0
38 17456.5962186183 841208.349304913 1.49904851852172 193952360.825541 227359092.627143 117775684.669588 163560056.55303 35425325.2563593 21233725.3993497 35626.1836351058 439543.403781381 1593019538.37914 1796072390.15158 954028802.880968 1311635174.36364 270114988.681006 178850975.798693 0 0
39 17456.5962186183 841208.349331951 1.49906478178106 186754768.130318 218921772.569163 113405016.511466 157490325.495024 34110687.6762556 20445739.5961544 35626.1836351058 439543.403781381 1600217131.07437 1804509710.20956 958399471.039091 1317704905.42164 271429626.261109 179638961.601888 0 0
40 17456.5962186183 841208.349214193 1.49907709764532 179824269.920347 210797551.869987 109196538.881669 151645835.258666 32844834.8027366 19686995.0506133 45363.6612389073 439543.403781381 1607147629.28434 1812633930.90873 962607948.668888 1323549395.658 272695479.134628 180397706.147429 0 0
41 17456.5962186183 841208.349266149 1.49908632686124 173151015.48804 202974883.116993 105144270.033824 146018278.740688 31625967.4077912 18956413.316354 45363.6612389073 439543.403781381 1613820883.71665 1820456599.66173 966660217.516733 1329176952.17598 273914346.529573 181128287.881688 0 0
42 17456.5962186183 841208.349287332 1.49909326948216 166725403.677655 195442511.432704 101242379.759491 140599559.284936 30452331.8439595 18252943.2677102 45363.6612389073 439543.403781381 1620246495.52703 1827988971.34601 970562107.791066 1334595671.63173 275087982.093405 181831757.930332 0 0
43 17456.5962186183 841208.349297559 1.49909849591934 160538365.554609 188189805.831607 97485361.0363521 135382029.057442 29322271.673774 17575592.0460964 45363.6612389073 439543.403781381 1626433533.65008 1835241676.94711 974319126.514205 1339813201.85922 276218042.263591 182509109.151946 0 0
44 17456.5962186183 841208.349304874 1.49910245609848 154580761.693446 181206052.695834 93867664.0371915 130357980.779273 28234117.5846361 16923359.0756515 45363.6612389073 439543.403781381 1632391137.51124 1842225430.08288 977936823.513366 1344837250.13739 277306196.352728 183161342.122391 0 0
45 17456.5962186183 841208.349306636 1.4991054405595 148844260.98991 174481485.95553 90384229.7799814 125520388.828893 27186347.9035088 16295332.2747732 45363.6612389073 439543.403781381 1638127638.21478 1848949996.82319 981420257.770576 1349674842.08777 278353966.033856 183789368.923269 0 0
46 17456.5962186183 841208.349304512 1.49910768719995 143320650.541847 168006478.102302 87030071.059769 120862327.264617 26177462.5469233 15690612.502516 45363.6612389073 439543.403781381 1643651248.66284 1855425004.67641 984774416.490788 1354332903.65205 279362851.390441 184394088.695526 0 0
47 17456.5962186183 841208.34930377 1.49910938432516 138002005.900074 161771739.76443 83800375.8318644 116377113.397195 25206014.1172376 15108332.1974997 45363.6612389073 439543.403781381 1648969893.30461 1861659743.01429 988004111.718693 1358818117.51947 280334299.820127 184976369.000543 0 0
48 17456.5962186183 841208.349306942 1.4991106694658 132880730.243024 155768365.629027 80690531.0002601 112058340.825799 24270615.0578693 14547659.6667127 55101.1388427088 439543.403781381 1654091168.96166 1867663117.14969 991113956.550297 1363136890.09087 281269698.879495 185537041.53133 0 0
49 17456.5962186183 841208.349305547 1.49911163251428 127949554.051976 149987834.061331 77696122.2204185 107899879.164143 23369937.593977 14007799.0499569 55101.1388427088 439543.403781381 1659022345.15271 1873443648.71739 994108365.330139 1367295351.75253 282170376.343387 186076902.148086 0 0
50 17456.5962186183 841208.349304978 1.49911235699393 123201360.974909 144421802.975009 74812828.1567899 103895727.19144 22502681.9265586 13487971.255583 55101.1388427088 439543.403781381 1663770538.22977 1879009679.80371 996991659.393767 1371299503.72523 283037632.010806 186596729.94246 0 0
51 17456.5962186183 841208.349304704 1.49911290235546 118629463.705283 139062433.228839 72036588.007522 100040245.501031 21667626.6216076 12987444.1634453 55101.1388427088 439543.403781381 1668342435.4994 1884369049.54988 999767899.543035 1375154985.41564 283872687.315757 187097257.034597 0 0
52 17456.5962186183 841208.349304507 1.49911331559161 114227105.713237 133901804.535117 69363298.9355717 96327736.3102125 20863537.6015031 12505478.0748921 55101.1388427088 439543.403781381 1672744793.49145 1889529678.2436 1002441188.61498 1378867494.60646 284676776.335861 187579223.123151 0 0
53 17456.5962186183 841208.34930446 1.49911362701482 109988131.440827 128932701.090628 66789223.0382488 92753008.6359981 20089290.5559177 12041399.0851229 55101.1388427088 439543.403781381 1676983767.76386 1894498781.68809 1005015264.51231 1382442222.28067 285451023.381447 188043302.11292 0 0
54 17456.5962186183 841208.349304517 1.49911386144506 105906471.99933 124148008.689454 64310675.0419049 89310944.583569 19343777.0046248 11594542.7778034 55101.1388427088 439543.403781381 1681065427.20535 1899283474.08926 1007493812.50865 1385884286.3331 286196536.93274 188490158.420239 0 0
55 17456.5962186183 841208.349304536 1.49911403853586 101976271.473423 119540862.782028 61924098.9989152 85996605.8586055 18625927.3669077 11164268.0527302 55101.1388427088 439543.403781381 1684995627.73126 1903890619.99669 1009880388.55164 1389198625.05806 286914386.570457 188920433.145312 0 0
56 17456.5962186183 841208.349304452 1.4991141726325 98191916.3780998 115104683.005771 59626086.1751094 82805258.6083159 17934716.3418562 10749960.3507477 55101.1388427088 439543.403781381 1688779982.82659 1908326799.77294 1012178401.37545 1392389972.30835 287605597.595508 189334740.847295 0 0
57 17456.5962186183 841208.349304256 1.49911427423538 94547990.5042213 110833120.253149 57413347.6301669 79732335.3426758 17269154.660922 10351026.7102796 55101.1388427088 439543.403781381 1692423908.70046 1912598362.52557 1014391139.92039 1395462895.57399 288271159.276442 189733674.487763 0 0
58 17456.5962186183 841208.349304011 1.49911435053352 91039284.7296889 106720068.172742 55282720.175359 76773443.2081962 16628290.8799264 9966896.84144776 55101.1388427088 439543.403781381 1695932614.47499 1916711414.60597 1016521767.3752 1398421787.70847 288912023.057438 190117804.356595 0 0
59 17456.5962186183 841208.349303893 1.49911440746927 87660779.5339806 102759642.672053 53231155.7556704 73924349.2424269 16011208.185347 9597021.21177975 55101.1388427088 439543.403781381 1699311119.6707 1920671840.10666 1018573331.79489 1401270881.67424 289529105.752017 190487679.986263 0 0
60 17456.5962186183 841208.349304069 1.49911444827042 84407672.7156101 98946214.4090726 51255738.2809559 71181003.7480953 15417029.4569008 9240874.08069035 55101.1388427088 439543.403781381 1702564226.48907 1924485268.36964 1020548749.2696 1404014227.16857 290123284.480464 190843827.117352 0 0
61 17456.5962186183 841208.349304609 1.49911447880646 81275287.0480218 95274300.5426479 49353627.5508821 68539462.4193075 14844900.4009287 8897943.38973447 55101.1388427088 439543.403781381 1705696612.15666 1928157182.23607 1022450859.99968 1406655768.49736 290695413.536436 191186757.808308 0 0
62 17456.5962186183 841208.349305516 1.49911450246903 78259147.2612152 91738654.9735702 47522106.0012689 65995951.2601643 14294003.6110599 8567739.19048416 55101.1388427088 439543.403781381 1708712751.94347 1931692827.80515 1024282381.54929 1409199279.65651 291246310.326305 191516962.007558 0 0
63 17456.5962186183 841208.349306404 1.49911452122541 75354933.7938414 88334214.1308441 45758550.6205007 63546827.5838972 13763550.1210497 8249788.58135093 55101.1388427088 439543.403781381 1711616965.41084 1935097268.64787 1026045936.93006 1411648403.33277 291776763.816315 191834912.616692 0 0
64 17456.5962186183 841208.349306815 1.49911453612136 72558499.3980079 85056116.4365349 44060443.0326321 61188594.0157027 13252782.4376412 7943637.5254644 55101.1388427088 439543.403781381 1714413399.80668 1938375366.34218 1027744044.51793 1414006636.90097 292287531.499723 192141063.672578 0 0
65 17456.5962186183 841208.349306299 1.49911454769726 69865837.7844317 81899665.5503026 42425350.4574625 58917872.0511949 12760968.813614 7648847.41797261 55101.1388427088 439543.403781381 1717106061.42025 1941531817.22841 1029379137.09309 1416277358.86547 292779345.12375 192435853.78007 0 0
66 17456.5962186183 841208.349304062 1.49911455578837 67273102.0491194 78860351.9699291 40850936.8999581 56731417.5956279 12287406.6134104 7364997.10337797 55101.1388427088 439543.403781381 1719698797.15557 1944571130.80879 1030953550.6506 1418463813.32104 293252907.323954 192719704.094665 0 0
67 17456.5962186183 841208.349297858 1.49911456117075 64776567.6180946 75933809.5935732 39334940.6487982 54626089.7151785 11831415.5450041 7091678.81876021 55101.1388427088 439543.403781381 1722195331.58659 1947497673.18514 1032469546.90176 1420569141.20149 293708898.39236 192993022.379283 0 0
68 17456.5962186183 841208.349285442 1.49911456372219 62372667.0696883 73115856.5399203 37875195.421872 52598880.0025891 11392344.0201783 6828502.00608858 55101.1388427088 439543.403781381 1724599232.135 1950315626.2388 1033929292.12868 1422596350.91408 294147969.917186 193256199.191954 0 0
69 17456.5962186183 841208.349264244 1.49911456301545 60057974.4802802 70402476.7976032 36469620.8603828 50646899.3759289 10969566.2952811 6575091.59840805 55101.1388427088 439543.403781381 1726913924.7244 1953029005.98111 1035334866.69017 1424548331.54074 294570747.642083 193509609.599635 0 0
70 17456.5962186183 841208.349231232 1.4991145586651 57829194.6492096 67789807.5941914 35116215.9857794 48767368.9919596 10562480.5031597 6331086.84019254 55101.1388427088 439543.403781381 1729142704.55547 1955641675.18453 1036688271.56478 1426427861.92471 294977833.434205 193753614.35785 0 0
71 17456.5962186183 841208.349178333 1.49911455080699 55683152.3325159 65274126.7755299 33813052.6620504 46957611.1669474 10170506.686707 6096140.10866476 55101.1388427088 439543.403781381 1731288746.87217 1958157356.00319 1037991434.88851 1428237619.74972 295369807.250657 193988561.089378 0 0
72 17456.5962186183 841208.349081883 1.4991145409654 53616777.2373621 62851835.2155727 32558266.483733 45215036.7224573 9793084.05809925 5869915.27099951 55101.1388427088 439543.403781381 1733355121.96732 1960579647.56314 1039246221.06682 1429980194.19421 295747229.879265 194214785.927043 0 0
