"Time" "IECs" "pheme_e" "BiomassCD" "pro_L_e" "leu_L_e" "ile_L_e" "val_L_e" "trp_L_e" "cys_L_e" "Drug" "Damage" "pro_L_v" "leu_L_v" "ile_L_v" "val_L_v" "trp_L_v" "cys_L_v" "CD" "pheme_c"
0 457000 1e+05 0.4963 224235600.199112 195370466.451958 120509812.093413 157438605.791629 18978882.6152 31300034.1459915 0 0 0 0 0 0 0 0 45700000 1000
1 360185.968881038 139580.843361461 0.594123777965672 324088965.989288 349581074.147308 190666435.107352 259552742.020803 49980950.6781346 37766282.1162831 0 96814.0311189622 246710646.025828 248438947.728413 140811181.187505 189167925.584462 32120270.1631798 30710339.9793899 48532264.0519022 813.196286227358
2 279235.715732089 225239.894501905 0.69781200589896 372589723.288537 419577588.691863 223487889.382331 306787427.698464 63357026.4351528 41493109.7639351 0 177764.28426791 487751033.047555 515114536.030334 284242326.789311 385380535.088684 71522962.863295 58068409.540934 52252899.6860111 1141.13926237177
3 211878.38890007 312933.954877626 0.803529052078247 406904599.280041 465370719.648883 245740383.655495 338401931.869481 71529913.116974 44588908.397183 0 245121.61109993 694070803.307377 749460527.367684 408470554.785634 556207839.265815 107265871.570895 80837824.4111816 57057130.9544085 1399.0031341151
4 156406.625052453 389173.012741395 0.907130886870216 437401560.834913 503982431.239455 264944469.526301 365473789.615224 78048640.5300557 47622787.960375 0 300593.374947547 861371135.954805 941555881.61935 509670794.00722 695691415.857794 136913096.583775 99105102.1654744 63165448.4831425 1558.58680381851
5 111517.881467653 449649.251356995 1.004794815035 466796477.291608 540346350.651166 283167173.625113 391120444.470081 83987911.6945336 50707130.0225055 0 345482.118532347 991534904.965455 1091884246.77682 588575857.997859 804605026.961841 160239078.246911 113258037.639907 70824613.8281504 1639.01957846741
6 76146.6050952202 493053.537446625 1.09354997685515 495030495.33675 575179653.851818 300534376.793102 415649917.261613 89577737.9572119 53774070.5300268 0 380853.39490478 1088353765.51162 1204160082.00912 647332366.64958 885810762.458953 177708397.148224 123773667.2594 80308675.4652741 1661.26042275924
7 49298.9788558343 519385.147448753 1.17156393645229 520847010.534415 607467295.039764 316352027.057704 438197252.658069 94710330.0802037 56671171.9475866 0 407701.021144166 1156546489.61338 1283531718.35078 688742037.868552 943121411.838221 190076634.785586 131186054.317765 91917607.089868 1640.71483705555
8 29914.970815728 529591.943746888 1.23815225633374 542585177.920144 635594685.639097 329643630.665731 457493023.458846 99157359.3503032 59220831.1846219 9737.47760380151 427085.029184272 1201464593.19588 1336022417.19025 716028082.530489 980949180.78639 198263064.108218 136079854.16813 105972224.337259 1588.2383224837
9 29282.1425308572 691589.240138818 1.29357876844335 511222333.192957 598971054.859535 310591850.95606 431089960.814877 93445486.0950247 55806374.6211996 8051.78680810495 427717.857469143 1234969533.84922 1375277980.80659 736383918.430018 1009202217.3089 204387320.600227 139737316.792943 0.578458944352331 430.805161158465
10 29282.1425253469 764517.577295324 1.33875774192251 479800612.468558 562155955.077532 291501663.054742 404593488.583248 87701961.651153 52376296.934651 7729.42725134926 427717.857474653 1266391254.59227 1412093080.61151 755474106.342697 1035698689.55664 210130845.047689 143167394.481607 2.06561908759987e-07 108.445701886078
11 29282.1425253469 795390.10046449 1.37495903680208 450310193.368914 527603655.051688 273584832.62908 379725592.975697 82311456.641902 49157045.2135176 7649.12337357169 427717.857474653 1295881673.69192 1446645380.63735 773390936.768359 1060566585.16419 215521350.05694 146386646.202741 1.21050456159972e-09 28.1418241085788
12 29282.1425253469 808459.259894448 1.40357098016699 422632370.577949 495175074.301301 256769240.56097 356386175.3335 77252273.118747 46135661.2733309 7628.34101750684 427717.857474653 1323559496.48288 1479073961.38774 790206528.836469 1083906002.80639 220580533.580095 149408030.142928 1.45018054496192e-09 7.35946804373374
13 29282.1425253469 813991.783940466 1.42594014444153 396655734.848096 464739680.746289 240987200.44047 334481289.431992 72504046.7692968 43299983.3875733 7622.91001574017 427717.857474653 1349536132.21274 1509509354.94275 805988568.956969 1105810888.70789 225328759.929545 152243708.028685 1.74829595586039e-09 1.9284662770665
14 29282.1425253469 816333.848648503 1.44328045920303 372275724.580033 436174965.318917 226175186.129217 313922763.349041 68047664.9514756 40638597.3370218 7621.48714797124 427717.857474653 1373916142.4808 1538074070.37012 820800583.268222 1126369414.79084 229785141.747367 154905094.079237 2.11382451598438e-09 0.505598508148521
15 29282.1425253469 817325.306956379 1.45663401713484 349394204.938605 409365948.837107 212273576.053359 294627844.553125 63865189.7608168 38140790.4649348 7621.11412364191 427717.857474653 1396797662.12223 1564883086.85193 834702193.34408 1145664333.58676 233967616.938025 157402900.951324 2.56110617299748e-09 0.132574178820339
16 29282.1425253469 817745.01761299 1.46686523529874 327919072.838808 384204719.188262 199226413.213771 276518866.806431 59939785.8265038 35796508.5562836 17358.4939171341 427717.857474653 1418272794.22202 1590044316.50078 847749356.183668 1163773311.33345 237893020.872338 159747182.859975 3.10812441585699e-09 0.0347638694937597
17 29282.1425253469 817922.691841268 1.47467365658904 307763891.816201 360590003.527043 186981183.352494 259522942.268095 56255653.5699355 33596315.9792455 17358.460801476 427717.857474653 1438427975.24463 1613659032.162 859994586.044945 1180769235.87179 241577153.128906 161947375.437013 -1.69778412416686e-08 0.00164821141583815
18 29282.1425253469 817997.90665485 1.48061530194249 288847521.311093 338426733.928056 175488589.72526 243571648.886833 52797961.4421941 31531355.2168906 17358.4592314897 427717.857474653 1457344345.74974 1635822301.76099 871487179.672178 1196720529.25305 245034845.256648 164012336.199368 -5.18370517595375e-08 7.82251589264108e-05
19 29282.1425253469 818029.748664513 1.48512628328238 271093807.864882 317625685.577619 164702365.48861 228600770.001219 49552789.4783354 29593313.1573623 17358.4591568819 427717.857474653 1475098059.19595 1656623350.11142 882273403.908828 1211691408.13866 248280017.220506 165950378.258896 -5.18370517595375e-08 3.61733302948401e-06
20 29282.1425253469 818043.219442136 1.48854509438466 254431300.353477 298103143.128439 154579100.690663 214550054.209302 46507077.2453753 27774390.0080086 17358.459153411 427717.857474653 1491760566.70735 1676145892.5606 892396668.706776 1225742123.93058 251325729.453467 167769301.40825 -5.18370517595375e-08 1.46443574539594e-07
21 29282.1425253469 818048.930246776 1.49113283885494 238792931.206142 279780527.201284 145078048.596423 201362946.555313 43648565.5728084 26067264.4963916 17358.4591532748 427717.857474653 1507398935.85469 1694468508.48776 901897720.801016 1238929231.58457 254184241.126034 169476426.919867 -5.18370517595375e-08 1.02711002327434e-08
22 29282.1425253469 818051.337594053 1.49308931621504 224115796.318445 262584136.521112 136160991.974443 188986402.940522 40965756.32326 24465069.8450075 17358.4591532678 427717.857474653 1522076070.74238 1711664899.16793 910814777.422995 1251305775.19936 256867050.375582 171078621.571251 -5.18370517595375e-08 3.18606503790946e-09
23 29282.1425253469 818052.363366186 1.4945670959323 210340973.916126 246444935.689836 127792133.048022 177370737.379582 38447879.2829117 22961373.9979889 17358.4591532542 427717.857474653 1535850893.1447 1727804099.99921 919183636.349416 1262921440.7603 259384927.41593 172582317.41827 -5.18370517595375e-08 -1.03550321394182e-08
24 29282.1425253469 818052.808943278 1.49568370067752 197412627.668025 231297504.353136 119937548.593702 166468865.69747 36084728.2209942 21550081.7145534 27095.936757057 427717.857474653 1548779239.3928 1742951531.33591 927038220.803736 1273823312.44241 261748078.477848 173993609.701705 0 0
25 29282.1425253469 818052.988533596 1.49652682677064 185278863.669436 217081041.280656 112565710.599364 156237028.183597 33866817.5363592 20225528.1195603 27095.936757057 427717.857474653 1560913003.39139 1757167994.40839 934410058.798074 1284055149.95628 263965989.162483 175318163.296698 0 0
26 29282.1425253469 818053.063774719 1.49716242387593 173891196.596842 203738738.888914 105647161.927873 146634339.424989 31785284.676786 18982420.427558 27095.936757057 427717.857474653 1572300670.46398 1770510296.80013 941328607.469565 1293657838.71489 266047522.022056 176561270.9887 0 0
27 29282.1425253469 818053.097198522 1.49764240614109 163203183.15399 191216182.125313 99153686.0706552 137621635.955062 29831640.3488444 17815688.7661617 27095.936757057 427717.857474653 1582988683.90684 1783032853.56373 947822083.326783 1302670542.18482 268001166.349998 177728002.650097 0 0
28 29282.1425253469 818053.110497759 1.49800442150212 153172107.767976 179463323.505424 93059331.2881423 129162897.722554 27998076.6435009 16720670.1910737 27095.936757057 427717.857474653 1593019759.29285 1794785712.18362 953916438.109296 1311129280.41733 269834730.055341 178823021.225185 0 0
29 29282.1425253469 818053.116956803 1.49827764551387 143757547.995974 168432802.279044 87339539.0262123 121224038.365888 26277204.8091808 15692952.0821066 27095.936757057 427717.857474653 1602434319.06485 1805816233.41 959636230.371226 1319068139.77399 271555601.889661 179850739.334152 0 0
30 29282.1425253469 818053.11956333 1.49848377880422 134921614.725656 158080225.859808 81971289.8493585 113773107.763 24662099.1576091 14728398.3640948 27095.936757057 427717.857474653 1611270252.33517 1816168809.82924 965004479.548079 1326519070.37688 273170707.541233 180815293.052164 0 0
31 29282.1425253469 818053.117221443 1.49863904910988 126628772.558811 148363959.378561 76932994.3152019 106780140.569207 23146264.2320266 13823129.8994961 27095.936757057 427717.857474653 1619563094.50202 1825885076.31049 970042775.082236 1333512037.57067 274686542.466816 181720561.516762 0 0
32 29282.1425253469 818053.113676627 1.49875594808573 118845666.340813 139244922.437491 72204387.5829066 100217009.937604 21723603.0987991 12973505.5518938 36833.4143608585 427717.857474653 1627346200.72001 1835004113.25156 974771381.814531 1340075168.20228 276109203.600043 182570185.864365 0 0
33 29282.1425253469 818053.117526705 1.49884421698363 111540950.183778 130686388.785979 67766425.5366242 94057283.3422594 20388386.0948424 12176103.5217134 36833.4143608585 427717.857474653 1634650916.87704 1843562646.90307 979209343.860813 1346234894.79762 277444420.604 183367587.894545 0 0
34 29282.1425253469 818053.119139588 1.49891069957905 104685386.197483 122654101.998177 63601344.7692167 88276305.8333938 19135268.8744836 11427732.1239504 36833.4143608585 427717.857474653 1641506480.86334 1851594933.69088 983374424.628221 1352015872.30649 278697537.824359 184115959.292308 0 0
35 29282.1425253469 818053.119856165 1.49896087248907 98251024.6952721 115115314.965414 59692164.518404 82850508.7432413 17959142.5606525 10725340.2972897 36833.4143608585 427717.857474653 1647940842.36555 1859133720.72364 987283604.879034 1357441669.39664 279873664.13819 184818351.118969 0 0
36 29282.1425253469 818053.120141283 1.49899869515161 92212150.8377263 108039899.026457 56023261.7977603 77758207.9465249 16855306.780315 10066120.9422197 36833.4143608585 427717.857474653 1653979716.2231 1866209136.6626 990952507.599677 1362533970.19336 280977499.918527 185477570.474039 0 0
37 29282.1425253469 818053.120279684 1.49902723051744 86544429.6737423 101399342.25922 52579851.9685572 72978882.9134547 15819313.3879437 9447417.59146669 36833.4143608585 427717.857474653 1659647437.38708 1872849693.42983 994395917.42888 1367313295.22643 282013493.310899 186096273.824792 0 0
38 29282.1425253469 818053.12033563 1.49904875287936 81225051.2520441 95166919.4999336 49348076.9019005 68493299.0755009 14846992.9902111 8866740.25074968 36833.4143608585 427717.857474653 1664966815.80878 1879082116.18912 997627692.495537 1371798879.06438 282985813.708631 186676951.165509 0 0
39 29282.1425253469 818053.120285702 1.4990649609395 76232622.5757233 89317565.7522297 46314939.3359807 64283416.7156945 13934435.1965391 8321753.60425351 36833.4143608585 427717.857474653 1669959244.4851 1884931469.93682 1000660830.06146 1376008761.42419 283898371.502303 187221937.812005 0 0
40 29282.1425253469 818053.120209711 1.49907716125008 71547063.4615191 83827754.1711944 43468239.6056394 60332303.1516135 13077969.583388 7810265.64635412 46570.89196466 427717.857474653 1674644803.5993 1890421281.51786 1003507529.7918 1379959874.98827 284754837.115454 187733425.769905 0 0
41 29282.1425253469 818053.120292091 1.49908637264124 67149506.7413741 78675379.1350272 40796515.0100735 56624048.5800069 12274147.4522643 7330216.78735776 46570.89196466 427717.857474653 1679042360.31944 1895573656.55403 1006179254.38737 1383668129.55988 285558659.246578 188213474.628901 0 0
42 29282.1425253469 818053.1203266 1.49909330986323 63022343.4041736 73839809.1351308 38289067.2385863 53143804.1427195 11519750.0811044 6879684.78129205 46570.89196466 427717.857474653 1683169523.65665 1900409226.55392 1008686702.15885 1387148373.99716 286313056.617738 188664006.634967 0 0
43 29282.1425253469 818053.120341932 1.49909854487802 59148750.7653116 69301333.958375 35935675.7111862 49877384.0540826 10811702.4791686 6456833.21965463 46570.89196466 427717.857474653 1687043116.29551 1904947701.73068 1011040093.68625 1390414794.0858 287021104.219673 189086858.196604 0 0
44 29282.1425253469 818053.120348033 1.49910249106684 55513248.2759044 65041815.8981446 33726935.2590858 46811734.2889133 10147174.9824899 6059972.20500904 46570.89196466 427717.857474653 1690678618.78491 1909207219.79091 1013248834.13835 1393480443.85097 287685631.716352 189483719.21125 0 0
45 29282.1425253469 818053.120350994 1.49910546815706 52101185.9011498 61044090.3154371 31653945.2902524 43934501.1558354 9523489.73539848 5687502.50102046 46570.89196466 427717.857474653 1694090681.15967 1913204945.37362 1015321824.10719 1396357676.98405 288309316.963444 189856188.915239 0 0
46 29282.1425253469 818053.120352192 1.49910771351692 48898831.6453199 57292068.1870773 29708362.9649985 41234105.103026 8938136.68907114 5337925.08691435 46570.89196466 427717.857474653 1697293035.4155 1916956967.50198 1017267406.43244 1399058073.03686 288894670.009771 190205766.329345 0 0
47 29282.1425253469 818053.120351127 1.49910940441775 45893306.5363815 53770659.9307769 27882363.6960506 38699685.8937767 8388761.71747714 5009834.06022642 46570.89196466 427717.857474653 1700298560.52444 1920478375.75828 1019093405.70139 1401592492.24611 289444044.981365 190533857.356033 0 0
48 29282.1425253469 818053.120349501 1.49911067718269 43072522.0273827 50465702.0617871 26168603.1169182 36321049.8200009 7873155.17508119 4701909.80337344 56308.3695684615 427717.857474653 1703119345.03344 1923783333.62727 1020807166.28052 1403971128.31988 289959651.523761 190841781.612886 0 0
49 29282.1425253469 818053.120351261 1.49911163812481 40425121.0956166 47363888.1820317 24560181.2968376 34088620.0339052 7389241.13045668 4412912.55388298 56308.3695684615 427717.857474653 1705766745.96521 1926885147.50703 1022415588.1006 1406203558.10597 290443565.568385 191130778.862377 0 0
50 29282.1425253469 818053.120351999 1.4991123618177 37940500.113542 44452794.605061 23050656.0283951 31993454.9907164 6935081.3640353 4141684.79188063 56308.3695684615 427717.857474653 1708251366.94728 1929796241.084 1023925113.36904 1408298723.14916 290897725.334807 191402006.624379 0 0
51 29282.1425253469 818053.120352327 1.49911290793211 35608532.8417185 41720556.9737733 21633875.140125 30027015.7047914 6508824.91723135 3887121.11043281 56308.3695684615 427717.857474653 1710583334.2191 1932528478.71528 1025341894.25731 1410265162.43509 291323981.781611 191656570.305827 0 0
52 29282.1425253469 818053.120352457 1.49911331959455 33419899.8080128 39156256.1758921 20304176.6100224 28181443.4997465 6108768.29912297 3648204.17144731 56308.3695684615 427717.857474653 1712771967.25281 1935092779.51316 1026671592.78742 1412110734.64013 291724038.399719 191895487.244812 0 0
53 29282.1425253469 818053.12035252 1.49911363015976 31365781.4513808 36749558.8174338 19056202.1358157 26449301.2509137 5733299.39671077 3423971.2084414 56308.3695684615 427717.857474653 1714826085.60944 1937499476.87162 1027919567.26162 1413842876.88897 292099507.302131 192119720.207818 0 0
54 29282.1425253469 818053.120352546 1.49911386439156 29437910.8724266 34490779.0276332 17884929.1834363 24823617.8674286 5380907.11710543 3213519.78493159 56308.3695684615 427717.857474653 1716753956.1884 1939758256.66142 1029090840.214 1415468560.27245 292451899.581737 192330171.631328 0 0
55 29282.1425253469 818053.120352523 1.49911404078285 27628534.7040037 32370832.6131819 16785647.2140507 23297855.2962324 5050174.23512953 3016003.52296557 56308.3695684615 427717.857474653 1718563332.35682 1941878203.07588 1030190122.18339 1416994322.84365 292782632.463713 192527687.893294 0 0
56 29282.1425253469 818053.120352489 1.49911417355442 25930375.4601614 30381192.9445613 15753934.8092562 21865876.7726929 4739770.51114352 2830627.9930341 56308.3695684615 427717.857474653 1720261491.60066 1943867842.7445 1031221834.58818 1418426301.36719 293093036.187699 192713063.423225 0 0
57 29282.1425253469 818053.120352506 1.49911427375404 24336591.3836594 28513843.9115876 14785635.2765395 20521912.9618867 4448445.35163935 2656646.3309201 56308.3695684615 427717.857474653 1721855275.67716 1945735191.77747 1032190134.1209 1419770265.17799 293384361.347203 192887045.085339 0 0
58 29282.1425253469 818053.120352574 1.49911434934416 22840767.971586 26761269.994445 13876851.5006868 19260554.8125473 4175026.26022217 2493358.31261293 56308.3695684615 427717.857474653 1723351099.08924 1947487765.69461 1033098917.89675 1421031623.32733 293657780.43862 193050333.103646 0 0
59 29282.1425253469 818053.120352578 1.49911440632271 21436881.5174569 25116413.5479704 13023923.7938772 18076722.8138166 3918412.17353076 2340106.37446786 56308.3695684615 427717.857474653 1724754985.54337 1949132622.14109 1033951845.60356 1422215455.32606 293914394.525312 193203585.041792 0 0
60 29282.1425253469 818053.120352363 1.4991144492661 20119271.2224106 23572642.1258773 12223412.951909 16965643.4779166 3677568.36348896 2196272.56879088 56308.3695684615 427717.857474653 1726072595.83841 1950676393.56318 1034752356.44553 1423326534.66196 294155238.335353 193347418.847468 0 0
61 29282.1425253469 818053.120351657 1.49911448126685 18882647.4779711 22123758.1852123 11472105.2863718 15922856.3246167 3451527.95129828 2061279.46800686 56308.3695684615 427717.857474653 1727309219.58285 1952125277.50384 1035503664.11107 1424369321.81526 294381278.747544 193482411.948253 0 0
62 29282.1425253469 818053.120350095 1.49911450471863 17722052.5832765 20763953.0608954 10766988.7584964 14944180.755904 3239384.72700488 1934585.87644887 56308.3695684615 427717.857474653 1728469814.47755 1953485082.62816 1036208780.63894 1425347997.38398 294593421.971837 193609105.539811 0 0
63 29282.1425253469 818053.120347419 1.49911452158202 16632815.0830186 19487753.4659983 10105225.2372846 14025677.5512964 3040284.80300701 1815681.84576758 56308.3695684615 427717.857474653 1729559051.9778 1954761282.22306 1036870544.16015 1426266500.58858 294792521.895835 193728009.570492 0 0
64 29282.1425253469 818053.120343201 1.49911453488423 15610526.5381026 18289994.2752058 9484136.38658131 13163629.2796232 2853422.36800228 1704086.13915534 56308.3695684615 427717.857474653 1730581340.52272 1955959041.41385 1037491633.01086 1427128548.86026 294979384.33084 193839605.277104 0 0
65 29282.1425253469 818053.120346824 1.49911454635605 14651043.0220728 17165820.2780952 8901204.57422432 12354541.5608907 2678039.96051676 1599346.39469998 56308.3695684615 427717.857474653 1731540824.03875 1957083215.41096 1038074564.82321 1427937636.57899 295154766.738325 193944345.021559 0 0
66 29282.1425253469 818053.120349978 1.49911455486548 13750532.4911463 16110741.6799963 8354101.6515898 11595183.0112237 2513437.12759531 1501044.29642228 56308.3695684615 427717.857474653 1732441334.56968 1958138294.00906 1038621667.74585 1428696995.12866 295319369.571247 194042647.119837 0 0
67 29282.1425253469 818053.120350052 1.49911456125584 12905371.0709137 15120512.5868296 7840625.94283661 10882497.7862746 2358951.46721877 1408784.25265938 56308.3695684615 427717.857474653 1733286495.98991 1959128523.10223 1039135143.4546 1429409680.35361 295473855.231623 194134907.1636 0 0
68 29282.1425253469 818053.120357232 1.49911456605831 12112156.5766431 14191146.8461028 7358710.45913316 10213616.9822661 2213961.09965809 1322194.87197678 56308.3695684615 427717.857474653 1734079710.48418 1960057888.84295 1039617058.93831 1430078561.15761 295618845.599184 194221496.544283 0 0
69 29282.1425253469 818053.120357217 1.49911456967638 11367696.1432942 13318903.5536787 6906415.38330334 9585848.20495848 2077882.40638496 1240927.61282809 56308.3695684615 427717.857474653 1734824170.91753 1960930132.13538 1040069354.01414 1430706329.93492 295754924.292457 194302763.803431 0 0
70 29282.1425253469 818053.12035215 1.49911457240682 10668993.1553359 12500271.7401627 6481920.12906998 8996664.54817413 1950167.64099482 1164655.35677959 56308.3695684615 427717.857474653 1735522873.90549 1961748763.94889 1040493849.26837 1431295513.59171 295882639.057847 194379036.05948 0 0
71 29282.1425253469 818053.120356611 1.49911457446389 10013235.1814931 11731956.2347099 6083516.0108403 8443694.419732 1830302.72381911 1093071.09143539 56308.3695684615 427717.857474653 1736178631.87933 1962517079.45435 1040892253.3866 1431848483.72015 296002503.975023 194450620.324824 0 0
72 29282.1425253469 818053.120337273 1.49911457602961 9397782.80500426 11010864.5780533 5709599.45755697 7924712.1225246 1717805.2002265 1025886.69111905 56308.3695684615 427717.857474653 1736794084.25582 1963238171.111 1041266169.93988 1432367466.01736 296115001.498616 194517804.72514 0 0
