"Time" "IECs" "pheme_e" "BiomassCD" "pro_L_e" "leu_L_e" "ile_L_e" "val_L_e" "trp_L_e" "cys_L_e" "Drug" "Damage" "pro_L_v" "leu_L_v" "ile_L_v" "val_L_v" "trp_L_v" "cys_L_v" "CD" "pheme_c"
0 457000 1e+05 0.4963 224235600.199112 195370466.451958 120509812.093413 157438605.791629 18978882.6152 31300034.1459915 0 0 0 0 0 0 0 0 45700000 1000
1 386986.386389684 125329.380554421 0.594123778046881 255072724.961133 270239001.776891 148856135.007968 201945923.059782 37688913.9345272 30274165.0791432 0 70013.6136103157 219748296.031274 216318083.68037 124198462.764768 166126010.208174 26938516.3450134 27911096.6932096 48532264.0502818 732.434398641979
2 323943.451868214 187861.806355267 0.697811963568026 276308580.962131 309069384.593204 165224809.516081 226518309.520712 46284388.0473145 31003761.0436182 0 133056.548131786 424013388.10731 439683265.538853 245100211.163263 331152566.932135 59446447.253927 51389987.5849793 52252901.6791156 952.576231193893
3 267132.367304621 255999.732482818 0.80352890073711 296531403.834652 338505168.12805 178938341.104361 246314439.616793 51922179.8037892 32556288.0084559 0 189867.632695378 606826415.876659 646524782.703987 354980053.729791 482135584.666102 90848623.1747385 71652917.0925609 57057137.9607486 1144.57184541269
4 216091.855336059 319632.092045635 0.907130672645331 318394221.148533 366844483.558373 192884303.35901 266044274.104185 56829714.5161015 34643042.7269131 0 240908.144663941 767144656.167886 830462956.550918 451931823.044027 615736170.650696 119218312.339886 89165718.9700318 63165468.3597815 1279.89722517814
5 170614.935323898 374987.442400299 1.00479461788645 342585103.363824 396760175.225357 207927060.055398 287170720.870967 61750448.876284 37141350.0414375 0 286385.064676102 904964129.20359 989685775.214512 535508128.378253 731089772.788521 143946914.734046 104130548.940177 70824634.8007604 1366.58053745099
6 130699.878349765 420144.525268758 1.09354967305225 368856986.224683 428756059.763497 224089127.677803 309851451.902882 66889233.0540287 39954283.0668566 0 326300.121650235 1020463977.33132 1123696612.63179 605645401.959788 828011642.399818 164830579.102229 116644997.792825 80308732.4761355 1415.30125139681
7 96468.2055835167 453807.392612172 1.17156463696703 396304425.151278 462199518.60353 240893008.532313 333509480.583172 72200395.0751254 42962314.5026695 0 360531.794416483 1114022734.55544 1232622680.82658 662500579.952576 906672797.742334 181835583.457431 126781928.699251 91917683.2902412 1433.27790886253
8 68051.6140916865 475133.379189555 1.23815255147351 423478883.144852 495701548.288503 257491110.216291 357046763.142907 77490826.1444479 46008871.8371776 9737.47760380151 388948.385908314 1186509298.21167 1317305255.15613 706568540.18496 967727182.980698 195068975.731563 134647342.497606 105972311.864259 1424.68509235475
9 66352.8247789293 626276.928247411 1.29357901128408 371862397.133095 435399310.324348 226109913.427408 313569916.659409 68066529.0281147 40408873.9803008 7231.99006413507 390647.175221071 1244047268.8593 1384672757.87205 741554300.742709 1016245067.84273 205600591.900199 140899675.450582 4741.37878735922 229.834144179501
10 66352.6737727298 696397.104319017 1.33875793793484 322075297.140041 377105528.036483 195837003.774261 271587356.215341 58953387.9787848 34998699.5446818 7020.72353845365 390647.32622727 1293834896.44785 1442967168.19469 771827531.556233 1058228076.92573 214713831.381822 146309907.872582 3.77016566272002 20.2993690676663
11 66352.6736457408 725722.767188225 1.37495919269031 278953592.828114 326615989.668551 169616969.375504 235225332.263768 51060294.0755964 30312827.6807129 7002.2438372702 390647.326354259 1336956601.20465 1493456707.09077 798047566.225795 1094590101.25511 222606925.367789 150995779.785314 0.00366556459567161 1.8214174418009
12 66352.6736456166 737986.96514309 1.40357110261997 241605325.016157 282886345.141895 146907457.253922 203731711.348276 44223982.9947513 26254333.2376802 7000.58622196863 390647.326354383 1374304869.01705 1537186351.61795 820757078.347642 1126083722.17097 229443236.448715 155054274.228395 3.63612977262547e-06 0.163803926564669
13 66352.6736456165 743115.938553061 1.42594023972328 209257505.824752 245011532.805885 127238454.243326 176454677.773751 38302965.2947386 22739218.5583718 7000.43715236384 390647.326354383 1406652688.20845 1575061163.95396 840426081.358238 1153360755.7455 235364254.148728 158569388.907703 7.23962877105088e-08 0.0147343236825947
14 66352.6736456165 745260.909845077 1.4432805328282 181240640.046523 212207666.575685 110202875.613472 152829685.190364 33174695.0645201 19694732.140832 7000.42374417576 390647.326354383 1434669553.98668 1607865030.18416 857461659.988092 1176985748.32889 240492524.378946 161613875.325243 -9.61202001617424e-09 0.00132613571792084
15 66352.6736456165 746157.95027138 1.4566340737679 156974869.201831 183795812.549509 95448140.0013259 132367772.684737 28733033.7016406 17057862.9659364 7000.42253772975 390647.326354383 1458935324.83137 1636276884.21033 872216395.600238 1197447660.83451 244934185.741826 164250744.500138 -7.61899648566558e-09 0.000119689717844263
16 66352.6736456165 746533.096191135 1.46686527877319 135957970.356178 159187937.28738 82668872.124795 114645444.881026 24886053.1887301 14774036.3744509 16737.9000328121 390647.326354383 1479952223.67703 1660884759.47246 884995663.476769 1215169988.63823 248781166.254736 166534571.091624 0 1.09705364021717e-05
17 66352.6736456165 746690.004005979 1.47467376567919 117754953.500605 137874727.785541 71600577.4983265 99295900.0171478 21554131.9745756 12795983.6538606 16737.9000218957 390647.326354383 1498155240.5326 1682197968.9743 896063958.103238 1230519533.50211 252113087.46889 168512623.812214 0 5.41838975100698e-08
18 66352.6736456165 746755.574313789 1.48061517786802 101989223.521394 119415243.368073 62014268.492749 86001577.3481225 18668337.2411447 11082781.6431772 16737.9000218354 390647.326354383 1513920970.51181 1700657453.39177 905650267.108815 1243813856.17113 254998882.202321 170225825.822898 0 -6.16029064102504e-09
19 66352.6736456165 746783.034869873 1.48512607627653 88334217.5886922 103427124.228172 53711379.4722928 74487105.4425297 16168894.1923599 9598943.99971598 16737.900021828 390647.326354383 1527575976.44451 1716645572.53167 913953156.129271 1255328328.07673 257498325.251106 171709663.466359 0 -1.35123996449815e-08
20 66352.6736456165 746794.534847775 1.48854504044714 76507364.6866379 89579518.8752301 46520093.9033974 64514208.6057622 14004080.3928839 8313764.80417138 16737.9000218195 390647.326354383 1539402829.34657 1730493177.88461 921144441.698166 1265301224.91349 259663139.050582 172994842.661903 0 -2.20555582285808e-08
21 66352.6736456165 746799.289389923 1.49113279562305 66264009.510938 77585969.86115 40291649.7972494 55876583.2564286 12129113.5846438 7200658.29363915 16737.9000218195 390647.326354383 1549646184.52227 1742486726.89869 927372885.804314 1273938850.26283 261538105.858822 174107949.172436 0 -2.20555582285808e-08
22 66352.6736456165 746801.308992116 1.49308958130212 57392099.0895465 67198192.5496778 34897108.9240131 48395417.4627615 10505179.11391 6236581.47686169 16737.9000218195 390647.326354383 1558518094.94366 1752874504.21016 932767426.677551 1281420016.05649 263162040.329556 175072025.989213 0 -2.20555582285808e-08
23 66352.6736456165 746802.029154846 1.49456805926908 49708029.3972775 58201212.0778433 30224831.3582033 41915888.6344101 9098669.68627775 5401582.8016094 16737.9000218195 390647.326354383 1566202164.63593 1761871484.682 937439704.243361 1287899544.88485 264568549.757188 175907024.664465 0 -2.20555582285808e-08
24 66352.6736456165 746802.432179977 1.49568437018137 43052830.4101436 50408896.5834045 26178155.8114067 36303946.6007591 7880487.07041856 4678387.59902188 26475.377625621 390647.326354383 1572857363.62306 1769663800.17644 941486379.790157 1293511486.9185 265786732.373048 176630219.867053 0 0
25 66352.6736456165 746802.628397514 1.49652718917451 37288683.3671888 43659879.4012175 22673281.9628623 31443376.8204956 6825404.60984022 4052019.62767604 26475.377625621 390647.326354383 1578621510.66601 1776412817.35863 944991253.638701 1298372056.69876 266841814.833626 177256587.838399 0 0
26 66352.6736456165 746802.710556087 1.49716321111566 32296223.096757 37814400.461239 19637630.146325 27233525.5903319 5911573.43460935 3509507.92762542 26475.377625621 390647.326354383 1583613970.93645 1782258296.2986 948026905.455239 1302581907.92893 267755646.008857 177799099.538449 0 0
27 66352.6736456165 746802.744990081 1.4976430668917 27972162.3448014 32751524.7062845 17008396.8293905 23587296.7793118 5120087.6130532 3039628.66517861 26475.377625621 390647.326354383 1587938031.6884 1787321172.05356 950656138.772173 1306228136.73995 268547131.830413 178268978.800896 0 0
28 66352.6736456165 746802.759231359 1.49800500032654 24227048.9244892 28366516.0251094 14731190.8544443 20429260.5635844 4434573.6153703 2632661.41086329 26475.377625621 390647.326354383 1591683145.10872 1791706180.73474 952933344.747119 1309386172.95567 269232645.828096 178675946.055212 0 0
29 66352.6736456165 746802.765271209 1.49827796960205 20983352.2591442 24568596.8594328 12758869.9663307 17694039.9194151 3840840.07014005 2280181.21131378 26475.377625621 390647.326354383 1594926841.77406 1795504099.90041 954905665.635233 1312121393.59984 269826379.373326 179028426.254761 0 0
30 66352.6736456165 746802.767341146 1.49848382200503 18173929.3963155 21279152.1190466 11050608.0764009 15325017.1021126 3326596.98008195 1974891.8968447 26475.377625621 390647.326354383 1597736264.63689 1798793544.6408 956613927.525163 1314490416.41715 270340622.463385 179333715.56923 0 0
31 66352.6736456165 746802.767672826 1.49863892359852 15740735.6413081 18430219.5124078 9571111.26675753 13273246.3983153 2881219.71351225 1710485.9708928 26475.377625621 390647.326354383 1600169458.3919 1801642477.24744 958093424.334806 1316542187.12094 270785999.729954 179598121.495182 0 0
32 66352.6736456165 746802.768836471 1.49875597094816 13633257.4375966 15962654.6668305 8289664.90747462 11496132.6652358 2495462.15524438 1481474.31708224 36212.8552294225 390647.326354383 1602276936.59561 1804110042.09301 959374870.694089 1318319300.85402 271171757.288222 179827133.148993 0 0
33 66352.6736456165 746802.769294768 1.49884421941604 11807963.1438397 13825488.064502 7179799.70306332 9956968.20287777 2161356.17557641 1283126.51724825 36212.8552294225 390647.326354383 1604102230.88937 1806247208.69534 960484735.8985 1319858465.31638 271505863.26789 180025480.948827 0 0
34 66352.6736456165 746802.769486662 1.49891075608571 10227033.4477206 11974438.533075 6218519.7240788 8623862.18590516 1871979.24238011 1111332.89033014 36212.8552294225 390647.326354383 1605683160.58549 1808098258.22676 961446015.877485 1321191571.33335 271795240.201086 180197274.575745 0 0
35 66352.6736456165 746802.769567089 1.49896092218909 8857761.44945581 10371210.8266147 5385937.62953837 7469234.78897548 1621344.61103496 962539.301724159 36212.8552294225 390647.326354383 1607052432.58375 1809701485.93323 962278597.972025 1322346198.73028 272045874.832431 180346068.164351 0 0
36 66352.6736456165 746802.769600351 1.49899874112175 7671820.91091913 8982638.84675531 4664829.72780185 6469200.1438069 1404267.38309918 833667.646694479 36212.8552294225 390647.326354383 1608238373.12229 1811090057.91308 962999705.873762 1323346233.37545 272262952.060367 180474939.819381 0 0
37 66352.6736456165 746802.769614458 1.49902725324537 6644660.73414085 7779976.66095838 4040267.79087892 5603055.73813273 1216253.67029011 722050.050650981 36212.8552294225 390647.326354383 1609265533.29907 1812292720.09888 963624267.810685 1324212377.78112 272450965.773176 180586557.415424 0 0
38 66352.6736456165 746802.769619293 1.49904874872743 5755019.19266722 6738329.73476978 3499323.68413536 4852872.79527408 1053411.67829791 625376.082515675 36212.8552294225 390647.326354383 1610155174.84054 1813334367.02507 964165211.917428 1324962560.72398 272613807.765168 180683231.38356 0 0
39 66352.6736456165 746802.769620067 1.4990649409433 4984515.66054471 5836176.9030535 3030821.11821835 4203152.00295002 912376.975939 541648.389461719 36212.8552294225 390647.326354383 1610925678.37266 1814236519.85679 964633714.483345 1325612281.51631 272754842.467527 180766959.076614 0 0
40 66352.6736456165 746802.769622785 1.49907715867888 4317154.34337939 5054789.30785315 2625033.894084 3640405.03855825 790221.656971175 469128.769252091 45950.332833224 390647.326354383 1611593039.68983 1815017907.45199 965039501.70748 1326175028.4807 272876997.786495 180839478.696823 0 0
41 66352.6736456165 746802.769623856 1.49908636917608 3739150.40824815 4378026.82061916 2273580.18176531 3153007.95464692 684422.514520842 406319.276437264 45950.332833224 390647.326354383 1612171043.62496 1815694669.93922 965390955.419799 1326662425.56461 272982796.928945 180902288.189638 0 0
42 66352.6736456165 746802.769624304 1.49909331297129 3238527.7482385 3791867.08024145 1969177.94220046 2730861.99715748 592787.414998209 351918.512955134 45950.332833224 390647.326354383 1612671666.28497 1816280829.6796 965695357.659364 1327084571.5221 273074432.028468 180956688.95312 0 0
43 66352.6736456165 746802.769624492 1.49909854796303 2804929.34614735 3284183.45522727 1705529.61939832 2365233.69616701 513420.586641474 304801.021074251 45950.332833224 390647.326354383 1613105264.68706 1816788513.30462 965959005.982166 1327450199.82309 273153798.856825 181003806.445001 0 0
44 66352.6736456165 746802.76962457 1.49910249428055 2429385.31753946 2844473.45427574 1477181.09965444 2048559.27009716 444680.161595689 263992.077513785 45950.332833224 390647.326354383 1613480808.71567 1817228223.30557 966187354.501909 1327766874.24916 273222539.28187 181044615.388561 0 0
45 66352.6736456165 746802.769624603 1.49910546933581 2104121.22720823 2463634.29142388 1279405.1588991 1774282.9901398 385143.089725897 228646.86392118 45950.332833224 390647.326354383 1613806072.806 1817609062.46842 966385130.442665 1328041150.52912 273282076.35374 181079960.602154 0 0
46 66352.6736456165 746802.769624614 1.4991077121832 1822404.26223201 2133782.77601849 1108107.92864483 1536727.46694672 333576.981786809 198033.751082301 45950.332833224 390647.326354383 1614087789.77098 1817938913.98382 966556427.672919 1328278706.05231 273333642.461679 181110573.714993 0 0
47 66352.6736456165 746802.769624616 1.49910940164575 1578413.95123302 1848103.94288879 959750.287185322 1330984.63570367 288916.445584712 171520.250474215 45950.332833224 390647.326354383 1614331780.08198 1818224592.81695 966704785.314379 1328484448.88355 273378302.997881 181137087.215601 0 0
48 66352.6736456165 746802.769624622 1.49911067639946 1367085.01111277 1600667.04765757 831252.302982549 1152783.23792721 250234.320289868 148555.937016671 55687.8104370255 390647.326354383 1614543109.0221 1818472029.71218 966833283.298581 1328662650.28133 273416985.123176 181160051.529058 0 0
49 66352.6736456165 746802.769624625 1.49911163737651 1184052.2975975 1386361.1114607 719959.76199648 998442.401463072 216731.600060333 128666.467056912 55687.8104370255 390647.326354383 1614726141.73562 1818686335.64838 966944575.839567 1328816991.11779 273450487.843405 181179940.999018 0 0
50 66352.6736456165 746802.769624626 1.49911236185053 1025523.39501861 1200745.7412411 623566.696249428 864764.202862099 187714.112588329 111439.733184918 55687.8104370255 390647.326354383 1614884670.63819 1818871951.0186 967040968.905314 1328950669.3164 273479505.330877 181197167.73289 0 0
51 66352.6736456165 746802.769624626 1.49911290803356 888218.625708435 1039980.88906697 540078.906703211 748983.080794648 162581.538284905 96519.3452822459 55687.8104370255 390647.326354383 1615021975.4075 1819032715.87077 967124456.69486 1329066450.43846 273504637.905181 181212088.120793 0 0
52 66352.6736456165 746802.769624626 1.49911331976361 769297.555046587 900740.799728535 467769.274853508 648703.862032862 140813.957598033 83596.6441044921 55687.8104370255 390647.326354383 1615140896.47817 1819171955.96011 967196766.32671 1329166729.65722 273526405.485868 181225010.82197 0 0
53 66352.6736456165 746802.769624626 1.49911363015773 666298.30355251 780142.953610855 405140.861613691 561850.586869839 121960.742561313 72404.1065568354 55687.8104370255 390647.326354383 1615243895.72966 1819292553.80623 967259394.73995 1329253582.93239 273545258.700904 181236203.359518 0 0
54 66352.6736456165 746802.769624626 1.49911386415816 577088.835197508 675691.032059413 350897.288306144 486625.433387733 105631.640496867 62710.0523798759 55687.8104370255 390647.326354383 1615333105.19801 1819397005.72778 967313638.313257 1329328808.08587 273561587.802969 181245897.413695 0 0
55 66352.6736456165 746802.769624627 1.49911404042242 499826.019595799 585226.984880494 303917.844539469 421474.19698568 91489.2806665612 54314.1955933872 55687.8104370255 390647.326354383 1615410368.01362 1819487469.77496 967360617.757024 1329393959.32227 273575730.162799 181254293.270481 0 0
56 66352.6736456165 746802.769624627 1.4991141734196 432905.866760892 506872.762139179 263227.228588175 365044.326245737 79240.0651296968 47042.2366962617 55687.8104370255 390647.326354383 1615477288.16645 1819565823.9977 967401308.372975 1329450389.19301 273587979.378336 181261565.229378 0 0
57 66352.6736456165 746802.769624626 1.49911427368374 374945.386412464 439009.073922294 227984.516993825 316169.625941993 68630.8482296756 40743.8913862736 55687.8104370255 390647.326354383 1615535248.6468 1819633687.68591 967436551.08457 1329499263.89332 273598588.595236 181267863.574688 0 0
58 66352.6736456165 746802.769624626 1.499114349269 324745.062812637 380231.453573298 197460.347491843 273838.614253628 59442.0679034916 35288.8128430292 55687.8104370255 390647.326354383 1615585448.9704 1819692465.30626 967467075.254072 1329541594.905 273607777.375562 181273318.653232 0 0
59 66352.6736456165 746802.769624627 1.49911440625178 281265.935794534 329323.422753658 171022.98319359 237175.196529972 51483.550541564 30564.101210368 55687.8104370255 390647.326354383 1615628928.09742 1819743373.33708 967493512.61837 1329578258.32273 273615735.892924 181278043.364864 0 0
60 66352.6736456165 746802.769624626 1.49911444921415 243608.087553438 285231.302457388 148125.231538556 205420.524453356 44590.5731615257 26471.9658376497 55687.8104370255 390647.326354383 1615666585.94566 1819787465.45738 967516410.370025 1329610012.9948 273622628.870305 181282135.500237 0 0
61 66352.6736456165 746802.769624621 1.49911448160725 210992.087438953 247042.487434717 128293.161850969 177917.349512096 38620.4670211775 22927.7089557757 55687.8104370255 390647.326354383 1615699201.94577 1819825654.2724 967536242.439713 1329637516.16975 273628598.976445 181285679.757119 0 0
62 66352.6736456165 746802.769624604 1.49911450601048 182742.929302598 213966.639052672 111116.338487914 154096.478300408 33449.6774744045 19857.9802097466 55687.8104370255 390647.326354383 1615727451.10391 1819858730.12078 967553419.263076 1329661337.04096 273633769.765992 181288749.485865 0 0
63 66352.6736456165 746802.769624593 1.49911452439529 158276.02108344 185319.28104193 96239.3018451946 133464.958351265 28971.1994733679 17199.2542001335 55687.8104370255 390647.326354383 1615751918.01213 1819887377.4788 967568296.299718 1329681968.56091 273638248.243993 181291408.211875 0 0
64 66352.6736456165 746802.769624619 1.49911453826805 137084.9109548 160507.428515958 83354.1052743899 115595.728310126 25092.3309347452 14896.4967300467 55687.8104370255 390647.326354383 1615773109.12226 1819912189.33132 967581181.496289 1329699837.79095 273642127.112531 181293710.969345 0 0
65 66352.6736456165 746802.769624642 1.49911454873064 118731.010890121 139017.555691137 72194.0665251845 100118.952416042 21732.7917180765 12902.0481040615 55687.8104370255 390647.326354383 1615791463.02232 1819933679.20415 967592341.535038 1329715314.56684 273645486.651748 181295705.417971 0 0
66 66352.6736456165 746802.769624608 1.4991145566126 102834.462130881 120404.900615879 62528.213518109 86714.3178822851 18823.0516204324 11174.6305133018 55687.8104370255 390647.326354383 1615807359.57108 1819952291.85922 967602007.388046 1329728719.20138 273648396.391846 181297432.835561 0 0
67 66352.6736456165 746802.76962456 1.49911456255504 89066.256088074 104284.239838432 54156.4934802267 75104.3909110598 16302.8881684696 9678.49184372276 55687.8104370255 390647.326354383 1615821127.77712 1819968412.52 967610379.108083 1329740329.12835 273650916.555298 181298928.974231 0 0
68 66352.6736456165 746802.769624664 1.49911456704192 77141.4238406365 90321.9142535877 46905.6318382763 65048.8737938395 14120.1400088805 8382.6656047658 55687.8104370255 390647.326354383 1615833052.60937 1819982374.84558 967617629.969725 1329750384.64546 273653099.303457 181300224.80047 0 0
69 66352.6736456165 746802.76962487 1.4991145704221 66813.1792116282 78228.9714567508 40625.5709321575 56339.6661083268 12229.6348438625 7260.33447968762 55687.8104370255 390647.326354383 1615843380.854 1819994467.78838 967623910.030632 1329759093.85315 273654989.808622 181301347.131595 0 0
70 66352.6736456165 746802.769624828 1.49911457296569 57867.7546910676 67755.1193254088 35186.3300119314 48796.5101526841 10592.2441867996 6288.26916490365 55687.8104370255 390647.326354383 1615852326.27852 1820004941.64051 967629349.271552 1329766637.0091 273656627.199279 181302319.19691 0 0
71 66352.6736456165 746802.769624283 1.49911457488346 50120.0058378894 58683.5793831234 30475.3325064489 42263.2843934874 9174.07878209403 5446.35071703999 55687.8104370255 390647.326354383 1615860074.02737 1820014013.18045 967634060.269057 1329773170.23486 273658045.364684 181303161.115358 0 0
72 66352.6736456165 746802.769624009 1.49911457633405 43409.583584093 50826.6050982712 26395.0786033553 36604.7757925529 7945.78797509445 4717.15461175989 55687.8104370255 390647.326354383 1615866784.44963 1820021870.15474 967638140.52296 1329778828.74346 273659273.655491 181303890.311463 0 0
