"Time" "IECs" "pheme_e" "BiomassCD" "pro_L_e" "leu_L_e" "ile_L_e" "val_L_e" "trp_L_e" "cys_L_e" "Drug" "Damage" "pro_L_v" "leu_L_v" "ile_L_v" "val_L_v" "trp_L_v" "cys_L_v" "CD" "pheme_c"
0 457000 1e+05 0.4963 224235600.199112 195370466.451958 120509812.093413 157438605.791629 18978882.6152 31300034.1459915 0 0 0 0 0 0 0 0 45700000 1000
1 296465.700615116 175017.927756671 0.594123778192788 496473463.838969 547658090.151044 295071521.5572 403391529.621921 80648715.9624775 56492189.8486187 0 160534.299384884 302515027.9577 315374527.442649 175306713.193858 237074728.197748 42997911.3023855 36453015.2611684 48532264.0471189 1014.47409771078
2 186640.180571971 309691.169935479 0.697811948911004 604245826.096047 685043084.287197 363554193.861067 499710421.91 104282889.196018 66789198.1651948 0 270359.819428029 587446457.630238 634753871.165935 345873649.580105 470989061.7291 90968672.7799303 68329006.64116 52252902.4362332 1568.09068294925
3 113000.029632738 428126.573804707 0.803528937924819 664591834.202777 760725084.267398 401455242.395876 552977669.438674 116995409.43518 72810046.4170887 0 343999.970367262 789800257.900337 865341258.942003 467886472.817226 638882122.280629 126267590.089106 90585976.3499314 57057135.8086617 1914.82504457638
4 65077.9777229596 513052.735442736 0.907130695592877 705398024.264287 811602650.863804 426831726.014188 588761712.403036 125358577.343947 77064537.6104165 0 391922.022277041 919142485.924081 1013771506.23837 546086945.119884 746670300.055681 149146944.715787 104733553.089959 63165456.3006584 2055.97539164466
5 35186.7024965001 564673.760268874 1.00479454366209 734282067.494908 848112258.044268 444676369.184087 614202294.350652 131267242.258699 80221458.0903434 0 421813.2975035 995323317.542797 1101579712.72475 592202878.254168 810319772.266421 162723892.79314 113054882.296992 70824625.1423422 2059.4672322636
6 17586.5134324841 588410.416457074 1.0935497058352 753567840.674649 873676983.954535 456546502.280672 631578013.458475 135361628.033121 82478671.145605 0 439413.486567516 1036496146.90129 1149214173.13172 617142094.40695 844789647.632843 170100333.493968 117556141.842313 80308686.9282454 1983.45676353825
7 7979.14281600187 590807.901727341 1.17156380834295 764561522.576945 890213846.949446 463303973.354904 642159262.43758 137990517.034457 83958006.9237025 0 449020.857183998 1056660222.13917 1172634364.53076 629359696.858098 861704831.310522 173729782.09377 119766036.380944 91917623.1539903 1866.9662169615
8 3217.98955620074 577993.808848837 1.23815235351608 768788234.897001 899744232.38816 465911493.578394 647330583.180726 139495468.797156 84817804.8614127 9737.47760380151 453782.010443799 1065463142.53399 1182905615.49956 634694292.758915 869106078.348789 175322072.767215 120734521.294998 105972251.804688 1733.79170661569
9 3029.94073411057 737471.505904853 1.293578848399 764131783.133519 894608830.414051 463091317.9292 643519459.183913 138700146.125297 84332189.5218844 6560.91413415785 453970.059265889 1070517718.29819 1188823112.52474 637757546.416356 873362773.156677 176239521.039702 121292347.382209 6622.05767172535 207.986800362069
10 3029.91269116164 813262.558899234 1.33875780641525 759132720.241732 888756217.72355 460061706.453714 639309477.45869 137792757.222986 83780480.4096546 6363.35603091218 453970.087308838 1075516837.60734 1194675841.84587 640787192.351254 877572820.035896 177146928.148923 121844067.262931 11.1442476223942 13.7018386091674
11 3029.91264147265 845626.300518944 1.37495908810826 754166313.393517 882941786.624903 457051885.445805 635126979.644967 136891287.869977 83232370.7915245 6350.55240521525 453970.087358528 1080483244.55342 1200490273.15117 643797013.418944 881755317.964144 178048397.534189 122392176.900142 0.0220557560909741 0.904958387743889
12 3029.91264137391 859445.300401778 1.40357102046322 749232397.745958 877165394.57529 454061755.272529 630971844.514484 135995716.090623 82687847.0050253 6349.70726567884 453970.087358626 1085417160.20117 1206266665.2012 646787143.592338 885910453.094853 178943969.313607 122936700.686679 4.43346906017162e-05 0.0598327742746866
13 3029.91264137371 865345.875917457 1.42594017580612 744330760.818705 871426792.904709 451091187.163631 626843893.15729 135106003.331347 82146885.6083556 6349.65138935385 453970.087358626 1090318797.12842 1212005266.87178 649757711.701236 890038404.452048 179833682.072883 123477662.083349 1.29454340331721e-07 0.00395647789337065
14 3029.9126413737 867865.363047767 1.44328048344369 739461191.437701 865725734.380878 448140053.140046 622742947.73159 134222111.261256 81609463.2956417 6349.64769446883 453970.087358626 1095188366.50942 1217706325.39561 652708845.72482 894139349.877748 180717574.142974 124015084.396062 7.2494801611362e-08 0.000261593096133851
15 3029.9126413737 868941.16176301 1.45663403490347 734623479.810281 860061973.388596 445208226.059881 618668831.55887 133344001.800173 81075556.9134484 6349.64745020313 453970.087358626 1100026078.13684 1223370086.38789 655640672.804986 898213466.050468 181595683.604057 124548990.778256 1.29946989867476e-08 1.73274558978845e-05
16 3029.9126413737 869400.962367381 1.46686667558737 729817417.030735 854435265.351068 442295579.318769 614621368.707576 132471637.028912 80545143.406228 16087.1250378638 453970.087358626 1104832140.91639 1228996794.42542 658553319.546098 902260928.901762 182468048.375318 125079404.285476 1.57718956640263e-08 1.18666936817882e-06
17 3029.9126413737 869596.773004469 1.47467426990231 725042805.878988 848845379.372478 439401993.394257 610600393.0873 131604981.149388 80018201.0080991 16087.1250366884 453970.087358626 1109606752.06814 1234586680.40401 661446905.470609 906281904.522038 183334704.254842 125606346.683605 -1.05327325349125e-08 1.12996018683826e-08
18 3029.9126413737 869680.383388841 1.48061505786533 720299422.536086 843292053.416318 436527332.644017 606605716.207184 130743993.535464 79494705.0176374 16087.1250366026 453970.087358626 1114350135.41104 1240140006.36017 664321566.220849 910276581.402154 184195691.868766 126129842.674067 -1.05327325349125e-08 -7.44986090698874e-08
19 3029.9126413737 869716.1541783 1.48512557951546 715587071.264845 837775058.322872 433671478.444282 602637173.225646 129888638.658218 78974633.8326184 16087.1250366065 453970.087358626 1119062486.68228 1245657001.45362 667177420.420585 914245124.383692 185051046.746013 126649913.859086 -1.05327325349125e-08 -7.06819809125965e-08
20 3029.9126413737 869731.532439907 1.48854389227359 710905549.200302 832294156.587559 430834307.851594 598694593.298394 129038879.694941 78457965.0641719 16087.1250366065 453970.087358626 1123744008.74682 1251137903.18893 670014591.013273 918187704.310944 185900805.709289 127166582.627532 -1.05327325349125e-08 -7.06829809125965e-08
21 3029.9126413737 869738.082983237 1.49113145830778 706254654.643182 826849112.070534 428015698.628947 594777806.562827 128194680.034515 77944676.4520769 16087.1250366065 453970.087358626 1128394903.30394 1256582947.70595 672833200.23592 922104491.046511 186745005.369715 127679871.239627 -1.05327325349125e-08 -7.06839809125966e-08
22 3029.9126413737 869740.81301646 1.49308790387614 701634187.231667 821439690.197779 425215529.349877 590886644.282694 127356003.308585 77434745.8837186 16087.1250366065 453970.087358626 1133015370.71546 1261992369.57871 675633369.51499 925995653.326644 187583682.095645 128189801.807985 -1.05327325349125e-08 -7.06849809125967e-08
23 3029.9126413737 869742.022251038 1.49456647030525 697043947.893442 816065657.904965 422433679.369409 587020938.807709 126522813.382859 76928151.3887962 16087.1250366065 453970.087358626 1137605610.05368 1267366401.87152 678415219.495458 929861358.80163 188416872.021371 128696396.302908 -1.05327325349125e-08 -7.06859809125967e-08
24 3029.9126413737 869742.494955168 1.49568302705945 692483738.878124 810726783.675419 419670028.843705 583180523.600861 125695074.362994 76424871.142902 25824.602640408 453970.087358626 1142165819.069 1272705276.10107 681178870.021161 933701774.008477 189244611.041236 129199676.548802 0 0
25 3029.9126413737 869742.677294363 1.49652737691118 687953377.21918 805422853.300689 416924466.888472 579365244.575473 124872753.038114 75924884.9532242 25824.602640408 453970.087358626 1146696180.72794 1278009206.4758 683924431.976394 937517053.033865 190066932.366116 129699662.73848 0 0
26 3029.9126413737 869742.752506754 1.49716335057678 683452639.348741 800153605.038226 414196858.013547 575574913.452138 124055808.827655 75428168.1460489 25824.602640408 453970.087358626 1151196918.59838 1283278454.73826 686652040.851319 941307384.1572 190883876.576575 130196379.545655 0 0
27 3029.9126413737 869742.785422553 1.49764195680454 678981350.391532 794918834.152438 411487096.23823 571809382.958295 123244209.989414 74934701.4215437 25824.602640408 453970.087358626 1155668207.55559 1288513225.62405 689361802.626636 945072914.651043 191695475.414816 130689846.27016 0 0
28 3029.9126413737 869742.806049112 1.49800412624388 674539310.733839 789718306.94515 408795060.589438 568068484.987714 122437920.290826 74444462.7496568 25824.602640408 453970.087358626 1160110247.21328 1293713752.83134 692053838.275428 948813812.621624 192501765.113405 131180084.942047 0 0
29 3029.9126413737 869742.812732908 1.49827725621867 670126331.841026 784551802.689043 406120636.808406 564352060.764497 121636905.510329 73957431.3230618 25824.602640408 453970.087358626 1164523226.1061 1298880257.08745 694728262.05646 952530236.844841 193302779.893901 131667116.368642 0 0
30 3029.9126413737 869742.810313962 1.49848307464829 665742223.616312 779419098.827917 403463709.689655 560659950.197174 120841131.142814 73473586.1620288 25824.602640408 453970.087358626 1168907334.33081 1304012960.94857 697385189.175211 956222347.412163 194098554.261416 132150961.529675 0 0
31 3029.9126413737 869742.808543765 1.49863796692326 661386797.30465 774319974.376403 400824164.840842 556991994.324225 120050562.926708 72992906.4349056 25824.602640408 453970.087358626 1173262760.64247 1309112085.40009 700024734.024024 959890303.285113 194889122.477522 132631641.256798 0 0
32 3029.9126413737 869742.812376751 1.49875533867457 657059865.051044 769254209.402873 398201888.415092 553348034.942115 119265166.763815 72515371.4093732 35562.0802442095 453970.087358626 1177589692.89608 1314177850.37362 702647010.449774 963534262.667223 195674518.640415 133109176.282331 0 0
33 3029.9126413737 869742.81172565 1.49884434180246 652761249.728931 764221596.536034 395596773.067341 549727922.882343 118484910.503291 72040961.537139 35562.0802442095 453970.087358626 1181888308.21819 1319210463.24046 705252125.797525 967154374.726995 196454774.900939 133583586.154565 0 0
34 3029.9126413737 869742.811525065 1.49891119569221 648490728.461688 759221874.842615 393008683.726348 546131470.447641 117709753.690043 71569652.2207776 35562.0802442095 453970.087358626 1186158829.48544 1324210184.93388 707840215.138518 970750827.161696 197229931.714187 134054895.470927 0 0
35 3029.9126413737 869742.811479443 1.49896137033624 644248148.732642 754254865.7634 390437527.961528 542558549.194917 116939668.640252 71101426.6280277 35562.0802442095 453970.087358626 1190401409.21448 1329177194.01309 710411370.903338 974323748.414421 198000016.763978 134523121.063676 0 0
36 3029.9126413737 869742.811420053 1.49899883307615 640033339.493114 749320369.042793 387883202.111236 539009015.074206 116174624.306292 70636265.881373 35562.0802442095 453970.087358626 1194616218.45401 1334111690.7337 712965696.75363 977873282.535132 198765061.097938 134988281.810331 0 0
37 3029.9126413737 869742.811304423 1.49902647718857 635846126.605971 744418180.80938 385345600.642111 535482721.434577 115414589.07994 70174150.7624444 35562.0802442095 453970.087358626 1198803431.34115 1339013878.96711 715503298.222754 981399576.174761 199525096.32429 135450396.92926 0 0
38 3029.9126413737 869742.811053951 1.49904807549288 631686288.266775 739548041.385154 382824589.132695 531979481.481712 114659522.70072 69715056.7921464 35562.0802442095 453970.087358626 1202963269.68035 1343884018.39134 718024309.732171 984902816.127626 200280162.70351 135909490.899558 0 0
39 3029.9126413737 869742.810763284 1.49906461938767 627553663.226389 734709761.98735 380320069.860216 528499159.418406 113909395.899754 69258966.1744734 35562.0802442095 453970.087358626 1207095894.72074 1348722297.78914 720528829.00465 988383138.190932 201030289.504476 136365581.517231 0 0
40 3029.9126413737 869742.810533084 1.49907736558379 623448074.573986 729903135.497247 377831935.610354 525041606.257841 113164176.565357 68805859.3849421 45299.557848011 453970.087358626 1211201483.37314 1353528924.27925 723016963.254511 991840691.351497 201775508.838873 136818688.306762 0 0
41 3029.9126413737 869742.810899927 1.49908669665692 619369321.883363 725127927.26545 375360064.917631 521606653.209543 112423828.317488 68355714.3038321 45299.557848011 453970.087358626 1215280236.06376 1358304132.51105 725488833.947234 995275644.399795 202515857.086742 137268833.387872 0 0
42 3029.9126413737 869742.810770858 1.49909377299008 615317165.438339 720383856.643739 372904312.505426 518194098.394682 111688307.64445 67908504.4752467 45299.557848011 453970.087358626 1219332392.50879 1363048203.13276 727944586.359439 998688199.214656 203251377.75978 137716043.216457 0 0
43 3029.9126413737 869742.810141521 1.49909876176945 611291585.961932 715670901.063549 370464666.691196 514803925.578998 110957611.047211 67464227.7717124 45299.557848011 453970.087358626 1223357971.98519 1367761158.71295 730384232.173669 1002078372.03034 203982074.357019 138160319.919992 0 0
44 3029.9126413737 869742.808993768 1.4991025260614 607292274.733065 710988699.089031 368040940.378875 511435874.770654 110231682.488762 67022850.1217163 45299.557848011 453970.087358626 1227357283.21406 1372443360.68747 732807958.48599 1005446422.83868 204708002.915468 138601697.569988 0 0
45 3029.9126413737 869742.807324303 1.49910519576571 603319183.091319 706337193.7509 365633104.0785 508089904.989903 109510513.136585 66584366.1549284 45299.557848011 453970.087358626 1231330374.85581 1377094866.0256 735215794.786365 1008792392.61943 205429172.267645 139040181.536776 0 0
46 3029.9126413737 869742.805097303 1.49910720399757 599372052.201319 701716082.017101 363241000.926533 504765798.256537 108794056.008591 66148747.3053926 45299.557848011 453970.087358626 1235277505.74581 1381715977.7594 737607897.938332 1012116499.3528 206145629.395639 139475800.386312 0 0
47 3029.9126413737 869742.802293123 1.49910878826398 595450740.125725 697125197.714193 360864544.903846 501463435.036929 108082285.341253 65715977.9084188 45299.557848011 453970.087358626 1239198817.8214 1386306862.0623 739984353.961019 1015418862.57241 206857400.062977 139908569.783285 0 0
48 3029.9126413737 869742.799301841 1.49911001868945 591555132.199618 692564406.597986 358503666.519378 498182718.765135 107375180.321351 65286045.3091952 55037.0354518125 453970.087358626 1243094425.74751 1390867653.17851 742345232.345487 1018699578.8442 207564505.082879 140338502.382509 0 0
49 3029.9126413737 869742.805228616 1.49911116257737 587685044.220112 688033493.012565 356158254.139561 494923494.313271 106672707.513595 64858929.1784618 55037.0354518125 453970.087358626 1246964513.72702 1395398566.76393 744690644.725304 1021958803.29606 208266977.890635 140765618.513242 0 0
50 3029.9126413737 869742.802653067 1.49911203302366 583840165.056847 683532092.701412 353828119.208216 491685499.660505 105974810.443656 64434595.1788092 55037.0354518125 453970.087358626 1250809392.89028 1399899967.07508 747020779.656649 1025196797.94883 208964874.960574 141189952.512895 0 0
51 3029.9126413737 869742.791362805 1.49911264209074 580020513.948488 679060228.188234 351513273.384667 488468751.008827 105281492.60361 64013045.4334821 55037.0354518125 453970.087358626 1254629043.99864 1404371831.58826 749335625.480198 1028413546.60051 209658192.80062 141611502.258222 0 0
52 3029.9126413737 869742.769694987 1.49911309747247 576225786.483425 674617543.082502 349213532.184538 485272991.99565 104592698.738672 63594246.3465754 55037.0354518125 453970.087358626 1258423771.4637 1408814516.69399 751635366.680327 1031609305.61369 210346986.665558 142030301.345129 0 0
53 3029.9126413737 869742.737266471 1.49911342398302 572455912.520977 670203955.266868 346928853.100057 482098163.551459 103908416.117369 63178190.1771239 55037.0354518125 453970.087358626 1262193645.42615 1413228104.50963 753920045.764807 1034784134.05788 211031269.286861 142446357.51458 0 0
54 3029.9126413737 869742.693097422 1.4991136358515 568710824.324868 665819385.438946 344659195.080608 478944208.631628 103228632.44466 62764869.4495209 55037.0354518125 453970.087358626 1265938733.62226 1417612674.33755 756189703.784257 1037938088.97771 211711052.95957 142859678.242183 0 0
55 3029.9126413737 869742.629412913 1.49911384598481 564989984.412668 661463204.340056 342404232.392523 475810674.591179 102553250.160284 62354224.845369 55037.0354518125 453970.087358626 1269659573.53446 1421968855.43644 758444666.472342 1041071623.01816 212386435.243946 143270322.846335 0 0
56 3029.9126413737 869742.563924483 1.49911399420684 561293674.988018 657135742.360703 340164136.06135 472697799.090087 101882320.487982 61946287.5096261 55037.0354518125 453970.087358626 1273355882.95911 1426296317.41579 760684762.803515 1044184498.51925 213057364.916248 143678260.182078 0 0
57 3029.9126413737 869742.655462394 1.49911413123369 557621584.049669 652836634.224771 337938717.00312 469605319.374093 101215786.795348 61541023.0087686 55037.0354518125 453970.087358626 1277027973.89746 1430595425.55172 762910181.861745 1047276978.23524 213723898.608882 144083524.682936 0 0
58 3029.9126413737 869742.800299133 1.49911424502965 553973505.656988 648565638.826835 335727850.41041 466533062.008703 100553611.701399 61138408.6144848 55037.0354518125 453970.087358626 1280676052.29014 1434866420.94966 765121048.454455 1050349235.60063 214386073.702831 144486139.077219 0 0
59 3029.9126413737 869742.825111754 1.49911432806613 550349285.110842 644322575.052561 333531442.529987 463480896.712851 99895767.1261693 60738427.2536497 55037.0354518125 453970.087358626 1284300272.83629 1439109484.72393 767317456.334878 1053401400.89648 215043918.278061 144886120.438054 0 0
60 3029.9126413737 869742.774619194 1.49911438949878 546748790.537122 640107288.510061 331349413.441401 460448712.427735 99242229.1327422 60341064.3721861 55037.0354518125 453970.087358626 1287900767.41001 1443324771.26643 769499485.423464 1056433585.1816 215697456.271488 145283483.319518 0 0
61 3029.9126413737 869742.792474657 1.49911443670448 543171838.078489 635919563.947972 329181651.720499 457436354.316481 98592964.3485479 59946299.6789701 55037.0354518125 453970.087358626 1291477719.86864 1447512495.82852 771667247.144366 1059445943.29285 216346721.055682 145678248.012734 0 0
62 3029.9126413737 869742.805818959 1.49911447224085 539618287.223686 631759236.862446 327028072.21241 454443704.04645 97947947.2689111 59554117.6666993 55037.0354518125 453970.087358626 1295031270.72344 1451672822.91405 773820826.652455 1062438593.56289 216991738.135319 146070430.025005 0 0
63 3029.9126413737 869742.808177719 1.49911449903974 536087981.814374 627626124.43078 324888580.279569 451470630.107689 97307149.5490015 59164501.1012058 55037.0354518125 453970.087358626 1298561576.13275 1455805935.34572 775960318.585296 1065411667.50164 217632535.855229 146460046.590498 0 0
64 3029.9126413737 869742.809513743 1.49911451921168 532580773.366941 623520052.815476 322763085.935572 448517007.453582 96670544.2370546 58777433.595331 55037.0354518125 453970.087358626 1302068784.58019 1459912006.96102 778085812.929293 1068365290.15575 218269141.167176 146847114.096373 0 0
65 3029.9126413737 869742.811495437 1.49911453396386 529096529.759499 619440867.334559 320651509.109808 445582724.81666 96038107.3511782 58392900.5676522 55037.0354518125 453970.087358626 1305553028.18763 1463991192.44194 780197389.755057 1071299572.79268 218901578.053052 147231647.124052 0 0
66 3029.9126413737 869742.81517977 1.49911454443063 525635099.942546 615388391.146508 318553758.260851 442667654.98942 95409811.4738641 58010885.34783 55037.0354518125 453970.087358626 1309014458.00458 1468043668.62999 782295140.604014 1074214642.61992 219529873.930366 147613662.343874 0 0
67 3029.9126413737 869742.821254924 1.49911455218309 522196320.65895 611362433.117693 316469734.44901 439771660.483607 94785626.9717559 57631369.9182496 55037.0354518125 453970.087358626 1312453237.28818 1472069626.6588 784379164.415855 1077110637.12573 220154058.432474 147993177.773455 0 0
68 3029.9126413737 869742.830408208 1.4991145587927 518780028.677339 607362802.144647 314399338.750212 436894603.832664 94165524.2161736 57254336.2641393 55037.0354518125 453970.087358626 1315869529.26979 1476069257.63185 786449560.114653 1079987693.77667 220774161.188056 148370211.427565 0 0
69 3029.9126413737 869742.844465232 1.49911456558243 515386065.024641 603389312.109313 312342474.82106 434036351.156191 93549474.3513749 56879766.8406878 55037.0354518125 453970.087358626 1319263492.92249 1480042747.66718 788506424.043804 1082845946.45314 221390211.052855 148744780.851016 0 0
70 3029.9126413737 869742.873923708 1.49911457198217 512014303.169486 599441814.874826 310299065.979 431196795.894818 92937454.4102214 56507647.6834608 55037.0354518125 453970.087358626 1322635254.77764 1483990244.90167 790549832.885865 1085685501.71452 222002230.994009 149116900.008243 0 0
71 3029.9126413737 869742.92543183 1.49911457826216 508664602.179733 595520145.444585 308269026.814088 428375819.361455 92329438.8116415 56137963.2387056 55037.0354518125 453970.087358626 1325984955.7674 1487911914.33191 792579872.050777 1088506478.24788 222610246.592589 149486584.452998 0 0
72 3029.9126413737 869743.004239819 1.49911458499778 505336815.89353 591624132.6993 306252268.74699 425573298.464772 91725401.0253015 55770697.3755011 55037.0354518125 453970.087358626 1329312742.0536 1491807927.0772 794596630.117875 1091308999.14456 223214284.378929 149853850.316203 0 0
