"Time" "IECs" "pheme_e" "BiomassCD" "pro_L_e" "leu_L_e" "ile_L_e" "val_L_e" "trp_L_e" "cys_L_e" "Drug" "Damage" "pro_L_v" "leu_L_v" "ile_L_v" "val_L_v" "trp_L_v" "cys_L_v" "CD" "pheme_c"
0 457000 1e+05 0.4963 224235600.199112 195370466.451958 120509812.093413 157438605.791629 18978882.6152 31300034.1459915 0 0 0 0 0 0 0 0 45700000 1000
1 337635.185950454 151855.4277794 0.594123777914244 383697653.166595 418090539.63589 226772962.850331 309298690.278061 60591330.2858371 44239388.5625043 0 119364.814049546 267860090.947453 273718188.44813 153862848.492955 207281908.000731 36212929.7154057 32896734.1785128 48532264.0530462 882.837805940689
2 244267.947464721 255859.88880035 0.697812001599999 454272067.588461 513252869.38539 272895358.252261 374847697.362079 77813309.0376595 50402664.8802069 0 212732.052535278 531212859.873028 566870203.560791 311011549.40694 422510324.179646 79865416.0763689 62586477.4393315 52252899.89205 1295.7840182245
3 171958.364049868 356917.371267527 0.803529046820557 499258682.227291 571368937.608673 301590353.966435 415377321.332187 87878265.6113697 54681265.9633416 0 285041.635950132 744446146.278953 809489692.759884 439502181.721458 599260184.49461 116944855.510168 86074756.3875005 57057131.1858053 1595.77260722625
4 116892.932016538 439304.592207498 0.907130852900426 535220461.73309 616477327.655398 324100836.148813 447083281.150212 95399777.0165005 58332447.4345749 0 340107.067983462 904609352.137258 993398434.539778 536378934.876604 732792949.846273 145323998.522175 103568700.817066 63165448.489439 1759.69942674982
5 76028.9385477564 499274.750370622 1.00479471138966 566413540.350965 655230921.008737 343408054.828587 474340822.183675 101704971.714392 61646750.1821357 0 380971.061452244 1018274766.38491 1124598190.0231 605252469.794305 827860085.111775 165659441.001819 115946171.561517 70824613.1085619 1820.2796626164
6 46804.2684346563 537134.953434574 1.09354977433133 593141796.081556 688755813.710139 359850614.626912 497754121.115821 107081989.183108 64600834.2459714 0 410195.731565344 1094229852.84242 1212618700.32208 651318511.806198 891530479.136367 179333386.869574 124214360.821112 80308673.7363317 1810.10810328546
7 26927.4250396648 554905.060340724 1.17156385901044 614478250.831296 716418526.799583 372933446.359199 516733669.578148 111481574.587826 67078941.2959217 0 430072.574960335 1141513694.4203 1267623778.91241 680010311.511267 931247467.804348 187888969.783346 129368961.634838 91917608.9305669 1753.17067711386
8 14266.7691324975 555562.166819705 1.23815237105961 629523302.101481 737474658.965522 382144031.547815 530644842.207791 114812224.857905 68983372.7599322 9737.47760380151 442733.230867503 1168560807.27508 1299223314.66438 696427197.980663 954015766.785734 192807331.404148 132326222.03918 105972234.880462 1666.29840386491
9 13928.7175584504 719644.393616744 1.29357886285062 611846882.362098 716900431.509068 371415753.491518 515792008.072311 111610431.989391 67057207.0617487 7476.88256709344 443071.28244155 1187320183.76587 1321203498.61729 707814894.349894 969830020.427057 196229308.348484 134382199.541798 0.744966643467432 131.488109905606
10 13928.7175540188 793479.290017985 1.33875781808271 593660882.079998 695591911.641762 360376117.281097 500461058.656166 108293021.365957 65064057.4329655 7354.72434463141 443071.282445982 1205506184.06213 1342512018.50303 718854530.568932 985160969.855785 199546718.974804 136375349.172283 3.27506193042041e-07 9.3300459726648
11 13928.7175540188 824893.479335981 1.37495909738616 576015426.512355 674916747.519306 349664613.530263 485585792.927165 105074214.544622 63130150.4346445 7346.0665350072 443071.282445982 1223151639.62977 1363187182.62549 729566034.319766 1000036235.58478 202765525.796139 138309256.170604 -1.07285406822965e-08 0.672236348557089
12 13928.7175540188 838259.128114106 1.4035710277511 558894448.995378 654856113.848305 339271489.125624 471152666.554826 101951080.715161 61253725.1923914 7345.44278667542 443071.282445982 1240272617.14675 1383247816.29649 739959158.724405 1014469361.95712 205888659.6256 140185681.412857 -1.07285406822965e-08 0.0484880167861198
13 13928.7175540188 843945.748416551 1.4259401814689 542282360.403324 635391744.864411 329187280.838632 457148537.776557 98920776.1774429 59433073.1688861 7345.39779631364 443071.282445982 1256884705.7388 1402712185.28038 750043367.011397 1028473490.73539 208918964.163318 142006333.436362 -1.07285406822965e-08 0.00349765500152672
14 13928.7175540188 846365.209931121 1.44328048782565 526164034.967923 616505917.718799 319402806.717428 443560655.443965 95980541.7549834 57666536.6098698 7345.39455087932 443071.282445982 1273003031.1742 1421598012.42599 759827841.132601 1042061373.06799 211859198.585778 143772869.995378 -1.07285406822965e-08 0.00025222068601043
15 13928.7175540188 847394.5572871 1.4566340188367 510524796.560321 598181436.404735 309909157.759426 430376647.458426 93127700.2925513 55952507.0406738 7345.39431685134 443071.282445982 1288642269.5818 1439922493.74006 769321490.090603 1055245381.05352 214712040.04821 145486899.564574 -1.07285406822965e-08 1.81926966782068e-05
16 13928.7175540188 847832.535620025 1.46686529562244 495350402.888806 580401613.242071 300697688.318699 417584507.449632 90359653.7735905 54289423.5343214 17082.8719037214 443071.282445982 1303816663.25332 1457702316.90272 778532959.53133 1068037521.06232 217480086.567171 147149983.070927 0 1.26126478460118e-06
17 13928.7175540188 848019.225678615 1.47467552950028 480627079.839465 563150309.114153 291760036.952137 405172623.72505 87673889.5844902 52675776.4751956 17082.8719025486 443071.282445982 1318539986.30266 1474953621.03064 787470610.897892 1080449404.7869 220165850.756271 148763630.130053 0 8.84343484864419e-08
18 13928.7175540188 848098.231896883 1.48061628407214 466341349.557257 546411732.030577 283088022.057726 393129634.34084 85067949.1538877 51110088.7170654 17082.871902462 443071.282445982 1332825716.58487 1491692198.11421 796142625.792303 1092492394.17111 222771791.186874 150329317.888183 0 1.84496136550405e-09
19 13928.7175540188 848131.969675558 1.48512708168059 452480217.533235 530170656.337116 274673755.444039 381444584.817937 82539462.0803002 49590936.0874748 17082.8719024488 443071.282445982 1346686848.60889 1507933273.80768 804556892.405991 1104177443.69402 225300278.260461 151848470.517774 0 -1.13173794211678e-08
20 13928.7175540188 848146.262290227 1.48854555418797 439031081.411379 514412315.864766 266509586.972304 370106851.265454 80086129.4970671 48116937.3931524 17082.8719024488 443071.282445982 1360135984.73075 1523691614.28003 812721060.877725 1115515177.2465 227753610.843694 153322469.212096 0 -1.13173794211678e-08
21 13928.7175540188 848152.376305994 1.491131983854 425981740.411343 499122414.970375 258588110.276394 359106148.324135 77705725.791205 46686755.4527256 17082.8719024488 443071.282445982 1373185325.73078 1538981515.17442 820642537.573635 1126515880.18782 230134014.549556 154752651.152523 0 -1.13173794211678e-08
22 13928.7175540188 848155.072985344 1.49308860291075 413320237.095468 484286943.135191 250902066.709013 348432395.774633 75396069.7392396 45299079.7546984 17082.8719024488 443071.282445982 1385846829.04666 1553816987.0096 828328581.141016 1137189632.73732 232443670.601522 156140326.85055 0 -1.13173794211678e-08
23 13928.7175540188 848156.133564716 1.49456750970339 401035069.299494 469892423.28389 243444473.992195 338075897.196858 73155063.1666783 43952649.6846384 17082.8719024488 443071.282445982 1398131996.84263 1568211506.8609 835786173.857834 1147546131.31509 234684677.174083 157486756.92061 0 -1.13173794211678e-08
24 13928.7175540188 848156.647175001 1.49568473003023 389115051.657479 455925749.533445 236208542.157339 328027223.23434 70980665.6879923 42646239.3485814 26820.3495062503 443071.282445982 1410052014.48465 1582178180.61135 843022105.69269 1157594805.27761 236859074.652769 158793167.256667 0 0
25 13928.7175540188 848156.800653585 1.49652871221254 377549232.33945 442374089.63471 229187623.001604 318277141.403368 68870879.5182622 41378648.4476432 26820.3495062503 443071.282445982 1421617833.80268 1595729840.51009 850043024.848425 1167344887.10858 238968860.822499 160060758.157605 0 0
26 13928.7175540188 848156.863644008 1.49716431841745 366327234.461953 429225285.002849 222375417.337893 308816903.90493 66823811.7517983 40148739.6959399 26820.3495062503 443071.282445982 1432839831.68018 1608878645.14195 856855230.512136 1176805124.60702 241015928.588963 161290666.909308 0 0
27 13928.7175540188 848156.891261944 1.49764270793413 355439001.076165 416467551.920141 215765820.192343 299638032.647564 64837627.8439866 38955410.8717899 26820.3495062503 443071.282445982 1443728065.06596 1621636378.22465 863464827.657686 1185983995.86439 243002112.496775 162483995.733458 0 0
28 13928.7175540188 848156.908630948 1.49800469661235 344874254.783068 404088848.367571 209352592.768925 290731863.698462 62910453.0366525 37797535.5926062 26820.3495062503 443071.282445982 1454292811.35906 1634015081.77722 869878055.081104 1194890164.81349 244929287.304109 163641871.012642 0 0
29 13928.7175540188 848156.914079132 1.49827768308715 334623525.855953 392078078.67503 203129986.5613 282090413.999288 61040559.9036717 36674075.9950885 26820.3495062503 443071.282445982 1464543540.28618 1646025851.46976 876100661.288729 1203531614.51266 246799180.43709 164765330.61016 0 0
30 13928.7175540188 848156.911864291 1.4984833914688 324677486.527908 380424313.506574 197092339.238459 273705820.164994 59226246.9146048 35584009.774449 26820.3495062503 443071.282445982 1474489579.61422 1657679616.63822 882138308.61157 1211916208.34696 248613493.426156 165855396.830799 0 0
31 13928.7175540188 848156.910348325 1.49863821624297 315027105.691434 369116971.121819 191234168.553627 265570468.896884 57465866.6543251 34526347.1391843 26820.3495062503 443071.282445982 1484139960.4507 1668986959.02298 887996479.296402 1220051559.61507 250373873.686436 166913059.466064 0 0
32 13928.7175540188 848156.913676985 1.49875552241862 305663550.516316 358145702.101696 185550112.622346 257676914.045659 55757807.8765804 33500120.0285886 36557.8271100518 443071.282445982 1493503515.62581 1679958228.0431 893680535.227683 1227945114.46629 252081932.464181 167939286.57666 0 0
33 13928.7175540188 848156.913102144 1.49884401805782 296578222.35288 347500431.416258 180034951.717197 250017906.878164 54100502.0533088 32504386.0476801 36557.8271100518 443071.282445982 1502588843.78925 1690603498.72854 899195696.132832 1235604121.63379 253739238.287453 168935020.557568 0 0
34 13928.7175540188 848156.912866788 1.49891060076724 287762926.849679 337171557.751424 174683711.536106 242586539.488012 52492454.4067626 31538247.1117623 36557.8271100518 443071.282445982 1511404139.29245 1700932372.39337 904546936.313923 1243035489.02394 255347285.933999 169901159.493486 0 0
35 13928.7175540188 848156.912776843 1.49896023828053 279210165.09204 327150294.635739 169491839.935185 235376490.227792 50932297.0177277 30600881.354632 36557.8271100518 443071.282445982 1519956901.05009 1710953635.50906 909738807.914844 1250245538.28416 256907443.323034 170838525.250617 0 0
36 13928.7175540188 848156.912663338 1.49899813828792 270911221.505147 317426430.038179 164454046.208739 228380411.795485 49418440.0291699 29691333.5665435 36557.8271100518 443071.282445982 1528255844.63698 1720677500.10662 914776601.641291 1257241616.71646 258421300.311592 171748073.038705 0 0
37 13928.7175540188 848156.912562265 1.49902687387586 262858895.121136 307991526.591294 159565959.07862 221592233.715319 47949569.8720288 28808814.5356742 36557.8271100518 443071.282445982 1536308171.02099 1730112403.5535 919664688.771409 1264029794.79663 259890170.468733 172630592.069574 0 0
38 13928.7175540188 848156.912551054 1.49904850689596 255045931.200604 298837083.923572 154823174.62519 215005840.181671 46524363.1684758 27952529.1569474 36557.8271100518 443071.282445982 1544121134.94152 1739266846.22122 924407473.224839 1270616188.33028 261315377.172286 173486877.448301 0 0
39 13928.7175540188 848156.91264186 1.49906475278374 247465191.840261 289954738.560266 150221359.853045 208615213.882728 45141517.8534146 27121695.130293 36557.8271100518 443071.282445982 1551701874.30187 1748149191.58453 929009287.996984 1277006814.62922 262698222.487347 174317711.474956 0 0
40 13928.7175540188 848156.912739275 1.49907701309649 240109769.898701 281336397.410122 145756321.84856 202414532.040869 43799773.9563229 26315555.4466869 46295.3047138533 443071.282445982 1559057296.24342 1756767532.73467 933474326.001469 1283207496.47108 264039966.384439 175123851.158562 0 0
41 13928.7175540188 848156.912706559 1.49908627341574 232972941.876217 272974182.55469 141423979.176032 196398126.689946 42497905.0057931 25533373.2238711 46295.3047138533 443071.282445982 1566194124.2659 1765129747.5901 937806668.673997 1289223901.822 265341835.334969 175906033.381378 0 0
42 13928.7175540188 848156.912693155 1.49909324067655 226048205.735723 264860475.563075 137220384.83651 190560516.558648 41234724.9286612 24774435.851453 46295.3047138533 443071.282445982 1573118860.4064 1773243454.58172 942010263.013519 1295061511.9533 266605015.412101 176664970.753796 0 0
43 13928.7175540188 848156.912688044 1.49909843419453 219329701.356741 256988410.13748 133141981.500331 184896761.516693 40009164.7473818 24038101.0718291 46295.3047138533 443071.282445982 1579837364.78538 1781115520.00731 946088666.349698 1300725266.99526 267830575.59338 177401305.53342 0 0
44 13928.7175540188 848156.912681617 1.49910239918036 212810581.776045 249349963.697369 129184612.784456 179401089.517167 38819975.4688731 23323618.4713844 46295.3047138533 443071.282445982 1586356484.36608 1788753966.44742 950046035.065573 1306220938.99478 269019764.871889 178115788.133864 0 0
45 13928.7175540188 848156.912675876 1.49910540546484 206485187.494535 241938505.012828 125344843.144496 174068729.555279 37666124.7120645 22630367.7802215 46295.3047138533 443071.282445982 1592681878.64759 1796165425.13196 953885804.705533 1311553298.95667 270173615.628697 178809038.825027 0 0
46 13928.7175540188 848156.912675204 1.49910766868613 200347821.278711 234747358.640589 121619214.12976 168894878.81583 36546573.2125413 21957724.5928274 46295.3047138533 443071.282445982 1598819244.86341 1803356571.5042 957611433.720269 1316727149.69612 271293167.12822 179481682.012421 0 0
47 13928.7175540188 848156.912680339 1.49910936827293 194392875.708191 227769954.371324 118004321.809746 163874810.196823 35460298.089205 21305074.3470289 46295.3047138533 443071.282445982 1604774190.43393 1810333975.77347 961226326.040283 1321747218.31513 272379442.251557 180134332.25822 0 0
48 13928.7175540188 848156.912685861 1.49911065056555 188614926.304743 220999936.348858 114496873.307217 159003950.818013 34406309.8324635 20671822.5307502 56032.7823176548 443071.282445982 1610552139.83738 1817103993.79593 964733774.542812 1326618077.69394 273433430.508298 180767584.074499 0 0
49 13928.7175540188 848156.912684024 1.49911161933794 183008704.571817 214431131.480613 111093670.432118 154277859.293015 33383647.3862217 20057391.7271995 56032.7823176548 443071.282445982 1616158361.57031 1823672798.66417 968136977.417911 1331344169.21894 274456092.95454 181382014.87805 0 0
50 13928.7175540188 848156.91268327 1.4991123482603 177569071.778795 208057518.720631 107791593.767548 149692203.629198 32391373.3657172 19461218.7416738 56032.7823176548 443071.282445982 1621597994.36333 1830046411.42416 971439054.082481 1335929824.88276 275448366.975044 181978187.863575 0 0
51 13928.7175540188 848156.912682984 1.49911289159686 172291442.608839 201873725.457374 104587859.841111 145243118.366351 31428651.3375096 18882801.0325252 56032.7823176548 443071.282445982 1626875623.53328 1836230204.68741 974642788.008918 1340378910.1456 276411089.003252 182556605.572724 0 0
52 13928.7175540188 848156.912682624 1.49911330638142 167170438.243864 195873449.334617 101479203.493124 140926069.116114 30494500.1211309 18321549.0919394 56032.7823176548 443071.282445982 1631996627.89826 1842230480.81017 977751444.356905 1344695959.39584 277345240.21963 183117857.51331 0 0
53 13928.7175540188 848156.912682302 1.49911362088409 162201611.328822 190051479.390529 98462924.9995663 136737306.721213 29588108.4495271 17776975.4986078 56032.7823176548 443071.282445982 1636965454.8133 1848052450.75426 980767722.850462 1348884721.79074 278251631.891234 183662431.106642 0 0
54 13928.7175540188 848156.912682263 1.49911385765571 157380487.382951 184402572.880097 95536308.1700111 132673059.157166 28708660.1074889 17248589.8582966 56032.7823176548 443071.282445982 1641786578.75917 1853701357.26469 983694339.680018 1352948969.35479 279131080.233272 184190816.746953 0 0
55 13928.7175540188 848156.91268255 1.49911403546205 152702661.386574 178921568.445803 92696678.9797154 128729612.955769 27855351.5505953 16735909.3895695 56032.7823176548 443071.282445982 1646464404.75555 1859182361.69899 986533968.870313 1356892415.55618 279984388.790166 184703497.21568 0 0
56 13928.7175540188 848156.91268286 1.49911416960878 148163872.367725 173603473.510698 89941450.8467114 124903376.082234 27027405.5109781 16238467.0983344 56032.7823176548 443071.282445982 1651003193.7744 1864500456.63409 989289197.003317 1360718652.42972 280812334.829783 185200939.506915 0 0
57 13928.7175540188 848156.912682844 1.49911427096251 143759987.585164 168443445.745656 87268115.030256 121190864.601339 26224068.1120573 15755810.0443328 56032.7823176548 443071.282445982 1655407078.55696 1869660484.39913 991962532.819773 1364431163.91061 281615672.228704 185683596.560917 0 0
58 13928.7175540188 848156.912682275 1.49911434855692 139486991.152144 163436779.739857 84674233.7250025 117588693.087173 25444606.7933388 15287498.0943273 56032.7823176548 443071.282445982 1659680074.98998 1874667150.40493 994556414.125026 1368033335.42478 282395133.547423 186151908.510922 0 0
59 13928.7175540188 848156.912680902 1.49911440795778 135340990.860094 158578914.996082 82157444.2032464 114093580.375555 24688311.5551598 14833104.6699637 56032.7823176548 443071.282445982 1663826075.28203 1879525015.14871 997073203.646782 1371528448.1364 283151428.785602 186606301.935286 0 0
60 13928.7175540188 848156.912678512 1.49911445177181 131318224.427654 153865443.25271 79715462.6083466 110702354.832023 23954496.0986114 14392217.432653 56032.7823176548 443071.282445982 1667848841.71447 1884238486.89208 999515185.241682 1374919673.67993 283885244.24215 187047189.172596 0 0
61 13928.7175540188 848156.912675282 1.49911448453702 127415007.609542 149292047.68292 77346052.4547097 107411910.607177 23242488.3597845 13964432.5964059 56032.7823176548 443071.282445982 1671752058.53258 1888811882.46187 1001884595.39532 1378210117.90478 284597251.980977 187474974.008843 0 0
62 13928.7175540188 848156.912671363 1.49911450639225 123627816.69273 144854599.555383 75047074.7063003 104219277.181643 22551645.5583617 13549363.96925 56032.7823176548 443071.282445982 1675539249.44939 1893249330.58941 1004183573.14373 1381402751.33031 285288094.7824 187890042.635999 0 0
63 13928.7175540188 848156.912667349 1.49911451952709 119953209.942866 140549066.193113 72816440.0914485 101121553.14475 21881339.868217 13146634.343914 56032.7823176548 443071.282445982 1679213856.19926 1897554863.95167 1006414207.75858 1384500475.3672 285958400.472544 188292772.261335 0 0
64 13928.7175540188 848156.91266431 1.49911452871385 116387821.047217 136371503.290567 70652105.1224522 98115900.666882 21230957.2213065 12755874.7791865 56032.7823176548 443071.282445982 1682779245.0949 1901732426.85422 1008578542.72758 1387506127.84507 286608783.119455 188683531.826063 0 0
65 13928.7175540188 848156.912663451 1.49911453674568 112928409.905244 132318114.424909 68552102.9275036 95199588.3163484 20599906.5726623 12376730.1664626 56032.7823176548 443071.282445982 1686238656.23688 1905785815.71988 1010678544.92253 1390422440.19561 287239833.768099 189062676.438787 0 0
66 13928.7175540188 848156.912666045 1.49911454464494 109571821.099115 128385202.395957 66514518.0406166 92369956.0496856 19987612.3247655 12008854.6781945 56032.7823176548 443071.282445982 1689595245.04301 1909718727.74883 1012716129.80941 1393252072.46227 287852128.015996 189430551.927055 0 0
67 13928.7175540188 848156.912673588 1.49911455288534 106314999.400264 124569187.395199 64537495.8147347 89624428.2838156 19393517.1561852 11651913.4673797 56032.7823176548 443071.282445982 1692852066.74186 1913534742.74959 1014693152.03529 1395997600.22814 288446223.184576 189787493.13787 0 0
68 13928.7175540188 848156.912687229 1.49911456134483 103154984.657047 120866601.015666 62619239.3183295 86960509.586295 18817081.0890067 11305582.1072582 56032.7823176548 443071.282445982 1696012081.48508 1917237329.12912 1016611408.5317 1398661518.92566 289022659.251755 190133824.497991 0 0
69 13928.7175540188 848156.912706078 1.4991145687087 100088891.063774 117274061.961477 60757996.750868 84375767.1989377 18257777.7071787 10969544.3192393 56032.7823176548 443071.282445982 1699078175.07835 1920829868.18331 1018472651.09916 1401246261.31302 289581962.633583 190469862.28601 0 0
70 13928.7175540188 848156.912729659 1.49911457307286 97113933.4496362 113788306.850544 58952077.4012512 81867853.1995983 17715098.952025 10643494.8541158 56032.7823176548 443071.282445982 1702053132.69249 1924315623.29424 1020278570.44878 1403754175.31236 290124641.388736 190795911.751134 0 0
71 13928.7175540188 848156.912760193 1.4991145740604 94227393.3179984 110406150.422851 57199831.0322955 79434475.8730149 17188548.9272804 10327135.7700384 56032.7823176548 443071.282445982 1704939672.82412 1927697779.72194 1022030816.81773 1406187552.63894 290651191.413481 191112270.835211 0 0
72 13928.7175540188 848156.912800687 1.4991145713996 91426634.1498496 107124503.471489 55499657.1705437 77073412.6117441 16677646.6906793 10020178.1097427 56032.7823176548 443071.282445982 1707740431.99227 1930979426.6733 1023730990.67948 1408548615.90021 291162093.650082 191419228.495507 0 0
