"Time" "IECs" "pheme_e" "BiomassCD" "pro_L_e" "leu_L_e" "ile_L_e" "val_L_e" "trp_L_e" "cys_L_e" "Drug" "Damage" "pro_L_v" "leu_L_v" "ile_L_v" "val_L_v" "trp_L_v" "cys_L_v" "CD" "pheme_c"
0 457000 1e+05 0.4963 224235600.199112 195370466.451958 120509812.093413 157438605.791629 18978882.6152 31300034.1459915 0 0 0 0 0 0 0 0 45700000 1000
1 385525.591368093 126097.318883635 0.594123778040617 258785628.500408 274507944.415255 151105567.539806 205045287.776567 38350382.3467984 30677154.3384543 0 71474.408631907 221266890.013609 218124587.536804 125133488.969067 167422540.420473 27229481.9174038 28069052.7221895 48532264.0503195 736.78369870928
2 321418.165370051 189926.147764578 0.697812002543788 281529378.72385 315063932.706955 168384738.47766 230871996.184485 47210972.8814287 31572218.6296915 0 135581.834629949 427831580.883512 444191383.970961 247442413.232887 334396046.548899 60166333.5799167 51791240.0142004 52252899.8109736 962.9845044183
3 263890.181237215 259234.297712323 0.803529041452252 302549647.294352 345427433.346016 182582237.628205 251338028.176738 52993109.0160335 33211631.8456065 0 193109.818762785 612405569.958734 653086769.340366 358395644.969828 486862595.105463 91891566.095778 72242572.7052947 57057131.4575447 1159.0188020209
4 212442.195440376 323714.819133965 0.907130801939826 324933890.593667 374387580.486561 196846508.548225 271511813.767863 57998589.8292821 35354982.705917 0 244557.804559624 773648082.856039 838098795.128873 455909156.87307 621239535.623074 120428957.54591 89855248.3909702 63165456.755222 1296.25090788586
5 166834.393111233 379541.410860974 1.00479475876039 349492359.115539 404753087.698038 212114346.887955 292955813.789794 62990753.801078 37893752.033073 0 290165.606888767 911549894.058759 997416137.804304 539534303.493585 736661277.882927 145171432.737713 104829875.158205 70824623.4603496 1383.19007421038
6 127031.479361871 424791.316364344 1.09354993284394 375990992.580769 437042959.730337 228415609.337863 315838350.272779 68176406.065532 40732896.0550791 0 329968.520638129 1026396607.08854 1130666584.0556 609272896.637323 833033099.227446 165935068.993793 117275050.015954 80308686.3864114 1430.97199034158
7 93115.2801577793 458202.012928835 1.17156432043908 403494025.018244 470591441.334794 245254176.993786 339557581.359736 73504552.7904178 43749967.8181932 0 363884.719842221 1118738577.11005 1238175574.94096 665386627.149648 910670025.113702 182717346.079539 127281798.747211 91917657.5811369 1447.17387066594
8 65167.1306228225 478997.361619749 1.23815305245937 430513330.779473 503965845.03692 261758337.505913 362982958.379301 78775213.8481322 46784383.4335854 9737.47760380151 391832.869377178 1189664414.45553 1321037525.15472 708504138.246334 970409931.39801 195665018.509027 134979472.553242 105972304.326849 1436.28461622877
9 62894.5994207459 627816.544712197 1.29357942355132 382456941.062628 447878252.674827 232544374.492747 322525459.571702 70011613.9141192 41573411.9100543 4507.42456585317 394105.400579254 1245633288.8212 1386576574.78625 742534650.23162 1017607110.46395 205909903.024954 141063096.058371 486106.799658033 402.468893204731
10 62847.6823247244 700469.965252195 1.33875827081505 333913745.078565 391034559.108628 203028876.46235 281590162.289316 61125971.8356942 36296920.4809036 3679.62567108351 394152.317675276 1294340238.25483 1443615396.5548 772149829.220395 1058681724.37251 214826127.37305 146357603.652394 74601.7655795617 112.401350677522
11 62838.9726257619 731200.884484638 1.37495945739028 291442737.861441 341298751.814373 177205338.232352 245774450.639992 53351354.2619994 31680287.4446001 3476.45179900191 394161.027374238 1336841726.71903 1493387427.48704 797991922.116136 1094523334.6819 222606422.390054 150977581.213099 16904.0214830332 31.1086651901864
12 62836.9071622662 744129.41960613 1.40357131055642 254358408.184994 297870640.575474 154657032.922879 214501170.318458 46562734.5957832 27649166.995871 3422.99522908864 394163.092837734 1373933303.18817 1536824128.98862 820544638.709281 1125802764.75985 229396388.467136 155009494.79981 4203.59969827708 8.31732494044527
13 62836.3869586682 749557.514382123 1.42594040151354 221989235.092586 259964201.938072 134975670.676745 187204161.737672 40637252.3528105 24130586.7740092 3408.97534403531 394163.613041332 1406304305.74171 1574732731.15279 840227114.586053 1153101324.08716 235322209.822102 158528274.779854 1073.12021220081 2.17813367623021
14 62836.2536168176 751834.035655913 1.44328065774437 193738383.744628 226880574.434945 117798362.327141 163380138.871867 35465664.675971 21059673.9185049 3405.32806442262 394163.746383182 1434555627.04121 1607816913.22467 857404709.004134 1176925744.89317 240493884.424042 161599238.838629 276.331889002586 0.565626358754891
15 62836.2192245907 752788.179187449 1.45663416959378 169082560.38155 198006960.877856 102806931.393772 142587812.077462 30952180.4953192 18379546.2671772 3404.3827232012 394163.780775409 1459211571.85382 1636690669.81903 872396213.865985 1197718174.43018 245007391.025289 164279379.696571 71.4170221880991 0.146540526517954
16 62836.2103282911 753187.924553197 1.46686535185507 147564460.599437 172807830.290002 89723324.1923108 124441536.367265 27013086.4760117 16040494.2065609 13141.6154796583 394163.789671709 1480729703.10668 1661889837.40659 885479840.224211 1215864476.74114 248946490.84427 166618435.173367 18.4949793931292 0.0379652746208685
17 62836.2102273395 753355.383951882 1.47467378378753 128784793.14896 150815586.545514 78304760.5083013 108604588.497571 23575288.6572036 13999114.1498121 13141.575932054 394163.78977266 1499509370.91464 1683882081.57094 896898404.125825 1231701424.91285 252384288.728891 168659815.268881 -3.52202270925716e-08 3.49012117394066e-07
18 62836.2102273395 753425.454400298 1.48061525972533 112395187.388893 131622264.527322 68339421.2591006 94783186.5627118 20575014.4996451 12217537.6430252 13141.5759316892 394163.78977266 1515898976.67471 1703075403.58913 906863743.375025 1245522826.84771 255384562.88645 170441391.775668 -3.52202270925716e-08 -1.57360576612204e-08
19 62836.2102273395 753454.825106691 1.48512612607397 98091348.6585627 114871514.883519 59642286.7703078 82720717.9958967 17956559.9544444 10662687.3670708 13141.5759316851 394163.78977266 1530202815.40504 1719826153.23293 915560877.863818 1257585295.41452 258003017.43165 171996242.051623 -3.52202270925716e-08 -1.98993606031088e-08
20 62836.2102273395 753467.164024644 1.4885450614635 85607816.8996076 100252466.171699 52051949.8929399 72193319.5622204 15671330.0178763 9305707.38664497 13141.5759316851 394163.78977266 1542686347.16399 1734445201.94475 923151214.741186 1268112693.8482 260288247.368218 173353222.032049 -3.52202270925716e-08 -1.99003606031089e-08
21 62836.2102273395 753472.254075728 1.49113281653714 74713007.4432614 87493917.2911647 45427600.6634776 63005695.2407887 13676930.900416 8121424.07577742 13141.5759316851 394163.78977266 1553581156.62034 1747203750.82529 929775563.970648 1277300318.16963 262282646.485679 174537505.342916 -3.52202270925716e-08 -1.99013606031089e-08
22 62836.2102273395 753474.427132989 1.49308957670807 65204719.6939817 76359077.8517559 39646295.4577444 54987328.6846333 11936347.8483025 7087857.90451785 13141.5759316851 394163.78977266 1563089444.36962 1758338590.26469 935556869.176381 1285318684.72579 264023229.537792 175571071.514176 -3.52202270925716e-08 -1.9902360603109e-08
23 62836.2102273395 753475.267514111 1.4945681545997 56906466.9514401 66641270.1504865 34600725.4199023 47989388.148982 10417273.2823359 6185824.48468337 13141.5759316851 394163.78977266 1571387697.11216 1768056397.96597 940602439.214224 1292316625.26144 265542304.103759 176473104.93401 -3.52202270925716e-08 -1.9903360603109e-08
24 62836.2102273395 753475.535134337 1.49568433329877 49664394.5486638 58160320.1056589 30197342.6041436 41882127.5482416 9091542.6335757 5398599.56651772 22879.0535354866 394163.78977266 1578629769.51494 1776537348.01079 945005822.029982 1298423885.86218 266868034.752519 177260329.852176 0 0
25 62836.2102273395 753475.79920348 1.496527154746 43343982.9727256 50758696.3911911 26354355.3797492 36552106.1881413 7934530.81803685 4711560.66260761 22879.0535354866 394163.78977266 1584950181.09088 1783938971.72526 948848809.254376 1303753907.22228 268025046.568058 177947368.756086 0 0
26 62836.2102273395 753475.909925718 1.49716318282514 37827865.4409062 44298954.6726709 23000401.4562828 31900348.3213988 6924752.72312399 4111949.81490138 22879.0535354866 394163.78977266 1590466298.6227 1790398713.44378 952202763.177843 1308405665.08902 269034824.662971 178546979.603792 0 0
27 62836.2102273395 753475.956467082 1.49764304982702 33013722.281842 38661271.7871724 20073267.6083666 27840567.4732529 6043477.753953 3588644.71055318 22879.0535354866 394163.78977266 1595280441.78176 1796036396.32928 955129897.025759 1312465445.93717 269916099.632142 179070284.708141 0 0
28 62836.2102273395 753475.975584332 1.49800498730444 28812258.845604 33741077.7410256 17518660.188386 24297461.207186 5274359.67044273 3131938.87749628 22879.0535354866 394163.78977266 1599481905.218 1800956590.37542 957684504.44574 1316008552.20323 270685217.715652 179526990.541198 0 0
29 62836.2102273395 753475.983804014 1.49827795515806 25145490.2724096 29447047.05952 15289162.2178356 21205264.6654173 4603122.5978154 2733355.2360432 22879.0535354866 394163.78977266 1603148673.79119 1805250621.05693 959914002.41629 1319100748.745 271356454.788279 179925574.182651 0 0
30 62836.2102273395 753475.986795872 1.49848382812336 21945338.4523445 25699455.7331158 13343380.2995423 18506567.38098 4017304.18664907 2385493.58615103 22879.0535354866 394163.78977266 1606348825.61126 1808998212.38333 961859784.334583 1321799446.02944 271942273.199445 180273435.832543 0 0
31 62836.2102273395 753475.986663776 1.49863894446049 19152526.4425505 22428886.5061943 11645272.3923557 16151380.9365376 3506053.22536482 2081910.42879137 22879.0535354866 394163.78977266 1609141637.62105 1812268781.61026 963557892.24177 1324154632.47388 272453524.16073 180577018.989902 0 0
32 62836.2102273395 753475.987997578 1.49875593612051 16715129.6211082 19574532.1815745 10163266.872139 14095917.1482637 3059864.41508202 1816961.47404721 32616.5311392881 394163.78977266 1611579034.4425 1815123135.93488 965039897.761987 1326210096.26216 272899712.971012 180841967.944647 0 0
33 62836.2102273395 753475.988989856 1.49884419244964 14587922.0637591 17083430.1840384 8869865.11051173 12302036.8634415 2670458.71762298 1585730.59121131 32616.5311392881 394163.78977266 1613706241.99985 1817614237.93242 966333299.523614 1328003976.54698 273289118.668471 181073198.827483 0 0
34 62836.2102273395 753475.989405912 1.4989107355072 12731408.4914169 14909328.9062684 7741052.87182977 10736433.5990004 2330606.14424221 1383924.57992368 32616.5311392881 394163.78977266 1615562755.57219 1819788339.21019 967462111.762296 1329569579.81142 273628971.241852 181275004.838771 0 0
35 62836.2102273395 753475.989580798 1.49896090713299 11111152.5692591 13011901.1022618 6755891.90022365 9370067.09419763 2034002.794348 1207800.15520251 32616.5311392881 394163.78977266 1617183011.49435 1821685767.01419 968447272.733902 1330935946.31623 273925574.591746 181451129.263492 0 0
36 62836.2102273395 753475.989652634 1.49899872975444 9697101.1364826 11355952.5152804 5896109.03236663 8177593.43161649 1775147.14929308 1054090.49013167 32616.5311392881 394163.78977266 1618597062.92713 1823341715.60117 969307055.601759 1332128419.97881 274184430.236801 181604838.928563 0 0
37 62836.2102273395 753475.989683521 1.49902724418659 8463007.48661981 9910746.50061627 5145745.53575762 7136878.68778963 1549234.49831817 919942.52550354 32616.5311392881 394163.78977266 1619831156.57699 1824786921.61584 970057419.098368 1333169134.72264 274410342.887776 181738986.893191 0 0
38 62836.2102273395 753475.989694765 1.49904874369721 7385959.13742106 8649451.01261246 4490869.97958601 6228600.70017488 1352070.49231044 802865.637645668 32616.5311392881 394163.78977266 1620908204.92619 1826048217.10384 970712294.65454 1334077412.71025 274607506.893784 181856063.781049 0 0
39 62836.2102273395 753475.989694269 1.49906493890538 6446005.73344418 7548702.85376533 3919351.98908663 5435935.27633307 1180003.02781217 700691.190833792 32616.5311392881 394163.78977266 1621848158.33016 1827148965.26269 971283812.645039 1334870078.13409 274779574.358282 181958238.227861 0 0
40 62836.2102273395 753475.989699278 1.49907715174159 5625671.46540979 6588036.68525357 3420565.78285429 4744145.01576029 1029832.99071829 611519.536491552 42354.0087430896 394163.78977266 1622668492.5982 1828109631.4312 971782598.851272 1335561868.39466 274929744.395376 182047409.882203 0 0
41 62836.2102273395 753475.989703007 1.49908636387145 4909735.07677019 5749627.39995023 2985256.41067742 4140393.78879123 898773.984373869 533696.099550691 42354.0087430896 394163.78977266 1623384428.98684 1828948040.7165 972217908.223449 1336165619.62163 275060803.40172 182125233.319144 0 0
42 62836.2102273395 753475.989704571 1.49909330894616 4284903.81102313 5017908.29296978 2605341.50437454 3613471.77542599 784392.642510046 465775.935999647 42354.0087430896 394163.78977266 1624009260.25259 1829679759.82348 972597823.129752 1336692541.63499 275175184.743584 182193153.482695 0 0
43 62836.2102273395 753475.989705228 1.49909854497703 3739587.8096333 4379306.86657982 2273774.1054132 3153605.21444482 684567.330624913 406499.20957477 42354.0087430896 394163.78977266 1624554576.25398 1830318361.24987 972929390.528713 1337152408.19598 275275010.055469 182252430.20912 0 0
44 62836.2102273395 753475.989705498 1.49910249202779 3263672.33016637 3821978.08243621 1984404.167157 2752264.31430184 597446.448333422 354766.431505125 42354.0087430896 394163.78977266 1625030491.73344 1830875690.03402 973218760.466969 1337553749.09612 275362130.937761 182304162.987189 0 0
45 62836.2102273395 753475.989705614 1.49910546758676 2848323.73885476 3335577.16593159 1731860.59291297 2401999.64609473 521412.91445021 309617.371592365 42354.0087430896 394163.78977266 1625445840.32475 1831362090.95052 973471304.041213 1337904013.76432 275438164.471644 182349312.047102 0 0
46 62836.2102273395 753475.989705656 1.49910771105281 2485830.57263287 2911073.47923264 1511454.59719833 2096308.11071932 455055.071874339 270213.781398315 42354.0087430896 394163.78977266 1625808333.49098 1831786594.63722 973691710.036928 1338209705.2997 275504522.31422 182388715.637296 0 0
47 62836.2102273395 753475.989705654 1.49910940097611 2169478.30531288 2540603.86411525 1319103.56006852 1829527.32882358 397143.7623395 235825.781126871 42354.0087430896 394163.78977266 1626124685.7583 1832157064.25234 973884061.074058 1338476486.0816 275562433.623755 182423103.637568 0 0
48 62836.2102273395 753475.989705673 1.49911067532924 1893385.25417598 2217280.47763288 1151231.25372972 1596697.26036138 346602.287545408 205814.022406531 52091.4863468911 394163.78977266 1626400778.80943 1832480387.63882 974051933.380396 1338709316.15006 275612975.098549 182453115.396288 0 0
49 62836.2102273395 753475.989705687 1.49911163656164 1652428.5390789 1935104.08528962 1004722.82360226 1393497.76569297 302492.855263798 179621.639926201 52091.4863468911 394163.78977266 1626641735.52453 1832762564.03116 974198441.810524 1338912515.64473 275657084.530831 182479307.778768 0 0
50 62836.2102273395 753475.989705693 1.49911236123315 1442134.29721986 1688835.49520514 876858.035824088 1216156.02337954 263996.482100855 156762.317603667 52091.4863468911 394163.78977266 1626852029.76639 1833008832.62125 974326306.598302 1339089857.38704 275695580.903994 182502167.101091 0 0
51 62836.2102273395 753475.989705696 1.49911290757394 1258601.84403396 1473906.74546252 765265.164951519 1061382.57484709 230399.110423459 136812.044752954 52091.4863468911 394163.78977266 1627035562.21957 1833223761.37099 974437899.469174 1339244630.83557 275729178.275671 182522117.373942 0 0
52 62836.2102273395 753475.989705697 1.49911331941662 1098426.94490181 1286331.25015895 667874.341009462 926306.619196279 201077.562511267 119400.775595639 52091.4863468911 394163.78977266 1627195737.1187 1833411336.86629 974535290.293116 1339379706.79122 275758499.823583 182539528.643099 0 0
53 62836.2102273395 753475.989705697 1.49911362989146 958636.537654171 1122627.35510277 582877.858946373 808420.964501959 175487.590886594 104205.333492122 52091.4863468911 394163.78977266 1627335527.52595 1833575040.76135 974620286.77518 1339497592.44592 275784089.795208 182554724.085202 0 0
54 62836.2102273395 753475.989705697 1.49911386397695 836635.239499271 979755.693855755 508697.653348096 705536.91695019 153154.085895609 90943.596158583 52091.4863468911 394163.78977266 1627457528.82411 1833717912.4226 974694466.980778 1339600476.49347 275806423.300199 182567985.822536 0 0
55 62836.2102273395 753475.989705698 1.49911404030503 730163.198100404 855069.828532392 443959.670712795 615748.736530119 133663.359944784 79369.9140113264 52091.4863468911 394163.78977266 1627564000.8655 1833842598.28792 974759204.963413 1339690264.67389 275825914.02615 182579559.504683 0 0
56 62836.2102273395 753475.989705698 1.499114173272 637240.865460899 746251.576333977 387460.290426545 537387.064691464 116653.037832117 69269.1069992545 52091.4863468911 394163.78977266 1627656923.19814 1833951416.54012 974815704.343699 1339768626.34573 275842924.348262 182589660.311695 0 0
57 62836.2102273395 753475.989705698 1.49911427357332 556143.021415533 651280.589323642 338150.530318713 468997.018279698 101807.301498675 60453.640915603 52091.4863468911 394163.78977266 1627738021.04219 1834046387.52713 974865014.103807 1339837016.39214 275857770.084596 182598475.777779 0 0
58 62836.2102273395 753475.989705698 1.49911434918564 485366.021022817 568395.998937158 295116.132159318 409310.569167243 88850.8943503607 52760.0671368037 52091.4863468911 394163.78977266 1627808798.04258 1834129272.11752 974908048.501967 1339896702.84125 275870726.491744 182606169.351558 0 0
59 62836.2102273395 753475.989705698 1.4991144061869 423596.388142488 496059.636966435 257558.465674695 357220.059126552 77543.3720117654 46045.6086938451 52091.4863468911 394163.78977266 1627870567.67546 1834201608.47949 974945606.168451 1339948793.35129 275882034.014082 182612883.810001 0 0
60 62836.2102273395 753475.989705698 1.49911444914847 369687.865278028 432929.159393654 224780.574209083 311758.84589593 67674.9010802395 40185.6655532413 52091.4863468911 394163.78977266 1627924476.19833 1834264738.95706 974978384.059917 1339994254.56452 275891902.485014 182618743.753141 0 0
61 62836.2102273395 753475.989705696 1.49911448153658 322639.869152696 377832.816433147 196174.075111566 272083.134704494 59062.315212941 35071.4727034951 52091.4863468911 394163.78977266 1627971524.19445 1834319835.30002 975006990.559015 1340033930.27572 275900515.070881 182623857.945991 0 0
62 62836.2102273395 753475.989705686 1.49911450596479 281579.371842508 329748.234129057 171208.142957549 237456.698579225 51545.7982948579 30608.1306051116 52091.4863468911 394163.78977266 1628012584.69176 1834367919.88232 975031956.491169 1340068556.71184 275908031.587799 182628321.288089 0 0
63 62836.2102273395 753475.989705674 1.49911452438928 245744.390886598 287783.080172861 149419.471073544 207236.955507281 44985.8621455345 26712.8105390392 52091.4863468911 394163.78977266 1628048419.67272 1834409885.03628 975053745.163053 1340098776.45491 275914591.523949 182632216.608155 0 0
64 62836.2102273395 753475.989705676 1.49911453827597 214469.96674872 251158.64257508 130403.745441102 180863.14318874 39260.7795592273 23313.2303341823 52091.4863468911 394163.78977266 1628079694.09686 1834446509.47388 975072760.888685 1340125150.26723 275920316.606535 182635616.18836 0 0
65 62836.2102273395 753475.9897057 1.49911454873564 187175.647338874 219195.173204941 113808.034935491 157845.764697485 34264.2932268327 20346.2939147721 52091.4863468911 394163.78977266 1628106988.41627 1834478472.94325 975089356.599191 1340148167.64572 275925313.092867 182638583.12478 0 0
66 62836.2102273395 753475.989705705 1.49911455662084 163354.910784497 191299.501149628 99324.3600744041 137757.668673563 29903.6794729472 17756.9415385826 52091.4863468911 394163.78977266 1628130809.15282 1834506368.6153 975103840.274052 1340168255.74175 275929673.706621 182641172.477156 0 0
67 62836.2102273395 753475.98970567 1.49911456256695 142565.698481809 166953.946285688 86683.9368480742 120226.065818011 26098.0152403318 15497.1207243861 52091.4863468911 394163.78977266 1628151598.36512 1834530714.17017 975116480.697278 1340185787.3446 275933479.370854 182643432.29797 0 0
68 62836.2102273395 753475.989705648 1.49911456704496 124422.206028769 145706.705913726 75652.1853766392 104925.60616287 22776.6753416415 13524.8939131618 52091.4863468911 394163.78977266 1628169741.85758 1834551961.41054 975127512.448749 1340201087.80426 275936800.710753 182645404.524781 0 0
69 62836.2102273395 753475.989705747 1.49911457041968 108587.717482943 127163.463196204 66024.37293827 91572.3361801337 19878.0207017628 11803.6595404007 52091.4863468911 394163.78977266 1628185576.34612 1834570504.65326 975137140.261188 1340214441.07424 275939699.365392 182647125.759154 0 0
70 62836.2102273395 753475.989705884 1.49911457296743 94768.3922161315 110980.111149611 57621.8362028007 79918.4592182773 17348.2609821038 10301.4766572112 52091.4863468911 394163.78977266 1628199395.67139 1834586688.0053 975145542.797923 1340226094.9512 275942229.125112 182648627.942037 0 0
71 62836.2102273395 753475.989705841 1.49911457489187 82707.7731981707 96856.3214783268 50288.6421144977 69747.7043221105 15140.4492693955 8990.46797193469 52091.4863468911 394163.78977266 1628211456.29041 1834600811.79497 975152875.992012 1340236265.7061 275944436.936825 182649938.950723 0 0
72 62836.2102273395 753475.989705419 1.49911457633627 72182.0447519209 84529.9910892736 43888.7044743007 60871.3270838451 13213.6139623678 7846.30436048609 52091.4863468911 394163.78977266 1628221982.01885 1834613138.12536 975159275.929652 1340245142.08334 275946363.772132 182651083.114334 0 0
