"Time" "IECs" "pheme_e" "BiomassCD" "pro_L_e" "leu_L_e" "ile_L_e" "val_L_e" "trp_L_e" "cys_L_e" "Drug" "Damage" "pro_L_v" "leu_L_v" "ile_L_v" "val_L_v" "trp_L_v" "cys_L_v" "CD" "pheme_c"
0 457000 1e+05 0.4963 224235600.199112 195370466.451958 120509812.093413 157438605.791629 18978882.6152 31300034.1459915 0 0 0 0 0 0 0 0 45700000 1000
1 419674.836589244 108394.130790389 0.594123778077437 173391275.834926 176310307.437206 99366186.4469998 133754757.471656 23131879.1539353 21410546.1544405 0 37325.1634107558 184362339.614535 174295513.640085 102428451.878596 135948938.583433 20182777.0964291 24222350.7412813 48532264.0495499 636.59085125428
2 383128.76883995 140894.075530388 0.697811822174027 160461002.018468 175982741.172185 95087770.1217023 129877208.01196 25698693.2296899 18399567.7398297 0 73871.2311600502 328000833.545114 326618175.674422 186275755.802403 249732872.826001 41443660.3254916 41267019.1716211 52252908.4139211 715.933543586284
3 347086.670534844 179662.378036782 0.803528857886507 162315295.950527 183988352.10794 97632027.0868088 134210329.046654 27986276.2224998 17963050.5789189 0 109913.329465155 454995041.375621 468511651.589599 262165744.399079 353762977.317733 62655057.0400164 55543702.0816923 57057139.2202433 803.835897859683
4 311354.528541684 218997.586462039 0.907130655098971 171365655.891883 197068015.689177 103739206.102637 143020891.378423 30473412.6444995 18673333.4907051 0 145645.471458316 573595592.431789 604041966.557916 333762526.410176 452343356.773199 83464638.4223537 68554561.6952795 63165461.633909 877.055948919003
5 275851.662950606 256791.854878654 1.00479456973897 185035654.213872 214245724.210562 112330481.2073 155101238.334198 33363639.1205769 20034360.2034267 0 181148.337049393 686629657.317725 734520676.029823 402298173.971125 546908365.838343 103721411.552266 80826635.3695318 70824624.9981242 935.755595509101
6 240643.257084837 291877.057302853 1.09354913067481 202417728.980078 235265927.665776 123041163.439819 170064573.075943 36753717.3255969 21866710.7229037 0 216356.742915163 794722382.130538 859932232.570344 467965773.675379 637627500.687013 123286032.67886 92514312.7025103 80308828.2234535 983.039513545099
7 205967.055873489 323219.937199813 1.17156454052512 223108630.01816 260022330.798043 135702290.464552 187737820.484197 40682720.8577311 24097028.4873468 0 251032.94412651 897361598.28161 979394150.276072 530377226.097256 723930480.654553 141964307.537646 103599656.203225 91917782.6352833 1020.61630675198
8 172247.064052603 349720.217044466 1.23815449716034 246741683.475006 288298023.741774 150123765.116454 207902597.495202 45140702.4461514 26677768.2123566 9737.47760380151 284752.935947397 993312528.03454 1091359903.31541 588747901.707406 804723334.753054 159489586.426603 113967393.337435 105972467.130754 1048.40036700932
9 169825.761963322 468371.972819154 1.29358061231066 176830994.463537 206652534.329632 107590115.965289 149011023.931167 32358181.9083042 19121196.4787639 8160.85725573832 287174.238036678 1071794274.44539 1183075588.11687 636498849.28661 870857347.324615 173850611.672324 122453745.073312 2295.00764771049 297.551203064758
10 169825.681827823 521800.76053652 1.33875923066374 122400982.188116 143043211.053143 74473006.940087 103144224.105268 22398071.563015 13235537.3356486 7915.0935483733 287174.318172176 1126224571.31451 1246685244.6769 669616131.5469 916724387.251239 183810774.261492 128339434.988459 0.467907101697263 52.2622851845238
11 169825.681810326 543399.185986305 1.37496022064303 84724827.8787829 99013187.7951514 51549526.6608113 71395478.0246662 15503737.9935176 9161516.53849511 7872.22559519952 287174.318189674 1163900725.68614 1290715268.00766 692539611.864098 948473133.384337 190705107.842397 132413455.792331 0.000132411507165656 9.39446696100844
12 169825.681810321 552130.17772662 1.40357191013194 58645742.2444267 68536012.8266203 35682105.5770975 49419289.5575152 10731544.04626 6341517.01380068 7864.5273712281 287174.318189679 1189979811.32051 1321192442.97621 708407032.947823 970449321.851503 195477301.789658 135233455.317027 3.5623238542435e-08 1.69624303073526
13 169825.681810321 555659.611554216 1.42594086803077 40594040.3898863 47439994.2156071 24698823.4705229 34207575.1718857 7428275.53693592 4389539.42672352 7863.13764252418 287174.318189679 1208031513.17506 1342288461.58722 719390315.054398 985661036.237132 198780570.298982 137185432.904105 -5.07895745336457e-09 0.306514326830796
14 169825.681810321 557086.357047062 1.44328101803808 28098819.3183129 32837525.2407312 17096297.1758297 23678167.1605149 5141783.62523896 3038398.59391884 7862.88652397094 287174.318189679 1220526734.24663 1356890930.5621 726992841.349091 996190444.248503 201067062.210679 138536573.736909 -5.07820166543462e-09 0.0553957735961518
15 169825.681810321 557663.107512546 1.45663444625258 19449742.8563989 22729831.2693332 11833898.7876887 16389808.3177715 3559095.07090794 2103151.40566958 7862.84114004041 287174.318189679 1229175810.70854 1366998624.5335 732255239.737232 1003478803.09125 202649750.76501 139471820.925159 -5.07820166543462e-09 0.0100118430664298
16 169825.681810321 557896.254111329 1.46686556336331 13462932.1891035 15733379.0635756 8191315.33448275 11344873.7910675 2463572.70365875 1455781.95902122 17600.3105415292 287174.318189679 1235162621.37584 1373995076.73926 735897823.190438 1008523737.61795 203745273.132259 140119190.371807 0 0.0018095303297329
17 169825.681810321 557990.49982997 1.47467389828794 9318931.86457299 10890516.67449 5669961.67039 7852829.11524328 1705264.93384548 1007680.3994284 17600.3087712772 287174.318189679 1239306621.70037 1378837939.12835 738419176.854531 1012015782.29377 204503580.902072 140567291.9314 0 3.92783837448122e-05
18 169825.681810321 558028.598335441 1.4806154754798 6450490.95928348 7538329.53943835 3924702.64037181 5435666.22750449 1180370.90503585 697508.4055578 17600.3087327895 287174.318189679 1242175062.60566 1382190126.2634 740164435.884549 1014432945.18151 205028474.930882 140877463.92527 0 7.90595588959665e-07
19 169825.681810321 558044.001929244 1.48512635742082 4464963.2940051 5217953.93624509 2716638.67754518 3762512.08434631 817040.562891054 482808.12231718 17600.3087320367 287174.318189679 1244160590.27094 1384510501.86659 741372499.847376 1016106099.32467 205391805.273027 141092164.208511 0 3.78585480410129e-08
20 169825.681810321 558050.226534064 1.48854513859126 3090608.82101825 3611822.4050528 1880433.70291834 2604378.19336196 565548.382937708 334195.589848679 17600.3087320107 287174.318189679 1245534944.74393 1386116633.39778 742208704.822003 1017264233.21566 205643297.45298 141240776.740979 0 1.18020104524347e-08
21 169825.681810321 558052.744250191 1.49113284680778 2139290.43533675 2500069.58911052 1301618.57028956 1802726.1558204 391467.285704631 231327.05246711 17600.3087319899 287174.318189679 1246486263.12961 1387228386.21373 742787519.954631 1018065885.2532 205817378.550213 141343645.278361 0 -8.96437728211558e-09
22 169825.681810321 558053.761845878 1.49308957245813 1480797.28840349 1730525.32149153 900968.478885855 1247830.56997714 270970.0775523 160122.471623984 17600.3087319912 287174.318189679 1247144756.27654 1387997930.48134 743188170.046035 1018620780.83904 205937875.758365 141414849.859204 0 -7.70021877323381e-09
23 169825.681810321 558054.173250093 1.4945680687774 1024993.86957651 1197853.25079041 623641.854811421 863736.511751513 187562.923368955 110835.259546546 17600.3087319912 287174.318189679 1247600559.69537 1388530602.55205 743465496.670109 1019004874.89727 206021282.912549 141464137.071282 0 -7.70021877323387e-09
24 169825.681810321 558054.339393501 1.49568458549296 709491.233912467 829142.891655027 431679.098014924 597870.388972202 129829.313020428 76719.1369536455 27337.7863357927 287174.318189679 1247916062.33103 1388899312.91118 743657459.426906 1019270741.02005 206079016.522897 141498253.193875 0 0
25 169825.681810321 558054.406641922 1.49652738393179 491104.267483133 573926.20652918 298804.885931197 413841.194072137 89866.8322047261 53104.3848812467 27337.7863357927 287174.318189679 1248134449.29746 1389154529.59631 743790333.63899 1019454770.21495 206118979.003713 141521867.945947 0 0
26 169825.681810321 558054.433829124 1.49716336756578 339937.441541607 397265.955926376 206829.740991961 286456.718118903 62204.9186737574 36758.3218604221 27337.7863357927 287174.318189679 1248285616.1234 1389331189.84691 743882308.783929 1019582154.6909 206146640.917244 141538214.008968 0 0
27 169825.681810321 558054.44481061 1.49764316644268 235302.219182299 274984.598963666 143166.039102967 198283.252257772 43057.7912853946 25443.8424551003 27337.7863357927 287174.318189679 1248390251.34576 1389453471.20387 743945972.485818 1019670328.15676 206165788.044632 141549528.488373 0 0
28 169825.681810321 558054.449257054 1.49800507189176 162874.020099929 190341.796411533 99098.208302143 137249.833537231 29804.204939702 17611.9924489143 27337.7863357927 287174.318189679 1248462679.54484 1389538114.00642 743990040.316619 1019731361.57548 206179041.630978 141557360.33838 0 0
29 169825.681810321 558054.451054693 1.49827801369361 112739.888493062 131752.828903218 68594.8621332687 95003.0638353815 20630.194671101 12190.8580853658 27337.7863357927 287174.318189679 1248512813.67645 1389596702.97393 744020543.662788 1019773608.34519 206188215.641246 141562781.472743 0 0
30 169825.681810321 558054.451780797 1.4984838394725 78037.4836422119 91198.0610215239 47480.714263738 65760.2215073139 14280.0254701403 8438.39657052534 27337.7863357927 287174.318189679 1248547516.0813 1389637257.74181 744041657.810657 1019802851.18752 206194565.810447 141566533.934258 0 0
31 169825.681810321 558054.452074646 1.49863904071877 54016.8152117023 63126.4436005022 32865.7056686108 45518.6093612039 9884.49987156846 5840.97906491914 27337.7863357927 287174.318189679 1248571536.74973 1389665329.35924 744056272.819252 1019823092.79966 206198961.336046 141569131.351764 0 0
32 169825.681810321 558054.452193564 1.49875606203693 37389.9258073317 43695.5239484787 22749.3289217232 31507.5485327691 6841.95681274555 4043.0701629405 37075.2639395942 287174.318189679 1248588163.63913 1389684760.27889 744066389.195999 1019837103.86049 206202003.879105 141570929.260666 0 0
33 169825.681810321 558054.452241553 1.49884429155043 25881.0135203513 30245.6991200464 15746.907133113 21809.2780866076 4735.94886731775 2798.58147058087 37075.2639395942 287174.318189679 1248599672.55142 1389698210.10372 744073391.617787 1019846802.13094 206204109.88705 141572173.749358 0 0
34 169825.681810321 558054.452260953 1.49891081148334 17914.5776235154 20935.7691590205 10899.8509638973 15096.1632506446 3278.17624058071 1937.14998645742 37075.2639395942 287174.318189679 1248607638.98731 1389707520.03368 744078238.673957 1019853515.24577 206205567.659677 141573035.180842 0 0
35 169825.681810321 558054.45226879 1.49896096196979 12400.3400486189 14491.5868075207 7544.79738635727 10449.4541636156 2269.12969855032 1340.88110041278 37075.2639395942 287174.318189679 1248613153.22489 1389713964.21603 744081593.727534 1019858161.95486 206206576.706219 141573631.449728 0 0
36 169825.681810321 558054.452271963 1.4989987707351 8583.40070630558 10030.9423734727 5222.43897837335 7233.01553802754 1570.67059297338 928.145497561313 37075.2639395942 287174.318189679 1248616970.16423 1389718424.86047 744083916.085942 1019861378.39348 206207275.165325 141574044.185331 0 0
37 169825.681810321 558054.452273247 1.4990272745257 5941.35048628319 6943.32542400466 3614.92390084371 5006.62637741989 1087.20363998592 642.453718748846 37075.2639395942 287174.318189679 1248619612.21445 1389721512.47741 744085523.60102 1019863604.78264 206207758.632278 141574329.87711 0 0
38 169825.681810321 558054.452273762 1.49904876311959 4112.54656683275 4806.10413420607 2502.21610593398 3465.5393866106 752.552068320962 444.700382764721 37075.2639395942 287174.318189679 1248621441.01837 1389723649.6987 744086636.308815 1019865145.86964 206208093.283849 141574527.630446 0 0
39 169825.681810321 558054.452273972 1.49906496292188 2846.66621192694 3326.74026360836 1732.0105506276 2398.81390220076 520.909492644328 307.817439504945 37075.2639395942 287174.318189679 1248622706.89873 1389725129.06258 744087406.51437 1019866212.59512 206208324.926425 141574664.513389 0 0
40 169825.681810321 558054.452274059 1.49907717554171 1970.43528082372 2302.73797401539 1198.88123216434 1660.43617099289 360.568597091534 213.068304359715 46812.7415433957 287174.318189679 1248623583.12966 1389726153.06486 744087939.643688 1019866950.97285 206208485.267321 141574759.262524 0 0
41 169825.681810321 558054.452274093 1.49908638225128 1363.91985912097 1593.93717909813 829.856193293899 1149.34090475342 249.582757137269 147.484210465396 46812.7415433957 287174.318189679 1248624189.64508 1389726861.86565 744088308.668727 1019867462.06812 206208596.253161 141574824.846618 0 0
42 169825.681810321 558054.452274107 1.49909332293408 944.091628309234 1103.3073070783 574.418122553233 795.562231163922 172.758677870921 102.087089264845 46812.7415433957 287174.318189679 1248624609.47331 1389727352.49553 744088564.106797 1019867815.84679 206208673.07724 141574870.243739 0 0
43 169825.681810321 558054.452274112 1.49909855526626 653.493343807643 763.70127615817 397.608037604658 550.682377706765 119.582297616431 70.6639390953493 46812.7415433957 287174.318189679 1248624900.0716 1389727692.10156 744088740.916882 1019868060.72664 206208726.253621 141574901.666889 0 0
44 169825.681810321 558054.452274114 1.49910249974695 452.342049235063 528.62696083176 275.220606646857 381.177249271015 82.773760541891 48.9129251587613 46812.7415433957 287174.318189679 1248625101.22289 1389727927.17587 744088863.304313 1019868230.23177 206208763.062158 141574923.417903 0 0
45 169825.681810321 558054.452274115 1.49910547334716 313.106977786509 365.910687194344 190.505155374106 263.847362238484 57.2952305608621 33.8570738604911 46812.7415433957 287174.318189679 1248625240.45796 1389728089.89215 744088948.019764 1019868347.56166 206208788.540688 141574938.473755 0 0
46 169825.681810321 558054.452274115 1.49910771503476 216.729686055335 253.279913851026 131.865865168629 182.632646479905 39.6592162196736 23.4355460245916 46812.7415433957 287174.318189679 1248625336.83525 1389728202.52292 744089006.659055 1019868428.77637 206208806.176702 141574948.895282 0 0
47 169825.681810321 558054.452274115 1.49910940495835 150.018258582358 175.31798389686 91.2763166832764 126.416607174929 27.4517379797137 16.22186543766 46812.7415433957 287174.318189679 1248625403.54668 1389728280.48485 744089047.248603 1019868484.99241 206208818.38418 141574956.108963 0 0
48 169825.681810321 558054.452274116 1.49911067892767 103.84121174714 121.353440980793 63.1805982670016 87.5043731213564 19.0018319324344 11.2286209676331 56550.2191471972 287174.318189679 1248625449.72373 1389728334.44939 744089075.344321 1019868523.90465 206208826.834086 141574961.102208 0 0
49 169825.681810321 558054.452274116 1.49911163932038 71.878075065109 83.9999032510034 43.7331162501492 60.5698430701854 13.1529195300605 7.77236366188126 56550.2191471972 287174.318189679 1248625481.68687 1389728371.80293 744089094.791803 1019868550.83918 206208832.682998 141574964.558465 0 0
50 169825.681810321 558054.452274116 1.49911236332684 49.7532819734461 58.1438897522461 30.2716240300011 41.9258373103142 9.10431885606806 5.37995209971136 56550.2191471972 287174.318189679 1248625503.81166 1389728397.65894 744089108.253295 1019868569.48319 206208836.731599 141574966.950877 0 0
51 169825.681810321 558054.452274116 1.49911290912517 34.4388594982583 40.2467771056498 20.9537977275492 29.0207592988009 6.30194321811401 3.72396366873254 56550.2191471972 287174.318189679 1248625519.12608 1389728415.55605 744089117.571122 1019868582.38826 206208839.533975 141574968.606865 0 0
52 169825.681810321 558054.452274116 1.4991133205823 23.8382600622284 27.8584469198099 14.5040250112205 20.0879012094793 4.36214681669109 2.57769321315725 56550.2191471972 287174.318189679 1248625529.72668 1389728427.94438 744089124.020894 1019868591.32112 206208841.473771 141574969.753136 0 0
53 169825.681810321 558054.452274116 1.49911363077254 16.5006228777785 19.2833589945081 10.0395518085327 13.9046592074433 3.01943763394759 1.78425537324811 56550.2191471972 287174.318189679 1248625537.06432 1389728436.51947 744089128.485367 1019868597.50436 206208842.81648 141574970.546573 0 0
54 169825.681810321 558054.452274116 1.49911386460512 11.4215748012237 13.3477583728812 6.94928263019334 9.62467334716269 2.09002611896584 1.2350446623129 56550.2191471972 287174.318189679 1248625542.14337 1389728442.45507 744089131.575637 1019868601.78435 206208843.745892 141574971.095784 0 0
55 169825.681810321 558054.452274116 1.49911404088079 7.90590706290408 9.23919328381877 4.81022832528105 6.66210871248037 1.44669649703787 0.854886343495763 56550.2191471972 287174.318189679 1248625545.65903 1389728446.56364 744089133.714691 1019868604.74691 206208844.389221 141574971.475943 0 0
56 169825.681810321 558054.452274116 1.49911417376835 5.47239348606178 6.39528149528533 3.32959418119805 4.61144812752469 1.00138952098818 0.591744175620358 56550.2191471972 287174.318189679 1248625548.09255 1389728449.40755 744089135.195325 1019868606.79757 206208844.834528 141574971.739085 0 0
57 169825.681810321 558054.452274116 1.49911427394753 3.78793915308999 4.42675352799914 2.30471368606523 3.19200089671644 0.693152380892669 0.409599736779596 56550.2191471972 287174.318189679 1248625549.777 1389728451.37608 744089136.220206 1019868608.21702 206208845.142765 141574971.921229 0 0
58 169825.681810321 558054.452274116 1.49911434946769 2.62197567503988 3.06415694675104 1.59530102743733 2.20947284727867 0.479793525805205 0.283521065923865 56550.2191471972 287174.318189679 1248625550.94297 1389728452.73867 744089136.929618 1019868609.19955 206208845.356124 141574972.047308 0 0
59 169825.681810321 558054.452274116 1.49911440640011 1.81490676297817 2.12098045699853 1.10425228244653 1.52937620715408 0.332108540558374 0.196250600221209 56550.2191471972 287174.318189679 1248625551.75003 1389728453.68185 744089137.420667 1019868609.87965 206208845.503809 141574972.134578 0 0
60 169825.681810321 558054.452274116 1.49911444931815 1.25626125516079 1.46812256443866 0.764352961076687 1.05861971138381 0.229882383228814 0.1358428049248 56550.2191471972 287174.318189679 1248625552.30868 1389728454.33471 744089137.760566 1019868610.3504 206208845.606036 141574972.194986 0 0
61 169825.681810321 558054.452274116 1.49911448167339 0.869572106939167 1.01622049263991 0.529077858668493 0.732766507837233 0.159122401897936 0.0940290991270429 56550.2191471972 287174.318189679 1248625552.69537 1389728454.78661 744089137.995842 1019868610.67626 206208845.676796 141574972.2368 0 0
62 169825.681810321 558054.452274116 1.49911450606417 0.601909602556887 0.703418230591767 0.366222698602603 0.507214058477367 0.110143024275962 0.0650860546614736 56550.2191471972 287174.318189679 1248625552.96303 1389728455.09941 744089138.158697 1019868610.90181 206208845.725775 141574972.265743 0 0
63 169825.681810321 558054.452274116 1.49911452445117 0.416636109272134 0.486899417354249 0.253495873175602 0.351088753185628 0.0762399551409001 0.0450519487757522 56550.2191471972 287174.318189679 1248625553.1483 1389728455.31593 744089138.271424 1019868611.05793 206208845.759678 141574972.285777 0 0
64 169825.681810321 558054.452274116 1.49911453831301 0.288391444704645 0.337027020154292 0.175467367001626 0.243020205156133 0.0527725521576144 0.0311845188284197 56550.2191471972 287174.318189679 1248625553.27655 1389728455.4658 744089138.349452 1019868611.166 206208845.783145 141574972.299644 0 0
65 169825.681810321 558054.452274116 1.49911454876239 0.199621801167152 0.233286881565146 0.121456834070785 0.16821626287482 0.0365286561280786 0.0215856258268473 56550.2191471972 287174.318189679 1248625553.36532 1389728455.56954 744089138.403463 1019868611.24081 206208845.799389 141574972.309243 0 0
66 169825.681810321 558054.452274116 1.4991145566399 0.138176317824451 0.161478967241861 0.0840712688112977 0.116437702026218 0.0252847893834539 0.014941365508427 56550.2191471972 287174.318189679 1248625553.42676 1389728455.64135 744089138.440848 1019868611.29259 206208845.810633 141574972.315887 0 0
67 169825.681810321 558054.452274116 1.49911456257852 0.0956443052740283 0.111774172892962 0.0581933157980102 0.0805970465369783 0.0175018856534849 0.0103422680991803 56550.2191471972 287174.318189679 1248625553.4693 1389728455.69106 744089138.466726 1019868611.32843 206208845.818416 141574972.320486 0 0
68 169825.681810321 558054.452274116 1.49911456705579 0.0662040379628239 0.0773689720916781 0.0402808350924527 0.055788474947259 0.0121146313824574 0.00715881523628146 56550.2191471972 287174.318189679 1248625553.49874 1389728455.72546 744089138.484639 1019868611.35324 206208845.823803 141574972.32367 0 0
69 169825.681810321 558054.452274116 1.49911457043025 0.0458257925036284 0.0535540515411897 0.0278820030865344 0.0386162408773964 0.00838563025873746 0.00495526242332038 56550.2191471972 287174.318189679 1248625553.51911 1389728455.74928 744089138.497038 1019868611.37041 206208845.827532 141574972.325873 0 0
70 169825.681810321 558054.452274116 1.49911457297419 0.031720174857448 0.0370696017767587 0.0192996556079496 0.0267297922424925 0.0058044529852232 0.003429985210175 56550.2191471972 287174.318189679 1248625553.53322 1389728455.76576 744089138.50562 1019868611.38229 206208845.830113 141574972.327399 0 0
71 169825.681810321 558054.452274116 1.49911457489237 0.0219563979029431 0.0256592194202491 0.0133590347412234 0.0185021033767157 0.0040177861542635 0.00237420255134381 56550.2191471972 287174.318189679 1248625553.54298 1389728455.77717 744089138.511561 1019868611.39052 206208845.8319 141574972.328454 0 0
72 169825.681810321 558054.452274116 1.49911457633864 0.0151980090130595 0.0177610667169578 0.0092469963106274 0.0128069793198078 0.00278107321862948 0.00164340033977914 56550.2191471972 287174.318189679 1248625553.54974 1389728455.78507 744089138.515673 1019868611.39622 206208845.833137 141574972.329185 0 0
