"Time" "IECs" "pheme_e" "BiomassCD" "pro_L_e" "leu_L_e" "ile_L_e" "val_L_e" "trp_L_e" "cys_L_e" "Drug" "Damage" "pro_L_v" "leu_L_v" "ile_L_v" "val_L_v" "trp_L_v" "cys_L_v" "CD" "pheme_c"
0 457000 1e+05 0.4963 224235600.199112 195370466.451958 120509812.093413 157438605.791629 18978882.6152 31300034.1459915 0 0 0 0 0 0 0 0 45700000 1000
1 288977.060395007 179347.175372584 0.594123778239657 517578227.739842 571897808.932906 307850888.694957 420996366.843132 84399637.7338206 58786112.6172083 0 168022.939604993 308226966.180047 322280063.336217 178850916.073066 242004150.75251 44129556.9206631 37034730.3371006 48532264.0460188 1039.11151908683
2 177016.090730947 319183.567076564 0.697811951809872 631556452.707472 716295596.194934 380054867.592412 522433038.580857 109091970.119435 69777480.312863 0 279983.909269053 594568209.973546 643527948.907016 350332409.90499 477213005.906528 92434411.6868555 69036374.9924449 52252902.300667 1616.17214148442
3 104040.455315666 439842.535756627 0.803528933466426 693989276.654888 794333708.582682 419194401.716439 577413909.114035 122150339.49508 76042532.5587561 0 352959.544684334 792402529.610405 868995504.211419 469626221.073964 641369940.372851 126954128.183876 90793966.7460194 57057136.0736022 1967.38585940304
4 57994.8949852193 524228.899101759 0.907130681772993 734920365.268628 845366278.107718 444626695.74986 613295989.034565 130522581.285328 80328513.1525852 0 399005.105014781 914829358.524855 1009466420.10071 543637829.465171 743382932.247994 148600823.269526 104189481.319082 63165457.1579952 2100.92964334722
5 30237.5370242739 573674.470018614 1.00479455414943 762743727.581488 880709106.681943 461811744.020658 637860823.326245 136237525.148101 83389803.3679291 0 426762.462975726 984343064.058678 1089566443.28606 585709898.141604 801449703.654416 160980040.235405 111787016.560741 70824625.0562784 2092.42423074951
6 14505.7577920872 594721.119949132 1.09354970640076 780354577.407566 904436213.832749 472652953.781491 653861786.716617 140036198.67503 85485792.1338335 0 442494.242207912 1020399796.51939 1131267805.96192 607544970.819419 831628777.427051 167433827.588338 115732031.019996 80308686.5640153 2004.81448732825
7 6280.96410297643 594692.146161593 1.17156382722787 789582435.684113 919061407.266864 478329963.80464 663004744.441492 142360380.950951 86794062.3241196 0 450719.035897023 1037264784.16981 1150849529.48081 617760851.568616 845772685.046221 170466355.751308 117582081.606329 91917623.4019611 1879.28919050307
8 2400.70968734421 580086.141560638 1.23815237383269 792335505.084535 927042485.56743 480037890.197265 666992715.0258 143619474.797086 87513907.391157 9737.47760380151 454599.290312655 1044257853.48841 1159006429.29486 621997434.753548 851650709.947681 171729943.824993 118352254.234894 105972252.566234 1740.09348147146
9 2234.01722120919 737985.81390837 1.29357886512867 788759867.447767 923227171.704972 477873281.594831 664111038.000159 143029113.989664 87152307.6110453 5689.71823268626 454765.982778791 1048109914.57815 1163515017.12398 624331220.417141 854893965.08355 172428427.416869 118777863.922002 49488.9776825254 225.988729382927
10 2233.7774797203 814356.39777058 1.33875781992333 784952519.738399 918771323.278485 475566587.386796 660905570.556961 142338801.592037 86731675.0920859 5440.34420392272 454766.22252028 1051917622.22371 1167971862.63531 626638135.145366 858099936.099985 173118895.2536 119198588.501693 671.098273528958 12.8287234646077
11 2233.77402839515 846994.292492621 1.37495909884962 781163290.816957 914336114.63296 473270868.099214 657715160.796591 141651685.81579 86312992.9971438 5427.50609452931 454766.225971605 1055706856.12325 1172407085.6349 628933857.484239 861290353.020872 173806013.267198 119617271.921944 10.5006311219139 0.593150002778081
12 2233.77397417687 860934.304797363 1.40357102890085 777392350.289434 909922303.788864 470986228.872614 654540146.369368 140967885.037562 85896330.8760645 5426.92859373229 454766.226025823 1059477796.72659 1176820896.70449 631218496.757324 864465367.559539 174489814.080569 120033934.063843 0.166142195489928 0.0254589756031938
13 2233.77397331817 866888.112423417 1.42594018236393 773639613.320211 905529799.713444 468712618.343233 651380458.724366 140287385.167464 85481680.1065732 5426.90404066522 454766.226026682 1063230533.69698 1181213400.78348 633492107.287425 867625055.206293 175170313.951224 120448584.833664 0.00263893201787855 0.00106342129154002
14 2233.77397330453 869430.984836475 1.44328048679425 769904992.086411 901158499.744318 466449983.303771 648236023.963607 139610170.300934 85069030.996926 5426.9030187287 454766.226026695 1066965154.9308 1185584700.75267 635754742.326898 870769489.967081 175847528.817762 120861233.943317 4.22453367153788e-05 4.40028114928056e-05
15 2233.77397330431 870517.545149699 1.45663482470593 766188399.04749 896808301.41915 464198270.717451 645106768.381419 138936224.564206 84658373.8747088 5426.90297650195 454766.226026696 1070681747.96972 1189934899.07784 638006454.913218 873898745.549269 176521474.554491 121271891.065534 7.95228695061312e-07 1.81657756289917e-06
16 2233.7739733043 870980.831430264 1.46686541722446 762489747.388847 892479103.123205 461957427.987304 641992618.882625 138265532.214819 84249699.1475281 15164.3805785063 454766.226026696 1074380399.62836 1194264097.37378 640247297.643365 877012895.048063 177192166.903878 121680565.792715 0 2.03150473101359e-08
17 2233.7739733043 871179.140066982 1.47467484612745 758808955.139019 888170808.910517 459727405.450596 638893506.449806 137598078.388538 83842997.7581199 15164.3805784834 454766.226026696 1078061191.87819 1198572391.58647 642477320.180073 880112007.480882 177859620.730159 122087267.182123 0 -2.51788198576702e-09
18 2233.7739733043 871263.606007764 1.48061519812883 755145926.656235 883883306.834292 457508145.162381 635809350.55557 136933845.742231 83438259.138748 15164.3805784834 454766.226026696 1081724220.36097 1202859893.66269 644696580.468288 883196163.375118 178523853.376466 122492005.801495 0 -2.51788198576702e-09
19 2233.7739733043 871299.744385112 1.48512565653236 751500580.733296 879616501.843117 455299597.922957 632740082.825984 136272819.550248 83035474.316594 15164.3805784834 454766.226026696 1085369566.28391 1207126698.65387 646905127.707712 886265431.104704 179184879.568449 122894790.623649 0 -2.51788198576702e-09
20 2233.7739733043 871315.337513527 1.48854399873941 747872832.135376 875370294.171321 453101712.092467 629685631.495979 135614984.356594 82634633.8738152 15164.3805784834 454766.226026696 1088997314.88183 1211372906.32566 649103013.538202 889319882.434709 179842714.762103 123295631.066428 0 -2.51788198576702e-09
21 2233.7739733043 871321.952016733 1.49113150348811 744262595.91269 871144584.386869 450914436.203749 626645925.040484 134960324.75696 82235728.4240641 15164.3805784834 454766.226026696 1092607551.10452 1215598616.11012 651290289.42692 892359588.890204 180497374.361737 123694536.516179 0 -2.51788198576702e-09
22 2233.7739733043 871324.720518852 1.4930881367359 740669787.527158 866939273.539616 448737719.039071 623620892.281066 134308825.421693 81838748.6264833 15164.3805784834 454766.226026696 1096200359.49005 1219803926.95737 653467006.591598 895384621.649622 181148873.697004 124091516.31376 0 -2.51788198576702e-09
23 2233.7739733043 871325.913125139 1.49456664952651 737094322.848894 862754263.157204 446571509.628012 620610462.382984 133660471.095161 81443685.1853185 15164.3805784834 454766.226026696 1099775824.16831 1223988937.33978 655633216.002657 898395051.547704 181797228.023535 124486579.754925 0 -2.51788198576702e-09
24 2233.7739733043 871326.393167486 1.49568323302539 733536118.153562 858589455.241959 444415757.245849 617614564.852953 133015246.595273 81050528.8496253 24901.8581822849 454766.226026696 1103334028.86364 1228153745.25503 657788968.384819 901390949.077735 182442452.523424 124879736.090618 0 0
25 2233.7739733043 871326.592034568 1.49652753059304 729995098.727872 854444762.343459 442270416.627242 614633136.78471 132373138.373946 80659271.3641161 24901.8581822849 454766.226026696 1106875048.28933 1232298438.15353 659934309.003426 904372377.145978 183084560.744751 125270993.576127 0 0
26 2233.7739733043 871326.67409117 1.49716346794614 726471163.849648 850320066.568398 440135426.749261 611666093.373319 131734128.166797 80269901.599706 24901.8581822849 454766.226026696 1110398983.16755 1236423133.92859 662069298.881407 907339420.557369 183723570.9519 125660363.340537 0 0
27 2233.7739733043 871326.710003157 1.49764204460462 722964241.961767 846215284.160585 438010744.258741 608713374.369912 131098202.998066 79882411.6498416 24901.8581822849 454766.226026696 1113905905.05543 1240527916.3364 664193981.371927 910292139.560776 184359496.120631 126047853.290402 0 0
28 2233.7739733043 871326.732501634 1.49800419232908 719474247.97621 842130315.526185 435896317.60477 605774908.133028 130465347.438379 79496792.1129012 24901.8581822849 454766.226026696 1117395899.04099 1244612884.9708 666308408.025898 913230605.79766 184992351.680318 126433472.827342 0 0
29 2233.7739733043 871326.739803662 1.49827730619422 716001101.377651 838065066.423607 433792098.006818 602850626.87127 129835546.887546 79113034.0925135 24901.8581822849 454766.226026696 1120869045.63955 1248678134.07338 668412627.623851 916154887.059418 185622152.231151 126817230.84773 0 0
30 2233.7739733043 871326.737179747 1.49848311254558 712544720.845877 834019441.669158 431698036.196712 599940462.11555 129208786.599425 78731128.6033728 24901.8581822849 454766.226026696 1124325426.17132 1252723758.82783 670506689.433956 919065051.815138 186248912.519272 127199136.336871 0 0
31 2233.7739733043 871326.735253618 1.49863799508933 709105025.484374 829993346.575074 429614083.162982 597044345.753525 128585051.904705 78351066.706989 24901.8581822849 454766.226026696 1127765121.53283 1256749853.92192 672590642.467687 921961168.177163 186872647.213992 127579198.233254 0 0
32 2233.7739733043 871326.73942781 1.49875536009924 705681934.681132 825986686.7866 427540190.06652 594162209.912391 127964328.185664 77972839.4963079 34639.3357860864 454766.226026696 1131188212.33607 1260756513.71039 674664535.564149 924843304.018297 187493370.933033 127957425.443935 0 0
33 2233.7739733043 871326.738718786 1.49884435729378 702275377.148965 821999378.8635 425476313.717704 591293994.570559 127346602.515492 77596439.094602 34639.3357860864 454766.226026696 1134594769.86824 1264743821.63349 676728411.912965 927711519.360129 188111096.603206 128333825.845641 0 0
34 2233.7739733043 871326.738500142 1.49891120734666 698885247.117514 818031299.00367 423422390.035143 588439610.672681 126731855.714395 77221853.8149981 34639.3357860864 454766.226026696 1137984899.89969 1268711901.49332 678782335.595526 930565903.258007 188725843.404302 128708411.125245 0 0
35 2233.7739733043 871326.738450372 1.49896137866836 695511483.634535 814082375.863719 421378382.09068 585599006.898866 126120076.729644 76849076.9227063 34639.3357860864 454766.226026696 1141358663.38267 1272660824.63327 680826343.539989 933406507.031822 189337622.389053 129081188.017537 0 0
36 2233.7739733043 871326.738385736 1.49899884083529 692154012.730183 810152522.863414 419344245.069392 582772120.968808 125511252.147968 76478100.2445846 34639.3357860864 454766.226026696 1144716134.28702 1276590677.63358 682860480.561277 936233392.96188 189946446.970729 129452164.695658 0 0
37 2233.7739733043 871326.738260176 1.49902648268831 688812759.071235 806241651.826713 417319933.330347 579958889.454279 124905368.308872 76108915.4568469 34639.3357860864 454766.226026696 1148057387.94597 1280501548.67028 684884792.300323 939046624.476409 190552330.809825 129821349.483396 0 0
38 2233.7739733043 871326.737988006 1.49904807910697 685487626.556231 802349650.268765 415305388.650096 577159231.440845 124302407.785867 75741511.9409648 34639.3357860864 454766.226026696 1151382520.46097 1284393550.22822 686899336.980573 941846282.489843 191155291.33283 130188752.999278 0 0
39 2233.7739733043 871326.737672098 1.49906462158817 682178545.024862 798476436.068323 413300568.521738 574373087.855708 123702357.856482 75375881.9447225 34639.3357860864 454766.226026696 1154691601.99234 1288266764.42867 688904157.108931 944632426.07498 191755341.262215 130554382.99552 0 0
40 2233.7739733043 871326.737421704 1.49907736736129 678885437.516048 794621919.143972 411305426.318099 571600393.900038 123105204.565037 75012016.9644679 44376.8133898879 454766.226026696 1157984709.50115 1292121281.35302 690899299.31257 947405120.03065 192352494.55366 130918247.975775 0 0
41 2233.7739733043 871326.737820466 1.49908669752213 675608223.961848 790786005.777777 409319913.529701 568841082.159122 122510933.392467 74649908.1532622 44376.8133898879 454766.226026696 1161261923.05535 1295957194.71921 692884812.100968 950164431.771566 192946765.72623 131280356.786981 0 0
42 2233.7739733043 871326.737681261 1.4990937740377 672346784.782172 786968556.003618 407343957.708472 566095051.950247 121919522.654804 74289542.2983551 44376.8133898879 454766.226026696 1164523362.23503 1299774644.49337 694860767.922197 952910461.980441 193538176.463893 131640722.641888 0 0
43 2233.7739733043 871326.736999342 1.49909876264472 669101118.984673 783169568.659973 405377558.253196 563362302.43789 121330972.1721 73930919.2900994 44376.8133898879 454766.226026696 1167769028.03253 1303573631.83702 696827167.377473 955643211.492798 194126726.946597 131999345.650144 0 0
44 2233.7739733043 871326.735754894 1.49910252647858 665871091.211948 779388885.313689 403420633.157055 560642719.655333 120745257.399417 73574024.1724638 44376.8133898879 454766.226026696 1170999055.80525 1307354315.1833 698784092.473615 958362794.275355 194712441.71928 132356240.767779 0 0
45 2233.7739733043 871326.733944324 1.4991051962188 662656680.03457 775626480.882049 401473169.436945 557936285.559664 120162374.450867 73218854.577649 44376.8133898879 454766.226026696 1174213466.98263 1311116719.61494 700731556.193724 961069228.371024 195295324.66783 132711410.362594 0 0
46 2233.7739733043 871326.731528644 1.4991072034745 659457771.898757 771882222.452608 399535098.29586 555242904.542139 119582302.735255 72865397.9587689 44376.8133898879 454766.226026696 1177412375.11844 1314860978.04438 702669627.334809 963762609.388549 195875396.383442 133064866.981474 0 0
47 2233.7739733043 871326.728486251 1.49910878743422 656274303.875441 768156036.368139 397606381.607974 552562523.618439 119005030.841384 72513647.3626086 44376.8133898879 454766.226026696 1180595843.14176 1318587164.12885 704598344.022695 966442990.312249 196452668.277314 133416617.577634 0 0
48 2233.7739733043 871326.725237233 1.4991100174546 653106225.822137 764447863.937861 395686988.994264 549895100.570155 118430549.676701 72163597.2487798 54114.2909936894 454766.226026696 1183763921.19506 1322295336.55913 706517736.636405 969110413.360533 197027149.441996 133766667.691463 0 0
49 2233.7739733043 871326.729668819 1.49911116464236 649953453.177457 760757606.184348 393776869.22288 547240564.199232 117858843.907329 71815238.27385 54114.2909936894 454766.226026696 1186916693.83974 1325985594.31264 708427856.407789 971764949.731456 197598855.211368 134115026.666393 0 0
50 2233.7739733043 871326.720018874 1.49911204603878 646815808.587418 757085055.518288 391875914.843209 544598765.17914 117289881.37291 71468550.8414643 54114.2909936894 454766.226026696 1190054338.42978 1329658144.9787 710328810.787459 974406748.751548 198167817.745786 134461714.098778 0 0
51 2233.7739733043 871326.696242888 1.49911266123992 643693326.236944 753430251.952454 389984146.566324 541969732.292521 116723668.272343 71123538.728814 54114.2909936894 454766.226026696 1193176820.78025 1333312948.54454 712220579.064345 977035781.638167 198734030.846354 134806726.211429 0 0
52 2233.7739733043 871326.652783638 1.49911303411582 640585972.224405 749793155.80566 388101543.852787 539353436.995257 116160198.4581 70780198.1900096 54114.2909936894 454766.226026696 1196284174.79279 1336950044.69133 714103181.777882 979652076.935431 199297500.660597 135150066.750233 0 0
53 2233.7739733043 871326.55942878 1.49911329443813 637493562.240455 746173551.34748 386227995.038051 536749724.104619 115599438.508577 70438508.8601781 54114.2909936894 454766.226026696 1199376584.77674 1340569649.14951 715976730.592617 982255789.826069 199858260.610119 135491756.080065 0 0
54 2233.7739733043 871326.41163102 1.49911346173891 634416068.544497 742571406.108097 384363483.315369 534158570.263891 115041383.393454 70098467.6741809 54114.2909936894 454766.226026696 1202454078.4727 1344171794.38889 717841242.3153 984846943.666797 200416315.725243 135831797.266062 0 0
55 2233.7739733043 871326.216330729 1.49911353969458 631353489.52619 738986718.202636 382508007.709107 531579974.117213 114486032.82072 69760074.4540864 54114.2909936894 454766.226026696 1205516657.49101 1347756482.29435 719696717.921562 987425539.813475 200971666.297977 136170190.486156 0 0
56 2233.7739733043 871326.356216746 1.49911373127946 628305727.433558 735419373.214352 380661508.995844 529013853.360468 113933369.064591 69423318.3989961 54114.2909936894 454766.226026696 1208564419.58364 1351323827.28264 721543216.634825 989991660.57022 201524330.054106 136506946.541247 0 0
57 2233.7739733043 871326.622860472 1.49911394319407 625272677.720313 731869248.773893 378823923.835799 526460119.968937 113383373.16724 69088187.957288 54114.2909936894 454766.226026696 1211597469.29688 1354873951.7231 723380801.79487 992545393.961751 202074325.951456 136842076.982955 0 0
58 2233.7739733043 871326.711652565 1.49911410096745 622254270.756326 728336263.380574 376995210.043283 523918715.316219 112836032.502339 68754675.4353275 54114.2909936894 454766.226026696 1214615876.26087 1358406937.11642 725209515.587386 995086798.614469 202621666.616358 137175589.504915 0 0
59 2233.7739733043 871326.721443024 1.49911421928558 619250435.555502 724820333.946583 375175324.611089 521389579.634234 112291334.197673 68422772.9896554 54114.2909936894 454766.226026696 1217619711.46169 1361922866.55041 727029401.019581 997615934.296454 203166364.921024 137507491.950588 0 0
60 2233.7739733043 871326.730330131 1.49911430848547 616261100.419543 721321376.550484 373364224.100519 518872652.555247 111749265.251884 68092472.6981195 54114.2909936894 454766.226026696 1220609046.59766 1365421823.94651 728840501.53015 1000132861.37544 203708433.866813 137837792.242123 0 0
61 2233.7739733043 871326.735097541 1.49911437563589 613286196.367556 717839310.451514 371561866.719229 516367875.999498 111209813.156372 67763766.9388212 54114.2909936894 454766.226026696 1223583950.64964 1368903890.04548 730642858.91144 1002637637.93119 204247885.962325 138166498.001422 0 0
62 2233.7739733043 871326.736162463 1.49911442655759 610325637.098028 714374034.635466 369768200.181103 513875177.303797 110672962.261711 67436646.1760564 54114.2909936894 454766.226026696 1226544509.91917 1372369165.86153 732436525.449566 1005130336.62689 204784736.856986 138493618.764187 0 0
63 2233.7739733043 871326.732376962 1.49911446579583 607379298.321635 710925403.624154 367983149.184965 511394451.820406 110138690.029989 67111096.6767381 54114.2909936894 454766.226026696 1229490848.69556 1375817796.87284 734221576.445704 1007611062.11028 205319009.088708 138819168.263505 0 0
64 2233.7739733043 871326.723479518 1.49911449381807 604447165.45954 707493400.35334 366206704.898167 508925687.274398 109606993.81756 66787116.8300083 54114.2909936894 454766.226026696 1232422981.55766 1379249800.14365 735998020.732502 1010079826.65629 205850705.301137 139143148.110235 0 0
65 2233.7739733043 871326.70947013 1.49911451062431 601529238.511743 704078024.823023 364438867.320711 506468883.665772 109077873.624426 66464706.635867 54114.2909936894 454766.226026696 1235340908.50546 1382665175.67397 737765858.309958 1012536630.26492 206379825.494271 139465558.304376 0 0
66 2233.7739733043 871326.681023475 1.49911451982068 598625407.459635 700679148.258609 362679569.797386 504023948.362288 108551309.500441 66143853.9380397 54114.2909936894 454766.226026696 1238244739.55756 1386064052.23838 739525155.833283 1014981565.5684 206906389.618256 139786411.002203 0 0
67 2233.7739733043 871326.626644774 1.49911452585227 595735536.689707 697296611.927176 360928730.166213 501590767.181595 108027276.854226 65824543.7521973 54114.2909936894 454766.226026696 1241134610.32749 1389446588.56981 741275995.464456 1017414746.74909 207430422.264471 140105721.188046 0 0
68 2233.7739733043 871326.546303366 1.49911452873094 592859625.84025 693930415.405354 359186348.208049 499169339.819144 107505775.620191 65506776.0383735 54114.2909936894 454766.226026696 1244010521.17695 1392812785.09164 743018377.422621 1019836174.11154 207951923.498506 140423488.901869 0 0
69 2233.7739733043 871326.457303478 1.4991145294864 589997666.317135 690580548.633884 357452418.716105 496759659.038946 106986804.239925 65190549.8469781 54114.2909936894 454766.226026696 1246872480.70006 1396162651.86311 744752306.914564 1022245854.89174 208470894.878772 140739715.093265 0 0
70 2233.7739733043 871326.55592112 1.49911453963756 587149542.442593 687246876.214235 355726871.606549 494361627.443923 106470341.737083 64875852.3964395 54114.2909936894 454766.226026696 1249720604.5746 1399496324.28276 746477854.02412 1024643886.48677 208987357.381613 141054412.543804 0 0
71 2233.7739733043 871326.691059652 1.49911454996788 584315167.428687 683929296.562851 354009654.298567 491975171.961335 105956372.374038 64562674.0973074 54114.2909936894 454766.226026696 1252554979.58851 1402813903.93414 748195071.332103 1027030341.96935 209501326.744659 141367590.842936 0 0
72 2233.7739733043 871326.732372188 1.49911455759581 581494476.45299 680627733.80637 352300727.519233 489600238.012718 105444884.39626 64251007.7871643 54114.2909936894 454766.226026696 1255375670.56421 1406115466.69062 749903998.111436 1029405275.91797 210012814.722437 141679257.153079 0 0
