"Time" "IECs" "pheme_e" "BiomassCD" "pro_L_e" "leu_L_e" "ile_L_e" "val_L_e" "trp_L_e" "cys_L_e" "Drug" "Damage" "pro_L_v" "leu_L_v" "ile_L_v" "val_L_v" "trp_L_v" "cys_L_v" "CD" "pheme_c"
0 457000 1e+05 0.4963 224235600.199112 195370466.451958 120509812.093413 157438605.791629 18978882.6152 31300034.1459915 0 0 0 0 0 0 0 0 45700000 1000
1 378110.089854264 130011.048855352 0.594123778016085 277719250.384593 296276104.662041 162576101.920692 220849769.132497 41723155.0476726 32732281.2858084 0 78889.9101457363 228890079.313209 227197498.086034 129828320.306971 173933108.721738 28691593.8817469 28861478.3561459 48532264.0509674 758.953974585199
2 308756.317240217 200357.14106626 0.697811983583953 308083620.652119 345550151.51212 184455904.269351 253014161.554226 51922527.7048568 34464038.8312757 0 148243.682759783 446598308.207185 466365791.537775 258958613.537425 350345934.52577 63710224.0608188 53761569.4944726 52252900.751432 1015.58732907671
3 247849.439777617 275419.593422451 0.80352884753573 333106620.743281 380566922.903781 201081409.881291 276840917.171391 58427753.3658892 36540300.0036395 0 209150.560222383 639224077.348024 684660723.513068 374821692.123137 509599691.440866 96915316.3658627 75073549.267747 57057141.0438299 1231.32512332804
4 194648.0662355 343912.368577205 0.907130619621209 358053582.108671 412576751.443615 216908693.76092 299195355.591243 63913316.6446039 38962857.4698467 0 262351.9337645 804113833.691151 873915407.534899 474552469.487038 647042284.283682 126115709.728409 93080319.2417128 63165463.7163096 1377.16850475258
5 148699.434809801 401767.545872257 1.00479454757253 384331686.696411 445054528.856554 233228893.357414 322127384.615272 69240398.5003027 41692188.9183632 0 308300.565190199 941421030.77865 1032537988.22144 557810332.955307 761960142.438271 150745321.667984 107995262.260665 70824628.6875152 1464.26916079865
6 109753.221635965 447115.045264535 1.09355053401192 411760324.107112 478580140.221189 250101120.047731 345848075.728221 74622923.0608231 44641611.2632874 0 347246.778364035 1052144522.47478 1160989677.44679 625034539.172112 854861355.382402 170753302.505069 120001185.774494 80308712.4678064 1506.25812878903
7 77646.6327306031 478930.151290652 1.17156484165541 439263043.30201 512334180.570774 266942901.730734 369640313.582411 79985249.926121 47675105.4015639 0 379353.367269397 1137848903.10813 1260766940.35461 677104880.819784 926911189.350201 186321265.159601 129296621.775876 91917672.063277 1512.72403040998
8 52171.1904688882 496836.631952449 1.23815304822358 465193739.321028 544710369.146237 282786389.073187 392244124.164229 85100171.8506998 50616056.7947349 9737.47760380151 404828.809531112 1200818239.33811 1334343116.14562 715377671.750148 979948771.185547 197812146.723958 136138240.211203 105972311.099294 1489.84829288474
9 51497.0354480888 655108.045466253 1.29357942006665 418162953.826379 489704678.98338 254198642.384344 352611633.819323 76507850.5866856 45503277.2721389 8488.83674177101 405502.964551911 1250182475.0165 1392152617.03998 745385874.699785 1021574567.0498 206843872.367295 141509895.261787 0.000230268173059625 593.58466503169
10 51497.0354480867 724682.219289259 1.3387582679049 374021420.174639 438011157.668399 227365280.355592 315389737.049641 68431635.7274021 40699923.8746342 8126.5558982695 405502.964551913 1294324008.66824 1443846138.35497 772219236.72854 1058796463.81949 214920087.22658 146313248.659292 1.91424961575472e-08 231.30382155186
11 51497.0354480867 753920.826729791 1.37495945518159 334539493.435223 391774435.637784 203364464.204756 282097006.150049 61207950.9791164 36403615.358486 7987.79555058044 405502.964551913 1333805935.40766 1490082860.38558 796220052.879377 1092089194.71908 222143771.974865 150609557.17544 2.29173588714514e-08 92.5434738628655
12 51497.0354480867 766208.395816729 1.40357130880628 299225302.696895 350418489.873515 181897188.683473 252318676.005531 54746802.7499993 32560827.7607246 7932.66137045842 405502.964551913 1369120126.14599 1531438806.14985 817687328.40066 1121867524.8636 228604920.203983 154452344.773202 2.61856914175757e-08 37.4092937408996
13 51497.0354480867 771372.260002929 1.42594040012722 267638899.236217 313428102.692125 162696011.716365 225683764.354867 48967697.2256402 29123687.1399472 7910.43665786328 405502.964551913 1400706529.60666 1568429193.33124 836888505.367767 1148502436.51426 234384025.728342 157889485.393979 -7.50210674171721e-08 15.1845811457998
14 51497.0354480867 773542.378997187 1.44328065665286 239386775.579376 280342443.096091 145521722.573034 201860450.045583 43798637.5666834 26049373.1565574 7901.42583491795 405502.964551913 1428958653.26351 1601514852.92727 854062794.511098 1172325750.82355 239553085.387298 160963799.377369 -8.51995278058862e-08 6.1737582004694
15 51497.0354480867 774454.373556846 1.45663416873973 214116963.138876 250749325.685974 130160361.752082 180551939.166229 39175226.963567 23299585.6118377 7897.76390601141 405502.964551913 1454228465.70401 1631107970.33739 869424155.33205 1193634261.7029 244176495.990415 163713586.922089 -8.51995278058862e-08 2.51182929393411
16 51497.0354480867 774837.64013262 1.46686535119284 191514647.343639 224280075.601752 116420555.446149 161492767.549683 35039866.3727936 20840067.2991511 17633.7519138759 405502.964551913 1476830781.49924 1657577220.42161 883163961.637983 1212693433.31945 248311856.581188 166173105.234775 0 1.02223335690599
17 51497.0354480867 774998.708125389 1.47467375118489 171298247.723061 200604937.965085 104131132.649542 144445495.34413 31341037.3220162 18640177.4500817 17632.8670002831 405502.964551913 1497047181.11982 1681252358.05828 895453384.434589 1229740705.525 252010685.631965 168372995.083845 0 0.137319764116335
18 51497.0354480867 775066.397223356 1.480615373699 153215901.357714 179428959.698524 93138987.4699312 129197741.718831 28032658.5158174 16672509.0737605 17632.7481280919 405502.964551913 1515129527.48516 1702428336.32484 906445529.6142 1244988459.1503 255319064.438164 170340663.460166 0 0.0184475728989391
19 51497.0354480867 775094.843637973 1.4851262753065 137042338.383222 160488330.472603 83307179.766706 115559550.164724 25073514.1722452 14912548.9582781 17632.7321587949 405502.964551913 1531303090.45966 1721368965.55076 916277337.317426 1258626650.70441 258278208.781736 172100623.575648 0 0.00247827594199436
20 51497.0354480867 775106.798282887 1.48854507736364 122576066.473184 143547085.493898 74513223.6157711 103361014.338446 22426738.8907143 13338371.2942999 17632.7300134256 405502.964551913 1545769362.36969 1738310210.52946 925071293.46836 1270825186.53069 260924984.063267 173674801.239626 0 0.000332906609365718
21 51497.0354480867 775111.822328351 1.49113280095055 109636862.809666 128394168.38739 66647562.6941046 92450163.1921047 20059358.7783905 11930364.7585842 17632.7297252581 405502.964551913 1558708566.03321 1753463127.63597 932936954.390027 1281736037.67703 263292364.175591 175082807.775342 0 4.47390955078145e-05
22 51497.0354480867 775113.933121261 1.49308951393086 98063539.6802216 114840814.518963 59612212.0001705 82691076.8358165 17941882.6397784 10670989.372744 17632.7296864968 405502.964551913 1570281889.16266 1767016481.5044 939972305.083961 1291495124.03332 265409840.314203 176342183.161182 0 5.97781343553275e-06
23 51497.0354480867 775114.820430562 1.49456799983062 87711905.5210679 102718163.202112 53319518.3848273 73962167.2082204 16047928.9254917 9544554.62989187 17632.7296812937 405502.964551913 1580633523.32181 1779139132.82125 946264998.699304 1300224033.66091 267303794.02849 177468617.904034 0 7.7467540953964e-07
24 51497.0354480867 775115.193176583 1.49568444549831 78453034.7533997 91875231.5278918 47691108.7956542 66154719.1336475 14353909.1783758 8537031.22325591 27370.2072843873 405502.964551913 1589892394.08948 1789982064.49547 951893408.288477 1308031481.73549 268997813.775606 178476141.31067 0 6.68245669369009e-08
25 51497.0354480867 775115.349993724 1.49652720415618 70171612.3928861 82176975.7606797 42656883.9754231 59171494.4310091 12838725.1602657 7635870.91139671 27370.2072843222 405502.964551913 1598173816.44999 1799680320.26268 956927633.108708 1315014706.43813 270512997.793716 179377301.622529 0 1.69106185078298e-09
26 51497.0354480867 775115.41608919 1.49716320580497 62764272.2290376 73502345.2037026 38154008.2517379 52925330.6005456 11483464.8022767 6829825.68371594 27370.2072843196 405502.964551913 1605581156.61384 1808354950.81966 961430508.832393 1321260870.26859 271868258.151705 180183346.85021 0 -8.91707394013016e-10
27 51497.0354480867 775115.444017515 1.49764306038525 56138834.0430166 65743388.9156791 34126445.8465154 47338497.6155467 10271262.6447947 6108864.75671544 27370.2072843196 405502.964551913 1612206594.79986 1816113907.10768 965458071.237616 1326847703.25359 273080460.309187 180904307.77721 0 -8.91707394013016e-10
28 51497.0354480867 775115.455555084 1.4980050250201 50212761.8865433 58803450.223207 30524023.6733818 42341397.8818078 9187017.76139539 5464006.80838874 27370.2072843196 405502.964551913 1618132666.95634 1823053845.80015 969060493.410749 1331844802.98733 274164705.192586 181549165.725537 0 -8.91707394013016e-10
29 51497.0354480867 775115.46020769 1.49827798260636 44912266.9734659 52596116.1298589 27301885.9910733 37871809.7601225 8217229.62226341 4887222.35748909 27370.2072843196 405502.964551913 1623433161.86941 1829261179.8935 972282631.093058 1336314391.10901 275134493.331718 182125950.176437 0 -8.91707394013016e-10
30 51497.0354480867 775115.462491362 1.49848382300028 40171296.0866474 47044032.6538967 24419879.4623138 33874034.550736 7349813.01128562 4371323.68490699 27370.2072843196 405502.964551913 1628174132.75623 1834813263.36947 975164637.621817 1340312166.3184 276001909.942696 182641848.849019 0 -8.91707394013016e-10
31 51497.0354480867 775115.46290355 1.49863907748412 35930746.0423599 42077984.8987122 21842075.6316371 30298234.0984806 6573954.30303568 3909879.35396869 27370.2072843196 405502.964551913 1632414682.80052 1839779311.12465 977742441.452494 1343887966.77066 276777768.650946 183103293.179957 0 -8.91707394013016e-10
32 51497.0354480867 775115.460960675 1.49875602804664 32137873.2935306 37636205.6475989 19536412.0268948 27099932.9467511 5880003.44271573 3497149.96517739 37107.6848881211 405502.964551913 1636207555.54935 1844221090.37576 980048105.057236 1347086267.92239 277471719.511266 183516022.568748 0 0
33 51497.0354480867 775115.462743255 1.49884425796993 28745433.4539436 33663367.6728003 17474169.0814051 24239292.7500894 5259316.51194756 3127994.52173782 37107.6848881211 405502.964551913 1639599995.38894 1848193928.35056 982110348.002726 1349946908.11905 278092406.442034 183885178.012188 0 0
34 51497.0354480867 775115.463494581 1.49891078337542 25711055.3645539 30109850.7134865 15629589.632782 21680584.4620053 4704141.20681298 2797802.31727168 37107.6848881211 405502.964551913 1642634373.47833 1851747445.30987 983954927.451349 1352505616.40714 278647581.747169 184215370.216654 0 0
35 51497.0354480867 775115.46381205 1.4989609425074 22996979.3078817 26931434.9023599 13979719.7851045 19391967.5869427 4207568.94108569 2502464.44906897 37107.6848881211 405502.964551913 1645348449.535 1854925861.121 985604797.299026 1354794233.2822 279144154.012896 184510708.084857 0 0
36 51497.0354480867 775115.463943205 1.49899875959544 20569394.8892938 24088525.3678553 12504006.4110913 17344931.8554416 3763413.70379271 2238301.76825341 37107.6848881211 405502.964551913 1647776033.95359 1857768770.6555 987080510.673039 1356841269.0137 279588309.250189 184774870.765672 0 0
37 51497.0354480867 775115.46399609 1.49902726657526 18398074.9132122 21545723.4717822 11184074.5877402 15513988.4939966 3366145.072543 2002025.03925556 37107.6848881211 405502.964551913 1649947353.92967 1860311572.55158 988400442.49639 1358672212.37514 279985577.881439 185011147.49467 0 0
38 51497.0354480867 775115.464022049 1.49904875786313 16455961.0228923 19271341.5579717 10003475.709342 13876320.820037 3010812.4014317 1790689.85033783 37107.6848881211 405502.964551913 1651889467.81999 1862585954.46539 989581041.374789 1360309880.0491 280340910.55255 185222482.683588 0 0
39 51497.0354480867 775115.464026742 1.49906496411407 14718841.9180141 17237026.1174808 8947491.87796873 12411512.9022027 2692985.94714832 1601661.59816792 37107.6848881211 405502.964551913 1653626586.92487 1864620269.90588 990637025.206162 1361774687.96694 280658737.006833 185411510.935757 0 0
40 51497.0354480867 775115.464004675 1.49907716986502 13165111.4427704 15417474.4889981 8002988.84673628 11101345.5705982 2408712.60833581 1432589.1636678 46845.1624919226 405502.964551913 1655180317.40011 1866439821.53436 991581528.237394 1363084855.29854 280943010.345646 185580583.370258 0 0
41 51497.0354480867 775115.464024923 1.49908637713658 11775416.5053207 13790022.5423314 7158201.99224421 9929499.52847361 2154451.50829676 1281366.59963188 46845.1624919226 405502.964551913 1656570012.33756 1868067273.48103 992426315.091886 1364256701.34067 281197271.445685 185731805.934294 0 0
42 51497.0354480867 775115.464033458 1.49909331878637 10532399.3894727 12334342.9032883 6402579.66745967 8881338.05918544 1927026.84787245 1146105.08983317 46845.1624919226 405502.964551913 1657813029.45341 1869522953.12007 993181937.416671 1365304862.80995 281424696.106109 185867067.444093 0 0
43 51497.0354480867 775115.464037064 1.4990985523194 9420592.32299889 11032321.4841334 5726719.11045701 7943818.12200806 1723608.61547131 1025121.47625393 46845.1624919226 405502.964551913 1658924836.51988 1870824974.53923 993857797.973673 1366242382.74713 281628114.338511 185988051.057672 0 0
44 51497.0354480867 775115.464038553 1.49910249789388 8426145.05953444 9867738.45862956 5122200.84315865 7105260.63835554 1541662.7449601 916908.615339591 46845.1624919226 405502.964551913 1659919283.78335 1871989557.56473 994462316.240972 1367080940.23078 281810060.209022 186096263.918586 0 0
45 51497.0354480867 775115.464039154 1.49910547199783 7536675.18526486 8826092.95833155 4581497.67370721 6355224.2644268 1378923.72750465 820119.08880753 46845.1624919226 405502.964551913 1660808753.65762 1873031203.06503 995003019.410423 1367830976.60471 281972799.226477 186193053.445118 0 0
46 51497.0354480867 775115.464039449 1.49910771409503 6741098.38535396 7894404.30001786 4097871.51648957 5684362.26510726 1233363.5568084 733546.733733108 46845.1624919226 405502.964551913 1661604330.45753 1873962891.72334 995486645.567641 1368501838.60403 282118359.397174 186279625.800193 0 0
47 51497.0354480867 775115.464039503 1.49910940478762 6029496.62914134 7061057.61925284 3665293.26274338 5084311.36248471 1103167.61203768 656112.298845966 46845.1624919226 405502.964551913 1662315932.21374 1874796238.40411 995919223.821387 1369101889.50665 282248555.341944 186357060.23508 0 0
48 51497.0354480867 775115.464039252 1.49911067811145 5393019.06006773 6315687.80399005 3278382.53216304 4547608.16229262 986716.524463152 586852.65965976 56582.6400957241 405502.964551913 1662952409.78281 1875541608.21937 996306134.551968 1369638592.70685 282365006.429519 186426319.874266 0 0
49 51497.0354480867 775115.464039482 1.49911163861766 4823737.85968918 5649010.69897228 2932320.05353602 4067567.61271431 882559.80607902 524905.134013104 56582.6400957241 405502.964551913 1663521690.98319 1876208285.32439 996652197.030595 1370118633.25643 282469163.147903 186488267.399913 0 0
50 51497.0354480867 775115.464039579 1.49911236276681 4314542.39179804 5052699.13941946 2622783.31561654 3638193.74249567 789396.482019931 469495.96314048 56582.6400957241 405502.964551913 1664030886.45108 1876804596.88394 996961733.768515 1370548007.12665 282562326.471962 186543676.570785 0 0
51 51497.0354480867 775115.46403962 1.49911290872211 3859096.43441474 4519332.86602339 2345920.56872112 3254143.59725968 706067.265648795 419935.657781885 56582.6400957241 405502.964551913 1664486332.40846 1877337963.15734 997238596.51541 1370932057.27188 282645655.688333 186593236.876144 0 0
52 51497.0354480867 775115.464039636 1.49911332031706 3451726.30763241 4042267.51306008 2098282.81834546 2910632.90445559 631534.090224837 375606.824580034 56582.6400957241 405502.964551913 1664893702.53524 1877815028.5103 997486234.265786 1371275567.96469 282720188.863757 186637565.709346 0 0
53 51497.0354480867 775115.464039643 1.49911363056837 3087359.62003443 3615562.87519182 1876786.58949506 2603384.42190206 564868.90183733 335957.500643544 56582.6400957241 405502.964551913 1665258069.22284 1878241733.14817 997707730.494636 1371582816.44724 282786854.052145 186677215.033282 0 0
54 51497.0354480867 775115.464039647 1.49911386445747 2761455.73983676 3233901.48321231 1678671.66052784 2328569.30828902 505240.93828 300493.587618724 56582.6400957241 405502.964551913 1665583973.10304 1878623394.54015 997905845.423603 1371857631.56085 282846482.015702 186712678.946307 0 0
55 51497.0354480867 775115.464039647 1.49911404082616 2469951.79803467 2892525.36910095 1501468.23880498 2082761.59088352 451906.849689064 268772.975908943 56582.6400957241 405502.964551913 1665875477.04484 1878964770.65426 998083048.845326 1372103439.27826 282899816.104293 186744399.558017 0 0
56 51497.0354480867 775115.464039644 1.49911417365616 2209222.08565531 2587188.51672359 1342972.27853487 1862903.92767813 404203.269791089 240401.126401659 56582.6400957241 405502.964551913 1666136206.75722 1879270107.50664 998241544.805596 1372323296.94146 282947519.684191 186772771.407524 0 0
57 51497.0354480867 775115.464039642 1.49911427354844 1976021.88847575 2314091.08747095 1201211.33824982 1666260.24659152 361536.539801405 215024.958725685 56582.6400957241 405502.964551913 1666369406.9544 1879543204.93589 998383305.745881 1372519940.62255 282990186.414181 186798147.5752 0 0
58 51497.0354480867 775115.464039646 1.49911434915882 1767432.18329242 2069814.65484738 1074410.96201427 1490369.11116319 323372.589953486 192326.833259956 56582.6400957241 405502.964551913 1666577996.65958 1879787481.36851 998510106.122117 1372695831.75798 283028350.364029 186820845.700666 0 0
59 51497.0354480867 775115.464039648 1.49911440616685 1580860.97539007 1851323.7707618 960995.492463908 1333044.84836059 289237.184204709 172024.696673023 56582.6400957241 405502.964551913 1666764567.86749 1880005972.2526 998623521.591667 1372853156.02078 283062485.769777 186841147.837253 0 0
60 51497.0354480867 775115.464039648 1.49911444914278 1413984.33811663 1655896.9178136 859552.229132205 1192327.83080362 258705.132730284 153865.666020948 56582.6400957241 405502.964551913 1666931444.50476 1880201399.10555 998724964.854999 1372993873.03834 283093017.821252 186859306.867905 0 0
61 51497.0354480867 775115.464039649 1.49911448154062 1264723.29926187 1481099.44125988 768817.377824665 1066464.98643984 231396.063013277 137623.51359021 56582.6400957241 405502.964551913 1667080705.54362 1880376196.5821 998815699.706306 1373119735.8827 283120326.890969 186875549.020336 0 0
62 51497.0354480867 775115.464039649 1.4991145059751 1131218.41120854 1324753.76848178 687660.5919729 953888.355084553 206969.767153466 123095.899695463 56582.6400957241 405502.964551913 1667214210.43167 1880532542.25488 998896856.492158 1373232312.51406 283144753.186829 186890076.63423 0 0
63 51497.0354480867 775115.464039649 1.49911452440288 1011806.42791138 1184912.09572665 615070.794716102 853195.421521862 185121.934645203 110101.834736178 56582.6400957241 405502.964551913 1667333622.41497 1880672383.92763 998969446.289415 1373333005.44762 283166601.019337 186903070.69919 0 0
64 51497.0354480867 775115.46403964 1.49911453831798 904999.417699931 1059831.9274091 550143.481704647 763131.502589313 165580.330818048 98479.4063125507 56582.6400957241 405502.964551913 1667440429.42518 1880797464.09595 999034373.602426 1373423069.36655 283186142.623164 186914693.127613 0 0
65 51497.0354480867 775115.464039591 1.4991145487399 809467.031673458 947955.310880712 492069.942168313 682574.795183235 148101.552630209 88083.8497237753 56582.6400957241 405502.964551913 1667535961.8112 1880909340.71248 999092447.141963 1373503626.07396 283203621.401352 186925088.684202 0 0
66 51497.0354480867 775115.464039506 1.49911455656549 724019.018313194 847888.359541619 440126.629658528 610521.631884394 132467.829510368 78785.6452589679 56582.6400957241 405502.964551913 1667621409.82456 1881009407.66382 999144390.454473 1373575679.23726 283219255.124472 186934386.888667 0 0
67 51497.0354480867 775115.464039431 1.49911456243396 647591.140040738 758384.759922572 393666.600812355 546074.605239884 118484.446625728 70468.9856779834 56582.6400957241 405502.964551913 1667697837.70284 1881098911.26344 999190850.483319 1373640126.2639 283233238.507357 186942703.548248 0 0
68 51497.0354480867 775115.464039497 1.4991145669026 579231.028117155 678329.206558785 352110.916634193 488430.640051484 105977.156868754 63030.2369826488 56582.6400957241 405502.964551913 1667766197.81476 1881178966.8168 999232406.167497 1373697770.22909 283245745.797113 186950142.296943 0 0
69 51497.0354480867 775115.464039732 1.49911457032616 518087.00638749 606724.313636323 314941.848520013 436871.569112519 94790.1360292548 56376.7222491227 56582.6400957241 405502.964551913 1667827341.83649 1881250571.70972 999269575.235611 1373749329.30003 283256932.817953 186956795.811677 0 0
70 51497.0354480867 775115.464039916 1.49911457289036 463397.415265905 542678.11246316 281696.388374746 390755.130767529 84784.0294913848 50425.5598949877 56582.6400957241 405502.964551913 1667882031.42761 1881314617.9109 999302820.695756 1373795445.73837 283266938.924491 186962746.974031 0 0
71 51497.0354480867 775115.464039709 1.49911457480414 414480.879970287 485392.654737353 251960.332733015 349506.762700639 75834.1716922422 45102.6046968257 56582.6400957241 405502.964551913 1667930947.96291 1881371903.36862 999332556.751398 1373836694.10644 283275888.78229 186968069.929229 0 0
72 51497.0354480867 775115.464039002 1.49911457625814 370728.016374775 434154.299389069 225363.240798792 312612.607980531 67829.0686096412 40341.5452451956 56582.6400957241 405502.964551913 1667974700.8265 1881423141.72397 999359153.843332 1373873588.26116 283283893.885373 186972830.988681 0 0
