"Time" "IECs" "pheme_e" "BiomassCD" "pro_L_e" "leu_L_e" "ile_L_e" "val_L_e" "trp_L_e" "cys_L_e" "Drug" "Damage" "pro_L_v" "leu_L_v" "ile_L_v" "val_L_v" "trp_L_v" "cys_L_v" "CD" "pheme_c"
0 457000 1e+05 0.4963 224235600.199112 195370466.451958 120509812.093413 157438605.791629 18978882.6152 31300034.1459915 0 0 0 0 0 0 0 0 45700000 1000
1 297515.993539807 174413.777766527 0.59412377818713 493528684.858055 544275692.784592 293288346.445318 400935006.61924 80125276.6690655 56172139.966828 0 159484.006460193 301698708.028443 314388756.535309 174800473.309979 236370780.59273 42836563.231812 36369752.6598778 48532264.0472428 1011.03679437722
2 188011.028054115 308352.293104679 0.697811946666638 600414979.852804 680658514.796229 361239433.66679 496522741.210308 103608036.277182 66370142.8702351 0 268988.971945885 586372645.58969 633437085.978662 345202881.561772 470053558.286707 90749745.2621702 68221656.5029761 52252902.5443932 1561.31056483941
3 114297.741105904 426453.37593779 0.803528936589074 660449197.192102 755987460.585771 398955020.05477 549533381.33953 116268411.731104 72354761.9650634 0 342702.258894096 789307553.339196 864681700.606729 467565066.803908 638426503.400868 126148504.353046 90542939.5962609 57057135.8604552 1907.32037159119
4 66122.8461923151 511433.432466956 0.907130695410347 701219215.067635 806821272.519753 424312216.070754 585287822.994971 124626778.25532 76602892.1374067 0 390877.153807685 919601358.097982 1014207276.61836 546341988.618101 747009424.455757 149197530.000724 104793969.070736 63165456.2796265 2049.4633628878
5 35931.7408447384 563348.054863185 1.00479453345059 730238747.858732 843478791.239117 442241230.864827 610839937.060905 130560102.924042 79771822.5022618 0 421068.259155261 996732618.559508 1103114565.03957 593034485.987679 811454869.671834 162945327.17623 113218423.15935 70824625.8859269 2054.61396935419
6 18060.9624040253 587463.602302712 1.09354969663778 749755893.488952 869296762.165367 454253505.222377 628405358.322405 134695249.365382 82051246.0519633 0 438939.037595974 1038657322.19037 1151621161.64825 618429977.248541 846555441.970044 170457454.615038 117801378.530883 80308687.6891462 1980.25290172887
7 8247.49661275437 590213.022249951 1.17156379939476 761004107.645986 886109245.172107 461166713.770006 639193949.781202 137368062.818648 83555254.0239735 0 448752.503387245 1059321116.08706 1175622882.8674 630950841.089387 863890463.68422 174177379.47076 120065741.42272 91917623.8429606 1865.07818159144
8 3350.99628174038 577665.993317218 1.23815235569767 765450928.733376 895871986.249391 463908605.278246 644542352.502523 138909877.881311 84436049.7339981 9737.47760380151 453649.003718259 1068406939.17669 1186224686.66681 636457103.553509 871529845.305297 175821083.639544 121065201.839805 105972252.901699 1732.80460172434
9 3247.57672915194 740942.439884488 1.29357885021118 760303970.325053 890011708.384436 460790218.284845 640265532.879135 138001691.452044 83882897.4475104 7456.53354864899 453752.423270848 1073780629.60152 1192515086.45098 639713884.913292 876055111.399506 176796448.002893 121658067.234487 0.181938586782963 133.222533807769
10 3247.57672881909 814502.204447345 1.33875780787557 754973826.989382 883772243.43246 457559828.85247 635776924.117131 137034224.722095 83294832.8257018 7332.93551892349 453752.423271181 1079110772.93789 1198754551.40434 642944274.346097 880543720.162298 177763914.733058 122246131.856423 1.28293117681662e-08 9.62454115258651
11 3247.57672881909 845909.249945042 1.37495908926928 749681050.849708 877576520.513695 454352086.202263 631319782.937097 136073540.458616 82710890.8558245 7324.01715274498 453752.423271181 1084403549.07757 1204950274.3231 646152016.996304 885000861.342333 178724598.996538 122830073.826301 2.74789666999329e-08 0.706174974152127
12 3247.57672881909 859318.788724959 1.40357102137478 744425379.942379 871424232.974092 451166831.568401 626893888.734965 135119591.113044 82131042.6359748 7323.36284984676 453752.423271181 1089659219.9849 1211102561.8627 649337271.630166 889426755.544465 179678548.34211 123409922.046151 3.30012368220743e-08 0.0518720760513166
13 3247.57672881909 865044.119620498 1.42594017650892 739206554.139584 865315076.308077 448003907.297688 622499022.452467 134172329.469951 81555259.466744 7323.31478839445 453752.423271181 1094878045.78769 1217211718.52872 652500195.900879 893821621.826963 180625809.985202 123985705.215381 -2.45890334703952e-08 0.00381062376178907
14 3247.57672881909 867488.6102579 1.44328048396245 734024315.137151 859248748.144825 444863156.842163 618134966.567052 133231708.644916 80983512.8499218 7323.31125768552 453752.423271181 1100060284.79013 1223278046.69197 655640946.356403 898185677.712377 181566430.810238 124557451.832204 -2.45890334703952e-08 0.000279914827187797
15 3247.57672881909 868532.30515132 1.45663403396031 728878406.441785 853224948.233326 441744424.751368 613801505.081144 132297682.082204 80415774.4870886 7323.31099842621 453752.423271181 1105206193.48549 1229301846.60347 658759678.447199 902519139.198286 182500457.37295 125125190.195037 -2.45890334703952e-08 2.06555165064798e-05
16 3247.57672881909 868978.056455352 1.46686577480508 723768573.127932 847243378.157768 438647556.524989 609498423.317386 131370203.510642 79852016.2527908 17060.7885830338 453752.423271181 1110316026.79935 1235283416.67903 661856546.673578 906822220.962043 183427935.944512 125688948.429335 0 1.46159244222942e-06
17 3247.57672881909 869168.558722888 1.47467578264467 718694571.711213 841303752.895373 435572404.596757 605225516.23324 130449228.735726 79292211.2838579 17060.7885816745 453752.423271181 1115390028.21607 1241223041.94143 664931698.60181 911095128.046189 184348910.719428 126248753.398268 0 1.02316862189923e-07
18 3247.57672881909 869249.708514707 1.48061888389139 713656131.492252 835405755.565494 432518804.906467 600982555.867934 129534708.623198 78736329.7145401 17060.7885815668 453752.423271181 1120428468.43503 1247121039.2713 667985298.292099 915338088.411495 185263430.831956 126804634.967586 0 -5.4112447978863e-09
19 3247.57672881909 869283.986165598 1.48512769879368 708653015.121902 829549108.327258 429486613.606174 596769342.345519 128626600.092152 78184345.3585557 17060.7885815668 453752.423271181 1125431584.80538 1252977686.50954 671017489.592392 919551301.93391 186171539.363001 127356619.32357 0 -5.4112447978863e-09
20 3247.57672881909 869299.060006113 1.48854573948345 703684973.021109 823733519.023463 426475679.435866 592585665.491022 127724857.84185 77636230.68032 17060.7885815668 453752.423271181 1130399626.90617 1258793275.81334 674028423.762701 923734978.788407 187073281.613304 127904734.001806 0 -5.4112447978863e-09
21 3247.57672881909 869305.286383385 1.49113269161276 698751759.598094 817958700.164411 423485853.552062 588431318.487226 126829437.295276 77091958.5841573 17060.7885815668 453752.423271181 1135332840.32919 1264568094.67239 677018249.646504 927889325.792203 187968702.159877 128449006.097968 0 -5.4112447978863e-09
22 3247.57672881909 869308.061741434 1.4930886191552 693853130.699062 812224365.943708 420516987.982787 584306095.727866 125940294.136424 76551502.1330415 17060.7885815668 453752.423271181 1140231469.22822 1270302428.89309 679987115.21578 932014548.551563 188857845.31873 128989462.549084 0 -5.4112447978863e-09
23 3247.57672881909 869309.279106889 1.49456685379507 688988843.842947 806530232.513056 417568935.76984 580209793.015312 125057384.3529 76014834.5744957 17060.7885815668 453752.423271181 1145095756.08434 1275996562.32374 682935167.428727 936110851.264117 189740755.102254 129526130.10763 0 -5.4112447978863e-09
24 3247.57672881909 869309.659347268 1.49568337332759 684158658.270025 800876018.039159 414641550.998257 576142207.601506 124180664.244749 75481929.3459555 26798.2661853683 453752.423271181 1149925941.65726 1281650776.79764 685862552.200309 940178436.677923 190617475.210405 130059035.33617 0 0
25 3247.57672881909 869309.818487566 1.49652763875522 679362349.786903 795261460.081267 411734697.793276 572103150.689194 123310093.118948 74952761.7125883 26798.2661853683 453752.423271181 1154722250.14038 1287265334.75553 688769405.40529 944217493.590235 191488046.336206 130588202.969537 0 0
26 3247.57672881909 869309.88412483 1.4971635478593 674599649.589971 789686243.977918 408848213.243641 568092395.914062 122445622.185336 74427302.0178008 26798.2661853683 453752.423271181 1159484950.33731 1292840550.85888 691655889.954925 948228248.365367 192352517.269819 131113662.664325 0 0
27 3247.57672881909 869309.912849735 1.49764210578225 669870343.531224 784150119.047488 405981967.5627 564109762.938255 121587212.574213 73905526.6350491 26798.2661853683 453752.423271181 1164214256.39606 1298376675.78931 694522135.635866 952210881.341174 193210926.880942 131635438.047076 0 0
28 3247.57672881909 869309.930852065 1.49800423863504 665174189.046835 778652801.344802 403135813.742096 560155047.49445 120734820.258164 73387408.8027254 26798.2661853683 453752.423271181 1168910410.88045 1303873993.492 697368289.456469 956165596.784979 194063319.19699 132153555.8794 0 0
29 3247.57672881909 869309.936683671 1.49827734098242 660510957.154888 773194022.823663 400309613.00493 556228056.752891 119888403.675009 72872923.2576886 26798.2661853683 453752.423271181 1173573642.7724 1309332772.01314 700194490.193635 960092587.526538 194909735.780145 132668041.424437 0 0
30 3247.57672881909 869309.934568822 1.49848313857747 655880417.082526 767773513.341401 397503225.488884 552328596.375639 119047920.937493 72362044.5392061 26798.2661853683 453752.423271181 1178204182.84476 1314753281.4954 703000877.709682 963992047.90379 195750218.517661 133178920.142919 0 0
31 3247.57672881909 869309.933021366 1.49863801512687 651282339.802242 762391004.798453 394716512.389429 548456473.494546 118213330.47516 71854747.3791069 26798.2661853683 453752.423271181 1182802260.12504 1320135790.03835 705787590.809137 967864170.784883 196584808.979994 133686217.303019 0 0
32 3247.57672881909 869309.936367573 1.49875537505212 646716497.456645 757046230.464993 391949335.611196 544611496.22684 117384590.92994 71351006.6383166 36535.7437891698 453752.423271181 1187368102.47064 1325480564.37181 708554767.58737 971709148.052589 197413548.525214 134189958.043809 0 0
33 3247.57672881909 869309.935799818 1.49884436935055 642182672.709003 751738935.926676 389201563.434973 540793481.549382 116561662.853352 70850798.3384848 36535.7437891698 453752.423271181 1191901927.21828 1330787858.91013 711302539.763593 975527162.730047 198236476.601802 134690166.343641 0 0
34 3247.57672881909 869309.935624955 1.49891121642443 637680600.739446 746468811.185403 386473035.363892 537002206.452637 115744498.178317 70354093.2625367 36535.7437891698 453752.423271181 1196403999.18784 1336057983.6514 714031067.834674 979318437.826792 199053641.276837 135186871.419589 0 0
35 3247.57672881909 869309.935585184 1.49896138611701 633210094.232399 741235636.969593 383763637.873379 533237513.19482 114933062.905453 69860870.7442999 36535.7437891698 453752.423271181 1200874505.69489 1341291157.86721 716740465.325187 983083131.084609 199865076.549701 135680093.937826 0 0
36 3247.57672881909 869309.935533387 1.49899884446923 628770946.164191 736039170.937369 381073245.49456 529499227.437603 114127319.458188 69371107.9432443 36535.7437891698 453752.423271181 1205313653.76309 1346487623.89943 719430857.704006 986821416.841826 200670819.996966 136169856.738881 0 0
37 3247.57672881909 869309.93543247 1.49902648595666 624362945.76755 730879166.364593 378401730.489713 525787171.690109 113327229.580454 68884781.6058162 36535.7437891698 453752.423271181 1209721654.15973 1351647628.47221 722102372.708853 990533472.58932 201470909.8747 136656183.076309 0 0
38 3247.57672881909 869309.935213916 1.49904808228062 619985824.721398 725755309.154656 375748930.240027 522101119.994372 112532744.569674 68401862.128659 36535.7437891698 453752.423271181 1214098775.20589 1356771485.68215 724755172.958539 994219524.285057 202265394.88548 137139102.553467 0 0
39 3247.57672881909 869309.934960293 1.49906462465618 615639388.180426 720667371.22167 373114726.657453 518440908.267684 111743829.059754 67922328.0148587 36535.7437891698 453752.423271181 1218445211.74686 1361859423.61513 727389376.541113 997879736.011745 203054310.3954 137618636.667267 0 0
40 3247.57672881909 869309.934759461 1.49907736952684 611323422.362398 715615102.312181 370498990.177017 514806356.48021 110960444.247383 67446155.6782259 46273.2213929713 453752.423271181 1222761177.56489 1366911692.52462 730005113.021549 1001514287.79922 203837695.207771 138094809.0039 0 0
41 3247.57672881909 869309.935083683 1.49908669663444 607037683.720168 710598217.329939 367901573.194411 511197259.536555 110182545.926667 66973318.2486653 46273.2213929713 453752.423271181 1227046916.20712 1371928577.50686 732602530.004155 1005123384.74287 204615593.528487 138567646.433461 0 0
42 3247.57672881909 869309.934984655 1.49909376159228 602781894.020345 705616390.574981 365322307.083362 507613383.131419 109410083.595859 66503785.0292136 46273.2213929713 453752.423271181 1231302705.90694 1376910404.26182 735181796.115204 1008707261.14801 205388055.859295 139037179.652912 0 0
43 3247.57672881909 869309.934464922 1.4990987642069 598556012.858601 700669574.750005 362761167.3564 504054693.239595 108643049.921226 66037551.5621378 46273.2213929713 453752.423271181 1235528587.06869 1381857220.0868 737742935.842166 1012265951.03983 206155089.533928 139503413.119988 0 0
44 3247.57672881909 869309.933537789 1.49910254676975 594359679.830703 695757347.965874 360217935.586751 500520886.358253 107881379.486309 65574578.0847212 46273.2213929713 453752.423271181 1239724920.09659 1386769446.87093 740286167.611815 1015799757.92118 206916759.968845 139966386.597405 0 0
45 3247.57672881909 869309.932206171 1.49910522672899 590192837.64367 690879643.155432 357692577.0514 497011914.239951 107125061.891941 65114858.2759379 46273.2213929713 453752.423271181 1243891762.28362 1391647151.68137 742811526.147166 1019308730.03948 207673077.563213 140426106.406188 0 0
46 3247.57672881909 869309.930497524 1.49910727417401 586055152.189448 686036069.211846 355184889.260647 493527495.526339 106374036.494645 64658355.2742787 46273.2213929713 453752.423271181 1248029447.73784 1396490725.62496 745319213.937918 1022793148.75309 208424102.960509 140882609.407847 0 0
47 3247.57672881909 869309.928422278 1.49910886766946 581946496.556262 681226477.57221 352694795.298277 490067523.342747 105628280.258844 64205055.0778079 46273.2213929713 453752.423271181 1252138103.37103 1401300317.26459 747809307.900289 1026253120.93668 209169859.19631 141335909.604318 0 0
48 3247.57672881909 869309.926219244 1.49911010997713 577866666.996803 676450629.729957 350222171.681088 486631826.109932 104887756.202655 63754935.2074707 56010.6989967728 453752.423271181 1256217932.93049 1406076165.10684 750281931.517478 1029688818.1695 209910383.252499 141786029.474655 0 0
49 3247.57672881909 869309.930953303 1.49911122992755 573815498.637174 671708332.683728 347766918.485522 483220264.984646 104152434.400051 63307977.4730421 56010.6989967728 453752.423271181 1260269101.29012 1410818462.15307 752737184.713044 1033100379.29479 210645705.055103 142232987.209084 0 0
50 3247.57672881909 869309.929615762 1.4991120792396 569792620.686706 666999152.386025 345328810.989994 479832527.717453 103422247.549347 62864140.9658897 56010.6989967728 453752.423271181 1264291979.24059 1415527642.45077 755175292.208572 1036488116.56198 211375891.905807 142676823.716236 0 0
51 3247.57672881909 869309.922237277 1.49911268059443 565798015.444577 662323068.116267 342907838.466733 476468599.402175 102697192.437689 62423423.7331153 56010.6989967728 453752.423271181 1268286584.48272 1420203726.72053 757596264.731833 1039852044.87726 212100947.017465 143117540.94901 0 0
52 3247.57672881909 869309.909008695 1.49911313515654 561831341.098768 657679679.749361 340503793.756973 473128192.192816 101977207.023267 61985788.0632463 56010.6989967728 453752.423271181 1272253258.82853 1424847115.08744 760000309.441593 1043192452.08662 212820932.431887 143555176.618879 0 0
53 3247.57672881909 869309.889614972 1.49911340642416 557892829.03326 653069258.143357 338116817.093406 469811500.941953 101262333.304257 61551259.4844389 56010.6989967728 453752.423271181 1276191770.89403 1429457536.69344 762387286.10516 1046509143.33748 213535806.150897 143989705.197687 0 0
54 3247.57672881909 869309.865464248 1.4991136962262 553981346.378919 648490477.161823 335746221.888779 466517571.640282 100552365.655194 61119713.0093865 56010.6989967728 453752.423271181 1280103253.54837 1434036317.67497 764757881.309787 1049803072.63915 214245773.79996 144421251.672739 0 0
55 3247.57672881909 869309.835790087 1.49911389470926 550097509.744741 643944058.607156 333392381.84546 463246923.545238 99847415.9959 60691216.6673925 56010.6989967728 453752.423271181 1283987090.18255 1438582736.22964 767111721.353106 1053073720.73419 214950723.459254 144849748.014733 0 0
56 3247.57672881909 869309.816155441 1.49911403882006 546241057.059978 639429695.699377 331055138.132715 459999335.962368 99147436.7582868 60265741.5446872 56010.6989967728 453752.423271181 1287843542.86732 1443097099.13742 769448965.065851 1056321308.31706 215650702.696867 145275223.137439 0 0
57 3247.57672881909 869309.843972009 1.49911416636286 542411627.342132 634946965.872433 328734271.973305 456774504.901875 98452362.4209348 59843247.8147553 56010.6989967728 453752.423271181 1291672972.58516 1447579828.96436 771769831.225261 1059546139.37756 216345777.034219 145697716.86737 0 0
58 3247.57672881909 869309.909336696 1.49911427331096 538609027.782053 630495643.423961 326429666.513216 453572267.995734 97762157.9873295 59423714.2053281 56010.6989967728 453752.423271181 1295475572.14524 1452031151.41284 774074436.68535 1062748376.2837 217035981.467824 146117250.476798 0 0
59 3247.57672881909 869309.982906992 1.49911435245122 534833086.433209 626075527.07338 324141217.542444 450392480.444704 97076792.2477008 59007121.7458706 56010.6989967728 453752.423271181 1299251513.49408 1456451267.76342 776362885.656122 1065928163.83473 217721347.207453 146533842.936255 0 0
60 3247.57672881909 869310.005071335 1.49911441175407 531083546.917593 621686316.704632 321868769.6804 447234926.348292 96396218.6672413 58593442.1506824 56010.6989967728 453752.423271181 1303001053.0097 1460840478.13216 778635333.518166 1069085717.93114 218401920.787913 146947522.531443 0 0
61 3247.57672881909 869309.969247919 1.49911444983571 527360431.550759 617328038.440304 319612336.451662 444099624.498825 95720441.2964158 58182677.8817966 56010.6989967728 453752.423271181 1306724168.37653 1465198756.39649 780891766.746904 1072221019.78061 219077698.158738 147358286.800329 0 0
62 3247.57672881909 869309.917324358 1.49911448174488 523663345.078346 613000229.595701 317371678.308165 440986242.045556 95049388.3931675 57774785.3315478 56010.6989967728 453752.423271181 1310421254.84895 1469526565.2411 783132424.8904 1075334402.23388 219748751.061987 147766179.350578 0 0
63 3247.57672881909 869309.928701603 1.49911450618363 519992173.944425 608702757.242271 315146726.428146 437894683.361013 94383039.3461215 57369751.9715253 56010.6989967728 453752.423271181 1314092425.98287 1473824037.59453 785357376.770419 1078425960.91842 220415100.109033 148171212.7106 0 0
64 3247.57672881909 869309.934122272 1.49911452458413 516346739.753333 604435412.550079 312937372.693037 434824798.215025 93721361.774935 56967558.1196736 56010.6989967728 453752.423271181 1317737860.17396 1478091382.28672 787566730.505529 1081495846.06441 221076777.680219 148573406.562452 0 0
65 3247.57672881909 869309.934431476 1.49911453843406 512726863.800708 600197986.327828 310743508.797179 431776436.117464 93064323.2432337 56568184.0598787 56010.6989967728 453752.423271181 1321357736.12659 1482328808.50897 789760594.401387 1084544208.16197 221733816.21192 148972780.622247 0 0
66 3247.57672881909 869309.935594392 1.49911454876847 509132372.337434 595990275.184828 308565029.438092 428749450.751099 92411892.2140626 56171610.6227295 56010.6989967728 453752.423271181 1324952227.58986 1486536519.65197 791939073.760474 1087571193.52833 222386247.241091 149369354.059396 0 0
67 3247.57672881909 869309.940521919 1.49911455616345 505563105.652532 591812092.163433 306401837.821257 425743707.620466 91764039.6985092 55777820.1876163 56010.6989967728 453752.423271181 1328521494.27476 1490714702.67336 794102265.377309 1090576936.65897 223034099.756645 149763144.494509 0 0
68 3247.57672881909 869309.951506375 1.49911456156463 502018870.138412 587663210.626629 304253816.60876 422759043.685162 91120730.5551358 55386791.3941802 56010.6989967728 453752.423271181 1332065729.78888 1494863584.21017 796250286.589806 1093561600.59427 223677408.900018 150154173.287946 0 0
69 3247.57672881909 869309.970716732 1.49911456592976 498499473.910951 583543405.95489 302120849.507208 419795297.356143 90481929.955328 54998503.0722091 56010.6989967728 453752.423271181 1335585126.01634 1498983388.88191 798383253.691358 1096525346.92329 224316209.499826 150542461.609917 0 0
70 3247.57672881909 869309.996806718 1.49911457008318 495004727.39066 579452456.226498 300002821.619958 416852308.985143 89847603.4887827 54612934.3057571 56010.6989967728 453752.423271181 1339079872.53663 1503074338.6103 800501281.578608 1099468335.29429 224950535.966371 150928030.376369 0 0
71 3247.57672881909 869309.980815944 1.49911457298029 491534474.027857 575390178.184419 297899638.06843 413929946.738881 89217722.7403902 54230067.8229942 56010.6989967728 453752.423271181 1342550125.89944 1507136616.65238 802604465.130136 1102390697.54055 225580416.714764 151310896.859131 0 0
72 3247.57672881909 869309.939314579 1.49911457482066 488088550.739989 571356380.924242 295811200.014725 411028073.28263 88592258.109268 53849885.631331 56010.6989967728 453752.423271181 1345996049.1873 1511170413.91255 804692903.183841 1105292570.9968 226205881.345886 151691079.050795 0 0
