"Time" "IECs" "pheme_e" "BiomassCD" "pro_L_e" "leu_L_e" "ile_L_e" "val_L_e" "trp_L_e" "cys_L_e" "Drug" "Damage" "pro_L_v" "leu_L_v" "ile_L_v" "val_L_v" "trp_L_v" "cys_L_v" "CD" "pheme_c"
0 457000 1e+05 0.4963 224235600.199112 195370466.451958 120509812.093413 157438605.791629 18978882.6152 31300034.1459915 0 0 0 0 0 0 0 0 45700000 1000
1 339207.575700685 150990.645887686 0.594123777915964 379493756.519131 413259469.813565 224226699.905074 305790631.158225 59843227.8655615 43782802.9705317 0 117792.424299315 266433044.504024 272009689.299245 152981506.023584 206058344.695169 35935839.0731733 32749522.1063968 48532264.0530012 877.928774225125
2 246627.804824444 253750.216041023 0.697812002062638 448561420.856033 506706180.070589 269441810.92496 370090599.622933 76803498.2326347 49779437.9789816 0 210372.195175556 528478365.715526 563602246.116504 309324440.768677 420168678.791525 79336617.404911 62303519.1144232 52252899.8698012 1285.12382284543
3 174557.548058573 353966.000358986 0.803529047339804 492848049.634753 564016109.179217 297715048.32636 410036633.735173 86745292.3984265 53979967.4004282 0 282442.451941427 741565183.022344 806032514.897134 437721542.280234 596786533.300655 116383197.100909 85777968.2910712 57057131.1670322 1582.56255105721
4 119364.869018922 436044.815840023 0.907130853418777 528489286.61127 608743473.017284 320032446.216614 441471231.007546 94208632.2220414 57594220.4521404 0 337635.130981078 902519814.60277 990851503.184976 535077946.43203 730980143.302876 144903502.239205 103357703.990585 63165448.4734747 1746.6160137734
5 78150.9800294247 496165.567795861 1.00479471895212 559632602.789577 647419664.093175 339310645.242853 468680773.382944 100502724.853229 60900243.7706006 0 378849.019970576 1017507796.0715 1123583876.41641 604755183.595935 827156743.677034 165478211.327098 115877814.044092 70824613.1671227 1808.91939994998
6 48470.1737825676 534490.941231257 1.09354985100613 586543051.189106 681126892.497708 355865133.943115 492237511.728972 105909212.429907 63870211.5088516 0 408529.826217433 1094938449.51809 1213319121.19255 651718280.533756 892066821.90205 179420127.927747 124305275.904634 80308674.9376954 1801.17619396998
7 28123.4647654807 552880.534921115 1.17156388254861 608247058.678685 709178198.089736 369172551.110663 511513057.024619 110370511.210609 66383364.1001914 0 428876.535234519 1143565863.08146 1269889778.40259 681226933.611211 932914093.785991 188220397.203839 129605259.575855 91917608.573554 1746.75843473243
8 15046.4634618203 554167.408939776 1.23815223853859 623768187.8074 730741564.425469 378673576.247846 525808788.510481 113781360.326474 68333936.3590262 9737.47760380151 441953.53653818 1171660127.86372 1302713660.48878 698280411.621823 956564732.690828 193330071.37583 132676255.817626 105972226.409478 1662.10452640535
9 14667.0872342576 717930.079323899 1.29357875380131 605426024.770237 709395866.988774 367540675.736167 510397441.82836 110459082.514482 66336022.4043251 8223.55986920621 442332.912765742 1191224114.07734 1325637183.65591 710157269.757287 973057859.778401 196899460.720559 134819850.243712 0.11497921844103 602.320780920582
10 14667.0872336332 791926.74583106 1.33875773000307 586492009.192444 687210311.947034 356046255.947226 494435337.922999 107004599.384512 64261438.1773964 7829.33439565829 442332.912766367 1210158129.65714 1347822738.70024 721651689.547449 989019963.68554 200353943.850936 136894434.47088 9.40031020684399e-10 208.095323959847
11 14667.0872336332 823402.12851894 1.37495902735684 568150133.579075 665718585.095865 344911311.162246 478972430.799124 103658151.314961 62251734.2303486 7695.46266994122 442332.912766367 1228500005.27051 1369314465.55141 732786634.332429 1004482870.80941 203700391.920487 138904138.417928 -3.56269155959972e-08 74.2235982427951
12 14667.0872336332 836790.570291895 1.40357097273206 550381879.42302 644898987.744233 334124599.207393 463993108.642549 100416359.631646 60304881.5058899 7648.0076248704 442332.912766367 1246268259.42656 1390134062.90304 743573346.287282 1019462192.96599 206942183.603802 140850991.142387 -4.78649160069592e-08 26.7685531719801
13 14667.0872336332 842485.507670881 1.42594013864655 533169307.360649 624730499.800672 323675229.493954 449482247.879244 97275951.3242128 58418914.4029739 7630.93129423441 442332.912766367 1263480831.48893 1410302550.84661 754022716.00072 1033973053.7293 210082591.911235 142736958.245302 -4.78649160069592e-08 9.6922225359933
14 14667.0872336332 844907.91837686 1.44328045472149 516495039.061682 605192758.553353 313552652.02409 435425197.907888 94233755.7420127 56591928.7925087 7624.75338899391 442332.912766367 1280155099.7879 1429840292.09392 764145293.470585 1048030103.70065 213124787.493435 144563943.855768 -4.78649160069592e-08 3.51431729549059
15 14667.0872336332 845938.320176339 1.45663401369038 500342239.683501 586266038.111276 303746646.739232 421807766.308181 91286701.3929166 54822080.0948903 7622.51399118392 442332.912766367 1296307899.16608 1448767012.536 773951298.755442 1061647535.30036 216071841.842531 146333792.553386 -4.78649160069592e-08 1.27491948549887
16 14667.0872336332 846376.614154236 1.46686523266111 484694600.874191 567931229.488416 294247313.20161 408616204.511745 88431812.8422454 53107581.4176599 17359.1792754698 442332.912766367 1311955537.97539 1467101821.15886 783450632.293064 1074839097.09679 218926730.393202 148048291.230617 0 0.462599969848796
17 14667.0872336332 846563.047639719 1.47467366116991 469536324.69917 550169821.770077 285045060.836465 395837194.251663 85666207.7802067 51446701.7943583 17358.7626478769 442332.912766367 1327113814.15041 1484863228.8772 792652884.65821 1087618107.35687 221692335.455241 149709170.853919 0 0.0459723770217635
18 14667.0872336332 846642.349489583 1.48061530529288 454852106.110329 532963881.571452 276130598.289453 383457832.783284 82987093.8234161 49837764.2636841 17358.7212442497 442332.912766367 1341798032.73925 1502069169.07582 801567347.205221 1099997468.82525 224371449.412031 151318108.384593 0 0.00456874977292663
19 14667.0872336332 846676.081491846 1.48512622342451 440627119.883761 516296037.732178 267494925.496836 371465621.872231 80391766.1317056 48279144.4382724 17358.7171295329 442332.912766367 1356023018.96582 1518737012.9151 810203019.997838 1111989679.7363 226966777.103742 152876728.210005 0 0.000454032987894607
20 14667.0872336332 846690.429929533 1.48854503842228 426847004.045351 500149461.895587 259129323.62352 359848453.821529 77877604.3841456 46769268.6886493 17358.7167206279 442332.912766367 1369803134.80423 1534883588.75169 818568621.871154 1123606847.78701 229480938.851302 154386603.959628 0 4.51279986800182e-05
21 14667.0872336332 846696.534996978 1.49113291234309 413497833.961595 484507838.150153 251025339.334172 348594589.629174 75442068.0519545 45306611.3043859 17358.7166799176 442332.912766367 1383152304.88799 1550525212.49712 826672606.160502 1134860711.97936 231916475.183493 155849261.343891 0 4.417643320187e-06
22 14667.0872336332 846699.133360119 1.49309007549417 400566110.304442 469355348.927526 243174777.486938 337692648.842025 73082694.2027007 43889693.1754149 17358.7166759566 442332.912766367 1396084028.54514 1565677701.71975 834523168.007736 1145762652.76651 234275849.032747 157266179.472862 0 4.56727548058689e-07
23 14667.0872336332 846700.236698384 1.49456972674585 388038686.887339 454676590.445865 235569657.324318 327131548.718823 70797084.3340974 42517073.8850879 17358.7166756792 442332.912766367 1408611451.96224 1580356460.20141 842128288.170356 1156323752.88971 236561458.90135 158638798.763189 0 1.79288313390979e-07
24 14667.0872336332 846700.691909471 1.49568470311255 375903273.391571 440457161.769393 228202517.66714 316900928.047831 68582996.0956778 41187406.7934779 27096.194279345 442332.912766367 1420746865.45801 1594575888.87788 849495427.827534 1166554373.5607 238775547.139769 159968465.854799 0 4.36124735294787e-08
25 14667.0872336332 846700.899389281 1.49652863487113 364147204.529171 426682222.599592 221065669.70074 306990109.503807 66438118.7243903 39899304.1755914 27096.1942793041 442332.912766367 1432502934.32041 1608350828.04768 856632275.793934 1176465192.10472 240920424.511057 161256568.472685 0 2.73444483700582e-09
26 14667.0872336332 846700.984457621 1.49716413534234 352758874.646317 413338174.243114 214152067.890776 297389309.073873 64360334.7858651 38651494.4096604 27096.1942793035 442332.912766367 1443891264.20326 1621694876.40416 863545877.603898 1186065992.53466 242998208.449582 162504378.238616 0 2.08597894131091e-09
27 14667.0872336332 846701.022110906 1.49764264955076 341726899.026861 400411676.885924 207454800.829257 288088929.004117 62347567.1554841 37442730.0818729 27096.1942793006 442332.912766367 1454923239.82272 1634621373.76135 870243144.665417 1195366372.60441 245010976.079963 163713142.566404 0 -8.2807514026878e-10
28 14667.0872336332 846701.04563634 1.49800465977036 331039788.864691 387889268.748652 200966893.91749 279079283.788783 60397719.7175698 36271752.3733668 27096.1942792998 442332.912766367 1465610349.98489 1647143781.89862 876731051.577184 1204376017.81975 246960823.517877 164884120.27491 0 -1.58138664219746e-09
29 14667.0872336332 846701.052643911 1.49827764469993 320686906.126118 375758484.927536 194681889.041797 270351405.156009 58508851.578614 35137395.6837017 27096.1942793 442332.912766367 1475963232.72346 1659274565.71974 883016056.452877 1213103896.45252 248849691.656833 166018476.964575 0 -1.41197036343644e-09
30 14667.0872336332 846701.049566756 1.4984833473989 310657806.293495 364007087.267378 188593445.567787 261896487.975407 56679057.151824 34038515.6158274 27096.1942793 442332.912766367 1485992332.55609 1671025963.37989 889104499.926887 1221558813.63312 250679486.083623 167117357.03245 0 -1.41197036343644e-09
31 14667.0872336332 846701.047750302 1.49863822199284 300942387.998235 352623239.691049 182695431.179234 253706016.404457 54906493.4574461 32974005.3712496 27096.1942793 442332.912766367 1495707750.85135 1682409810.95622 895002514.31544 1229749285.20407 252452049.778001 168181867.277027 0 -1.41197036343644e-09
32 14667.0872336332 846701.052367996 1.49875550886645 291530796.890993 341595395.561287 176981863.519798 245771682.847365 53189362.5840215 31942785.2171648 36833.6718831015 442332.912766367 1505119341.95859 1693437655.08599 900716081.974876 1237683618.76116 254169180.651425 169213087.431112 0 0
33 14667.0872336332 846701.05148632 1.49884399412681 282413448.051559 330912323.939041 171446923.797575 238085406.847468 51525915.777038 30943804.9418942 36833.6718831015 442332.912766367 1514236690.79802 1704120726.70824 906251021.697098 1245369894.76106 255832627.458409 170212067.706383 0 0
34 14667.0872336332 846701.051126841 1.49891054118054 273581269.573513 320563394.99894 166085104.659927 230639540.438475 49914497.8805911 29976070.5442506 36833.6718831015 442332.912766367 1523068869.27607 1714469655.64834 911612840.834747 1252815761.17005 257444045.354855 171179802.104026 0 0
35 14667.0872336332 846701.050982157 1.49896026778978 265025759.149528 310538646.331983 160891244.545155 223426915.848054 48353557.6612877 29038650.4335418 36833.6718831015 442332.912766367 1531624379.70005 1724494404.31529 916806700.949519 1260028385.76047 259004985.574159 172117222.214735 0 0
36 14667.0872336332 846701.050816418 1.49899821645194 256737388.07496 300826912.868591 155859558.788575 216439500.011429 46841356.621063 28130500.5575817 36833.6718831015 442332.912766367 1539912750.77462 1734206137.77869 921838386.706099 1267015801.5971 260517186.614383 173025372.090695 0 0
37 14667.0872336332 846701.050694425 1.49902692195792 248708224.869292 291418901.05469 150985232.364753 209670606.38524 45376447.6730309 27250751.8706939 36833.6718831015 442332.912766367 1547941913.98029 1743614149.59259 926712713.129921 1273784695.22328 261982095.562416 173905120.777583 0 0
38 14667.0872336332 846701.050718897 1.49904851544417 240930175.014136 282305126.299838 146263351.271587 203113410.978927 43957353.984287 26398517.4632789 36833.6718831015 442332.912766367 1555719963.83545 1752727924.34744 931434594.223087 1280341890.6296 263401189.251159 174757355.184998 0 0
39 14667.0872336332 846701.050833898 1.49906471996035 233395398.627336 273476402.378511 141689156.090968 196761304.470074 42582645.1799308 25572938.3260157 36833.6718831015 442332.912766367 1563254740.22225 1761556648.26877 936008789.403706 1286693997.13845 264775898.055516 175582934.322261 0 0
40 14667.0872336332 846701.050912746 1.49907701116064 226096223.057913 264923739.014988 137257988.927117 190607818.518584 41250921.3961425 24773173.7729635 46571.149486903 442332.912766367 1570553915.79167 1770109311.63229 940439956.567557 1292847483.08994 266107621.839304 176382698.875313 0 0
41 14667.0872336332 846701.050872226 1.49908627058444 219025301.987372 256638528.307122 132965389.993449 184646759.895205 39960842.3079815 23998418.8741586 46571.149486903 442332.912766367 1577624836.86221 1778394522.34016 944732555.501225 1298808541.71332 267397700.927465 177157453.774118 0 0
42 14667.0872336332 846701.050855695 1.49909323416809 212175518.089742 248612430.670187 128807038.519646 178872128.420195 38711109.3698539 23247893.7901558 46571.149486903 442332.912766367 1584474620.75984 1786420619.97709 948890906.975028 1304583173.18833 268647433.865592 177907978.858121 0 0
43 14667.0872336332 846701.05084906 1.49909843694622 205540306.21895 240837753.525243 124778948.951529 173278389.422723 37500524.7805719 22520879.1833994 46571.149486903 442332.912766367 1591109832.63063 1794195297.12204 952918996.543145 1310176912.1858 269858018.454875 178634993.464877 0 0
44 14667.0872336332 846701.05084147 1.49910240720804 199112273.904401 233305834.892337 120876633.484599 167859310.765538 36327739.7948121 21816565.0670784 46571.149486903 442332.912766367 1597537864.94518 1801727215.75494 956821312.010075 1315595990.84298 271030803.440634 179339307.581198 0 0
45 14667.0872336332 846701.050835867 1.49910541041645 192885269.00194 226009466.119285 117096357.288953 162609705.954322 35191631.9629753 21134277.3559111 46571.149486903 442332.912766367 1603764869.84764 1809023584.52799 960601588.20572 1320845595.6542 272166911.272471 180021595.292365 0 0
46 14667.0872336332 846701.050836955 1.49910766951532 186853014.816115 218941292.613405 113434309.922371 157524283.493217 34091056.1112625 20473328.3176344 46571.149486903 442332.912766367 1609797124.03347 1816091758.03387 964263635.572303 1325931018.11531 273267487.124184 180682544.330642 0 0
47 14667.0872336332 846701.050842214 1.49910936469126 181009431.234444 212094190.124185 109886800.283776 152597917.613376 33024902.9321464 19833051.7594165 46571.149486903 442332.912766367 1615640707.61514 1822938860.52309 967811145.210898 1330857383.99515 274333640.3033 181322820.88886 0 0
48 14667.0872336332 846701.050845849 1.499110650584 175348566.91864 205461185.289712 106450215.448047 147825591.107556 31992086.6127617 19212795.5981065 56308.6270907045 442332.912766367 1621301571.93094 1829571865.35757 971247730.046627 1335629710.50097 275366456.622685 181943077.05017 0 0
49 14667.0872336332 846701.050843995 1.49911161921379 169864738.9488 199035619.261955 103121105.44089 143202513.055541 30991570.3127795 18611937.1609309 56308.6270907045 442332.912766367 1626785399.90078 1835997431.38533 974576840.053784 1340252788.55298 276366972.922667 182543935.487346 0 0
50 14667.0872336332 846701.050843238 1.49911234770693 164552398.478313 192810990.290592 99896101.680927 138724005.566064 30022341.6533451 18029868.4654144 56308.6270907045 442332.912766367 1632097740.37127 1842222060.35669 977801843.813747 1344731296.04246 277336201.582102 183126004.182862 0 0
51 14667.0872336332 846701.050842934 1.49911289197038 159406470.381681 186781351.698563 96772123.1723327 134385790.112985 29083474.6853198 17466033.4343074 56308.6270907045 442332.912766367 1637243668.4679 1848251698.94872 980925822.322342 1349069511.49554 278275068.550127 183689839.213969 0 0
52 14667.0872336332 846701.050842587 1.49911330729278 154421220.124735 180939984.159853 93745688.6069421 130183032.263279 28173923.1514284 16919803.7395044 56308.6270907045 442332.912766367 1642228918.72484 1854093066.48743 983952256.887732 1353272269.34525 279184620.084018 184236068.908772 0 0
53 14667.0872336332 846701.050842331 1.49911362145821 149591875.912613 175281296.419023 90813901.1342121 126111709.210208 27292816.444758 16390656.5394394 56308.6270907045 442332.912766367 1647058262.93697 1859751754.22826 986884044.360462 1357343592.39832 280065726.790689 184765216.108837 0 0
54 14667.0872336332 846701.050842381 1.4991138577843 144913570.40539 169799585.267614 87973805.9003188 122167717.598871 26439266.5263405 15878058.5237541 56308.6270907045 442332.912766367 1651736568.44419 1865233465.37967 989724139.594355 1361287584.00965 280919276.709106 185277814.124522 0 0
55 14667.0872336332 846701.050842621 1.49911403511176 140381588.233298 164489325.565167 85222540.3091392 118347082.19106 25612413.0839378 15381493.0333325 56308.6270907045 442332.912766367 1656268550.61628 1870543725.08211 992475405.185535 1365108219.41747 281746130.151509 185774379.614944 0 0
56 14667.0872336332 846701.050842788 1.4991141696335 135991313.397887 159345108.607582 82557302.0906684 114645911.522409 24811413.9354619 14900454.2970912 56308.6270907045 442332.912766367 1660658825.45169 1875687942.0397 995140643.404006 1368809390.08612 282547129.299985 186255418.351185 0 0
57 14667.0872336332 846701.050842608 1.49911427133791 131738341.676145 154361773.834403 79975417.5390601 111060492.6634 24035465.5369402 14434459.748004 56308.6270907045 442332.912766367 1664911797.17343 1880671276.81288 997722527.955614 1372394808.94513 283323077.698507 186721412.900272 0 0
58 14667.0872336332 846701.050841959 1.49911434924986 127618366.829771 149534275.496806 77474272.432807 107587195.289398 23283782.2215655 13983037.5551471 56308.6270907045 442332.912766367 1669031772.01981 1885498775.15048 1000223673.06187 1375868106.31913 284074761.013881 187172835.093129 0 0
59 14667.0872336332 846701.050840672 1.49911440769502 123627238.407171 144857750.385932 75051347.1250473 104222520.409958 22555606.7455851 13545732.9570161 56308.6270907045 442332.912766367 1673022900.44241 1890175300.26135 1002646598.36963 1379232781.19857 284802936.489862 187610139.69126 0 0
60 14667.0872336332 846701.05083888 1.49911445148208 119760914.059556 140327461.960227 72704187.5957274 100963060.169459 21850201.5884427 13122103.0368401 56308.6270907045 442332.912766367 1676889224.79002 1894705588.68706 1004993757.89895 1382492241.43907 285508341.647004 188033769.611436 0 0
61 14667.0872336332 846701.050836862 1.49911448313807 116015499.668989 135938847.364681 70430429.8124482 97805531.6765957 21166856.274082 12711721.1193787 56308.6270907045 442332.912766367 1680634639.18059 1899094203.2826 1007267515.68223 1385649769.93193 286191686.961365 188444151.528898 0 0
62 14667.0872336332 846701.050835038 1.49911450349613 112387243.357438 131687510.411058 68227796.0934941 94746771.9537772 20504886.277907 12314176.1144988 56308.6270907045 442332.912766367 1684262895.49214 1903345540.23622 1009470149.40118 1388708529.65475 286853656.95754 188841696.533778 0 0
63 14667.0872336332 846701.0508342 1.4991145178389 108872454.729477 127569126.952135 66094046.0818709 91783669.8556148 19863618.2927319 11929063.6686646 56308.6270907045 442332.912766367 1687777684.1201 1907463923.69515 1011603899.4128 1391671631.75291 287494924.942715 189226808.979612 0 0
64 14667.0872336332 846701.050835262 1.49911452930292 105467589.366644 123579543.886285 64027028.0399531 88913237.3009187 19242405.6446518 11555995.4229141 56308.6270907045 442332.912766367 1691182549.48294 1911453506.761 1013670917.45472 1394542064.30761 288116137.590795 189599877.225362 0 0
65 14667.0872336332 846701.050838791 1.499114539458 102169206.396936 119714729.440382 62024653.0908698 86132573.502153 18640620.551661 11194594.3637844 56308.6270907045 442332.912766367 1694480932.45264 1915318321.2069 1015673292.4038 1397322728.10637 288717922.683786 189961278.284492 0 0
66 14667.0872336332 846701.050845227 1.49911454894488 98973974.8027318 115970780.560977 60084899.0478997 83438870.28325 18057655.2745222 10844495.5144648 56308.6270907045 442332.912766367 1697676164.04685 1919062270.0863 1017613046.44677 1400016431.32528 289300887.960925 190311377.133812 0 0
67 14667.0872336332 846701.050854642 1.49911455785391 95878674.4577444 112343924.129331 58205811.0439857 80829412.9538069 17492922.3059585 10505346.0484154 56308.6270907045 442332.912766367 1700771464.39183 1922689126.51795 1019492134.45069 1402625888.65472 289865620.929488 190650526.599861 0 0
68 14667.0872336332 846701.050865127 1.49911456534795 92880171.9677099 108830488.653223 56385486.865153 78301559.9418545 16945849.9628223 10176802.6422513 56308.6270907045 442332.912766367 1703769966.88187 1926202561.99406 1021312458.62952 1405153741.66667 290412693.272625 190979070.006025 0 0
69 14667.0872336332 846701.050874629 1.49911456991862 89975446.4779567 105426934.506454 54622092.6177102 75852764.5506313 16415887.0946478 9858534.30345651 56308.6270907045 442332.912766367 1706674692.37162 1929606116.14083 1023075852.87696 1407602537.05789 290942656.140799 191297338.34482 0 0
70 14667.0872336332 846701.050875727 1.49911457160515 87161553.1116366 102129811.088324 52913840.5324132 73480544.1356056 15902496.4130111 9550218.36434159 56308.6270907045 442332.912766367 1709488585.73794 1932903239.55896 1024784104.96226 1409974757.47292 291456046.822436 191605654.283935 0 0
71 14667.0872336332 846701.05085937 1.49911457009792 84435645.2767396 98935782.9614314 51259002.5065573 71182498.9101471 15405158.5614112 9251542.9262044 56308.6270907045 442332.912766367 1712214493.57284 1936097267.68585 1026438942.98812 1412272802.69838 291953384.674036 191904329.722072 0 0
72 14667.0872336332 846701.050815791 1.49911456410829 81794978.0276199 95841633.7904741 49655912.144685 68956314.7794231 14923372.7285762 8962207.22764981 56308.6270907045 442332.912766367 1714855160.82196 1939191416.85681 1028042033.34999 1414498986.8291 292435170.506871 192193665.420627 0 0
