"Time" "IECs" "pheme_e" "BiomassCD" "pro_L_e" "leu_L_e" "ile_L_e" "val_L_e" "trp_L_e" "cys_L_e" "Drug" "Damage" "pro_L_v" "leu_L_v" "ile_L_v" "val_L_v" "trp_L_v" "cys_L_v" "CD" "pheme_c"
0 457000 1e+05 0.4963 224235600.199112 195370466.451958 120509812.093413 157438605.791629 18978882.6152 31300034.1459915 0 0 0 0 0 0 0 0 45700000 1000
1 328262.82304607 157038.985456986 0.594123777901813 408907962.966798 447060128.897567 242042145.811557 330335259.039963 65076986.0734582 46977712.7417462 0 128737.17695393 276213340.136692 283728256.505785 159024104.523707 214448509.599276 37838024.1446783 33757397.3545543 48532264.0533306 912.271205301724
2 230444.793582294 268353.839432034 0.697811957876897 488348724.552451 552310721.749688 293501293.712272 403230553.532384 83836314.4150718 54122654.3147214 0 226555.206417706 546603302.894741 585302848.193508 320516822.08681 435708644.460527 82855002.1062074 64174579.0956691 52252901.9996756 1358.93296892813
3 157016.996663656 374152.529121086 0.803528808858396 537351951.563719 615045334.011711 324613608.439093 447104947.838615 94604810.7987643 58850910.1650511 0 299983.003336344 759760725.483328 827954443.3161 448989176.083158 612451115.17439 119959864.891868 87642597.2620965 57057142.9676753 1672.93586324557
4 102972.800825452 458029.898866321 0.907130705297543 575023993.178779 662186797.301664 348151121.743354 480257170.908041 102434330.694262 62701824.0295924 0 354027.199174548 914465919.681303 1005582790.51724 542558004.184887 741425364.597163 147365002.443702 104544654.599426 63165462.3014805 1834.8744340957
5 64348.7885455885 516796.057678204 1.00479462952207 606288516.085705 701135975.94572 367492702.770355 507609319.254077 108762878.988304 66042250.4276085 0 392651.211454411 1019921244.3236 1127270878.94514 606443637.608504 829606741.735049 166216431.292462 116035848.916877 70824626.5998683 1884.31929930718
6 37866.3951476119 551711.61391209 1.09355009410812 631733598.721636 733340576.621285 383146981.654862 529999832.177537 113926817.925911 68881036.312667 0 419133.604852388 1087196579.31356 1205206552.41175 647234119.530975 885986161.121788 178315256.692834 123366302.096642 80308697.2480813 1859.35895125511
7 20693.5652427282 565791.913085129 1.17156404124301 650780883.819939 758566070.899322 394830630.122978 547129746.796624 117939077.324757 71139672.0398643 0 436306.434757272 1126920077.00033 1251402857.70813 671330477.19069 919343809.682178 185494873.110439 127702033.05292 91917635.5310426 1787.65852691899
8 10335.0162499161 562853.564908953 1.23815255378149 663040310.422648 776649290.846291 402341485.15601 558788913.824417 120799412.037924 72773984.0629224 9737.47760380151 446664.983750084 1148321166.02069 1276400843.02226 684315748.720664 937355062.530656 189382261.815295 130045403.843102 105972268.962802 1688.22679836709
9 10069.7930130509 726930.872533232 1.29357901320695 649517931.87985 760953800.985405 394137693.011594 547443398.348737 118359245.321663 71301794.6809814 7074.73370864449 446930.206986949 1162659809.14539 1293199396.32527 693016661.247047 949440281.050082 191995118.669472 131619438.947999 4.17549800679406 36.6042624480082
10 10069.7929916008 800889.167576102 1.33875793948726 635502631.963014 744533937.556921 385632988.668779 535630663.032286 115805289.166774 69763244.3387102 7038.74014491201 446930.207008399 1176675109.12785 1309619259.84297 701521365.629828 961253016.426185 194549074.838327 133157989.298507 4.68173833725953e-06 0.611720642011716
11 10069.7929916008 832395.739961888 1.37495919392074 621789754.169756 728468381.908293 377311798.825192 524072822.899043 113306442.272542 68257892.8327332 7038.1386979855 446930.207008399 1190387986.9211 1325684815.4916 709842555.473415 972810856.559427 197047921.732558 134663340.804484 3.85402385468828e-08 0.0102737168722457
12 10069.7929916008 845817.707757514 1.40357110327062 608372772.89667 712749488.870003 369170163.642233 512764377.876563 110861515.504457 66785023.8062888 7038.12859572386 446930.207008399 1203804968.19419 1341403708.52988 717984190.656374 984119301.581907 199492848.500644 136136209.830928 4.30646870929097e-08 0.000171455335547681
13 10069.7929916008 851534.900162263 1.42594020363837 595245303.318882 697369778.191671 361204208.707784 501699946.542633 108469345.379546 65343936.3557532 7038.1284275615 446930.207008399 1216932437.77198 1356783419.20822 725950145.590823 995183732.915838 201885018.625554 137577297.281464 3.10847150107243e-08 3.29309440162608e-06
14 10069.7929916008 853971.167654991 1.44328049255278 582401098.301693 682321930.93619 353410143.162292 490874263.526611 106128793.50561 63933944.6926459 7038.1284242651 446930.207008399 1229776642.78917 1371831266.4637 733744211.136316 1006009415.93186 204225570.499491 138987288.944571 3.62914663342772e-08 -3.17552859307334e-09
15 10069.7929916008 855009.187031704 1.45663404075814 569834045.574459 667598786.16873 345784257.983828 480282177.127444 103838746.066221 62554377.8333877 7038.12842424671 446930.207008399 1242343695.5164 1386554411.23116 741370096.31478 1016601502.33103 206515617.938879 140366855.803829 -5.95407780558862e-08 -2.15555608173417e-08
16 10069.7929916008 855451.492211951 1.46686528363733 557538164.739975 653193337.453041 338322924.173344 469918646.793043 101598113.275765 61204579.2710024 16775.606027906 446930.207008399 1254639576.35088 1400959859.94685 748831430.125263 1026965032.66543 208756250.729335 141716654.366215 0 0
17 10069.7929916008 855639.671355209 1.47467479068179 545507650.397602 639098783.373078 331022618.922458 459778779.46642 99405837.2375997 59883911.7090211 16775.606027906 446930.207008399 1266670090.69325 1415054414.02681 756131735.376149 1037104899.99205 210948526.7675 143037321.928196 0 0
18 10069.7929916008 855719.619407408 1.48061514615979 533736693.273883 625308317.97553 323879817.072699 449857678.826401 97260859.349355 58591737.4258306 16775.606027906 446930.207008399 1278441047.81697 1428844879.42436 763274537.225908 1047026000.63207 213093504.655745 144329496.211387 0 0
19 10069.7929916008 855753.740079211 1.48512562549749 522219721.989005 611815414.015442 316891137.823203 440150649.059446 95162164.3591376 57327444.8149455 16775.606027906 446930.207008399 1289958019.10185 1442337783.38445 770263216.475404 1056733030.39903 215192199.645962 145593788.822272 0 0
20 10069.7929916008 855768.419572913 1.48854397479848 510951264.469013 598613660.591325 310053260.633459 430653078.051533 93108755.1111927 56090433.1713283 16775.606027906 446930.207008399 1301226476.62184 1455539536.80857 777101093.665148 1066230601.40694 217245608.893907 146830800.465889 0 0
21 10069.7929916008 855774.6311219 1.49113149120449 499925957.815579 585696774.708261 303362931.212447 421360445.706846 91099654.3444353 54880113.7748582 16775.606027906 446930.207008399 1312251783.27527 1468456422.69163 783791423.086161 1075523233.75163 219254709.660665 148041119.862359 0 0
22 10069.7929916008 855777.223994072 1.49308807773633 489138555.525045 573058609.735485 296816965.899256 412268330.032318 89133906.0079496 53695910.6828113 16775.606027906 446930.207008399 1323039185.56581 1481094587.66441 790337388.399351 1084615349.42616 221220457.99715 149225322.954406 0 0
23 10069.7929916008 855778.347326793 1.4945665993054 478583923.915174 560693151.220094 290412249.494793 403372404.125931 87210574.6098491 52537260.3376033 16775.606027906 446930.207008399 1333593817.17568 1493460046.1798 796742104.803814 1093511275.33254 223143789.395251 150383973.299614 0 0
24 10069.7929916008 855778.7913926 1.49568315864663 468257040.386236 548594514.84979 284145734.206576 394668434.711082 85328744.9004014 51403611.3758967 26513.0836317075 446930.207008399 1343920700.70462 1505558682.5501 803008620.092031 1102215244.74739 225025619.104699 151517622.261321 0 0
25 10069.7929916008 855778.97259431 1.49652750646727 458152982.991054 536756934.233485 278014433.319671 386152273.345738 83487519.971415 50294423.4836371 26513.0836317075 446930.207008399 1354024758.0998 1517396263.1664 809139920.978936 1110731406.11273 226866844.033685 152626810.15358 0 0
26 10069.7929916008 855779.047099925 1.497163424949 448266928.917744 525174759.123736 272015420.276003 377819855.143624 81686020.979756 49209167.2294944 26513.0836317075 446930.207008399 1363910812.17311 1528978438.27615 815138934.022604 1119063824.31485 228668343.025344 153712066.407723 0 0
27 10069.7929916008 855779.079736647 1.49764202522768 438594294.885981 513842619.900378 266145913.86901 369667317.106609 79923412.7312384 48147339.4770705 26513.0836317075 446930.207008399 1373583446.20487 1540310577.49951 821008440.429597 1127216362.35186 230430951.273862 154773894.160147 0 0
28 10069.7929916008 855779.100234722 1.49800418011792 429130309.55047 502754926.612525 260403018.771349 361690637.726809 78198825.7612937 47108416.4448561 26513.0836317075 446930.207008399 1383047431.54039 1551398270.78736 826751335.527258 1135193041.73166 232155538.243807 155812817.192362 0 0
29 10069.7929916008 855779.106747056 1.49827729484976 419870538.177292 491906483.672086 254784043.916756 353886079.207795 76511451.944797 46091911.3033554 26513.0836317075 446930.207008399 1392307202.91356 1562246713.7278 832370310.381851 1142997600.25068 233842912.060303 156829322.333862 0 0
30 10069.7929916008 855779.104211625 1.49848310069774 410810576.192346 481292130.82522 249286316.540414 346249929.173209 74860488.6525353 45097340.5339113 26513.0836317075 446930.207008399 1401367164.89851 1572861066.57467 837868037.758193 1150633750.28526 235493875.352565 157823893.103306 0 0
31 10069.7929916008 855779.1024312 1.49863799278335 401946121.037242 470906827.336327 243907225.782247 338778561.230197 73245151.8452403 44124231.8167927 26513.0836317075 446930.207008399 1410231620.05361 1583246370.06356 843247128.51636 1158105118.22828 237109212.15986 158797001.820425 0 0
32 10069.7929916008 855779.106313484 1.4987553555782 393272938.361827 460745612.380331 238644202.172008 331468406.474925 71664669.912978 43172120.3199288 36250.561235509 446930.207008399 1418904802.72903 1593407585.01956 848510152.126599 1165415272.98355 238689694.092122 159749113.317289 0 0
33 10069.7929916008 855779.105650138 1.49884398033411 384786860.870544 450803603.691112 233494716.929233 324315952.520236 70118283.464925 42240548.5722668 36250.561235509 446930.207008399 1427390880.22031 1603349593.70878 853659637.369374 1172567726.93824 240236080.540175 160680685.064951 0 0
34 10069.7929916008 855779.105386415 1.49891075442983 376483745.214814 441075947.058038 228456255.804861 317317707.162581 68605237.4740266 41329061.7315688 36250.561235509 446930.207008399 1435693995.87604 1613077250.34185 858698098.493746 1179565972.29589 241749126.531073 161592171.905649 0 0
35 10069.7929916008 855779.105279657 1.49896065396965 368360052.990305 431558497.003218 223526671.639512 310470688.073072 67124887.1499765 40437271.3642491 36250.561235509 446930.207008399 1443817688.10055 1622594700.39667 863627682.659095 1186412991.3854 243229476.855123 162483962.272969 0 0
36 10069.7929916008 855779.105197676 1.49899790763041 360411850.707497 422246645.17998 218703577.5299 303771579.926967 65676515.7075587 39564745.6656596 36250.561235509 446930.207008399 1451765890.38336 1631906552.21991 868450776.768706 1193112099.53151 244677848.297541 163356487.971558 0 0
37 10069.7929916008 855779.10502569 1.49902656355108 352634899.791386 413135425.813548 213984401.442074 297216810.259531 64259350.7669601 38711019.33994 36250.561235509 446930.207008399 1459542841.29947 1641017771.58634 873169952.856533 1199666869.19894 246095013.23814 164210214.297278 0 0
38 10069.7929916008 855779.104782507 1.4990484267119 345025759.138175 404220807.420136 209367055.260147 290803478.751217 62872765.2685904 37875714.6348158 36250.561235509 446930.207008399 1467151981.95268 1649932389.97975 877787299.03846 1206080200.70726 247481598.73651 165045519.002402 0 0
39 10069.7929916008 855779.104570595 1.49906504180219 337580812.231319 395498553.008156 204849344.42502 284528537.236589 61516100.1880436 37058434.541817 36250.561235509 446930.207008399 1474596928.85954 1658654644.39174 882305009.873587 1212355142.22188 248838263.817056 165862799.095401 0 0
40 10069.7929916008 855779.104548343 1.4990774248584 330296504.973441 386964498.714267 200429112.254525 278388990.159946 60188707.8753282 36258788.9046308 45988.0388393105 446930.207008399 1481881236.11742 1667188698.68562 886725242.044082 1218494689.29853 250165656.129772 166662444.732587 0 0
41 10069.7929916008 855779.104904185 1.49908659243586 323169373.045488 378614585.856447 196104256.545394 272381917.634855 58889957.0404231 35476397.422493 45988.0388393105 446930.207008399 1489008368.04537 1675538611.54344 891050097.753213 1224501761.82362 251464406.964677 167444836.214725 0 0
42 10069.7929916008 855779.105045671 1.49909349952247 316195870.67808 370444660.328159 191872625.669019 266504331.124829 57619201.5509166 34710870.853309 45988.0388393105 446930.207008399 1495981870.41278 1683708537.07173 895281728.629588 1230379348.33365 252735162.454184 168210362.783909 0 0
43 10069.7929916008 855779.105104413 1.49909865373165 309373066.84708 362451288.23813 187732441.033871 260753760.228766 56375907.2971437 33961887.4395553 45988.0388393105 446930.207008399 1502804674.24378 1691701909.16176 899421913.264736 1236129919.22971 253978456.707956 168959346.197663 0 0
44 10069.7929916008 855779.105158413 1.4991024514239 302697791.174977 354630755.276564 183681778.80503 255127532.807602 55159496.5529615 33229099.1483365 45988.0388393105 446930.207008399 1509479949.91588 1699522442.12332 903472575.493577 1241756146.65087 255194867.452139 169692134.488881 0 0
45 10069.7929916008 855779.105312131 1.49910540542284 296166283.370293 346978656.009904 179718357.178509 249622479.515822 53969284.0943916 32512093.1880766 45988.0388393105 446930.207008399 1516011457.72057 1707174541.38998 907435997.120098 1247261199.94265 256385079.910709 170409140.449141 0 0
46 10069.7929916008 855779.105520917 1.49910768487595 289775600.454149 339491542.541094 175840390.308451 244236119.876319 52804733.6333003 31810546.4889024 45988.0388393105 446930.207008399 1522402140.63671 1714661654.85879 911313963.990156 1252647559.58216 257549630.3718 171110687.148315 0 0
47 10069.7929916008 855779.105720871 1.49910943349584 283522826.361784 332165998.504774 172046108.680913 238965996.096439 51665313.7860148 31124138.9354782 45988.0388393105 446930.207008399 1528654914.72908 1721987198.89511 915108245.617694 1257917683.36204 258689050.219085 171797094.70174 0 0
48 10069.7929916008 855779.105774263 1.49911073663831 277404991.79678 324998545.171128 168333710.480143 233809605.517453 50550483.4686543 30452544.5688839 55725.516443112 446930.207008399 1534772749.29408 1729154652.22876 918820643.818463 1263074073.94102 259803880.536446 172468689.068334 0 0
49 10069.7929916008 855779.105422271 1.49911168506695 271419176.915688 317985761.747808 164701423.899231 228764487.161854 49459710.6089692 29795442.8589728 55725.516443112 446930.207008399 1540758564.17517 1736167435.65208 922452930.399375 1268119192.29662 260894653.396131 173125790.778245 0 0
50 10069.7929916008 855779.105282303 1.49911239966947 265562365.947745 311124115.057189 161147418.921062 223828099.200213 48392445.6542316 29152502.7450348 55725.516443112 446930.207008399 1546615375.14312 1743029082.3427 926006935.377543 1273055580.25826 261961918.350869 173768730.892183 0 0
51 10069.7929916008 855779.105224127 1.49911293303162 259832117.007827 304410744.267142 157670213.771351 218998383.500142 47348243.6287655 28523456.1655071 55725.516443112 446930.207008399 1552345624.08303 1749742453.13275 929484140.527254 1277885295.95833 263006120.376335 174397777.471711 0 0
52 10069.7929916008 855779.105171277 1.49911332594872 254225775.712705 297842539.589764 154268197.728621 214273102.82614 46326620.8341535 27908011.7315325 55725.516443112 446930.207008399 1557951965.37815 1756310657.81013 932886156.569985 1282610576.63233 264027743.170947 175013221.905685 0 0
53 10069.7929916008 855779.105020567 1.49911363148351 248740181.836923 291415798.609072 150939453.11838 209649593.595761 45327001.3942243 27305822.5246728 55725.516443112 446930.207008399 1563437559.25394 1762737398.79082 936214901.180226 1287234085.86271 265027362.610876 175615411.112545 0 0
54 10069.7929916008 855779.104815164 1.4991138672983 243372860.410384 285127621.731675 147682478.08986 205125769.791092 44348934.3043503 26716616.8514131 55725.516443112 446930.207008399 1568804880.68048 1769025575.66821 939471876.208746 1291757909.66738 266005429.70075 176204616.785805 0 0
55 10069.7929916008 855779.104617951 1.49911404819995 238121363.933761 278975141.548031 144495787.461989 200699568.547839 43391973.5658005 26140126.0338836 55725.516443112 446930.207008399 1574056377.1571 1775178055.85186 942658566.836616 1296184110.91063 266962390.4393 176781107.603334 0 0
56 10069.7929916008 855779.104564187 1.49911418304095 232983198.775573 272955436.601685 141377868.05998 196368888.119422 42455664.7733529 25576076.3299885 55725.516443112 446930.207008399 1579194542.31529 1781197760.7982 945776486.238626 1300514791.33905 267898699.231747 177345157.307229 0 0
57 10069.7929916008 855779.104739816 1.49911428197906 227955895.51333 267065613.798641 138327221.399439 192131647.163705 41539557.9332998 25024196.65521 55725.516443112 446930.207008399 1584221845.57753 1787087583.60125 948827132.899167 1304752032.29477 268814806.0718 177897036.982008 0 0
58 10069.7929916008 855779.105108259 1.49911435509543 223037079.34362 261302890.897493 135342406.412318 187985844.087835 40643220.2940173 24484226.3119798 55725.516443112 446930.207008399 1589140661.74724 1792850306.5024 951811947.886288 1308897835.37064 269711143.711083 178437007.325238 0 0
59 10069.7929916008 855779.10556853 1.49911441041549 218224396.22468 255664509.980502 132421994.629066 183929494.797826 39766222.8872004 23955906.881871 55725.516443112 446930.207008399 1593953344.86618 1798488687.41939 954732359.66954 1312954184.66065 270588141.1179 178965326.755347 0 0
60 10069.7929916008 855779.105877332 1.49911445254654 213515561.289872 250147794.173222 129564599.556682 179960673.503648 38908149.3500702 23438987.540258 55725.516443112 446930.207008399 1598662179.80099 1804005403.22667 957589754.741923 1316923005.95482 271446214.65503 179482246.09696 0 0
61 10069.7929916008 855779.105756938 1.4991144859708 208908324.692524 244750107.629448 126768855.952834 176077483.931701 38068589.7014067 22933221.3068842 55725.516443112 446930.207008399 1603269416.39834 1809403089.77044 960385498.345772 1320806195.52677 272285774.303693 179988012.330334 0 0
62 10069.7929916008 855779.104836236 1.49911451347498 204400496.091771 239468884.218015 124033434.684246 172278079.962595 37247144.8035123 22438367.7338314 55725.516443112 446930.207008399 1607777244.99909 1814684313.18187 963120919.614359 1324605599.49588 273107219.201588 180482865.903387 0 0
63 10069.7929916008 855779.102650276 1.49911453552537 199989928.808177 234301608.96005 121357033.112087 168560652.276792 36443423.47495 21954191.1661793 55725.516443112 446930.207008399 1612187812.28268 1819851588.43984 965797321.186519 1328323027.18168 273910940.53015 180967042.471039 0 0
64 10069.7929916008 855779.098533522 1.499114550403 195674538.778753 229245840.236046 118738386.594168 164923444.330755 35657045.9446459 21480462.8228213 55725.516443112 446930.207008399 1616503202.31211 1824907357.16384 968415967.704437 1331960235.12772 274697318.060454 181440770.814397 0 0
65 10069.7929916008 855779.090807908 1.49911456029259 191452252.797975 224299149.146743 116176237.076782 161364708.732116 34887634.4200415 21016955.1145447 55725.516443112 446930.207008399 1620725488.29289 1829854048.25314 970978117.221823 1335518970.72636 275466729.585059 181904278.522673 0 0
66 10069.7929916008 855779.07762611 1.49911456495862 187321062.273925 219459182.492052 113669365.714773 157882752.547804 34134822.8828761 20563447.5451915 55725.516443112 446930.207008399 1624856678.81694 1834694014.90784 973484988.583833 1339000926.91067 276219541.122224 182357786.092027 0 0
67 10069.7929916008 855779.056955229 1.49911456186779 183279022.187461 214723661.551656 111216592.239945 154475936.426794 33398256.8995209 20119726.5973996 55725.516443112 446930.207008399 1628898718.9034 1839429535.84823 975937762.058661 1342407743.03168 276956107.105579 182801507.039818 0 0
68 10069.7929916008 855779.024912184 1.49911455001001 179324224.836994 210090351.325249 108816759.028981 151142652.470997 32677588.8365861 19685582.8503967 55725.516443112 446930.207008399 1632853516.25387 1844062846.07464 978337595.269625 1345741026.98747 277676775.168514 183235650.786821 0 0
69 10069.7929916008 855778.972572353 1.49911453579995 175454762.631563 205557016.942136 106468708.525694 147881292.875568 31972471.0808411 19260806.8955544 55725.516443112 446930.207008399 1636722978.4593 1848596180.45775 980685645.772912 1349002386.58291 278381892.924259 183660426.741664 0 0
70 10069.7929916008 855778.891609653 1.4991145226473 171668793.846492 201121500.698388 104171323.142593 144690305.350775 31282568.0216244 18845196.5548139 55725.516443112 446930.207008399 1640508947.24437 1853031696.7015 982983031.156012 1352193374.1077 279071795.983476 184076037.082404 0 0
71 10069.7929916008 855778.772829386 1.49911451432362 167964521.449106 196781697.249753 101923512.411999 141568175.275349 30607552.1923323 18438554.5562469 55725.516443112 446930.207008399 1644213219.64175 1857371500.15014 985230841.886607 1355315504.18312 279746811.812768 184482679.080971 0 0
72 10069.7929916008 855778.814005398 1.49911452132668 164340183.572505 192535542.451043 99724207.2053755 138513417.667343 29947102.5344899 18040687.4883005 55725.516443112 446930.207008399 1647837557.51835 1861617654.94885 987430147.09323 1358370261.79113 280407261.47061 184880546.148917 0 0
