"Time" "IECs" "pheme_e" "BiomassCD" "pro_L_e" "leu_L_e" "ile_L_e" "val_L_e" "trp_L_e" "cys_L_e" "Drug" "Damage" "pro_L_v" "leu_L_v" "ile_L_v" "val_L_v" "trp_L_v" "cys_L_v" "CD" "pheme_c"
0 457000 1e+05 0.4963 224235600.199112 195370466.451958 120509812.093413 157438605.791629 18978882.6152 31300034.1459915 0 0 0 0 0 0 0 0 45700000 1000
1 331966.418033298 154984.658512288 0.594123777909939 398914361.418695 435576687.516567 235989398.224208 321996348.792944 63298960.9771671 45892168.0354108 0 125033.581966702 272943954.883127 279808446.334905 157003553.14433 211642632.760639 37201317.3763868 33420761.5857943 48532264.0531393 900.604554638673
2 235857.429468879 263433.04487938 0.697811960681761 474876055.559386 536870348.139903 285354920.232332 392009831.329257 81455639.07835 52651675.9989128 0 221142.570531121 540706765.76598 578232069.150987 316872929.696917 430647836.884986 81706680.4058027 63567105.2310292 52252901.8636917 1334.05790434553
3 162809.293136253 367414.672821535 0.803528807839484 522324731.212616 597818971.933199 315532252.693482 434590537.348074 91952521.8827118 57205545.6486033 0 294190.706863747 754084403.49414 821090644.365082 445467934.689908 607552447.684355 118835662.296874 87063719.933067 57057143.0563601 1642.76578135589
4 108309.808969508 450773.462098287 0.907130680859924 559362267.157505 644206093.911715 338689452.322205 467206539.643142 99668295.6622398 60981746.8298427 0 348690.191030492 911090331.036878 1001366877.03606 540431165.551028 738448434.871399 146651453.398398 104215320.671858 63165461.0214441 1805.73913596032
5 68771.6025178744 510075.311199006 1.00479460148666 590644533.351721 683132364.424291 358045775.115476 494560451.005557 105996389.868807 64316587.7310357 0 388228.397482126 1019847785.4802 1126880007.15583 606322681.286168 829398945.295593 166099466.427428 116063151.048092 70824624.7903891 1859.75371125126
6 41203.1368186917 546186.373420216 1.0935497663164 616635686.718671 715905092.837349 374035549.069901 517388418.563273 111251992.14943 67205003.6760286 0 415796.863181308 1090522253.41461 1208764527.58567 649178874.131382 888633293.911132 178814839.430705 123761025.931585 80308686.3970695 1840.68945438235
7 22983.189663008 561721.743347946 1.17156385158045 636604796.689324 742115105.143795 386282716.347769 535264270.206074 115420763.752516 69552231.4474084 0 434016.810336992 1133138680.04655 1258331275.49971 675033439.199862 924424134.217843 186520771.706923 128410257.867988 91917622.6569991 1774.7641084764
8 11751.9809165213 560170.268550007 1.23815229861626 649951655.458614 761359652.579265 394457162.543649 547802860.036462 118464876.854114 71291996.9879101 9737.47760380151 445248.019083479 1156650604.08461 1285797325.24088 689301498.48747 944213779.863506 190793478.903344 130983276.486137 105972246.844037 1680.15666217814
9 10578.726258266 707669.25008667 1.29357880323799 638465616.705244 748497673.506656 387493707.904207 538331010.383835 116468257.67672 70081364.383878 3480.84325383208 446421.273741734 1171786819.94624 1303538870.43717 698487840.561448 956974952.98653 193554087.05837 132644438.878939 2936041.64679042 1327.59595835128
10 10419.6777499422 787323.608225914 1.33875776995219 624597891.850511 732328144.264013 379078201.684849 526669260.343266 113952855.143778 68566572.350236 1254.2316869997 446580.322250058 1186142695.14779 1320369882.42594 707200634.22269 969079681.94398 196173045.508816 134220305.539778 1922586.4679834 1614.04447710056
11 10284.1528778406 821661.833038455 1.37495905913155 611156236.093843 716645079.436835 370921111.768287 515362157.759249 111513040.063298 67097471.3730971 347.160469858444 446715.84712216 1199998678.98497 1336616595.19618 715610056.5251 980763533.653028 198701097.480693 135741448.067804 1997620.36558735 1998.95367315102
12 10135.1479833005 835766.454103234 1.40357099771414 598234766.794058 701579369.603268 363079798.112782 504496292.245876 109169326.395717 65686115.8058658 78.2901343598282 446864.8520167 1213374442.99368 1352302016.38614 723728045.372672 992043075.170845 201141822.342961 137210021.514538 2325160.33367067 2176.70962466167
13 9961.41829306904 840907.790739281 1.4259401580618 585873271.373907 687184130.634681 355578478.771429 494107485.183851 106930021.959109 64337419.4994391 16.5732640953713 447038.581706932 1226264415.67792 1367419797.1364 731551221.029721 1002913672.87643 203494233.177236 138625430.022014 2783939.24769356 2201.76642745746
14 9756.35472917102 841989.640080236 1.44328046972962 574105735.050494 673503263.791599 348437819.746136 484225814.725892 104801981.597564 63055459.2572725 3.50963676768977 447243.645270829 1238654376.07326 1381953523.34174 739070955.056805 1013363426.50285 205755777.354967 139986134.672717 3359644.1804939 2185.90829200286
15 9514.07262090003 841091.72338414 1.4566340252207 562968880.029007 660583825.621133 341680143.162628 474883644.829982 102792547.518902 61844611.4653677 0.753292454958086 447485.927379101 1250524810.97805 1395880612.8005 746275407.364732 1023375986.19022 207922942.633021 141290018.794198 4066963.15883943 2164.72099270817
16 9228.55125706285 839053.40533498 1.46686524148327 552504032.208932 648478937.594526 335330565.950432 466117451.250089 100910005.255683 60709819.6650944 9737.64159823195 447771.448742938 1261851497.97626 1409172984.17931 753149879.815463 1032931038.90063 209991361.087078 142534450.798185 4931612.78566369 2144.59534038288
17 9188.94821860583 848459.571842359 1.47467366940388 541724340.27388 635850960.949675 328788309.579421 457031724.844046 98945110.4896326 59527394.8586173 6637.05735976878 447811.051781395 1272750519.0377 1421965669.8611 759764812.900674 1042126090.05088 211982037.299505 143732083.17143 24705.1849749238 69.7623765724052
18 9188.55839716451 853647.669620905 1.48061531155053 531048877.821737 623320832.605106 322309062.355057 448025335.665651 96995291.9385273 58354341.3416669 6545.2618593084 447811.441602836 1283427159.09692 1434497419.47305 766244777.333365 1051133556.6599 213932109.62839 144905286.379813 533.216089365084 2.09771330458028
19 9188.54983420973 855871.279098393 1.48512622817372 520582791.385691 611036225.133802 315956889.103094 439195506.366574 95083677.5571327 57204275.1665827 6542.6749349672 447811.450165791 1293893271.47779 1446782062.55768 772596966.386572 1059963409.65995 215843729.584492 146055355.843072 11.9389879260874 0.0527437579780619
20 9188.54964236196 856819.104544148 1.48854504167521 510322951.991227 598993695.915384 309729893.14628 430539677.913909 93209733.0713044 56076872.0317196 6542.61125717982 447811.450357639 1304153111.45533 1458824592.574 778823962.698492 1068619238.64441 217717674.195221 147182759.051605 0.267725512523068 0.00124021747943041
21 9188.54963805936 857223.005700173 1.49113277324512 500265316.833316 587188504.652394 303625620.840684 422054441.292421 91372720.8723903 54971688.113604 6542.60977206888 447811.450361941 1314210746.62636 1470629783.85488 784928235.012077 1077104475.27784 219554686.396937 148287942.971373 0.00600639135782724 2.83931594005612e-05
22 9188.54963796282 857395.119423031 1.49308951700939 490405901.290766 575615974.488208 297641653.804588 413736434.870126 89571913.1929123 53888285.5710972 6542.60973818393 447811.450362038 1324070162.1692 1482202314.01947 790912202.048353 1085422481.7004 221355494.076477 149371345.513917 0.000134768279371038 6.42506220515224e-07
23 9188.54963796065 857468.460211098 1.49456802516532 480740798.792988 564271520.071686 291775621.026316 405582362.825805 87806596.5039147 52826235.1306288 6542.60973741798 447811.45036204 1333735264.66699 1493546768.436 796778234.826629 1093576553.74473 223120810.765476 150433395.954386 3.04723333863283e-06 1.44134940550182e-08
24 9188.5496379606 857499.865652766 1.49568530166818 471266143.968215 553150604.406629 286025176.498935 397588964.095266 86076064.8009648 51785112.0455658 16280.087341202 447811.45036204 1343209919.49176 1504667684.10106 802528679.35401 1101569952.47527 224851342.468426 151474519.039449 0 0
25 9188.5496379606 857513.177677074 1.49652911912318 461978261.960431 542248914.115443 280388089.845079 389753138.345044 84379646.8770419 50764512.5041069 16280.087341202 447811.45036204 1352497801.49954 1515569374.39225 808165766.007866 1109405778.22549 226547760.392349 152495118.580908 0 0
26 9188.5496379606 857518.654243818 1.49716465089333 452873400.306738 531562044.729131 274862083.5855 382071719.76776 82716657.3503426 49764024.1666131 16280.087341202 447811.45036204 1361602663.15324 1526256243.77856 813691772.267445 1117087196.80277 228210749.919048 153495606.918402 0 0
27 9188.5496379606 857521.054353406 1.49764298308272 443948055.318417 521085883.77843 269445031.229261 374541752.437158 81086456.2772999 48783262.030013 16280.087341202 447811.45036204 1370528008.14156 1536732404.72926 819108824.623684 1124617164.13338 229840950.992091 154476369.055002 0 0
28 9188.5496379606 857522.54353919 1.49800490428363 435198563.947438 510816131.745417 264134709.565609 367160145.981714 79488374.6076039 47821823.5800266 16280.087341202 447811.45036204 1379277499.51254 1547002156.76227 824419146.287336 1131998770.58882 231439032.661787 155437807.504988 0 0
29 9188.5496379606 857523.020318302 1.49827835234307 426621429.534693 500748684.411864 258928996.370082 359923950.405783 77921773.6816359 46879324.5860318 16280.087341202 447811.45036204 1387854633.92528 1557069604.09582 829624859.482863 1139234966.16475 233005633.587755 156380306.498983 0 0
30 9188.5496379606 857522.876010742 1.49848405109073 418213399.741981 490879724.332225 253825917.703708 352830421.837789 76386059.4646292 45955407.6646257 16280.087341202 447811.45036204 1396262663.71799 1566938564.17546 834727938.149237 1146328494.73275 234541347.804762 157304223.420389 0 0
31 9188.5496379606 857522.864107392 1.49863980775793 409970895.973837 481205051.11513 248823301.612458 345876541.155563 74880578.3314102 45049679.581604 16280.087341202 447811.45036204 1404505167.48614 1576613237.39256 839730554.240487 1153282375.41497 236046828.937981 158209951.503411 0 0
32 9188.5496379606 857522.911543491 1.4987569791893 401890861.428032 471721076.826198 243919292.833849 339059729.453645 73404771.9615691 44161804.4400475 26017.5649450035 447811.45036204 1412585202.03194 1586097211.68149 844634563.019096 1160099187.11689 237522635.307822 159097826.644967 0 0
33 9188.5496379606 857522.917625895 1.49884524821375 393970212.746067 462424182.360516 239112019.987621 332377385.42208 71958077.1842323 43291443.4248994 26017.5649450035 447811.45036204 1420505850.71391 1595394106.14717 849441835.865324 1166781531.14845 238969330.085159 159968187.660115 0 0
34 9188.5496379606 857522.919925366 1.49891162565376 386205597.831845 453310433.181292 234399448.588822 325826681.027426 70539881.744001 42438228.1908537 26017.5649450035 447811.45036204 1428270465.62813 1604507855.3264 854154407.264122 1173332235.54311 240387525.52539 160821402.894161 0 0
35 9188.5496379606 857522.920965326 1.49896157553762 378594009.757036 444376299.893841 229779753.644894 319405079.440897 69149636.4298591 41601828.3213878 26017.5649450035 447811.45036204 1435882053.70294 1613441988.61385 858774102.208051 1179753837.12964 241777770.839532 161657802.763627 0 0
36 9188.5496379606 857522.921598223 1.4989984919372 371132803.513814 435618677.909183 225251329.823393 313110349.171999 67786858.1350358 40781953.1696384 26017.5649450035 447811.45036204 1443343259.94616 1622199610.59851 863302526.029552 1186048567.39854 243140549.134355 162477677.915376 0 0
37 9188.5496379606 857522.923090343 1.49902694216971 363818413.926845 427033382.587883 220812013.315361 306939482.420603 66450895.6855247 39978210.976073 26017.5649450035 447811.45036204 1450657649.53313 1630784905.91981 867741842.537584 1192219434.14993 244476511.583866 163281420.108941 0 0
38 9188.5496379606 857522.925193994 1.49904861244305 356648160.949217 418617268.213686 216460177.522111 300890218.135095 65141259.5747175 39190307.2435559 26017.5649450035 447811.45036204 1457827902.51076 1639201020.294 872093678.330835 1198268698.43544 245786147.694674 164069323.841459 0 0
39 9188.5496379606 857522.927336967 1.49906523286542 349619216.194824 410367014.956589 212194105.813568 294960170.115836 63857433.2020716 38417931.1746887 26017.5649450035 447811.45036204 1464856847.26515 1647451273.5511 876359750.039377 1204198746.4547 247069974.06732 164841699.910326 0 0
40 9188.5496379606 857522.9279095 1.49907761406316 342728802.536507 402279363.151993 208012112.670213 289146995.408377 62598909.3294153 37660777.6046664 35755.042548805 447811.45036204 1471747260.92347 1655538925.3557 880541743.182732 1210011921.16216 248328497.939976 165598853.480348 0 0
41 9188.5496379606 857522.92454045 1.49908673957449 335974180.662887 394351097.521727 203912535.524022 283448382.961969 61365187.6255728 36918545.5240728 35755.042548805 447811.45036204 1478501882.79709 1663467190.98597 884641320.328923 1215710533.60857 249562219.643818 166341085.560942 0 0
42 9188.5496379606 857522.923267298 1.49909360120996 329352592.177826 386578980.386806 199893700.223876 277862005.624797 60155764.2735659 36190931.8263623 35755.042548805 447811.45036204 1485123471.28215 1671239308.12089 888660155.629068 1221296910.94574 250771642.995825 167068699.258652 0 0
43 9188.5496379606 857522.922677398 1.49909876133587 322861498.647157 378960032.249527 195954066.119998 272385721.818426 58970175.6321449 35477657.5755249 35755.042548805 447811.45036204 1491614564.81282 1678858256.25817 892599789.732947 1226773194.75211 251957231.637246 167781973.50949 0 0
44 9188.5496379606 857522.922173422 1.49910252072574 316498762.683655 371491744.342708 192092335.969699 267017728.312168 57808031.3106916 34778487.9046212 35755.042548805 447811.45036204 1497977300.77632 1686326544.16498 896461519.883246 1232141188.25837 253119375.9587 168481143.180393 0 0
45 9188.5496379606 857522.920681293 1.49910538981345 310261329.338793 364170530.907759 188306655.635563 261755447.764461 56668773.3273719 34093087.120426 35755.042548805 447811.45036204 1504214734.12118 1693647757.59993 900247200.217382 1237403468.80608 254258633.942019 169166543.964588 0 0
46 9188.5496379606 857522.917950498 1.49910767404177 304146578.368031 356993316.421711 184595434.814708 256596669.576632 55551923.0983928 33421167.2971914 35755.042548805 447811.45036204 1510329485.09195 1700824972.08598 903958421.038237 1242562246.99391 255375484.170999 169838463.787823 0 0
47 9188.5496379606 857522.914732694 1.49910943039225 298152341.366182 349957555.709919 180957357.43874 251539564.349341 54457084.5677508 32762490.1595666 35755.042548805 447811.45036204 1516323722.0938 1707860732.79777 907596498.414205 1247619352.22119 256470322.70164 170497140.925448 0 0
48 9188.5496379606 857522.911961411 1.49911077684398 292276255.624441 343060475.533057 177390989.510732 246582138.756826 53383826.1901741 32116796.0811354 45492.5201526065 447811.45036204 1522199807.83554 1714757812.97464 911162866.342213 1252576777.81371 257543581.079217 171142835.003879 0 0
49 9188.5496379606 857522.917803885 1.49911171582433 286515996.299494 336299347.096577 173894920.015426 241722431.418969 52331723.3364669 31483829.596333 45492.5201526065 447811.45036204 1527960067.16049 1721518941.41112 914658935.837519 1257436485.15157 258595683.932924 171775801.488681 0 0
50 9188.5496379606 857522.920011025 1.49911242185713 280869163.195149 329671353.160178 170467692.203705 236958417.383353 51300337.6143418 30863326.9594392 45492.5201526065 447811.45036204 1533606900.26483 1728146935.34752 918086163.649239 1262200499.18718 259627069.655049 172396304.125575 0 0
51 9188.5496379606 857522.921035203 1.49911295298411 275333607.87352 323173971.985918 167108002.125915 232288284.096276 50289276.6147934 30255052.0892115 45492.5201526065 447811.45036204 1539142455.58646 1734644316.52178 921445853.72703 1266870632.47426 260638130.654598 173004578.995803 0 0
52 9188.5496379606 857522.921899206 1.49911333989179 269907518.538752 316805076.970846 163814750.150274 227710503.015859 49298209.415986 29658805.8963401 45492.5201526065 447811.45036204 1544568544.92123 1741013211.53685 924739105.702671 1271448413.55468 261629197.853405 173600825.188674 0 0
53 9188.5496379606 857522.924454725 1.49911363500465 264588289.121545 310561609.23024 160586354.577268 223222875.50253 48326660.0232132 29074302.0127242 45492.5201526065 447811.45036204 1549887774.33844 1747256679.27746 927967501.275677 1275936041.06801 262600747.246178 174185329.07229 0 0
54 9188.5496379606 857522.929156136 1.49911387002749 259373680.379851 304440940.444394 157421456.345545 218823512.394638 47374219.4422238 28501294.3791 45492.5201526065 447811.45036204 1555102383.08013 1753377348.0633 931132399.5074 1280335404.1759 263553187.827167 174758336.705914 0 0
55 9188.5496379606 857522.934700963 1.49911405072117 254261844.72711 298440902.000869 154318934.100901 214510854.955075 46440550.2140627 27939579.9732937 45492.5201526065 447811.45036204 1560214218.73287 1759377386.50683 934234921.752044 1284648061.61546 264486857.055328 175320051.111721 0 0
56 9188.5496379606 857522.93949646 1.49911418928612 249250767.393601 292559129.055292 151277565.020793 210283203.400786 45525284.3440179 27388937.4021986 45492.5201526065 447811.45036204 1565225296.06638 1765259159.4524 937276290.832152 1288875713.16975 265402122.925373 175870693.682816 0 0
57 9188.5496379606 857522.940507682 1.49911429046489 244338455.915883 286793282.945377 148296139.821008 206138876.767657 44628057.9115858 26849147.7238347 45492.5201526065 447811.45036204 1570137607.5441 1771025005.56232 940257716.031937 1293020039.80288 266299349.357805 176410483.36118 0 0
58 9188.5496379606 857522.936231983 1.49911436291162 239522952.517724 281141065.723098 145373470.270015 202076223.355829 43748513.3318309 26319995.8078289 45492.5201526065 447811.45036204 1574953110.94226 1776677222.7846 943180385.58293 1297082693.21471 267178893.93756 176939635.277186 0 0
59 9188.5496379606 857522.9263235 1.49911441585916 234802360.253844 275600250.841013 142508405.056363 198093642.786157 42886304.1305011 25801273.2082209 45492.5201526065 447811.45036204 1579673703.20614 1782218037.66668 946045450.796582 1301065273.78438 268041103.13889 177458357.876794 0 0
60 9188.5496379606 857522.91248661 1.49911445584232 230174799.294831 270168631.841497 139699803.256717 194189549.119489 42041086.9595319 25292773.3598288 45492.5201526065 447811.45036204 1584301264.16515 1787649656.6662 948854052.596228 1304969367.45105 268886320.309859 177966857.725186 0 0
61 9188.5496379606 857522.899375732 1.4991144866059 225638441.285769 264844062.685332 136946555.189119 190362399.843707 41212527.8725995 24794295.3537491 45492.5201526065 447811.45036204 1588837622.17421 1792974225.82237 951607300.663826 1308796516.72683 269714879.396792 178465335.731265 0 0
62 9188.5496379606 857522.891939639 1.49911451182066 221191477.349449 259624420.195343 134247562.993202 186610668.879283 40400296.480955 24305640.421388 45492.5201526065 447811.45036204 1593284586.11053 1798193868.31235 954306292.859743 1312548247.69125 270527110.788436 178953990.663626 0 0
63 9188.5496379606 857522.897055812 1.4991145336159 216832152.010504 254507643.874986 131601761.219731 182932875.199747 39604072.1496166 23826615.6622158 45492.5201526065 447811.45036204 1597643911.44948 1803310644.63271 956952094.633214 1316226041.37079 271323335.119775 179433015.422799 0 0
64 9188.5496379606 857522.923275473 1.49911455244822 212558732.585546 249491699.979899 129008098.25259 179327557.007341 38823538.4065239 23357030.6802018 45492.5201526065 447811.45036204 1601917330.87444 1808326588.5278 959545757.600355 1319831359.56319 272103868.862867 179902600.404813 0 0
65 9188.5496379606 857522.981671936 1.499114566463 208369535.448451 244574612.346889 126465552.249949 175793293.892016 38058387.7398533 22896700.4699755 45492.5201526065 447811.45036204 1606106528.01153 1813243676.16081 962088303.602995 1323365622.67852 272869019.529538 180362930.615039 0 0
66 9188.5496379606 857523.02977243 1.49911457294031 204262912.586309 239754446.61392 123973122.984676 172328695.48921 37308319.1424819 22445443.9395271 45492.5201526065 447811.45036204 1610213150.87367 1818063841.89378 964580732.868269 1326830221.08133 273619088.126909 180814187.145487 0 0
67 9188.5496379606 857522.941471171 1.49911457404599 200237222.527242 235029276.096521 121529814.199583 168932376.952775 36573032.8019969 22003080.7156084 45492.5201526065 447811.45036204 1614238840.93274 1822789012.41118 967024041.653362 1330226539.61776 274354374.467394 181256550.369406 0 0
68 9188.5496379606 857522.89755213 1.49911457597742 196290872.564247 230397231.348197 119134659.234306 165602994.5776 35852237.8128177 21569435.7835029 45492.5201526065 447811.45036204 1618185190.89574 1827421057.1595 969419196.618639 1333555921.99294 275075169.456573 181690195.301511 0 0
69 9188.5496379606 857522.964637917 1.49911457727645 192422298.783339 225856476.718378 116786708.903807 162339228.950123 35145648.5283662 21144337.2924168 45492.5201526065 447811.45036204 1622053764.67664 1831961811.78932 971767146.949138 1336819687.62041 275781758.741025 182115293.792598 0 0
70 9188.5496379606 857522.946729593 1.49911457802713 188629968.298257 221405212.975412 114485032.854676 159139786.833669 34452984.9692317 20727616.8010398 45492.5201526065 447811.45036204 1625846095.16173 1836413075.53228 974068822.998269 1340019129.73687 276474422.300159 182532014.283975 0 0
71 9188.5496379606 857522.907849323 1.49911457870026 184912378.685102 217041676.642976 112228719.222002 156003400.691478 33773972.7199094 20319109.2154202 45492.5201526065 447811.45036204 1629563684.77488 1840776611.86472 976325136.630943 1343155515.87906 277153434.549482 182940521.869594 0 0
72 9188.5496379606 857522.924236741 1.49911457920959 181268056.879075 212764138.70511 110016873.959767 152928827.755923 33108342.7272905 19918652.6677334 45492.5201526065 447811.45036204 1633208006.58091 1845054149.80259 978536981.893178 1346230088.81461 277819064.5421 183340978.417281 0 0
