"Time" "IECs" "pheme_e" "BiomassCD" "pro_L_e" "leu_L_e" "ile_L_e" "val_L_e" "trp_L_e" "cys_L_e" "Drug" "Damage" "pro_L_v" "leu_L_v" "ile_L_v" "val_L_v" "trp_L_v" "cys_L_v" "CD" "pheme_c"
0 457000 1e+05 0.4963 224235600.199112 195370466.451958 120509812.093413 157438605.791629 18978882.6152 31300034.1459915 0 0 0 0 0 0 0 0 45700000 1000
1 336986.476898326 152212.606098015 0.594123777913808 385434148.688628 420086075.405379 227824736.198867 310747745.394039 60900338.7836187 44427992.6737638 0 120013.523101674 268446709.235571 274420633.626442 154225175.302092 207784941.93985 36326877.4305374 32957234.3432707 48532264.0530566 884.865484199673
2 243297.716116144 256728.603307391 0.697811958297735 456629268.926268 515955236.806142 274320903.708706 376811331.135782 78230152.9018794 50659911.1099623 0 213702.283883856 532327773.418926 568203028.318773 311699520.970572 423465258.302563 80081155.8156584 62701800.04743 52252901.9795838 1300.17366541071
3 170893.666124773 358129.796606348 0.803528789370279 501902489.647822 574401275.89129 303188546.255076 417579847.954992 88345492.600564 54970502.7409052 0 286106.333875228 745608364.407796 810885433.147739 440220779.241341 600258597.725035 117171796.558711 86194363.6131739 57057144.0313844 1601.19971674536
4 115884.674982505 440639.56724809 0.90713065907265 537993446.54048 619663147.144443 325776774.515219 449395106.970497 95890386.6052141 58636615.3666682 0 341115.325017495 905433999.756915 994405956.055276 536892962.117075 733509510.481712 145490747.001587 103651703.586042 63165461.1314477 1765.05865285215
5 75167.423096621 500542.719897152 1.00479459100031 569204282.075685 658445499.869119 345094281.278153 476670138.520792 102199666.390027 61954038.1156449 0 381832.576903379 1018548006.44774 1124966653.92399 605431406.358576 828114053.98035 165726415.438345 115969705.561244 70824625.5982249 1824.91346819179
6 46131.4376046998 538208.177121476 1.09354976763297 595855071.619015 691892573.894147 361489281.137546 500022363.279013 107564131.707344 64901315.1825109 0 410868.562395301 1093894868.9608 1212280243.55987 651127667.952267 891273405.890033 179289874.604616 124172246.923276 80308686.6092195 1813.73491836138
7 26447.2697613933 555722.818249938 1.17156383437852 617038346.179393 719393094.230188 374478510.083114 518878465.393966 111937956.051867 67364798.3717225 0 430552.730238607 1140630193.61623 1266646177.28414 679485998.331153 930528962.616747 187745574.662746 129267484.185894 91917621.6637985 1755.75996563268
8 13955.9360300436 556122.281436994 1.23815235116166 631887428.020448 740240332.632559 383569533.619579 532631302.716798 115235572.855297 69250233.8375567 9737.47760380151 443044.063969957 1167253669.95815 1297750395.87045 695645358.060065 952940310.200143 192586549.433495 132178720.872898 105972249.086067 1667.98278435662
9 12976.8223999759 711224.32019169 1.29357884646274 617246852.986001 723497724.559511 374688151.78723 520434782.064576 112632880.989653 67679094.3200981 6246.48777722206 444023.177600025 1185012983.83808 1318565137.53095 706425795.178147 967913598.785863 195826938.592904 134125840.024303 247468.434783942 716.816827465878
10 12970.6825586183 790826.322085924 1.33875780485187 600161412.892459 703473969.275259 364316791.23235 506030066.283457 109515640.051022 65805955.5913131 5502.21689567868 444029.317441382 1202117843.9018 1338614428.41541 716808981.143844 982335667.046331 198948178.171496 136001336.452169 12232.4591585819 162.000832456849
11 12970.3191624677 824834.033439221 1.37495908686497 583533990.663022 683984442.90829 354223426.850311 492010602.261962 106481544.836472 63982820.3669683 5356.52528245426 444029.680837533 1218746414.88423 1358105466.14696 726903045.037765 996356157.81778 201982510.050688 137824611.220636 926.083287004004 31.6171525541561
12 12970.290692305 839316.150822046 1.40357101948637 567366383.0931 665033730.749802 344409182.348455 478378779.838653 103531330.025541 62210089.8306232 5329.36690714869 444029.709307696 1234914112.49363 1377056296.71286 736717344.367414 1009988060.69934 204932743.403111 139597352.689523 75.8918415456248 5.74855337577679
13 12970.2883424371 845480.415490774 1.42594017503839 551646655.134207 646607984.958101 334866814.653542 465124585.903476 100662840.993338 60486467.0192701 5324.5178260344 444029.711657564 1250633847.89313 1395482052.27766 746259716.593123 1023242261.27928 207801233.965706 141320976.403226 6.32608075960983 1.00818417652001
14 12970.2881461733 848103.979143035 1.44328048283746 536362460.098063 628692744.440974 325588829.084294 452237614.135666 97873826.5533521 58810599.0582823 5323.67418550639 444029.711853828 1265918043.55182 1413397293.61105 755537702.541455 1036129233.60256 210590248.533515 142996844.439579 0.530032745003539 0.17368764258827
15 12970.2881297146 849220.570582364 1.45663403528713 521501736.067704 611273871.819706 316567903.690945 439707694.764974 95162085.829883 57181163.4669127 5323.52939045011 444029.711870286 1280778767.6345 1430816166.30077 764558627.966662 1048659153.01988 213301989.267703 144626280.037269 0.0445218321231918 0.0296614409984154
16 12970.2881283313 849695.791407126 1.46686524917952 507052750.580359 594337615.060496 307796916.501764 427524935.512564 92525477.930128 55596873.8204614 15060.9823117808 444029.71187167 1295227753.12625 1447752423.06573 773329615.158527 1060841912.27621 215938597.168359 146210569.684251 0.0037462844890891 0.00504365901292573
17 12970.2881283253 849898.04407301 1.47467367476999 493004095.86311 577870602.644331 299268942.641021 415679717.840132 89961921.1986029 54056479.2899751 15060.9773008632 444029.711871676 1309276407.84352 1464219435.48192 781857589.019282 1072687129.94866 218502153.899888 147750964.21474 -2.51507981228462e-08 3.30275491958502e-05
18 12970.2881283253 849984.157248927 1.4806156457639 479344670.789037 561859822.479289 290977243.376646 404162681.758092 87469389.9347791 52558762.6689054 15060.9772680746 444029.711871676 1322935832.91759 1480230215.64696 790149288.283657 1084204166.0307 220994685.163712 149248680.835809 -2.51507981228462e-08 2.3895361969658e-07
19 12970.2881283253 850020.832741675 1.48512766819729 466063667.383691 546292606.089064 282915257.929301 392964714.450127 85045911.9316231 51102538.8939807 15060.9772678596 444029.711871676 1336216836.32294 1495797432.03719 798211273.731002 1095402133.33866 223418163.166868 150704904.610734 -2.51507981228462e-08 2.40397418812913e-08
20 12970.2881283253 850036.254996405 1.48854419247124 453150724.891621 531156809.201331 275076696.995602 382077080.175623 82689596.5892931 49686671.9382038 15060.9772678283 444029.711871676 1349129778.81501 1510933228.92492 806049834.664701 1106289767.61317 225774478.509198 152120771.566511 -2.51507981228462e-08 -7.27834883612081e-09
21 12970.2881283253 850043.1051539 1.49113177616209 440595509.398657 516440319.005552 267455287.565663 371491065.825377 80398558.2058653 48310028.7176472 15060.9772678286 444029.711871676 1361684994.30797 1525649719.1207 813671244.09464 1116875781.96341 228065516.892626 153497414.787068 -2.51507981228462e-08 -6.98753334081455e-09
22 12970.2881283253 850045.866254517 1.49308816709216 428388156.688035 502131573.243046 260045041.75065 361198354.318705 78170996.788401 46971527.649351 15060.9772678286 444029.711871676 1373892347.01859 1539958464.8832 821081489.909653 1127168493.47009 230293078.31009 154835915.855364 -2.51507981228462e-08 -6.98853334081457e-09
23 12970.2881283253 850047.103790831 1.49456629627219 416519030.086518 488219276.368367 252840109.787784 351190820.429783 76005153.8654279 45670112.0998479 15060.9772678286 444029.711871676 1385761473.62011 1553870761.75788 828286421.872519 1137176027.35901 232458921.233063 156137331.404867 -2.51507981228462e-08 -6.98953334081458e-09
24 12970.2881283253 850047.666980557 1.4956828198852 404978754.933324 474692439.95176 245834800.964058 341460559.850348 73899318.776727 44404754.1645815 24798.4548716301 444029.711871676 1397301748.7733 1567397598.17449 835291730.696245 1146906287.93844 234564756.321764 157402689.340133 0 0
25 12970.2881283253 850047.803857887 1.49652726598589 393758139.701003 461540290.221665 239023535.734142 331999822.682235 71851814.2797052 43174446.0190379 24798.4548716301 444029.711871676 1408522364.00562 1580549747.90458 842102995.926161 1156367025.10655 236612260.818786 158632997.485677 0 0
26 12970.2881283253 850047.860060413 1.49716323058581 382848433.980728 448752570.460007 232401002.32554 322801230.959416 69861043.6257838 41978228.20609 24798.4548716301 444029.711871676 1419432069.7259 1593337467.66624 848725529.334763 1165565616.82937 238603031.472707 159829215.298624 0 0
27 12970.2881283253 850047.884697971 1.49764188547892 372241176.773512 436319363.178013 225962064.646599 313857650.733709 67925462.8770309 40815173.0015657 24798.4548716301 444029.711871676 1430039326.93311 1605770674.94824 855164467.013704 1174509197.05508 240538612.22146 160992270.503149 0 0
28 12970.2881283253 850047.900184912 1.49800407595759 361927686.939164 424230492.85026 219701452.973058 305161762.443404 66043487.924803 39684328.5434447 24798.4548716301 444029.711871676 1440352816.76746 1617859545.27599 861425078.687245 1183205085.34538 242420587.173688 162123114.96127 0 0
29 12970.2881283253 850047.905055357 1.49827721515811 351899947.86192 412476562.868031 213614300.967814 296706806.825021 64213655.9208968 38584815.8328955 24798.4548716301 444029.711871676 1450380555.8447 1629613475.25822 867512230.692489 1191660040.96377 244250419.177594 163222627.671819 0 0
30 12970.2881283253 850047.903096662 1.49848303881212 342150046.975242 401048298.583038 207695805.454906 288486112.34489 62434523.0037027 37515767.2797849 24798.4548716301 444029.711871676 1460130456.73138 1641041739.54321 873430726.205397 1199880735.4439 246029552.094788 164291676.22493 0 0
31 12970.2881283253 850047.90175176 1.49863794981234 332670306.400053 389936700.433928 201941305.721022 280493205.347651 60704688.1366814 36476341.0267841 24798.4548716301 444029.711871676 1469610197.30657 1652153337.69232 879185225.939281 1207873642.44114 247759386.96181 165331102.47793 0 0
32 12970.2881283253 850047.904713264 1.49875532157055 323453205.346667 379132952.990351 196346236.411033 272721744.628916 59022778.9484978 35465712.4409633 34535.9324754316 444029.711871676 1478827298.35996 1662957085.1359 884780295.24927 1215645103.15987 249441296.149993 166341731.063751 0 0
33 12970.2881283253 850047.904200602 1.49884388424255 314491401.400546 368628449.90289 190906140.44912 265165539.382507 57387455.617184 34483076.4477142 34535.9324754316 444029.711871676 1487789102.30608 1673461588.22336 890220391.211183 1223201308.40628 251076619.481307 167324367.057 0 0
34 12970.2881283253 850047.903989794 1.49891056258751 305777822.648909 358414901.888482 185616724.962507 257818626.877617 55797427.6811274 33527657.632167 34535.9324754316 444029.711871676 1496502681.05772 1683675136.23777 895509806.697796 1230548220.91117 252666647.417363 168279785.872547 0 0
35 12970.2881283253 850047.903912409 1.49896017517347 297306208.062903 348484970.134841 180474189.310389 250675728.085679 54251552.6464039 32598769.4905394 34535.9324754316 444029.711871676 1504974295.64372 1693605067.99141 900652342.349914 1237691119.70311 254212522.452087 169208674.014175 0 0
36 12970.2881283253 850047.903812255 1.49899797765679 289069020.895191 338829820.506994 175473958.450843 243730488.347505 52748455.2297739 31695585.6401912 34535.9324754316 444029.711871676 1513211482.81144 1703260217.61926 905652573.20946 1244636359.44128 255715619.868717 170111857.864523 0 0
37 12970.2881283253 850047.903701222 1.49902673987063 281059928.432774 329442030.168684 170612188.228538 236977568.193557 51286979.8566031 30817411.71738 34535.9324754316 444029.711871676 1521220575.27385 1712648007.95757 910514343.431765 1251389279.59523 257177095.241888 170990031.787334 0 0
38 12970.2881283253 850047.903648172 1.49904846314244 273272764.996296 320314372.070734 165885135.882801 230411768.989834 49866001.4320595 29963571.6731209 34535.9324754316 444029.711871676 1529007738.71033 1721775666.05552 915241395.777502 1257955078.79895 258598073.666431 171843871.831593 0 0
39 12970.2881283253 850047.903722213 1.49906475556172 265701349.977444 311439601.665117 161289049.590615 224027879.514886 48484392.1371198 29133387.8215126 34535.9324754316 444029.711871676 1536579153.72918 1730650436.46113 919837482.069688 1264338968.2739 259979682.961371 172674055.683202 0 0
40 12970.2881283253 850047.90385333 1.49907700688244 258339714.846775 302810722.990266 156820306.267484 217820867.362987 47141062.8522816 28326205.7304902 44273.4100792331 444029.711871676 1543940788.85985 1739279315.13598 924306225.392819 1270545980.4258 261323012.246209 173481237.774224 0 0
41 12970.2881283253 850047.903837827 1.49908627047674 251182015.703896 294420886.16751 152475358.482655 211785805.210233 45834947.1999813 27541384.633206 44273.4100792331 444029.711871676 1551098488.00273 1747669151.95874 928651173.177648 1276581042.57855 262629127.898509 174266058.871508 0 0
42 12970.2881283253 850047.903831448 1.49909324497357 244222541.206602 286263396.695138 148250739.27235 205917877.500045 44565002.9914789 26778298.2974353 44273.4100792331 444029.711871676 1558057962.50002 1755826641.43111 932875792.387953 1282448970.28874 263899072.107012 175029145.207279 0 0
43 12970.2881283253 850047.903829112 1.49909843155064 237456331.732969 278332441.194046 144143437.990569 200212902.493858 43330325.2097162 26036402.9149178 44273.4100792331 444029.711871676 1564824171.97366 1763757596.9322 936983093.669734 1288153945.29493 265133749.888774 175771040.589796 0 0
44 12970.2881283253 850047.903826006 1.49910238183953 230877368.618941 270620964.937804 140149801.119536 194665805.514608 42129815.5867757 25315038.5564729 44273.4100792331 444029.711871676 1571403135.08768 1771469073.18844 940976730.540768 1293701042.27418 266334259.511715 176492404.948241 0 0
45 12970.2881283253 850047.903822452 1.49910539089641 224480561.799122 263123001.649089 136266738.829973 189272294.839438 40962545.3026623 24613647.1110892 44273.4100792331 444029.711871676 1577799941.9075 1778967036.47716 944859792.83033 1299094552.94935 267501529.795828 177193796.393625 0 0
46 12970.2881283253 850047.903820625 1.49910766531516 218261008.945716 255832805.105623 132491275.255213 184028237.037709 39827619.7951793 23931691.0526422 44273.4100792331 444029.711871676 1584019494.76091 1786257233.02062 948635256.40509 1304338610.75108 268636455.303311 177875752.452072 0 0
47 12970.2881283253 850047.903822901 1.49910937022499 212213773.972424 248744589.515385 128820414.036118 178929470.215072 38724138.3419791 23268629.1534849 44273.4100792331 444029.711871676 1590066729.7342 1793345448.61086 952306117.624185 1309437377.57371 269739936.756512 178538814.351229 0 0
48 12970.2881283253 850047.903827019 1.49911064694904 206334104.41888 241852784.321946 125251270.280249 173971987.30262 37651233.7282278 22623940.3200247 54010.8876830346 444029.711871676 1595946399.28774 1800237253.8043 955875261.380055 1314394860.48617 270812841.370263 179183503.18469 0 0
49 12970.2881283253 850047.903826726 1.49911161678751 200617318.285653 235151901.55907 121781001.867163 169151840.641056 36608051.5965941 21997111.1845081 54010.8876830346 444029.711871676 1601663185.42097 1806938136.56718 959345529.793141 1319215007.14773 271856023.501897 179810332.320207 0 0
50 12970.2881283253 850047.903826606 1.49911234701932 195058833.538492 228636570.433863 118406827.358416 164465166.857396 35593755.8310949 21387639.3400755 54010.8876830346 444029.711871676 1607221670.16813 1813453467.69238 962719704.301888 1323901680.93139 272870319.267396 180419804.164639 0 0
51 12970.2881283253 850047.903826562 1.49911289005641 189654708.745877 222302171.030535 115126354.181506 159908642.707156 34607627.2110282 20795092.6201116 54010.8876830346 444029.711871676 1612625794.96074 1819787867.09571 966000177.478799 1328458205.08163 273856447.887463 181012350.884603 0 0
52 12970.2881283253 850047.903826504 1.49911330360103 184400138.131308 216143070.298598 111936665.079427 155478216.167573 33648788.7925912 20218944.0850636 54010.8876830346 444029.711871676 1617880365.57531 1825946967.82765 969189866.580877 1332888631.62122 274815286.3059 181588499.419651 0 0
53 12970.2881283253 850047.903826437 1.49911361862715 179291053.279963 210154499.479852 108835290.396832 151170456.927337 32716498.1835467 19658747.6449632 54010.8876830346 444029.711871676 1622989450.42666 1831935538.64639 972291241.263472 1337196390.86145 275747576.914944 182148695.859751 0 0
54 12970.2881283253 850047.903826402 1.49911385675436 174323539.879616 204331870.44616 105819854.023481 146982064.60778 31810041.111841 19114074.1067476 54010.8876830346 444029.711871676 1627956963.827 1837758167.68009 975306677.636823 1341384783.18101 276654033.98665 182693369.397967 0 0
55 12970.2881283253 850047.903826444 1.49911403525372 169493655.643885 198670562.279707 102887962.867942 142909715.243635 30928698.2007796 18584491.2100687 54010.8876830346 444029.711871676 1632786848.06274 1843419475.84654 978238568.792362 1345457132.54516 277535376.897711 183222952.294646 0 0
56 12970.2881283253 850047.903826521 1.49911416891353 164797604.915089 193166125.932283 100037312.847002 138950208.50061 30071776.8300372 18069582.7719929 54010.8876830346 444029.711871676 1637482898.79153 1848923912.19396 981089218.813302 1349416639.28818 278392298.268454 183737860.732722 0 0
57 12970.2881283253 850047.903826578 1.49911427052144 160231644.348607 187814173.673988 97265631.6331182 135100388.152522 29238593.9252205 17568938.3455632 54010.8876830346 444029.711871676 1642048859.35801 1854275864.45226 983860900.027186 1353266459.63627 279225481.17327 184238505.159151 0 0
58 12970.2881283253 850047.903826536 1.49911434748045 155792190.999568 182610505.78614 94570744.2664215 131357233.215316 28428495.681205 17082165.0711931 54010.8876830346 444029.711871676 1646488312.70705 1859479532.34011 986555787.393883 1357009614.57347 280035579.417286 184725278.433522 0 0
59 12970.2881283253 850047.903826338 1.49911440699823 151475731.202343 177551003.755137 91950517.8417175 127717781.118194 27640840.9347368 16608877.6855657 54010.8876830346 444029.711871676 1650804772.50428 1864539034.37111 989176013.818587 1360649066.6706 280823234.163754 185198565.819149 0 0
60 12970.2881283253 850047.903825905 1.49911445233042 147278858.286644 172631674.481065 89402884.403336 124179159.5042 26875008.046753 16148702.6570947 54010.8876830346 444029.711871676 1655001645.41998 1869458363.64518 991723647.256968 1364187688.28459 281589067.051738 185658740.84762 0 0
61 12970.2881283253 850047.903825163 1.49911448535801 143198265.667325 167848642.177969 86925836.7504268 120738580.403839 26130393.6414303 15701277.4282416 54010.8876830346 444029.711871676 1659082238.03929 1874241395.94828 994200694.909878 1367628267.38495 282333681.457061 186106166.076473 0 0
62 12970.2881283253 850047.903824084 1.49911450968276 139230713.028578 163198108.736939 84517407.9097053 117393311.723053 25406406.4355767 15266246.7077101 54010.8876830346 444029.711871676 1663049790.67804 1878891929.38931 996609123.750599 1370973536.06574 283057668.662914 186541196.797005 0 0
63 12970.2881283253 850047.903822615 1.49911452447384 135373098.455411 158676438.27442 82175714.9215221 114140738.061362 24702480.40097 14843270.3794546 54010.8876830346 444029.711871676 1666907405.25121 1883413599.85183 998950816.738782 1374226109.72743 283761594.697521 186964173.12526 0 0
64 12970.2881283253 850047.9038208 1.49911453146836 131622382.64643 154280068.298854 79898912.8346436 110978296.811363 24018060.9349305 14432015.1928302 54010.8876830346 444029.711871676 1670658121.06019 1887809969.82739 1001227618.82566 1377388550.97743 284446014.16356 187375428.311884 0 0
65 12970.2881283253 850047.903818785 1.49911453554915 127975582.835048 150005502.585486 77685191.0162378 107903473.033357 23352603.7510825 14032154.0960709 54010.8876830346 444029.711871676 1674304920.87157 1892084535.54076 1003441340.64407 1380463374.75543 285111471.347408 187775289.408644 0 0
66 12970.2881283253 850047.903816725 1.49911453961991 124429825.55191 145849373.021389 75532805.1803171 104913843.942336 22705584.5072836 13643372.0215372 54010.8876830346 444029.711871676 1677850678.15471 1896240665.10486 1005593726.47999 1383453003.84645 285758490.591207 188164071.483177 0 0
67 12970.2881283253 850047.903814949 1.4991145449145 120982308.515607 141808394.93599 73440054.2542121 102007046.775894 22076491.8515569 13265361.7071433 54010.8876830346 444029.711871676 1681298195.19101 1900281643.19026 1007686477.40609 1386359801.0129 286387583.246934 188542081.797571 0 0
68 12970.2881283253 850047.903813903 1.49911455172393 117630307.209198 137879374.80968 71405284.3707202 99180784.3392533 21464828.6221534 12897824.4174527 54010.8876830346 444029.711871676 1684650196.49742 1904210663.31657 1009721247.28958 1389186063.44954 286999246.476337 188909619.087262 0 0
69 12970.2881283253 850047.903814104 1.49911456028699 114371183.306349 134059220.150448 69426893.9830416 96432832.1098288 20870113.3851302 12540470.8675813 54010.8876830346 444029.711871676 1687909320.40027 1908030817.9758 1011699637.67726 1391934015.67896 287593961.713361 189266972.637133 0 0
70 12970.2881283253 850047.903816064 1.49911456893919 111202353.702476 130344903.193991 67503315.0657097 93761012.1256252 20291874.7832454 12193017.8275506 54010.8876830346 444029.711871676 1691078150.00414 1911745134.93226 1013623216.59459 1394605835.66317 288172200.315246 189614425.677164 0 0
71 12970.2881283253 850047.903820409 1.49911457568657 108121320.869565 126733496.483862 65633031.5409182 91163218.5791063 19729657.0750144 11855191.4506066 54010.8876830346 444029.711871676 1694159182.83705 1915356541.64239 1015493500.11939 1397203629.20968 288734418.023476 189952252.054108 0 0
72 12970.2881283253 850047.90382871 1.49911457800023 105125654.82561 123222151.737099 63814568.3334058 88637402.6146074 19183016.8445478 11526725.2962206 54010.8876830346 444029.711871676 1697154848.88101 1918867886.38915 1017311963.3269 1399729445.17418 289281058.253943 190280718.208494 0 0
