"Time" "IECs" "pheme_e" "BiomassCD" "pro_L_e" "leu_L_e" "ile_L_e" "val_L_e" "trp_L_e" "cys_L_e" "Drug" "Damage" "pro_L_v" "leu_L_v" "ile_L_v" "val_L_v" "trp_L_v" "cys_L_v" "CD" "pheme_c"
0 457000 1e+05 0.4963 224235600.199112 195370466.451958 120509812.093413 157438605.791629 18978882.6152 31300034.1459915 0 0 0 0 0 0 0 0 45700000 1000
1 348811.578091018 145738.099094358 0.594123777909977 353973288.560648 383929820.834652 208768697.578491 284493478.751295 55301108.7128609 41011254.1859637 0 108188.421908982 257560105.38476 261396292.336763 147503934.391767 198455142.564061 34216179.2682753 31833133.973077 48532264.0531055 848.120543061644
2 261296.26464903 240781.420955051 0.697812004529099 413727194.007713 466764247.790752 248373402.552212 341068986.525329 70640921.0150217 45978931.4730967 0 195703.73535097 510817666.422416 542538053.985891 298438580.464595 405065139.834296 75935465.3386592 60471337.0476673 52252899.7483221 1219.61017875177
3 191024.75303079 335564.484087055 0.803529048135479 453587816.207759 518969455.439495 273976987.976096 377320881.331869 79800661.5956362 49687528.9034627 0 265975.24696921 721953145.22271 782592063.157405 425623123.186124 579992119.564652 112591431.957533 83747000.0787052 57057131.0770225 1500.22047572029
4 135359.424255893 415377.415973487 0.907130884749358 487069794.324837 561130179.892202 294990435.485754 406925838.977003 86869686.4130925 53055810.1812918 0 321640.575744107 886852360.520497 971943441.079496 525369842.838144 717477767.364363 141814376.421286 101754205.050437 63165448.6023138 1663.68667188009
5 92209.5026884536 476063.322052395 1.00479481962998 517665573.448434 599046058.014714 313941305.037533 433634974.475801 93049546.8551402 56286239.6680787 0 364790.497311546 1009442737.26564 1113488086.75596 599668266.64207 820033358.464345 163765812.80948 115093345.445546 70824613.9159805 1735.47754190031
6 59806.4134730435 517003.711495194 1.09354997633571 545451747.250842 633586487.637372 331033648.114955 457866056.063544 98590951.1259497 59328591.2427502 0 397193.586526956 1095897038.39427 1213712105.1802 652118709.875181 892526239.406042 179347990.536025 124493780.129592 80308675.6362197 1742.11551009979
7 36516.1734870905 539133.984393876 1.17156396165091 569248498.733227 663827457.759953 345619206.07408 478818685.306603 103399649.916094 62039654.4520037 0 420483.826512909 1153150692.01938 1280335243.1592 686873163.259448 940631332.274997 189720338.344943 130726169.074945 91917608.898061 1703.22773832958
8 20715.416632812 544406.720481823 1.23815240184453 587680069.464447 688481151.510424 356895319.947469 495461464.769563 107298740.246332 64271779.0098392 9737.47760380151 436284.583367188 1188290900.58164 1321396897.16567 708211098.319386 970219332.043066 196118000.467566 134561535.149152 105972232.802086 1632.76023246952
9 20227.7011377349 707648.107244771 1.29357888818022 564007017.298648 660879344.015911 342521154.215665 475550000.051313 102998604.862496 61693077.5928268 7491.54876327278 436772.298862265 1213578113.09975 1351027113.40421 723568004.070001 991540488.480179 200735891.678493 137327519.316274 3.99410154413402 157.447261749568
10 20227.7011036096 781367.427614629 1.33875783853441 539826280.432609 632545388.901094 327836205.895843 455161690.928688 98582733.9877049 59048103.2759114 7347.211864035 436772.29889639 1237758850.07861 1379361068.66095 738252952.458512 1011928797.70139 205151762.575517 139972493.646294 7.05958921592209e-06 13.1112783086547
11 20227.7011036096 812667.663413628 1.37495911364854 516682246.941818 605426198.532222 313780846.970622 435647492.008738 94356185.2261353 56516527.2313176 7335.21204180599 436772.29889639 1260902883.56941 1406480259.02983 752308311.383733 1031442996.62134 209378311.337086 142504069.690888 1.36277297239582e-08 1.11145608167291
12 20227.7011036096 825957.324191554 1.40357104052595 494530470.229993 579469692.295062 300328085.046477 416969927.557543 90310841.770113 54093487.7342843 7334.19494532947 436772.29889639 1283054660.28123 1432436765.26698 765761073.307878 1050120561.07253 213423654.793109 144927109.187921 1.63260740615715e-08 0.0943596052023554
13 20227.7011036096 831599.93606345 1.42594019140869 473328409.159444 554626022.300657 287452084.913674 399093128.45041 86438934.783973 51774331.485069 7334.10859762883 436772.29889639 1304256721.35178 1457280435.26139 778637073.440681 1067997360.17967 217295561.779249 147246265.437137 1.96869237112943e-08 0.00801190463125489
14 20227.7011036096 833995.713013415 1.44328049549268 453035346.463517 530847477.79426 275128118.998366 381982763.383712 82733028.5062254 49554604.6853783 7334.10126604254 436772.29889639 1324549784.04771 1481058979.76779 790961039.355989 1085107725.24636 221001468.056996 149465992.236827 2.38050845111522e-08 0.00068031842502293
15 20227.7011036096 835012.930173497 1.456634045133 433612310.551101 508088393.529201 263332519.87451 365605972.943314 79186005.9695439 47430044.485069 7334.10064343149 436772.29889639 1343972819.96012 1503818064.03285 802756638.479845 1101484515.68676 224548490.593678 151590552.437137 2.8845539379994e-08 5.77074728661837e-05
16 20227.7011036096 835444.798433628 1.46686523254909 415022000.930873 486305062.382197 252042634.974056 349931306.725045 75791055.3817894 45396570.8247895 17071.578194477 436772.29889639 1362563129.58035 1525601395.17985 814046523.380299 1117159181.90503 227943441.181432 153624026.097416 3.50109641219794e-08 4.95159733504844e-06
17 20227.7011036096 835628.320148477 1.4746742032324 397228796.424922 465455744.977728 241236831.575072 334928730.260116 72541671.6259758 43450287.334414 17071.5781895494 436772.29889639 1380356334.0863 1546450712.58432 824852326.779283 1132161758.36996 231192824.937246 155570309.587792 -6.41453408672435e-08 2.3996385427712e-08
18 20227.7011036096 835705.865045271 1.48061506545606 380198376.234983 445500225.669625 230894266.675476 320569305.51209 69431587.0596257 41587439.8839308 17071.5781895246 436772.29889639 1397386754.27624 1566406231.89242 835194891.678879 1146521183.11799 234302909.503596 157433157.038275 -6.41453408672435e-08 -7.7658766463904e-10
19 20227.7011036096 835739.156791892 1.48512563629339 363898096.881329 426400254.221977 220995115.907822 306825508.697912 66454840.3511129 39804457.8143484 17071.5781895119 436772.29889639 1413687033.62989 1585506203.34007 845094042.446533 1160264979.93216 237279656.212108 159216139.107857 -6.41453408672435e-08 -1.34813468451013e-08
20 20227.7011036096 835753.174003983 1.48854413669871 348296662.682482 408119159.691314 211520373.421804 293670952.448503 63605716.3028745 38097917.8936027 17071.578189512 436772.29889639 1429288467.82874 1603787297.87073 854568784.93255 1173419536.18157 240128780.260347 160922679.028603 -6.41453408672435e-08 -1.33626951811818e-08
21 20227.7011036096 835759.190286357 1.49113165738646 333364113.106645 390621835.605567 202451844.202792 281080375.143954 60878743.5415387 36464542.9330134 17071.578189512 436772.29889639 1444221017.40458 1621284621.95648 863637314.151563 1186010113.48612 242855753.021683 162556053.989192 -6.41453408672435e-08 -1.33636951811819e-08
22 20227.7011036096 835761.70573413 1.49308828627982 319071770.054457 373874678.192242 193772112.056672 269029596.464276 58268684.8907339 34901196.0208845 17071.578189512 436772.29889639 1458513360.45677 1638031779.36981 872317046.297683 1198060892.1658 245465811.672488 164119400.901321 -6.41453408672435e-08 -1.3364695181182e-08
23 20227.7011036096 835762.791062786 1.49456750500395 305392166.855331 357845503.179368 185464496.489368 257495457.52173 55770524.4044456 33404872.7558739 17071.578189512 436772.29889639 1472192963.65589 1654060954.38268 880624661.864987 1209595031.10835 247963972.158776 165615724.166332 -6.41453408672435e-08 -1.3365695181182e-08
24 20227.7011036096 835763.266233846 1.49568480030905 292299042.54444 342503539.089502 177513049.231251 246455816.035382 53379466.3218822 31972700.6209895 26809.0557933135 436772.29889639 1485286087.96678 1669402918.47254 888576109.123104 1220634672.59469 250355030.241339 167047896.301216 0 0
25 20227.7011036096 835763.408095156 1.49652809377 279767171.086114 327819227.131009 169902450.524608 235889402.338551 51090903.8803608 30601920.3034424 26809.0557933135 436772.29889639 1497817959.42511 1684087230.43103 896186707.829746 1231201086.29152 252643592.68286 168418676.618763 0 0
26 20227.7011036096 835763.465730305 1.49716270648196 267772992.831439 313764961.11311 162618392.607495 225776351.800657 48900534.631694 29289954.7657065 26809.0557933135 436772.29889639 1509812137.67978 1698141496.44893 903470765.74686 1241314136.82942 254833961.931527 169730642.156499 0 0
27 20227.7011036096 835763.494387548 1.49764232238499 256292780.568227 300312938.501538 155646465.95688 216096658.507926 46804025.5273954 28034208.6415936 26809.0557933135 436772.29889639 1521292349.94299 1711593519.0605 910442692.397475 1250993830.12215 256930471.035826 170986388.280612 0 0
28 20227.7011036096 835763.509847953 1.49800442073712 245304743.868627 287437626.203222 148973437.257806 206831949.571991 44797397.2133094 26832298.4172201 26809.0557933135 436772.29889639 1532280386.64259 1724468831.35882 917115721.096549 1260258539.05808 258937099.349912 172188298.504986 0 0
29 20227.7011036096 835763.51207745 1.49827740068509 234787798.045637 275114318.082092 142586501.791349 197964447.15925 42876799.2172282 25681917.7751265 26809.0557933135 436772.29889639 1542797332.46558 1736792139.47995 923502656.563006 1269126041.47082 260857697.345993 173338679.147079 0 0
30 20227.7011036096 835763.509995004 1.49848299737125 224721803.585403 263319415.515618 136473428.841719 189477170.371378 41038553.6738661 24580863.7842272 26809.0557933135 436772.29889639 1552863326.92582 1748587042.04643 929615729.512636 1277613318.25869 262695942.889355 174439733.137978 0 0
31 20227.7011036096 835763.511113481 1.4986383712965 215087345.994453 252030169.429201 130622427.997614 181353749.620607 39279115.1207017 23527012.8187241 26809.0557933135 436772.29889639 1562497784.51677 1759876288.13284 935466730.356741 1285736739.00946 264455381.442519 175493584.103481 0 0
32 20227.7011036096 835763.515084193 1.49875560489136 205865950.249978 241224931.579859 125022279.387749 173578607.446324 37595109.6607518 22518344.0154353 36546.533397115 436772.29889639 1571719180.26124 1770681525.98218 941066878.966606 1293511881.18375 266139386.902469 176502252.90677 0 0
33 20227.7011036096 835763.513284839 1.49884400276593 197039792.204195 230882816.392177 119662158.416892 166136715.18183 35983282.259419 21552907.7061855 36546.533397115 436772.29889639 1580545338.30702 1781023641.16986 946426999.937463 1300953773.44824 267751214.303802 177467689.21602 0 0
34 20227.7011036096 835763.512562774 1.49891042209671 188592360.853831 220984476.977413 114532037.961753 159014151.35564 34440617.6877257 20628897.8591793 36546.533397115 436772.29889639 1588992769.65739 1790921980.58463 951557120.392602 1308076337.27443 269293878.875495 178391699.063026 0 0
35 20227.7011036096 835763.512192642 1.49896061997391 180506879.506946 211510255.124191 109621729.54646 152196770.477348 32964052.1967983 19744479.3806574 36546.533397115 436772.29889639 1597078251.00427 1800396202.43785 956467428.807894 1314893718.15272 270770444.366422 179276117.541548 0 0
36 20227.7011036096 835763.512006942 1.49899851228458 172768004.242267 202442171.480634 104921914.815988 145671635.116145 31550783.6894361 18897973.8983716 36546.533397115 436772.29889639 1604817126.26895 1809464286.0814 961167243.538367 1321418853.51393 272183712.873785 180122623.023834 0 0
37 20227.7011036096 835763.511986458 1.49902706634564 165360920.825507 193762867.359458 100423597.093926 139426254.453832 30198106.799541 18087760.979105 36546.533397115 436772.29889639 1612224209.68571 1818143590.20258 965665561.260429 1327664234.17624 273536389.76368 180932835.9431 0 0
38 20227.7011036096 835763.511984666 1.49904859853561 158271400.385922 185455669.977394 96118135.1948279 133448631.229248 28903423.0597352 17312284.2187706 36546.533397115 436772.29889639 1619313730.12529 1826450787.58464 969971023.159527 1333641857.40083 274831073.503486 181708312.703435 0 0
39 20227.7011036096 835763.511933481 1.49906487906311 151485811.233696 177504606.302283 91997250.6008967 127727271.702254 27664243.0594437 16570052.535038 36546.533397115 436772.29889639 1626099319.27752 1834401851.25976 974091907.753458 1339363216.92782 276070253.503777 182450544.387167 0 0
40 20227.7011036096 835763.511847812 1.49907717397126 144991128.517707 169894414.369645 88053033.3271455 122251193.79681 26478188.208591 15859641.2237349 46284.0110009165 436772.29889639 1632594001.99351 1842012043.19239 978036125.027209 1344839294.83326 277256308.35463 183160955.69847 0 0
41 20227.7011036096 835763.511916658 1.49908638675208 138774889.436576 162610490.800891 84277914.7210891 117009889.336573 25342982.5582696 15179687.0596727 46284.0110009165 436772.29889639 1638810241.07464 1849295966.76114 981811243.633266 1350080599.2935 278391514.004951 183840909.862532 0 0
42 20227.7011036096 835763.511944294 1.49909330851278 132825372.19872 155639100.501074 80664776.1450869 111993474.937441 24256485.4823124 14528907.8719287 46284.0110009165 436772.29889639 1644759758.3125 1856267357.06096 985424382.209268 1355097013.69263 279478011.080909 184491689.050276 0 0
43 20227.7011036096 835763.511958444 1.49909853929154 127130778.092546 148966418.24367 77206452.2480202 107192002.359186 23216542.3074692 13906013.0757987 46284.0110009165 436772.29889639 1650454352.41867 1862940039.31837 988882706.106334 1359898486.27088 280517954.255752 185114583.846406 0 0
44 20227.7011036096 835763.511965553 1.49910248764154 121680297.519385 142579777.802443 73896378.3665075 102596357.345264 22221178.9916661 13309820.2792393 46284.0110009165 436772.29889639 1655904832.99183 1869326679.75959 992192779.987847 1364494131.28481 281513317.571555 185710776.642966 0 0
45 20227.7011036096 835763.511966343 1.49910546282941 116463497.599142 136466954.373904 70728218.6181535 98197743.2743979 21268490.288937 12739188.2970145 46284.0110009165 436772.29889639 1661121632.91208 1875439503.18813 995360939.736201 1368892745.35567 282466006.274284 186281408.62519 0 0
46 20227.7011036096 835763.511966409 1.49910770630791 111470356.887986 130616205.258013 67695886.9855819 93987710.4332529 20356646.0895465 12193020.9482386 46284.0110009165 436772.29889639 1666114773.62323 1881290252.30402 998393271.368773 1373102778.19682 283377850.473675 186827575.973966 0 0
47 20227.7011036096 835763.511968359 1.49910940255654 106691274.639991 125016280.710572 64793552.9410235 89958163.8255155 19483893.1113441 11670268.0694466 46284.0110009165 436772.29889639 1670893855.87123 1886890176.85146 1001295605.41333 1377132324.80455 284250603.451877 187350328.852758 0 0
48 20227.7011036096 835763.51197163 1.49911068354936 102117077.418474 119656431.690113 62015645.4613808 86101368.7463309 18648556.1071236 11169926.2377669 56021.488604718 436772.29889639 1675468053.09274 1892250025.87192 1004073512.89297 1380989119.88374 285085940.456097 187850670.684438 0 0
49 20227.7011036096 835763.511969005 1.49911164338685 97738993.7721349 114526380.184477 59356837.6490597 82409929.4301531 17849033.2399948 10691036.0009069 56021.488604718 436772.29889639 1679846136.73908 1897380077.37756 1006732320.70529 1384680559.19992 285885463.323226 188329560.921298 0 0
50 20227.7011036096 835763.511967952 1.49911236454308 93548755.0135512 109616437.298753 56812107.9346951 78876874.0234704 17083814.4874891 10232692.9006612 56021.488604718 436772.29889639 1684036375.49766 1902290020.26328 1009277050.41966 1388213614.6066 286650682.075732 188787904.021544 0 0
51 20227.7011036096 835763.511967412 1.49911290950739 89538059.3074976 104916875.296851 54376414.6182792 75495202.723761 16351383.7737071 9793988.85300072 56021.488604718 436772.29889639 1688047071.20372 1906989582.26518 1011712743.73607 1391595285.90631 287383112.789514 189226608.069204 0 0
52 20227.7011036096 835763.511967141 1.49911332086389 85699292.1568812 100418771.836157 52045133.4198775 72258495.2667698 15650350.5440046 9374090.95736637 56021.488604718 436772.29889639 1691885838.35433 1911487685.72588 1014044024.93447 1394831993.3633 288084146.019216 189646505.964839 0 0
53 20227.7011036096 835763.511967111 1.49911363083158 82025106.0428189 96113517.4077283 49813802.1952767 69160556.4944613 14979372.9991292 8972195.51621777 56021.488604718 436772.29889639 1695560024.46839 1915792940.1543 1016275356.15907 1397929932.13561 288755123.564092 190048401.405987 0 0
54 20227.7011036096 835763.511967108 1.49911386456544 78508442.8440331 91992841.6063807 47678134.5512717 66195435.2582308 14337162.189436 8587530.48734572 56021.488604718 436772.29889639 1699076687.66718 1919913615.95565 1018411023.80308 1400895053.37184 289397334.373785 190433066.434859 0 0
55 20227.7011036096 835763.511967034 1.49911404128468 75142540.7821706 88048821.2689165 45634024.0635539 63357430.2749426 13722483.283238 8219356.2435757 56021.488604718 436772.29889639 1702442589.72904 1923857636.29312 1020455134.2908 1403733058.35513 290012013.279983 190801240.678629 0 0
56 20227.7011036096 835763.51196691 1.4991141747426 71920938.9945049 84273885.8322231 43677547.0537107 60641093.982464 13134156.4018693 7866966.07294618 56021.488604718 436772.29889639 1705664191.51671 1927632571.72981 1022411611.30064 1406449394.64761 290600340.161351 191153630.849259 0 0
57 20227.7011036096 835763.511966846 1.49911427538456 68837444.3609721 80660778.4626089 41804942.4433025 58041204.569441 12571050.56166 7529682.55013278 56021.488604718 436772.29889639 1708747686.15024 1931245679.09943 1024284215.91105 1409049284.06063 291163446.001561 191490914.372072 0 0
58 20227.7011036096 835763.511967033 1.49911435015075 65886159.5292285 77202588.8943702 40012628.7734653 55552789.6049971 12032088.7918541 7206860.60192794 56021.488604718 436772.29889639 1711698970.98199 1934703868.66766 1026076529.58089 1411537699.02507 291702407.771367 191813736.320277 0 0
59 20227.7011036096 835763.511967449 1.49911440587231 63061411.3900437 73892669.6203096 38297160.7680551 53171065.7318121 11516235.072831 6897879.68362704 56021.488604718 436772.29889639 1714523719.12117 1938013787.94172 1027791997.5863 1413919422.89826 292218261.49039 192122717.238578 0 0
60 20227.7011036096 835763.511967938 1.49911444813382 60357770.824351 70724659.0304874 36655241.3260219 50891455.3161097 11022497.9423 6602145.93903049 56021.488604718 436772.29889639 1717227359.68686 1941181798.53155 1029433917.02833 1416199033.31396 292711998.620921 192418450.983174 0 0
61 20227.7011036096 835763.511968117 1.49911448052962 57770041.3534936 67692468.1130637 35083714.6287094 48709576.8779618 10549928.4226144 6319090.95896753 56021.488604718 436772.29889639 1719815089.15772 1944213989.44897 1031005443.72564 1418380911.75211 293184568.140606 192701505.963237 0 0
62 20227.7011036096 835763.511967599 1.49911450529621 55293258.2310282 64790279.3901137 33579565.5883085 46621244.3255311 10097619.8549182 6048171.68195463 56021.488604718 436772.29889639 1722291872.28019 1947116178.17192 1032509592.76604 1420469244.30454 293636876.708302 192972425.24025 0 0
63 20227.7011036096 835763.511966534 1.49911452404947 52922660.4948354 62012514.1694831 32139902.8751188 44622443.3904368 9664702.79531959 5788867.33715656 56021.488604718 436772.29889639 1724662470.01638 1949893943.39255 1033949255.47923 1422468045.23963 294069793.767901 193231729.585048 0 0
64 20227.7011036096 835763.511965194 1.49911453784966 50653692.7414106 59353834.6238263 30761959.9950747 42709333.1237712 9250345.33891101 5540679.63846473 56021.488604718 436772.29889639 1726931437.7698 1952552622.93821 1035327198.35928 1424381155.5063 294484151.22431 193479917.28374 0 0
65 20227.7011036096 835763.511964139 1.49911454779919 48481986.1055017 56809121.5033586 29443083.7386896 40878229.8588297 8853749.64628267 5303130.70398275 56021.488604718 436772.29889639 1729103144.40571 1955097336.05868 1036646074.61566 1426212258.77124 294880746.916938 193717466.218222 0 0
66 20227.7011036096 835763.511964306 1.49911455416901 46403382.0851192 54373502.0529855 28180748.649972 39125627.2994837 8474156.29443081 5075765.66209019 56021.488604718 436772.29889639 1731181748.4261 1957532955.50905 1037908409.70438 1427964861.33059 295260340.26879 193944831.260115 0 0
67 20227.7011036096 835763.511967239 1.49911455721529 44413906.522806 52042319.5246652 26972541.2252638 37448174.5821426 8110839.52523352 4858149.80542194 56021.488604718 436772.29889639 1733171223.98841 1959864138.03737 1039116617.12909 1429642314.04793 295623657.037987 194162447.116783 0 0
68 20227.7011036096 835763.51197626 1.49911455742916 42509753.4154068 49811114.206388 25816150.0809233 35842662.6247471 7763104.28880123 4649866.81992381 56021.488604718 436772.29889639 1735075377.09581 1962095343.35564 1040273008.27343 1431247826.00532 295971392.274419 194370730.102281 0 0
69 20227.7011036096 835763.51199855 1.49911455569732 40687265.0190125 47675600.1099991 24709353.871068 34306007.3519879 7430282.61025412 4450516.60866103 56021.488604718 436772.29889639 1736897865.4922 1964230857.45203 1041379804.48328 1432784481.27808 296304213.952967 194570080.313544 0 0
70 20227.7011036096 835763.512042444 1.49911455391437 38942931.9558521 45631665.0964507 23650021.3524902 32835249.785434 7111733.60924274 4259715.30351053 56021.488604718 436772.29889639 1738642198.55536 1966274792.46558 1042439137.00186 1434255238.84464 296622762.953978 194760881.618694 0 0
71 20227.7011036096 835763.512118821 1.49911455520826 37273376.1878648 43675350.9249597 22636101.0445165 31427541.6874736 6806840.39059241 4077093.40275015 56021.488604718 436772.29889639 1740311754.32335 1968231106.63707 1043453057.30983 1435662946.9426 296927656.172628 194943503.519455 0 0
72 20227.7011036096 835763.512168516 1.49911456214061 35675353.0633999 41802855.6512439 21665622.4719681 30080147.2870163 6515010.41807037 3902295.99493392 56021.488604718 436772.29889639 1741909777.44781 1970103601.91079 1044423535.88238 1437010341.34305 297219486.14515 195118300.927271 0 0
