"Time" "IECs" "pheme_e" "BiomassCD" "pro_L_e" "leu_L_e" "ile_L_e" "val_L_e" "trp_L_e" "cys_L_e" "Drug" "Damage" "pro_L_v" "leu_L_v" "ile_L_v" "val_L_v" "trp_L_v" "cys_L_v" "CD" "pheme_c"
0 457000 1e+05 0.4963 224235600.199112 195370466.451958 120509812.093413 157438605.791629 18978882.6152 31300034.1459915 0 0 0 0 0 0 0 0 45700000 1000
1 394267.340629238 121516.407709303 0.594123778048798 236648395.1806 249054593.164753 137693671.776119 186565695.434301 34406239.7355242 28274546.3298903 0 62732.6593707623 212097504.114341 207221003.610205 119488769.410664 159596004.935097 25474030.0243275 27114829.014474 48532264.0501405 710.843423552073
2 336682.494624153 177528.270748869 0.697811870206885 250338639.547769 279246171.92577 149505089.995224 204859504.106738 41673683.837372 28176668.1568588 0 120317.505375847 404384577.665406 416524799.384336 233063481.684814 314486447.779724 55751373.2386355 49325288.053458 52252906.1887241 900.484496543551
3 283703.358332714 239652.82503608 0.803528874254258 266548213.312539 304009278.840807 160781664.508033 221282247.588823 46583468.2309196 29292685.3681172 0 173296.641667287 577531987.574057 612101920.305398 337053680.26378 457330771.823876 85383213.6487106 68553259.1781125 57057139.180844 1071.56999545339
4 235016.513565444 298763.289623118 0.907130727592282 285737871.813209 329166537.677588 173094993.500927 238735957.510385 50988392.090291 31090023.9585878 0 221983.486434557 732161435.925269 789433248.855692 430547890.114642 586153833.402981 112721045.215388 85451668.9782736 63165456.0270724 1196.31875156719
5 190537.193939724 351400.495590654 1.00479467577737 307958261.723839 356678407.583274 186930521.208403 258162388.875952 55526874.9941109 33372688.7416979 0 266462.806060277 868472190.271505 946910869.273375 513213362.177112 700246019.950071 137181628.160355 100249062.93144 70824620.8630635 1280.56541055906
6 150387.327143021 395699.140520157 1.09354983401596 332884052.869196 386959102.317437 202266466.707283 279655674.118071 60392189.3894568 36032690.3045618 0 306612.672856979 986283073.066833 1083613470.5467 584763855.536763 799115907.986285 158492073.032149 113006610.21851 80308682.4769827 1332.88251434852
7 114842.824011696 430259.340205764 1.17156386292045 359762127.502277 419541783.688882 218718854.585397 302763436.025222 65565272.1656617 38965127.453898 0 342157.175988305 1085271246.73993 1198860377.69844 644928570.24847 882347060.762196 176491394.678791 123723262.271603 91917616.5457605 1358.8324384467
8 84245.0246275487 453978.688222709 1.2381520382867 387369492.258035 453284917.08683 235577228.551863 326572158.357827 70891733.7705716 42036387.7229879 9737.47760380151 372754.975372452 1165331406.12289 1292373491.93916 693609523.444152 949779063.056137 191111239.753537 132401556.966025 105972226.02711 1361.1859295908
9 81863.3144790711 599183.710840754 1.2935785890077 331362898.479888 387872035.967736 201521123.695425 279400768.26128 60664309.9302149 35966739.6412976 7143.54843923379 375136.68552093 1229678857.2516 1367691905.56577 732742880.238424 1004035042.90318 202891198.40776 139385781.744731 34592.8206029388 358.015923040891
10 81861.7211978575 668308.796815794 1.33875759697287 277520208.767446 324847323.649375 168776243.43167 234001356.485851 50807064.2882128 30122558.8427225 6813.01504058332 375138.278802143 1283527141.37076 1430723244.3407 765491165.92392 1049439200.43408 212749482.667366 145230574.363292 168.092248517676 42.5831110672735
11 81861.7127727945 697079.446903407 1.37495892156366 232422461.963504 272058799.379467 141349670.344912 195975535.068763 42550785.8839958 25227565.6668258 6775.28484857285 375138.287227206 1328624917.83931 1483511803.65044 792917757.068044 1087465046.98203 221005766.563802 150125570.774413 1.05736297823258 4.95391641222454
12 81861.7127192473 709050.492252489 1.40357088963184 194653194.185511 227848521.431195 118379973.249091 164128989.776609 35636170.0909335 21128019.1987333 6770.90726883559 375138.287280753 1366394185.80631 1527722081.82142 815887454.278917 1119311592.43411 227920382.391772 154225117.263068 0.00687215295311412 0.57701146306301
13 81861.7127188986 714031.44723839 1.42594007400186 163021532.668458 190822530.990972 99142912.8973131 137457592.620899 29845197.7167221 17694659.9126626 6770.39748502384 375138.287281102 1398025847.3246 1564748072.26309 835124514.631446 1145982989.59086 233711354.76621 157658476.549272 4.50247638915195e-05 0.0672321163668907
14 81861.7127188963 716103.940196819 1.44328040481695 136530100.238035 159813362.427759 83031925.9928045 115120368.406655 24995273.7481314 14819230.6378751 6770.33808735983 375138.287281104 1424517279.75503 1595757240.82631 851235501.535959 1168320213.80512 238561278.734803 160533905.82406 3.4523348248594e-07 0.00783448197362068
15 81861.7127188963 716966.270303085 1.45663397539361 114343596.005101 133843266.194026 69539017.2913804 96413002.5107958 20933475.3179726 12411066.264577 6770.33116579393 375138.287281104 1446703783.98797 1621727337.06005 864728410.237383 1187027579.70097 242623077.164961 162942070.197358 5.35700799711949e-08 0.000912916366463121
16 81861.7127188963 717325.072229691 1.46686520350578 95762457.6220075 112093379.556864 58238742.0817588 80745633.2468217 17531729.9180381 10394234.9963567 16507.8079630364 375138.287281104 1465284922.37106 1643477223.69721 876028685.447005 1202694948.96495 246024822.564896 164958901.465579 5.8249660749121e-08 0.000106357458789264
17 81861.7127188963 717474.373822239 1.47467370570934 80200762.479017 93877859.158497 48774766.6127405 67624218.4469369 14682769.6564851 8705139.7050018 16507.807857113 375138.287281104 1480846617.51405 1661692744.09558 885492660.916023 1215816363.76483 248873782.826449 166647996.756934 -6.2972531659098e-08 4.34079910740463e-07
18 81861.7127188963 717536.479998961 1.48061531787216 67167940.3558992 78622475.0213212 40848746.4888452 56635115.8126025 12296783.2980917 7290532.98774195 16507.8078566804 375138.287281104 1493879439.63717 1676948128.23275 893418681.039919 1226805466.39917 251259769.184842 168062603.474194 -6.2972531659098e-08 1.44862705281953e-09
19 81861.7127188963 717562.31828743 1.48512615499479 56253029.5271544 65846181.7563221 34210751.8886046 47431807.8714219 10298533.9477633 6105808.29567036 16507.8078566785 375138.287281104 1504794350.46591 1689724421.49775 900056675.640159 1236008774.34035 253258018.535171 169247328.166265 -6.2972531659098e-08 -4.56699244203532e-10
20 81861.7127188963 717573.100403544 1.48854506684035 47111711.5964002 55145942.3732998 28651382.6903123 39723969.9215775 8624985.4504024 5113592.67058982 16507.8078566785 375138.287281104 1513935668.39667 1700424660.88077 905616044.838452 1243716612.29019 254931567.032532 170239543.791346 -6.2972531659098e-08 -4.57699244203527e-10
21 81861.7127188963 717577.546139372 1.49113280847279 39455920.2244434 46184564.9256549 23995448.9328157 33268708.2492607 7223400.00684809 4282618.85705947 16507.8078566785 375138.287281104 1521591459.76862 1709386038.32842 910271978.595948 1250171873.96251 256333152.476086 171070517.604876 -6.2972531659098e-08 -4.5869924420353e-10
22 81861.7127188963 717579.411596737 1.49308956713476 33044212.8039549 38679432.2114418 20096115.2686835 27862441.652551 6049575.46640886 3586680.22608259 16507.8078566785 375138.287281104 1528003167.18911 1716891171.04263 914171312.26008 1255578140.55922 257506977.016525 171766456.235853 -6.2972531659098e-08 -4.59699244203532e-10
23 81861.7127188963 717580.149229833 1.49456802193409 27674455.9613384 32393939.8918592 16830452.5907968 23334733.9536743 5066506.22374298 3003836.84589533 16507.8078566785 375138.287281104 1533372924.03173 1723176663.36221 917436974.937967 1260105848.2581 258490046.259191 172349299.61604 -6.2972531659098e-08 -4.60699244203535e-10
24 81861.7127188963 717580.512652458 1.49568452461569 23177298.6130007 27129856.4703168 14095468.6167562 19542790.5666796 4243188.2974092 2515707.03537267 26245.28546048 375138.287281104 1537870081.38007 1728440746.78376 920171958.912007 1263897791.64509 259313364.185525 172837429.426563 0 0
25 81861.7127188963 717580.6481478 1.49652732081203 19410964.0507578 22721227.2422528 11804940.651926 16367067.2529767 3553665.88992413 2106902.08730651 26245.28546048 375138.287281104 1541636415.94231 1732849376.01182 922462486.876837 1267073514.95879 260002886.59301 173246234.374629 0 0
26 81861.7127188963 717580.704580274 1.49716331901572 16256632.3973906 19028969.2943128 9886607.39103688 13707376.6691472 2976186.02994564 1764525.07155613 26245.28546048 375138.287281104 1544790747.59568 1736541633.95976 924380820.137727 1269733205.54262 260580366.452989 173588611.39038 0 0
27 81861.7127188963 717580.728031253 1.49764313633815 13614879.5512265 15936703.161698 8280003.23245537 11479885.7322804 2492546.63138332 1477784.31147967 26245.28546048 375138.287281104 1547432500.44184 1739633900.09238 925987424.296308 1271960696.47949 261064005.851551 173875352.150456 0 0
28 81861.7127188963 717580.737801801 1.49800505349505 11402420.8957692 13346941.223894 6934477.93787353 9614369.95915285 2087500.34742716 1237639.9401299 26245.28546048 375138.287281104 1549644959.0973 1742223662.03018 927332949.59089 1273826212.25262 261469052.135507 174115496.521806 0 0
29 81861.7127188963 717580.741730986 1.49827800605486 9549486.33854603 11178015.0938161 5807600.24015978 8052000.13382454 1748274.00529149 1036518.98209569 26245.28546048 375138.287281104 1551497893.65452 1744392588.16026 928459827.288604 1275388582.07794 261808278.477643 174316617.47984 0 0
30 81861.7127188963 717580.743345923 1.49848379848926 7997698.50012946 9361591.96221741 4863867.4462096 6743553.22478378 1464180.15527146 868085.048197956 26245.28546048 375138.287281104 1553049681.49294 1746209011.29186 929403560.082554 1276697028.98699 262092372.327663 174485051.413738 0 0
31 81861.7127188963 717580.744174006 1.49863900967509 6698051.35015372 7840308.51889497 4073476.12747912 5647707.99766524 1226247.00915214 727018.932888812 26245.28546048 375138.287281104 1554349328.64292 1747730294.73518 930193951.401284 1277792874.2141 262330305.473782 174626117.529047 0 0
32 81861.7127188963 717580.744516716 1.49875603860308 5609600.20622594 6566237.54959104 3411525.43183159 4729940.43971905 1026978.61151302 608876.424300577 35982.7630642815 375138.287281104 1555437779.78684 1749004365.70449 930855902.096932 1278710641.77205 262529573.871421 174744260.037635 0 0
33 81861.7127188963 717580.744659884 1.49884427204505 4698034.56971468 5499217.38927126 2857149.14164777 3961320.39388985 860093.56137196 509933.397191757 35982.7630642815 375138.287281104 1556349345.42335 1750071385.86481 931410278.387116 1279479261.81788 262696458.921562 174843203.064744 0 0
34 81861.7127188963 717580.744719513 1.49891079668196 3934591.85223788 4605580.40015137 2392855.04747541 3317595.62740922 720326.142457886 427067.906802678 35982.7630642815 375138.287281104 1557112788.14083 1750965022.85393 931874572.481288 1280122986.58436 262836226.340476 174926068.555133 0 0
35 81861.7127188963 717580.744744292 1.49896095151385 3295208.55486962 3857159.39661869 2004008.73054195 2778476.11736882 603270.925184632 357668.056270189 35982.7630642815 375138.287281104 1557752171.4382 1751713443.85746 932263418.798222 1280662106.0944 262953281.557749 174995468.405665 0 0
36 81861.7127188963 717580.744754615 1.49899876331232 2759727.30767316 3230359.45666204 1678351.3171933 2326965.4369794 505237.595264485 299545.927225926 35982.7630642815 375138.287281104 1558287652.68539 1752340243.79742 932589076.21157 1281113616.77479 263051314.88767 175053590.53471 0 0
37 81861.7127188963 717580.744758767 1.49902726957892 2311261.65662336 2705414.38225963 1405613.16873108 1948825.15233467 423134.661954684 250868.632589175 35982.7630642815 375138.287281104 1558736118.33644 1752865188.87182 932861814.360033 1281491757.05943 263133417.820979 175102267.829346 0 0
38 81861.7127188963 717580.744760474 1.49904875559686 1935682.53137556 2265785.59154697 1177201.5724776 1632141.81885001 354375.443047752 210102.576824807 35982.7630642815 375138.287281104 1559111697.46169 1753304817.66253 933090225.956286 1281808440.39292 263202177.039886 175143033.885111 0 0
39 81861.7127188963 717580.744761349 1.49906495723493 1621129.0027482 1897589.44296281 985903.204833939 1366914.4584653 296788.49670571 175960.352651828 35982.7630642815 375138.287281104 1559426250.99032 1753673013.81112 933281524.32393 1282073667.7533 263259763.986228 175177176.109284 0 0
40 81861.7127188963 717580.744761711 1.49907717125121 1357691.23178295 1589226.11579151 825691.314090721 1144787.22650052 248559.577299704 147366.327745559 45720.240668083 375138.287281104 1559689688.76128 1753981377.13829 933441736.214673 1282295794.98527 263307992.905634 175205770.13419 0 0
41 81861.7127188963 717580.744761862 1.49908637882418 1137065.06163436 1330975.29762371 691515.65758776 958758.168121647 208168.39975533 123419.15349986 45720.240668083 375138.287281104 1559910314.93143 1754239627.95646 933575911.871176 1282481824.04365 263348384.083178 175229717.308436 0 0
42 81861.7127188963 717580.744761925 1.4990933203408 952289.060630386 1114688.38385952 579142.582244963 802957.496539337 174340.498661526 103363.223192564 45720.240668083 375138.287281104 1560095090.93243 1754455914.87022 933688284.946519 1282637624.71523 263382211.984272 175249773.238743 0 0
43 81861.7127188963 717580.744761951 1.49909855338446 797539.154524892 933548.087419531 485030.12844362 672474.429650056 146009.630531636 86566.3809887671 45720.240668083 375138.287281104 1560249840.83854 1754637055.16666 933782397.40032 1282768107.78212 263410542.852402 175266570.080947 0 0
44 81861.7127188963 717580.744761962 1.49910249837639 667936.656272292 781843.730734267 406211.281723147 563195.323289994 122282.628818332 72499.0851360461 45720.240668083 375138.287281104 1560379443.33679 1754788759.52335 933861216.247041 1282877386.88848 263434269.854115 175280637.376799 0 0
45 81861.7127188963 717580.744761966 1.49910547238276 559394.538007327 654791.301601698 340200.481795762 471674.049808789 102411.260127437 60717.7220396472 45720.240668083 375138.287281104 1560487985.45506 1754915811.95248 933927227.046968 1282968908.16196 263454141.222806 175292418.739896 0 0
46 81861.7127188963 717580.744761968 1.49910771391044 468493.142002226 548387.968420044 284918.035122253 395027.199198252 85769.4699780604 50851.1156989515 45720.240668083 375138.287281104 1560578886.85106 1755022215.28566 933982509.493641 1283045555.01257 263470783.012956 175302285.346237 0 0
47 81861.7127188963 717580.744761969 1.49910940410932 392361.767907719 459273.473820858 238618.101199077 330834.235025631 71831.7043645004 42587.6749667038 45720.240668083 375138.287281104 1560655018.22516 1755111329.78026 934028809.427565 1283109747.97674 263484720.778569 175310548.786969 0 0
48 81861.7127188963 717580.744761969 1.49911067828724 328601.937953187 384640.313843017 199842.025646005 277072.792668859 60158.8615183494 35667.0646113275 55457.7182718845 375138.287281104 1560718778.05511 1755185962.94024 934067585.503118 1283163509.4191 263496393.621415 175317469.397324 0 0
49 81861.7127188963 717580.744761969 1.49911163881705 275203.799017331 322135.883568334 167367.499423982 232048.190652102 50382.9872018765 29871.131442421 55457.7182718845 375138.287281104 1560772176.19405 1755248467.37052 934100060.02934 1283208534.02112 263506169.495732 175323265.330493 0 0
50 81861.7127188963 717580.74476197 1.49911236294626 230482.472902006 269787.972841998 140169.849720117 194339.762041456 42195.6220224539 25016.9956512719 55457.7182718845 375138.287281104 1560816897.52016 1755300815.28124 934127257.679044 1283246242.44973 263514356.860911 175328119.466284 0 0
51 81861.7127188963 717580.74476197 1.49911290884593 193028.36099686 225946.596106237 117391.817312521 162758.951997757 35338.7034496991 20951.6567868644 55457.7182718845 375138.287281104 1560854351.63207 1755344656.65798 934150035.711451 1283277823.25977 263521213.779484 175332184.805149 0 0
52 81861.7127188963 717580.74476197 1.49911332037712 161660.674945673 189229.59838428 98315.2958551513 136310.135451214 29596.0584334871 17546.9498881031 55457.7182718845 375138.287281104 1560885719.31812 1755381373.6557 934169112.232909 1283304272.07632 263526956.4245 175335589.512047 0 0
53 81861.7127188963 717580.74476197 1.49911363061578 135390.231561568 158479.105398761 82338.7052933324 114159.246267717 24786.5920760636 14695.5071748145 55457.7182718845 375138.287281104 1560911989.7615 1755412124.14868 934185088.82347 1283326422.9655 263531765.890857 175338440.954761 0 0
54 81861.7127188963 717580.74476197 1.49911386444387 113389.371322544 132726.312095515 68958.6975444204 95608.4129235392 20758.7804549631 12307.4929453859 55457.7182718845 375138.287281104 1560933990.62174 1755437876.94199 934198468.831219 1283344973.79885 263535793.702478 175340828.96899 0 0
55 81861.7127188963 717580.74476197 1.49911404075916 94963.2987262177 111157.935504398 57752.7268940745 80071.7930728353 17385.42375307 10307.4928056429 55457.7182718845 375138.287281104 1560952416.69434 1755459445.31858 934209674.80187 1283360510.4187 263539167.05918 175342828.96913 0 0
56 81861.7127188963 717580.74476197 1.49911417367638 79531.5103259562 93094.4755917507 48367.7553006078 67059.9139142148 14560.246192845 8632.49783340126 55457.7182718845 375138.287281104 1560967848.48274 1755477508.77849 934219059.773463 1283373522.29785 263541992.23674 175344503.964102 0 0
57 81861.7127188963 717580.74476197 1.49911427388035 66607.4359287265 77966.3845547798 40507.8710186411 56162.5059189806 12194.1688447968 7229.69479627108 55457.7182718845 375138.287281104 1560980772.55713 1755492636.86953 934226919.657745 1283384419.70585 263544358.314089 175345906.767139 0 0
58 81861.7127188963 717580.74476197 1.49911434941721 55783.5480256493 65296.6368777762 33925.2327743578 47035.9473006089 10212.5835336836 6054.84990159545 55457.7182718845 375138.287281104 1560991596.44504 1755505306.6172 934233502.295989 1283393546.26447 263546339.8994 175347081.612034 0 0
59 81861.7127188963 717580.74476197 1.4991144063614 46718.5600356248 54685.7444186973 28412.284269954 39392.4697436885 8553.00915456026 5070.91927003851 55457.7182718845 375138.287281104 1561000661.43303 1755515917.50967 934239015.244493 1283401189.74203 263547999.473779 175348065.542665 0 0
60 81861.7127188963 717580.74476197 1.49911444929117 39126.6653959747 45799.1603801267 23795.2098463246 32991.0849479747 7163.12161727594 4246.88092649908 55457.7182718845 375138.287281104 1561008253.32767 1755524804.0937 934243632.318917 1283407591.12682 263549389.361316 175348889.581009 0 0
61 81861.7127188963 717580.74476197 1.49911448165109 32768.476831448 38356.673399782 19928.4241234867 27629.9447402759 5999.09505144539 3556.7513315413 55457.7182718845 375138.287281104 1561014611.51623 1755532246.58068 934247499.10464 1283412952.26703 263550553.387882 175349579.710604 0 0
62 81861.7127188963 717580.74476197 1.49911450604725 27443.5096786526 32123.609013087 16690.000671265 23140.0031133791 5024.22568965721 2978.76950746876 55457.7182718845 375138.287281104 1561019936.48338 1755538479.64507 934250737.528092 1283417442.20866 263551528.257244 175350157.692428 0 0
63 81861.7127188963 717580.74476197 1.49911452443927 22983.86504976 26903.4355705008 13977.8303722993 19379.6899535279 4207.77541148258 2494.71139718174 55457.7182718845 375138.287281104 1561024396.12801 1755543699.81851 934253449.698391 1283421202.52182 263552344.707522 175350641.750538 0 0
64 81861.7127188963 717580.74476197 1.49911453830369 19248.9231044467 22531.552522643 11706.3940908493 16230.4364777574 3524.00021323897 2089.31386205819 55457.7182718845 375138.287281104 1561028131.06996 1755548071.70156 934255721.134672 1283424351.77529 263553028.48272 175351047.148073 0 0
65 81861.7127188963 717580.744761969 1.49911454875567 16120.9183162796 18870.1111114408 9804.07173392278 13592.9443572377 2951.34014905246 1749.79441314978 55457.7182718845 375138.287281104 1561031259.07475 1755551733.14297 934257623.457029 1283426989.26741 263553601.142784 175351386.667522 0 0
66 81861.7127188963 717580.74476197 1.49911455663517 13501.2247418304 15803.6661448497 8210.88310651938 11384.0535054963 2471.73925580318 1465.44800739283 55457.7182718845 375138.287281104 1561033878.76832 1755554799.58794 934259216.645657 1283429198.15826 263554080.743677 175351671.013928 0 0
67 81861.7127188963 717580.744761971 1.49911456257512 11307.2379628689 13235.5261987383 6876.59163861365 9534.11297345954 2070.07471410641 1227.30860782311 55457.7182718845 375138.287281104 1561036072.7551 1755557367.72788 934260550.937125 1283431048.0988 263554482.408219 175351909.153328 0 0
68 81861.7127188963 717580.744761968 1.49911456705292 9469.77976790806 11084.7157038719 5759.12602046158 7984.79261137875 1733.68170989913 1027.86748289092 55457.7182718845 375138.287281104 1561037910.21329 1755559518.53838 934261668.402743 1283432597.41916 263554818.801223 175352108.594453 0 0
69 81861.7127188963 717580.744761969 1.49911457042842 7930.91446069268 9283.41885694401 4823.25217228575 6687.24180913081 1451.95365470625 860.836184528943 55457.7182718845 375138.287281104 1561039449.0786 1755561319.83523 934262604.276591 1283433894.96996 263555100.529279 175352275.625751 0 0
70 81861.7127188963 717580.744761974 1.49911457297337 6642.11889388725 7774.83757959881 4039.46033490871 5600.54649291239 1216.0071642143 720.947920210215 55457.7182718845 375138.287281104 1561040737.87417 1755562828.4165 934263388.068428 1283434981.66528 263555336.475769 175352415.514015 0 0
71 81861.7127188963 717580.74476197 1.49911457489117 5562.75621051018 6511.40497822521 3383.0368628003 4690.44220427473 1018.40263819775 603.791890008864 55457.7182718845 375138.287281104 1561041817.23685 1755564091.8491 934264044.4919 1283435891.76957 263555534.080295 175352532.670045 0 0
72 81861.7127188963 717580.744761962 1.49911457633784 4658.79299752336 5453.28372637999 2833.28405026974 3928.23242105716 852.909403171541 505.674044068293 55457.7182718845 375138.287281104 1561042721.20006 1755565149.97036 934264594.244713 1283436653.97935 263555699.57353 175352630.787891 0 0
