"Time" "IECs" "pheme_e" "BiomassCD" "pro_L_e" "leu_L_e" "ile_L_e" "val_L_e" "trp_L_e" "cys_L_e" "Drug" "Damage" "pro_L_v" "leu_L_v" "ile_L_v" "val_L_v" "trp_L_v" "cys_L_v" "CD" "pheme_c"
0 457000 1e+05 0.4963 224235600.199112 195370466.451958 120509812.093413 157438605.791629 18978882.6152 31300034.1459915 0 0 0 0 0 0 0 0 45700000 1000
1 357265.230727818 141155.495005528 0.594123777951661 331728079.148374 358361790.006161 195293889.745782 265928353.688377 51341042.1024608 38595720.6544671 0 99734.7692721822 249531267.007989 251805581.848803 142550659.727018 191581449.278841 32664490.9183047 31002464.8920424 48532264.0521968 822.125940611064
2 274570.446503408 229249.341487619 0.697812005528526 383139509.640835 431680436.449748 229870310.602339 315579856.558427 65225620.049924 42643267.1320209 0 182429.553496592 493898243.788186 522414542.994536 288023555.822271 390622486.048533 72696092.7886876 58709715.5566618 52252899.7015101 1161.37942912976
3 206380.805000679 318831.91168392 0.803529051710399 418907382.190049 479155112.897801 253001385.623344 348410217.183171 73657743.8469279 45899272.9517379 0 250619.194999321 701726639.511682 758540585.556335 413176043.083783 562730306.853779 108722398.43296 81638532.073993 57057130.9657805 1425.37740969002
4 150774.880309329 396084.266857364 0.907130885757901 450213118.579892 518728511.155712 272696305.000944 376168746.979118 80326033.9651202 49023261.4356521 0 306225.119690672 868670659.527192 950232228.08975 514160970.593203 701918810.879709 138307485.293189 99867218.6715573 63165448.4879511 1586.3013647999
5 106265.888960066 456713.007246023 1.00479479160731 479973949.456687 555558710.986496 291141463.30201 402137138.881449 86338036.0540078 52151000.3381257 0 350734.111039935 997071070.085081 1098514923.28055 591993077.498381 809351680.813479 161313074.424395 113830932.447201 70824613.7706543 1664.81075920333
6 71619.8392069023 499561.4072028 1.09354990924356 508158640.381874 590393837.65791 308478411.910773 426645617.201921 91927768.4357975 55218438.8139012 0 385380.160793098 1091294697.73762 1207772717.53254 649170240.758986 888375472.204847 178309560.095212 124067577.07664 80308676.4320607 1683.22811808643
7 45683.9539848998 524850.065789931 1.17156395873068 533514198.622533 622224149.075503 324015063.311536 448832494.919408 96988091.4041467 58073832.3270924 0 411316.046015101 1156626072.43143 1283809752.75326 688838800.604204 943278071.390955 190155515.696218 131171563.488698 91917612.6344616 1658.01105237704
8 27251.7625726459 533777.399748339 1.23815237078967 554431835.177221 649495018.485428 336806679.607568 467471903.345315 101300120.212056 60545065.0100165 9737.47760380151 429748.237427354 1198889906.19132 1333198367.4269 714509945.650313 978869113.860313 197856249.020314 135778292.308079 105972235.878922 1600.81473163487
9 26305.6028598348 693671.67623027 1.29357886260714 526666918.329596 617162658.603437 319943970.211628 444130669.091169 96259969.1266225 57527768.7634001 7661.00198668148 430694.397140166 1229840081.83737 1369465805.55447 733311797.439021 1004968660.6988 203512935.41815 139158913.884415 1138.73467184035 460.738864996194
10 26305.5848184271 768694.728103035 1.33875781788733 497493547.402353 582976510.606712 302221489.921733 419529184.539143 90927894.2289802 54341164.9915182 7298.48348232379 430694.415181574 1259013513.47912 1403652028.58541 751034314.691094 1029570197.83661 208845022.07187 142345524.584198 0.300881171471462 98.5676354889438
11 26305.5848131297 800485.229211437 1.3749590972275 469936108.601449 550683952.046368 285480669.349663 396290391.014465 85891165.8261606 51331069.0085593 7221.79738992445 430694.415186871 1286570952.29787 1435944587.16779 767775135.274033 1052808991.37674 213881750.478142 145355620.569191 0.000132464827355716 21.881676000304
12 26305.5848131273 813956.150515173 1.40357102760524 443905146.73586 520180160.800421 269667165.596313 374338853.630165 81133434.6765673 48487709.9318152 7204.8133926468 430694.415186873 1312601914.16347 1466448378.41374 783588639.027389 1074760528.76105 218639481.627737 148198979.645936 7.89800859937043e-08 4.89767878675643
13 26305.5848131273 819664.323375064 1.42594018135516 419316106.364012 491366052.496859 254729612.223553 353603267.993578 76639246.4126139 45801851.7798679 7201.01394527405 430694.415186873 1337190954.53532 1495262486.7173 798526192.400148 1095496114.39763 223133669.89169 150884837.797883 -3.55681596972039e-10 1.09823141407919
14 26305.5848131273 822083.107085058 1.44328048771201 396089115.769812 464148031.279839 240619488.10148 334016279.430264 72394002.7204314 43264770.1740295 7200.16207605124 430694.415186873 1360417945.12952 1522480507.93432 812636316.522221 1115083102.96095 227378913.583872 153421919.403722 -3.55681596971892e-10 0.246362191268943
15 26305.5848131273 823108.043422703 1.45663403902735 374148727.535681 438437685.807218 227290959.809599 315514264.213368 68383913.9240706 40868224.0012478 7199.97098449134 430694.415186873 1382358333.36365 1548190853.40695 825964844.814103 1133585118.17785 231389002.380233 155818465.576503 -3.55681596971892e-10 0.0552706313674493
16 26305.5848131273 823542.35034112 1.46686525203663 353423673.469289 414151502.067005 214700732.757692 298037122.896841 64595954.1929696 38604428.6447808 16937.4057177229 430694.415186873 1403083387.43004 1572477037.14716 838555071.866009 1151062259.49437 235176962.111334 158082260.93297 0 0.0124000613842707
17 26305.5848131273 823726.382696878 1.47467365964527 333846643.52143 391210604.307305 202807916.881027 281528093.88005 61017821.13433 36466031.8354212 16937.3936862978 430694.415186873 1422660417.3779 1595417934.90686 850447887.742673 1167571288.51116 238755095.169974 160220657.742329 0 0.000368636326697852
18 26305.5848131273 823804.364897357 1.48061530149936 315354024.964082 369540449.398049 191573868.194088 265933533.460374 57637888.1221678 34446085.1619444 16937.3933287097 430694.415186873 1441153035.93525 1617088089.81612 861681936.429613 1183165848.93084 242135028.182136 162240604.415806 0 1.10481841005181e-05
19 26305.5848131273 823837.434394617 1.48512672794197 297885663.072497 349070546.391739 180962043.40775 251202714.019833 54445160.5566979 32538017.9304393 16937.3933180004 430694.415186873 1458621397.82683 1637557992.82243 872293761.21595 1197896668.37138 245327755.747606 164148671.647311 0 3.38881731426547e-07
20 26305.5848131273 823851.391201803 1.48854539331184 281384957.884408 329734569.908529 170938058.70937 237287905.620745 51429293.5492091 30735647.7333067 16937.3933177157 430694.415186873 1475122103.01492 1656893969.30564 882317745.91433 1211811476.77047 248343622.755095 165951041.844444 0 5.42774238313827e-08
21 26305.5848131273 823857.325520722 1.49113181698946 265798498.274648 311469931.334877 161469467.467407 224144067.42609 48580525.0411478 29033140.47927 16937.3933175445 430694.415186873 1490708562.62468 1675158607.87929 891786337.156294 1224955314.96512 251192391.263156 167653549.098481 0 -1.16971668981014e-07
22 26305.5848131273 823859.94019564 1.49308848282893 251075273.949572 294216855.417117 152525281.527287 211728183.185694 45889531.7787566 27424924.3196135 16937.3933175611 430694.415186873 1505431786.94976 1692411683.79705 900730523.096413 1237371199.20552 253883384.525547 169261765.258137 0 -1.00367783750108e-07
23 26305.5848131273 823860.963323859 1.49456740345169 237167576.466661 277919436.100803 144076518.570233 200000021.053152 43347593.9942356 25905788.0664534 16937.3933175498 430694.415186873 1519339484.43267 1708709103.11336 909179286.053468 1249099361.33806 256425322.310068 170780901.511297 0 -1.11690906599398e-07
24 26305.5848131273 823861.455196088 1.49568464951911 224030234.481761 262524740.372568 136095737.534942 188921488.680782 40946455.6303457 24470797.6588789 26674.8709213402 430694.415186873 1532476826.41757 1724103798.8416 917160067.088758 1260177893.71043 258826460.673958 172215891.918872 0 0
25 26305.5848131273 823861.601558445 1.49652769110078 211620554.863939 247982739.256907 128557002.845552 178456583.562623 38678313.5778527 23115289.7309346 26674.8709213402 430694.415186873 1544886506.03539 1738645799.95726 924698801.778148 1270642798.82859 261094602.726451 173571399.846816 0 0
26 26305.5848131273 823861.662169607 1.49716277366588 199898738.939025 234246795.581708 121436137.274705 168571744.046655 36535893.7531943 21834917.0778562 26674.8709213402 430694.415186873 1556608321.96031 1752381743.63246 931819667.348996 1280527638.34456 263237022.551109 174851772.499895 0 0
27 26305.5848131273 823861.690378613 1.49764265373703 188825850.020024 221271282.274947 114709487.242133 159234135.3823 34512079.619935 20625426.6496428 26674.8709213402 430694.415186873 1567681210.87931 1765357256.93922 938546317.381567 1289865247.00891 265260836.684369 176061262.928108 0 0
28 26305.5848131273 823861.700990526 1.49800457219983 178366336.319238 209014538.781936 108355455.454155 150413777.256082 32600373.3064771 19482935.128468 26674.8709213402 430694.415186873 1578140724.58009 1777614000.43223 944900349.169546 1298685605.13513 267172542.997827 177203754.449283 0 0
29 26305.5848131273 823861.705742319 1.49827765202165 168486180.257259 197436702.375115 102353376.630616 142081983.130412 30794557.3515522 18403726.777907 26674.8709213402 430694.415186873 1588020880.64207 1789191836.83905 950902427.993085 1307017399.2608 268978358.952752 178282962.799844 0 0
30 26305.5848131273 823861.708857104 1.49848384568869 159153283.001791 186500158.767136 96683751.1077082 134211684.519663 29088764.9871528 17384295.4460693 26674.8709213402 430694.415186873 1597353777.89754 1800128380.44703 956572053.515992 1314887697.87155 270684151.317151 179302394.131682 0 0
31 26305.5848131273 823861.709103506 1.49863937460504 150337324.544231 176169378.144778 91328159.8361348 126777312.994752 27477454.564448 16421329.2817787 26674.8709213402 430694.415186873 1606169736.3551 1810459161.06939 961927644.787565 1322322069.39646 272295461.739856 180265360.295972 0 0
32 26305.5848131273 823861.704042312 1.49875618848032 142009739.100845 166410886.343382 86269249.4376142 119754779.439314 25955405.0578077 15511708.047647 36412.3485251417 430694.415186873 1614497321.79849 1820217652.87079 966986555.186086 1329344602.9519 273817511.246496 181174981.530104 0 0
33 26305.5848131273 823861.706780623 1.49884441370663 134143425.07433 157192924.971886 81490556.0099322 113121229.46443 24517663.053894 14652471.4392073 36412.3485251417 430694.415186873 1622363635.82501 1829435614.24229 971765248.613768 1335978152.92678 275255253.25041 182034218.138544 0 0
34 26305.5848131273 823861.707914518 1.49891081587464 126713123.968631 148485895.435557 76976735.3132483 106855362.942073 23159612.0066843 13840860.4737379 36412.3485251417 430694.415186873 1629793936.9307 1838142643.77861 976279069.310452 1342244019.44914 276613304.297619 182845829.104013 0 0
35 26305.5848131273 823861.70844227 1.49896095847573 119694168.428025 140260891.854023 72712802.2185321 100936378.244391 21876743.4140604 13074180.7387094 36412.3485251417 430694.415186873 1636812892.47131 1846367647.36015 980543002.405168 1348163004.14682 277896172.890243 183612508.839042 0 0
36 26305.5848131273 823861.708640873 1.49899875610309 113064023.383024 132491507.018098 68685066.9356117 95345271.869983 20664938.4961397 12349970.7309818 36412.3485251417 430694.415186873 1643443037.51631 1854137032.19607 984570737.688089 1353754110.52123 279107977.808164 184336718.846769 0 0
37 26305.5848131273 823861.708729728 1.49902726513727 106801125.183231 125152472.053983 64880429.800009 90063859.5012546 19520256.0212568 11665875.0554145 36412.3485251417 430694.415186873 1649705935.7161 1861476067.16019 988375374.823691 1359035522.88996 280252660.283047 185020814.522337 0 0
38 26305.5848131273 823861.70878798 1.49904878562965 100885127.058236 118219944.061047 61286530.3875527 85074982.9980804 18438977.1693435 11019671.2365329 36412.3485251417 430694.415186873 1655621933.8411 1868408595.15313 991969274.236148 1364024399.39313 281333939.13496 185667018.341218 0 0
39 26305.5848131273 823861.708792736 1.49906501453638 95296809.5687686 111671401.17604 57891693.1145041 80362434.8825403 17417589.164907 10409259.9371176 36412.3485251417 430694.415186873 1661210251.33057 1874957138.03813 995364111.509196 1368736947.50867 282355327.139397 186277429.640633 0 0
40 26305.5848131273 823861.70869841 1.49907720121669 90018065.000985 105485624.285898 54684917.7572718 75910945.1788482 16452782.4247423 9832663.25359427 46149.8261289432 430694.415186873 1666488995.89835 1881142914.92827 998570886.866429 1373188437.21237 283320133.879561 186854026.324157 0 0
41 26305.5848131273 823861.70874939 1.49908640437302 85031719.674858 99642488.803861 51655771.5068428 71706031.5685602 15541418.0808798 9288005.30679877 46149.8261289432 430694.415186873 1671475341.22448 1886986050.41031 1001600033.11686 1377393350.82266 284231498.223423 187398684.270952 0 0
42 26305.5848131273 823861.7087705 1.49909333044339 80321751.5234389 94123219.6347924 48794521.1456302 67734182.8720504 14680567.7479836 8773536.00813576 46149.8261289432 430694.415186873 1676185309.3759 1892505319.57938 1004461283.47807 1381365199.51917 285092348.55632 187913153.569616 0 0
43 26305.5848131273 823861.708780325 1.49909856021698 75872529.6225474 88909500.0353221 46091671.0706875 63982217.7547885 13867374.530667 8287547.99349109 46149.8261289432 430694.415186873 1680634531.27679 1897719039.17885 1007164133.55301 1385117164.63643 285905541.773636 188399141.58426 0 0
44 26305.5848131273 823861.708784023 1.49910250222211 71669769.553447 83984591.1338916 43538543.6653186 60438090.3710035 13099227.6370458 7828480.97739089 46149.8261289432 430694.415186873 1684837291.34589 1902643948.08028 1009717260.95838 1388661292.02022 286673688.667257 188858208.60036 0 0
45 26305.5848131273 823861.708785677 1.49910547538538 67699802.2752336 79332475.1754742 41126835.1476362 57090273.8142381 12373628.7490772 7394841.89201359 46149.8261289432 430694.415186873 1688807258.6241 1907296064.03869 1012128969.47607 1392009108.57698 287399287.555226 189291847.685738 0 0
46 26305.5848131273 823861.708786762 1.49910771966144 63949730.3328595 74938038.5703992 38848710.4651035 53927891.8453391 11688220.5730146 6985221.94977519 46149.8261289432 430694.415186873 1692557330.56648 1911690500.64377 1014407094.1586 1395171490.54588 288084695.731289 189701467.627976 0 0
47 26305.5848131273 823861.708786852 1.49910941205935 60407370.7835179 70787005.0139312 36696768.622982 50940670.7630942 11040776.4079475 6598290.40918444 46149.8261289432 430694.415186873 1696099690.11582 1915841534.20024 1016559036.00072 1398158711.62812 288732139.896356 190088399.168567 0 0
48 26305.5848131273 823861.708785099 1.49911068290488 57061245.3009832 66865923.890267 34664036.6728349 48118931.059364 10429198.3371521 6232793.49394109 55887.3037327447 430694.415186873 1699445815.59835 1919762615.3239 1018591767.95087 1400980451.33186 289343717.967151 190453896.08381 0 0
49 26305.5848131273 823861.708786046 1.49911164260478 53900469.9620686 63162041.1213002 32743902.7590936 45453494.4775804 9851497.08414156 5887542.35432292 55887.3037327447 430694.415186873 1702606590.93726 1923466498.09287 1020511901.86461 1403645887.91364 289921419.220161 190799147.223428 0 0
50 26305.5848131273 823861.708786438 1.49911236484628 50914884.197325 59663450.2745672 30930194.4550937 42935792.7550237 9305815.58124326 5561427.15245619 55887.3037327447 430694.415186873 1705592176.70201 1926965088.9396 1022325610.16861 1406163589.6362 290467100.72306 191125262.425295 0 0
51 26305.5848131273 823861.70878662 1.49911291019702 48094581.9206929 56358543.1281824 29216893.9298427 40557472.2311726 8790343.27322458 5253365.84765959 55887.3037327447 430694.415186873 1708412478.97864 1930269996.08598 1024038910.69386 1408541910.16005 290982573.031079 191433323.730092 0 0
52 26305.5848131273 823861.708786689 1.49911332125915 45430508.5297918 53236709.2520647 27598500.6186871 38310897.2894995 8303425.23223403 4962369.4067196 55887.3037327447 430694.415186873 1711076552.36954 1933391829.9621 1025657304.00502 1410788485.10172 291469491.072069 191724320.171032 0 0
53 26305.5848131273 823861.708786719 1.49911363129213 42913999.3512877 50287795.1456262 26069750.834292 36188761.1350575 7843477.79853455 4687491.38832919 55887.3037327447 430694.415186873 1713593061.54805 1936340744.06854 1027186053.78941 1412910621.25617 291929438.505768 191999198.189422 0 0
54 26305.5848131273 823861.708786739 1.49911386531795 40536878.8958776 47502220.5474724 24625678.0628788 34184169.4947887 7409006.72153642 4427838.78469877 55887.3037327447 430694.415186873 1715970182.00346 1939126318.6667 1028630126.56083 1414915212.89644 292363909.582767 192258850.793052 0 0
55 26305.5848131273 823861.708786741 1.49911404179458 38291424.559857 44870935.8999072 23261590.9133533 32290610.0075746 6998600.52545969 4182568.05668243 55887.3037327447 430694.415186873 1718215636.33948 1941757603.31426 1029994213.71035 1416808772.38365 292774315.778843 192504121.521069 0 0
56 26305.5848131273 823861.708786709 1.49911417431404 36170360.3513494 42385414.9971589 21973069.3060641 30501946.9336563 6610929.36266474 3950884.44849469 55887.3037327447 430694.415186873 1720336700.54798 1944243124.21701 1031282735.31764 1418597435.45757 293161986.941638 192735805.129256 0 0
57 26305.5848131273 823861.708786679 1.49911427411129 34166789.8879184 40037576.4701534 20755923.7696384 28812364.6524797 6244732.76749121 3732034.66904709 55887.3037327447 430694.415186873 1722340271.01142 1946590962.74401 1032499880.85407 1420287017.73874 293528183.536812 192954654.908704 0 0
58 26305.5848131273 823861.708786691 1.49911434952602 32274201.5906479 37819789.8730789 19606198.5963248 27216372.0427889 5898820.60559055 3525307.45929702 55887.3037327447 430694.415186873 1724232859.30869 1948808749.34109 1033649606.02738 1421883010.34843 293874095.698713 193161382.118454 0 0
59 26305.5848131273 823861.708786756 1.4991144064681 30486449.5078208 35724853.2120502 18520160.1926031 25708786.3115097 5572069.56903126 3330031.49762024 55887.3037327447 430694.415186873 1726020611.39151 1950903686.00212 1034735644.4311 1423390596.07971 294200846.735272 193356658.080131 0 0
60 26305.5848131273 823861.70878679 1.49911444937862 28797724.3212944 33745958.9695878 17494279.4658976 24284708.54384 5263417.8770759 3145572.2328405 55887.3037327447 430694.415186873 1727709336.57804 1952882580.24458 1035761525.15781 1424814673.84738 294509498.427227 193541117.344911 0 0
61 26305.5848131273 823861.708786662 1.49911448169684 27202529.2512094 31876665.8690989 16525217.1869712 22939503.3840372 4971860.87223645 2971329.25230356 55887.3037327447 430694.415186873 1729304531.64812 1954751873.34507 1036730587.43673 1426159879.00719 294801055.432067 193715360.325447 0 0
62 26305.5848131273 823861.708786158 1.49911450569046 25695690.2731942 30110910.847676 15609830.1967564 21668807.6514393 4696452.88769319 2806737.39790131 55887.3037327447 430694.415186873 1730811370.62614 1956517628.36649 1037645974.42695 1427430574.73978 295076463.41661 193879952.17985 0 0
63 26305.5848131273 823861.708784937 1.49911452307487 24272333.9975586 28442983.1343328 14745157.9682256 20468511.6863065 4436303.20423057 2651264.34981855 55887.3037327447 430694.415186873 1732234726.90177 1958185556.07983 1038510646.65548 1428630870.70492 295336613.100072 194035425.227933 0 0
64 26305.5848131273 823861.708782558 1.49911453515341 22927847.4345511 26867477.1018348 13928398.1642572 19334725.4204382 4190568.69645249 2504406.23169648 55887.3037327447 430694.415186873 1733579213.46478 1959761062.11233 1039327406.45945 1429764656.97079 295582347.60785 194182283.346055 0 0
65 26305.5848131273 823861.70877842 1.49911454370078 21657855.4543971 25379265.8537575 13156892.9448731 18263759.3695462 3958449.7131083 2365685.14859519 55887.3037327447 430694.415186873 1734849205.44494 1961249273.36041 1040098911.67883 1430835623.02168 295814466.591195 194321004.429156 0 0
66 26305.5848131273 823861.708771685 1.49911455187645 20458198.7105978 23973475.3544052 12428115.5559023 17252106.0162888 3739186.04208972 2234646.77555803 55887.3037327447 430694.415186873 1736048862.18874 1962655063.85976 1040827689.0678 1431847276.37493 296033730.262213 194452042.802193 0 0
67 26305.5848131273 823861.708779431 1.49911455920262 19324965.922037 22645522.2578653 11739689.9399816 16296467.0333094 3532062.81069643 2110863.88378261 55887.3037327447 430694.415186873 1737182094.9773 1963983016.9563 1041516114.68372 1432802915.35791 296240853.493607 194575825.693968 0 0
68 26305.5848131273 823861.708783369 1.49911456456852 18254506.4244692 21391128.6161838 11089398.3614374 15393763.8677264 3336412.77969666 1993937.71161838 55887.3037327447 430694.415186873 1738252554.47486 1965237410.59798 1042166406.26227 1433705618.5235 296436503.524606 194692751.866133 0 0
69 26305.5848131273 823861.708783406 1.49911456857342 17243342.6667274 20206219.3400347 10475128.248759 14541063.9504384 3151600.35008347 1883488.40653717 55887.3037327447 430694.415186873 1739263718.23261 1966422319.87413 1042780676.37495 1434558318.44078 296621315.95422 194803201.171214 0 0
70 26305.5848131273 823861.708794317 1.49911457158891 16288189.8555114 19086945.2190185 9894884.12857711 13735597.2622925 2977025.15359212 1779157.1709312 55887.3037327447 430694.415186873 1740218871.04382 1967541593.99515 1043360920.49513 1435363785.12893 296795891.150711 194907532.40682 0 0
71 26305.5848131273 823861.70880535 1.49911457383467 15385945.4047078 18029670.5580883 9346781.21624932 12974747.4368477 2812120.12433115 1680605.10966351 55887.3037327447 430694.415186873 1741121115.49463 1968598868.65608 1043909023.40746 1436124634.95438 296960796.179972 195006084.468087 0 0
72 26305.5848131273 823861.708783151 1.49911457554575 14533678.578721 17030961.041322 8829039.12430559 12256043.0267438 2656349.60587319 1587512.09881012 55887.3037327447 430694.415186873 1741973382.32061 1969597578.17285 1044426765.4994 1436843339.36448 297116566.69843 195099177.478941 0 0
