"Time" "IECs" "pheme_e" "BiomassCD" "pro_L_e" "leu_L_e" "ile_L_e" "val_L_e" "trp_L_e" "cys_L_e" "Drug" "Damage" "pro_L_v" "leu_L_v" "ile_L_v" "val_L_v" "trp_L_v" "cys_L_v" "CD" "pheme_c"
0 457000 1e+05 0.4963 224235600.199112 195370466.451958 120509812.093413 157438605.791629 18978882.6152 31300034.1459915 0 0 0 0 0 0 0 0 45700000 1000
1 356368.318494327 141639.927162398 0.594123777947113 334078699.513654 361063637.106264 196717782.737286 267890157.531009 51759534.9017623 38850952.8734979 0 100631.681505673 250392659.901161 252833992.727788 143081947.781267 192318647.066408 32830782.0937424 31091646.9706721 48532264.0522964 824.873349387622
2 273145.966932934 230478.006893384 0.697812005402625 386381134.372831 435399029.004484 231831365.603216 318281381.10346 65799694.975709 42996708.3699246 0 183854.033067066 495754788.771964 524620360.973401 289165814.355817 392206159.490864 73050768.7013359 58903274.4738203 52252899.7072981 1167.58243061984
3 204712.552754183 320631.021777005 0.803529051600685 422591338.028583 483385402.023578 255229825.126513 351481766.63595 74310646.1812246 46301532.2007163 0 252287.447245817 704007976.676951 761248557.523732 414578765.84196 564674980.034171 109157175.941232 81876881.6876689 57057130.9690052 1433.42328931996
4 149077.529047553 398181.093599609 0.907130885409795 454139690.194803 523247270.366235 275071905.789164 379446237.803586 81023740.5959186 49452616.5698988 0 307922.470952447 870804982.474627 952772752.776948 515474757.970025 703741381.702156 138716416.248697 100089646.421832 63165448.4893022 1594.71045179142
5 104694.984522093 458842.522267631 1.00479479163501 484004903.020143 560211266.581602 293580455.836986 405506648.634474 87056560.1251885 52592865.7694483 0 352305.015477907 998636686.791093 1100395759.24297 592960876.580429 810696744.671417 161618725.283486 113992294.320059 70824613.772423 1672.5865476719
6 70277.4215463356 501508.874965919 1.09354990965679 512165109.509532 595036030.075928 310902385.128495 430000783.301434 92644517.0069589 55659487.4825212 0 386722.578453664 1092052054.39302 1208713640.16482 649646212.592646 889041022.986536 178467988.844274 124142016.789677 80308676.4395537 1689.80225229814
7 44622.3605103921 526471.527515427 1.17156396025557 537370546.15371 626715800.445645 326347493.580445 452069698.610103 97681035.3698304 58501172.5029806 0 412377.639489608 1156510431.07004 1283733268.64359 688783598.438427 943208939.380952 190154622.427834 131151875.20702 91917612.6823042 1663.14326841591
8 26478.4630244042 535007.037822281 1.23815238321848 558031362.720034 653717703.106621 338982593.532688 470503352.5984 101950654.774002 60947797.5405808 9737.47760380151 430521.536975596 1197978530.89479 1332191835.62684 713970641.131294 978129421.50522 197709763.47626 135672506.804039 105972236.525622 1604.50998673978
9 25992.8711485367 698193.249857874 1.29357887285622 529005380.73251 619815425.040645 321352479.000839 446066097.774044 96664796.6850517 57785273.6232386 8170.9338633597 431007.128851463 1228637601.36642 1368113690.30455 732594962.214663 1003981583.05661 203312039.38606 139021498.001715 0.00762031693564451 469.754801245333
10 25992.8711484827 770957.512722019 1.33875782614553 500041050.157295 585879023.785841 303757649.587088 421642894.561193 91372164.0802682 54621389.4198592 7835.0703841644 431007.128851518 1257601931.94181 1402050091.55958 750189791.628524 1028404786.26962 208604671.990878 142185382.205115 -4.45985032902147e-09 133.891323063036
11 25992.8711484827 801793.833797088 1.37495910382334 472662587.09091 553800722.996247 287126179.855281 398556921.094983 86369315.9765368 51630735.5677487 7740.49682985841 431007.128851518 1284980395.0082 1434128392.34917 766821261.360331 1051490759.73583 213607520.09461 145176036.057225 1.09629087803552e-08 39.3177687570848
12 25992.8711484827 814861.773406988 1.40357103280402 446783161.432804 523478787.1553 271405323.521392 376734960.796659 81640385.9681071 48803827.2841408 7712.82415820269 431007.128851518 1310859820.6663 1464450328.19012 782542117.69422 1073312720.03415 218336450.103039 148002944.340833 1.31727000871143e-08 11.6450971014072
13 25992.8711484827 820399.755734283 1.42594018539422 422320697.240838 494817051.012483 256545222.288258 356107805.872567 77170376.373389 46131699.1011077 7704.63679467857 431007.128851518 1335322284.85827 1493112064.33293 797402218.927354 1093939874.95824 222806459.697758 150675072.523866 1.58843150887162e-08 3.45773357734353
14 25992.8711484827 822746.663286505 1.4432804908299 399197612.43019 467724614.598477 242498747.721668 336610037.823966 72945110.6703115 43605876.4318818 7702.20651946249 431007.128851518 1358445369.66892 1520204500.74694 811448693.493944 1113437643.00684 227031725.400835 153200895.193092 1.92071499811246e-08 1.02745836132404
15 25992.8711484827 823741.244860773 1.45663404141982 377340572.72378 442115554.938252 229221351.78375 318179819.97395 68951188.5358492 41218348.693922 7701.48443580992 431007.128851518 1380302409.37533 1545813560.40717 824726089.431862 1131867860.85686 231025647.535297 155588422.931052 2.32746400946904e-08 0.305374708837703
16 25992.8711484827 824162.73248747 1.46686525386366 356680259.074471 417908653.548538 216670925.55 300758701.353996 65175943.3472378 38961543.9035545 17438.747432419 431007.128851518 1400962723.02464 1570020461.79688 837276515.665612 1149288979.47681 234800892.723909 157845227.721419 2.82491879699329e-08 0.0907675165467471
17 25992.8711484827 824341.351843941 1.47467367460814 337151150.229203 395027141.676515 204807667.124511 284291433.358441 61607402.4500657 36828304.9246254 17438.6624844849 431007.128851518 1420491831.86991 1592901973.6689 849139774.091101 1165756247.47237 238369433.621081 159978466.700348 1.42649564023679e-09 0.00581958237039903
18 25992.8711484827 824417.048095431 1.48061531550515 318691305.159589 373398445.382038 193593949.474082 268725786.286355 58234247.4019621 34811865.7025645 17438.6570379708 431007.128851518 1438951676.93952 1614530669.96338 860353491.74153 1181321894.54445 241742588.669185 161994905.922409 1.73476851248227e-09 0.000373068351772831
19 25992.8711484827 824449.126432876 1.48512622740633 301242181.637388 352953972.969444 182994210.219092 254012396.361383 55045780.8210166 32905831.4466938 17438.6566889248 431007.128851518 1456400800.46172 1634975142.37597 870953230.996519 1196035284.46942 244931055.25013 163900940.17828 -9.21983360171398e-08 2.40222903666743e-05
20 25992.8711484827 824462.726430241 1.48854525889982 284748388.778027 333628825.05223 172974801.312244 240104557.072337 52031881.1682232 31104151.5996128 17438.6566664052 431007.128851518 1472894593.32108 1654300290.29319 880972639.903368 1209943123.75847 247944954.902924 165702620.025361 -8.53848392127644e-08 1.5027295431088e-06
21 25992.8711484827 824468.470108296 1.49113259808423 269157769.821428 315361891.544199 163504039.325054 226958288.975361 49183017.8739652 29401128.8796637 17438.6566649245 431007.128851518 1488485212.27768 1672567223.80122 890443401.890558 1223089391.85544 250793818.197182 167405642.74531 -8.53848392127644e-08 2.20223974978402e-08
22 25992.8711484827 824470.925003736 1.49308923338644 254420740.044547 298095075.916831 154551803.252611 214531781.410825 46490130.3552199 27791346.9585958 17438.6566648285 431007.128851518 1503222242.05456 1689834039.42859 899395637.963001 1235515899.41998 253486705.715927 169015424.666378 -8.53848392127644e-08 -7.39980979086283e-08
23 25992.8711484827 824471.959293496 1.49456773042635 240490593.710264 281773654.839588 146089720.974416 202785651.327703 43944684.1041213 26269703.9907611 17438.6566648285 431007.128851518 1517152388.38885 1706155460.50583 907857720.241196 1247262029.5031 256032151.967026 170537067.634212 -8.53848392127644e-08 -7.39990979086289e-08
24 25992.8711484827 824472.397639849 1.49568429240174 227323154.220694 266345868.277902 138090956.734613 191682648.287063 41538606.7607121 24831374.3980287 27176.13426863 431007.128851518 1530319827.87842 1721583247.06752 915856484.480999 1258365032.54374 258438229.310435 171975397.226945 0 0
25 25992.8711484827 824472.583524544 1.49652743919928 214876580.721339 251762692.898627 130530093.660696 181187491.387473 39264252.7738496 23471787.7444184 27176.13426863 431007.128851518 1542766401.37777 1736166422.44679 923417347.554916 1268860189.44333 260712583.297298 173334983.880555 0 0
26 25992.8711484827 824472.660383276 1.49716254362088 203111962.775981 237978538.827933 123383495.007949 171267370.704727 37114512.0657481 22186693.6947056 27176.13426863 431007.128851518 1554531019.32313 1749950576.51749 930563946.207663 1278780310.12608 262862324.005399 174620077.930268 0 0
27 25992.8711484827 824472.696368973 1.49764248159012 191991100.570913 224948648.801279 116627955.710264 161890075.523289 35082404.4101949 20971919.5376708 27176.13426863 431007.128851518 1565651881.5282 1762980466.54414 937319485.505348 1288157605.30751 264894431.660952 175834852.087303 0 0
28 25992.8711484827 824472.709829609 1.49800442120966 181479158.152853 212632206.861064 110242314.130437 153026231.590441 33161564.2569251 19823660.0093873 27176.13426863 431007.128851518 1576163823.94626 1775296908.48436 943705127.085175 1297021449.24036 266815271.814222 176983111.615586 0 0
29 25992.8711484827 824472.715775236 1.49827753956477 171542741.776727 200990086.830033 104206284.722889 144647680.747312 31345889.589408 18738267.3838268 27176.13426863 431007.128851518 1586100240.32239 1786939028.51539 949741156.492723 1305400000.08349 268630946.481739 178068504.241147 0 0
30 25992.8711484827 824472.719846959 1.49848377611937 162150342.646061 189985371.053297 98500726.9831447 136727854.254902 29629622.8265 17712299.8350796 27176.13426863 431007.128851518 1595492639.45305 1797943744.29212 955446714.232467 1313319826.5759 270347213.244647 179094471.789894 0 0
31 25992.8711484827 824472.720462849 1.49863931868179 153272170.289938 179583155.172478 93107544.2300956 129241632.294783 28007320.3755285 16742503.2364847 27176.13426863 431007.128851518 1604370811.80918 1808345960.17294 960839896.985516 1320806048.53602 271969515.695619 180064268.388489 0 0
32 25992.8711484827 824472.714196696 1.49875618405384 144880124.523485 169750515.272875 88009666.5729646 122165320.325706 26473847.5086503 15825808.0977665 36913.6118724315 431007.128851518 1612762857.57563 1818178600.07255 965937774.642647 1327882360.5051 273502988.562497 180980963.527207 0 0
33 25992.8711484827 824472.71736148 1.49884441219813 136947550.403615 160456220.774461 83190902.0553934 115476442.458237 25024333.5860801 14959302.7979176 36913.6118724315 431007.128851518 1620695431.6955 1827472894.57096 970756539.160218 1334571238.37257 274952502.485067 181847468.827056 0 0
34 25992.8711484827 824472.718669945 1.49891081051125 129449592.672399 151671149.719654 78636151.9675335 109154040.327266 23654236.8232882 14140272.3023982 36913.6118724315 431007.128851518 1628193389.42671 1836257965.62577 975311289.248078 1340893640.50354 276322599.247859 182666499.322575 0 0
35 25992.8711484827 824472.719282594 1.49896095458723 122361920.042524 143366794.067255 74330635.89357 103177597.388386 22359111.1805424 13366058.8119754 36913.6118724315 431007.128851518 1635281062.05659 1844562321.27817 979616805.322042 1346870083.44242 277617724.890605 183440712.812998 0 0
36 25992.8711484827 824472.719511852 1.49899875091151 115662331.235882 135517141.426602 70260867.3246387 97528393.1562256 21134899.8332575 12634237.1964392 36913.6118724315 431007.128851518 1641980650.86323 1852411973.91882 983686573.890973 1352519287.67458 278841936.23789 184172534.428534 0 0
37 25992.8711484827 824472.719613033 1.49902726139115 109329542.877863 128097254.879546 66413917.3465141 92188481.136846 19977713.6847354 11942482.5916762 36913.6118724315 431007.128851518 1648313439.22125 1859831860.46588 987533523.869098 1357859199.69396 279999122.386412 184864289.033297 0 0
38 25992.8711484827 824472.719682308 1.49904878440203 103343473.812507 121083606.101666 62777587.3512334 87140928.5669798 18883883.3188815 11288601.4564971 36913.6118724315 431007.128851518 1654299508.28661 1866845509.24376 991169853.864378 1362906752.26383 281092952.752266 185518170.168476 0 0
39 25992.8711484827 824472.71969295 1.49906501323063 97685137.5901556 114453949.39416 59340343.7270662 82369725.7578458 17849939.3545461 10670519.8286541 36913.6118724315 431007.128851518 1659957844.50896 1873475165.95127 994607097.488546 1367677955.07296 282126896.716601 186136251.796319 0 0
40 25992.8711484827 824472.719586731 1.49907720424022 92336624.830646 108187301.019468 56091307.1447614 77859771.2234977 16872609.2227628 10086281.3983045 46651.089476233 431007.128851518 1665306357.26847 1879741814.32596 997856134.07085 1372187909.60731 283104226.848384 186720490.226669 0 0
41 25992.8711484827 824472.719640316 1.49908640684121 87280953.4350535 102263763.700082 53020161.5663598 73596745.3768851 15948789.7960404 9534031.14606894 46651.089476233 431007.128851518 1670362028.66406 1885665351.64535 1000927279.64925 1376450935.45392 284028046.275106 187272740.478905 0 0
42 25992.8711484827 824472.719662469 1.49909333186373 82502270.8120325 96664763.5594391 50117277.0907055 69567281.0504543 15075584.3410465 9012037.43298511 46651.089476233 431007.128851518 1675140711.28708 1891264351.78599 1003830164.12491 1380480399.78035 284901251.7301 187794734.191988 0 0
43 25992.8711484827 824472.719672842 1.49909856130431 77985075.5198117 91372138.1495377 47373237.127868 65758307.1717876 14250160.289774 8518606.97749684 46651.089476233 431007.128851518 1679657906.5793 1896556977.19589 1006574204.08774 1384289373.65902 285726675.781373 188288164.647477 0 0
44 25992.8711484827 824472.719676724 1.49910250280414 73715218.2631559 86369309.2808928 44779446.4701886 62157892.8208195 13469932.1510407 8052194.19816672 46651.089476233 431007.128851518 1683927763.83596 1901559806.06453 1009167994.74542 1387889788.00999 286506903.920106 188754577.426807 0 0
45 25992.8711484827 824472.719678437 1.49910547584319 69679134.3005872 81640383.6633588 42327665.0062061 58754599.9828932 12732421.2487786 7611317.36659186 46651.089476233 431007.128851518 1687963847.79853 1906288731.68207 1011619776.20941 1391293080.84791 287244414.822368 189195454.258382 0 0
46 25992.8711484827 824472.719679609 1.49910772017237 65864025.4240362 77170366.1247441 40010118.2670025 55537636.9970162 12035288.975053 7194578.48573457 46651.089476233 431007.128851518 1691778956.67508 1910758749.22068 1013937322.94861 1394510043.83379 287941547.096094 189612193.139239 0 0
47 25992.8711484827 824472.719679791 1.49910941240522 62257790.9557363 72945078.7625051 37819455.5092027 52496800.3712992 11376324.181171 6800655.75245025 46651.089476233 431007.128851518 1695385191.14338 1914984036.58292 1016127985.70641 1397550880.45951 288600511.889976 190006115.872523 0 0
48 25992.8711484827 824472.719677996 1.49911068358532 58849016.5962004 68951147.8773451 35748742.9405053 49622465.3793849 10753441.1398804 6428302.33930933 56388.5670800345 431007.128851518 1698793965.50291 1918977967.46808 1018198698.27511 1400425215.45142 289223394.931266 190378469.285664 0 0
49 25992.8711484827 824472.719678901 1.49911164313699 55626881.4902882 65175895.0860711 33791407.2655321 46905507.6970173 10164662.5636143 6076336.2430697 56388.5670800345 431007.128851518 1702016100.60882 1922753220.25935 1020156033.95008 1403142173.13379 289812173.507532 190730435.381904 0 0
50 25992.8711484827 824472.719679275 1.49911236520167 52581277.6495596 61607477.2442096 31941308.2307786 44337404.1009474 9608141.42645768 5743653.32963544 56388.5670800345 431007.128851518 1705061704.44955 1926321638.10121 1022006132.98484 1405710276.72986 290368694.644689 191063118.295338 0 0
51 25992.8711484827 824472.71967945 1.49911291046675 49702327.7918727 58234321.517056 30192445.7288401 41909825.9032979 9082072.85930168 5429174.66583874 56388.5670800345 431007.128851518 1707940654.30724 1929694793.82837 1023754995.48678 1408137854.92751 290894763.211845 191377596.959135 0 0
52 25992.8711484827 824472.719679516 1.49911332143743 46981014.234262 55045862.2294703 28539341.8290917 39615169.2444523 8584809.06701573 5131915.21580551 56388.5670800345 431007.128851518 1710661967.86485 1932883253.11596 1025408099.38652 1410432511.58635 291392027.004131 191674856.409168 0 0
53 25992.8711484827 824472.719679545 1.49911363142821 44408691.6718731 52031970.0075404 26976744.8077365 37446144.2601843 8114770.2988705 4850930.61994175 56388.5670800345 431007.128851518 1713234290.42724 1935897145.33788 1026970696.40788 1412601536.57062 291862065.772276 191955841.005032 0 0
54 25992.8711484827 824472.719679565 1.49911386543735 41977203.4611637 49183088.0231732 25499699.7858299 35395873.133579 7670466.09688891 4585329.89699075 56388.5670800345 431007.128851518 1715665778.63795 1938746027.32225 1028447741.42979 1414651807.69723 292306369.974258 192221441.727983 0 0
55 25992.8711484827 824472.719679568 1.49911404187979 39678837.4537148 46490180.2462553 24103521.8998464 33457852.85337 7250487.22538811 4334270.61959193 56388.5670800345 431007.128851518 1717964144.6454 1941438935.09917 1029843919.31577 1416589827.97744 292726348.845758 192472501.005381 0 0
56 25992.8711484827 824472.719679539 1.49911417442138 37506318.923929 43944723.158308 22783792.0055017 31625949.2504587 6853504.3786627 4096958.14174645 56388.5670800345 431007.128851518 1720136663.17518 1943984392.18712 1031163649.21011 1418421731.58035 293123331.692484 192709813.483227 0 0
57 25992.8711484827 824472.719679505 1.49911427416798 35452754.7841222 41538640.3914368 21536322.7903486 29894349.9591549 6478257.9874459 3872639.50521898 56388.5670800345 431007.128851518 1722190227.31499 1946390474.95399 1032411118.42527 1420153330.87165 293498578.0837 192934132.119754 0 0
58 25992.8711484827 824472.71967951 1.49911434953891 33511627.9295567 39264296.1026237 20357155.3385809 28257559.6488153 6123557.18558136 3660602.82182425 56388.5670800345 431007.128851518 1724131354.16955 1948664819.2428 1033590285.87704 1421790121.18199 293853278.885565 193146168.803149 0 0
59 25992.8711484827 824472.719679572 1.49911440646742 31676783.3275042 37114478.6748124 19242550.68062 26710388.2939115 5788277.268087 3460175.75388231 56388.5670800345 431007.128851518 1725966198.77161 1950814636.67061 1034704890.535 1423337292.53689 294188558.803059 193346595.871091 0 0
60 25992.8711484827 824472.719679619 1.49911444938853 29942400.01834 35082367.9116581 18188972.784747 25247927.5648881 5471354.57493374 3270722.45579135 56388.5670800345 431007.128851518 1727700582.08077 1952846747.43377 1035758468.43087 1424799753.26592 294505481.496213 193536049.169182 0 0
61 25992.8711484827 824472.719679528 1.49911448171266 28302967.1900896 33161507.0049873 17193074.0232182 23865530.6538252 5171782.11916366 3091640.96055932 56388.5670800345 431007.128851518 1729340014.90902 1954767608.34044 1036754367.1924 1426182150.17698 294805053.951983 193715130.664414 0 0
62 25992.8711484827 824472.719679097 1.4991145057667 26753288.7950864 31345807.9439585 16251697.9767236 22558816.1672794 4888610.43048863 2922363.68409895 56388.5670800345 431007.128851518 1730889693.30402 1956583307.40147 1037695743.23889 1427488864.66353 295088225.640658 193884407.940874 0 0
63 25992.8711484827 824472.719678006 1.49911452321138 25288470.5587202 29629536.293709 15361871.542652 21323657.1718466 4620945.18140773 2762356.0061439 56388.5670800345 431007.128851518 1732354511.54039 1958299579.05172 1038585569.67296 1428724023.65896 295355890.889739 194044415.618829 0 0
64 25992.8711484827 824472.71967581 1.49911453537228 23903880.8844498 28007265.3892496 14520781.186237 20156148.2286203 4367940.0434066 2611111.99975433 56388.5670800345 431007.128851518 1733739101.21466 1959921849.95618 1039426660.02938 1429891532.60219 295608896.02774 194195659.625219 0 0
65 25992.8711484827 824472.719671906 1.49911454375568 22595123.6871506 26473844.5053338 13725756.4377553 19052582.4858208 4128791.72281324 2468151.46379985 56388.5670800345 431007.128851518 1735047858.41196 1961455270.84009 1040221684.77786 1430995098.34498 295848044.348333 194338620.161174 0 0
66 25992.8711484827 824472.719665449 1.4991145512017 21358020.9787315 25024378.45269 12974259.3138912 18009436.9946992 3902736.77867964 2333018.0207202 56388.5670800345 431007.128851518 1736284961.12038 1962904736.89274 1040973181.90172 1432038243.83611 296074099.292467 194473753.604253 0 0
67 25992.8711484827 824472.719669655 1.49911455886177 20188618.1175136 23654233.7285175 12263887.5065521 17023377.1358997 3689052.58199714 2205279.68993478 56388.5670800345 431007.128851518 1737454363.9816 1964274881.61691 1041683553.70906 1433024303.69491 296287783.489149 194601491.935039 0 0
68 25992.8711484827 824472.719674288 1.49911456430382 19083242.0865928 22359106.7990216 11592409.7849595 16091305.7607409 3487067.96486237 2084535.25381037 56388.5670800345 431007.128851518 1738559740.01252 1965570008.5464 1042355031.43066 1433956375.07006 296489768.106284 194722236.371163 0 0
69 25992.8711484827 824472.719677103 1.49911456835576 18038388.1921166 21134891.3481061 10957697.1687689 15210267.6533256 3296142.51692973 1970401.88128207 56388.5670800345 431007.128851518 1739604593.90699 1966794223.99732 1042989744.04685 1434837413.17748 296680693.554217 194836369.743691 0 0
70 25992.8711484827 824472.71968184 1.49911457144817 17050742.5852425 19977704.6654932 10357736.6093814 14377468.5214303 3115670.70083369 1862517.58801272 56388.5670800345 431007.128851518 1740592239.51387 1967951410.67993 1043589704.60623 1435670212.30938 296861165.370313 194944254.036961 0 0
71 25992.8711484827 824472.719700797 1.49911457372042 16117172.985386 18883876.7775068 9790625.35463713 13590267.1741929 2945080.15705413 1760540.22305786 56388.5670800345 431007.128851518 1741525809.11372 1969045238.56792 1044156815.86098 1436457413.65661 297031755.914092 195046231.401916 0 0
72 25992.8711484827 824472.719682629 1.49911457545652 15234718.5898437 17849938.6245627 9254564.81926027 12846167.0137407 2783829.86010855 1664146.36665543 56388.5670800345 431007.128851518 1742408263.50927 1970079176.72086 1044692876.39636 1437201513.81706 297193006.211038 195142625.258318 0 0
