"Time" "IECs" "pheme_e" "BiomassCD" "pro_L_e" "leu_L_e" "ile_L_e" "val_L_e" "trp_L_e" "cys_L_e" "Drug" "Damage" "pro_L_v" "leu_L_v" "ile_L_v" "val_L_v" "trp_L_v" "cys_L_v" "CD" "pheme_c"
0 457000 1e+05 0.4963 224235600.199112 195370466.451958 120509812.093413 157438605.791629 18978882.6152 31300034.1459915 0 0 0 0 0 0 0 0 45700000 1000
1 389233.654028396 124149.919524385 0.594123778044976 249371582.285962 263683948.20515 145402113.213996 197186809.461649 36673192.2947587 29655392.1020206 0 67766.3459716036 217401362.203379 213526751.142707 122753549.357206 164122533.04643 26489026.1885752 27666918.8970666 48532264.0502226 725.754950165222
2 327848.277714848 184680.515582769 0.697811974356476 268283565.94057 299854270.457907 160367404.907644 219825786.647058 44859847.7592271 30130069.0482713 0 129151.722285152 418061406.0888 432658208.977998 241449667.304976 326097625.05952 58325065.1083758 50764226.4552185 52252901.1401658 936.53792817932
3 272173.685626202 250994.589926583 0.803529012971485 287274253.270365 327856009.221134 173332951.759902 238586524.927814 50274363.6228766 31548461.2844925 0 184826.314373798 598050271.066901 636207098.711448 349608341.735972 474702013.175867 89209550.8182587 70724877.5810373 57057132.9612994 1122.21738739731
4 221801.494222176 313283.167744596 0.907130745235739 308325168.660519 355229153.398028 186783283.71569 257625272.64912 55029467.4600193 33547139.4733295 0 235198.505777824 756807802.462681 818331898.583899 445611449.249625 606991571.401389 117295963.655569 88069120.8913463 63165458.1712115 1254.46754248566
5 176569.809952661 367866.366061438 1.00479484954271 331932133.046213 384431100.646916 201468360.689466 278247488.579115 59836756.8341596 35981360.0266784 0 280430.190047338 894361830.704291 977248526.211922 529028344.625673 722123976.866704 141978167.982952 103003867.097491 70824627.1680073 1340.60926731762
6 136522.601319314 412830.446671357 1.09354995328157 357827288.019749 415942475.660237 217399211.99434 300594325.972851 64898309.157174 38751078.9156105 0 320477.398680686 1010749883.14654 1112293491.90469 599708087.483744 819794040.750184 163025293.014708 115612276.323764 80308688.3961711 1390.63872304736
7 101837.082063997 446836.11091274 1.17156394138369 385151969.723257 449181501.818134 234127012.57588 324127017.385492 70176577.7554003 41741294.2496785 0 355162.917936002 1106105314.88056 1223311540.32966 657658172.592182 899967448.310145 180359182.076697 125941300.383738 91917622.7320349 1411.23726874501
8 72717.225003584 468948.599285002 1.23815243709309 412521648.698027 482829267.457131 250843042.847164 347799818.216779 75489387.8294214 44801973.7250687 9737.47760380151 384282.774996416 1180974647.53541 1310773260.20492 703177330.794003 963028587.113393 194028826.616001 134062646.019546 105972251.22206 1406.11967275162
9 70424.4841575567 616596.728095081 1.29357891718575 360939490.833801 422601997.427253 219481916.809356 304363541.661851 66076155.1590732 39209614.3936399 5401.40296104446 386575.515842443 1240560878.70128 1380536039.41342 739410731.191021 1013273770.70856 204936554.364144 140535417.83585 221131.228589092 296.180946802642
10 70408.2196010316 687839.492968322 1.33875786195599 309927900.552364 362876531.957375 188462562.724262 261348156.713162 56737771.8476051 33668173.3707383 4956.01609562977 386591.780398968 1291629395.11919 1440329149.17389 770464737.49911 1056337521.32959 214285539.784535 146083104.448457 11349.217121345 31.8081772836848
11 70407.2960347588 717701.47122113 1.37495913227324 266087867.889639 311546831.795933 161804090.489401 224379858.676483 48712087.9520894 28905733.0985785 4914.54157694724 386592.703965241 1335472669.07597 1491662690.44746 797125182.777138 1093308569.61306 222311825.725537 150845899.370066 724.082646595862 2.6457546444315
12 70407.2365118933 730180.055005857 1.40357105515727 228446954.174243 267475273.986644 138915208.611944 192638980.161208 41821253.7199046 24816714.7277985 4911.26265564827 386592.763488107 1373113792.21419 1535734495.81235 820014192.134293 1125049625.60849 229202698.75984 154934940.597626 47.2454254386796 0.194123229340341
13 70407.2326211524 735392.192139107 1.42594020279321 196130601.01705 229637932.612464 119264113.000478 165388061.767413 35905173.969437 21306115.4312641 4911.02713038824 386592.767378848 1405430159.09182 1573571853.36812 839665296.097636 1152300555.61711 235118781.046682 158445541.388205 3.09786074443335 0.0134469633473487
14 70407.2323658038 737569.074975484 1.44328050427258 168385744.829869 197153091.483911 102392876.965761 141992079.88273 30825987.5356667 18292128.2947477 4911.01097049719 386592.767634197 1433175016.18133 1606056695.55867 856536532.681616 1175696538.26489 240197967.646917 161459528.622775 0.203705423117577 0.000907143995011062
15 70407.2323490015 738478.253768901 1.4566340517474 144565706.69844 169263591.920956 87908264.6479562 121905719.481083 26465308.4338181 15704503.1134854 4911.00988505955 386592.767650999 1456995054.37225 1633946195.1915 871021145.03563 1195782898.7168 244558646.75972 164047153.81049 0.0134240077647705 6.04667719031358e-05
16 70407.2323478936 738857.973123432 1.46686526176474 124115278.092852 145319372.498818 75472661.9654059 104660798.332109 22721495.9279984 13482926.3160317 14648.4874166464 386592.767652107 1477445482.98176 1657890414.61825 883456747.720571 1213027819.86909 248302459.266262 166268730.608369 0.000886145095783921 4.00976107703416e-06
17 70407.2323478901 739016.554895309 1.47467372924807 106557745.381221 124762276.906019 64796186.4206295 89855325.3993838 19507279.1599824 11575611.4110517 14648.487412403 386592.76765211 1495003015.6934 1678447510.21107 894133223.265355 1227833292.80183 251516676.03428 168176045.51335 -2.47488995553064e-07 -1.82095794280445e-07
18 70407.2323478901 739082.808905057 1.48061532041995 91483989.2891864 107113291.139287 55630058.6435799 77144308.9097328 16747761.6136527 9938114.83675652 14648.4874123874 386592.76765211 1510076771.78544 1696096495.9778 903299351.042405 1240544309.29148 254276193.58061 169813542.087646 -2.4872769676017e-07 -1.97724853146327e-07
19 70407.2323478901 739110.515459057 1.48512632081991 78542521.9898577 91960878.510879 47760544.0936637 66231355.0820553 14378597.2282332 8532253.66721019 14648.4874123721 386592.76765211 1523018239.08477 1711248908.6062 911168865.592321 1251457263.11915 256645357.966029 171219403.257192 -2.48847403477074e-07 -2.13083444492139e-07
20 70407.2323478901 739122.069247126 1.48854517729806 67431785.8182282 78951962.6604611 41004270.0220634 56862173.9816412 12344580.5418114 7325269.00407405 14648.4874123775 386592.76765211 1534128975.2564 1724257824.45662 917925139.663921 1260826444.21957 258679374.652451 172426387.920328 -2.48811107574031e-07 -2.07649130304995e-07
21 70407.2323478901 739126.882743531 1.49113295596405 57892777.5438842 67783291.7442853 35203740.4012363 48818359.903067 10598296.4340604 6289024.73449445 14648.4874123762 386592.76765211 1543667983.53074 1735426495.3728 923725669.284748 1268870258.29814 260425658.760202 173462632.189908 -2.48838088449255e-07 -2.08897435579289e-07
22 70407.2323478901 739128.863393757 1.49308968234251 49703186.0651769 58194574.601686 30223771.1435849 41912447.9529354 9099046.92751524 5399370.69542276 14648.487412378 386592.76765211 1551857575.00945 1745015212.5154 928705638.542399 1275776170.24827 261924908.266747 174352286.228979 -2.48805598209373e-07 -2.07104729905328e-07
23 70407.2323478901 739129.662185358 1.49456801575682 42672166.7917964 49962362.3830551 25948312.4809124 35983507.5231364 7811894.54591819 4635575.00285163 14648.48741238 386592.76765211 1558888594.28283 1753247424.73403 932981097.205072 1281705110.67807 263212060.648344 175116081.921551 -2.48798891709729e-07 -2.05178975169117e-07
24 70407.2323478901 739130.032488434 1.4956845159915 36635723.7892066 42894641.770892 22277640.9148617 30893248.262188 6706816.93411663 3979822.40361116 24385.9650161813 386592.76765211 1564925037.28542 1760315145.34619 936651768.771123 1286795369.93902 264317138.260146 175771834.520791 0 0
25 70407.2323478901 739130.189021533 1.49652730477428 31453251.3116876 36826785.6616542 19126256.1743933 26523103.7065311 5758073.7245432 3416838.57419915 24385.9650161813 386592.76765211 1570107509.76294 1766383001.45543 939803153.511591 1291165514.49468 265265881.469719 176334818.350203 0 0
26 70407.2323478901 739130.254471011 1.49716330144011 27003846.8435096 31617236.3197485 16420639.2307408 22771122.2349706 4943531.57421991 2933489.59801762 24385.9650161813 386592.76765211 1574556914.23112 1771592550.79733 942508770.455244 1294917495.96624 266080423.620043 176818167.326385 0 0
27 70407.2323478901 739130.28181448 1.49764313030058 23183839.2817643 27144611.2703305 14097749.2220086 19549882.6970963 4244211.65492531 2518513.44622457 24385.9650161813 386592.76765211 1578376921.79286 1776065175.84675 944831660.463976 1298138735.50411 266779743.539337 177233143.478178 0 0
28 70407.2323478901 739130.293187877 1.49800504749219 19904224.1333385 23304700.3203642 12103463.8344467 16784331.6309372 3643820.12065657 2162241.35731956 24385.9650161813 386592.76765211 1581656536.94129 1779905086.79672 946825945.851538 1300904286.57027 267380135.073606 177589415.567083 0 0
29 70407.2323478901 739130.297939529 1.49827801275677 17088532.5502593 20007970.5358395 10391283.4944116 14409986.3168849 3128357.99687539 1856366.34558308 24385.9650161813 386592.76765211 1584472228.52437 1783201816.58124 948538126.191573 1303278631.88432 267895597.197387 177895290.578819 0 0
30 70407.2323478901 739130.299484864 1.49848382077819 14671172.2027593 17177623.6663798 8921322.477856 12371535.7110178 2685817.44799038 1593762.96632581 24385.9650161813 386592.76765211 1586889588.87187 1786032163.4507 950008087.208129 1305317082.49019 268338137.746272 178157893.958076 0 0
31 70407.2323478901 739130.300347757 1.49863897009543 12595809.7462754 14747702.2697712 7659325.31247297 10621476.452708 2305885.65934432 1368311.59958192 24385.9650161813 386592.76765211 1588964951.32835 1788462084.84731 951270084.373512 1307067141.7485 268718069.534918 178383345.32482 0 0
32 70407.2323478901 739130.300969156 1.49875600877594 10813992.2587148 12661475.632902 6575828.4941191 9118950.38504135 1979692.46693365 1174748.69368871 34123.4426199828 386592.76765211 1590746768.81591 1790548311.48418 952353581.191866 1308569667.81617 269044262.727329 178576908.230713 0 0
33 70407.2323478901 739130.30121976 1.49884424853363 9284250.17838331 10870389.4538701 5645614.99665796 7828988.10296084 1699646.13433681 1008569.31538355 34123.4426199828 386592.76765211 1592276510.89624 1792339397.66321 953283794.689327 1309859630.09825 269324309.059926 178743087.609018 0 0
34 70407.2323478901 739130.301324542 1.49891077837085 7970892.02072209 9332654.64579314 4846981.35706269 6721492.59242444 1459212.70430431 865896.217128408 34123.4426199828 386592.76765211 1593589869.0539 1793877132.47129 954082428.328922 1310967125.60879 269564742.489958 178885760.707273 0 0
35 70407.2323478901 739130.301368318 1.49896093848291 6843316.82846845 8012442.32462388 4161319.58654423 5770659.45073451 1252790.13060523 743405.146999495 34123.4426199828 386592.76765211 1594717444.24616 1795197344.79246 954768090.099441 1311917958.75048 269771165.063657 179008251.777402 0 0
36 70407.2323478901 739130.301386526 1.49899875333502 5875252.59795559 6878992.1267245 3572654.06886607 4954334.68589422 1075568.85849735 638242.117195652 34123.4426199828 386592.76765211 1595685508.47667 1796330794.99036 955356755.617119 1312734283.51532 269948386.335765 179113414.807206 0 0
37 70407.2323478901 739130.301394133 1.49902726325549 5044127.54921365 5905876.06553442 3067259.23900673 4253484.53713116 923416.724603567 547955.103672526 34123.4426199828 386592.76765211 1596516633.52541 1797303911.05155 955862150.446978 1313435133.66408 270100538.469659 179203701.820729 0 0
38 70407.2323478901 739130.301396608 1.49904875267677 4330580.3812337 5070425.1178954 2633361.77664086 3651782.49532027 792789.300479664 470440.844052616 34123.4426199828 386592.76765211 1597230180.69339 1798139361.99919 956296047.909344 1314036835.70589 270231165.893783 179281216.080349 0 0
39 70407.2323478901 739130.301397989 1.49906494899049 3717982.84768626 4353170.23568147 2260850.29150622 3135206.71268865 680642.491659021 403892.973934452 34123.4426199828 386592.76765211 1597842778.22694 1798856616.8814 956668559.394479 1314553411.48852 270343312.702604 179347763.950467 0 0
40 70407.2323478901 739130.301398984 1.49907716503732 3192032.79082605 3737365.8528281 1941027.85334998 2691696.82672097 584358.035314012 346757.817235582 43860.9202237843 386592.76765211 1598368728.2838 1799472421.26425 956988381.832635 1314996921.37449 270439597.158949 179404899.107166 0 0
41 70407.2323478901 739130.301399385 1.49908637403204 2740489.42178333 3208679.94039595 1666451.0197954 2310930.73400654 501695.03863327 297705.629085618 43860.9202237843 386592.76765211 1598820271.65284 1800001107.17668 957262958.666189 1315377687.46721 270522260.15563 179453951.295316 0 0
42 70407.2323478901 739130.301399553 1.49909331666678 2352817.38930294 2754777.26732418 1430713.39981484 1984024.44951129 430724.819311743 255591.930199901 43860.9202237843 386592.76765211 1599207943.68532 1800455009.84975 957498696.28617 1315704593.7517 270593230.374951 179496064.994202 0 0
43 70407.2323478901 739130.301399623 1.49909855069627 2019984.06107326 2365082.0489092 1228322.38350896 1703361.16309468 369793.794314037 219435.48508697 43860.9202237843 386592.76765211 1599540777.01355 1800844705.06817 957701087.302476 1315985257.03812 270654161.399949 179532221.439315 0 0
44 70407.2323478901 739130.301399652 1.49910249633371 1734234.56785485 2030514.55903669 1054562.34977383 1462401.54440165 317482.297725096 188393.864578132 43860.9202237843 386592.76765211 1599826526.50677 1801179272.55804 957874847.336211 1316226216.65681 270706472.896538 179563263.059824 0 0
45 70407.2323478901 739130.301399664 1.49910547096816 1488906.25827325 1743273.88607198 905381.839009113 1255527.28098447 272570.613419713 161743.289627555 43860.9202237843 386592.76765211 1600071854.81635 1801466513.23101 958024027.846976 1316433090.92023 270751384.580843 179589913.634774 0 0
46 70407.2323478901 739130.301399668 1.49910771303842 1278284.13639524 1496668.67311194 777305.646849726 1077919.1753517 234012.510355097 138862.927165788 43860.9202237843 386592.76765211 1600282476.93823 1801713118.44397 958152104.039135 1316610699.02586 270789942.683908 179612793.997236 0 0
47 70407.2323478901 739130.301399671 1.49910940281997 1097459.94222101 1284952.12351564 667349.133100718 925438.313923211 200909.444763609 119219.581691566 43860.9202237843 386592.76765211 1600463301.13241 1801924834.99356 958262060.552884 1316763179.88729 270823045.749499 179632437.34271 0 0
48 70407.2323478901 739130.301399672 1.49911067731471 942212.018150521 1103181.34352521 572945.170315114 794524.763856766 172488.567585549 102354.644891495 53598.3978275858 386592.76765211 1600618549.05648 1802106605.77355 958356464.51567 1316894093.43736 270851466.626678 179649302.27951 0 0
49 70407.2323478901 739130.301399673 1.49911163807276 808927.181174712 947125.866950911 491896.635430763 682131.691401842 148088.421792505 87875.6084376209 53598.3978275858 386592.76765211 1600751833.89346 1802262661.25012 958437513.050554 1317006486.50981 270875866.772471 179663781.315964 0 0
50 70407.2323478901 739130.301399673 1.49911236237888 694495.634059713 813144.61277864 422312.506818267 585636.745256096 127139.704021734 75444.6479492045 53598.3978275858 386592.76765211 1600866265.44057 1802396642.5043 958507097.179167 1317102981.45596 270896815.490242 179676212.276452 0 0
51 70407.2323478901 739130.301399673 1.49911290842721 596251.16579661 698115.869348734 362571.501060337 502791.630310315 109154.317211268 64772.1268309086 53598.3978275858 386592.76765211 1600964509.90883 1802511671.24773 958566838.184924 1317185826.57091 270914800.877052 179686884.797571 0 0
52 70407.2323478901 739130.301399673 1.4991133200595 511904.723793645 599359.51789288 311281.679185933 431666.092083675 93713.209815305 55609.3800682204 53598.3978275858 386592.76765211 1601048856.35084 1802610427.59918 958618128.006799 1317256952.10913 270930241.984448 179696047.544333 0 0
53 70407.2323478901 739130.301399673 1.49911363038899 439489.652148725 514572.915207077 267247.14687502 370601.73863668 80456.3507018378 47742.7653358408 53598.3978275858 386592.76765211 1601121271.42248 1802695214.20187 958662162.53911 1317318016.46258 270943498.843562 179703914.159066 0 0
54 70407.2323478901 739130.301399673 1.49911386429275 377319.020024279 441780.931923437 229442.106475452 318176.057520383 69074.9173572669 40989.0274815219 53598.3978275858 386592.76765211 1601183442.05461 1802768006.18515 958699967.579509 1317370442.1437 270954880.276906 179710667.89692 0 0
55 70407.2323478901 739130.301399672 1.49911404057875 323944.026366714 379287.251011381 196985.563529067 273167.34035832 59303.6811349218 35190.779935678 53598.3978275858 386592.76765211 1601236817.04826 1802830499.86606 958732424.122456 1317415450.86086 270964651.513129 179716466.144466 0 0
56 70407.2323478901 739130.301399672 1.49911417354071 278118.538196552 325632.847720612 169119.763031252 234524.779591066 50914.5153621319 30212.6524247986 53598.3978275858 386592.76765211 1601282642.53643 1802884154.26935 958760289.922953 1317454093.42163 270973040.678901 179721444.271977 0 0
57 70407.2323478901 739130.301399673 1.49911427377528 238775.574996557 279568.456516573 145195.889935716 201348.638824723 43712.0903917321 25938.7364167868 53598.3978275858 386592.76765211 1601321985.49963 1802930218.66056 958784213.796049 1317487269.56239 270980243.103872 179725718.187985 0 0
58 70407.2323478901 739130.301399673 1.49911434933942 204998.115641604 240020.390609698 124656.317281014 172865.635635744 37528.529294463 22269.4138110324 53598.3978275858 386592.76765211 1601355762.95899 1802969766.72646 958804753.368704 1317515752.56558 270986426.664969 179729387.51059 0 0
59 70407.2323478901 739130.301399673 1.49911440631668 175998.876747278 206066.865597943 107022.309703896 148411.889567246 32219.7059281766 19119.1602142054 53598.3978275858 386592.76765211 1601384762.19788 1803003720.25148 958822387.376281 1317540206.31165 270991735.488335 179732537.764187 0 0
60 70407.2323478901 739130.301399672 1.4991144493033 151101.848468379 176916.380805345 91882.7956318998 127417.352103315 27661.864739318 16414.5391318483 53598.3978275858 386592.76765211 1601409659.22616 1803032870.73627 958837526.890353 1317561200.84911 270996293.329524 179735242.38527 0 0
61 70407.2323478901 739130.301399675 1.49911448165083 129726.772731696 151889.54574604 78884.9287266443 109392.717864999 23748.7792290203 14092.5158033287 53598.3978275858 386592.76765211 1601431034.3019 1803057897.57133 958850524.757258 1317579225.48335 271000206.415034 179737564.408598 0 0
62 70407.2323478901 739130.301399683 1.49911450601101 111375.473137263 130403.074599388 67725.775299293 93917.8972345512 20389.2493998525 12098.9721877711 53598.3978275858 386592.76765211 1601449385.60149 1803079384.04247 958861683.910686 1317594700.30398 271003565.944864 179739557.952214 0 0
63 70407.2323478901 739130.301399678 1.49911452440267 95620.1703523876 111956.105383285 58145.2090747551 80632.1632558905 17504.9626821197 10387.4376386052 53598.3978275858 386592.76765211 1601465140.90428 1803097831.01169 958871264.47691 1317607986.03796 271006450.231581 179741269.486763 0 0
64 70407.2323478901 739130.301399665 1.49911453827872 82093.6259528742 96118.6599501434 49919.9178075447 69225.8403818549 15028.6895897491 8918.01820651298 53598.3978275858 386592.76765211 1601478667.44868 1803113668.45712 958879489.768177 1317619392.36084 271008926.504674 179742738.906195 0 0
65 70407.2323478901 739130.301399674 1.49911454872811 70480.5641217221 82521.6001519897 42858.1869438375 59433.0707808455 12902.7133105781 7656.46475895266 53598.3978275858 386592.76765211 1601490280.51051 1803127265.51692 958886551.499041 1317629185.13044 271011052.480953 179744000.459642 0 0
66 70407.2323478901 739130.301399698 1.499114556615 60510.3001084131 70847.9969314604 36795.4170967654 51025.5982500732 11077.4802155034 6573.3721928444 53598.3978275858 386592.76765211 1601500250.77452 1803138939.12014 958892614.268888 1317637592.60297 271012877.714048 179745083.552209 0 0
67 70407.2323478901 739130.301399665 1.49911456257003 51950.4305996087 60825.7427432159 31590.2872543082 43807.4475906523 9510.44476928706 5643.49400511866 53598.3978275858 386592.76765211 1601508810.64403 1803148961.37433 958897819.398731 1317644810.75363 271014444.749494 179746013.430396 0 0
68 70407.2323478901 739130.301399573 1.49911456704452 44601.459317303 52221.2589788758 27121.486685147 37610.3926176903 8165.08565128252 4845.15845916086 53598.3978275858 386592.76765211 1601516159.61531 1803157565.8581 958902288.1993 1317651007.8086 271015790.108612 179746811.765942 0 0
69 70407.2323478901 739130.301399605 1.49911457041541 38292.0834403929 44833.9771117246 23284.8486814479 32289.9814128688 7010.04285157035 4159.75653801393 53598.3978275858 386592.76765211 1601522468.99119 1803164953.13996 958906124.837304 1317656328.21981 271016945.151412 179747497.167863 0 0
70 70407.2323478901 739130.301399816 1.49911457296622 32875.2365040748 38491.7055573798 19990.9443046053 27722.1994805448 6018.39325373384 3571.31207549609 53598.3978275858 386592.76765211 1601527885.83813 1803171295.41152 958909418.74168 1317660896.00174 271017936.80101 179748085.612326 0 0
71 70407.2323478901 739130.301399879 1.49911457488916 28224.6634976673 33046.619654696 17162.9997529648 23800.5816827083 5167.02364596569 3066.10970125004 53598.3978275858 386592.76765211 1601532536.41113 1803176740.49742 958912246.686232 1317664817.61953 271018788.170618 179748590.8147 0 0
72 70407.2323478901 739130.301399401 1.49911457633253 24231.9691231507 28371.8056430781 14735.1014515676 20433.723168961 4436.09035260874 2632.37418632198 53598.3978275858 386592.76765211 1601536529.10551 1803181415.31143 958914674.584533 1317668184.47805 271019519.103911 179749024.550215 0 0
