"Time" "IECs" "pheme_e" "BiomassCD" "pro_L_e" "leu_L_e" "ile_L_e" "val_L_e" "trp_L_e" "cys_L_e" "Drug" "Damage" "pro_L_v" "leu_L_v" "ile_L_v" "val_L_v" "trp_L_v" "cys_L_v" "CD" "pheme_c"
0 457000 1e+05 0.4963 224235600.199112 195370466.451958 120509812.093413 157438605.791629 18978882.6152 31300034.1459915 0 0 0 0 0 0 0 0 45700000 1000
1 288012.252433149 179907.740877901 0.594123778242281 520311254.412327 575036626.302629 309505744.86109 423276072.272136 84885312.0549954 59083194.0802736 0 168987.747566851 308948886.240283 323153882.279863 179299117.395307 242627667.134009 44272934.0102867 37108135.1313888 48532264.0459582 1042.302460226
2 175795.297123694 320399.637412596 0.69781195215626 635074296.825741 720320450.981218 382180093.123573 525359544.587144 109711156.676791 70162497.9112603 0 281204.702876306 595417907.802996 644580374.733297 350865764.21316 477958250.083532 92611171.3447545 69120142.1392328 52252902.2839221 1622.33334501131
3 102923.039272122 441324.782360632 0.803528932542349 697758278.773301 798641197.506904 421468300.988815 580546133.558021 122810720.559528 76457176.589051 0 354076.960727878 792624023.869617 869335348.612297 469781424.457286 641595433.324629 127022279.920081 90808410.4764457 57057136.12375 1974.03713982693
4 57127.8820471555 525622.366732822 0.907130679340571 738688591.724373 849673842.43726 446897428.559538 616426518.199223 131180946.142845 80745452.8194391 0 399872.117952845 914145860.254561 1008764762.58058 543244900.564471 742852710.41823 148507713.929347 104105474.620445 63165457.3064006 2106.53575468752
5 29644.3441419415 574778.065028128 1.0047945920146 766363815.32766 884852721.297786 463990457.058386 640868748.518936 136868758.596279 83793206.496468 0 427355.655858059 982816163.337062 1087889917.86784 584805498.006703 800213384.778925 160735514.057817 111611399.499018 70824625.2132548 2096.46558278089
6 14145.1880818461 595480.355003695 1.09354975300927 783756560.331332 908340057.860056 474697689.197203 656690531.234199 140628854.977921 85868151.7659359 0 442854.811918155 1018245248.49955 1128863571.3595 606259821.629748 829866154.156865 167076187.646931 115488130.156627 80308687.4790093 2007.38480136798
7 6087.53362084225 595149.635674706 1.17156385129393 792763752.51182 922726485.642291 480239678.189669 665653797.493446 142914974.338601 87155061.9043684 0 450912.466379158 1034717922.42213 1147988928.48058 616237711.602 843680567.506243 170037780.232209 117295359.33122 91917624.3573596 1880.74189219102
8 2310.50419536912 580326.811415823 1.23815239283484 795339086.499674 930521580.895374 481839110.796577 669499354.28003 144144547.852715 87858112.8897033 9737.47760380151 454689.495804632 1041502669.9305 1155902498.60804 620347934.147115 849383290.439541 171263558.683687 118042687.645267 105972253.902553 1740.8183679558
9 2212.3683238758 742039.260847271 1.29357888076459 791687438.211237 926470154.44754 479627845.72789 666502445.48371 143517373.960055 87474736.3443885 7685.79846035205 454787.631676125 1045313507.09002 1160362072.14542 622656652.658452 852591524.819299 171954380.936319 118463748.365235 4.46447300378921 352.793023666805
10 2212.36831661164 816131.857551653 1.3387578325474 787902229.064133 922040523.358179 477334653.211285 663315769.749517 142831189.932995 87056502.8914889 7398.22687633537 454787.631683389 1049098716.24801 1164791703.26499 624949845.181724 855778200.56874 172640564.968088 118881981.820924 1.34082041655503e-05 65.2224393533705
11 2212.36831661161 847777.152271962 1.37495910888695 784135117.716491 917632071.153831 475052424.880912 660144330.107492 142148286.678574 86640269.090097 7345.44168538442 454787.631683389 1052865827.59565 1169200155.46934 627232073.512098 858949640.210765 173323468.22251 119298215.622316 -8.63184535810535e-09 12.4372484065383
12 2212.36831661161 861293.005669541 1.40357103678475 780386017.64916 913244696.603172 472781108.320963 656988053.725354 141468648.515307 86226025.3821692 7335.38986261038 454787.631683389 1056614927.66298 1173587530.02 629503390.072047 862105916.592903 174003106.385776 119712459.330244 -1.60482032931187e-08 2.38542563250423
13 2212.36831661161 867065.689745107 1.42594018849664 776654842.746762 908878298.929904 470520651.360177 653846868.104653 140792259.83217 85813762.2526879 7333.46246073606 454787.631683389 1060346102.56538 1177953927.69327 631763847.032833 865247102.213604 174679495.068913 120124722.459725 -1.60482032931187e-08 0.458023758185623
14 2212.36831661161 869531.23005043 1.44328049322955 772941507.305653 904532777.839564 468271002.076732 650720701.093572 140119105.092775 85403470.2321286 7333.09240035157 454787.631683389 1064059438.00648 1182299448.78361 634013496.316278 868373269.224685 175352649.808308 120535014.480284 -1.60482032931187e-08 0.0879633736909617
15 2212.36831661161 870584.273801714 1.45663404326549 769245926.031955 900208033.517212 466032108.797054 647609480.885265 139449168.83502 84995139.8962421 7333.02133102319 454787.631683389 1067755019.28018 1186624193.10596 636252389.595956 871484489.432993 176022586.066063 120943344.816171 -1.60482032931187e-08 0.0168940453171734
16 2212.36831661161 871034.033662135 1.46686525527751 765568014.039594 895903966.625144 463803920.09463 644513136.016205 138782435.670727 84588761.8658386 17070.4852854317 454787.631683389 1071432931.27254 1190928259.99803 638480578.298379 874580834.302052 176689319.230357 121349722.846574 0 0.00324465231679033
17 2212.36831661161 871226.12498011 1.47467362232678 761907687.39264 891620478.937556 461586385.118572 641431595.822769 138118890.383961 84184326.8667109 17070.4821105691 454787.631683389 1075093257.91949 1195211747.68562 640698113.274437 877662374.495488 177352864.517123 121754157.845702 0 6.97897539306006e-05
18 2212.36831661161 871308.180509545 1.48061538436531 758264860.898481 887357470.758016 459379452.256656 638364788.583364 137458517.530976 83781825.4857988 17070.4820422275 454787.631683389 1078736084.41365 1199474755.86516 642905046.136353 880729181.734893 178013237.370108 122156659.226614 0 1.44808016652553e-06
19 2212.36831661161 871343.193228283 1.48512624755814 754639451.445881 883114844.825821 457183071.157619 635312644.328658 136801302.045339 83381248.5400172 17070.4820408341 454787.631683389 1082361493.86625 1203717381.79735 645101427.235389 883781325.989599 178670452.855745 122557236.172395 0 5.47624759732507e-08
20 2212.36831661161 871358.161759307 1.48854435372428 751031375.895351 878892503.847196 454997191.45308 632275093.065531 136147228.855493 82982586.8431585 17070.4820406694 454787.631683389 1085969569.41678 1207939722.77598 647287306.939929 886818877.252726 179324526.045591 122955897.869254 0 -1.09952914422745e-07
21 2212.36831661161 871364.601958197 1.49113191065914 747440551.156411 874690350.585728 452821762.804349 629252064.842124 135496282.898769 82585831.2144307 17070.4820406842 454787.631683389 1089560394.15572 1212141876.03745 649462735.588659 889841905.476133 179975472.002315 123352653.497982 0 -9.51833685847281e-08
22 2212.36831661161 871367.374772725 1.49308922777878 743866894.833434 870508288.618149 450656735.293702 626243490.291559 134848449.238457 82190972.549817 17070.4820406605 454787.631683389 1093134050.4787 1216323938.00502 651627763.099307 892850480.026698 180623305.662627 123747512.162596 0 -1.18863665859262e-07
23 2212.36831661161 871368.490402238 1.49456809241276 740310324.844642 866346221.888473 448502059.193549 623249300.311178 134203712.994745 81798001.7799782 17070.4820406531 454787.631683389 1096690620.46749 1220486004.7347 653782439.19946 895844670.007079 181268041.906339 124140482.932434 0 -1.26321612087554e-07
24 2212.36831661161 871368.840200948 1.49568456082759 736770759.49929 862204054.798318 446357685.013203 620269426.127525 133562059.358706 81406909.8787809 26807.9596444546 454787.631683389 1100230185.81284 1224628171.82486 655926813.379806 898824544.190732 181909695.542378 124531574.833632 0 0
25 2212.36831661161 871369.127363313 1.49652853252786 733248126.000171 858081702.156945 444223568.649946 617303806.454398 132923475.133637 81017688.8027523 26807.9596444546 454787.631683389 1103752819.31196 1228750524.46623 658060929.743063 901790163.863859 182548279.767447 124920795.909661 0 0
26 2212.36831661161 871369.245853683 1.49716422460303 729742325.847892 853979048.695695 442099650.42991 614352358.367547 132287942.463534 80630327.6685461 26807.9596444546 454787.631683389 1107258619.46424 1232853177.92748 660184847.963099 904741611.95071 183183812.43755 125308157.043867 0 0
27 2212.36831661161 871369.297707958 1.49764261506024 726253289.316086 849896012.81747 439985888.110784 611415023.166036 131655448.708377 80244818.7719912 26807.9596444546 454787.631683389 1110747655.99604 1236936213.80571 662298610.282225 907678947.152221 183816306.192707 125693665.940422 0 0
28 2212.36831661161 871369.330198509 1.49800462252411 722780933.362694 845832497.342517 437882231.383214 608491730.93877 131025978.814272 79861152.9376454 26807.9596444546 454787.631683389 1114220011.94944 1240999729.28066 664402267.009796 910602239.379487 184445776.086812 126077331.774768 0 0
29 2212.36831661161 871369.340749628 1.49827763079189 719325179.40806 841788410.313201 435788632.641301 605582415.531444 130399518.536272 79479321.4831245 26807.9596444546 454787.631683389 1117675765.90407 1245043816.30998 666495865.751708 913511554.786813 185072236.364812 126459163.229288 0 0
30 2212.36831661161 871369.33695858 1.49848335758364 715885948.082418 837763658.84726 433705043.800477 602687010.124577 129776053.486199 79099315.6387435 26807.9596444546 454787.631683389 1121114997.22971 1249068567.77592 668579454.592532 916406960.19368 185695701.414885 126839169.073669 0 0
31 2212.36831661161 871369.334167855 1.49863817940245 712463160.425703 833758150.541882 431631417.02438 599805448.243606 129155569.350144 78721126.6800858 26807.9596444546 454787.631683389 1124537784.88643 1253074076.0813 670653081.368629 919288522.074651 186316185.55094 127217358.032327 0 0
32 2212.36831661161 871369.340191535 1.49875549938322 709056737.752623 829771793.315813 429567704.643116 596937663.645294 128538051.864011 78344745.9130954 36545.4372482561 454787.631683389 1127944207.55951 1257060433.30737 672716793.749894 922156306.672963 186933703.037073 127593738.799317 0 0
33 2212.36831661161 871369.339172674 1.4988444621623 705666610.648935 825804505.937215 427513864.603466 594083597.891472 127923488.44436 77970165.6680879 36545.4372482561 454787.631683389 1131334334.6632 1261027720.68597 674770633.789544 925010372.426785 187548266.456724 127968319.044325 0 0
34 2212.36831661161 871369.338858504 1.49891128629605 702292675.51588 821856167.169912 425469834.142216 591243163.764861 127311860.310774 77597374.4982808 36545.4372482561 454787.631683389 1134708269.79625 1264976059.45327 676814664.250794 927850806.553396 188159894.59031 128341110.214132 0 0
35 2212.36831661161 871369.338787036 1.49896143801392 698934873.023848 817926707.583582 423435577.315719 588416311.317299 126703156.70796 77226365.8482559 36545.4372482561 454787.631683389 1138066072.28829 1268905519.0396 678848921.077291 930677659.000958 188768598.193124 128712118.864156 0 0
36 2212.36831661161 871369.338694162 1.4989988859993 695593130.946659 814016042.655728 421411050.367202 585602979.74332 126097364.54273 76857131.7376342 36545.4372482561 454787.631683389 1141407814.36547 1272816183.96745 680873448.025808 933490990.574937 189374390.358354 129081352.974778 0 0
37 2212.36831661161 871369.33851375 1.49902651674376 692267375.753113 810124086.336654 419396208.749274 582803107.138789 125494470.485324 76489664.0418425 36545.4372482561 454787.631683389 1144733569.55902 1276708140.28653 682888289.643736 936290863.179468 189977284.41576 129448820.67057 0 0
38 2212.36831661161 871369.338122559 1.49904810460075 688957513.603603 806250728.810806 417390995.611103 580016614.502419 124894457.524464 76123952.3924015 36545.4372482561 454787.631683389 1148043431.70853 1280581497.81238 684893502.781907 939077355.815838 190577297.37662 129814532.320011 0 0
39 2212.36831661161 871369.337668402 1.49906464058003 685663475.988544 802395889.905022 415395369.447541 577243444.157651 124297313.24071 75759989.2195842 36545.4372482561 454787.631683389 1151337469.32359 1284436336.71816 686889128.945469 941850526.160606 191174441.660374 130178495.492828 0 0
40 2212.36831661161 871369.33730819 1.49907738175937 682385187.760705 798559481.678451 413409284.732156 574483532.839857 123703024.011345 75397766.2202598 46282.9148520576 454787.631683389 1154615757.55143 1288272744.94473 688875213.660854 944610437.4784 191768730.889739 130540718.492153 0 0
41 2212.36831661161 871369.337881347 1.49908670836451 679122570.975293 794741412.916402 411432694.243669 571736814.929205 123111575.70651 75037274.7821909 46282.9148520576 454787.631683389 1157878374.33684 1292090813.70678 690851804.149341 947357155.389052 192360179.194574 130901209.930222 0 0
42 2212.36831661161 871369.337680697 1.49909378237117 675875508.303617 790941546.315283 409465526.900862 569003191.649517 122522947.056819 74678501.9415539 46282.9148520576 454787.631683389 1161125437.00852 1295890680.3079 692818971.492148 950090778.66874 192948807.844265 131259982.770859 0 0
43 2212.36831661161 871369.336699205 1.49909876875082 672643999.137087 787159881.16289 407507782.335033 566282662.488437 121937137.951947 74321447.6311046 46282.9148520576 454787.631683389 1164356946.17505 1299672345.46029 694776716.057976 952811307.82982 193534616.949137 131617037.081308 0 0
44 2212.36831661161 871369.334907182 1.49910253067964 669427911.19787 783396262.661437 405559380.408329 563575116.084465 121354124.412522 73966097.2352664 46282.9148520576 454787.631683389 1167573034.11426 1303435963.96174 696725117.984681 955518854.233792 194117630.488562 131972387.477146 0 0
45 2212.36831661161 871369.332299254 1.49910519920739 666227223.514936 779650666.269631 403620308.415874 560880534.782601 120773902.636908 73612448.4369186 46282.9148520576 454787.631683389 1170773721.7972 1307181560.35355 698664189.977136 958213435.535656 194697852.264176 132326036.275494 0 0
46 2212.36831661161 871369.328817089 1.49910720475659 663041825.404193 775922962.459702 401690499.301947 558198825.400593 120196452.560256 73260489.0064093 46282.9148520576 454787.631683389 1173959119.90794 1310909264.16348 700593999.091063 960895144.917664 195275302.340828 132677995.706004 0 0
47 2212.36831661161 871369.324428094 1.49910878783093 659871655.019585 772213078.856465 399769915.598364 555529935.871747 119621762.97109 72910212.1102746 46282.9148520576 454787.631683389 1177129290.29255 1314619147.76672 702514582.794646 963564034.44651 195849991.929994 133028272.602138 0 0
48 2212.36831661161 871369.319733371 1.49911001708302 656716663.812536 768520958.646077 397858527.89295 552873825.324196 119049825.068507 72561612.3843095 56020.3924558591 454787.631683389 1180284281.4996 1318311267.9771 704425970.50006 966220144.994061 196421929.832577 133376872.328103 0 0
49 2212.36831661161 871369.325990619 1.49911116438953 653576768.789035 764846504.705012 395956285.90546 550230423.887294 118480623.807325 72214680.6583807 56020.3924558591 454787.631683389 1183424176.5231 1321985721.91816 706328212.48755 968863546.430963 196991131.093759 133723804.054032 0 0
50 2212.36831661161 871369.311615195 1.49911204595681 650451795.336014 761189512.692785 394063083.850093 547599584.558537 117914127.533626 71869397.6392276 56020.3924558591 454787.631683389 1186549149.97612 1325642713.93039 708221414.542917 971494385.75972 197557627.367458 134069087.073185 0 0
51 2212.36831661161 871369.276541354 1.49911266138075 647341777.20615 757550022.108376 392178942.175228 544981335.753484 117350342.366107 71525767.0562342 56020.3924558591 454787.631683389 1189659168.10599 1329282204.5148 710105556.217782 974112634.564773 198121412.534977 134412717.656178 0 0
52 2212.36831661161 871369.23843045 1.49911304892825 644246695.907884 753928011.312088 390303849.678125 542375661.90454 116789264.952611 71183786.8662404 56020.3924558591 454787.631683389 1192754249.40425 1332904215.31109 711980648.714885 976718308.413717 198682489.948473 134754697.846172 0 0
53 2212.36831661161 871369.282696552 1.49911341657596 641166424.674334 750323331.95531 388437729.559631 539782456.289745 116230872.312795 70843443.0625826 56020.3924558591 454787.631683389 1195834520.6378 1336508894.66787 713846768.83338 979311514.028512 199240882.588289 135095041.64983 0 0
54 2212.36831661161 871369.326114394 1.49911370521757 638100881.148596 746735887.660088 386580531.925477 537201649.574817 115675149.51697 70504726.5455227 56020.3924558591 454787.631683389 1198900064.16354 1340096338.96309 715703966.467533 981892320.74344 199796605.384114 135433758.16689 0 0
55 2212.36831661161 871369.334852015 1.4991139211334 635049996.269875 743165597.608208 384732214.936576 534633183.619149 115122084.04577 70167629.6844293 56020.3924558591 454787.631683389 1201950949.04226 1343666629.01497 717552283.456434 984460786.699108 200349670.855314 135770855.027983 0 0
56 2212.36831661161 871369.336010048 1.49911408390209 632013697.795471 739612377.25784 382892734.826148 532076997.603365 114571662.803015 69832144.497098 56020.3924558591 454787.631683389 1204987247.51666 1347219849.36534 719391763.566862 987016972.714892 200900092.098069 136106340.215315 0 0
57 2212.36831661161 871369.337659293 1.49911420725176 628991909.0779 736076136.912466 381062045.158862 529533026.999809 114023871.894022 69498262.5146328 56020.3924558591 454787.631683389 1208009036.23424 1350756089.71071 721222453.234148 989560943.318449 201447883.007062 136440222.19778 0 0
58 2212.36831661161 871369.339015659 1.49911429952396 625984569.797391 732556805.983031 379240109.391202 527001221.026726 113478700.384002 69165977.0722114 56020.3924558591 454787.631683389 1211016375.51474 1354275420.64015 723044389.001808 992092749.291531 201993054.517082 136772507.640201 0 0
59 2212.36831661161 871369.339323811 1.49911436783049 622991622.237904 729054316.92749 377426892.557073 524481531.094387 112936137.81017 68835281.7927019 56020.3924558591 454787.631683389 1214009323.07423 1357777909.69569 724857605.835937 994612439.22387 202535617.090914 137103202.919711 0 0
60 2212.36831661161 871369.338965944 1.49911442125235 620012954.874724 725568539.234338 375622327.091476 521973863.312837 112396163.955289 68506164.3535705 56020.3924558591 454787.631683389 1216987990.43741 1361263687.38884 726662171.301533 997120107.005421 203075590.945795 137432320.358842 0 0
61 2212.36831661161 871369.338460041 1.49911445972182 617048564.969279 722099469.698769 373826411.335306 519478215.37654 111858778.322908 68178624.4522285 56020.3924558591 454787.631683389 1219952380.34286 1364732756.92441 728458087.057704 999615754.941717 203612976.578176 137759860.260184 0 0
62 2212.36831661161 871369.338956174 1.49911448932984 614098369.652012 718647011.342898 372039095.083712 516994517.519626 111323965.890405 67852652.9322936 56020.3924558591 454787.631683389 1222902575.66012 1368185215.28028 730245403.309298 1002099452.79863 204147789.010679 138085831.780119 0 0
63 2212.36831661161 871369.341015742 1.49911451569104 611162295.972895 715211078.797146 370260334.141394 514522708.327236 110791713.433374 67528241.7334075 56020.3924558591 454787.631683389 1225838649.33924 1371621147.82603 732024164.251615 1004571261.99102 204680041.46771 138410242.979005 0 0
64 2212.36831661161 871369.3451982 1.49911454441844 608240271.014702 711791586.730322 368490084.332924 512062726.412128 110262007.733356 67205382.7988363 56020.3924558591 454787.631683389 1228760674.29743 1375040639.89285 733794414.060085 1007031243.90613 205209747.167728 138733101.913576 0 0
65 2212.36831661161 871369.352062999 1.49911458112509 605332221.860208 708388449.811232 366728301.482874 509614510.387058 109734835.571889 66884068.071846 56020.3924558591 454787.631683389 1231668723.45193 1378443776.81194 735556196.910136 1009479459.9312 205736919.329195 139054416.640567 0 0
66 2212.36831661161 871369.362169593 1.49911463142404 602438075.592187 705001582.708686 364974941.415814 507177998.864785 109210183.730515 66564289.4957026 56020.3924558591 454787.631683389 1234562869.71995 1381830643.91449 737309556.977195 1011915971.45347 206261571.170569 139374195.21671 0 0
67 2212.36831661161 871369.376077435 1.49911470092831 599557759.293416 701630900.09149 363229959.956318 504753130.458065 108688038.990773 66246039.0136723 56020.3924558591 454787.631683389 1237443186.01872 1385201326.53169 739054538.436692 1014340839.86019 206783715.910311 139692445.69874 0 0
68 2212.36831661161 871369.394345978 1.49911479525096 596691200.046667 698276316.628452 361493312.928956 502339843.779656 108168388.134203 65929308.5690211 56020.3924558591 454787.631683389 1240309745.26547 1388555909.99472 740791185.464054 1016754126.5386 207303366.766881 140009176.143391 0 0
69 2212.36831661161 871369.417534676 1.49911492000501 593838324.934717 694937746.988381 359764956.1583 499938077.442315 107651217.942345 65614090.105015 56020.3924558591 454787.631683389 1243162620.37742 1391894479.6348 742519542.23471 1019155892.87594 207820536.958739 140324394.607398 0 0
70 2212.36831661161 871369.443412504 1.49911505176141 590999068.512833 691615114.58475 358044849.995981 497547776.349709 107136516.551357 65300376.3905672 56020.3924558591 454787.631683389 1246001876.7993 1395217112.03843 744239648.397029 1021546193.96855 208335238.349728 140638108.321845 0 0
71 2212.36831661161 871369.463038321 1.49911509725502 588173383.305001 688308363.858876 356332965.679614 495168900.532935 106624275.354768 64988162.1799813 56020.3924558591 454787.631683389 1248827562.00713 1398523862.7643 745951532.713395 1023925069.78532 208847479.546316 140950322.532431 0 0
72 2212.36831661161 871369.470133787 1.49911501052593 585361212.680858 685017428.539226 354629268.900839 492801402.316264 106114484.086607 64677441.2160835 56020.3924558591 454787.631683389 1251639732.63128 1401814798.08395 747655229.49217 1026292568.00199 209357270.814477 141261043.496329 0 0
