"Time" "IECs" "pheme_e" "BiomassCD" "pro_L_e" "leu_L_e" "ile_L_e" "val_L_e" "trp_L_e" "cys_L_e" "Drug" "Damage" "pro_L_v" "leu_L_v" "ile_L_v" "val_L_v" "trp_L_v" "cys_L_v" "CD" "pheme_c"
0 457000 1e+05 0.4963 224235600.199112 195370466.451958 120509812.093413 157438605.791629 18978882.6152 31300034.1459915 0 0 0 0 0 0 0 0 45700000 1000
1 417636.177477426 109436.880231444 0.594123778080204 178408964.434474 182081139.670905 102406562.995591 137944125.271364 24026395.8824532 21954936.4108159 0 39363.8225225739 186645788.424088 177003464.652438 103832341.674112 137894468.962545 20617460.2752247 24460805.583844 48532264.0496207 642.4883465957
2 379287.510338039 143865.950766451 0.697811852366671 167626586.395267 184218221.703978 99427000.6834689 135856579.713462 26973291.1692811 19178677.7740281 0 77712.4896619608 334586119.773054 334358489.252075 190306822.17255 255310334.822966 42673541.6954288 41962952.4021563 52252906.9577544 730.897534974248
3 341672.077571453 184644.673097185 0.803528786015718 170645224.345256 193585558.386676 102680400.616491 141171616.308281 29474598.3382141 18867591.1715958 0 115327.922428546 466039117.275406 481433737.445606 268910554.256289 363088140.287846 64697004.0343091 56718365.1869574 57057143.0726949 826.062072549601
4 304600.162902284 225804.78081186 0.907130467938742 180547136.163509 207679913.839815 109309473.809357 150708543.371443 32123354.8485073 19668639.0984721 0 152399.837097715 588568619.971707 621521475.10154 342895417.983004 464966231.286388 86218462.7315167 70152932.493042 63165472.0389703 904.291046035057
5 268006.610710782 265124.081193867 1.00479440180606 194991770.547775 225789180.030924 118376047.890213 163452885.21429 35162331.0502702 21112560.9594885 0 188993.389289218 704708926.992105 755604792.474889 413318134.133456 562138446.614869 107037566.804321 82760934.6735625 70824635.5878654 966.111686340583
6 231981.937629024 301360.999154825 1.09354957673566 213139935.64642 247736407.894379 129556142.586457 179074538.363667 38699940.487507 23027951.9711654 0 225018.062370975 814924107.414955 883484179.958464 480274647.621076 654640481.479906 126986799.829025 94679018.1252806 80308696.8447312 1014.9853528417
7 196795.799719759 333420.127829802 1.17156368030499 234580126.884108 273409652.501333 142675705.462299 197394816.755885 42774314.0076992 25340991.581438 0 260204.20028024 918593401.669011 1004150082.91614 543310824.450922 741810505.535483 145852099.710474 105877455.472166 91917633.0121224 1052.8358952003
8 162904.093869099 360153.337932833 1.23815304903219 258890616.330903 302534040.486856 157511188.457433 218151163.824562 47366450.8467193 27998734.7592715 9737.47760380151 294095.9061309 1014420032.96589 1115981299.56351 601604235.37608 822501486.296772 163355071.460507 116234127.340986 105972270.629704 1079.69162586571
9 161739.866876298 483771.817820112 1.29357942073031 185291272.243411 216548144.563721 112733631.830418 156141175.679883 33904644.2307142 20040212.926662 7965.86940599145 295260.133123701 1092138044.25781 1206809215.54971 648888872.477703 887992727.674326 177575861.023478 124639712.338831 0.205848190482442 18.177114596887
10 161739.866872702 536413.736795464 1.33875826853667 130523284.929861 152541319.576014 79412072.5192624 109989309.889234 23883183.9502878 14116770.8020573 7947.90622873164 295260.133127297 1146906031.58413 1270816040.55237 682210431.796627 934144593.475747 187597321.306249 130563154.464816 3.36113507872688e-08 0.213963657638727
11 161739.866872702 557750.365480681 1.37495945557933 91943499.0209983 107453491.341685 55939626.5260549 77478911.2268769 16823844.8896809 9944166.69114701 7947.69478938556 295260.133127297 1185485817.49299 1315903868.7867 705682877.789835 966654992.138104 194656660.366856 134735758.575727 1.87202730008876e-08 0.0025243115939622
12 161739.866872702 566398.454141644 1.40357130903841 64767041.0398386 75692623.8146691 39405114.2880564 54577864.4122202 11851089.6802937 7004891.68946489 7947.69229491061 295260.133127297 1212662275.47415 1347664736.31372 722217390.027833 989556038.95276 199629415.576243 137675033.577409 2.24937733902018e-08 2.98366960729154e-05
13 161739.866872702 569903.512424513 1.42594038554374 45623407.4512034 53319641.6248679 27757877.4012448 38445914.8653036 8348182.72602896 4934408.34364233 7947.69226538867 295260.133127297 1231805909.06279 1370037718.50352 733864626.914645 1005687988.49968 203132322.530507 139745516.923231 2.71239501377396e-08 3.14821375907171e-07
14 161739.866872702 571324.388481023 1.44328064524487 32138123.20894 37559518.4079424 19553254.2126317 27082140.8975877 5880641.9776256 3475904.85171041 7947.69226506536 295260.133127297 1245291193.30505 1385797841.72044 742069250.103258 1017051762.46739 205599863.278911 141204020.415163 -1.03364218988458e-07 -8.4394129881458e-09
15 161739.866872702 571900.24572151 1.45663416162492 22638788.1101724 26457735.9800835 13773734.5801503 19077244.9705393 4142451.21962248 2448502.45042009 7947.69226506554 295260.133127297 1254790528.40382 1396899624.1483 747848769.735739 1025056658.39444 207338054.036914 142231422.816454 -1.07519461087677e-07 -8.25711731677014e-09
16 161739.866872702 572133.636689948 1.46686534975463 15947245.6884219 18637394.1034505 9702512.7108315 13438418.6610546 2918031.08144023 1724777.40219703 17685.1698688671 295260.133127297 1261482070.82557 1404719966.02494 751919991.605058 1030695484.70393 208562474.175096 142955147.864677 0 0
17 161739.866872702 572228.221746086 1.47467372677994 11233617.3601576 13128621.5838905 6834679.62776038 9466340.21406539 2055530.16830647 1214974.03039292 17685.1698688671 295260.133127297 1266195699.15383 1410228738.5445 754787824.688129 1034667563.15092 209424975.08823 143464951.236481 0 0
18 161739.866872702 572266.562414159 1.48061535890905 7913202.78143143 9248084.69998888 4814495.99951723 6668294.57602847 1447959.86223005 855853.957672752 17685.1698688671 295260.133127297 1269516113.73256 1414109275.4284 756808008.316372 1037465608.78896 210032545.394306 143824071.309201 0 0
19 161739.866872702 572282.087380293 1.48512626048375 5574249.00634813 6514571.70673076 3391445.95211818 4697305.93808181 1019977.50420441 602883.965558312 17685.1698688671 295260.133127297 1271855067.50764 1416842788.42166 758231058.363771 1039436597.4269 210460527.752332 144077041.301316 0 0
20 161739.866872702 572288.393261602 1.48854506606548 3926624.92531829 4589009.14047627 2389009.92641185 3308886.73206245 718494.829834816 424684.868497989 17685.1698688671 295260.133127297 1273502691.58867 1418768350.98791 759233494.389478 1040825016.63292 210762010.426701 144255240.398376 0 0
21 161739.866872702 572290.9493604 1.49113279150949 2766002.0376965 3232600.22919971 1682871.79198729 2330853.49822399 506123.757984449 299157.478492573 17685.1698688671 295260.133127297 1274663314.47629 1420124759.89919 759939632.523902 1041803049.86676 210974381.498552 144380767.788381 0 0
22 161739.866872702 572291.985015108 1.4930895310809 1948432.40437955 2277114.38789207 1185451.74126299 1641904.24443187 356524.65806009 210733.078704755 17685.1698688671 295260.133127297 1275480884.10961 1421080245.7405 760437052.574627 1042491999.12055 211123980.598476 144469192.188169 0 0
23 161739.866872702 572292.404824233 1.49456803746194 1372518.86689275 1604049.72347503 835058.417739896 1156593.65346659 251143.852155232 148445.040100211 17685.1698688671 295260.133127297 1276056797.6471 1421753310.40492 760787445.89815 1042977309.71152 211229361.404381 144531480.226774 0 0
24 161739.866872702 572292.57487989 1.49568456190645 966832.601811786 1129928.05052932 588233.591656255 814730.112782833 176911.275950606 104567.964643765 27422.6474726686 295260.133127297 1276462483.91218 1422227432.07786 761034270.724233 1043319173.2522 211303593.980586 144575357.30223 0 0
25 161739.866872702 572292.644118318 1.49652736570666 681059.781130119 795948.077613635 414365.672440142 573915.185785193 124620.492371259 73660.1506610846 27422.6474726686 295260.133127297 1276748256.73286 1422561412.05078 761208138.643449 1043559988.1792 211355884.764165 144606265.116213 0 0
26 161739.866872702 572292.672184569 1.4971633537837 479753.224808997 560683.023129078 291888.132453569 404278.256881384 87785.3673772784 51887.8016272412 27422.6474726686 295260.133127297 1276949563.28918 1422796677.10526 761330616.183435 1043729625.1081 211392719.889159 144628037.465247 0 0
27 161739.866872702 572292.683549202 1.49764315598636 337949.628012202 394958.510543972 205612.970758315 284783.258269665 61838.1090859306 36551.0065414953 27422.6474726686 295260.133127297 1277091366.88598 1422962401.61785 761416891.345131 1043849120.10671 211418667.147451 144643374.260332 0 0
28 161739.866872702 572292.688165253 1.49800506399047 238059.23118047 278217.555442572 144838.347736514 200607.658352853 43560.1388089681 25747.341600348 27422.6474726686 295260.133127297 1277191257.28281 1423079142.57295 761477665.968152 1043933295.70663 211436945.117728 144654177.925273 0 0
29 161739.866872702 572292.690036376 1.49827800769523 167694.223684853 195982.641563985 102027.357490115 141312.501791688 30684.7317995273 18137.0007800534 27422.6474726686 295260.133127297 1277261622.29031 1423161377.48682 761520476.958399 1043992590.86319 211449820.524737 144661788.266094 0 0
30 161739.866872702 572292.690794499 1.49848383496437 118127.483275414 138054.464279751 71870.304776853 99543.620675781 21614.997003541 12776.1005074228 27422.6474726686 295260.133127297 1277311189.03072 1423219305.66411 761550634.011112 1044034359.74431 211458890.259533 144667149.166366 0 0
31 161739.866872702 572292.691101809 1.49863903732203 83211.6111036957 97248.6171231807 50627.0317894793 70120.7273858079 15226.0818125848 8999.76768629476 27422.6474726686 295260.133127297 1277346104.90289 1423260111.51127 761571877.284099 1044063782.6376 211465279.174724 144670925.499187 0 0
32 161739.866872702 572292.691226293 1.49875605946984 58616.0965841764 68504.0736306184 35662.7992870395 49394.5889820257 10725.5882957589 6339.6351174791 37160.1250764701 295260.133127297 1277370700.41741 1423288856.05476 761586841.516602 1044084508.776 211469779.668241 144673585.631756 0 0
33 161739.866872702 572292.691276977 1.49884428956949 41290.5667998482 48255.8920354711 25121.7205177835 34794.7184266097 7555.35843908882 4465.78913573714 37160.1250764701 295260.133127297 1277388025.94719 1423309104.23636 761597382.595371 1044099108.64656 211472949.898098 144675459.477738 0 0
34 161739.866872702 572292.691297523 1.49891080998649 29085.967379019 33992.4929680146 17696.2827133623 24510.151435418 5322.15772579178 3145.79835518522 37160.1250764701 295260.133127297 1277400230.54661 1423323367.63542 761604808.033176 1044109393.21355 211475183.098811 144676779.468518 0 0
35 161739.866872702 572292.691305842 1.49896096083426 20488.8499912781 23945.1237834235 12465.6841284526 17265.5359706563 3749.05499455138 2215.97548268905 37160.1250764701 295260.133127297 1277408827.664 1423333415.00461 761610038.63176 1044116637.82901 211476756.201542 144677709.291391 0 0
36 161739.866872702 572292.691309221 1.49899876987709 14432.8014367199 16867.4775349005 8781.10503397773 12162.2273807024 2640.91768619208 1560.98239500534 37160.1250764701 295260.133127297 1277414883.71256 1423340492.65086 761613723.210855 1044121741.1376 211477864.338851 144678364.284478 0 0
37 161739.866872702 572292.691310592 1.49902727385621 10166.7867303053 11881.8267906915 6185.60592884811 8567.34380274155 1860.32122769288 1099.59075993408 37160.1250764701 295260.133127297 1277419149.72726 1423345478.3016 761616318.70996 1044125336.02118 211478644.935309 144678825.676113 0 0
38 161739.866872702 572292.691311144 1.49904876260185 7161.70720141003 8369.81897526706 4357.27626642031 6035.02457921703 1310.45100942173 774.575809734465 37160.1250764701 295260.133127297 1277422154.80679 1423348990.30942 761618147.039622 1044127868.3404 211479194.805527 144679150.691064 0 0
39 161739.866872702 572292.691311369 1.49906496253199 5044.8649032426 5895.8855489799 3069.36174462255 4251.20475239537 923.110666064219 545.628326813021 37160.1250764701 295260.133127297 1277424271.64909 1423351464.24284 761619434.954144 1044129652.16023 211479582.145871 144679379.638547 0 0
40 161739.866872702 572292.691311461 1.49907717524738 3553.71425337723 4153.19199097355 2162.12619957871 2994.6425151845 650.259540018294 384.352643575352 46897.6026802716 295260.133127297 1277425762.79974 1423353206.9364 761620342.189689 1044130908.72247 211479854.996997 144679540.91423 0 0
41 161739.866872702 572292.691311499 1.49908638202484 2503.32050078495 2925.60681963089 1523.05291162505 2109.49712505987 458.058223395935 270.747106714811 46897.6026802716 295260.133127297 1277426813.19349 1423354434.52157 761620981.262977 1044131793.86786 211480047.198314 144679654.519767 0 0
42 161739.866872702 572292.691311514 1.49909332276328 1763.39304772129 2060.86065467264 1072.87137816717 1485.9753528772 322.666109407358 190.720111756304 46897.6026802716 295260.133127297 1277427553.12095 1423355299.26774 761621431.444511 1044132417.38963 211480182.590428 144679734.546762 0 0
43 161739.866872702 572292.69131152 1.49909855513618 1242.1761729599 1451.7194588767 755.756219143576 1046.75652392697 227.293712791614 134.347801151915 46897.6026802716 295260.133127297 1277428074.33782 1423355908.40893 761621748.55967 1044132856.60846 211480277.962824 144679790.919072 0 0
44 161739.866872702 572292.691311522 1.49910249964831 875.01651200882 1022.62346112691 532.371482563717 737.358566705197 160.110744432121 94.6375779209206 46897.6026802716 295260.133127297 1277428441.49748 1423356337.50493 761621971.944406 1044133166.00642 211480345.145793 144679830.629296 0 0
45 161739.866872702 572292.691311524 1.49910547326149 616.381116639669 720.358738630262 375.014327599834 519.411794488506 112.785573854502 66.6648173541927 46897.6026802716 295260.133127297 1277428700.13288 1423356639.76965 761622129.301561 1044133383.95319 211480392.470963 144679858.602056 0 0
46 161739.866872702 572292.691311523 1.49910771496104 434.1923556001 507.436469352183 264.16830413633 365.885041717264 79.4486279147694 46.9601571191359 46897.6026802716 295260.133127297 1277428882.32164 1423356852.69192 761622240.147585 1044133537.47994 211480425.807909 144679878.306716 0 0
47 161739.866872702 572292.691311523 1.49910940490333 305.854695602161 357.449468811218 186.085994392246 257.737513377336 55.965370171698 33.0797729988862 46897.6026802716 295260.133127297 1277429010.6593 1423357002.67892 761622318.229894 1044133645.62747 211480449.291167 144679892.187101 0 0
48 161739.866872702 572292.691311524 1.49911067888597 215.450802385403 251.795300104816 131.083084160477 181.555996557907 39.4232427445631 23.3021226674496 56635.0802840731 295260.133127297 1277429101.06319 1423357108.33309 761622373.232805 1044133721.80899 211480465.833294 144679901.964751 0 0
49 161739.866872702 572292.691311524 1.49911163928842 151.768650856976 177.370576326173 92.3380308309071 127.892346408148 27.7706664236344 16.4145674102265 56635.0802840731 295260.133127297 1277429164.74534 1423357182.75781 761622411.977858 1044133775.47264 211480477.48587 144679908.852306 0 0
50 161739.866872702 572292.691311524 1.49911236330272 106.909116913968 124.943666392757 65.0449040560428 90.0901321672513 19.5622574668666 11.5627759517074 56635.0802840731 295260.133127297 1277429209.60488 1423357235.18472 761622439.270985 1044133813.27485 211480485.694279 144679913.704098 0 0
51 161739.866872702 572292.691311524 1.49911290910769 75.3093355458173 88.0133029652533 45.819184055593 63.4616409581821 13.7801214165061 8.14509556457168 56635.0802840731 295260.133127297 1277429241.20466 1423357272.11509 761622458.496705 1044133839.90334 211480491.476415 144679917.121778 0 0
52 161739.866872702 572292.691311524 1.49911332056881 53.0495702321081 61.9985273163698 32.276051898722 44.7037907671845 9.70702388480336 5.73758639706887 56635.0802840731 295260.133127297 1277429263.46442 1423357298.12986 761622472.039837 1044133858.6612 211480495.549513 144679919.529287 0 0
53 161739.866872702 572292.691311524 1.49911363077354 37.3692988080583 43.6731434921736 22.7359698197467 31.490345873165 6.83784382231674 4.0416836474077 56635.0802840731 295260.133127297 1277429279.14469 1423357316.45525 761622481.579919 1044133871.87464 211480498.418693 144679921.22519 0 0
54 161739.866872702 572292.691311524 1.49911386462423 26.3237521151718 30.7643183053359 16.015714844079 22.1824889742772 4.81672687265173 2.84705043594133 56635.0802840731 295260.133127297 1277429290.19024 1423357329.36407 761622488.300174 1044133881.1825 211480500.43981 144679922.419823 0 0
55 161739.866872702 572292.691311524 1.49911404089448 18.5430330349486 21.6710660447501 11.2818236599679 15.6258357109484 3.39300891184232 2.0055252782675 56635.0802840731 295260.133127297 1277429297.97096 1423357338.45732 761622493.034066 1044133887.73915 211480501.863528 144679923.261348 0 0
56 161739.866872702 572292.691311524 1.49911417377811 13.0621220131254 15.2655775512838 7.94716575758251 11.0071837885838 2.39011041584057 1.41273630024624 56635.0802840731 295260.133127297 1277429303.45187 1423357344.86281 761622496.368724 1044133892.3578 211480502.866426 144679923.854137 0 0
57 161739.866872702 572292.691311524 1.49911427395432 9.20124458997935 10.7534068902066 5.59815747082653 7.75370113553107 1.683646080714 0.995162365398689 56635.0802840731 295260.133127297 1277429307.31275 1423357349.37498 761622498.717732 1044133895.61128 211480503.572891 144679924.271711 0 0
58 161739.866872702 572292.691311524 1.49911434947316 6.4815589060758 7.57493614241942 3.94346515385177 5.46187748392031 1.18599730095384 0.701014240993648 56635.0802840731 295260.133127297 1277429310.03243 1423357352.55345 761622500.372424 1044133897.90311 211480504.070539 144679924.565859 0 0
59 161739.866872702 572292.691311524 1.49911440640389 4.5657529957166 5.33595202724973 2.77786379798617 3.84746692050733 0.835442647086941 0.493809886978951 56635.0802840731 295260.133127297 1277429311.94824 1423357354.79244 761622501.538025 1044133899.51752 211480504.421094 144679924.773064 0 0
60 161739.866872702 572292.691311524 1.49911444932192 3.21621669966982 3.7587618153628 1.95678827673619 2.71024021071049 0.588504151603966 0.347850531216586 56635.0802840731 295260.133127297 1277429313.29778 1423357356.36963 761622502.359101 1044133900.65475 211480504.668033 144679924.919023 0 0
61 161739.866872702 572292.691311524 1.49911448167592 2.26557365684171 2.64775434817651 1.37840462436669 1.90915270906008 0.414555245283337 0.24503355141573 56635.0802840731 295260.133127297 1277429314.24842 1423357357.48064 761622502.937485 1044133901.45583 211480504.841981 144679925.02184 0 0
62 161739.866872702 572292.691311524 1.49911450606618 1.59592000408458 1.8651365041239 0.97097858950927 1.3448492350007 0.292021849189489 0.172607032746567 56635.0802840731 295260.133127297 1277429314.91807 1423357358.26325 761622503.344911 1044133902.02014 211480504.964515 144679925.094267 0 0
63 161739.866872702 572292.691311524 1.49911452445215 1.12420116012414 1.31384318534737 0.683978679375082 0.947341386980802 0.205706614868055 0.121588191113985 56635.0802840731 295260.133127297 1277429315.38979 1423357358.81455 761622503.63191 1044133902.41764 211480505.05083 144679925.145285 0 0
64 161739.866872702 572292.691311524 1.4991145383139 0.791911973396551 0.925499978604552 0.48180959507753 0.667328067124018 0.144904254771377 0.0856493906803595 56635.0802840731 295260.133127297 1277429315.72208 1423357359.20289 761622503.83408 1044133902.69766 211480505.111632 144679925.181224 0 0
65 161739.866872702 572292.691311524 1.49911454876316 0.557840220511095 0.651942551055852 0.339397281252917 0.470080575396623 0.102073745757343 0.0603333155563273 56635.0802840731 295260.133127297 1277429315.95615 1423357359.47645 761622503.976492 1044133902.89491 211480505.154463 144679925.20654 0 0
66 161739.866872702 572292.691311524 1.49911455664087 0.39295478743566 0.45924251631718 0.239078828681081 0.331134984159777 0.0719029671795619 0.0425001000609105 56635.0802840731 295260.133127297 1277429316.12104 1423357359.66915 761622504.07681 1044133903.03385 211480505.184634 144679925.224374 0 0
67 161739.866872702 572292.691311524 1.49911456257905 0.276805941619171 0.323500466784796 0.168412352795462 0.233258720911791 0.0506500217626616 0.0299379994656336 56635.0802840731 295260.133127297 1277429316.23719 1423357359.80489 761622504.147477 1044133903.13173 211480505.205887 144679925.236936 0 0
68 161739.866872702 572292.691311524 1.4991145670555 0.194988182766507 0.227880831507885 0.118633358933465 0.164312564387119 0.0356789873903002 0.0210889841356737 56635.0802840731 295260.133127297 1277429316.31901 1423357359.90051 761622504.197256 1044133903.20067 211480505.220858 144679925.245785 0 0
69 161739.866872702 572292.691311524 1.49911457043092 0.137353927425268 0.160524226383689 0.0835679246915084 0.115745352993617 0.0251330566554712 0.0148555402452848 56635.0802840731 295260.133127297 1277429316.37664 1423357359.96787 761622504.232321 1044133903.24924 211480505.231404 144679925.252018 0 0
70 161739.866872702 572292.691311524 1.49911457297478 0.096755108499672 0.113076773498434 0.0588670726217158 0.0815335563908579 0.0177042744187576 0.010464567232961 56635.0802840731 295260.133127297 1277429316.41724 1423357360.01531 761622504.257022 1044133903.28345 211480505.238832 144679925.256409 0 0
71 161739.866872702 572292.691311524 1.49911457489283 0.0681563623696834 0.0796536913623063 0.041467221684352 0.057433976364005 0.0124712685613189 0.00737146438498846 56635.0802840731 295260.133127297 1277429316.44584 1423357360.04874 761622504.274422 1044133903.30755 211480505.244065 144679925.259502 0 0
72 161739.866872702 572292.691311524 1.49911457633859 0.0480108448993533 0.0561098170251166 0.0292104255490754 0.0404577597056987 0.00878503663897509 0.00519262209665411 56635.0802840731 295260.133127297 1277429316.46598 1423357360.07228 761622504.286678 1044133903.32453 211480505.247752 144679925.261681 0 0
