"Time" "IECs" "pheme_e" "BiomassCD" "pro_L_e" "leu_L_e" "ile_L_e" "val_L_e" "trp_L_e" "cys_L_e" "Drug" "Damage" "pro_L_v" "leu_L_v" "ile_L_v" "val_L_v" "trp_L_v" "cys_L_v" "CD" "pheme_c"
0 457000 1e+05 0.4963 224235600.199112 195370466.451958 120509812.093413 157438605.791629 18978882.6152 31300034.1459915 0 0 0 0 0 0 0 0 45700000 1000
1 372745.72105134 132858.56413276 0.594123778002503 291506121.949817 312126006.726639 170928324.0603 232357616.380279 44178755.6510394 34228886.8777321 0 84254.2789486602 234314299.779791 233658005.872797 133170059.972664 178567915.57419 29733545.4406147 29424790.384545 48532264.0512201 775.089137653099
2 299760.58193534 207853.607568166 0.697812015096131 327343696.759318 367657566.322954 196111226.44337 269071862.319266 55338226.8692485 36562138.8046608 0 157239.41806466 459536174.016975 481671639.859924 266902531.635875 361350769.205249 66159686.3673077 55117831.87816 52252899.2010498 1053.40161980621
3 236674.210652824 286885.210506883 0.803528848186708 355209315.93956 405975087.091403 214459630.686314 295283232.644049 62355333.6036016 38949448.6958186 0 220325.789347176 657090743.028471 705730337.255459 385773367.535838 524763868.410667 100273863.056751 76955688.5594883 57057141.3726665 1282.55972817228
4 182515.754541463 357979.659347672 0.907130662680829 381917551.435759 440080416.106067 231359895.541157 319135575.406701 68169853.8207962 41564892.1539413 0 274484.245458537 823596162.545899 896870027.207945 486486903.565384 663566718.391934 129769227.576525 95137092.2481282 63165461.2693214 1433.54056807282
5 136628.646565973 416942.006719583 1.00479456975746 409284402.517345 473904372.964921 248345650.470742 343012426.608322 73709792.0155366 44416325.5683562 0 320371.353434027 959525084.524196 1053890552.41916 568903180.954148 777324585.276717 154145750.837934 109906308.296302 70824625.9434296 1519.63754120075
6 98560.8151354773 462003.605326098 1.09354973086555 437162718.388373 508064909.45221 265494130.136885 367151499.171816 79193379.864288 47422455.894017 0 358439.184864522 1066563480.95001 1178054126.8513 633881958.163284 867125152.461452 173479810.900306 121518225.239951 80308686.7405657 1556.48411138141
7 67932.3418823061 492382.410547976 1.17156373046439 464391345.842647 541649473.996906 282170639.560273 390765920.299559 84529865.1404608 50439229.7029756 0 389067.658117694 1147137046.77441 1271853382.56654 682827858.750298 934856260.432695 188109694.517828 130262785.16021 91917617.2463356 1555.27613994461
8 44295.8415541567 508051.170785 1.23815209762536 489261572.28459 572984003.549218 297369306.009002 412544774.76151 89481456.7461814 53283717.3755162 9737.47760380151 412704.158445843 1204448485.27211 1338823057.879 717656303.319218 983127022.857541 198564689.876011 136494713.613679 105972233.959705 1523.52870837369
9 43641.6219541841 667969.619354627 1.29357863785254 447159316.063961 523753189.421479 271781847.451622 377071519.434356 81794550.3811844 48703929.8904661 7616.14442628825 413358.378045816 1248802996.6328 1390774771.32303 744614810.991481 1020529303.80737 206677985.540224 141325721.425119 0.114469773547077 80.7610838747843
10 43641.6219529203 738709.106199482 1.33875763641112 406821295.374928 476505673.308571 247264541.445552 343056084.206366 74415904.455705 44310372.4692594 7539.18102863 413358.378047079 1289141017.32619 1438022287.44119 769132117.000205 1054544739.03909 214056631.466528 145719278.846811 2.17168732630704e-08 3.79770651444486
11 43641.6219529203 768514.206897443 1.37495895292423 370122147.573171 433520332.2462 224958929.483226 312109164.559551 67702882.5282161 40313155.6890966 7535.56364122464 413358.378047079 1325840165.12794 1481007628.50356 791437728.962531 1085491658.68591 220769653.394016 149716495.626974 2.59595974352966e-08 0.180319109172354
12 43641.6219529203 781072.172349247 1.40357091426754 336733611.739586 394412677.536268 204665495.741461 283953951.22467 61595438.9878821 36676525.8572539 7535.3918877651 413358.378047079 1359228700.96153 1520115283.2135 811731162.704295 1113646872.02079 226877096.93435 153353125.458816 2.86243704227272e-08 0.00856564972820107
13 43641.6219529203 786363.296378236 1.42594009317808 306357039.206329 358832905.011267 186202722.618434 258338605.756419 56038944.9079854 33367954.6035105 7535.38372901827 413358.378047079 1389605273.49479 1555695055.7385 830193935.827323 1139262217.48904 232433591.014247 156661696.712559 -1.36228703350001e-08 0.000406902906337429
14 43641.6219529203 788592.644305969 1.44328041973643 278720722.225305 326462766.130815 169405467.107857 235034007.906746 50983699.4049886 30357847.9226911 7535.38334145793 413358.378047079 1417241590.47581 1588065194.61895 846991191.3379 1162566815.33871 237488836.517244 159671803.393379 -1.36228703350001e-08 1.93425646136417e-05
15 43641.6219529203 789531.867933412 1.45663395447095 253577468.032518 297012726.507739 154123486.323889 213831709.930595 46384485.8854712 27619281.9453499 7535.3833230156 413358.378047079 1442384844.6686 1617515234.24202 862273172.121868 1183769113.31486 242088050.036761 162410369.37072 -1.36228703350001e-08 9.00230633799528e-07
16 43641.6219529203 789927.822515708 1.46686520031239 230702369.456969 270219354.644802 140220082.485129 194542056.6298 42200164.2450711 25127760.115797 17272.8609259408 413358.378047079 1465259943.24415 1644308606.10496 876176575.960628 1203058766.61566 246272371.677162 164901891.200273 0 2.38877230752968e-08
17 43641.6219529203 790094.276283247 1.47467312048759 209891037.482962 245843251.752787 127571028.672247 176992694.943752 38393347.5681163 22861020.6854047 17272.8609259154 413358.378047079 1486071275.21816 1668684708.99697 888825629.77351 1220608128.30171 250079188.354117 167168630.630665 0 -1.48918355389203e-09
18 43641.6219529203 790164.691367349 1.48061459648037 190956923.746881 223665915.618016 116062941.451013 161026316.118297 34929912.357727 20798745.0829245 17272.8609259098 413358.378047079 1505005388.95424 1690862045.13175 900333716.994744 1236574507.12716 253542623.564506 169230906.233146 0 -7.09239576068891e-09
19 43641.6219529203 790194.279992693 1.48512510198848 173730903.357532 203489251.964042 105593027.311984 146500303.914873 31778922.2251568 18922512.4758982 17272.8609259098 413358.378047079 1522231409.34359 1711038708.78572 910803631.133773 1251100519.33059 256693613.697076 171107138.840172 0 -7.09239576068891e-09
20 43641.6219529203 790206.89746616 1.48854362678582 158058857.626725 185132743.128391 96067613.4627151 133284696.224133 28912185.7219599 17215536.4852551 17272.8609259098 413358.378047079 1537903455.07439 1729395217.62137 920329044.983042 1264316127.02133 259560350.200273 172814114.830815 0 -7.09239576068891e-09
21 43641.6219529203 790212.13200755 1.4911314465151 143800527.630801 168432105.250765 87401451.0265226 121261218.320362 26304046.6330346 15662540.3169333 17272.8609259098 413358.378047079 1552161785.07032 1746095855.499 928995207.419234 1276339604.9251 262168489.289198 174367110.999137 0 -7.09239576068891e-09
22 43641.6219529203 790214.41594593 1.4930891163685 130828273.656526 153237835.224549 79516961.038091 110322236.751947 23931157.0539993 14249621.6425649 17272.8609259098 413358.378047079 1565134039.04459 1761290125.52521 936879697.407666 1287278586.49351 264541378.868234 175780029.673505 0 -7.09239576068891e-09
23 43641.6219529203 790215.145481758 1.49456800034807 119026248.412658 139414242.287874 72343731.924398 100370062.143844 21772326.1547415 12964162.5469061 17272.8609259098 413358.378047079 1576936064.28846 1775113718.46189 944052926.521359 1297230761.10162 266700209.767491 177065488.769164 0 -7.09239576068891e-09
24 43641.6219529203 790215.305278885 1.49568445861601 108288936.224727 126837736.997218 65817631.6324759 91315717.3591194 19808252.9683766 11794670.4190974 27010.3385297113 413358.378047079 1587673376.47639 1787690223.75254 950579026.813281 1306285105.88634 268664282.953857 178234980.896973 0 0
25 43641.6219529203 790215.628115462 1.49652716825348 98520411.2060401 115395962.330601 59880356.7483798 83078311.9443064 18021390.6956093 10730697.1537491 27010.3385297113 413358.378047079 1597441901.49508 1799131998.41916 956516301.697377 1314522511.30115 270451145.226624 179298954.162321 0 0
26 43641.6219529203 790215.76500491 1.49716317516576 89632949.9583065 104986168.757843 54478589.3015437 75583872.2754749 16395692.93941 9762688.04834998 27010.3385297113 413358.378047079 1606329362.74281 1809541791.99191 961918069.144213 1322016950.96999 272076842.982824 180266963.26772 0 0
27 43641.6219529203 790215.822625078 1.497643000263 81547223.8272486 95515439.4276155 49564113.6170598 68765503.679678 14916648.8724831 8882002.74346345 27010.3385297113 413358.378047079 1614415088.87387 1819012521.32214 966832544.828697 1328835319.56578 273555887.049751 181147648.572607 0 0
28 43641.6219529203 790215.847366858 1.49800500702808 74190868.6540169 86899014.9317266 45092947.0156571 62562184.3636763 13571021.6156579 8080759.44217153 27010.3385297113 413358.378047079 1621771444.0471 1827628945.81803 971303711.4301 1335038638.88178 274901514.306576 181948891.873899 0 0
29 43641.6219529203 790215.85612075 1.49827799357857 67498125.7436879 79059872.775148 41025121.5956276 56918462.6570695 12346782.5637109 7351795.80489594 27010.3385297113 413358.378047079 1628464186.95743 1835468087.97461 975371536.850129 1340682360.58839 276125753.358523 182677855.511174 0 0
30 43641.6219529203 790215.860096974 1.49848382752061 61409146.9006766 71927913.3710151 37324261.8358127 51783870.9765289 11232984.2621821 6688593.25488533 27010.3385297113 413358.378047079 1634553165.80044 1842600047.37874 979072396.609944 1345816952.26893 277239551.660052 183341058.061185 0 0
31 43641.6219529203 790215.863166929 1.49863904119076 55869452.5548205 65439325.3491833 33957255.2465577 47112468.8852541 10219661.2875942 6085217.95811156 27010.3385297113 413358.378047079 1640092860.1463 1849088635.40057 982439403.199199 1350488354.36021 278252874.63464 183944433.357959 0 0
32 43641.6219529203 790215.862187698 1.49875611796747 50829453.4305668 59536025.2921796 30893961.6419394 42862439.7357807 9297742.75100026 5536268.72418661 36747.8161335128 413358.378047079 1645132859.27055 1854991935.45758 985502696.803818 1354738383.50968 279174793.171233 184493382.591884 0 0
33 43641.6219529203 790215.863528844 1.49884432085272 46244234.2870152 54165404.4320995 28107081.6977301 38995908.3066302 8459012.73963116 5036853.45164857 36747.8161335128 413358.378047079 1649718078.4141 1860362556.31766 988289576.748027 1358604914.93883 280013523.182602 184992797.864422 0 0
34 43641.6219529203 790215.864097515 1.49891083039869 42072572.5150847 49279179.143383 25571560.4582343 35478113.2246571 7695930.79831981 4582482.23501976 36747.8161335128 413358.378047079 1653889740.18603 1865248781.60638 990825097.987523 1362122710.0208 280776605.123913 185447169.081051 0 0
35 43641.6219529203 790215.864336884 1.49896097400496 38277234.9882029 44833738.6410283 23264767.7610854 32277657.2873305 7001686.22954104 4169099.69734384 36747.8161335128 413358.378047079 1657685077.71291 1869694222.10873 993131890.684672 1365323165.95813 281470849.692692 185860551.618727 0 0
36 43641.6219529203 790215.864439667 1.49899878626027 34824254.9733369 40789298.0337872 21166058.7463332 29365897.7108042 6370065.8257052 3793006.23240707 36747.8161335128 413358.378047079 1661138057.72778 1873738662.71597 995230599.699424 1368234925.53466 282102470.096528 186236645.083664 0 0
37 43641.6219529203 790215.864476043 1.49902728928878 31682766.1252938 37109703.8833665 19256672.9587682 26716806.1439668 5795423.5033332 3450839.9236436 36747.8161335128 413358.378047079 1664279546.57582 1877418256.86639 997139985.486989 1370884017.10149 282677112.4189 186578811.392427 0 0
38 43641.6219529203 790215.864492554 1.49904877458058 28824676.5040573 33762052.3842276 17519536.2168137 24306693.7803339 5272620.67418493 3139541.03858696 36747.8161335128 413358.378047079 1667137636.19706 1880765908.36553 998877122.228944 1373294129.46513 283199915.248048 186890110.277484 0 0
39 43641.6219529203 790215.864505307 1.49906497256273 26224414.0738748 30716391.269238 15939105.9277733 22113996.747635 4796979.69185659 2856324.30900789 36747.8161335128 413358.378047079 1669737898.62724 1883811569.48052 1000457552.51798 1375486826.49783 283675556.230376 187173327.007063 0 0
40 43641.6219529203 790215.864501256 1.49907718861248 23858702.281006 27945456.9461562 14501234.6847821 20119086.8615277 4364242.80037793 2598654.48717535 46485.2937373143 413358.378047079 1672103610.42011 1886582503.8036 1001895423.76098 1377481736.38393 284108293.121855 187430996.828895 0 0
41 43641.6219529203 790215.864506818 1.49908639075415 21706459.0792393 25424556.2272386 13193108.8948731 18304186.4778656 3970553.66392182 2364235.34786549 46485.2937373143 413358.378047079 1674255853.62188 1889103404.52252 1003203549.55089 1379296636.76759 284501982.258311 187665415.968205 0 0
42 43641.6219529203 790215.864509176 1.49909332901164 19748333.7875238 23131023.855263 12002967.2826874 16652977.9433117 3612372.64862785 2150959.24358135 46485.2937373143 413358.378047079 1676213978.91359 1891396936.89449 1004393691.16307 1380947845.30215 284860163.273605 187878692.072489 0 0
43 43641.6219529203 790215.864510169 1.49909855961479 17966850.3222644 21044390.2700689 10920187.946556 15150724.377389 3286503.02270774 1956922.70520221 46485.2937373143 413358.378047079 1677995462.37885 1893483570.47969 1005476470.49921 1382450098.86807 285186032.899525 188072728.610868 0 0
44 43641.6219529203 790215.864510595 1.49910250369831 16346065.1494223 19145980.9713081 9935080.46299812 13783981.2372038 2990028.38891484 1780389.18663333 46485.2937373143 413358.378047079 1679616247.55169 1895381979.77845 1006461577.98276 1383816842.00825 285482507.533318 188249262.129437 0 0
45 43641.6219529203 790215.864510746 1.49910547664689 14871489.9856625 17418825.9790801 9038838.90475311 12540531.1344229 2720298.54500885 1619780.64552954 46485.2937373143 413358.378047079 1681090822.71545 1897109134.77068 1007357819.54101 1385060292.11103 285752237.377224 188409870.670541 0 0
46 43641.6219529203 790215.864510814 1.49910771755745 13529938.8403487 15847480.6757657 8223448.87344694 11409254.8519221 2474901.50462013 1473660.88333609 46485.2937373143 413358.378047079 1682432373.86077 1898680480.07399 1008173209.57231 1386191568.39353 285997634.417613 188555990.432734 0 0
47 43641.6219529203 790215.864510867 1.49910940696488 12309408.5195248 14417885.8415482 7481614.87033567 10380030.5775854 2251641.63899286 1340722.52995937 46485.2937373143 413358.378047079 1683652904.18159 1900110074.90821 1008915043.57543 1387220792.66787 286220894.28324 188688928.786111 0 0
48 43641.6219529203 790215.86451085 1.49911068104569 11198973.3089954 13117244.2977686 6806696.28505486 9443645.09477037 2048520.41237454 1219775.57280416 56222.7713411158 413358.378047079 1684763339.39212 1901410716.45199 1009589962.16071 1388157178.15069 286424015.509859 188809875.743266 0 0
49 43641.6219529203 790215.864510873 1.49911164077574 10188737.7278622 11933965.5676212 6192678.6793868 8591753.94126004 1863727.73967514 1109742.21075889 56222.7713411158 413358.378047079 1685773574.97325 1902593995.18214 1010203979.76638 1389009069.3042 286608808.182558 188919909.105311 0 0
50 43641.6219529203 790215.864510883 1.49911236438911 9269618.45270342 10857410.4461476 5634041.24154952 7816697.51466871 1695602.09595589 1009633.10170052 56222.7713411158 413358.378047079 1686692694.24841 1903670550.30361 1010762617.20422 1389784125.73079 286776933.826278 189020018.21437 0 0
51 43641.6219529203 790215.864510887 1.49911290990187 8433412.61502015 9877970.9963454 5125798.29714245 7111558.66493925 1542643.00942382 918554.801351054 56222.7713411158 413358.378047079 1687528900.0861 1904649989.75341 1011270860.14862 1390489264.58052 286929892.91281 189111096.514719 0 0
52 43641.6219529203 790215.864510889 1.49911332123815 7672636.52702146 8986881.6503101 4663401.28725051 6470026.69826543 1403481.56109177 835692.197529245 56222.7713411158 413358.378047079 1688289676.17409 1905541079.09945 1011733257.15851 1391130796.54719 287069054.361142 189193959.118541 0 0
53 43641.6219529203 790215.86451089 1.49911363129175 6980489.56853359 8176176.91033627 4242716.81903526 5886366.92437045 1276873.77895817 760304.576766183 56222.7713411158 413358.378047079 1688981823.13258 1906351783.83942 1012153941.62673 1391714456.32109 287195662.143275 189269346.739304 0 0
54 43641.6219529203 790215.86451089 1.49911386499825 6350782.40504392 7438607.27143784 3859983.03691662 5355360.125662 1161687.50762462 691717.805921079 56222.7713411158 413358.378047079 1689611530.29607 1907089353.47832 1012536675.40885 1392245463.1198 287310848.414609 189337933.510149 0 0
55 43641.6219529203 790215.86451089 1.49911404118744 5777880.88794992 6767573.51227636 3511775.52534288 4872255.25056192 1056892.14650837 629318.221879531 56222.7713411158 413358.378047079 1690184431.81316 1907760387.23748 1012884882.92042 1392728567.9949 287415643.775725 189400333.094191 0 0
56 43641.6219529203 790215.86451089 1.49911417406217 5256656.62660405 6157068.8006966 3194977.26665486 4432727.73289381 961549.608462122 572547.24793392 56222.7713411158 413358.378047079 1690705656.07451 1908370891.94906 1013201681.17911 1393168095.51257 287510986.313771 189457104.068136 0 0
57 43641.6219529203 790215.86451089 1.49911427413996 4782452.01294876 5601637.72743481 2906757.38318297 4032849.99856023 874807.922067105 520897.584318492 56222.7713411158 413358.378047079 1691179860.68817 1908926323.02232 1013489901.06258 1393567973.2469 287597728.000166 189508753.731752 0 0
58 43641.6219529203 790215.864510888 1.49911434917537 4351037.71811105 5096326.52230939 2644545.3038281 3669055.62412544 795893.456894181 473908.578801452 56222.7713411158 413358.378047079 1691611274.983 1909431634.22745 1013752113.14194 1393931767.62134 287676642.465339 189555742.737269 0 0
59 43641.6219529203 790215.864510886 1.49911440586445 3958541.05061754 4636599.14092194 2405987.22043857 3338078.92417103 724097.818761567 431158.42356793 56222.7713411158 413358.378047079 1692003771.6505 1909891361.60884 1013990671.22533 1394262744.32129 287748438.103472 189598492.892502 0 0
60 43641.6219529203 790215.864510889 1.49911444891404 3601443.02691658 4218333.83338939 2188944.3072839 3036952.48098477 658777.313873639 392263.8361456 56222.7713411158 413358.378047079 1692360869.6742 1910309626.91637 1014207714.13848 1394563870.76448 287813758.60836 189637387.479924 0 0
61 43641.6219529203 790215.864510889 1.49911448136946 3276558.63229732 3837800.02415792 1991480.72371138 2762990.49938514 599349.338140815 356877.909453236 56222.7713411158 413358.378047079 1692685754.06882 1910690160.7256 1014405177.72205 1394837832.74608 287873186.584093 189672773.406617 0 0
62 43641.6219529203 790215.86451089 1.49911450583476 2980981.90085861 3491593.98472543 1811830.23394581 2513742.49486161 545282.331186813 324684.129992343 56222.7713411158 413358.378047079 1692981330.80026 1911036366.76503 1014584828.21182 1395087080.7506 287927253.591047 189704967.186078 0 0
63 43641.6219529203 790215.86451089 1.49911452427819 2712068.99983744 3176619.02048625 1648385.92580429 2286979.02926703 496092.682127624 295394.535417272 56222.7713411158 413358.378047079 1693250243.70128 1911351341.72927 1014748272.51996 1395313844.21619 287976443.240106 189734256.780653 0 0
64 43641.6219529203 790215.86451089 1.49911453818114 2467414.62300763 2890057.82055758 1499685.86268759 2080671.80431748 451340.411443126 268747.143339203 56222.7713411158 413358.378047079 1693494898.07811 1911637902.9292 1014896972.58308 1395520151.44114 288021195.51079 189760904.172731 0 0
65 43641.6219529203 790215.864510887 1.49911454865706 2244830.63863831 2629347.44834891 1364400.10588501 1892975.65627189 410625.265253612 244503.625693435 56222.7713411158 413358.378047079 1693717482.06248 1911898613.30141 1015032258.33988 1395707847.58919 288061910.65698 189785147.690377 0 0
66 43641.6219529203 790215.864510907 1.49911455656212 2042325.63603328 2392155.38463028 1241318.28303349 1722211.30834891 373582.973965074 222447.080978764 56222.7713411158 413358.378047079 1693919987.06508 1912135805.36513 1015155340.16273 1395878611.93711 288098952.948268 189807204.235091 0 0
67 43641.6219529203 790215.864510976 1.49911456253252 1858088.20654254 2176359.94474994 1129339.42637567 1566851.27227437 339882.194025539 202380.213250049 56222.7713411158 413358.378047079 1694104224.49457 1912351600.80501 1015267319.01939 1396033971.97319 288132653.728208 189827271.10282 0 0
68 43641.6219529203 790215.864511221 1.49911456703194 1690470.8268149 1980031.40125093 1027462.17705798 1425506.25767453 309221.559843564 184123.576705966 56222.7713411158 413358.378047079 1694271841.8743 1912547929.34851 1015369196.26871 1396175316.98779 288163314.36239 189845527.739364 0 0
69 43641.6219529203 790215.864511618 1.49911457042141 1537973.92588125 1801413.32180676 934775.101160252 1296911.73648633 281326.769333124 167513.840299345 56222.7713411158 413358.378047079 1694424338.77523 1912726547.42795 1015461883.3446 1396303911.50897 288191209.1529 189862137.475771 0 0
70 43641.6219529203 790215.864512067 1.49911457295442 1399234.03882134 1638908.69373091 850449.489536453 1179917.95341963 255948.41697787 152402.497452107 56222.7713411158 413358.378047079 1694563078.66229 1912889052.05603 1015546208.95623 1396420905.29204 288216587.505256 189877248.818618 0 0
71 43641.6219529203 790215.864512173 1.49911457485554 1273009.80208934 1491063.52044319 773730.845823156 1073478.11637691 232859.432090818 138654.340686891 56222.7713411158 413358.378047079 1694689302.89902 1913036897.22932 1015622927.59994 1396527345.12908 288239676.490143 189890996.975383 0 0
72 43641.6219529203 790215.864511391 1.49911457630165 1158172.21973849 1356555.42039697 703932.97028537 976640.18835079 211853.298308491 126146.401438662 56222.7713411158 413358.378047079 1694804140.48138 1913171405.32936 1015692725.47548 1396624183.05711 288260682.623925 189903504.914631 0 0
