"Time" "IECs" "pheme_e" "BiomassCD" "pro_L_e" "leu_L_e" "ile_L_e" "val_L_e" "trp_L_e" "cys_L_e" "Drug" "Damage" "pro_L_v" "leu_L_v" "ile_L_v" "val_L_v" "trp_L_v" "cys_L_v" "CD" "pheme_c"
0 457000 1e+05 0.4963 224235600.199112 195370466.451958 120509812.093413 157438605.791629 18978882.6152 31300034.1459915 0 0 0 0 0 0 0 0 45700000 1000
1 325196.447537405 158745.879146781 0.594123777892232 417213623.593183 456603614.790907 247072471.515825 337265525.953238 66554566.9222639 47879954.5825306 0 131803.552462595 278888679.677224 286937826.352984 160678012.166396 216745507.012568 38359710.0807649 34032643.7090975 48532264.0535543 921.966497460901
2 226012.624209079 272412.177155457 0.697811993840929 499508705.428577 565098814.209504 300248780.809252 412524258.308113 85807678.6547482 55341373.9035321 0 230987.375790922 551303631.952784 590948148.156897 323423695.341402 439747046.867425 83773377.7892231 64657812.5461733 52252900.2649216 1379.45209731725
3 152330.476793448 379659.588196196 0.803529030113314 549765122.484687 629271582.209638 332114205.819859 457440670.464768 96794426.1555529 60210579.756781 0 304669.523206552 764097709.483619 833219431.258372 451684687.296922 616203808.162292 120825789.420105 88082551.3005267 57057131.5773928 1697.59879510384
4 98710.9121781761 463898.200019339 0.907130865667987 587922149.824442 676989952.963481 355941737.740952 491002521.792764 104710430.72229 64119204.0152555 0 358289.087821824 916767657.30658 1008504829.73944 544019973.17228 743477839.41438 147867533.754683 104763839.854317 63165448.9530871 1858.43947632694
5 60868.3451575176 522165.709671515 1.00479479195588 619127641.158776 715905652.002589 375243813.292882 518315461.087047 111030902.668073 67459674.3754797 0 396131.654842483 1019445664.28292 1126976366.93925 606218780.693245 829330518.698058 166217474.64074 115954915.230025 70824614.1931024 1903.95191367714
6 35283.5323355527 556064.523207666 1.09354992726063 644086039.74451 747598837.17635 390599102.236918 540314339.111145 116112381.67314 70253733.7774916 0 421716.467664447 1083947570.34608 1201690418.29205 645324025.745464 883380767.954498 177813462.317951 122985423.951648 80308677.001259 1874.07112998353
7 18954.4295599325 568948.038814743 1.17156406317927 662357882.270002 771993552.41984 401808630.722345 556815823.384062 119992512.921599 72437680.2117496 0 438045.570440068 1121372004.03994 1245208441.49236 668023319.731852 914804920.592232 184575008.972602 127071852.983228 91917616.8423954 1797.65987099047
8 9281.86299864014 564896.743869645 1.2381524834655 673734592.864212 789133778.508549 408780772.834468 567761001.216682 122703573.590657 73986417.7583397 9737.47760380151 447718.13700136 1141139520.6936 1268296419.73207 680015986.395657 931439960.440441 188164311.118075 129237380.996174 105972242.568899 1694.37380828315
9 8962.71610655337 727673.788220122 1.29357895533973 661704010.394837 775235809.887996 401483564.587619 557690761.777715 120543914.566372 72681533.9603117 7188.6231197748 448037.283893446 1154135274.70714 1283521720.27681 687901052.948553 942392842.06417 190531740.794894 130664817.200764 87.235332348819 155.036307258477
10 8962.71557857616 802443.028704505 1.33875789276318 648980321.918597 760329056.16666 393763569.360935 546967109.918804 118226015.389881 71283964.7105449 7044.52894728741 448037.284421424 1166858964.76718 1298428476.194 695621049.139914 953116495.377611 192849640.315085 132062386.653274 0.00252080011499066 10.9684234181393
11 8962.71557856026 834306.656848335 1.374959156768 636501291.599731 745708937.460808 386192018.49173 536449658.283417 115952686.013473 69913268.6711927 7034.35105880613 448037.284421439 1179337995.08609 1313048594.89992 703192600.009148 963633947.013042 195122969.691503 133433082.692632 1.0176100494033e-07 0.790535851527116
12 8962.71557856026 847885.64153427 1.40357107439923 624262216.472742 731369944.235027 378766058.497392 526134443.285068 113723069.743994 68568929.2976001 7033.61757631796 448037.284421439 1191577070.21308 1327387588.1257 710618560.003485 973949162.011391 197352585.960981 134777422.066224 3.60910915823394e-08 0.0570533634371618
13 8962.71557856026 853672.453575983 1.42594021776495 612258482.517784 717306670.819483 371482889.858643 516017576.18166 111536326.03642 67250439.7860686 7033.5646408856 448037.284421439 1203580804.16804 1341450861.54124 717901728.642235 984066029.114799 199539329.668555 136095911.577756 4.3543010676128e-08 0.00411793123364302
14 8962.71557856026 856138.56006606 1.4432805158535 600485564.436439 703513815.488132 364339766.88721 506095243.006399 109391630.508281 65957303.078056 7033.56082009429 448037.284421439 1215353722.24938 1355243716.8726 725044851.613668 993988362.29006 201684025.196694 137389048.285769 -3.17937972551885e-08 0.000297140088236182
15 8962.71557856026 857189.448754155 1.45663403548446 588939023.958823 689986178.475376 357333996.698685 496363703.141012 107288174.631267 64689031.6742298 7033.56054442644 448037.284421439 1226900262.727 1368771353.88535 732050621.802193 1003719902.15545 203787481.073709 138657319.689595 -2.00626647496192e-08 2.14722292414092e-05
16 8962.71557856026 857637.681434119 1.46686636574647 577614500.194755 676718650.671735 350462933.358167 486819281.183614 105225163.973477 63445146.57464 16771.0381282779 448037.284421439 1238224786.49107 1382038881.68899 738921685.14271 1013264324.11284 205850491.731499 139901204.789185 0 1.52218400038337e-06
17 8962.71557856026 857828.685421838 1.47467614143049 566507777.344729 663706292.952321 343724018.963352 477458424.016192 103201830.534466 62225184.7160887 16771.0381268438 448037.284421439 1249331509.3411 1395051239.4084 745660599.537525 1022625181.28026 207873825.170511 141121166.647736 0 8.80862722916863e-08
18 8962.71557856026 857909.957448749 1.4806193827895 555614560.687618 650944073.729658 337114647.726879 468277512.0048 101217391.936479 61028674.3666313 16771.0381267516 448037.284421439 1260224725.99821 1407813458.63107 752269970.773998 1031806093.29165 209858263.768497 142317676.997194 0 -4.06932318028619e-09
19 8962.71557856026 857944.173602605 1.48512731381847 544930846.058062 638427301.82411 330632390.153751 459273170.398802 99271118.7328775 59855175.7089534 16771.0381267516 448037.284421439 1270908440.62776 1420330230.53661 758752228.347125 1040810434.89765 211804536.972099 143491175.654872 0 -4.06932318028619e-09
20 8962.71557856026 857959.174067758 1.48854553703907 534452549.653674 626151192.755301 324274768.429851 450441957.328678 97362266.9693869 58704240.1784139 16771.0381267516 448037.284421439 1281386737.03215 1432606339.60542 765109850.071026 1049641647.96778 213713388.735589 144642111.185411 0 -4.06932318028619e-09
21 8962.71557856026 857965.363855982 1.49113235354911 524175737.689565 614111137.799592 318039395.762963 441780557.361157 95490120.0207155 57575435.6882858 16771.0381267516 448037.284421439 1291663548.99626 1444646394.56113 771345222.737913 1058303047.9353 215585535.68426 145770915.675539 0 -4.06932318028619e-09
22 8962.71557856026 857968.147502418 1.49308869007727 514096535.186423 602302597.128481 311923921.040686 433285704.624896 93653971.9742982 56468336.6110437 16771.0381267516 448037.284421439 1301742751.4994 1456454935.23224 777460697.460191 1066797900.67156 217421683.730678 146878014.752781 0 -4.06932318028619e-09
23 8962.71557856026 857969.277195906 1.4945669424907 504211142.595847 590721119.286427 305926038.917709 424954196.822478 91853130.6589662 55382525.6044892 16771.0381267516 448037.284421439 1311628144.08998 1468036413.0743 783458579.583168 1075129408.47398 219222525.04601 147963825.759336 0 -4.06932318028619e-09
24 8962.71557856026 857969.696109665 1.49568383622435 494515831.951487 579362336.681623 300043487.480556 416782891.986557 90086916.9437935 54317593.1889929 26508.5157305531 448037.284421439 1321323454.73434 1479395195.6791 789341131.020321 1083300713.3099 220988738.761183 149028758.174832 0 0
25 8962.71557856026 857969.869313142 1.49652801208791 485006958.794695 568221979.557791 294274055.483374 408768718.530913 88354666.9106155 53273139.057407 26508.5157305531 448037.284421439 1330832327.89113 1490535552.80293 795110563.017503 1091314886.76554 222720988.794361 150073212.306418 0 0
26 8962.71557856026 857969.940567626 1.4971638115955 475680897.579034 557295800.315726 288615543.15514 400908620.808727 86655720.0865421 52248764.9799 26508.5157305531 448037.284421439 1340158389.10679 1501461732.045 800769075.345737 1099174984.48773 224419935.618434 151097586.383925 0 0
27 8962.71557856026 857969.97177108 1.49764231416615 466534238.266368 546579803.840336 283065881.482755 393199724.805732 84989455.2582523 51244096.3980609 26508.5157305531 448037.284421439 1349305048.41946 1512177728.52039 806318737.018122 1106883880.49072 226086200.446724 152102254.965764 0 0
28 8962.71557856026 857969.991363976 1.49800439755677 457563406.515992 536069802.523764 277622901.763861 385639018.031811 83355221.2811039 50258740.706493 26508.5157305531 448037.284421439 1358275880.16984 1522687729.83696 811761716.737016 1114444587.26465 227720434.423873 153087610.657332 0 0
29 8962.71557856026 857969.99761376 1.49827745932978 448765071.996958 525761894.633862 272284583.347049 378223693.650715 81752411.4621907 49292332.1018188 26508.5157305531 448037.284421439 1367074214.68887 1532995637.72686 817100035.153828 1121859911.64574 229323244.242786 154054019.262006 0 0
30 8962.71557856026 857969.99521031 1.49848322550612 440135919.118565 515652195.707784 267048914.524438 370950957.249419 80180421.7938652 48344506.3997285 26508.5157305531 448037.284421439 1375703367.56726 1543105336.65294 822335703.976439 1129132648.04704 230895233.911111 155001844.964096 0 0
31 8962.71557856026 857969.993506303 1.49863808533578 431672700.799108 505736901.546103 261913925.155426 363818072.154968 78638660.7488985 47414906.940937 26508.5157305531 448037.284421439 1384166585.88672 1553020630.81462 827470693.345451 1136265533.14149 232436994.956078 155931444.422888 0 0
32 8962.71557856026 857969.997202812 1.49875542608531 423372215.723193 496012261.568055 256877672.86775 356822340.266711 77126545.1373997 46503182.0931285 36245.9933343546 448037.284421439 1392467070.96263 1562745270.79267 832506945.633127 1143261265.02975 233949110.567577 156843169.270696 0 0
33 8962.71557856026 857969.996574792 1.49884409450139 415231293.180224 486474561.048689 251938233.858362 349961089.278027 75643497.3448142 45608983.5856165 36245.9933343546 448037.284421439 1400607993.5056 1572282971.31204 837446384.642515 1150122516.01843 235432158.360162 157737367.778208 0 0
34 8962.71557856026 857969.996342117 1.49891071194653 407246869.58832 477120210.772366 247093749.323694 343231737.171448 74188959.2724344 44731974.9147269 36245.9933343546 448037.284421439 1408592417.0975 1581637321.58836 842290869.177183 1156851868.12501 236886696.432542 158614376.449098 0 0
35 8962.71557856026 857969.996232904 1.49896097412048 399415891.599394 467945633.513106 242342366.669456 336631710.55465 72762374.6858641 43871820.7008651 36245.9933343546 448037.284421439 1416423395.08643 1590811898.84762 847042251.831421 1163451894.74181 238313281.019113 159474530.662959 0 0
36 8962.71557856026 857969.996169791 1.49899802448578 391735922.541017 458947974.526647 237682607.464326 330158955.775726 71363299.6917174 43028253.3000586 36245.9933343546 448037.284421439 1424103364.14481 1599809557.83408 851702011.036551 1169924649.52074 239712356.013259 160318098.063766 0 0
37 8962.71557856026 857969.996018716 1.49902655878559 384203405.363907 450123066.463334 233112313.49738 323810474.917943 69991086.2953653 42200882.0061998 36245.9933343546 448037.284421439 1431635881.32192 1608634465.89739 856272305.003497 1176273130.37852 241084569.409611 161145469.357625 0 0
38 8962.71557856026 857969.995804834 1.4990483004183 376815699.877714 441467816.142417 228629882.854443 317584042.802454 68645253.5281645 41389416.8209183 36245.9933343546 448037.284421439 1439023586.80811 1617289716.21831 860754735.646434 1182499562.49401 242430402.176812 161956934.542906 0 0
39 8962.71557856026 857969.995580788 1.49906500431886 369570043.052982 432978986.467937 224233639.089707 311477330.720382 67325298.0436313 40593554.2532029 36245.9933343546 448037.284421439 1446269243.63284 1625778545.89279 865150979.41117 1188606274.57608 243750357.661345 162752797.110622 0 0
40 8962.71557856026 857969.995513242 1.49907745395106 362463714.450994 424653390.242175 219921931.59895 305488045.858753 66030724.2541205 39812995.4902067 45983.4709381561 448037.284421439 1453375572.23483 1634104142.11855 869462686.901927 1194595559.43771 245044931.450856 163533355.873618 0 0
41 8962.71557856026 857969.995861201 1.49908662066231 355494022.029304 416487873.535768 215693127.007157 299613919.337251 64761041.7449906 39047444.8381278 45983.4709381561 448037.284421439 1460345264.65652 1642269658.82496 873691491.49372 1200469685.95921 246314613.959986 164298906.525697 0 0
42 8962.71557856026 857969.995990039 1.49909350686062 348658282.631209 408479292.829669 211545597.330668 293852689.764556 63515761.7203341 38296607.5791741 45983.4709381561 448037.284421439 1467181004.05462 1650278239.53106 877839021.170209 1206230915.53191 247559893.984642 165049743.784651 0 0
43 8962.71557856026 857969.996051844 1.4990987003069 341953905.528629 400624612.891887 207477770.666141 288202173.649118 62294412.2221462 37560199.1479083 45983.4709381561 448037.284421439 1473885381.15719 1658132919.46884 881906847.834736 1211881431.64735 248781243.48283 165786152.215916 0 0
44 8962.71557856026 857969.996104201 1.49910247402747 335378921.72789 392921526.898851 203488452.342566 282660711.50336 61096634.5549954 36838003.2701678 45983.4709381561 448037.284421439 1480460364.95793 1665836005.46187 885896166.15831 1217422893.7931 249979021.149981 166508348.093657 0 0
45 8962.71557856026 857969.996257768 1.49910533251544 328930317.7455 385366504.328939 199575813.953171 277225763.533241 59921879.7466963 36129688.9450831 45983.4709381561 448037.284421439 1486908968.94032 1673391028.03179 889808804.547706 1222857841.76322 251153775.95828 167216662.418742 0 0
46 8962.71557856026 857969.996560876 1.49910762801998 322605427.863962 377956422.094442 195738238.095391 271895083.045377 58769662.1782756 35434963.3703836 45983.4709381561 448037.284421439 1493233858.82186 1680801110.26628 893646380.405486 1228188522.25109 252305993.526701 167911387.993441 0 0
47 8962.71557856026 857969.996931939 1.49910939559374 316402149.74518 370688817.148811 191974449.192564 266666898.16818 57639598.8626873 34753595.6253621 45983.4709381561 448037.284421439 1499437136.94064 1688068715.21192 897410169.308313 1233416707.12828 253436056.842289 168592755.738463 0 0
48 8962.71557856026 857969.997295002 1.49911076254645 310318164.417165 363560972.642669 188283040.227163 261539254.448853 56531267.3482659 34085330.9942565 55720.9485419576 448037.284421439 1505521122.26866 1695196559.71806 901101578.273713 1238544350.84761 254544388.356711 169261020.369568 0 0
49 8962.71557856026 857969.996613499 1.49911170522845 304351188.199032 356570213.072811 184662625.594254 256510227.178291 55444251.612395 33429918.6376775 55720.9485419576 448037.284421439 1511488098.48679 1702187319.28792 904721992.906622 1243573378.11817 255631404.092582 169916432.726147 0 0
50 8962.71557856026 857969.996361277 1.499112413371 298498869.706535 349713783.616472 181111778.610435 251577834.586322 54378123.2988047 32787100.2797022 55720.9485419576 448037.284421439 1517340416.97929 1709043748.74426 908272839.890441 1248505770.71014 256697532.406172 170559251.084122 0 0
51 8962.71557856026 857969.996240087 1.49911294763164 292759006.873266 342989104.387919 177629163.189696 246740220.749338 53332481.2527474 32156634.045471 55720.9485419576 448037.284421439 1523080279.81256 1715768427.97281 911755455.31118 1253343384.54713 257743174.452229 171189717.318354 0 0
52 8962.71557856026 857969.996138741 1.49911333580836 287129926.188335 336394214.743797 174213763.942818 241995975.215615 52307020.607469 31538336.1166353 55720.9485419576 448037.284421439 1528709360.49749 1722363317.61693 915170854.558058 1258087630.08085 258768635.097508 171808015.247189 0 0
53 8962.71557856026 857969.995841823 1.49911362968056 281609046.703942 329926090.910445 170864014.900568 237342922.736518 51301271.1866578 30931923.0020231 55720.9485419576 448037.284421439 1534230239.98188 1728831441.45028 918520603.600308 1262740682.55995 259774384.518319 172414428.361801 0 0
54 8962.71557856026 857969.995252971 1.49911386569772 276194082.181967 323582054.388663 167578528.906428 232779136.44768 50314816.5018407 30337143.5813587 55720.9485419576 448037.284421439 1539645204.50386 1735175477.97207 921806089.594448 1267304468.84878 260760839.203136 173009207.782466 0 0
55 8962.71557856026 857969.994531163 1.4991140474445 270883233.162575 317359996.976474 164356214.152676 228303099.746345 49347328.7418979 29753800.2020677 55720.9485419576 448037.284421439 1544956053.52325 1741397535.38425 925028404.3482 1271780505.55012 261728326.963079 173592551.161757 0 0
56 8962.71557856026 857969.993822811 1.49911418802463 265674514.90123 311257593.396997 161195866.411594 223913139.869955 48398446.3420329 29181674.8599137 55720.9485419576 448037.284421439 1550164771.7846 1747499938.96373 928188752.089283 1276170465.42651 262677209.362944 174164676.503911 0 0
57 8962.71557856026 857969.993509861 1.49911429111825 260565965.123725 305272544.699021 158096295.089151 219607602.994172 47467811.8309127 28620552.0188002 55720.9485419576 448037.284421439 1555273321.5621 1753484987.66171 931288323.411725 1280476002.30229 263607843.874064 174725799.345024 0 0
58 8962.71557856026 857969.993840457 1.49911436439417 255555635.401264 299402568.152274 155056317.991912 215384846.963707 46555070.2594505 28070217.6634098 55720.9485419576 448037.284421439 1560283651.28456 1759354964.20846 934328300.508964 1284698758.33276 264520585.445527 175276133.700415 0 0
59 8962.71557856026 857969.994902554 1.49911441701879 250641658.147524 293645475.739495 152074801.976957 211243297.758118 45659881.4057906 27530466.6581583 55720.9485419576 448037.284421439 1565197628.5383 1765112056.62123 937309816.523919 1288840307.53835 265415774.299186 175815884.705666 0 0
60 8962.71557856026 857969.996650918 1.49911445637863 245822165.089069 287999078.638419 149150613.484466 207181380.777856 44781904.9229046 27001093.7919889 55720.9485419576 448037.284421439 1570017121.59676 1770758453.72231 940234005.01641 1292902224.51861 266293750.782072 176345257.571836 0 0
61 8962.71557856026 857969.998631913 1.49911448670363 241095343.041972 282461252.568265 146282652.379734 203197567.853363 43920810.4995277 26481899.9048734 55720.9485419576 448037.284421439 1574743943.64385 1776296279.79246 943101966.121143 1296886037.4431 267154845.205449 176864451.458951 0 0
62 8962.71557856026 857970.000264923 1.49911451121559 236459404.23278 277029903.01853 143469833.945656 199290352.23128 43076272.4534714 25972688.6278693 55720.9485419576 448037.284421439 1579379882.45305 1781727629.3422 945914784.55522 1300793253.06518 267999383.251506 177373662.735955 0 0
63 8962.71557856026 857970.000920668 1.49911453250302 231912605.306981 271702987.518825 140711100.415961 195458264.594981 42247973.1944323 25473268.4710079 55720.9485419576 448037.284421439 1583926681.37884 1787054544.84191 948673518.084915 1304625340.70148 268827682.510545 177873082.892817 0 0
64 8962.71557856026 857969.999748899 1.49911455154904 227453226.21688 266478490.90444 138005408.165601 191699855.271053 41435599.3779552 24983450.5043399 55720.9485419576 448037.284421439 1588386060.46895 1792279041.45629 951379210.335276 1308383750.02541 269640056.327022 178362900.859485 0 0
65 8962.71557856026 857969.995622938 1.49911456723257 223079589.525142 261354447.931897 135351739.423018 188013710.498522 40638845.4219976 24503050.478236 55720.9485419576 448037.284421439 1592759697.16068 1797403084.42883 954032879.077859 1312069894.79794 270436810.282979 178843300.885589 0 0
66 8962.71557856026 857969.986676218 1.49911457702222 218790059.028016 256328941.665951 132749101.4348 184398451.268496 39857413.2561203 24031888.6721616 55720.9485419576 448037.284421439 1597049227.65781 1802428590.69478 956635517.066076 1315685154.02797 271218242.448857 179314462.691663 0 0
67 8962.71557856026 857969.967146339 1.4991145826994 214582996.967063 251400053.349919 130196500.504241 180852697.261771 39091004.526663 23569785.194815 55720.9485419576 448037.284421439 1601256289.71876 1807357479.01081 959188117.996635 1319230908.03469 271984651.178314 179776566.16901 0 0
68 8962.71557856026 857969.931378912 1.49911458309756 210456818.313182 246565926.003491 127692974.927734 177375112.599959 38339330.4857723 23116565.9466827 55720.9485419576 448037.284421439 1605382468.37264 1812191606.35724 961691643.573142 1322708492.6965 272736325.219205 180229785.417142 0 0
69 8962.71557856026 857969.873230366 1.49911457518512 206409982.669874 241824754.936791 125237590.082143 173964399.021475 37602110.5164031 22672061.7306933 55720.9485419576 448037.284421439 1609429304.01595 1816932777.42394 964147028.418734 1326119206.27499 273473545.188574 180674289.633131 0 0
70 8962.71557856026 857969.792786815 1.49911455623552 202440986.466061 237174778.603684 122829433.687858 170619289.301569 36879070.7100695 22236107.3946783 55720.9485419576 448037.284421439 1613398300.21976 1821582753.75705 966555184.813018 1329464315.99489 274196584.994907 181110243.969146 0 0
71 8962.71557856026 857969.852506076 1.499114554316 198548318.642497 232614226.685082 120467588.921885 167338509.904384 36169935.7941511 21808536.9639686 55720.9485419576 448037.284421439 1617290968.04333 1826143305.67565 968917029.578992 1332745095.39208 274905719.910826 181537814.399856 0 0
72 8962.71557856026 857970.007153755 1.4991145654471 194730496.805404 228141362.445642 118151156.35377 164120811.453611 35474435.7180724 21389187.6125092 55720.9485419576 448037.284421439 1621108789.88042 1830616169.91509 971233462.147106 1335962793.84285 275601219.986905 181957163.751315 0 0
