"Time" "IECs" "pheme_e" "BiomassCD" "pro_L_e" "leu_L_e" "ile_L_e" "val_L_e" "trp_L_e" "cys_L_e" "Drug" "Damage" "pro_L_v" "leu_L_v" "ile_L_v" "val_L_v" "trp_L_v" "cys_L_v" "CD" "pheme_c"
0 457000 1e+05 0.4963 224235600.199112 195370466.451958 120509812.093413 157438605.791629 18978882.6152 31300034.1459915 0 0 0 0 0 0 0 0 45700000 1000
1 394066.271335631 121621.382316982 0.594123778048702 237155383.955446 249637551.424107 138000838.351162 186988928.018317 34496577.0360945 28329568.0668556 0 62933.7286643687 212310602.115295 207474292.542961 119619926.002685 159777841.459652 25514789.3084177 27137017.8862535 48532264.0501439 711.437749587927
2 336327.28830977 177814.712124935 0.69781188978083 251054622.174718 280068432.969432 149938491.392567 205456653.076662 41800816.7246116 28254602.6690261 0 120672.71169023 404940053.978495 417179841.402194 233404030.897036 314957930.418644 55855832.7304922 49383752.7660139 52252905.2277357 901.928271382512
3 283236.456871555 240109.24851294 0.803528852244716 267375826.767433 304961681.98326 161282901.271321 221973314.057855 46730914.1748961 29382735.5990083 0 173763.543128446 578374629.643988 613091360.339903 337569149.279724 458043930.036626 85540182.9075847 68642499.1083064 57057139.682104 1073.60807961047
4 234477.190287164 299351.547288438 0.90713056294665 286640898.116709 330208490.006046 173642254.342339 239491141.257789 51149958.1512316 31188246.7283122 0 222522.809712837 733186179.775398 790634342.0416 431174091.756991 587020008.414895 112911109.985239 85560546.3474087 63165473.0170638 1198.67465581906
5 189962.194482235 352072.099893973 1.00479453987425 308918783.94898 357790372.566851 187513028.215908 258967143.103149 55699590.7519186 33477173.89607 0 267037.805517765 869564629.016194 948190327.033492 513880528.764822 701168864.354835 137383799.542638 100365377.568743 70824640.1549595 1283.01432183543
6 149811.004096252 396403.563898764 1.0935495931793 333886541.96127 388124030.348686 202874736.550431 280497274.930411 60573357.7577205 36141889.3458582 0 307188.995903748 987334838.763705 1084845470.06696 585406054.040136 800004388.869855 158686648.790636 113118719.227173 80308740.7751919 1335.25732029124
7 114296.205361607 430947.836258931 1.17156461189115 360786877.490559 420737958.153404 219340807.420996 303625683.733938 65751423.9810839 39077106.3104569 0 342703.794638393 1086189943.86009 1199937590.19963 645489644.281971 883123575.327383 176661612.076152 123821184.976678 91917684.1589421 1361.00787107477
8 83754.4004186361 454607.239001846 1.23815262716352 388390552.458511 454484010.243428 236197044.747843 327433858.445093 71078407.2216732 42148551.400475 9737.47760380151 373245.599581364 1166047778.00267 1293214904.86742 694047340.415256 950385226.62426 191244417.678454 132477792.98476 105972317.456121 1363.07174123582
9 81287.7104888748 599258.643387289 1.29357907358857 332868873.823345 389643546.808849 202436192.170992 280673186.34085 60940763.0775449 36131690.0192812 5369.41964063139 375712.289511126 1230207310.37621 1368314331.71988 733066233.643729 1004483001.77843 202989990.243351 139441863.298983 239261.760754734 284.248529954383
10 81268.6546177928 668866.139501694 1.33875798824172 279190958.803626 326811048.131552 169791681.046806 235412564.523709 51113701.2235842 30305197.3465261 4922.06519601156 375731.345382208 1283952143.18101 1431226083.76501 765751478.894832 1049800386.95188 212829474.126195 145275673.426233 12982.325922016 30.8244100348217
11 81267.5107449917 697949.378222069 1.37495923269338 234126250.037209 274059933.495653 142385306.099453 197414218.135615 42863355.1621531 25413583.3733403 4879.93049211253 375732.489255009 1329020879.91497 1483981955.76788 793160305.736305 1087802145.53675 221080565.868223 150167726.646575 874.295045108011 2.61016254992244
12 81267.4329189187 710060.387579154 1.40357113404333 196332939.22185 229820418.212921 119401073.890417 165547066.381946 35944233.4776054 21311252.0799572 4876.52995231395 375732.567081082 1366814465.45694 1528221794.72925 816144705.175847 1119669529.74232 227999738.288092 154270087.82517 60.2229607646224 0.196925735597586
13 81267.4275483411 715101.095827363 1.42594026417295 164640152.427564 192721959.199067 100126912.402428 138823848.701992 30141982.8279799 17871111.209152 4876.27808202053 375732.572451659 1398507271.25076 1565320276.07934 835418878.229129 1146392763.48128 233801992.438905 157710230.758277 4.16883431796306 0.0141557229901673
14 81267.4271762254 717198.897925844 1.44328055167641 138063319.735181 161612055.632267 83964049.5795956 116414380.865474 25276350.5829827 14986289.2160359 4876.26010945114 375732.572823775 1425084105.26209 1596430181.19377 851581741.854824 1168802232.43159 238667624.926497 160595052.894285 0.289406553387763 0.000997787657108366
15 81267.4271503749 718071.931684033 1.4566340881466 115776618.478712 135524028.702166 70410256.3429354 97622332.8886789 21196146.8375485 12567145.9465141 4876.25884623184 375732.572849626 1447370806.61034 1622518208.23139 865135535.147351 1187594280.48582 242747828.688784 163014196.173734 0.0201339964232331 6.98059671023494e-05
16 81267.4271485755 718435.25765927 1.46686528959022 97087520.4493535 113647229.301477 59044367.4410498 81863768.0490375 17774584.9427841 10538509.8917549 14613.7363617426 375732.572851425 1466059904.64609 1644395007.63956 876501424.05313 1203352845.33086 246169390.584721 165042832.229184 0.00140316096105198 4.87229402237169e-06
17 81267.4271485695 718586.44933241 1.47467371947327 81415266.3658317 95301841.0862105 49513190.5765662 68648992.687993 14905340.6757233 8837341.66827091 14613.7363564247 375732.572851431 1481732158.72963 1662740395.85485 886032600.917626 1216567620.69192 249038634.851786 166744000.45267 -5.58685383937031e-08 -3.64985253847727e-07
18 81267.4271485695 718649.399169675 1.48061534139775 68272916.1857612 79917869.2063856 41520590.1941533 57567421.1144172 12499266.0479823 7410785.6419912 14613.7363563922 375732.572851431 1494874508.9097 1678124367.73468 894025201.30004 1227649192.2655 251444709.479527 168170556.47895 -5.14533168791765e-08 -3.97483389334315e-07
19 81267.4271485695 718675.599008014 1.48512628386804 57252024.8599475 67017202.2842677 34818167.9471181 48274654.2684381 10481583.7742027 6214506.53510401 14613.7363563891 375732.572851431 1505895400.23552 1691025034.6568 900727623.547075 1236941959.11148 253462391.753306 169366835.585837 -5.1620884018597e-08 -4.00590279225086e-07
20 81267.4271485695 718686.503592688 1.48854512946632 48010162.5711035 56199004.0456915 29197673.0545047 40481956.8418956 8789602.50284806 5211334.79172813 14613.736356391 375732.572851431 1515137262.52436 1701843232.89537 906348118.439688 1244734656.53802 255154373.024661 170370007.329213 -5.16422314983785e-08 -3.98643902890381e-07
21 81267.4271485695 718691.027646429 1.49113288648935 40260154.5204865 47127117.7935731 24484458.4117389 33947184.3140006 7370746.85831842 4370098.59448472 14613.7363563915 375732.572851431 1522887270.57498 1710915119.14749 911061333.082454 1251269429.06592 256573228.669191 171211243.526457 -5.17183009547808e-08 -3.98160841343356e-07
22 81267.4271485695 718692.877228454 1.49308954121008 33761241.5282693 39519719.3182752 20532104.8558556 28467329.6086445 6180939.14172123 3664664.37866433 14613.7363563953 375732.572851431 1529386183.56719 1718522517.62279 915013686.638337 1256749283.77127 257763036.385788 171916677.742277 -5.20131527134517e-08 -3.94361325089762e-07
23 81267.4271485695 718693.667324696 1.49456801545415 28311390.4292532 33140315.7178724 17217744.6857741 23872039.254058 5183191.53382431 3073102.1526465 14613.7363563954 375732.572851431 1534836034.66621 1724901921.22319 918328046.808419 1261344574.12586 258760783.993685 172508239.968295 -5.20177340217676e-08 -3.94320932048149e-07
24 81267.4271485695 718694.00277344 1.49568454466189 23741257.4123205 27790679.0960932 14438390.4303834 20018523.2973229 4346500.91557263 2577030.23956571 24351.2139601968 375732.572851431 1539406167.68314 1730251557.84497 921107401.063809 1265198090.08259 259597474.611936 173004311.881376 0 0
25 81267.4271485695 718694.141682372 1.49652733553163 19908893.1670886 23304648.5936266 12107714.7512012 16787090.7074387 3644879.49715256 2161040.53954806 24351.2139601968 375732.572851431 1543238531.92837 1734737588.34744 923438076.742991 1268429522.67247 260299096.030356 173420301.581394 0 0
26 81267.4271485695 718694.199548636 1.49716332996746 16695126.4413233 19542726.5431502 10153242.9246713 14077256.8113407 3056509.64911214 1812197.43105671 24351.2139601968 375732.572851431 1546452298.65414 1738499510.39791 925392548.569521 1271139356.56857 260887465.878397 173769144.689885 0 0
27 81267.4271485695 718694.223599996 1.49764314482385 14000129.10921 16388057.6593226 8514263.86749212 11804846.9746513 2563115.04207597 1519664.92109788 24351.2139601968 375732.572851431 1549147295.98625 1741654179.28174 927031527.6267 1273411766.40526 261380860.485433 174061677.199844 0 0
28 81267.4271485695 718694.233622507 1.49800505956285 11740171.3478676 13742630.7627843 7139856.77743192 9899260.58086063 2149366.59108901 1274354.43100991 24351.2139601968 375732.572851431 1551407253.74759 1744299606.17828 928405934.71676 1275317352.79905 261794608.93642 174306987.689932 0 0
29 81267.4271485695 718694.237661493 1.49827801252695 9845016.01831032 11524228.734354 5987306.51022622 8301273.9848727 1802405.42420497 1068641.96565378 24351.2139601968 375732.572851431 1553302409.07715 1746518008.20671 929558484.983966 1276915339.39504 262141570.103304 174512700.155288 0 0
30 81267.4271485695 718694.239304031 1.49848380102622 8255827.05510913 9663980.14969153 5020831.55399886 6961276.87641365 1511459.95473766 896141.076445262 24351.2139601968 375732.572851431 1554891598.04035 1748378256.79137 930524959.940193 1278255336.5035 262432515.572771 174685201.044497 0 0
31 81267.4271485695 718694.240155924 1.4986390113659 6923140.63955636 8103984.40611604 4210350.1858539 5837561.58221343 1267474.44778784 751482.6393165 24351.2139601968 375732.572851431 1556224284.4559 1749938252.53495 931335441.308338 1279379051.7977 262676501.079721 174829859.481625 0 0
32 81267.4271485695 718694.24051089 1.4987560398776 5805581.19556308 6795808.71266233 3530699.59695276 4895240.39942246 1062873.94739468 630175.480573158 34088.6915639983 375732.572851431 1557341843.8999 1751246428.2284 932015091.897239 1280321372.98049 262881101.580114 174951166.640369 0 0
33 81267.4271485695 718694.24065931 1.49884427296203 4868432.03483426 5698814.93770447 2960766.62166364 4105040.3699421 891302.593173901 528451.225440467 34088.6915639983 375732.572851431 1558278993.06063 1752343422.00336 932585024.872528 1281111573.00997 263052672.934335 175052890.895502 0 0
34 81267.4271485695 718694.240721138 1.49891079735724 4082551.83846373 4778891.2805028 2482828.78923798 3442389.66249541 747425.251981253 443146.685939888 34088.6915639983 375732.572851431 1559064873.257 1753263345.66056 933062962.704954 1281774223.71742 263196550.275528 175138195.435002 0 0
35 81267.4271485695 718694.240746836 1.49896095204671 3423529.19773166 4007462.60646212 2082040.15264226 2886704.6851651 626772.732968567 371612.08925742 34088.6915639983 375732.572851431 1559723895.89773 1754034774.3346 933463751.341549 1282329908.69475 263317202.79454 175209730.031685 0 0
36 81267.4271485695 718694.240757545 1.49899876367892 2870889.19597908 3360561.69984037 1745948.76648801 2420721.07873761 525596.5302139 311624.954988323 34088.6915639983 375732.572851431 1560276535.89948 1754681675.24122 933799842.727704 1282795892.30118 263418378.997295 175269717.165954 0 0
37 81267.4271485695 718694.240761861 1.49902727005782 2407456.35397949 2818083.55005554 1464109.25837587 2029956.55505662 440752.192061351 261320.945091146 34088.6915639983 375732.572851431 1560739968.74148 1755224153.39101 934081682.235816 1283186656.82486 263503223.335447 175320021.175851 0 0
38 81267.4271485695 718694.240763616 1.4990487557063 2018843.1658194 2363186.64981545 1227771.77887322 1702279.63273857 369605.68331473 219138.346251083 34088.6915639983 375732.572851431 1561128581.92964 1755679050.29125 934318019.715319 1283514333.74717 263574369.844194 175362203.774691 0 0
39 81267.4271485695 718694.240764526 1.49906495729331 1692953.96735994 1981712.24102656 1029580.27609458 1427491.30125277 309942.554488867 183764.216541254 34088.6915639983 375732.572851431 1561454471.1281 1756060524.70004 934516211.218097 1283789122.07866 263634032.97302 175397577.904401 0 0
40 81267.4271485695 718694.240764905 1.49907717129501 1419670.95998318 1661816.78525843 863381.549128781 1197060.27753222 259910.459678374 154100.304401373 43826.1691677998 375732.572851431 1561727754.13548 1756380420.1558 934682409.945063 1284019553.10238 263684065.06783 175427241.816541 0 0
41 81267.4271485695 718694.240765064 1.49908637885268 1190504.69128365 1393562.82876105 724012.685740741 1003828.29283787 217955.16727655 129225.109542458 43826.1691677998 375732.572851431 1561956920.40418 1756648674.1123 934821778.808451 1284212785.08707 263726020.360232 175452117.0114 0 0
42 81267.4271485695 718694.24076513 1.49909332036024 998329.047539838 1168608.79399295 607139.896427421 841786.639582086 182772.042938335 108365.117308904 43826.1691677998 375732.572851431 1562149096.04792 1756873628.14707 934938651.597764 1284374826.74033 263761203.48457 175472977.003633 0 0
43 81267.4271485695 718694.240765157 1.49909855340111 837174.585498444 979967.061092497 509132.827882494 705901.909602744 153268.213185491 90872.3655683792 43826.1691677998 375732.572851431 1562310250.50996 1757062269.87997 935036658.666309 1284510711.47031 263790707.314323 175490469.755374 0 0
44 81267.4271485695 718694.240765168 1.4991024983851 702034.460353878 821776.794011297 426946.536913948 591952.353493483 128527.035097483 76203.3788745443 43826.1691677998 375732.572851431 1562445390.63511 1757220460.14705 935118844.957278 1284624661.02642 263815448.492411 175505138.742068 0 0
45 81267.4271485695 718694.240765173 1.49910547241059 588708.656634119 689121.602679758 358026.758507698 496396.53677526 107779.578420217 63902.2602759417 43826.1691677998 375732.572851431 1562558716.43883 1757353115.33838 935187764.735684 1284720216.84314 263836195.949088 175517439.860666 0 0
46 81267.4271485695 718694.240765174 1.49910771390571 493678.918117157 577883.140375734 300233.843693796 416267.881354797 90381.7279905992 53587.1153970042 43826.1691677998 375732.572851431 1562653746.17735 1757464353.80068 935245557.650498 1284800345.49856 263853593.799518 175527755.005545 0 0
47 81267.4271485695 718694.240765175 1.49910940410314 413987.424677977 484599.087117992 251768.976131301 349072.366378291 75791.9721414841 44936.883235234 43826.1691677998 375732.572851431 1562733437.67078 1757557637.85394 935294022.518061 1284867541.01353 263868183.555367 175536405.237707 0 0
48 81267.4271485695 718694.240765176 1.49911067828242 347160.014947149 406373.276816604 211127.479500032 292723.789916536 63557.3464628266 37683.0022500247 53563.6467716013 375732.572851431 1562800265.08051 1757635863.66424 935334664.014692 1284923889.59 263880418.181046 175543659.118692 0 0
49 81267.4271485695 718694.240765176 1.49911163881362 291120.717663337 340775.650686793 177046.839221556 245471.702179202 53297.7863762688 31600.1330406857 53563.6467716013 375732.572851431 1562856304.37779 1757701461.29037 935368744.65497 1284971141.67774 263890677.741133 175549741.987901 0 0
50 81267.4271485695 718694.240765176 1.49911236294362 244126.941221152 285766.392418082 148467.287587601 205846.757628082 44694.2617699363 26499.12339913 53563.6467716013 375732.572851431 1562903298.15424 1757756470.54864 935397324.206604 1285010766.62229 263899281.265739 175554842.997543 0 0
51 81267.4271485695 718694.240765176 1.49911290884418 204718.946450948 239636.782791301 124501.075323063 172618.110648385 37479.5265781648 22221.5237573031 53563.6467716013 375732.572851431 1562942706.14901 1757802600.15827 935421290.418869 1285043995.26927 263906496.000931 175559120.597185 0 0
52 81267.4271485695 718694.240765176 1.49911332037513 171672.381832528 200953.639072795 104403.605586854 144753.393450759 31429.4290253723 18634.4350510732 53563.6467716013 375732.572851431 1562975752.71362 1757841283.30198 935441387.888605 1285071859.98646 263912546.098483 175562707.685891 0 0
53 81267.4271485695 718694.240765177 1.49911363061762 143960.194240346 168514.729075324 87550.2697593975 121386.59938003 26355.9383230884 15626.3742651896 53563.6467716013 375732.572851431 1563003464.90122 1757873722.21198 935458241.224433 1285095226.78054 263917619.589186 175565715.746677 0 0
54 81267.4271485695 718694.240765177 1.49911386444231 120722.045020593 141312.970695915 73417.8476434484 101792.294686594 22101.5454278133 13103.9546556971 53563.6467716013 375732.572851431 1563026703.05044 1757900923.97036 935472373.646549 1285114821.08523 263921873.982081 175568238.166286 0 0
55 81267.4271485695 718694.240765177 1.49911404075797 101234.641963645 118501.703568555 61566.4646722822 85360.6025767491 18533.8314791326 10988.665389582 53563.6467716013 375732.572851431 1563046190.45349 1757923735.23749 935484225.029519 1285131252.77734 263925441.69603 175570353.455552 0 0
56 81267.4271485695 718694.240765177 1.49911417367566 84892.9646706168 99372.7121400392 51628.174001897 71581.3725247612 15542.030578171 9214.8336241463 53563.6467716013 375732.572851431 1563062532.13079 1757942864.22892 935494163.32019 1285145032.00739 263928433.496931 175572127.287318 0 0
57 81267.4271485695 718694.240765176 1.49911427388929 71189.2290416646 83331.6022414423 43294.1636363429 60026.4432223995 13033.1786490775 7727.34117597894 53563.6467716013 375732.572851431 1563076235.86642 1757958905.33881 935502497.330555 1285156586.93669 263930942.34886 175573614.779766 0 0
58 81267.4271485695 718694.240765176 1.4991143494644 59697.5951868283 69879.9007075623 36305.4564504701 50336.7483569554 10929.3137945752 6479.96461830082 53563.6467716013 375732.572851431 1563087727.50027 1757972357.04035 935509486.037741 1285166276.63156 263933046.213714 175574862.156324 0 0
59 81267.4271485695 718694.240765176 1.49911440641564 50060.9712494115 58599.6083977076 30444.8848546708 42211.1896534551 9165.06036689976 5433.94288226764 53563.6467716013 375732.572851431 1563097364.12421 1757983637.33266 935515346.609337 1285174402.19026 263934810.467142 175575908.17806 0 0
60 81267.4271485695 718694.240765176 1.49911444930542 41979.9343609497 49140.2314560974 25530.3530061011 35397.2950728653 7685.60063886328 4556.77466548208 53563.6467716013 375732.572851431 1563105445.1611 1757993096.7096 935520261.141185 1285181216.08484 263936289.92687 175576785.346277 0 0
61 81267.4271485695 718694.240765176 1.49911448165142 35203.3740873645 41207.828859729 21409.1465634182 29683.3294072523 6444.9618250873 3821.2028108841 53563.6467716013 375732.572851431 1563112221.72137 1758001029.1122 935524382.347628 1285186930.05051 263937530.565684 175577520.918131 0 0
62 81267.4271485695 718694.240765177 1.49911450604794 29520.7099374421 34555.9025081192 17953.1997171175 24891.7321173359 5404.59127935068 3204.36954458683 53563.6467716013 375732.572851431 1563117904.38552 1758007681.03855 935527838.294474 1285191721.6478 263938570.936229 175578137.751397 0 0
63 81267.4271485695 718694.240765176 1.49911452443484 24755.3641683714 28977.7567195375 15055.1256364282 20873.6136309732 4532.16150915926 2687.10797180641 53563.6467716013 375732.572851431 1563122669.73129 1758013259.18434 935530736.368555 1285195739.76628 263939443.366 175578655.01297 0 0
64 81267.4271485695 718694.240765176 1.49911453830374 20759.2576862393 24300.0553261344 12624.8691176447 17504.1143107885 3800.56249645072 2253.34462616176 53563.6467716013 375732.572851431 1563126665.83777 1758017936.88573 935533166.625074 1285199109.2656 263940174.965012 175579088.776316 0 0
65 81267.4271485695 718694.240765177 1.49911454875923 17408.2156385213 20377.4436224545 10586.9124671906 14678.5304700717 3187.06056285179 1889.60076285047 53563.6467716013 375732.572851431 1563130016.87982 1758021859.49743 935535204.581724 1285201934.84945 263940788.466946 175579452.520179 0 0
66 81267.4271485695 718694.240765176 1.4991145566332 14598.1140527839 17088.037756524 8877.9320564537 12309.0652355666 2672.59290416233 1584.57408979233 53563.6467716013 375732.572851431 1563132826.98141 1758025148.9033 935536913.562135 1285204304.31468 263941302.934605 175579757.546852 0 0
67 81267.4271485695 718694.240765175 1.49911456257404 12241.6293592922 14329.6198355887 7444.82152414475 10322.0877593034 2241.17249959358 1328.78593970681 53563.6467716013 375732.572851431 1563135183.4661 1758027907.32122 935538346.672667 1285206291.29216 263941734.355009 175580013.335002 0 0
68 81267.4271485695 718694.240765178 1.49911456705461 10265.537516798 12016.476377961 6243.04922317888 8655.85585340223 1879.39364123372 1114.28809968827 53563.6467716013 375732.572851431 1563137159.55794 1758030220.46468 935539548.444968 1285207957.52406 263942096.133868 175580227.832842 0 0
69 81267.4271485695 718694.240765179 1.4991145704279 8608.43494997796 10076.7305227179 5235.27219488543 7258.59429459678 1576.01468792928 934.415426956916 53563.6467716013 375732.572851431 1563138816.66051 1758032160.21053 935540556.221997 1285209354.78562 263942399.512821 175580407.705515 0 0
70 81267.4271485695 718694.240765173 1.49911457297258 7218.82812660864 8450.10575608031 4390.17433371996 6086.88396415313 1321.60830897622 783.578479160242 53563.6467716013 375732.572851431 1563140206.26733 1758033786.8353 935541401.319858 1285210526.49595 263942653.9192 175580558.542463 0 0
71 81267.4271485695 718694.240765173 1.49911457489184 6053.53685559606 7086.05686836708 3681.49534322698 5104.31551582711 1108.26916318454 657.090197973291 53563.6467716013 375732.572851431 1563141371.5586 1758035150.88419 935542109.998848 1285211509.0644 263942867.258346 175580685.030744 0 0
72 81267.4271485695 718694.240765185 1.49911457633768 5076.35145186637 5942.19807854808 3087.21408268182 4280.35710323625 929.368055369112 551.020149056388 53563.6467716013 375732.572851431 1563142348.74401 1758036294.74298 935542704.280109 1285212333.02281 263943046.159453 175580791.100793 0 0
