"Time" "IECs" "pheme_e" "BiomassCD" "pro_L_e" "leu_L_e" "ile_L_e" "val_L_e" "trp_L_e" "cys_L_e" "Drug" "Damage" "pro_L_v" "leu_L_v" "ile_L_v" "val_L_v" "trp_L_v" "cys_L_v" "CD" "pheme_c"
0 457000 1e+05 0.4963 224235600.199112 195370466.451958 120509812.093413 157438605.791629 18978882.6152 31300034.1459915 0 0 0 0 0 0 0 0 45700000 1000
1 381009.645609029 128477.6432009 0.59412377802833 270298838.5677 287744975.321032 158080651.782704 214655812.04636 40401372.8211422 31926817.9090697 0 75990.3543909709 225926455.44271 223669375.042973 128002916.081001 171401603.671414 28122874.5125685 28553512.3230546 48532264.0506982 750.266734545107
2 313675.952533808 196287.831323544 0.697811978287539 297690599.373714 333619076.874485 178166079.76462 244348407.261612 50078794.9203836 33332093.0913399 0 143324.047466192 439382467.834545 457836102.989367 254529732.105693 344211465.018465 62346385.8474392 53004375.2816696 52252901.0159302 995.06399678362
3 254038.968171508 269137.29352968 0.803528857531636 321158008.052886 366828195.446444 193848254.277446 266869481.434006 56303323.0776094 35238424.488494 0 202961.031828492 629034168.088962 672657202.380214 368578831.877003 500957340.781005 95004240.2153723 73998645.8796386 57057140.4215697 1203.25708393499
4 201461.880695538 336119.476088681 0.907130606817564 345119986.922943 397665946.654397 209075021.588194 288385926.468593 61604548.2522047 37553481.9531889 0 255538.119304462 792700392.540287 860487557.984819 467565695.852904 637371091.846193 123981985.773521 91873190.0057161 63165464.5539001 1345.94509744765
5 155584.518004291 393252.29865367 1.00479453099454 370755053.380683 429352147.954519 225001835.031839 310760993.672575 66806228.0322444 40211279.7706672 0 301415.481995709 930432788.650275 1019605308.11759 551084237.579222 752647678.326831 148690597.277741 106832299.461676 70824629.3683487 1433.20375183034
6 116249.576595104 438633.272047471 1.09355051929842 397863278.072127 462444686.084659 241677304.16541 334190344.297018 72119767.9506462 43122053.1252266 0 340750.423404896 1042917618.75886 1150106791.30826 619382177.524079 847031227.023561 169021096.91603 119026143.608245 80308713.0890378 1477.65044022675
7 83398.0112517831 471131.155967767 1.17156486220916 425420815.199222 496181801.470708 258551295.068755 358000060.53869 77478809.7411962 46154834.5518136 0 373601.988748217 1131296174.86746 1252999336.18509 673081320.032581 921331999.974985 185078173.288713 128608363.273493 91917673.5349364 1488.05862959078
8 56941.0803658162 490201.220900432 1.23815315392442 451834076.406506 529014732.649472 274687892.941692 380973122.55349 82665151.6534434 49138339.7348857 9737.47760380151 400058.919634184 1197371201.99049 1330200780.56106 713245021.798519 976985897.712557 197137690.797675 135784319.550632 105972317.298528 1469.9231932132
9 55514.8751703545 644582.006970322 1.29357950702474 404973602.494128 474273282.504914 246203056.955666 341506351.639755 74113545.2304904 44050644.5789245 7187.55478100458 401485.124829645 1249179846.96049 1390873818.11354 744741971.697478 1020674693.51117 206618897.398964 141419677.501651 2394.71144315249 192.566363838449
10 55514.8104310139 715868.728668427 1.33875833821444 359085524.290965 420532773.801992 218305473.020256 302809830.865781 65715645.2918108 39059209.8956324 7008.71836870278 401485.189568986 1295068150.22888 1444614596.06738 772639692.637078 1059371406.13293 215016839.535529 146411137.04485 1.05903729400445 14.5796492868458
11 55514.8104009857 745788.011538015 1.37495951098534 318396909.164738 372881462.281621 193568894.208891 268497913.980267 58269289.42939 34633341.8195839 6995.26072654649 401485.189599014 1335756765.45976 1492265907.71264 797376271.512152 1093683323.10755 222463195.417523 150837005.132429 0.000558906588435407 1.1224728044609
12 55514.8104009698 758345.054594476 1.4035713526596 282318792.818794 330629604.954447 171635260.793465 238073940.944112 51666693.2894217 30708976.6651179 6994.22482090166 401485.18959903 1371834881.80576 1534517765.03988 819309904.927611 1124107296.14375 229065791.557502 154761370.286901 2.7688715561051e-07 0.0865674169791748
13 55514.8104009698 763615.211868108 1.42594043427124 250328751.581611 293165380.234858 152186966.134378 211097362.048108 45812248.9840496 27229288.2601757 6994.14493078316 401485.18959903 1403824923.04295 1571981989.75947 838758199.586698 1151083875.03975 234920235.862874 158241058.691843 6.27012868489625e-08 0.00667729873285985
14 55514.8104009698 765827.082551381 1.44328068306155 221963558.438789 259946293.012113 134942392.105436 187177546.970523 40621182.1068757 24143889.4965038 6994.13876848881 401485.18959903 1432190116.18577 1605201076.98221 856002773.61564 1175003690.11734 240111302.740048 161326457.455515 7.26833845296378e-08 0.000515004565643959
15 55514.8104009698 766755.40221433 1.45663418874633 196812475.500275 230491319.316915 119651831.260056 165968128.446169 36018324.1989535 21408102.723864 6994.13829322795 401485.18959903 1457341199.12428 1634656050.67741 871293334.46102 1196213108.64169 244714160.64797 164062244.228155 8.17077475579125e-08 3.97438763911086e-05
16 55514.8104009698 767145.057178775 1.46686562483368 174511169.546867 204373780.687185 106093787.797449 147161871.365238 31936999.2430628 18982297.9189943 16731.6158603771 401485.18959903 1479642505.07769 1660773589.30714 884851377.923627 1215019365.72263 248795485.603861 166488049.033025 9.23340203826052e-08 3.09166983653047e-06
17 55514.8104009698 767308.547339873 1.47467391431171 154737090.848869 181215932.203278 94072168.1227724 130486775.821057 28318177.9489873 16831390.0206994 16731.6158572899 401485.18959903 1499416583.77569 1683931437.79105 896872997.598304 1231694461.26681 252414306.897936 168638956.93132 -4.17012847129491e-09 4.53404626108193e-09
18 55514.8104009698 767377.096229275 1.48061497261168 137203795.626372 160682313.399217 83412829.1958963 115701289.351385 25109438.7164026 14924221.3604967 16731.6158572774 401485.18959903 1516949878.99818 1704465056.59511 907532336.52518 1246479947.73648 255623046.130521 170546125.591523 -4.17012847129491e-09 -7.96381551818833e-09
19 55514.8104009698 767405.987053984 1.48512591917133 121657020.333319 142475150.772403 73961191.8986468 102590996.458607 22264249.196124 13233134.6463415 16731.6158572768 401485.18959903 1532496654.29124 1722672219.22192 916983973.822429 1259590240.62926 258468235.6508 172237212.305678 -4.17012847129491e-09 -8.59721887419164e-09
20 55514.8104009698 767418.093228668 1.48854501008468 107871793.305608 126330975.17264 65580485.0658677 90966182.9188193 19741437.6976243 11733658.7847077 16731.6158572756 401485.18959903 1546281881.31895 1738816394.82169 925364680.655208 1271215054.16905 260991047.1493 173736688.167311 -4.17012847129491e-09 -9.75698805011947e-09
21 55514.8104009698 767423.03475712 1.49113277516219 95648639.4396632 112016177.019658 58149438.1257989 80658635.2611632 17504498.6135637 10404096.047861 16731.6158572756 401485.18959903 1558505035.18489 1753131192.97467 932795727.595277 1281522601.8267 263227986.23336 175066250.904158 -4.17012847129491e-09 -9.75798805011947e-09
22 55514.8104009698 767425.225195624 1.49308955163323 84810514.3878712 99323415.8734989 51560417.2490679 71519055.434533 15521031.3519891 9225188.59368121 16731.6158572756 401485.18959903 1569343160.23669 1765823954.12083 939384748.472008 1290662181.65334 265211453.494935 176245158.358338 -4.17012847129491e-09 -9.75898805011948e-09
23 55514.8104009698 767425.982107795 1.49456803383836 75200480.0775679 88068898.1848602 45718012.1841606 63415100.6179987 13762314.9369258 8179865.62230004 16731.6158572756 401485.18959903 1578953194.54699 1777078471.80946 945227153.536915 1298766136.46987 266970169.909998 177290481.329719 -4.17012847129491e-09 -9.75998805011948e-09
24 55514.8104009698 767426.493319413 1.49568442318321 66679405.6014391 78089684.7584335 40537638.5173972 56229444.4264452 12202887.2521488 7252993.29248979 26469.0934610771 401485.18959903 1587474269.02312 1787057685.23589 950407527.203678 1305951792.66142 268529597.594775 178217353.65953 0 0
25 55514.8104009698 767426.667299337 1.49652720341506 59123951.8364202 69241330.4967916 35944312.4252007 49858077.3789331 10820176.2096353 6431155.50036922 26469.0934610771 401485.18959903 1595029722.78814 1795906039.49753 955000853.295875 1312323159.70893 269912308.637289 179039191.451651 0 0
26 55514.8104009698 767426.740488548 1.4971632146607 52424525.8105788 61395488.7154859 31871407.0346983 44208581.8561206 9594125.38164635 5702431.36747278 26469.0934610771 401485.18959903 1601729148.81398 1803751881.27884 959073758.686377 1317972655.23175 271138359.465277 179767915.584547 0 0
27 55514.8104009698 767426.771340377 1.49764306497982 46484205.9175312 54438652.4385541 28259999.0095363 39199225.7545086 8506997.30600266 5056278.3319006 26469.0934610771 401485.18959903 1607669468.70703 1810708717.55577 962685166.711539 1322982011.33336 272225487.540921 180414068.620119 0 0
28 55514.8104009698 767426.78399969 1.498005016824 41216980.105443 48270091.1037996 25057797.4596873 34757476.7855292 7543051.05998014 4483340.50888737 26469.0934610771 401485.18959903 1612936694.51912 1816877278.89052 965887368.261388 1327423760.30234 273189433.786944 180987006.443132 0 0
29 55514.8104009698 767426.789391888 1.49827797578085 36546607.5075891 42800517.3938779 22218451.8715606 30819042.5107619 6688333.92920977 3975324.86567457 26469.0934610771 401485.18959903 1617607067.11697 1822346852.60045 968726713.849514 1331362194.5771 274044150.917714 181495022.086345 0 0
30 55514.8104009698 767426.791709026 1.49848382977765 32405431.8929225 37950697.6427605 19700830.7471636 27326869.7479018 5930464.25923728 3524872.15564695 26469.0934610771 401485.18959903 1621748242.73164 1827196672.35156 971244334.973911 1334854367.33996 274802020.587686 181945474.796373 0 0
31 55514.8104009698 767426.791751081 1.49863906146417 28733475.4078464 33650390.4972498 17468470.645855 24230380.3408418 5258465.60271036 3125458.34089638 26469.0934610771 401485.18959903 1625420199.21671 1831496979.49707 973476695.07522 1337950856.74702 275474019.244213 182344888.611124 0 0
32 55514.8104009698 767426.790128203 1.49875590788207 25477698.8954172 29837480.6609026 15489126.4965809 21484847.4012589 4662631.35162474 2771314.13409821 36206.5710648786 401485.18959903 1628675975.72914 1835309889.33342 975456039.224494 1340696389.68661 276069853.495299 182699032.817922 0 0
33 55514.8104009698 767426.792049746 1.49884416909981 22590817.7926265 26456592.1658927 13734051.724512 19050396.7778475 4134308.03665275 2457296.19878679 36206.5710648786 401485.18959903 1631562856.83193 1838690777.82843 977211113.996563 1343130840.31002 276598176.810271 183013050.753233 0 0
34 55514.8104009698 767426.792858096 1.49891071738082 20031017.438454 23458754.9641534 12177825.1730277 16891766.9811441 3665843.22614306 2178856.18224104 36206.5710648786 401485.18959903 1634122657.1861 1841688615.03017 978767340.548047 1345289470.10672 277066641.620781 183291490.769779 0 0
35 55514.8104009698 767426.793198843 1.49896089252379 17761265.8434403 20800600.0970568 10797933.3030713 14977729.6554889 3250459.75722174 1931965.9626033 36206.5710648786 401485.18959903 1636392408.78112 1844346769.89727 980147232.418004 1347203507.43238 277482025.089702 183538380.989417 0 0
36 55514.8104009698 767426.793338663 1.49899872067186 15748698.4312801 18443639.1530724 9574396.14778084 13280570.743591 2882143.13837339 1713050.72469113 36206.5710648786 401485.18959903 1638404976.19328 1846703730.84125 981370769.573294 1348900666.34428 277850341.70855 183757296.227329 0 0
37 55514.8104009698 767426.793398216 1.49902723716473 13964184.1506949 16353756.1320574 8489503.53089262 11775724.5971191 2555562.14429565 1518941.76420038 36206.5710648786 401485.18959903 1640189490.47386 1848793613.86227 982455662.190182 1350405512.49075 278176922.702628 183951405.18782 0 0
38 55514.8104009698 767426.79342381 1.49904873694767 12381872.066439 14500676.4482407 7527539.41746491 10441391.625725 2265985.83827245 1346827.16854348 36206.5710648786 401485.18959903 1641771802.55812 1850646693.54608 983417626.30361 1351739845.46214 278466499.008651 184123519.783477 0 0
39 55514.8104009698 767426.793424283 1.49906494611383 10978845.0751203 12857561.3893793 6674571.39096227 9258246.28233798 2009220.1992816 1194214.15009455 36206.5710648786 401485.18959903 1643174829.54944 1852289808.60494 984270594.330113 1352922990.80553 278723264.647642 184276132.801926 0 0
40 55514.8104009698 767426.793406366 1.49907714479245 9734837.31721466 11400677.1718961 5918278.85433941 8209198.76221862 1781556.40603697 1058898.30793143 45944.0486686801 401485.18959903 1644418837.30734 1853746692.82243 985026886.866736 1353972038.32565 278950928.440887 184411448.644089 0 0
41 55514.8104009698 767426.793427579 1.49908635841669 8631781.91305067 10108865.2847728 5247678.07685293 7279013.61752095 1579688.06890236 938914.433218045 45944.0486686801 401485.18959903 1645521892.7115 1855038504.70955 985697487.644222 1354902223.47035 279152796.778022 184531432.518802 0 0
42 55514.8104009698 767426.793436503 1.49909330478008 7653701.41085343 8963414.19090009 4653055.59212384 6454217.37426076 1400691.18096999 832524.592787336 45944.0486686801 401485.18959903 1646499973.2137 1856183955.80343 986292110.128951 1355727019.71361 279331793.665954 184637822.359233 0 0
43 55514.8104009698 767426.793440264 1.49909854173694 6786446.36415919 7947753.16946993 4125809.26669288 5722878.07973958 1241976.2755474 738189.693131069 45944.0486686801 401485.18959903 1647367228.2604 1857199616.82486 986819356.454382 1356458359.00813 279490508.571377 184732157.258889 0 0
44 55514.8104009698 767426.793441808 1.49910248978733 6017459.46171647 7047176.08343453 3658304.90316923 5074406.39788293 1101245.2599625 654543.823838719 45944.0486686801 401485.18959903 1648136215.16284 1858100193.91089 987286860.817906 1357106830.68999 279631239.586961 184815803.128182 0 0
45 55514.8104009698 767426.793442465 1.4991054658795 5335609.9495931 6248647.46767769 3243775.57741405 4499415.98062713 976461.113428442 580376.247008797 45944.0486686801 401485.18959903 1648818064.67496 1858898722.52665 987701390.143661 1357681821.10724 279756023.733496 184889970.705012 0 0
46 55514.8104009698 767426.793442748 1.49910770961374 4731020.37991153 5540599.63073579 2876216.3107098 3989577.36850123 865816.180617432 514612.551995969 45944.0486686801 401485.18959903 1649422654.24464 1859606770.36359 988068949.410365 1358191659.71937 279866668.666307 184955734.400025 0 0
47 55514.8104009698 767426.793442753 1.49910940117707 4194934.29640974 4912777.69851487 2550303.62940758 3537506.41243673 767707.957015072 456300.263025119 45944.0486686801 401485.18959903 1649958740.32815 1860234592.29581 988394862.091668 1358643730.67543 279964776.889909 185014046.688995 0 0
48 55514.8104009698 767426.793442555 1.49911067418689 3719608.2670077 4356113.17130916 2261329.92629776 3136673.22693323 680719.32997969 404597.095129388 55681.5262724816 401485.18959903 1650434066.35755 1860791256.82302 988683835.794777 1359044563.86094 280051765.516944 185065749.856891 0 0
49 55514.8104009698 767426.793442789 1.49911163567812 3298139.11481069 3862521.59031644 2005098.42597335 2781256.49732742 603586.960575247 358752.161355558 55681.5262724816 401485.18959903 1650855535.50975 1861284848.40401 988940067.295101 1359399980.59055 280128897.886348 185111594.790665 0 0
50 55514.8104009698 767426.793442888 1.49911236056205 2924421.89218651 3424853.32017683 1777897.63523719 2466108.04015074 535193.592477037 318101.401431529 55681.5262724816 401485.18959903 1651229252.73237 1861722516.67415 989167268.085837 1359715129.04772 280197291.254447 185152245.550589 0 0
51 55514.8104009698 767426.79344293 1.49911290705751 2593050.24508748 3036776.86348917 1576440.76975 2186668.7823021 474549.81781176 282056.743983673 55681.5262724816 401485.18959903 1651560624.37947 1862110593.13084 989368724.951324 1359994568.30557 280257935.029112 185188290.208037 0 0
52 55514.8104009698 767426.793442947 1.49911331904864 2299226.11836907 2692673.11476937 1397810.8595226 1938892.61730123 420777.552477881 250096.284812838 55681.5262724816 401485.18959903 1651854448.50619 1862454696.87956 989547354.861552 1360242344.47057 280311707.294446 185220250.667208 0 0
53 55514.8104009698 767426.793442954 1.49911362961136 2038696.53490976 2387561.32111919 1239422.31388245 1719193.09235145 373098.466197385 221757.410099103 55681.5262724816 401485.18959903 1652114978.08965 1862759808.67321 989705743.407192 1360462043.99552 280359386.380726 185248589.541921 0 0
54 55514.8104009698 767426.793442957 1.49911386374983 1807687.39607062 2117021.5545218 1098980.67556836 1524387.58355615 330821.867447843 196629.595605387 55681.5262724816 401485.18959903 1652345987.22849 1863030348.43981 989846185.045506 1360656849.50432 280401662.979476 185273717.356415 0 0
55 55514.8104009698 767426.793442957 1.49911404026769 1602852.92493883 1877135.50373797 974451.884830851 1351654.66239051 293335.451154401 174348.907411047 55681.5262724816 401485.18959903 1652550821.69962 1863270234.49059 989970713.836244 1360829582.42548 280439149.395769 185295998.044609 0 0
56 55514.8104009698 767426.793442955 1.49911417310831 1421234.41436476 1664438.16324581 864037.200367009 1198499.30872434 260097.749236575 154593.514766137 55681.5262724816 401485.18959903 1652732440.21019 1863482931.83108 990081128.520707 1360982737.77915 280472387.097687 185315753.437254 0 0
57 55514.8104009698 767426.793442957 1.49911427336419 1260193.75219233 1475839.98320949 766132.786089995 1062696.8539432 230625.965171074 137076.45935721 55681.5262724816 401485.18959903 1652893480.87236 1863671530.01112 990179032.934984 1361118540.23393 280501858.881753 185333270.492663 0 0
58 55514.8104009698 767426.793442959 1.49911434902937 1117398.95543804 1308609.92824562 679320.916656267 942280.782203242 204493.326625949 121544.081800458 55681.5262724816 401485.18959903 1653036275.66912 1863838760.06608 990265844.804418 1361238956.30567 280527991.520298 185348802.87022 0 0
59 55514.8104009698 767426.793442959 1.49911440606895 990784.506005525 1160329.02572608 602345.863626343 835509.282311574 181321.826565599 107771.70719419 55681.5262724816 401485.18959903 1653162890.11855 1863987040.9686 990342819.857448 1361345727.80556 280551163.020358 185362575.244826 0 0
60 55514.8104009698 767426.793442959 1.49911444906924 878516.963617112 1028850.09434331 534092.989901268 740836.249781022 160775.930130492 95559.9046959098 55681.5262724816 401485.18959903 1653275157.66094 1864118519.89999 990411072.731173 1361440400.83809 280571708.916793 185374787.047324 0 0
61 55514.8104009698 767426.79344296 1.49911448148226 778970.701703696 912269.327889519 473573.998395485 656890.825378499 142558.134102688 84731.8482152315 55681.5262724816 401485.18959903 1653374703.92285 1864235100.66644 990471591.722679 1361524346.26249 280589926.712821 185385615.103805 0 0
62 55514.8104009698 767426.793442958 1.49911450591536 690704.229461016 808898.565507959 419912.537068624 582457.427976092 126404.633644682 75130.7408665169 55681.5262724816 401485.18959903 1653462970.3951 1864338471.42882 990525253.184006 1361598779.6599 280606080.213279 185395216.211154 0 0
63 55514.8104009698 767426.793442947 1.49911452433835 612439.218821064 717240.729728489 372331.448406159 516458.068404427 112081.484060293 66617.533646266 55681.5262724816 401485.18959903 1653541235.40574 1864430129.2646 990572834.272668 1361664779.01947 280620403.362863 185403729.418374 0 0
64 55514.8104009698 767426.793442906 1.49911453823758 543042.564142027 635968.816184932 330141.862636445 457937.220738504 99381.3175683126 59068.9739917777 55681.5262724816 401485.18959903 1653610632.06042 1864511401.17814 990615023.858438 1361723299.86713 280633103.529356 185411277.978029 0 0
65 55514.8104009698 767426.793442852 1.49911454871438 481509.363336683 563905.96244883 292732.851134824 406047.470614655 88120.2287070878 52375.7545684635 55681.5262724816 401485.18959903 1653672165.26122 1864583464.03188 990652432.86994 1361775189.61726 280644364.618217 185417971.197452 0 0
66 55514.8104009698 767426.793442838 1.49911455660395 426948.680470533 500008.774302173 259562.770817812 360037.509106768 78135.1687712582 46440.9646090685 55681.5262724816 401485.18959903 1653726725.94409 1864647361.22003 990685602.950257 1361821199.57877 280654349.678153 185423905.987411 0 0
67 55514.8104009698 767426.793442936 1.49911456254937 378570.366708174 443351.891464488 230151.25195842 319241.019086961 69281.5339350411 41178.6563737835 55681.5262724816 401485.18959903 1653775104.25785 1864704018.10286 990715014.469116 1361861996.06879 280663203.312989 185429168.295646 0 0
68 55514.8104009698 767426.793443051 1.49911456703419 335673.864116043 393114.875485651 204072.391475854 283067.233690455 61431.1162547734 36512.6272938051 55681.5262724816 401485.18959903 1653818000.76044 1864754255.11884 990741093.329599 1361898169.85418 280671053.730669 185433834.324726 0 0
69 55514.8104009698 767426.793443006 1.49911457041833 297638.044031049 348570.309241024 180948.575187891 250992.367209682 54470.2440056335 32375.3146488816 55681.5262724816 401485.18959903 1653856036.58053 1864798799.68509 990764217.145886 1361930244.72066 280678014.602918 185437971.637371 0 0
70 55514.8104009698 767426.793442705 1.49911457296315 263912.147092441 309073.186608088 160444.969817678 222551.974999579 48298.1236319248 28706.8100773044 55681.5262724816 401485.18959903 1653889762.47746 1864838296.80772 990784720.751257 1361958685.11287 280684186.723292 185441640.141943 0 0
71 55514.8104009698 767426.793442588 1.49911457487973 234007.783803346 274051.544152165 142264.659747845 197334.207706882 42825.375783131 25453.9894440728 55681.5262724816 401485.18959903 1653919666.84075 1864873318.45018 990802901.061327 1361983902.88017 280689659.471141 185444892.962576 0 0
72 55514.8104009698 767426.793443174 1.49911457632822 207491.89994927 242998.222776857 126144.370357884 174973.879144526 37972.7479268417 22569.7476605213 55681.5262724816 401485.18959903 1653946182.72461 1864904371.77155 990819021.350716 1362006263.20873 280694512.098997 185447777.20436 0 0
