"Time" "IECs" "pheme_e" "BiomassCD" "pro_L_e" "leu_L_e" "ile_L_e" "val_L_e" "trp_L_e" "cys_L_e" "Drug" "Damage" "pro_L_v" "leu_L_v" "ile_L_v" "val_L_v" "trp_L_v" "cys_L_v" "CD" "pheme_c"
0 457000 1e+05 0.4963 224235600.199112 195370466.451958 120509812.093413 157438605.791629 18978882.6152 31300034.1459915 0 0 0 0 0 0 0 0 45700000 1000
1 380266.13248347 128870.463594181 0.594123778023889 272199497.732193 289930155.880168 159232119.360119 216242339.108578 40739941.2490503 32133125.8140438 0 76733.8675165297 226688505.113095 224576465.573037 128472262.915332 172052487.690884 28269074.4006682 28632713.4582951 48532264.0507972 752.49207958072
2 312410.618998195 197332.623502822 0.697811997751351 300354325.694424 336677019.904924 179778165.62191 246569444.443522 50551350.0988387 33622205.775418 0 144589.381001805 441247771.32651 460040682.133539 255674515.948115 345797063.482738 62698820.1376007 53200150.6752665 52252900.0785769 1000.33310691927
3 252441.794905925 270753.95455032 0.803528976475958 324221877.829806 370351260.653894 195703037.977887 269426450.787167 56848137.4165884 35572223.0955803 0 204558.205094075 631683089.617653 675776780.784321 370201500.692146 503203585.031553 95500765.9128712 74278161.8065359 57057134.934778 1210.479210149
4 199697.272285937 338130.442243749 0.907130809892113 348438590.312917 401492179.6644 211085148.132407 291159652.349973 62197072.0129496 37915053.7549202 0 257302.727714063 795687242.838299 864000331.350345 469393802.972 639901413.846031 124539957.297072 92189227.8332714 63165452.5532039 1354.00187253948
5 153794.282038791 395456.925305331 1.00479474454765 374242216.846878 433385730.051151 227115115.38471 313680683.199953 67431627.3063228 40591559.0316582 0 303205.717961209 933333271.450195 1023017317.40147 552859249.420396 755104994.724285 149232385.840392 107139470.811437 70824617.5491429 1441.24611523822
6 114552.705643394 440837.611619418 1.09354991355641 401438383.417464 466596252.999434 243844640.013903 337189718.274146 72764005.371017 43512813.0950265 0 342447.294356606 1045383278.65711 1153012510.68165 620892016.607514 849122457.398095 169483151.936145 119286982.083902 80308678.5426415 1485.08615891246
7 81888.0074543723 473167.5708536 1.17156391193971 428988437.156074 500345358.125358 260714399.172105 361000495.09158 78125109.0309408 46546460.6658048 0 375111.992545628 1133084398.62569 1255115885.32386 674178512.314212 922852998.122712 185416302.278007 128796578.617708 91917611.2855514 1494.50003483177
8 55681.4016917551 491943.122882297 1.23815231194025 455284415.993943 533068683.230424 276779774.211353 383884306.866705 83294320.7075679 49519741.3447483 9737.47760380151 401318.598308245 1198361328.96327 1331385833.58552 713856282.815385 977834596.387819 197329705.69358 135886634.551609 105972232.134475 1475.15462807177
9 52941.6080054301 640167.025314168 1.2935788141887 414206755.978064 485224000.021421 251814491.835227 349339147.821776 75823175.5620807 45069336.6729175 6393.52644319731 404058.39199457 1248934635.6005 1390625318.73595 744601887.12759 1020486048.88966 206586629.99436 141389119.998989 431138.479871548 761.384567077714
10 52912.8793138633 716613.123044382 1.33875777879245 369433497.603813 432776655.109222 224594932.782945 311578573.239154 67627579.7093212 40197779.0713441 5533.12548975486 404087.120686136 1293807620.59924 1443192146.27638 771882153.003037 1058331692.6972 214800951.292713 146271709.418124 29170.0387945245 205.984513510862
11 52910.502102662 748948.098153592 1.37495906614321 329432737.042423 385917534.370531 200276710.525749 277842174.608822 60305172.041972 35845338.2583565 5337.46573418527 404089.497897338 1333816654.86472 1490061153.83646 796205411.714545 1092075140.01233 222124908.471479 150625063.080213 3133.27927365214 46.4964231181618
12 52910.2354657289 762551.088175498 1.40357100320803 293757733.573528 344125684.255201 178588300.976297 247754034.289255 53774594.1269988 31963567.9577416 5296.03225167866 404089.764534271 1369492588.71252 1531854112.89479 817894387.611951 1122164071.97574 228655660.18965 154506935.76941 370.553149730975 9.4971589000097
13 52910.2036211488 768267.491116685 1.42594016237244 261945452.350445 306858844.064243 159248210.211811 220923691.064393 47951113.7023148 28502096.5916014 5287.81726008888 404089.796378851 1401304981.32385 1569121085.52736 837234546.181407 1148994509.86634 234479161.372217 157968419.363869 44.8007415527039 1.82538027348186
14 52910.1997608289 770668.990510466 1.44328047305538 233578186.274458 273627702.425159 142002496.235474 196998858.422517 42758269.2402318 25415474.7467494 5286.26351130814 404089.800239171 1429672260.93406 1602352243.22151 854480268.396357 1172919353.99766 239672008.350704 161055042.691084 5.45098208287184 0.338014942643242
15 52910.1992906327 771677.790569545 1.45663402777532 208282931.710251 243995301.83721 126624393.733514 175664947.279187 38127779.8887926 22663116.2595483 5285.97853531943 404089.800709367 1454967517.15033 1631984645.76501 869858371.903966 1194253266.542 244302498.008653 163807401.35884 0.665088421662407 0.0611476039004775
16 52910.199233226 772101.547659353 1.46686524343663 185727015.338731 217571928.699007 112911655.910184 156641382.421745 33998747.2913567 20208823.1935697 15023.4048967228 404089.800766774 1477523433.72396 1658408019.14196 883571109.850321 1213276831.57066 248431530.643512 166261694.446863 0.0812917998549974 0.0108962718194389
17 52910.1992328571 772279.550077354 1.47467367086451 165613782.730781 194010063.975663 100683933.436271 139677966.760686 30316866.5945588 18020316.7940895 15023.3940679042 404089.800767143 1497636666.33321 1681969883.86684 895798832.325025 1230240247.23282 252113411.340551 168450200.846485 -1.58392539612353e-07 7.39792403891648e-05
18 52910.1992328571 772354.33361542 1.48061545517405 147678620.483674 172999723.425495 89780356.1368387 124551526.467542 27033698.2964153 16068804.6667948 15023.3939944302 404089.800767143 1515571828.58032 1702980224.417 906702409.624457 1245366687.52596 255396579.638694 170401712.97378 -1.58392539612353e-07 5.05247360492697e-07
19 52910.1992328571 772385.716548812 1.48512612630633 131685934.197025 154264917.430156 80057695.7700402 111063362.217397 24106115.0443068 14328651.9541284 15023.3939938065 404089.800767143 1531564514.86697 1721715030.41234 916425069.991256 1258854851.77611 258324162.890803 172141865.686446 -1.58392539612353e-07 -1.18557623203293e-07
20 52910.1992328571 772398.914301757 1.48854492410677 117425072.739569 137558876.434723 71387888.2090326 99035811.7334411 21495555.5413457 12776937.8577375 15023.3939938065 404089.800767143 1545825376.32442 1738421071.40778 925094877.552264 1270882402.26007 260934722.393764 173693579.782837 -1.58392539612353e-07 -1.18558623203295e-07
21 52910.1992328571 772404.483107599 1.49113271336466 104708579.966455 122662002.902957 63656970.5837027 88310775.2927072 19167704.5098899 11393265.4090877 15023.3939938065 404089.800767143 1558541869.09753 1753317944.93954 932825795.177594 1281607438.7008 263262573.425219 175077252.231487 -1.58392539612353e-07 -1.18559623203297e-07
22 52910.1992328571 772406.77617277 1.49308968785499 93369145.0114423 109378298.703977 56763227.2285897 78747143.6153487 17091934.419259 10159429.6329466 15023.3939938065 404089.800767143 1569881304.05255 1766601649.13852 939719538.532707 1291171070.37816 265338343.51585 176311088.007628 -1.58392539612353e-07 -1.18560623203299e-07
23 52910.1992328571 772407.658566282 1.49456818499743 83257753.1281976 97533198.8952234 50616065.4976388 70219238.2919855 15240966.983125 9059216.34175296 15023.3939938065 404089.800767143 1579992695.93579 1778446748.94728 945866700.263657 1299698975.70152 267189310.951984 177411301.298821 -1.58392539612353e-07 -1.185616232033e-07
24 52910.1992328571 772408.145552807 1.49568473179111 74241369.3553889 86970858.226782 45134607.5619001 62614858.1965969 13590449.1367334 8078150.09687875 24760.871597608 404089.800767143 1589009079.7086 1789009089.61572 951348158.199396 1307303355.79691 268839828.798376 178392367.543696 0 0
25 52910.1992328571 772408.3382029 1.49652742653684 66201550.2531744 77552524.8450188 40246846.4228233 55834108.6309249 12118698.9046742 7203343.15267296 24760.871597608 404089.800767143 1597048898.81082 1798427422.99748 956235919.338473 1314084105.36258 270311579.030435 179267174.487902 0 0
26 52910.1992328571 772408.419349561 1.49716337904565 59032294.5942876 69154022.461316 35888339.2524367 49787588.6063887 10806311.9534863 6423261.59170184 24760.871597608 404089.800767143 1604218154.4697 1806825925.38119 960594426.50886 1320130625.38712 271623965.981623 180047256.048873 0 0
27 52910.1992328571 772408.453599048 1.49764318818111 52639413.8357791 61665012.8843582 32001824.6753135 44395859.9026036 9636046.35170551 5727656.82623113 24760.871597608 404089.800767143 1610611035.22821 1814314934.95814 964480941.085983 1325522354.0909 272794231.583404 180742860.814344 0 0
28 52910.1992328571 772408.467704102 1.49800511694886 46938827.9076052 54986999.6031711 28536186.7031827 39588009.7426547 8592510.60096303 5107380.16420588 24760.871597608 404089.800767143 1616311621.15638 1820992948.23933 967946579.058113 1330330204.25085 273837767.334146 181363137.476369 0 0
29 52910.1992328571 772408.47353372 1.49827805295009 41855600.9454928 49032198.185916 25445868.5143472 35300837.5342574 7661987.11952827 4554277.88803586 24760.871597608 404089.800767143 1621394848.1185 1826947749.65659 971036897.246949 1334617376.45925 274768290.815581 181916239.752539 0 0
30 52910.1992328571 772408.476254025 1.49848387742723 37322859.1676399 43722268.6148009 22690214.5831342 31477942.2115239 6832234.15138229 4061073.5095362 24760.871597608 404089.800767143 1625927589.89635 1832257679.2277 973792551.178162 1338440271.78198 275598043.783727 182409444.131039 0 0
31 52910.1992328571 772408.476588754 1.49863911744997 33280947.2650083 38987327.0303298 20232957.812293 28069010.73809 6092331.33702391 3621275.97736085 24760.871597608 404089.800767143 1629969501.79898 1836992620.81217 976249807.949003 1341849203.25542 276337946.598086 182849241.663214 0 0
32 52910.1992328571 772408.474281733 1.49875601385738 29676824.317046 34765238.0702159 18041852.2834816 25029308.6249799 5432569.13123345 3229113.94702605 34498.3492014095 404089.800767143 1633573624.74694 1841214709.77229 978440913.477814 1344888905.36853 276997708.803876 183241403.693549 0 0
33 52910.1992328571 772408.476524593 1.4988442479493 26463033.7281326 31000408.1902473 16088047.0361353 22318811.1793429 4844260.24207945 2879423.70043452 34498.3492014095 404089.800767143 1636787415.33585 1844979539.65226 980394718.72516 1347599402.81417 277586017.69303 183591093.940141 0 0
34 52910.1992328571 772408.477469317 1.49891077640353 23597235.9718748 27643238.2925178 14345802.0020857 19901809.4229606 4319654.09619673 2567598.30411768 34498.3492014095 404089.800767143 1639653213.09211 1848336709.54999 982136963.75921 1350016404.57055 278110623.838913 183902919.336457 0 0
35 52910.1992328571 772408.477868056 1.49896093694144 21041781.9281789 24649623.9065083 12792228.6183222 17746550.2465305 3851858.73488194 2289541.18434888 34498.3492014095 404089.800767143 1642208667.13581 1851330323.936 983690537.142973 1352171663.74698 278578419.200227 184180976.456226 0 0
36 52910.1992328571 772408.478032274 1.49899875492425 18763061.9121726 21980192.6019492 11406894.0729213 15824687.3834012 3434721.64887071 2041595.29544772 34498.3492014095 404089.800767143 1644487387.15181 1853999755.24056 985075871.688374 1354093526.61011 278995556.286239 184428922.345127 0 0
37 52910.1992328571 772408.47810014 1.49902726316392 16731121.4810053 19599853.9215246 10171587.7370308 14110957.3826461 3062759.44884097 1820501.31599387 34498.3492014095 404089.800767143 1646519327.58298 1856380093.92098 986311178.024265 1355807256.61086 279367518.486268 184650016.324581 0 0
38 52910.1992328571 772408.478131811 1.49904875543575 14919228.891099 17477292.6739732 9070058.2030285 12582814.8043302 2731078.6851623 1623350.58416106 34498.3492014095 404089.800767143 1648331220.17289 1858502655.16853 987412707.558267 1357335399.18918 279699199.249947 184847167.056414 0 0
39 52910.1992328571 772408.478135718 1.49906496216691 13303537.8629017 15584573.8761966 8087808.26432002 11220147.7967242 2435314.11441092 1447548.40339201 34498.3492014095 404089.800767143 1649946911.20108 1860395373.96631 988394957.496975 1358698066.19679 279994963.820698 185022969.237183 0 0
40 52910.1992328571 772408.478108876 1.49907716369545 11862846.094487 13896859.8613932 7211948.1050901 10005074.4276909 2171584.49344146 1290787.76643661 44235.826805211 404089.800767143 1651387602.9695 1862083087.98111 989270817.656205 1359913139.56582 280258693.441668 185179729.874139 0 0
41 52910.1992328571 772408.478134972 1.49908637255665 10578183.8333482 12391928.30702 6430945.17492428 8921595.68787042 1936417.26431464 1151004.58814423 44235.826805211 404089.800767143 1652672265.23064 1863588019.53548 990051820.586371 1360996618.30564 280493860.670795 185319513.052431 0 0
42 52910.1992328571 772408.478145964 1.4990933153949 9432626.00366882 11049952.1492433 5734509.97267825 7955437.03961038 1726714.16276059 1026357.26316688 44235.826805211 404089.800767143 1653817823.06032 1864929995.69326 990748255.788617 1361962776.9539 280703563.772349 185444160.377409 0 0
43 52910.1992328571 772408.478150603 1.49909854973066 8411123.21821135 9853301.61998098 5113493.31114136 7093905.8931054 1539720.28361572 915208.278484173 44235.826805211 404089.800767143 1654839325.84578 1866126646.22252 991369272.450154 1362824308.10041 280890557.651494 185555309.362091 0 0
44 52910.1992328571 772408.478152514 1.49910249589288 7500240.53261837 8786238.20779207 4559727.49423722 6325671.27287475 1372976.25780414 816095.787446398 44235.826805211 404089.800767143 1655750208.53137 1867193709.63471 991923038.267058 1363592542.72064 281057301.677305 185654421.853129 0 0
45 52910.1992328571 772408.478153303 1.49910547050051 6688004.12610344 7834735.05030736 4065933.10744392 5640634.50890302 1224290.18606827 727716.927210562 44235.826805211 404089.800767143 1656562444.93788 1868145212.7922 992416832.653851 1364277579.48461 281205987.749041 185742800.713365 0 0
46 52910.1992328571 772408.478153672 1.49910771298156 5963728.40311046 6986274.39059095 3625613.90525605 5029783.41490779 1091705.98860839 648909.005796085 44235.826805211 404089.800767143 1657286720.66088 1868993673.45191 992857151.856039 1364888430.5786 281338571.946501 185821608.63478 0 0
47 52910.1992328571 772408.478153718 1.49910940393748 5317881.18570368 6229689.65530185 3232974.85568437 4485078.59216927 973478.727520961 578634.833765545 44235.826805211 404089.800767143 1657932567.87828 1869750258.1872 993249790.905611 1365433135.40134 281456799.207588 185891882.80681 0 0
48 52910.1992328571 772408.478153404 1.49911067697982 4741987.18051133 5555052.36999695 2882863.45354708 3999372.01395714 868056.935686133 515972.220532121 53973.3044090125 404089.800767143 1658508461.88348 1870424895.47251 993599902.307748 1365918841.97955 281562220.999423 185954545.420043 0 0
49 52910.1992328571 772408.478153708 1.49911163777219 4228463.58812324 4953479.58197495 2570669.78016178 3566268.37918894 774052.523813625 460096.087136175 53973.3044090125 404089.800767143 1659021985.47587 1871026468.26053 993912095.981133 1366351945.61432 281656225.411295 186010421.553439 0 0
50 52910.1992328571 772408.478153836 1.49911236213563 3770544.75760968 4417045.59599435 2292280.69749956 3180061.56636866 690226.987877503 410270.267957542 53973.3044090125 404089.800767143 1659479904.30638 1871562902.24651 994190485.063795 1366738152.42714 281740050.947231 186060247.372618 0 0
51 52910.1992328571 772408.47815389 1.49911290824337 3362214.99110969 3938703.2574789 2044038.99712632 2835677.96125954 615479.108483364 365840.199231029 53973.3044090125 404089.800767143 1659888234.07288 1872041244.58503 994438726.764169 1367082536.03225 281814798.826626 186104677.441344 0 0
52 52910.1992328571 772408.478153913 1.49911331995124 2998103.88002436 3512161.34296477 1822679.77045184 2528588.18387038 548825.791359905 326221.530652753 53973.3044090125 404089.800767143 1660252345.18397 1872467786.49954 994660085.990843 1367389625.80964 281881452.143749 186144296.109922 0 0
53 52910.1992328571 772408.478153922 1.49911363029381 2673425.07654145 3131812.83333825 1625293.18523518 2254755.44861726 489390.859019319 290893.463153691 53973.3044090125 404089.800767143 1660577023.98745 1872848135.00917 994857472.57606 1367663458.54489 281940887.07609 186179624.177421 0 0
54 52910.1992328571 772408.478153926 1.49911386425243 2383907.18110571 2792653.95121251 1449282.46902537 2010577.27510718 436392.399181402 259391.228814952 53973.3044090125 404089.800767143 1660866541.88289 1873187293.89129 995033483.29227 1367907636.7184 281993885.535928 186211126.41176 0 0
55 52910.1992328571 772408.478153927 1.49911404067024 2125739.85448281 2490221.0333197 1292331.14830483 1792840.03927972 389132.900175672 231300.227360136 53973.3044090125 404089.800767143 1661124709.20951 1873489726.80919 995190434.61299 1368125373.95423 282041145.034933 186239217.413215 0 0
56 52910.1992328571 772408.478153924 1.49911417348676 1895535.22957836 2220545.32596745 1152379.58902984 1598686.42829778 346992.187080412 206251.827403074 53973.3044090125 404089.800767143 1661354913.83441 1873759402.51654 995330386.172265 1368319527.56521 282083285.748029 186264265.813172 0 0
57 52910.1992328571 772408.478153924 1.4991142735007 1690264.1297768 1980078.26731935 1027586.22094159 1425561.64736321 309415.746002929 183916.426411066 53973.3044090125 404089.800767143 1661560184.93422 1873999869.57519 995455179.540354 1368492652.34614 282120862.189106 186286601.214164 0 0
58 52910.1992328571 772408.478153927 1.49911434913519 1507217.58146695 1765646.40082519 916304.139330496 1271180.95954302 275907.678653695 163999.262910427 53973.3044090125 404089.800767143 1661743231.48252 1874214301.44168 995566461.621965 1368647033.03396 282154370.256455 186306518.377665 0 0
59 52910.1992328571 772408.478153929 1.49911440614913 1343994.05797517 1574436.43198793 817073.350059806 1133518.92735631 246028.367250983 146239.028508012 53973.3044090125 404089.800767143 1661906455.00602 1874405511.41052 995665692.411235 1368784695.06615 282184249.567858 186324278.612067 0 0
60 52910.1992328571 772408.478153929 1.49911444912929 1198446.76132986 1403933.47101431 728588.719821711 1010764.95043653 219384.8240456 130402.131657855 53973.3044090125 404089.800767143 1662052002.30266 1874576014.37149 995754177.041473 1368907449.04307 282210893.111063 186340115.508917 0 0
61 52910.1992328571 772408.478153929 1.49911448153064 1068661.45243277 1251895.0617283 649686.498119289 901304.567591332 195626.63296459 116280.28537803 53973.3044090125 404089.800767143 1662181787.61156 1874728052.78078 995833079.263175 1369016909.42592 282234651.302145 186354237.355197 0 0
62 52910.1992328571 772408.47815393 1.49911450594217 952931.307185323 1116321.72650735 579329.031195142 803698.250565415 174441.346833307 103687.771363812 53973.3044090125 404089.800767143 1662297517.75681 1874863626.116 995903436.7301 1369114515.74294 282255836.588276 186366829.869211 0 0
63 52910.1992328571 772408.478153926 1.49911452434744 849734.008857343 995430.130888924 516590.835470529 716662.083840813 155550.293958716 92458.9474247603 53973.3044090125 404089.800767143 1662400715.05513 1874984517.71162 995966174.925824 1369201551.90967 282274727.64115 186378058.69315 0 0
64 52910.1992328571 772408.478153912 1.49911453821171 757712.284929479 887630.283243287 460646.765032229 639051.349491781 138705.015249893 82446.1297125171 53973.3044090125 404089.800767143 1662492736.77906 1875092317.55926 996022118.996263 1369279162.64402 282291572.919859 186388071.510863 0 0
65 52910.1992328571 772408.478153877 1.49911454872262 675656.006353546 791504.564757643 410761.128982254 569845.429776353 123683.987351046 73517.6449541798 53973.3044090125 404089.800767143 1662574793.05764 1875188443.27775 996072004.632313 1369348368.56373 282306593.947758 186396999.995621 0 0
66 52910.1992328571 772408.47815384 1.49911455665718 602486.042240885 705788.815835522 366277.875989783 508134.190248525 110289.667119027 65556.0736925312 53973.3044090125 404089.800767143 1662647963.02175 1875274159.02667 996116487.885305 1369410079.80326 282319988.26799 186404961.566883 0 0
67 52910.1992328571 772408.478153841 1.49911456262561 537240.047524586 629355.686899373 326611.953983292 453105.993132432 98345.8899464542 58456.7038517706 53973.3044090125 404089.800767143 1662713209.01647 1875350592.15561 996156153.807312 1369465108.00037 282331932.045163 186412060.936723 0 0
68 52910.1992328571 772408.478153924 1.49911456708968 479059.84374474 561199.855474437 291241.638372537 404037.054329786 87695.5597181717 52126.157649817 53973.3044090125 404089.800767143 1662771389.22025 1875418747.98703 996191524.122922 1369514176.93918 282342582.375391 186418391.482925 0 0
69 52910.1992328571 772408.478154011 1.49911457044937 427180.220613836 500424.907660933 259701.724025541 360281.998707301 78198.5988523458 46481.1731046804 53973.3044090125 404089.800767143 1662823268.84338 1875479522.93485 996223064.037269 1369557931.9948 282352079.336257 186424036.46747 0 0
70 52910.1992328571 772408.478153975 1.49911457300522 380918.883527183 446231.562036002 231577.413916176 321265.381869326 69730.108115546 41447.5102302878 53973.3044090125 404089.800767143 1662869530.18046 1875533716.28047 996251188.347379 1369596948.61164 282360547.826994 186429070.130345 0 0
71 52910.1992328571 772408.478153735 1.49911457492273 339667.421034087 397907.08839974 206498.827850937 286474.072161082 62178.7131494241 36958.9682135072 53973.3044090125 404089.800767143 1662910781.64296 1875582040.75411 996276266.933444 1369631739.92135 282368099.22196 186433558.672362 0 0
72 52910.1992328571 772408.47815358 1.49911457635415 302883.258858887 354815.882225779 184136.110962951 255450.464723896 55445.0915928719 32956.509936953 53973.3044090125 404089.800767143 1662947565.80513 1875625131.96028 996298629.650332 1369662763.52878 282374832.843516 186437561.130638 0 0
