"Time" "IECs" "pheme_e" "BiomassCD" "pro_L_e" "leu_L_e" "ile_L_e" "val_L_e" "trp_L_e" "cys_L_e" "Drug" "Damage" "pro_L_v" "leu_L_v" "ile_L_v" "val_L_v" "trp_L_v" "cys_L_v" "CD" "pheme_c"
0 457000 1e+05 0.4963 224235600.199112 195370466.451958 120509812.093413 157438605.791629 18978882.6152 31300034.1459915 0 0 0 0 0 0 0 0 45700000 1000
1 288899.547327834 179392.187524085 0.5941237782398 517797681.381391 572149847.854269 307983768.963619 421179420.927231 84438636.4251154 58809967.1509092 0 168100.452672166 308285084.506121 322350401.261227 178886996.384344 242054342.755432 44141096.4778119 37040640.8211941 48532264.0460137 1039.36773765162
2 176917.850396398 319281.325067048 0.697811951840636 631839085.987316 716618970.390749 380225615.793354 522668165.217884 109141719.523318 69808412.8261831 0 280082.149603602 594637044.867272 643613156.262591 350375604.967474 477273354.714697 92448714.0802913 69043166.7675917 52252902.29918 1616.66741829179
3 103950.37383736 439961.848678702 0.803528933416582 694292239.451114 794679968.522392 419377187.51479 577665691.988339 122203427.205882 76075860.9928645 0 353049.626162641 792421267.887884 869023893.139987 469639261.752229 641388844.433623 126959771.792528 90795229.5995808 57057136.0762532 1967.92123780292
4 57924.8633400566 524341.237385826 0.907130681718082 735223407.142035 845712710.785911 444809313.936457 613547755.750513 130575533.673174 80362040.8061515 0 399075.136659944 914775489.814637 1009411249.03475 543606893.413602 743341205.23642 148593528.547302 104182845.817258 63165457.1593209 2101.38161327142
5 30189.5329586879 573763.607904976 1.00479456682374 763034950.383075 881042462.708327 461987019.141239 638102808.862579 136288312.455025 83422252.5534263 0 426810.467041312 984221249.357239 1089432736.16845 585637756.979367 801351092.533743 160960547.198357 111773000.936429 70824625.6460351 2092.75062080313
6 14476.5025999283 594782.541908693 1.09354971963976 780628309.178484 904750346.849535 472817484.578812 654089404.724098 140083893.182017 85516554.1695044 0 442523.497400072 1020227308.90132 1131075345.28932 607442089.213247 831487674.115744 167405201.427893 115712502.978115 80308687.4350459 2005.02417343898
7 6265.22602142753 594729.239774039 1.17156383589133 789838377.880174 919356290.692559 478483609.652896 663217875.903693 142405006.906185 86823102.1406181 0 450734.773978573 1037060518.24162 1150620100.73628 617638691.681162 845604891.224287 170431983.077995 117559085.213145 91917624.3567363 1879.40685574684
8 2393.34757879314 580105.698690019 1.23815238115404 792577066.52494 927322313.0651 480182757.641959 667194320.868872 143661711.040411 87541587.6249672 9737.47760380151 454606.652421207 1044036653.84218 1158757220.80666 621865003.266907 851468666.237291 171692497.535812 118327401.050767 105972253.69172 1740.15230303582
9 2308.13027198616 742642.646373143 1.29357887115796 788761561.576084 923043062.368725 477872002.578786 664046866.595385 142999136.435508 87136884.3935495 6882.22287226551 454691.869728014 1047996263.94948 1163390890.28204 624263936.94113 854802190.92284 172410352.087697 118764827.727999 9.45297901966325 26.5262859846306
10 2308.13025566316 816282.112095317 1.33875782479165 784827512.829755 918439267.572443 475488555.103527 660734848.287227 142285910.035818 86702278.088146 6855.98647000983 454691.869744337 1051930312.72157 1167994685.14621 626647384.432165 858114209.265835 173123578.497972 119199434.039671 2.22021343107117e-05 0.292394152990665
11 2308.13025566312 847732.884658737 1.37495910272007 780913085.6292 913858434.724114 473116995.361771 657439349.059423 141576240.933506 86269839.4310523 6855.69731066073 454691.869744337 1055844739.92212 1172575517.99454 629018944.173921 861409708.493639 173833247.600284 119631872.696764 2.68728333622557e-08 0.00323481050348441
12 2308.13025566312 861165.239751734 1.40357103185733 777018182.132973 909300449.363175 470757264.076344 654160286.553836 140870111.396248 85839557.6168498 6855.69411169221 454691.869744337 1059739643.41835 1177133503.35548 631378675.459348 864688770.999226 174539377.137543 120062154.510967 3.22900744778077e-08 3.58420955335124e-05
13 2308.13025566312 866901.955644629 1.42594017632905 773142704.964137 904765197.534902 468409302.251328 650897578.790242 140167503.770016 85411421.8880128 6855.69407623387 454691.869744337 1063615120.58719 1181668755.18375 633726637.284364 867951478.76282 175241984.763775 120490290.239804 3.89369928791348e-08 3.83892897209636e-07
14 2308.13025566312 869351.54157637 1.44328036594531 769286557.231701 900252565.853248 466073051.185217 647651144.197528 139468400.488883 84985421.5406994 6855.69407585413 454691.869744337 1067471268.31962 1186181386.86541 636062888.350475 871197913.355534 175941088.044907 120916290.587117 -8.86125623782647e-08 4.23439416068737e-09
15 2308.13025566312 870398.722117753 1.45663398119312 765449642.52689 895762441.496472 463748452.468656 644420901.610551 138772784.074347 84561545.9243394 6855.69407584029 454691.869744337 1071308183.02443 1190671511.22218 638387487.067037 874428155.942511 176636704.459443 121340166.203478 -1.05060920544377e-07 -9.60506868824276e-09
16 2308.13025566312 870845.593324685 1.4668652139173 761631864.923045 891294712.20703 461435447.984379 641206770.270053 138080637.13531 84139784.4416235 16593.1716796417 454691.869744337 1075125960.62828 1195139240.51163 640700491.551313 877642287.283009 177328851.398481 121761927.686193 0 0
17 2308.13025566312 871036.602737827 1.47467468854501 757833134.069429 886849272.252561 459133982.993301 638008674.111066 137391943.291565 83720127.1112316 16593.1716796417 454691.869744337 1078924691.4819 1199584680.4661 643001956.542392 880840383.441996 178017545.242226 122181585.016585 0 0
18 2308.13025566312 871117.956891289 1.48061505150013 754053344.914176 882425998.696806 456843993.849639 634826524.691955 136706683.497652 83302562.3277652 16593.1716796417 454691.869744337 1082704480.63715 1204007954.02185 645291945.686054 884022532.861107 178702805.036139 122599149.800051 0 0
19 2308.13025566312 871152.772322303 1.48512555874155 750292407.799462 878024786.618282 454565426.234109 631660246.531103 136024841.498988 82887080.186452 16593.1716796417 454691.869744337 1086465417.75186 1208409166.10038 647570513.301584 887188811.021959 179384647.034803 123014631.941364 0 0
20 2308.13025566312 871167.782011314 1.48854390792948 746550228.840004 873645526.148351 452298223.266216 628509760.587859 135346400.274567 82473670.3155 16593.1716796417 454691.869744337 1090207596.71132 1212788426.57031 649837716.269476 890339296.965203 180063088.259224 123428041.812317 0 0
21 2308.13025566312 871174.155688016 1.49113144647869 742826714.474992 869288107.798087 450042328.262048 625374988.094741 134671342.86221 82062322.3789624 16593.1716796417 454691.869744337 1093931111.07633 1217145844.92057 652093611.273645 893474069.458321 180738145.671581 123839389.748854 0 0
22 2308.13025566312 871176.81982846 1.4930880065565 739121771.613874 864952422.628878 447797684.822596 622255850.680168 133999652.384994 81653026.0928432 16593.1716796417 454691.869744337 1097636053.93745 1221481530.08978 654338254.713096 896593206.872895 181409836.148797 124248686.034973 0 0
23 2308.13025566312 871177.982571918 1.49456655145682 735435307.627296 860638362.24183 445564236.828274 619152270.360837 133331312.049608 81245771.2240966 16593.1716796417 454691.869744337 1101322517.92403 1225795590.47683 656571702.707419 899696787.192225 182078176.484183 124655940.90372 0 0
24 2308.13025566312 871178.441559754 1.49568310970582 731767230.350884 856345818.782184 443341928.441198 616064169.544904 132666305.147042 80840547.5910443 26330.6492834432 454691.869744337 1104990595.20044 1230088133.93648 658794011.094494 902784888.008158 182743183.386749 125061164.536772 0 0
25 2308.13025566312 871178.62760179 1.49652743764332 728117457.162151 852074695.561518 441130709.604452 612991478.673702 132004616.698187 80437346.0661294 26330.6492834432 454691.869744337 1108640368.38917 1234359257.15715 661005229.93124 905857578.87936 183404871.835604 125464366.061687 0 0
26 2308.13025566312 871178.704364169 1.49716339757205 724485877.991556 847824863.771667 438930513.632289 609934105.081287 131346226.747901 80036154.4896353 26330.6492834432 454691.869744337 1112271947.55977 1238609088.947 663205425.903403 908914952.471775 184063261.78589 125865557.638181 0 0
27 2308.13025566312 871178.737959343 1.49764199164781 720872413.720344 843596230.824429 436741292.590532 606891982.158733 130691120.952288 79636964.1210732 26330.6492834432 454691.869744337 1115885411.83098 1242837721.89423 665394646.94516 911957075.394329 184718367.581503 126264748.006743 0 0
28 2308.13025566312 871178.759006547 1.4980041524079 717276970.741329 839388687.176604 434562989.76717 603865031.099513 130039282.340761 79239764.6193729 26330.6492834432 454691.869744337 1119480854.80999 1247045265.54206 667572949.768522 914984026.453549 185370206.19303 126661947.508443 0 0
29 2308.13025566312 871178.765836117 1.49827727605742 713699460.492665 835202129.189271 432395551.506918 600853177.3447 129390694.857432 78844546.2008385 26330.6492834432 454691.869744337 1123058365.05866 1251231823.52939 669740388.028774 917995880.208362 186018793.676359 127057165.926978 0 0
30 2308.13025566312 871178.763380288 1.49848308977478 710139793.541496 831036452.204216 430238923.626789 597856345.602075 128745342.288502 78451298.9855509 26330.6492834432 454691.869744337 1126618032.00983 1255397500.51445 671897015.908903 920992711.950987 186664146.245289 127450413.142265 0 0
31 2308.13025566312 871178.761578548 1.49863797800758 706597880.936373 826891552.126585 428093052.235456 594874460.98471 128103208.50745 78060013.1467734 26330.6492834432 454691.869744337 1130159944.61495 1259542400.59208 674042887.300236 923974596.568352 187306280.026341 127841698.981043 0 0
32 2308.13025566312 871178.765484294 1.49875534717298 703073634.049111 822767325.239825 425957883.637441 591907448.877825 127464277.44636 77670678.8934812 36068.1268872447 454691.869744337 1133684191.50221 1263666627.47884 676178055.898251 926941608.675237 187945211.087431 128231033.234335 0 0
33 2308.13025566312 871178.764820623 1.49884434752579 699566973.866835 818663679.079636 423833369.962713 588955242.761634 126828534.780532 77283287.4968823 36068.1268872447 454691.869744337 1137190851.68449 1267770273.63903 678302569.572979 929893814.791428 188580953.753259 128618424.630934 0 0
34 2308.13025566312 871178.764615963 1.49891119997667 696077785.446365 814580479.134511 421719441.572829 586017745.867148 126195959.671254 76897826.2588547 36068.1268872447 454691.869744337 1140680040.10496 1271853473.58415 680416497.962863 932831311.685914 189213528.862537 129003885.868961 0 0
35 2308.13025566312 871178.764569352 1.49896137326614 692606001.157853 810517646.261063 419616057.494175 583094901.257782 125566539.857519 76514287.7081235 36068.1268872447 454691.869744337 1144151824.39347 1275916306.4576 682519882.041517 935754156.29528 189842948.676272 129387424.419693 0 0
36 2308.13025566312 871178.764508846 1.49899883633673 689151539.744247 806475085.36876 417523168.497083 580186640.52441 124940260.607769 76132662.8679758 36068.1268872447 454691.869744337 1147606285.80707 1279958867.34991 684612771.038609 938662417.028652 190469227.926022 129769049.25984 0 0
37 2308.13025566312 871178.764391282 1.49902647943513 685714318.427136 802452699.586706 415440724.430168 577292893.977093 124317106.914626 75752942.593629 36068.1268872447 454691.869744337 1151043507.12418 1283981253.13196 686695215.105524 941556163.575969 191092381.619165 130148769.534187 0 0
38 2308.13025566312 871178.764136494 1.49904807681637 682294231.65297 798450365.391547 413368661.343702 574413572.751834 123697059.641679 75375115.2242619 36068.1268872447 454691.869744337 1154463593.89835 1287983587.32712 688767278.19199 944435484.801228 191712428.892112 130526596.903554 0 0
39 2308.13025566312 871178.763840779 1.49906462000986 678891202.385024 794467992.631562 411306932.564908 571548611.992538 123080104.822496 74999172.2493938 36068.1268872447 454691.869744337 1157866623.1663 1291965960.0871 690829006.970784 947300445.560524 192329383.711295 130902539.878422 0 0
40 2308.13025566312 871178.763606448 1.49907736612735 675505146.115821 790505482.412427 409255486.894843 568697940.55359 122466227.136227 74625104.333227 45805.6044910462 454691.869744337 1161252679.4355 1295928470.30624 692880452.640849 950151116.999472 192943261.397564 131276607.794589 0 0
41 2308.13025566312 871178.763979687 1.4990866966609 672135973.960884 786562730.717664 407214270.482755 565861483.604445 121855410.468493 74252901.6564236 45805.6044910462 454691.869744337 1164621851.59044 1299871222.001 694921669.052937 952987573.948617 193554078.065298 131648810.471392 0 0
42 2308.13025566312 871178.763849147 1.49909377345232 668783556.629635 782639586.24582 405183204.997815 563039132.297249 121247631.379459 73882549.9358609 45805.6044910462 454691.869744337 1167974268.92169 1303794366.47285 696952734.537876 955809925.255813 194161857.154332 132019162.191955 0 0
43 2308.13025566312 871178.763210328 1.49909876209412 665447892.092174 778736046.621416 403162289.210207 560230884.923059 120642889.501112 73514048.9472896 45805.6044910462 454691.869744337 1171309933.45915 1307697906.09725 698973650.325485 958618172.630003 194766599.032679 132387663.180526 0 0
44 2308.13025566312 871178.762044369 1.49910252589557 662128831.792379 774851937.997623 401151433.11705 557436616.41464 120041157.900856 73147382.279264 45805.6044910462 454691.869744337 1174628993.75894 1311582014.72104 700984506.418642 961412441.138422 195368330.632935 132754329.848552 0 0
45 2308.13025566312 871178.760347853 1.49910519563675 658826352.208042 770987232.84773 399150622.467391 554656306.968988 119442432.314214 72782547.3332142 45805.6044910462 454691.869744337 1177931473.34328 1315446719.87094 702985317.068301 964192750.584074 195967056.219577 133119164.794602 0 0
46 2308.13025566312 871178.758083677 1.49910720266769 655540328.854876 767141785.494812 397159781.842296 551889851.784594 118846690.17271 72419530.3569832 45805.6044910462 454691.869744337 1181217496.69644 1319292167.22386 704976157.693396 966959205.768468 196562798.361081 133482181.770833 0 0
47 2308.13025566312 871178.755231231 1.49910878659449 652270692.584404 763315515.018318 395178869.34809 549137192.646364 118253918.940019 72058323.7115287 45805.6044910462 454691.869744337 1184487132.96692 1323118437.70035 706957070.187602 969711864.906698 197155569.593772 133843388.416287 0 0
48 2308.13025566312 871178.75218335 1.49911001657232 649017388.561815 759508357.248169 393207851.763047 546398283.389671 117664108.67482 71698921.339083 55543.0820948477 454691.869744337 1187740436.98951 1326925595.4705 708928087.772645 972450774.163391 197745379.858971 134202790.788733 0 0
49 2308.13025566312 871178.756617645 1.49911116385634 645780324.378386 755720204.043659 391246673.101246 543673046.216955 117077242.623803 71341313.0309735 55543.0820948477 454691.869744337 1190977501.17294 1330713748.67501 710889266.434446 975176011.336107 198332245.909988 134560399.096842 0 0
50 2308.13025566312 871178.748533545 1.49911204495391 642559310.931502 751950834.10869 389295218.794674 540961321.92548 116493286.503464 70985477.8964603 55543.0820948477 454691.869744337 1194198514.61982 1334483118.60998 712840720.741018 977887735.627582 198916202.030327 134916234.231356 0 0
51 2308.13025566312 871178.727892582 1.49911265946096 639354384.360577 748200289.735174 387353510.738432 538263140.940493 115912246.865726 70631419.9279743 55543.0820948477 454691.869744337 1197403441.19075 1338233662.98349 714782428.79726 980585916.612569 199497241.668065 135270292.199842 0 0
52 2308.13025566312 871178.688501329 1.49911304158909 636165492.208529 744468509.535555 385421517.151342 535578459.099141 115334114.20034 70279133.3304223 55543.0820948477 454691.869744337 1200592333.3428 1341965443.18312 716714422.38435 983270598.453921 200075374.333451 135622578.797394 0 0
53 2308.13025566312 871178.607806263 1.49911331592076 632992443.451508 740755269.96542 383499122.30141 532907115.581227 114758853.875491 69928597.0008197 55543.0820948477 454691.869744337 1203765382.09982 1345678682.75325 718636817.234282 985941941.971835 200650634.6583 135973115.126996 0 0
54 2308.13025566312 871178.483744585 1.49911349385059 629835220.618014 737060550.57886 381586315.603509 530249095.67775 114186462.72367 69579809.0090368 55543.0820948477 454691.869744337 1206922604.93331 1349373402.13981 720549623.932183 988599961.875312 201223025.810121 136321903.118779 0 0
55 2308.13025566312 871178.35142247 1.49911359630234 626693813.048145 733384338.901196 379683090.599326 527604390.414294 113616938.812281 69232768.177442 55543.0820948477 454691.869744337 1210064012.50318 1353049613.81747 722452848.936366 991244667.138767 201792549.72151 136668943.950374 0 0
56 2308.13025566312 871178.526807534 1.49911381409178 623568093.12285 729726485.587067 377789369.970729 524972892.35024 113050259.004531 68887460.4075711 55543.0820948477 454691.869744337 1213189732.42847 1356707467.1316 724346569.564963 993876165.202822 202359229.52926 137014251.720245 0 0
57 2308.13025566312 871178.702568742 1.49911400524802 620457963.491956 726086876.713067 375905094.738013 522354519.527894 112486405.651243 68543874.9448549 55543.0820948477 454691.869744337 1216299862.05937 1360347076.0056 726230844.797679 996494538.025167 202923082.882548 137357837.182961 0 0
58 2308.13025566312 871178.742521729 1.49911414720929 617363347.704359 722465422.812795 374030218.583201 519749207.584188 111925364.892158 68202003.343508 55543.0820948477 454691.869744337 1219394477.84697 1363968529.90587 728105720.952491 999099849.968874 203484123.641633 137699708.784308 0 0
59 2308.13025566312 871178.751825562 1.49911425419238 614284166.115362 718862030.682562 372164693.25347 517156889.467409 111367122.288026 67861836.8049389 55543.0820948477 454691.869744337 1222473659.43596 1367571922.03611 729971246.282222 1001692168.08565 204042366.245765 138039875.322877 0 0
60 2308.13025566312 871178.759060817 1.49911433473022 611220343.020192 715276611.729353 370308472.883006 514577501.442814 110811664.113894 67523366.9658114 55543.0820948477 454691.869744337 1225537482.53113 1371157340.98932 731827466.652686 1004271556.11025 204597824.419897 138378345.162005 0 0
61 2308.13025566312 871178.762151306 1.4991143954437 608171800.490321 711709074.757818 368461510.25873 512010977.903509 110258976.241649 67186585.2171244 55543.0820948477 454691.869744337 1228586025.06101 1374724877.96085 733674429.276962 1006838079.64955 205150512.292142 138715126.910692 0 0
62 2308.13025566312 871178.767792073 1.49911444013963 605138470.674499 708159340.365475 366623764.272893 509457261.726517 109709046.370145 66851484.0631446 55543.0820948477 454691.869744337 1231619354.87683 1378274612.35319 735512175.262799 1009391795.82655 205700442.163646 139050228.064671 0 0
63 2308.13025566312 871178.788793418 1.49911447179204 602120280.697031 704627323.270017 364795190.773679 506916291.55885 109161861.287328 66518055.4530723 55543.0820948477 454691.869744337 1234637544.8543 1381806629.44865 737340748.762013 1011932765.99421 206247627.246463 139383656.674744 0 0
64 2308.13025566312 871178.832569226 1.49911449487358 599117150.327715 701112929.582576 362975741.153539 504387999.855872 108617406.447801 66186290.5236338 55543.0820948477 454691.869744337 1237640675.22361 1385321023.13609 739160198.382153 1014461057.69719 206792082.08599 139715421.604182 0 0
65 2308.13025566312 871178.906416188 1.49911451386935 596128999.45442 697616065.552453 361165366.876456 501872319.172345 108075667.327572 65856180.4245986 55543.0820948477 454691.869744337 1240628826.0969 1388817887.16622 740970572.659236 1016976738.38072 207333821.206219 140045531.703217 0 0
66 2308.13025566312 871179.017630994 1.49911453326445 593155747.965013 694136637.428948 359364019.406411 499369182.063033 107536629.402653 65527716.3057362 55543.0820948477 454691.869744337 1243602077.58631 1392297315.28972 742771920.129282 1019479875.49003 207872859.131138 140373995.82208 0 0
67 2308.13025566312 871179.173510335 1.49911455754398 590197315.74736 690674551.461362 357571650.207386 496878521.082697 107000278.14905 65200889.316816 55543.0820948477 454691.869744337 1246560509.80397 1395759401.25731 744564289.328306 1021970536.47036 208409210.384741 140700822.811 0 0
68 2308.13025566312 871179.196974444 1.49911457667567 587253630.32123 687229722.830175 355788215.367158 494400275.211287 106466600.426405 64875691.4507268 55543.0820948477 454691.869744337 1249504195.2301 1399204229.88849 746347724.168535 1024448782.34177 208942888.107386 141026020.677089 0 0
69 2308.13025566312 871178.898265384 1.49911457578505 584324628.034132 683802077.046479 354013676.321801 491934390.860699 105935584.69479 64552115.6755847 55543.0820948477 454691.869744337 1252433197.51719 1402631875.67219 748122263.213892 1026914666.69236 209473903.839 141349596.452231 0 0
70 2308.13025566312 871178.721948389 1.49911457643001 581410234.530446 680391527.096093 352247988.022885 489480805.432017 105407217.473846 64230153.7770985 55543.0820948477 454691.869744337 1255347591.02088 1406042425.62258 749887951.512807 1029368252.12104 210002271.059945 141671558.350718 0 0
71 2308.13025566312 871178.80435001 1.49911457785652 578510376.904765 676997987.661941 350491106.300594 487039457.547243 104881485.54613 63909797.7011865 55543.0820948477 454691.869744337 1258247448.64656 1409435965.05673 751644833.235098 1031809600.00582 210528002.987661 141991914.42663 0 0
72 2308.13025566312 871178.821561296 1.49911457860928 575624980.533955 673621371.416789 348742985.944427 484610284.382249 104358375.382785 63591039.2040048 55543.0820948477 454691.869744337 1261132845.01737 1412812581.30188 753392953.591264 1034238773.17081 211051113.151006 142310672.923811 0 0
