"Time" "IECs" "pheme_e" "BiomassCD" "pro_L_e" "leu_L_e" "ile_L_e" "val_L_e" "trp_L_e" "cys_L_e" "Drug" "Damage" "pro_L_v" "leu_L_v" "ile_L_v" "val_L_v" "trp_L_v" "cys_L_v" "CD" "pheme_c"
0 457000 1e+05 0.4963 224235600.199112 195370466.451958 120509812.093413 157438605.791629 18978882.6152 31300034.1459915 0 0 0 0 0 0 0 0 45700000 1000
1 395542.095955747 120851.30469246 0.594123778049884 233436526.519328 245361418.231983 135747707.384035 183884425.55901 33833927.1640488 27925976.5784843 0 61457.9040442533 210744106.293738 205612471.140024 118655815.865157 158441207.892123 25215205.8898259 26973892.7205004 48532264.0501184 707.07798684155
2 338938.993825432 175711.714111347 0.697811928693455 245800978.347152 274034351.636787 146758183.778825 201074682.882612 40867752.9499563 27682815.0490247 0 118061.006174568 400845093.457596 412351839.495198 230893743.415694 311482624.472471 55086080.1938469 48952645.4680008 52252903.3792258 891.328504382937
3 286675.817926281 236752.307880453 0.803528959504421 261301922.748318 297971791.233819 157604246.105727 216901459.571874 45648740.5008127 28721878.8919272 0 170324.182073719 572144764.969036 605776948.462737 333758344.431284 452771736.628571 84379926.5610418 67982641.1703724 57057135.3354958 1058.61837834623
4 238458.357867959 295020.284315032 0.90713076504027 280011347.343286 322557227.24204 169624072.364121 233946102.377916 49963195.4853415 30467376.7715587 0 218541.642132041 725585117.690263 781727928.837075 426529887.976054 580596428.017308 111502209.652135 84752647.9531365 63165456.9529434 1181.33067655069
5 194216.427963185 347115.907881083 1.0047947034448 301863527.912892 349621263.840691 183233952.61469 253055304.137255 54430409.4289704 32709927.5477325 0 262783.572036815 861430236.560971 938666078.71238 508913399.949343 694298566.331967 135879312.392107 99498998.2603959 70824621.7835428 1264.94298572665
6 154086.330728172 391192.308354265 1.0935498774477 326516229.861217 379558555.716798 198402362.964283 274309308.615992 59240992.7242149 35339279.5324551 0 302913.669271828 979465191.126333 1075629861.23669 580601547.028814 793357725.028337 157231636.540734 112279603.613918 80308682.8485511 1317.68952104968
7 118363.182347137 425842.384182525 1.17156377035376 353242547.894413 411930573.595783 214761407.782632 297277097.792535 64380417.0890728 38253039.600638 0 338636.817652863 1079272960.57608 1191830417.47443 641266074.292078 877278678.294912 175381141.795725 123083532.524053 91917610.3124618 1344.87048824874
8 87417.5650525188 449929.722228711 1.23815192114551 380863124.493488 445643544.326625 231627154.558173 321080808.926331 69701759.6280954 41322033.7126183 9737.47760380151 369582.434947481 1160600427.38224 1286820269.0719 690719060.526408 945777618.367451 190232943.47146 131897655.453206 105972215.156944 1349.03372828214
9 86322.9673019429 597967.637494278 1.29357849262896 319080197.935067 373404883.031298 194054799.558156 269014878.84762 58404378.3341012 34622245.8202447 8723.94015891972 370677.032698057 1226219997.77392 1363611362.41188 730626856.668756 1001100969.85507 202243852.005449 139017768.881801 0.0263267967454333 696.696595767874
10 86322.9673015865 663007.756589817 1.33875751912297 264658644.445553 309717841.508074 160957278.237826 223132346.138215 48443067.603759 28717158.5881729 8365.55800193065 370677.032698414 1280641551.26469 1427298403.93658 763724377.989849 1046983502.56554 212205162.736024 144922856.11401 -1.44483297130068e-08 338.314441125081
11 86322.9673015865 690030.298851236 1.37495885927875 219519100.769917 256893109.245253 133504790.879445 185075428.310899 40180734.1724717 23819228.890669 8195.07484605649 370677.032698414 1325781094.94033 1480123136.1994 791176865.34823 1085040420.39285 220467496.167311 149820785.811514 -1.44483297130068e-08 167.831285250924
12 86322.9673015865 701257.442106327 1.40357084092925 182078449.318441 213078036.525825 110734533.872705 153509407.042966 33327604.4997482 19756678.3262278 8111.36545447364 370677.032698414 1363221746.3918 1523938208.91883 813947122.35497 1116606441.66079 227320625.840035 153883336.375955 -1.44483297130068e-08 84.1218936680758
13 86322.9673015865 705922.055808033 1.42594003608091 151023585.55366 176735957.491508 91847917.2723013 127327210.631603 27643328.1824774 16387026.6394838 8069.62374583414 370677.032698414 1394276610.15658 1560280287.95315 832833738.955374 1142788638.07215 233004902.157305 157252988.062699 -1.44483297130068e-08 42.3801850285778
14 86322.9673015865 707860.084551648 1.44328037546095 125265364.892737 146592296.320331 76182556.7150558 105610586.863435 22928548.4047614 13592094.6650588 8048.64913857777 370677.032698414 1420034830.81751 1590423949.12433 848499099.512619 1164505261.84032 237719681.935021 160047920.037124 -1.44483297130068e-08 21.4055777722062
15 86322.9673015865 708665.284293403 1.45663395273716 103900404.585438 121589865.720928 63189042.4925137 87597898.3736841 19017910.1609725 11273859.586586 8038.06911213748 370677.032698414 1441399791.1248 1615426379.72373 861492613.735161 1182517950.33007 241630320.17881 162366155.115597 -1.44483297130068e-08 10.8255513319114
16 86322.9673015865 708999.823668714 1.46686518600553 86179400.684365 100851789.739715 52411670.9030304 72657410.846233 15774261.000052 9351017.1249885 17770.199585682 370677.032698414 1459120795.02588 1636164455.70494 872269985.324644 1197458437.85752 244873969.339731 164288997.577194 0 5.47842107495384
17 86322.9673015865 709138.816062703 1.47467362593692 71480850.3459206 83650752.1780747 43472462.9603841 60265138.4202988 13083841.1605104 7756130.23977215 17765.9361851713 370677.032698414 1473819345.36432 1653365493.26658 881209193.26729 1209850710.28345 247564389.179273 165883884.46241 0 1.21502056422822
18 86322.9673015865 709196.563943481 1.48061527851731 59289247.8947498 69383480.4491969 36057903.9082547 49986460.9041605 10852292.582237 6433263.26232015 17764.9906856046 370677.032698414 1486010947.81549 1667632764.99546 888623752.31942 1220129387.79959 249795937.757546 167206751.439862 0 0.269520997482118
19 86322.9673015865 709220.556733784 1.48512620311945 49177015.92602 57549600.3779633 29907954.2702744 41460889.9801367 9001351.57892191 5336021.30472316 17764.780952928 370677.032698414 1496123179.78422 1679466645.06669 894773701.9574 1228654958.72362 251646878.760861 168303993.397459 0 0.0597883209320841
20 86322.9673015865 709230.525129863 1.48854502270055 40789501.996823 47734078.5188077 24806925.2974492 34389419.992034 7466102.63532223 4425922.30467024 17764.7344277064 370677.032698414 1504510693.71342 1689282166.92585 899874730.930225 1235726428.71172 253182127.704461 169214092.397512 0 0.0132630993141
21 86322.9673015865 709234.666741584 1.49113275888354 33832542.3378183 39592668.539324 20575915.5986365 28524042.9741977 6192702.07142294 3671047.60848301 17764.724106892 370677.032698414 1511467653.37243 1697423576.90533 904105740.629038 1241591805.72955 254455528.26836 169968967.093699 0 0.0029422849605312
22 86322.9673015865 709236.387473862 1.49308950611739 28062145.0488477 32839837.938502 17066536.7762315 23659050.6066332 5136489.65653749 3044922.53174016 17764.7218173086 370677.032698414 1517238050.6614 1704176407.50615 907615119.451443 1246456798.09712 255511740.683246 170595092.170442 0 0.000652701556375363
23 86322.9673015865 709237.102409494 1.49456801884632 23275932.6418399 27238753.6481961 14155709.0429678 19623819.4668047 4260422.25399954 2525587.82035497 17764.721309329 370677.032698414 1522024263.0684 1709777491.79646 910525947.184706 1250492029.23695 256387808.085783 171114426.881828 0 0.000144721932461258
24 86322.9673015865 709237.399453769 1.49568454889496 19306044.4960379 22592976.1028523 11741344.7126603 16276827.12603 3533774.6879269 2094829.52149368 27502.198800547 370677.032698414 1525994151.21421 1714423269.3418 912940311.515014 1253839021.57772 257114455.651856 171545185.180689 0 3.213838512763e-05
25 86322.9673015865 709237.522824585 1.4965273420053 16013283.4489964 18739609.2641154 9738788.33620169 13500717.170362 2931068.33635836 1737543.85119584 27502.1987715125 370677.032698414 1529286912.26125 1718276636.18054 914942867.891473 1256615131.53339 257717162.003424 171902470.850987 0 3.10387955290372e-06
26 86322.9673015865 709237.574118812 1.49716333592772 13282095.9617705 15543426.1389824 8077763.79184176 11198067.0035981 2431152.30165108 1441192.51013531 27502.1987686888 370677.032698414 1532018099.74848 1721472819.30567 916603892.435833 1258917781.70015 258217078.038132 172198822.192047 0 2.80205200331852e-07
27 86322.9673015865 709237.595421256 1.49764314410042 11016732.7237705 12892375.7122149 6700039.28270139 9288150.87291916 2016500.64832835 1195386.08464806 27502.198768433 370677.032698414 1534283462.98648 1724123869.73244 917981616.944973 1260827697.83083 258631729.691455 172444628.617535 0 2.4393615018124e-08
28 86322.9673015865 709237.604272455 1.49800505661783 9137743.4941502 10693481.0203974 5557295.6067052 7703984.68763563 1672570.81951839 991503.714565202 27502.198768418 370677.032698414 1536162452.2161 1726322764.42425 919124360.620969 1262411864.01611 258975659.520265 172648510.987617 0 9.36973912953316e-09
29 86322.9673015865 709237.607949503 1.4982780034866 7579230.28981757 8869624.68417623 4609455.62969397 6390010.19608385 1387300.86101391 822395.046513404 27502.1987684088 370677.032698414 1537720965.42043 1728146620.76048 920072200.59798 1263725838.50766 259260929.478769 172817619.655669 0 1.63708385985422e-10
30 86322.9673015865 709237.609477335 1.49848383275872 6286533.60143743 7356841.19324403 3823277.11289316 5300144.246201 1150685.90669211 682129.173526756 27502.1987684084 370677.032698414 1539013662.10881 1729659404.25141 920858379.114781 1264815704.45755 259497544.433091 172957885.528656 0 -2.27989830966222e-10
31 86322.9673015865 709237.610112196 1.498639036349 5214316.47107407 6102074.79050733 3171187.50764029 4396163.48120929 954427.488453339 565786.745195704 27502.1987684084 370677.032698414 1540085879.23918 1730914170.65415 921510468.720034 1265719685.22254 259693802.85133 173074227.956987 0 -2.27989830966223e-10
32 86322.9673015865 709237.610375818 1.4987560599573 4324973.08277076 5061317.11882114 2630316.10893729 3646362.63049326 791642.244945465 469287.289548778 37239.6763722099 370677.032698414 1540975222.62748 1731954928.32583 922051340.118737 1266469486.07326 259856588.094837 173170727.412634 0 0
33 86322.9673015865 709237.610485628 1.49884428845292 3587323.19048698 4198079.37003944 2181700.04652543 3024453.78848775 656622.94990347 389247.550118993 37239.6763722099 370677.032698414 1541712872.51976 1732818166.07461 922499956.181149 1267091394.91527 259991607.389879 173250767.152064 0 0
34 86322.9673015865 709237.610531293 1.49891080919427 2975477.89331904 3482064.95391217 1809594.48412796 2508610.15558196 544630.903863024 322858.415288318 37239.6763722099 370677.032698414 1542324717.81693 1733534180.49074 922872061.743546 1267607238.54817 260103599.435919 173317156.286894 0 0
35 86322.9673015865 709237.610550242 1.49896096076794 2467986.42507932 2888171.02516387 1500953.72301506 2080746.7007884 451739.762688434 267792.339490507 37239.6763722099 370677.032698414 1542832209.28517 1734128074.41949 923180702.504659 1268035102.00296 260196490.577094 173372222.362692 0 0
36 86322.9673015865 709237.610558123 1.49899877057552 2047050.86331409 2395569.49356818 1244953.61209036 1725858.08694225 374691.798061627 222118.134108182 37239.6763722099 370677.032698414 1543253144.84694 1734620675.95108 923436702.615584 1268389990.61681 260273538.541721 173417896.568074 0 0
37 86322.9673015865 709237.610561247 1.4990272734203 1697911.72719364 1986988.01741139 1032617.88735337 1431500.6714328 310785.43743761 184234.300907444 37239.6763722099 370677.032698414 1543602283.98306 1735029257.42724 923649038.340321 1268684348.03232 260337444.902345 173455780.401275 0 0
38 86322.9673015865 709237.610562648 1.49904876043381 1408323.41695616 1648096.13439499 856499.150242162 1187350.25188819 257779.248580709 152812.113856677 37239.6763722099 370677.032698414 1543891872.29329 1735368149.31026 923825157.077432 1268928498.45187 260390451.091202 173487202.588326 0 0
39 86322.9673015865 709237.610563277 1.49906496089543 1168123.15193767 1367000.80963413 710416.708951136 984838.640038602 213813.038064108 126748.846140983 37239.6763722099 370677.032698414 1544132072.55831 1735649244.63502 923971239.518723 1269131010.06371 260434417.301718 173513265.856042 0 0
40 86322.9673015865 709237.610563538 1.49907717400971 968890.871880039 1133848.4337975 589249.740827449 816866.926252884 177345.599670392 105130.867275096 46977.1539760114 370677.032698414 1544331304.83837 1735882397.01085 924092406.486847 1269298981.7775 260470884.740112 173534883.834908 0 0
41 86322.9673015865 709237.610563647 1.49908638093598 803640.776004849 940463.845469818 488749.695887174 677545.4177133 147098.253762685 87200.1731165877 46977.1539760114 370677.032698414 1544496554.93425 1736075781.59918 924192906.531787 1269438303.28604 260501132.08602 173552814.529067 0 0
42 86322.9673015865 709237.610563691 1.49909332194762 666573.719843762 780060.572548155 405389.712154246 561984.885452757 122009.526047896 72327.5193355708 46977.1539760114 370677.032698414 1544633621.99041 1736236184.8721 924276266.51552 1269553863.8183 260526220.813735 173567687.182847 0 0
43 86322.9673015865 709237.61056371 1.49909855457708 552884.259533467 647015.025053233 336247.265912944 466133.884389224 101199.829001406 59991.4844844355 46977.1539760114 370677.032698414 1544747311.45072 1736369230.41959 924345408.961761 1269649714.81936 260547030.510781 173580023.217699 0 0
44 86322.9673015865 709237.610563718 1.49910249930495 458585.261822624 536661.2442857 278897.504888173 386630.882921871 83939.3585163288 49759.4390598806 46977.1539760114 370677.032698414 1544841610.44843 1736479584.20036 924402758.722786 1269729217.82083 260564290.981266 173590255.263123 0 0
45 86322.9673015865 709237.610563721 1.49910547291056 380370.271984826 445129.838323549 231329.544627267 320688.226024167 69622.9017526456 41272.6115396616 46977.1539760114 370677.032698414 1544919825.43827 1736571115.60632 924450326.683047 1269795160.47773 260578607.43803 173598742.090643 0 0
46 86322.9673015865 709237.610563723 1.49910771451154 315496.001779357 369210.463086279 191875.001278369 265993.061446126 57748.3277560475 34233.3375734349 46977.1539760114 370677.032698414 1544984699.70847 1736647034.98156 924489781.226396 1269849855.64231 260590482.012026 173605781.36461 0 0
47 86322.9673015865 709237.610563723 1.49910940456379 261685.760234479 306238.811821224 159149.261151768 220625.922702835 47898.9114469975 28394.581604026 46977.1539760114 370677.032698414 1545038509.95002 1736710006.63283 924522506.966523 1269895222.78105 260600331.428335 173611620.120579 0 0
48 86322.9673015865 709237.610563723 1.49911067862933 217053.265292235 254007.455374918 132005.145296731 182996.495062833 39729.388118783 23551.6699427523 56714.6315798129 370677.032698414 1545083142.44496 1736762237.98927 924549651.082378 1269932852.20869 260608500.951664 173616463.03224 0 0
49 86322.9673015865 709237.610563723 1.49911163907873 180033.541938899 210684.975452748 109490.883861767 151785.356116201 32953.3050445457 19534.7927738422 56714.6315798129 370677.032698414 1545120162.16831 1736805560.46919 924572165.343813 1269964063.34764 260615277.034738 173620479.909409 0 0
50 86322.9673015865 709237.610563723 1.49911236314508 149327.449944875 174751.047983797 90816.3795657431 125897.207396494 27332.8678454133 16202.9850588033 56714.6315798129 370677.032698414 1545150868.26031 1736841494.39666 924590839.848109 1269989951.49636 260620897.471937 173623811.717124 0 0
51 86322.9673015865 709237.610563723 1.49911290899403 123858.463258282 144945.864032617 75326.9222493664 104424.435309083 22671.0293989774 13439.4368237128 56714.6315798129 370677.032698414 1545176337.24699 1736871299.58061 924606329.305425 1270011424.26844 260625559.310384 173626575.265359 0 0
52 86322.9673015865 709237.610563723 1.49911332049138 102733.374710435 120224.144323017 62479.2906810957 86613.9814698237 18804.2972361092 11147.2293679971 56714.6315798129 370677.032698414 1545197462.33554 1736896021.30032 924619176.936993 1270029234.72228 260629426.042547 173628867.472815 0 0
53 86322.9673015865 709237.610563723 1.49911363068405 85211.4643089364 99719.0583092228 51823.0016576984 71841.3486510443 15597.0901112294 9245.98982669386 56714.6315798129 370677.032698414 1545214984.24594 1736916526.38633 924629833.226017 1270044007.3551 260632633.249671 173630768.712356 0 0
54 86322.9673015865 709237.610563723 1.49911386451642 70678.1740857967 82711.4170611878 42984.2998535024 59588.4061809793 12936.9194515499 7669.0347228083 56714.6315798129 370677.032698414 1545229517.53617 1736933534.02758 924638671.927821 1270056260.29757 260635293.420331 173632345.66746 0 0
55 86322.9673015865 709237.610563723 1.49911404081377 58623.4741908394 68604.3560985074 35653.0007412782 49425.1505080391 10730.4294909524 6361.02254983906 56714.6315798129 370677.032698414 1545241572.23606 1736947641.08855 924646003.226933 1270066423.55325 260637499.910292 173633653.679633 0 0
56 86322.9673015865 709237.610563723 1.49911417371825 48624.795191273 56903.361845456 29572.1105398058 40995.3155100929 8900.2732013704 5276.10181692927 56714.6315798129 370677.032698414 1545251570.91506 1736959342.0828 924652084.117135 1270074853.38824 260639330.066581 173634738.600366 0 0
57 86322.9673015865 709237.610563723 1.49911427392925 40331.4733771578 47198.0686872421 24528.3663252654 34003.2584112609 7382.26516447981 4376.22326485085 56714.6315798129 370677.032698414 1545259864.23688 1736969047.37596 924657127.86135 1270081845.44534 260640848.074618 173635638.478918 0 0
58 86322.9673015865 709237.610563723 1.49911434949735 33452.6270352015 39148.0711307305 20344.8627524384 28203.738330515 6123.16244717627 3629.82436403479 56714.6315798129 370677.032698414 1545266743.08322 1736977097.37351 924661311.364922 1270087644.96542 260642107.177336 173636384.877819 0 0
59 86322.9673015865 709237.610563721 1.49911440641261 27747.0193227152 32471.0607919784 16874.8869652562 23393.3697226864 5078.80910396491 3010.72937144678 56714.6315798129 370677.032698414 1545272448.69093 1736983774.38385 924664781.34071 1270092455.33403 260643151.530679 173637003.972811 0 0
60 86322.9673015865 709237.610563721 1.49911444931021 23014.5541019405 26932.8743622058 13996.7466238105 19403.4525599912 4212.57957610382 2497.22657412568 56714.6315798129 370677.032698414 1545277181.15615 1736989312.57028 924667659.481051 1270096445.25119 260644017.760207 173637517.475609 0 0
61 86322.9673015865 709237.610563724 1.4991144816686 19089.2449371511 22339.2655484172 11609.4938638256 16094.0445295367 3494.09173817996 2071.30538032142 56714.6315798129 370677.032698414 1545281106.46532 1736993906.1791 924670046.733811 1270099754.65922 260644736.248045 173637943.396802 0 0
62 86322.9673015865 709237.610563721 1.49911450605601 15833.4279577687 18529.1326532224 9629.40573732685 13349.0819278875 2898.14762168187 1718.02837806493 56714.6315798129 370677.032698414 1545284362.28229 1736997716.31199 924672026.821938 1270102499.62182 260645332.192161 173638296.673805 0 0
63 86322.9673015865 709237.610563723 1.49911452444699 13132.9151360126 15368.8466785422 7987.03658461389 11072.2934143019 2403.84627186877 1425.00543474022 56714.6315798129 370677.032698414 1545287062.79512 1737000876.59797 924673669.19109 1270104776.41034 260645826.493511 173638589.696748 0 0
64 86322.9673015865 709237.610563732 1.49911453831126 10892.993621292 12747.5695306141 6624.78495202096 9183.82707007146 1993.85146670362 1181.9595992337 56714.6315798129 370677.032698414 1545289302.71663 1737003497.87511 924675031.442723 1270106664.87668 260646236.488316 173638832.742584 0 0
65 86322.9673015865 709237.610563724 1.49911454875827 9035.10963682982 10573.3733366998 5494.87683945146 7617.4546087671 1653.78473792629 980.367283471637 56714.6315798129 370677.032698414 1545291160.60062 1737005672.07131 924676161.350835 1270108231.24914 260646576.555045 173639034.334899 0 0
66 86322.9673015865 709237.610563708 1.4991145566383 7494.10175414815 8770.00267344046 4557.68306269385 6318.23876414359 1371.71895014497 813.158054975425 56714.6315798129 370677.032698414 1545292701.6085 1737007475.44197 924677098.544612 1270109530.46499 260646858.620833 173639201.544128 0 0
67 86322.9673015865 709237.610563736 1.4991145625766 6215.92446295007 7274.21056536916 3780.33479837533 5240.6140435791 1137.76162350327 674.467629608691 56714.6315798129 370677.032698414 1545293979.78579 1737008971.23408 924677875.892877 1270110608.08971 260647092.578159 173639340.234553 0 0
68 86322.9673015865 709237.610563749 1.4991145670538 5155.75062157416 6033.5378699348 3135.56955247038 4346.78691378271 943.707606574774 559.431975294033 56714.6315798129 370677.032698414 1545295039.95963 1737010211.90677 924678520.658122 1270111501.91684 260647286.632176 173639455.270207 0 0
69 86322.9673015865 709237.610563674 1.49911457042969 4276.3974442674 5004.47128278712 2600.77389398888 3605.4087587347 782.750969374832 464.016521547435 56714.6315798129 370677.032698414 1545295919.31281 1737011240.97336 924679055.453781 1270112243.29499 260647447.588813 173639550.685661 0 0
70 86322.9673015865 709237.610563709 1.49911457297295 3547.02483582372 4150.92005866015 2157.19182198718 2990.47845229437 649.246746782037 384.874920446793 56714.6315798129 370677.032698414 1545296648.68542 1737012094.52459 924679499.035853 1270112858.2253 260647581.093036 173639629.827262 0 0
71 86322.9673015865 709237.610563839 1.49911457489183 2942.0524183528 3442.94865759918 1789.2661344319 2480.42930902157 538.512711325347 319.23153709773 56714.6315798129 370677.032698414 1545297253.65783 1737012802.49599 924679866.96154 1270113368.27444 260647691.827071 173639695.470646 0 0
72 86322.9673015865 709237.610563664 1.49911457633745 2440.26267317952 2855.727193167 1484.09298658349 2057.37294771067 446.665212449101 264.784134783522 56714.6315798129 370677.032698414 1545297755.44758 1737013389.71745 924680172.134688 1270113791.33081 260647783.67457 173639749.918048 0 0
