"Time" "IECs" "pheme_e" "BiomassCD" "pro_L_e" "leu_L_e" "ile_L_e" "val_L_e" "trp_L_e" "cys_L_e" "Drug" "Damage" "pro_L_v" "leu_L_v" "ile_L_v" "val_L_v" "trp_L_v" "cys_L_v" "CD" "pheme_c"
0 457000 1e+05 0.4963 224235600.199112 195370466.451958 120509812.093413 157438605.791629 18978882.6152 31300034.1459915 0 0 0 0 0 0 0 0 45700000 1000
1 307771.521778185 168552.702915879 0.594123777882756 464966788.607017 511466833.00237 275992395.881531 377107604.951685 75047503.3903498 53068231.8722761 0 149228.478221815 293535350.566708 304544874.374118 169741429.738472 229337848.742149 41227767.1191946 35535537.9108924 48532264.05375 977.701062189609
2 201669.268168313 295182.443314573 0.697811922657112 563010054.285975 637836842.544375 338634996.415492 465392801.356339 97015050.2820663 62279815.0172411 0 255330.731831687 574908959.468317 619454137.59557 338060378.455877 460101991.524209 88437676.4961582 67067220.1521183 52252903.6931039 1494.63895644452
3 127514.75005899 409724.68427548 0.803528918791512 619762551.097217 709437350.608605 374393483.540289 515695622.689522 109120917.016901 67886184.0558185 0 329485.24994101 782777726.841325 856262270.348013 463384994.691773 632541600.338514 124678747.770319 89936186.0675207 57057136.5828617 1832.31094027254
4 77026.751074852 494931.84646691 0.907130691823465 659936745.428566 759557309.723276 399413163.641328 550954692.876527 117386361.405343 72046998.4419139 0 379973.248925148 922048481.319579 1016121899.00837 547600593.878412 748622589.258941 149328997.213124 105162763.291334 63165456.0616134 1983.12148928687
5 43922.0066301689 549537.698949997 1.00479453280815 690091084.447193 797436136.038788 418050532.470715 577435710.737191 123524814.273286 75313417.8840851 0 413077.993369831 1008599686.21587 1115925704.8383 600008820.148788 820958903.303827 164771553.516448 114608565.715921 70824625.4884067 2004.06887381575
6 23309.4324863046 577349.860524346 1.0935496668865 711796824.348062 825639762.276089 431407411.342534 596792177.094874 128044046.715477 77801969.5270508 0 433690.567513696 1058296163.46572 1173449774.46533 630121771.920123 862580203.398024 173687476.323082 120035242.544199 80308691.3745982 1946.03805134345
7 11323.7996928002 583675.922366612 1.17156381112793 725600013.497586 845217715.35358 439883789.406328 609661605.974635 131157457.121446 79553673.2538984 0 445676.2003072 1084345313.04943 1203720068.17602 645911671.421578 884440710.360214 178383323.185273 122886021.810058 91917628.9969831 1844.34531193436
8 4940.01378356807 573946.875440053 1.23815236233332 732368417.24933 857441814.035992 444042969.947598 616881481.106204 133089630.344521 80657036.3129939 9737.47760380151 452059.986216432 1096617942.2386 1218046135.09011 653352224.679883 894763112.574083 180606683.228685 124234032.540107 105972258.522198 1721.60735403758
9 4662.88138095855 733695.553611072 1.29357885564724 725688406.469932 849930758.025762 439995163.68811 611363254.409736 131925079.023272 79948509.8247276 7770.17646769663 452337.118619042 1104015340.34472 1226709784.76279 657837370.26221 900995042.472225 181951442.040884 125048977.870976 1062.95939738977 621.676914074126
10 4662.87663116625 809822.319117652 1.33875781226775 718394992.785922 841388672.396027 435573063.665798 605218849.114461 130599188.304851 79145000.7867114 7324.68032441389 452337.123368834 1111308766.01349 1235251890.14691 662259477.591786 907139459.863743 183277335.847348 125852488.732912 0.285001011422097 176.494895062627
11 4662.87662971152 842310.471039737 1.37495909275887 711174869.473715 832932419.18168 431195400.593651 599136186.004454 129286620.353653 78349565.5862291 7200.40736839491 452337.123370289 1118528889.32933 1243708143.36731 666637140.666148 913222122.977438 184589903.799492 126647923.933953 0.000151720026887445 52.2220700633831
12 4662.87662971071 856175.156401205 1.40357102410717 704027310.94664 824561154.292071 426861734.578949 593114655.802855 127987244.172898 77562124.7898287 7163.82379841065 452337.123370289 1125676447.85641 1252079408.25692 670970806.680852 919243653.17904 185889279.980247 127435364.730354 1.36597794848861e-07 15.6385001580834
13 4662.87662971071 862092.067021223 1.42594017863979 696951587.906293 816274023.570175 422571623.437747 587153644.105753 126700927.18152 76782598.0514473 7152.88515217279 452337.123370289 1132752170.89675 1260366538.97881 675260917.822054 925204664.876142 187175596.971625 128214891.468735 -6.58589109026578e-09 4.69985392033201
14 4662.87662971071 864617.175554959 1.44328048561486 689946978.38067 808070181.437905 418324629.428189 581252542.680814 125427538.130056 76010905.8320079 7149.59925969659 452337.123370289 1139756780.42237 1268570381.11108 679507911.831612 931105766.30108 188448986.02309 128986583.688175 -5.39829307287121e-09 1.413961444137
15 4662.87662971071 865694.79407999 1.45663403741307 683012767.653842 799948790.81553 414120319.207879 575410749.408651 124166947.088143 75246969.3918291 7148.61082811577 452337.123370289 1146690991.1492 1276691771.73346 683712222.051921 936947559.573243 189709577.065002 129750520.128353 -5.39829307287122e-09 0.425529863317458
16 4662.87662971071 866154.679848303 1.46686525080053 676148248.193025 791909023.036265 409958263.789667 569627668.221389 122919025.431269 74490710.7825911 16885.7909770909 452337.123370289 1153555510.61002 1284731539.51272 687874277.470134 942730640.760506 190957498.721876 130506778.737591 0 0.12807503690641
17 4662.87662971071 866350.941048381 1.47467367367194 669352719.681196 783950057.884467 405838038.561416 563902709.130139 121683645.846693 73742052.8509285 16885.6704131243 452337.123370289 1160351039.12185 1292690504.66452 691994502.698385 948455599.851756 192192878.306452 131255436.669254 0 0.00751107030000294
18 4662.87662971071 866434.69788893 1.48061531479327 662625488.525349 776071083.019704 401759222.987859 558235287.810729 120460682.244055 73000919.1842554 16885.6633425337 452337.123370289 1167078270.27769 1300569479.52928 696073318.271941 954123021.171166 193415841.90909 131996570.335927 0 0.000440479753900882
19 4662.87662971071 866470.442156006 1.48512623076221 655965868.417748 768271294.634099 397721400.950891 552624826.076529 119250009.857405 72267234.1725986 16885.6629278793 452337.123370289 1173737890.3853 1308369267.91489 700111140.308909 959733482.905366 194626514.29574 132730255.347584 0 2.58253213673884e-05
20 4662.87662971071 866485.695147508 1.48854503074224 649373179.844948 760549896.87729 393724160.451883 547070751.46483 118051505.15595 71540922.9545062 16885.6629035497 452337.123370289 1180330578.9581 1316090665.67169 704108380.807918 965287557.517065 195825018.997195 133456566.565676 0 1.49572583172997e-06
21 4662.87662971071 866492.19462551 1.49113261818858 642846750.037126 752906101.797085 389767093.580956 541572497.19415 116865045.834836 70821911.4114657 16885.6629021832 452337.123370289 1186857008.76592 1323734460.7519 708065447.678845 970785811.787745 197011478.318309 134175578.108716 0 1.29233909356989e-07
22 4662.87662971071 866494.983446207 1.49308915554804 636385913.507695 745339129.971465 385849796.844164 536129502.618841 115690510.913255 70110126.2273532 16885.6629019858 452337.123370289 1193317845.29535 1331301432.57752 711982744.415637 976228806.363054 198186013.23989 134887363.292829 0 -6.81726410445115e-08
23 4662.87662971071 866496.170426705 1.49456754287765 629990010.445818 737848208.625885 381971870.188846 530741211.874846 114527780.442209 69405494.7113373 16885.6629019918 452337.123370289 1199713748.35723 1338792353.9231 715860671.070955 981617097.107049 199348743.710936 135591994.808845 0 -6.21667564332517e-08
24 4662.87662971071 866496.68323639 1.49568382733951 623658388.534545 730432573.762687 378132918.105993 525407075.411405 113376735.835035 68707944.9981823 26623.1405057933 452337.123370289 1206045370.2685 1346207988.7863 719699623.153808 986951233.57049 200499788.31811 136289544.522 0 0
25 4662.87662971071 866496.896302141 1.496527985851 617390423.797229 723091494.576549 374332562.269722 520126567.553324 112237263.65714 68017408.3448808 26623.1405057933 452337.123370289 1212313335.00582 1353549067.97244 723499978.990079 992231741.428571 201639260.496005 136980081.175301 0 0
26 4662.87662971071 866496.984127951 1.49716380675108 611185428.003575 715824165.00788 370570385.396253 514899108.494295 111109238.793067 67333808.9296527 26623.1405057933 452337.123370289 1218518330.79947 1360816397.54111 727262155.863549 997459200.487599 202767285.360078 137663680.59053 0 0
27 4662.87662971071 866497.022563785 1.49764230264894 605042808.094927 708629890.462705 366846027.905719 509724198.606288 109992553.428898 66657081.415701 26623.1405057933 452337.123370289 1224660950.70812 1368010672.08628 730986513.354082 1002634110.37561 203883970.724247 138340408.104481 0 0
28 4662.87662971071 866497.046664807 1.49800438741524 598961914.497441 701507910.156105 363159095.952294 504601290.649497 108887089.476648 65987154.2399957 26623.1405057933 452337.123370289 1230741844.3056 1375132652.39288 734673445.307507 1007757018.3324 204989434.676497 139010335.280187 0 0
29 4662.87662971071 866497.054448713 1.49827745296496 592942136.033135 694457508.272637 359509218.970107 499529869.731087 107792735.828433 65323960.0695482 26623.1405057933 452337.123370289 1236761622.76991 1382183054.27635 738323322.289694 1012828439.25081 206083788.324713 139673529.450634 0 0
30 4662.87662971071 866497.051587468 1.49848322268647 586982858.59715 687477965.568881 355896024.618681 494509418.492448 106709380.84428 64667431.2489182 26623.1405057933 452337.123370289 1242720900.20589 1389162596.98011 741936516.641119 1017848890.48945 207167143.308865 140330058.271264 0 0
31 4662.87662971071 866497.049504718 1.49863807923227 581083474.738272 680568570.594206 352319144.591738 489539425.180395 105636914.093806 64017500.8556922 26623.1405057933 452337.123370289 1248620284.06477 1396071991.95478 745513396.668063 1022818883.8015 208239610.059339 140979988.66449 0 0
32 4662.87662971071 866497.05399747 1.49875542314682 575243381.457188 673728617.112076 348778213.282249 484619381.792292 104575225.95595 63374102.4579189 36360.6181095948 452337.123370289 1254460377.34586 1402911945.43691 749054327.977552 1027738927.1896 209301298.197195 141623387.062263 0 0
33 4662.87662971071 866497.053235914 1.49884440735483 569461976.094389 666957399.283936 345272865.289214 479748780.611775 103524206.871426 62737169.6610832 36360.6181095948 452337.123370289 1260241782.70866 1409683163.26505 752559675.970587 1032609528.37012 210352317.281719 142260319.859099 0 0
34 4662.87662971071 866497.053001867 1.4989112450985 563738621.936427 660254171.387043 341802714.564248 474927085.233404 102483741.090179 62106632.3189744 36360.6181095948 452337.123370289 1265965136.86662 1416386391.16194 756029826.695553 1037431223.74849 211392783.062966 142890857.201207 0 0
35 4662.87662971071 866497.052948755 1.4989614084912 558072798.745538 653618324.115703 338367445.679823 470153857.377819 101453734.036621 61482433.1174151 36360.6181095948 452337.123370289 1271630960.05751 1423022238.43328 759465095.579978 1042204451.60407 212422790.116524 143515056.402767 0 0
36 4662.87662971071 866497.052879182 1.49899885860201 552463966.152722 647049224.586389 334966731.002557 465428641.805896 100434087.475444 60864512.5243854 36360.6181095948 452337.123370289 1277239792.65033 1429591337.9626 762865810.257244 1046929667.176 213442436.677702 144132976.995797 0 0
37 4662.87662971071 866497.052743019 1.49902649723382 546911574.331036 640546228.838376 331600237.164584 460750975.310581 99424701.4519523 60252809.9658915 36360.6181095948 452337.123370289 1282792184.47201 1436094333.71061 766232304.095217 1051607333.67131 214451822.701193 144744679.55429 0 0
38 4662.87662971071 866497.052448515 1.49904809173049 541414925.239159 634108519.321336 328267540.933559 456120269.820172 98425449.0671138 59647248.5392803 36360.6181095948 452337.123370289 1288288833.56389 1442532043.22765 769565000.326243 1056238039.16172 215451075.086031 145350240.980902 0 0
39 4662.87662971071 866497.052106884 1.49906463272075 535973515.804375 627735506.833386 324968337.289366 451536101.516169 97436238.8658249 59047772.8214338 36360.6181095948 452337.123370289 1293730242.99867 1448905055.7156 772864203.970435 1060822207.46572 216440285.28732 145949716.698748 0 0
40 4662.87662971071 866497.051836747 1.49907737543309 530586793.8722 621426544.687767 321702291.452919 446998005.230655 96456970.4702598 58454321.9819349 46098.0957133963 452337.123370289 1299116964.93085 1455214017.86122 776130249.806882 1065360303.75124 217419553.682885 146543167.538247 0 0
41 4662.87662971071 866497.052323574 1.49908664747962 525254170.468587 615180943.074421 318469046.320906 442505484.776715 95487536.8090533 57866831.1339846 46098.0957133963 452337.123370289 1304449588.33446 1461459619.47457 779363494.938895 1069852824.20518 218388987.344091 147130658.386197 0 0
42 4662.87662971071 866497.052370028 1.4990935694819 519975088.022755 608998048.96299 315268263.830262 438058070.423422 94527836.5197349 57285238.8504568 46098.0957133963 452337.123370289 1309728670.78029 1467642513.586 782564277.429539 1074300238.55847 219348687.63341 147712250.669725 0 0
43 4662.87662971071 866497.052198469 1.49909877849507 514749003.10758 602877225.888256 312099614.493421 433655304.355309 93577770.8110518 56709485.2624205 46098.0957133963 452337.123370289 1314954755.69547 1473763336.66073 785732926.76638 1078703004.62659 220298753.342093 148288004.257761 0 0
44 4662.87662971071 866497.051929835 1.49910258162906 509575575.809027 596818075.740793 308962892.215689 429296900.208492 92637277.8890083 56139532.921819 46098.0957133963 452337.123370289 1320128182.99402 1479822486.80819 788869649.044112 1083061408.7734 221239246.264136 148857956.598363 0 0
45 4662.87662971071 866497.051853862 1.49910555398367 504453977.773103 590819628.347263 305857594.754301 424982160.128092 91706207.1646384 55575290.5695563 46098.0957133963 452337.123370289 1325249781.02995 1485820934.20172 791974946.5055 1087376148.8538 222170316.988506 149422198.950626 0 0
46 4662.87662971071 866497.052001506 1.49910761126747 499384138.440129 584881801.067734 302783679.327923 420711024.670421 90784545.8106858 55016750.4321292 46098.0957133963 452337.123370289 1330319620.36292 1491758761.48125 795048861.931878 1091647284.31147 223091978.342459 149980739.088053 0 0
47 4662.87662971071 866497.052632596 1.49910906768235 494365339.760991 579003752.918628 299740710.573204 416482888.90802 89872163.2908404 54463833.4026422 46098.0957133963 452337.123370289 1335338419.04206 1497636809.63036 798091830.686597 1095875420.07387 224004360.862304 150533656.11754 0 0
48 4662.87662971071 866497.053978701 1.49911025755228 489396935.115561 573184726.574441 296728296.435198 412297208.089472 88968942.0540827 53916468.2434739 55835.5733171978 452337.123370289 1340306823.68749 1503455835.97455 801104244.824603 1100061100.89242 224907582.099062 151081021.276708 0 0
49 4662.87662971071 866497.053240214 1.49911133458744 484478313.672813 567424006.626084 293746066.558397 408153467.614237 88074771.0556017 53374587.6598593 55835.5733171978 452337.123370289 1345225445.13024 1509216555.92291 804086474.701404 1104204841.36766 225801753.097543 151622901.860323 0 0
50 4662.87662971071 866497.053163997 1.49911213918656 479609049.409492 561721094.112479 290793762.638866 404051308.574882 87189572.8473474 52838144.7171579 55835.5733171978 452337.123370289 1350094709.39356 1514919468.43651 807038778.620935 1108307000.40701 226686951.305797 152159344.803024 0 0
51 4662.87662971071 866497.053418933 1.4991127445199 474788669.270547 556075434.988616 287871097.856625 399990332.441577 86313261.4312182 52307087.2992738 55835.5733171978 452337.123370289 1354915089.5325 1520565127.56037 809961443.403176 1112367976.54031 227563262.721927 152690402.220908 0 0
52 4662.87662971071 866497.05382478 1.49911318624024 470016862.12626 550486664.857438 284977883.569316 395970277.100065 85445780.2460059 51781381.1292951 55835.5733171978 452337.123370289 1359686896.67679 1526153897.69155 812854657.690485 1116388031.88183 228430743.907139 153216108.390887 0 0
53 4662.87662971071 866497.053939343 1.49911353194502 465292852.736718 544953875.753149 282113649.737995 391990489.441941 84586988.358513 51260940.7996617 55835.5733171978 452337.123370289 1364410906.06633 1531686686.79584 815718891.521806 1120367819.53995 229289535.794632 153736548.72052 0 0
54 4662.87662971071 866497.053300539 1.49911376793409 460616598.501779 539477017.782198 279278370.533593 388050933.578301 83736878.0243315 50745761.6171501 55835.5733171978 452337.123370289 1369087160.30127 1537163544.76679 818554170.726208 1124307375.40359 230139646.128813 154251727.903032 0 0
55 4662.87662971071 866497.050998446 1.4991139270836 455987470.840056 534055354.746167 276471664.838307 384151079.954642 82895334.971759 50235774.3314525 55835.5733171978 452337.123370289 1373716287.963 1542585207.80282 821360876.421494 1128207229.02725 230981189.181386 154761715.188729 0 0
56 4662.87662971071 866497.046433532 1.49911404702247 451404910.279759 528688231.388225 273693193.436465 380290457.238512 82062257.4927346 49730917.3060102 55835.5733171978 452337.123370289 1378298848.52329 1547952331.16077 824139347.823336 1132067851.74338 231814266.66041 155266572.214172 0 0
57 4662.87662971071 866497.039006265 1.4991141653796 446868357.3491 523374992.45154 270942617.112392 376468594.097463 81237543.8791976 49231128.9042644 55835.5733171978 452337.123370289 1382835401.45395 1553265570.09745 826889924.147409 1135889714.88443 232638980.273947 155766360.615918 0 0
58 4662.87662971071 866497.028075505 1.49911431929276 442377254.037108 518114984.390202 268219597.536131 372685020.429723 80421092.6886538 48736347.6505934 55835.5733171978 452337.123370289 1387326504.76594 1558525578.15879 829612943.72367 1139673288.55217 233455431.464491 156261141.869588 0 0
59 4662.87662971071 866497.00842829 1.49911449192822 437931202.861167 512907741.670106 265523893.708339 368939401.372198 79612831.6615423 48246529.7546561 55835.5733171978 452337.123370289 1391772555.94188 1563732820.87888 832308647.551462 1143418907.60969 234263692.491602 156750959.765526 0 0
60 4662.87662971071 866496.974047503 1.49911465695906 433529834.57444 507752831.827066 262855281.749427 365231425.849297 78812693.6713686 47761634.5368242 55835.5733171978 452337.123370289 1396173924.22861 1568887730.72193 834977259.510374 1147126883.1326 235063830.481776 157235854.983358 0 0
61 4662.87662971071 866496.921075782 1.49911481355476 429172704.09566 502649733.57914 260213491.800315 361560718.897979 78020597.8054697 47281612.962851 55835.5733171978 452337.123370289 1400531054.70739 1573990828.96985 837619049.459486 1150797590.08391 235855926.347675 157715876.557331 0 0
62 4662.87662971071 866496.84719223 1.49911495928658 424859366.382463 497597925.68995 257598254.025513 357926905.587974 77236463.1582543 46806416.0027759 55835.5733171978 452337.123370289 1404844392.42059 1579042636.85904 840234287.234288 1154431403.39392 236640060.99489 158191073.517406 0 0
63 4662.87662971071 866496.879683762 1.49911495745361 420589379.788113 492596890.900099 255009300.648346 354329613.849696 76460209.441433 46335995.0007319 55835.5733171978 452337.123370289 1409114379.01494 1584043671.64889 842823240.611455 1158028695.1322 237416314.711712 158661494.51945 0 0
64 4662.87662971071 866497.019127816 1.49911484318645 416362308.240693 487646118.479454 252446367.272232 350768476.310115 75691757.3801791 45870301.9150252 55835.5733171978 452337.123370289 1413341450.56236 1588994444.06954 845386173.987569 1161589832.67178 238184766.772966 159127187.605157 0 0
65 4662.87662971071 866497.071557644 1.49911477576871 412177683.26408 482745059.745872 249909169.853459 347243098.296966 74931021.8088082 45409285.1340168 55835.5733171978 452337.123370289 1417526075.53897 1593895502.80312 847923371.406342 1165115210.68493 238945502.344337 159588204.386165 0 0
66 4662.87662971071 866497.023060041 1.4991147318137 408035186.577729 477893341.927204 247397515.414023 343753211.671708 74177944.8661417 44952909.5929938 55835.5733171978 452337.123370289 1421668572.22532 1598747220.62179 850435025.845778 1168605097.31018 239698579.287003 160044579.927188 0 0
67 4662.87662971071 866497.035061033 1.49911469455081 403934271.124421 473090324.306641 244911072.26538 340298355.560664 73432427.1010009 44501115.0231008 55835.5733171978 452337.123370289 1425769487.67863 1603550238.24235 852921468.994421 1172059953.42123 240444097.052144 160496374.497081 0 0
68 4662.87662971071 866497.047529067 1.49911466650768 399874578.103418 468335586.654534 242449622.861559 336878227.688665 72694403.2859198 44053861.8955481 55835.5733171978 452337.123370289 1429829180.69963 1608304975.89446 855382918.398242 1175480081.29323 241182120.867225 160943627.624634 0 0
69 4662.87662971071 866497.039988677 1.49911464587591 395855731.080266 463628688.088515 240012938.965016 333492510.924842 71963804.9877458 43611108.7388533 55835.5733171978 452337.123370289 1433848027.72279 1613011874.46048 857819602.294785 1178865798.05705 241912719.165399 161386380.781328 0 0
70 4662.87662971071 866496.998177693 1.49911463040359 391877278.416524 458969099.646839 237600746.740965 330140824.781999 71240550.1017671 43172805.7963714 55835.5733171978 452337.123370289 1437826480.38653 1617671462.90215 860231794.518836 1182217484.19989 242635974.051378 161824683.72381 0 0
71 4662.87662971071 866496.910755227 1.49911461813224 387938776.866642 454356302.197567 235212777.443348 326822795.843609 70524558.0490406 42738904.236095 55835.5733171978 452337.123370289 1441764981.93641 1622284260.35142 862619763.816454 1185535513.13828 243351966.104104 162258585.284087 0 0
72 4662.87662971071 866496.783904398 1.49911460870994 384039858.547891 449789864.874168 232848808.019654 323538114.183291 69815761.9510581 42309363.528679 55835.5733171978 452337.123370289 1445663900.25516 1626850697.67482 864983733.240148 1188820194.7986 244060762.202087 162688125.991503 0 0
