"Time" "IECs" "pheme_e" "BiomassCD" "pro_L_e" "leu_L_e" "ile_L_e" "val_L_e" "trp_L_e" "cys_L_e" "Drug" "Damage" "pro_L_v" "leu_L_v" "ile_L_v" "val_L_v" "trp_L_v" "cys_L_v" "CD" "pheme_c"
0 457000 1e+05 0.4963 224235600.199112 195370466.451958 120509812.093413 157438605.791629 18978882.6152 31300034.1459915 0 0 0 0 0 0 0 0 45700000 1000
1 333310.594682097 154241.010605213 0.594123777911624 395297512.234209 431420519.343948 233798776.992036 318978300.699218 62655421.93071 45499306.9420905 0 123689.405317903 271747147.013296 278374183.825171 156264058.206907 210615805.676427 36968457.6093975 33297458.845976 48532264.0531038 896.38189150341
2 237837.94459398 261641.737288028 0.69781196054596 469988527.392766 531268467.719481 282399486.922845 387938993.399838 80591805.7431377 52118115.9210838 0 219162.05540602 538506896.494268 575596987.166117 315514180.411397 428761128.2997 81279232.9314483 63340147.5008195 52252901.8697734 1325.0037974413
3 164947.497419961 364945.703840599 0.803528800016742 516862284.847269 591556080.025592 312230839.991489 430040980.088862 90988014.9298281 56607610.2035556 0 292052.502580039 751903889.644349 818460744.656747 444116949.719903 605673892.691541 118406091.175417 86840584.9331709 57057143.4749238 1631.71179411108
4 110299.128838914 448093.872424826 0.907130676572046 553656006.692076 637653349.2056 335241649.214182 462450808.842171 98659893.2998255 60355316.6226926 0 346700.871161086 909699795.994831 999646040.405313 539558969.599405 737229691.289038 146362871.968803 104077852.049156 63165461.2433973 1794.98153016968
5 70438.0231006357 507571.172696181 1.00479459703835 584930043.709614 676553969.016896 354594291.355295 489792876.859914 104985028.928073 63686615.9702787 0 386561.976899364 1019638595.09907 1126527759.35952 606168176.110604 829170967.637089 166024401.472173 116053217.305069 70824624.9984519 1850.60079869742
6 42475.7282812469 544106.443591687 1.09354976276886 611107170.224956 709518347.619492 370698313.656266 512769183.056573 110271559.527697 66591769.5581743 0 414524.271718753 1091557858.8171 1209858564.91076 649780944.618831 889450929.282371 178965656.349427 123885584.927818 80308686.5697378 1833.66157202153
7 23868.5808396172 560171.467146825 1.17156411329556 631406007.871299 736079583.980181 383147016.411168 530911511.694733 114496147.235721 68970625.6963381 0 433131.419160383 1135254960.61763 1260684454.75981 676292375.085814 926150775.469627 186868266.588286 128651873.40724 91917628.2158345 1769.85197021526
8 12308.6665368965 559134.55903128 1.23815285630632 645152597.220404 755750817.449982 391565367.096826 543773285.030344 117607760.219574 70749162.0874966 9737.47760380151 444691.333463104 1159571136.48093 1289090904.87502 691049250.159252 946618053.506824 191287834.984038 131312344.108327 105972266.528145 1677.04089180666
9 11893.6288069569 721645.380934757 1.29357926214371 629982971.894691 738171590.827608 382360971.766783 531054818.752576 114873761.896205 69101329.0465647 6028.01833438336 445106.371193043 1176047325.06655 1308396273.41622 701049280.457155 960506823.252693 194292120.651668 133119551.637555 2890.67874903412 30.2994985389703
10 11893.5981570972 796600.792211107 1.33875814048824 613958790.381238 719395549.489869 372635277.948222 517546968.651029 111951847.207824 67343676.0229019 5996.6041832097 445106.401842903 1192071602.57385 1327172442.22672 710775032.732379 974014759.562902 197214055.299458 134877216.430764 1.62753740592713 0.183698478753417
11 11893.5981397045 828513.661014295 1.37495935375705 598342112.14951 701096978.008232 363156913.398985 504382625.043547 109104235.931889 65630719.8189328 5996.42067775961 445106.401860296 1207688280.86 1345471013.7807 720253397.314752 987179103.219279 200061666.58672 136590172.641412 0.000937658786175774 0.00100389072985429
12 11893.5981396944 842101.216168163 1.40357136914659 583122659.169731 683263848.308025 353919640.18099 491553129.191935 106329056.390048 63961334.3051426 5996.41967876517 445106.401860306 1222907733.83981 1363304143.48095 729490670.532766 1000008599.07092 202836846.128568 138259558.155206 5.64452426043818e-07 5.38053410689783e-06
13 11893.5981396944 847884.521436498 1.42594030651561 568290330.839319 665884325.192193 344917327.848933 479049966.62508 103624466.797035 62334411.571226 5996.41967340708 445106.401860306 1237740062.17022 1380683666.59678 738492982.864824 1012511761.63777 205541435.72158 139886480.889123 -4.65994507390903e-08 2.27702157479693e-08
14 11893.5981396944 850347.71499116 1.44328054908326 553835277.229174 648946867.177392 336143998.100808 466864834.178296 100988671.075047 60748871.2019431 5996.41967334349 445106.401860306 1252195115.78036 1397621124.61158 747266312.612948 1024696894.08456 208177231.443569 141472021.258406 -4.65994507390903e-08 -4.08227801364536e-08
15 11893.5981396944 851396.451412005 1.45663409921364 539747902.809296 632440230.867997 327593827.039239 454989643.13693 98419919.5344844 59203660.6864839 5996.41967333934 445106.401860306 1266282490.20024 1414127760.92097 755816483.674518 1036572085.12592 210745982.984131 143017231.773865 -4.65994507390903e-08 -4.49695240295705e-08
16 11893.5981396944 851842.974169711 1.46686531713974 526018855.375719 616353457.98144 319261138.450808 443416509.902136 95916506.8548522 57697754.2038917 15733.8972771408 445106.401860306 1280011537.63382 1430214533.80753 764149172.262948 1048145218.36072 213249395.663763 144523138.256457 0 0
17 11893.5981396944 852033.133015043 1.47467483430817 512639072.109074 600675929.316525 311140431.760773 432137794.816714 93476780.4832663 56230157.6751155 15733.8972771408 445106.401860306 1293391320.90047 1445892062.47245 772269878.952983 1059423933.44614 215689122.035349 145990734.785233 0 0
18 11893.5981396944 852113.875197496 1.48061519447715 499599579.221801 585397129.993533 303226260.431233 421145933.274339 91099104.1012806 54799886.7867917 15733.8972771408 445106.401860306 1306430813.78774 1461170861.79544 780184050.282523 1070415794.98852 218066798.417335 147421005.673557 0 0
19 11893.5981396944 852148.308947937 1.48512565558933 486891747.423649 570506948.791487 295513387.012995 410433651.068533 88781904.2075486 53405995.0126453 15733.8972771408 445106.401860306 1319138645.58589 1476061042.99748 787896923.700761 1081128077.19432 220383998.311067 148814897.447703 0 0
20 11893.5981396944 852163.120667185 1.48854400768355 474507153.394295 555995515.831092 287996699.067962 399993847.618657 86523644.858152 52047558.4187512 15733.8972771408 445106.401860306 1331523239.61524 1490572475.95788 795413611.645794 1091567880.6442 222642257.660463 150173334.041597 0 0
21 11893.5981396944 852169.380297233 1.49113151047768 462437574.492642 541853196.375451 280671205.958003 389819591.51003 84322826.7018737 50723675.0832106 15733.8972771408 445106.401860306 1343592818.5169 1504714795.41352 802739104.755753 1101742136.75283 224843075.816741 151497217.377138 0 0
22 11893.5981396944 852171.993606131 1.4930881320239 450674998.073893 528070601.747188 273532044.499842 379904128.34791 82177988.6791116 49433466.1181181 15733.8972771408 445106.401860306 1355355394.93565 1518497390.04178 809878266.213914 1111657599.91495 226987913.839503 152787426.342231 0 0
23 11893.5981396944 852173.118282997 1.49456663916894 439211615.25461 514638582.022755 266574475.180834 370240875.501644 80087706.8849728 48176074.9856658 15733.8972771408 445106.401860306 1366818777.75493 1531929409.76622 816835835.532923 1121320852.76121 229078195.633642 154044817.474683 0 0
24 11893.5981396944 852173.566661737 1.49568321497499 428039815.577132 501548219.780566 259793878.920594 360823417.606956 78050593.5963617 46950666.9128966 25471.3748809423 445106.401860306 1377990577.43241 1545019772.0084 823616431.793162 1130738310.6559 231115308.922253 155270225.547452 0 0
25 11893.5981396944 852173.751203622 1.49652755859832 417152135.486833 488790769.730114 253185725.799858 351645463.133968 76065287.8771044 45756423.2402968 25471.3748809423 445106.401860306 1388878257.52271 1557777222.05885 830224584.913898 1139916265.12889 233100614.64151 156464469.220052 0 0
26 11893.5981396944 852173.827016609 1.4971634564405 406541398.650662 476357823.127785 246745660.225216 342700962.671102 74130481.1642259 44592556.8130025 25471.3748809423 445106.401860306 1399488994.35888 1570210168.66118 836664650.48854 1148860765.59175 235035421.354389 157628335.647346 0 0
27 11893.5981396944 852173.860240725 1.49764205314337 396200703.796611 464241293.527961 240469493.548417 333984098.674142 72244915.0505472 43458310.64694 25471.3748809423 445106.401860306 1409829689.21293 1582326698.261 842940817.165339 1157577629.58871 236920987.468067 158762581.813409 0 0
28 11893.5981396944 852173.881119432 1.49800420193364 386122934.714719 452432842.635215 234352906.667076 325488872.413288 70407291.9361923 42352904.1820039 25471.3748809423 445106.401860306 1419907458.29482 1594135149.15375 849057404.04668 1166072855.84957 238758610.582422 159867988.278345 0 0
29 11893.5981396944 852173.887711699 1.49827731063223 376301504.21949 440924752.029346 228391901.564164 317209731.108875 68616410.6858476 41275614.8855212 25471.3748809423 445106.401860306 1429728888.79005 1605643239.75962 855018409.149592 1174351997.15398 240549491.832767 160945277.574827 0 0
30 11893.5981396944 852173.885092436 1.49848311154726 366729895.516977 429709385.770232 222582522.946002 309141181.318991 66871082.9996932 40225727.9459001 25471.3748809423 445106.401860306 1439300497.49257 1616858606.01873 860827787.767754 1182420546.94387 242294819.518922 161995164.514448 0 0
31 11893.5981396944 852173.883277558 1.49863800313126 357401769.453258 418779316.064359 216920923.335493 301277879.346389 65170152.9695433 39202548.0364595 25471.3748809423 445106.401860306 1448628623.55628 1627788675.72461 866489387.378263 1190283848.91647 243995749.549071 163018344.423889 0 0
32 11893.5981396944 852173.887255165 1.49875536246372 348310905.685511 408127254.333061 211403327.366583 293614581.647658 63512486.351732 38205392.8626247 35208.8524847438 445106.401860306 1457719487.32403 1638440737.45591 872006983.347173 1197947146.6152 245653416.166883 164015499.597724 0 0
33 11893.5981396944 852173.886570546 1.49884393570152 339451214.347419 397746064.881248 206026038.86444 286146154.666764 61896972.694232 37233594.4414779 35208.8524847438 445106.401860306 1466579178.66212 1648821926.90772 877384271.849316 1205415573.59609 247268929.824383 164987298.018871 0 0
34 11893.5981396944 852173.886289163 1.49891067281232 330816739.926599 387628769.440719 200785443.198822 278867578.103601 60322526.0436817 36286499.5270638 35208.8524847438 445106.401860306 1475213653.08294 1658939222.34825 882624867.514934 1212694150.15926 248843376.474933 165934392.933285 0 0
35 11893.5981396944 852173.886186374 1.49896031625556 322402400.831239 377769413.744526 195678456.155597 271774568.344222 58788219.801099 35363550.7316912 35208.8524847438 445106.401860306 1483627992.1783 1668798578.04445 887731854.558159 1219787159.91864 250377682.717516 166857341.728658 0 0
36 11893.5981396944 852173.886066597 1.49899795189125 314201948.07474 368160675.651152 190701284.983697 264861857.699454 57292914.4997903 34464062.6189179 35208.8524847438 445106.401860306 1491828444.9348 1678407316.13782 892709025.730059 1226699870.5634 251872988.018825 167756829.841431 0 0
37 11893.5981396944 852173.885866884 1.49902661087982 306209933.948094 358796171.902183 185850623.258339 258124853.930655 55835616.781413 33587437.6425301 35208.8524847438 445106.401860306 1499820459.06145 1687771819.88679 897559687.455417 1233436874.3322 253330285.737202 168633454.817819 0 0
38 11893.5981396944 852173.88559063 1.49904856879317 298421185.397071 349669841.061167 181123331.25332 251559196.324079 54415383.3693401 32733108.3825422 35208.8524847438 445106.401860306 1507609207.61247 1696898150.7278 902286979.460436 1240002531.93878 254750519.149275 169487784.077807 0 0
39 11893.5981396944 852173.88541304 1.49906506360371 290830570.449612 340775669.828978 176516294.176794 245160558.796895 53031278.4780422 31900511.9251736 35208.8524847438 445106.401860306 1515199822.55993 1705792321.95999 906894016.536962 1246401169.46596 256134624.040573 170320380.535175 0 0
40 11893.5981396944 852173.885460549 1.49907737526512 283433014.077335 332107711.629249 172026431.798229 238924663.267909 51682376.7053407 31089091.6026602 44946.3300885453 445106.401860306 1522597378.93221 1714460280.15972 911383878.915527 1252637064.99495 257483525.813274 171131800.857688 0 0
41 11893.5981396944 852173.885813063 1.49908655006959 276223598.253608 323660203.849691 167650759.177512 232847364.003214 50367781.2774218 30298307.9683854 44946.3300885453 445106.401860306 1529806794.75594 1722907787.93928 915759551.536244 1258714364.25964 258798121.241193 171922584.491963 0 0
42 11893.5981396944 852173.885958031 1.499093463068 269197415.843124 315427396.639735 163386297.984896 226924524.44993 49086597.4064421 29527622.7703762 44946.3300885453 445106.401860306 1536832977.16642 1731140595.14923 920024012.72886 1264637203.81293 260079305.112173 172693269.689972 0 0
43 11893.5981396944 852173.886011223 1.49909859749837 262350387.386883 307404509.964148 159230572.239318 221152705.758948 47838081.2265624 28776588.5425004 44946.3300885453 445106.401860306 1543680005.62266 1739163481.82482 924179738.474439 1270409022.50391 261327821.292052 173444303.917848 0 0
44 11893.5981396944 852173.886077624 1.49910247541123 255677472.340572 299585637.652675 155180522.639956 215527658.918002 46621313.6235756 28044652.399469 44946.3300885453 445106.401860306 1550352920.66897 1746982354.13629 928229788.0738 1276034069.34486 262544588.895039 174176240.060879 0 0
45 11893.5981396944 852173.886184835 1.49910545909868 249174044.674828 291965359.235754 151233341.471109 210045484.337235 45435451.0676873 27331306.9231498 44946.3300885453 445106.401860306 1556856348.33472 1754602632.55322 932176969.242647 1281516243.92562 263730451.450927 174889585.537198 0 0
46 11893.5981396944 852173.886277328 1.49910772651903 242836049.705363 284538923.70749 147386567.78844 204702764.0518 44279754.2105841 26636107.3648897 44946.3300885453 445106.401860306 1563194343.30418 1762029068.08148 936023742.925316 1286858964.21106 264886148.308031 175584785.095459 0 0
47 11893.5981396944 852173.886272948 1.49910942613049 236659282.271571 277301403.743979 143637649.317733 199495953.250288 43153456.2654639 25958592.470647 44946.3300885453 445106.401860306 1569371110.73797 1769266588.04499 939772661.396023 1292065775.01257 266012446.253151 176262299.989701 0 0
48 11893.5981396944 852173.886154059 1.49911069483937 230639624.358586 270247974.132823 139984086.676882 194421580.58227 42055806.3360479 25298310.5451886 54683.8076923468 445106.401860306 1575390768.65096 1776320017.65615 943426224.036874 1297140147.68059 267110096.182567 176922581.91516 0 0
49 11893.5981396944 852173.886105814 1.49911165307348 224773084.161389 263373957.545819 136423457.085407 189476281.088046 40986076.5396952 24654823.7369384 54683.8076923468 445106.401860306 1581257308.84816 1783194034.24316 946986853.628349 1302085447.17481 268179825.97892 177566068.72341 0 0
50 11893.5981396944 852173.886085966 1.499112375132 219055625.663272 256674624.850486 132953310.929048 184656652.538924 39943530.9320187 24027689.3448458 54683.8076923468 445106.401860306 1586974767.34627 1789893366.93849 950456999.784708 1306905075.72394 269222371.586596 178193203.115503 0 0
51 11893.5981396944 852173.886078682 1.49911291144881 213483950.769412 250146111.561498 129571646.46681 179959914.749971 38927568.1244342 23416545.6087523 54683.8076923468 445106.401860306 1592546442.24013 1796421880.22747 953838664.246946 1311601813.51289 270238334.394181 178804346.851596 0 0
52 11893.5981396944 852173.886069668 1.49911331642785 208053961.175093 243783615.56148 126275976.279436 175382612.985763 37937440.8146949 22820942.9953842 54683.8076923468 445106.401860306 1597976431.83445 1802784376.22749 957134334.43432 1316179115.2771 271228461.70392 179399949.464964 0 0
53 11893.5981396944 852173.886055052 1.49911362805364 202761888.023272 237582720.757651 123064012.902175 170921570.224376 36972461.773439 22240468.1077973 54683.8076923468 445106.401860306 1603268504.98627 1808985271.03132 960346297.811581 1320640158.03848 272193440.745176 179980424.352551 0 0
54 11893.5981396944 852173.886042411 1.49911386486844 197604433.324909 231539562.788631 119933754.658235 166574006.370048 36032029.6313711 21674759.1974365 54683.8076923468 445106.401860306 1608425959.68464 1815028429.00034 963476556.055521 1324987721.89281 273133872.887244 180546133.262912 0 0
55 11893.5981396944 852173.886042924 1.49911404239018 192578175.431701 225650132.397448 116883124.817244 162337037.086347 35115520.4706418 21123440.9518566 54683.8076923468 445106.401860306 1613452217.57785 1820917859.39153 966527185.896512 1329224691.17651 274050382.047973 181097451.508492 0 0
56 11893.5981396944 852173.88605909 1.49911417490695 187679763.049852 219910502.7638 113910089.349697 158207837.343365 34222323.202141 20586145.7756307 54683.8076923468 445106.401860306 1618350629.95969 1826657489.02517 969500221.364059 1333353890.9195 274943579.316474 181634746.684718 0 0
57 11893.5981396944 852173.886081152 1.49911427453271 182905948.932171 214316868.982191 111012677.375987 154183669.819045 33351845.7090572 20062517.4859561 54683.8076923468 445106.401860306 1623124444.07737 1832251122.80678 972397633.33777 1337378058.44382 275814056.809558 182158374.974393 0 0
58 11893.5981396944 852173.886093998 1.49911435000925 178253557.220374 208865509.795832 108188961.345187 150261857.369814 32503508.8919343 19552207.7305087 54683.8076923468 445106.401860306 1627776835.78917 1837702481.99314 975221349.36857 1341299870.89305 276662393.626681 182668684.72984 0 0
59 11893.5981396944 852173.886079091 1.49911440779185 173719495.939763 203552802.237074 105437064.618558 146439793.563195 31676748.9470054 19054877.3579554 54683.8076923468 445106.401860306 1632310897.06978 1843015189.5519 977973246.095199 1345121934.69967 277489153.57161 183166015.102393 0 0
60 11893.5981396944 852173.88601793 1.49911445306369 169300755.577457 198375219.961465 102755160.606617 142714941.479293 30871017.10694 18570196.262003 54683.8076923468 445106.401860306 1636729637.43209 1848192771.82751 980655150.107139 1348846786.78357 278294885.411675 183650696.198346 0 0
61 11893.5981396944 852173.885884789 1.49911448774534 164994403.335325 193329326.513731 100141469.281025 139084828.866217 30085778.5929006 18097842.7510163 54683.8076923468 445106.401860306 1641035989.67422 1853238665.27524 983268841.432731 1352476899.39664 279080123.925714 184123049.709332 0 0
62 11893.5981396944 852173.885647367 1.49911451238441 160797590.126603 188411783.525942 97594261.4211001 135547054.037987 29320513.8903353 17637504.3154605 54683.8076923468 445106.401860306 1645232802.88294 1858156208.26303 985816049.292656 1356014674.22487 279845388.62828 184583388.144888 0 0
63 11893.5981396944 852173.885267769 1.49911453026988 156707507.560709 183619300.315207 95111832.5062423 132099249.614161 28574710.9054056 17188872.909668 54683.8076923468 445106.401860306 1649322885.44884 1862948691.47377 988298478.207514 1359462478.6487 280591191.613209 185032019.55068 0 0
64 11893.5981396944 852173.884700858 1.49911454047324 152721461.394866 178948719.949344 92692547.2965595 128739144.437123 27847878.3584681 16751653.0085716 54683.8076923468 445106.401860306 1653308931.61468 1867619271.83963 990717763.417197 1362822583.82574 281318024.160147 185469239.451777 0 0
65 11893.5981396944 852173.883896025 1.49911454211309 148836829.68217 174396970.20761 90334814.4313159 125464528.292293 27139538.1526153 16325557.0170665 54683.8076923468 445106.401860306 1657193563.32737 1872171021.58136 993075496.28244 1366097199.97057 282026364.366 185895335.443282 0 0
66 11893.5981396944 852173.882800899 1.49911454055527 145051006.743696 169960997.930974 88037052.4234363 122273204.678453 26449215.1573111 15910299.1244429 54683.8076923468 445106.401860306 1660979386.26585 1876606993.858 995373258.29032 1369288523.58441 282716687.361304 186310593.335906 0 0
67 11893.5981396944 852173.881356232 1.49911453898006 141361479.100401 165637857.994025 85797735.7455149 119163054.815842 25776451.0541375 15505603.6331773 54683.8076923468 445106.401860306 1664668913.90914 1880930133.79495 997612574.968241 1372398673.44702 283389451.464477 186715288.827171 0 0
68 11893.5981396944 852173.879499241 1.49911454009269 137765802.277629 161424686.126039 83615380.7515679 116132018.093117 25120800.1072281 15111202.414672 54683.8076923468 445106.401860306 1668264590.73192 1885143305.66294 999794929.962188 1375429710.16974 284045102.411387 187109690.045677 0 0
69 11893.5981396944 852173.87717342 1.49911454401831 134261582.283751 157318677.208904 81488534.4357106 113178076.454458 24481825.7860062 14726832.8776928 54683.8076923468 445106.401860306 1671768810.72579 1889249314.58007 1001921776.27805 1378383651.8084 284684076.732609 187494059.582656 0 0
70 11893.5981396944 852173.874317123 1.49911455118636 130846494.134878 153317106.983125 79415785.6755158 110299270.015286 23859104.143058 14352240.0002995 54683.8076923468 445106.401860306 1675183898.87467 1893250884.80585 1003994525.03824 1381262458.24758 285306798.375557 187868652.460049 0 0
71 11893.5981396944 852173.870866202 1.4991145617443 127518277.966933 149417327.492222 77395762.8722843 107493693.784874 23252223.1051926 13987175.9033892 54683.8076923468 445106.401860306 1678512115.04261 1897150664.29675 1006014547.84147 1384068034.47799 285913679.413422 188233716.556959 0 0
72 11893.5981396944 852173.866784371 1.49911457270298 124274713.294146 145616736.920558 75427118.3275314 104759475.967109 22660777.7796267 13631397.0271716 54683.8076923468 445106.401860306 1681755679.7154 1900951254.86842 1007983192.38622 1386802252.29575 286505124.738988 188589495.433177 0 0
