"Time" "IECs" "pheme_e" "BiomassCD" "pro_L_e" "leu_L_e" "ile_L_e" "val_L_e" "trp_L_e" "cys_L_e" "Drug" "Damage" "pro_L_v" "leu_L_v" "ile_L_v" "val_L_v" "trp_L_v" "cys_L_v" "CD" "pheme_c"
0 457000 1e+05 0.4963 224235600.199112 195370466.451958 120509812.093413 157438605.791629 18978882.6152 31300034.1459915 0 0 0 0 0 0 0 0 45700000 1000
1 362255.959810124 138467.493428067 0.594123777974372 318689273.914878 343374280.792339 187395485.166654 255046074.923468 49019516.1816823 37180015.7058672 0 94744.0401898758 244697281.854554 246036648.809312 139569737.919666 187445534.323842 31732076.9964098 30501729.8730365 48532264.0517251 806.883376048498
2 282566.693518843 222390.574581652 0.697812006148282 365118931.385503 411006285.291911 218968002.515003 300560748.784712 62033530.8706679 40678729.4975966 0 174433.306481157 483300129.160822 509832302.815179 281505343.675899 381586685.361417 70674683.5402679 57603694.3371591 52252899.6755483 1126.75720567985
3 215835.287441161 308717.664835283 0.803528989212572 398392581.853936 455593705.410325 240590645.483565 331303585.229186 70020348.047651 43659871.1332165 0 241164.712558839 688433021.441612 742780800.573845 405007104.599258 551407938.972954 106195586.310676 80247412.6353692 57057134.0602388 1380.15139186133
4 160496.05459589 384197.549304039 0.907130843704715 428299173.736945 493503313.121015 259436191.415722 357874032.258805 76429693.8239742 46628178.6447232 0 296503.94540411 855868907.708145 935027062.266636 506288960.846475 691002686.421083 135865817.059835 98529370.5364465 63165451.2086975 1538.63706673217
5 115369.257589424 444521.973968732 1.00479477913454 457410579.918573 529508310.950415 277486329.373043 383272118.179587 82312815.7779567 49679297.6793083 0 341630.742410576 987195304.738405 1086704413.18713 585901625.233692 800892755.401318 159403203.715382 112806941.552344 70824616.6727041 1620.30095809041
6 79503.2164894918 488284.390338329 1.09354994074931 485650251.841351 564305913.964753 294856959.254921 407791624.170993 87897181.3865127 52742859.4104292 0 377496.783510508 1085814120.1663 1201073675.10741 645753682.058076 883611974.309522 177200626.526519 123515939.603598 80308678.5451337 1645.16376812874
7 52013.6683817966 515335.636788016 1.17156406290929 511765316.02338 596884463.344366 310856485.74728 430570519.321324 93075675.9613711 55666578.6691399 0 404986.331618204 1156048046.63706 1282824156.3077 688405562.350227 942640548.006362 189941563.569953 131148206.818242 91917616.5117224 1627.89906338866
8 31944.0998388648 526450.553878276 1.23815242990337 534067946.845101 625598169.143352 324491969.787867 450316773.799886 97615068.4763965 58269983.9206167 9737.47760380151 425055.900161135 1202904315.82438 1337579786.07877 716870924.618977 982101564.969358 198482695.606885 136251515.887251 105972241.730481 1578.79863744757
9 31254.9664846432 687874.658599118 1.29357891126937 501261734.569886 587286528.698179 304561987.006082 422696991.63425 91638879.0490025 54699344.589264 6676.2190713216 425745.033515357 1238050775.90202 1378757532.14415 738225578.800624 1011739228.01349 204907972.818731 140086782.426625 171.538650839411 16.7388960915798
10 31254.9639709731 760763.790527165 1.33875785717911 468445944.736879 548839007.656723 284623417.068069 395024551.053579 85639613.6912662 51118376.6903671 6659.51189969135 425745.036029027 1270866574.27721 1417205063.63996 758164153.938851 1039411675.95713 210907239.814562 143667751.290771 0.00472602991565654 0.0842305331798271
11 31254.9639709035 791599.752395195 1.37495912847135 437778478.500108 512908497.582217 265990148.638278 369163718.617654 80033097.0997279 47771840.9612329 6659.42808974938 425745.036029097 1301534040.51422 1453135573.71475 776797422.368786 1065272508.39326 216513756.406146 147014287.019932 1.01869172027055e-07 0.000422192674846621
12 31254.9639709035 804644.874602867 1.40357104963572 409118700.839909 479330228.611351 248576733.19151 344995901.752734 74793618.9595646 44644390.8749286 6659.42766962533 425745.036029097 1330193818.17442 1486713842.68562 794210837.815554 1089440325.25818 221753234.546309 150141737.106236 3.600673072382e-08 2.0687442750397e-06
13 31254.9639709035 810163.206461272 1.42594015806959 382335177.380842 447950210.058555 232303312.418651 322410266.315129 69897150.9079222 41721683.8760561 6659.42766755615 425745.036029097 1356977341.63349 1518093861.23842 810484258.588413 1112025960.69579 226649702.597952 153064444.105108 4.34192024133667e-08 -2.93564030544784e-10
14 31254.9639709035 812498.551436685 1.44328047024056 357305072.445704 418624525.615154 217095252.499993 301303229.151257 65321236.5652309 38990315.7277152 6659.42766754254 425745.036029097 1382007446.56862 1547419545.68182 825692318.507071 1133132997.85966 231225616.940643 155795812.253449 4.73226138577843e-08 -1.37610979047368e-08
15 31254.9639709035 813486.259374795 1.45663401771914 333913598.510447 391218688.321662 202882809.599135 281577993.84167 61044890.8865209 36437760.4341967 6659.42766754235 425745.036029097 1405398920.50388 1574825382.97531 839904761.40793 1152858233.16925 235501962.619353 158348367.546968 -9.79564563421794e-08 -1.38984109858266e-08
16 31254.9639709035 813904.151393478 1.46686520118207 312053481.633582 365607014.256049 189600805.062847 263144099.915845 57048502.4331375 34052311.906865 16396.9052713439 425745.036029097 1427259037.38075 1600437057.04092 853186765.944218 1171292127.09507 239498351.072736 160733816.074299 0 0
17 31254.9639709035 814080.918735149 1.47467430012299 291624432.169986 341672002.413288 177188303.831681 245916976.52311 53313736.6105304 31823026.2066914 16396.9052713439 425745.036029097 1447688086.84435 1624372068.88368 865599267.175384 1188519250.4878 243233116.895343 162963101.774473 0 0
18 31254.9639709035 814155.679085648 1.48061504836076 272532932.620188 319304086.146075 165588485.539158 229817763.533157 49823496.8836179 29739698.3936632 16396.9052713439 425745.036029097 1466779586.39414 1646739985.15089 877199085.467907 1204618463.47776 246723356.622256 165046429.587501 0 0
19 31254.9639709035 814187.286871746 1.48512547761599 254691223.893952 298400445.454494 154748028.574914 214772456.686561 46561739.4491177 27792751.9045014 16396.9052713439 425745.036029097 1484621295.12038 1667643625.84247 888039542.432151 1219663770.32435 249985114.056756 166993376.076663 0 0
20 31254.9639709035 814200.840651866 1.48854394655213 238017557.994322 278865303.034823 144617263.613187 200712120.674648 43513519.4303414 25973266.1263818 16396.9052713439 425745.036029097 1501294961.02001 1687178768.26215 898170307.393879 1233724106.33627 253033334.075532 168812861.854782 0 0
21 31254.9639709035 814206.497432422 1.49113143652048 222435464.917924 260609065.367808 135149728.188222 187572270.941426 40664856.8545266 24272896.3986619 16396.9052713439 425745.036029097 1516877054.09641 1705435005.92916 907637842.818843 1246863956.06949 255881996.651347 170513231.582502 0 0
22 31254.9639709035 814208.857393568 1.49308813893493 207873469.333008 243547990.773991 126301994.550488 175292634.767808 38002684.8569301 22683843.0958495 16396.9052713439 425745.036029097 1531439049.68132 1722496080.52298 916485576.456578 1259143592.24311 258544168.648944 172102284.885315 0 0
23 31254.9639709035 814209.855052882 1.49456662169083 194264806.183032 227603856.210156 118033496.870035 163816911.449767 35514797.6884903 21198820.5933203 16396.9052713439 425745.036029097 1545047712.8313 1738440215.08681 924754074.137031 1270619315.56115 261032055.817383 173587307.387844 0 0
24 31254.9639709035 814210.255086501 1.49568329693005 181547034.916166 212703505.294251 110306296.845924 153092446.991189 33189780.1906442 19811015.1707614 26134.3828751454 425745.036029097 1557765484.09817 1753340566.00272 932481274.161142 1281343780.01973 263357073.315229 174975112.810403 0 0
25 31254.9639709035 814210.418219251 1.49652644566342 169661833.163998 198778606.575949 103084958.347315 143070060.12013 31016970.0764053 18514062.4977062 26134.3828751454 425745.036029097 1569650685.85034 1767265464.72102 939702612.659751 1291366166.89079 265529883.429468 176272065.483458 0 0
26 31254.9639709035 814210.486936383 1.49716228168123 158554920.743838 185765564.496495 96336501.2379737 133703978.202547 28986444.036737 17302039.3404141 26134.3828751454 425745.036029097 1580757598.2705 1780278506.80048 946451069.769092 1300732248.80837 267560409.469136 177484088.64075 0 0
27 31254.9639709035 814210.516821605 1.49764229331598 148174925.879623 173604191.034382 90029712.5025922 124950881.164899 27088810.4671093 16169339.8401312 26134.3828751454 425745.036029097 1591137593.13471 1792439880.26259 952757858.504474 1309485345.84602 269458043.038764 178616788.141033 0 0
28 31254.9639709035 814210.529105749 1.49800436667003 138474470.603854 162238977.380195 84135805.7269529 116770816.776726 25315407.8968022 15110793.9557531 26134.3828751454 425745.036029097 1600838048.41048 1803805093.91678 958651765.280113 1317665410.23419 271231445.609071 179675334.025411 0 0
29 31254.9639709035 814210.534996051 1.49827762764276 129409033.884109 151617761.956858 78627730.3441309 109126241.963866 23658097.1497583 14121543.404416 26134.3828751454 425745.036029097 1609903485.13023 1814426309.34011 964159840.662935 1325309985.04705 272888756.356115 180664584.576748 0 0
30 31254.9639709035 814210.536690411 1.49848375393173 120937043.527347 141691838.09622 73480227.4746934 101982100.308226 22109278.1461979 13197051.6903989 26134.3828751454 425745.036029097 1618375475.48699 1824352233.20075 969307343.532373 1332454126.70269 274437575.359675 181589076.290765 0 0
31 31254.9639709035 814210.534298536 1.49863891250907 113019720.974412 132415772.197748 68669735.6252823 95305691.1682641 20661861.5285061 12333087.1685854 26134.3828751454 425745.036029097 1626292798.03992 1833628299.09922 974117835.381784 1339130535.84265 275884991.977367 182453040.812579 0 0
32 31254.9639709035 814210.533682576 1.49875590783131 105620721.364979 123746982.022662 64174171.9954059 89066366.1579819 19309202.8591913 11525683.7671549 35871.8604789469 425745.036029097 1633691797.64936 1842297089.27431 978613399.01166 1345369860.85294 277237650.646682 183260444.21401 0 0
33 31254.9639709035 814210.536209558 1.49884417861429 98706138.3690222 115645742.354566 59972935.4129963 83235533.2211426 18045103.5041578 10771141.5148089 35871.8604789469 425745.036029097 1640606380.64532 1850398328.94241 982814635.594069 1351200693.78978 278501750.001715 184014986.466356 0 0
34 31254.9639709035 814210.537273917 1.49891068607536 92244341.2416783 108074994.090233 56046807.3304524 77786519.2251689 16863780.8436576 10066008.7596564 35871.8604789469 425745.036029097 1647068177.77266 1857969077.20674 986740763.676613 1356649707.78575 279683072.662215 184720119.221509 0 0
35 31254.9639709035 814210.537736877 1.49896086173003 86205450.8052743 100999730.291492 52377633.4361743 72694128.0745908 15759772.4731977 9407024.98663357 35871.8604789469 425745.036029097 1653107068.20906 1865044341.00548 990409937.570891 1361742098.93633 280787081.032676 185379102.994531 0 0
36 31254.9639709035 814210.53792715 1.49899869021849 80561904.0917984 94387657.7296768 48948666.7260985 67935116.8548589 14728039.4294584 8791182.43316417 35871.8604789469 425745.036029097 1658750614.92254 1871656413.5673 993838904.280967 1366501110.15606 281818814.076415 185994945.548001 0 0
37 31254.9639709035 814210.538018382 1.49902722934793 75287799.4964082 88208429.6566541 45744169.6250348 63487643.6225441 13763846.4735982 8215654.63013667 35871.8604789469 425745.036029097 1664024719.51793 1877835641.64032 997043401.382031 1370948583.38838 282783007.032275 186570473.351028 0 0
38 31254.9639709035 814210.53804469 1.4990487507911 70358951.1224176 82433709.4763119 42749447.0061773 59331313.2326195 12862772.0264099 7677802.33220958 35871.8604789469 425745.036029097 1668953567.89192 1883610361.82066 1000038124.00089 1375104913.7783 283684081.479463 187108325.648955 0 0
39 31254.9639709035 814210.538007735 1.49906494684545 65752798.2181683 77037064.6393001 39950791.165786 55447100.9696501 12020691.6118929 7175163.63526215 35871.8604789469 425745.036029097 1673559720.79617 1889007006.65767 1002836779.84128 1378989126.04127 284526161.89398 187610964.345903 0 0
40 31254.9639709035 814210.537998117 1.49907715728868 61448196.1185765 71993721.7066934 37335354.8012075 51817176.2559019 11233739.6379342 6705431.16324198 45609.3380827484 425745.036029097 1677864322.89576 1894050349.59028 1005452216.20586 1382619050.75502 285313113.867939 188080696.817923 0 0
41 31254.9639709035 814210.538037226 1.49908636882257 57425421.5152119 67280572.5245024 34891154.2129253 48424907.0954197 10498310.3597649 6266452.64325343 45609.3380827484 425745.036029097 1681887097.49913 1898763498.77247 1007896416.79414 1386011319.9155 286048543.146108 188519675.337912 0 0
42 31254.9639709035 814210.538053698 1.49909330859655 53666066.5874118 62876050.1859385 32607004.9796063 45254770.7983931 9811038.52538919 5856219.35279338 45609.3380827484 425745.036029097 1685646452.42692 1903168021.11104 1010180566.02746 1389181456.21253 286735814.980484 188929908.628372 0 0
43 31254.9639709035 814210.538060863 1.49909854386353 50152750.8322552 58759791.4066507 30472346.8686615 42292110.9771628 9168746.69336989 5472834.6736813 45609.3380827484 425745.036029097 1689159768.18208 1907284279.89032 1012315224.13841 1392144116.03376 287378106.812503 189313293.307484 0 0
44 31254.9639709035 814210.538063808 1.49910249063313 46869438.8289375 54913008.8227167 28477436.9069373 39523405.5061229 8568503.32537581 5114548.76756277 45609.3380827484 425745.036029097 1692443080.1854 1911131062.47426 1014310134.10013 1394912821.5048 287978350.180497 189671579.213602 0 0
45 31254.9639709035 814210.53806522 1.49910546809917 43801061.4716547 51318047.2208324 26613119.2453239 36935947.1202798 8007553.54133117 4779717.24358432 45609.3380827484 425745.036029097 1695511457.54268 1914726024.07614 1016174451.76174 1397500279.89064 288539299.964542 190006410.737581 0 0
46 31254.9639709035 814210.538065627 1.49910771334712 40933547.8621865 47958420.9041894 24870844.5363936 34517870.3091838 7483324.94990373 4466804.63861794 45609.3380827484 425745.036029097 1698378971.15215 1918085650.39278 1017916726.47067 1399918356.70174 289063528.555969 190319323.342547 0 0
47 31254.9639709035 814210.538065056 1.49910940297883 38253772.5379443 44818751.8639841 23242637.8706513 32258106.8161348 6993418.00092501 4174378.65861056 45609.3380827484 425745.036029097 1701058746.47639 1921225319.43299 1019544933.13642 1402178120.19479 289553435.504948 190611749.322554 0 0
48 31254.9639709035 814210.538064906 1.49911067679352 35749433.9543064 41884627.4073142 21721024.9435274 30146283.1664639 6535583.76996512 3901096.91817297 55346.8156865499 425745.036029097 1703563085.06003 1924159443.88966 1021066546.06354 1404289943.84446 290011269.735908 190885031.062992 0 0
49 31254.9639709035 814210.538065511 1.49911163774494 33409058.4336607 39142604.7839424 20299034.4547789 28172723.9976271 6107724.68028257 3645707.37151251 55346.8156865499 425745.036029097 1705903460.58068 1926901466.51303 1022488536.55229 1406263503.0133 290439128.82559 191140420.609652 0 0
50 31254.9639709035 814210.538065766 1.49911236169842 31221934.6491544 36580134.426375 18970158.3014232 26328396.8115769 5707882.52537757 3407041.1630823 55346.8156865499 425745.036029097 1708090584.36518 1929463936.8706 1023817412.70564 1408107830.19935 290838970.980496 191379086.818083 0 0
51 31254.9639709035 814210.538065877 1.49911290783597 29177951.8847718 34185370.4526976 17728253.306059 24604775.5849805 5334208.90027733 3183994.97798401 55346.8156865499 425745.036029097 1710134567.12957 1931858700.84428 1025059317.70101 1409831451.42594 291212644.605596 191602133.003181 0 0
52 31254.9639709035 814210.538065923 1.49911331955641 27267781.0982201 31947382.8028423 16567651.228999 22993993.4534005 4984998.3028059 2975550.800151 55346.8156865499 425745.036029097 1712044737.91612 1934096688.49413 1026219919.77807 1411442233.55752 291561855.203067 191810577.181014 0 0
53 31254.9639709035 814210.538065945 1.49911363015933 25482655.3504467 29855899.986184 15483025.3592782 21488657.5549663 4658647.99249311 2780751.95208837 55346.8156865499 425745.036029097 1713829863.66389 1936188171.31079 1027304545.64779 1412947569.45596 291888205.51338 192005376.029077 0 0
54 31254.9639709035 814210.538065951 1.4991138643781 23814388.4550561 27901330.9315046 14469401.8458665 20081864.7567931 4353661.3999943 2598705.12995919 55346.8156865499 425745.036029097 1715498130.55928 1938142740.36547 1028318169.1612 1414354362.25413 292193192.105879 192187422.851206 0 0
55 31254.9639709035 814210.538065942 1.49911404063557 22255344.2476625 26074728.9824589 13522141.0260129 18767175.740872 4068642.50902323 2428577.05015427 55346.8156865499 425745.036029097 1717057174.76667 1939969342.31452 1029265429.98105 1415669051.27005 292478210.99685 192357550.931011 0 0
56 31254.9639709035 814210.53806594 1.49911417351713 20798365.9265974 24367709.1119809 12636894.493313 17538555.4194883 3802282.93867269 2269586.7387156 55346.8156865499 425745.036029097 1718514153.08774 1941676362.18499 1030150676.51375 1416897671.59144 292744570.5672 192516541.242449 0 0
57 31254.9639709035 814210.538065954 1.49911427376252 19436770.6263511 22772441.564437 11809601.8005828 16390368.3591892 3553360.95135046 2121004.93917217 55346.8156865499 425745.036029097 1719875748.38799 1943271629.73254 1030977969.20649 1418045858.65174 292993492.554523 192665123.041993 0 0
58 31254.9639709035 814210.538065963 1.49911434934905 18164313.509198 21281609.7847825 11036468.6422627 15317348.5004718 3320734.88813862 1982150.19409906 55346.8156865499 425745.036029097 1721148205.50514 1944762461.51219 1031751102.3648 1419118878.51045 293226118.617734 192803977.787066 0 0
59 31254.9639709035 814210.538065932 1.4991144063637 16975150.3056841 19888366.5303766 10313944.0943645 14314567.5694481 3103336.32057924 1852384.75741097 55346.8156865499 425745.036029097 1722337368.70865 1946155704.7666 1032473626.9127 1420121659.44148 293443517.185294 192933743.223754 0 0
60 31254.9639709035 814210.538065807 1.49911444913242 15863833.5923234 18586329.5098707 9638718.35283466 13377431.9389534 2900169.37017619 1731114.18817211 55346.8156865499 425745.036029097 1723448685.42201 1947457741.7871 1033148852.65423 1421058795.07197 293646684.135697 193055013.792993 0 0
61 31254.9639709035 814210.538065505 1.49911448084155 14825287.7423238 17369552.0350652 9007707.51384708 12501661.5053442 2710306.12897641 1617784.61713629 55346.8156865499 425745.036029097 1724487231.27201 1948674519.26191 1033779863.49322 1421934565.50558 293836547.376897 193168343.364029 0 0
62 31254.9639709035 814210.538064996 1.49911450397215 13854753.7885614 16232458.4214589 8418020.07305689 11683243.1933177 2532876.5796158 1511876.73001159 55346.8156865499 425745.036029097 1725457765.22578 1949811612.87551 1034369550.93401 1422752983.81761 294013976.926257 193274251.251153 0 0
63 31254.9639709035 814210.538064236 1.49911452178161 12947759.0043651 15169808.3485935 7866938.4431671 10918405.3044203 2367063.034187 1412902.44801458 55346.8156865499 425745.036029097 1726364760.00997 1950874262.94838 1034920632.5639 1423517821.7065 294179790.471686 193373225.53315 0 0
64 31254.9639709035 814210.538064927 1.49911453642988 12100116.1305293 14176695.9544097 7351918.48426861 10203616.8652145 2212099.99292462 1320404.84351939 55346.8156865499 425745.036029097 1727212402.88381 1951867375.34256 1035435652.5228 1424232610.14571 294334753.512948 193465723.137646 0 0
65 31254.9639709035 814210.538065518 1.49911454736543 11307965.0212195 13248598.6282775 6870614.80750681 9535622.74585576 2067281.75776089 1233962.68459723 55346.8156865499 425745.036029097 1728004553.99312 1952795472.6687 1035916956.19956 1424900604.26507 294479571.748112 193552165.296568 0 0
66 31254.9639709035 814210.53806552 1.49911455560226 10567673.3382934 12381260.6628226 6420820.43787074 8911359.91898714 1931944.27761628 1153179.59845093 55346.8156865499 425745.036029097 1728744845.67604 1953662810.63415 1036366750.5692 1425524867.09194 294614909.228257 193632948.382714 0 0
67 31254.9639709035 814210.538066719 1.49911456179199 9875845.88775484 11570704.1926699 6000472.48693612 8327965.33285395 1805466.85525666 1077685.09023989 55346.8156865499 425745.036029097 1729436673.12658 1954473367.10431 1036787098.52013 1426108261.67807 294741386.650616 193708442.890925 0 0
68 31254.9639709035 814210.538066092 1.4991145664629 9229309.88528623 10813211.931298 5607643.20033933 7782763.48622766 1687269.45359059 1007132.93520599 55346.8156865499 425745.036029097 1730083209.12905 1955230859.36568 1037179927.80673 1426653463.5247 294859584.052283 193778995.045959 0 0
69 31254.9639709035 814210.538066239 1.4991145699836 8625100.26252818 10105309.9556337 5240531.03000898 7273254.03769072 1576810.00941585 941199.575246096 55346.8156865499 425745.036029097 1730687418.75181 1955938761.34134 1037547039.97706 1427162972.97323 294970043.496457 193844928.405919 0 0
70 31254.9639709035 814210.538065963 1.49911457263952 8060446.07590713 9443751.78240967 4897452.37629548 6797100.3446626 1473581.9487299 879582.63579815 55346.8156865499 425745.036029097 1731252072.93843 1956600319.51456 1037890118.63077 1427639126.66626 295073271.557143 193906545.345367 0 0
71 31254.9639709035 814210.538060603 1.49911457467139 7532758.12956231 8825503.8669816 4576834.06777612 6352119.02623464 1377111.92399761 821999.575213919 55346.8156865499 425745.036029097 1731779760.88477 1957218567.42999 1038210736.93929 1428084107.98469 295169741.581876 193964128.405951 0 0
72 31254.9639709035 814210.538051858 1.49911457623751 7039616.35070224 8247730.81208694 4277205.69063856 5936269.31723698 1286957.50615902 768186.30711596 55346.8156865499 425745.036029097 1732272902.66364 1957796340.48489 1038510365.31643 1428499957.69369 295259895.999714 194017941.674049 0 0
