"Time" "IECs" "pheme_e" "BiomassCD" "pro_L_e" "leu_L_e" "ile_L_e" "val_L_e" "trp_L_e" "cys_L_e" "Drug" "Damage" "pro_L_v" "leu_L_v" "ile_L_v" "val_L_v" "trp_L_v" "cys_L_v" "CD" "pheme_c"
0 457000 1e+05 0.4963 224235600.199112 195370466.451958 120509812.093413 157438605.791629 18978882.6152 31300034.1459915 0 0 0 0 0 0 0 0 45700000 1000
1 312839.98500209 165680.906495869 0.594123777891791 450977590.473462 495395973.929806 267520680.551185 365436534.778983 72559938.8729585 51548181.538543 0 144160.014997911 289374144.116683 299535994.898462 167164830.048916 225757138.305324 40410710.6901215 35109298.3666462 48532264.0535578 961.374405990961
2 208602.325044101 288609.731418969 0.697811924402372 544529105.055153 616672950.054981 327464807.437278 450008914.764004 93755217.2401305 60259786.5182001 0 248397.674955899 568582566.582881 611783446.538561 334130030.869267 454632003.555158 87177214.292435 66424954.8108566 52252903.6092281 1461.3788997237
3 134420.488569673 401193.732142491 0.803528922374646 599506778.423239 686249365.636876 362161757.15976 498843015.926201 105557704.088868 65663476.3822316 0 322579.511430327 778359362.110275 850729288.853813 460597104.595271 628637813.74102 123739536.987246 89507090.1530055 57057136.4039625 1794.07434370835
4 82907.1577812168 486302.695672953 0.907130701782906 639223942.620481 735824323.009814 386914594.845437 533718918.817377 113746292.931244 69764301.4449712 0 374092.842218783 921807535.043251 1015398274.23006 547343939.018742 748208349.443257 149135237.32786 105187384.113033 63165455.4760306 1948.44228542341
5 48385.2267000882 542104.865643238 1.00479455244176 669804033.449921 774146749.937887 405819079.237427 560544045.957852 119960492.9031 73064755.5557217 0 408614.773299912 1013068778.27986 1120652558.6684 602610923.981129 824491342.723793 165426150.469557 115143351.537436 70824623.8666627 1976.87473571489
6 26359.1290842597 571726.184843287 1.09354968979494 692528568.422997 803452836.025876 419801899.275055 580731457.12447 124657289.99641 75649884.3160892 0 430640.87091574 1066880278.73325 1182953012.56464 635222508.425 869566302.83703 175086243.083119 121016244.261547 80308691.6258917 1927.01902761566
7 13193.0682737799 579905.599498082 1.17156378484129 707627466.227491 824431166.059731 429070906.167866 594655379.144372 127993713.344103 77527129.0599759 0 443806.93172622 1095943156.0142 1216732329.44157 652842427.669091 893960020.439663 180328851.64338 124194766.868885 91917627.9180742 1832.39105456723
8 5956.16663026731 571712.388738269 1.23815222492111 715655408.235016 837996418.082261 433998992.932016 602892602.653417 130138480.152108 78751875.6051492 9737.47760380151 451043.833369733 1110103861.97652 1233265351.35441 661429378.000867 905872385.0782 182896004.028567 125748990.55482 105972251.310275 1714.88213197123
9 5728.29582876789 734005.464180171 1.29357874259448 707429988.701789 828576121.973232 429012637.987007 596037284.236117 128676584.199906 77865048.0221346 6483.28477799867 451271.704171232 1118956093.38667 1243633362.12688 666797708.866855 913330681.959343 184506139.260976 126723320.52561 643.677489911433 45.1190519566914
10 5728.2925087192 808761.439597017 1.33875772098452 698705592.230636 818357691.299414 423721829.870555 588686641.971629 127089677.809932 76904775.824279 6438.54188069652 451271.707491281 1127680498.84227 1253851806.60878 672088522.458819 920681332.944316 186093047.810517 127683593.998364 0.0898307121981711 0.621574841887524
11 5728.29250825045 840653.358499869 1.37495902016938 690088781.359654 808265266.780669 418496265.755286 581426643.608321 125522339.964827 75956345.0178088 6437.92880013424 451271.70749175 1136297309.71451 1263944231.12947 677314086.574856 927941331.308851 187660385.655928 128632024.805015 1.30926000455008e-05 0.00853262170568389
12 5728.29250825038 854258.839097355 1.40357096706345 681578237.605474 798297307.434383 413335146.089416 574256179.424676 123974331.367595 75019610.7668795 6437.9203846415 451271.70749175 1144807853.46869 1273912190.47576 682475206.240725 935111795.492496 189208394.253159 129568759.055944 4.66392600817524e-08 0.00011713485775805
13 5728.29250825038 860062.954774676 1.42594012463201 673172650.427386 788452278.292539 408237676.110873 567174145.23933 122445413.640092 74094428.8235965 6437.92026906492 451271.70749175 1153213440.64678 1283757219.6176 687572676.219269 942193829.677842 190737311.980663 130493940.999227 5.61572656275028e-08 1.55847720212562e-06
14 5728.29250825037 862538.87011992 1.44328038287686 664870725.44862 778728663.31863 403203070.860011 560179450.489501 120935351.344203 73180656.7191483 6437.92026751492 451271.70749175 1161515365.62555 1293480834.59151 692607281.47013 949188524.427671 192247374.276552 131407713.103675 6.10357161767279e-08 8.57861329852568e-09
15 5728.29250825037 863595.753087937 1.45663396985535 656671184.240727 769124965.155592 398230555.048859 553271018.049489 119443911.942703 72278153.7401151 6437.92026748437 451271.70749175 1169714906.83344 1303084532.75455 697579797.281283 956096956.867683 193738813.678051 132310216.082708 6.21233982897874e-08 -2.19526155823363e-08
16 5728.29250825037 864046.294187306 1.46686520672939 648572764.158069 759639704.931951 393319362.960745 546447784.091226 117970865.769151 71386780.9102517 16175.397871285 451271.70749175 1177813326.9161 1312569792.97819 702490989.369397 962920190.825946 195211859.851604 133201588.912572 6.214465749408e-08 0
17 5728.29250825037 864238.713279812 1.47467418252411 640574281.522234 750271496.266457 388468776.767748 539708751.319602 116515997.520692 70506407.9450378 16175.397871285 451271.70749175 1185811809.55193 1321938001.64368 707341575.562394 969659223.59757 196666728.100063 134081961.877786 -9.33477120472669e-08 -1.70617186920091e-12
18 5728.29250825037 864320.492965961 1.48061449770745 632674379.379824 741018749.829838 383677973.561359 533052776.448592 115079060.37696 69636885.4880091 16175.397871285 451271.70749175 1193711711.69434 1331190748.0803 712132378.768783 976315198.46858 198103665.243795 134951484.334815 -9.33477120472669e-08 -2.70617186920092e-12
19 5728.29250825037 864355.520232647 1.48512519648147 624871900.80812 731880110.578403 378946251.739335 526478884.725801 113659843.901775 68778086.1995774 16175.397871285 451271.70749175 1201514190.26605 1340329387.33174 716864100.590807 982889090.191371 199522881.71898 135810283.623246 -9.33477120472669e-08 -3.70617186920095e-12
20 5728.29250825037 864370.559730236 1.48854356958468 617165646.667367 722854174.021829 374272884.097403 519986065.829335 112258129.979974 67929878.0934309 16175.397871285 451271.70749175 1209220444.4068 1349355323.88831 721537468.232739 989381909.087837 200924595.640781 136658491.729393 -9.33477120472669e-08 -4.70617186920098e-12
21 5728.29250825037 864376.968522441 1.49113123903472 609554430.148337 713939550.111905 369657150.908996 513573319.826253 110873702.739228 67092130.5404485 16175.397871285 451271.70749175 1216831660.92583 1358269947.79824 726153201.421146 995794655.090919 202309022.881528 137496239.282375 -9.33477120472669e-08 -5.70617186920102e-12
22 5728.29250825037 864379.632588836 1.4930877823214 602037079.308674 705134866.213214 365098341.463386 507239659.309529 109506349.01139 66264714.547868 16175.397871285 451271.70749175 1224349011.7655 1367074631.69693 730712010.866755 1002128315.60764 203676376.609365 138323655.274956 -9.33477120472669e-08 -6.70617186920107e-12
23 5728.29250825037 864380.804203285 1.49456639974666 594612436.427695 696438766.347452 360595753.674415 500984108.854452 108155858.215137 65447502.6882714 16175.397871285 451271.70749175 1231773654.64647 1375770731.56269 735214598.655727 1008383866.06272 205026867.405618 139140867.134552 -9.33477120472669e-08 -7.70617186920113e-12
24 5728.29250825037 864381.265279534 1.49568299148475 587279358.268881 687849911.500863 356148694.239672 494805705.239781 106822022.403713 64640369.1284764 25912.8754750865 451271.70749175 1239106732.80529 1384359586.40928 739661658.090469 1014562269.67739 206360703.217042 139948000.694347 0 0
25 5728.29250825037 864381.447995546 1.49652735925747 580036740.497196 679367008.222987 351756493.4481 488703518.020288 105504640.706272 63843192.3170894 25912.8754750865 451271.70749175 1246349350.57698 1392842489.68716 744053858.882041 1020664456.89688 207678084.914483 140745177.505734 0 0
26 5728.29250825037 864381.523275576 1.49716333046045 572883410.394335 670988682.969579 347418440.118405 482676559.13518 104203499.813526 63055843.1759418 25912.8754750865 451271.70749175 1253502680.67984 1401220814.94056 748391912.211736 1026691415.78199 208979225.807229 141532526.646882 0 0
27 5728.29250825037 864381.556225195 1.4976419451859 565818322.388171 662713711.116132 343133900.175607 476723947.649267 102918409.543194 62278206.6215262 25912.8754750865 451271.70749175 1260567768.686 1409495786.79401 752676452.154534 1032644027.2679 210264316.077562 142310163.201297 0 0
28 5728.29250825037 864381.576891442 1.49800411814484 558840348.878253 654540771.962607 338902189.799609 470844733.515303 101649164.79261 61510158.5416832 25912.8754750865 451271.70749175 1267545742.19592 1417668725.94754 756908162.530532 1038523241.40187 211533560.828145 143078211.28114 0 0
29 5728.29250825037 864381.583545446 1.49827724952461 551948431.478935 646468625.876686 334722667.144819 465038025.002209 100395573.048802 60751582.4425536 25912.8754750865 451271.70749175 1274437659.59524 1425740872.03346 761087685.185322 1044329949.91496 212787152.571953 143836787.38027 0 0
30 5728.29250825037 864381.581073335 1.49848306870142 545141509.164085 638496030.133385 330594688.764359 459302928.154195 99157441.3185117 60002361.5396468 25912.8754750865 451271.70749175 1281244581.91009 1433713467.77676 765215663.565783 1050065046.76298 214025284.302243 144586008.283177 0 0
31 5728.29250825037 864381.579287055 1.49863796422409 538418535.001446 630621758.515147 326517619.758411 453638560.890106 97934579.1720574 59262380.5997493 25912.8754750865 451271.70749175 1287967556.07273 1441587739.395 769292732.57173 1055729414.02707 215248146.448698 145325989.223074 0 0
32 5728.29250825037 864381.583151503 1.49875533589476 531778471.488987 622844595.84955 322490830.946011 448044049.074122 96726797.8950502 58531525.4276093 35650.353078888 451271.70749175 1294607619.58518 1449364902.06059 773319521.38413 1061323925.84305 216455927.725705 146056844.395214 0 0
33 5728.29250825037 864381.582493725 1.4988443429108 525220262.391823 615163305.023348 318513681.785873 442518502.787262 95533905.3657256 57809679.7660965 35650.353078888 451271.70749175 1301165828.68234 1457046192.88679 777296670.544269 1066849472.12991 217648820.25503 146778690.056727 0 0
34 5728.29250825037 864381.58229184 1.49891119657289 518742862.59767 607576661.950625 314585538.481882 437061041.481771 94355711.4854428 57096728.5823175 35650.353078888 451271.70749175 1307643228.4765 1464632835.95952 781224813.848259 1072306933.4354 218827014.135312 147491641.240506 0 0
35 5728.29250825037 864381.58224595 1.49896137315216 512345361.309448 600083599.861909 310705848.691808 431670897.775678 93192050.5865604 56392571.6271172 35650.353078888 451271.70749175 1314040729.76472 1472125898.04823 785104503.638333 1077697077.14149 219990675.034195 148195798.195706 0 0
36 5728.29250825037 864381.582185765 1.49899882801234 506026839.059049 592683041.831801 306874054.814977 426347296.981335 92042755.4242375 55697107.6969423 35650.353078888 451271.70749175 1320359252.01512 1479526456.07834 788936297.515164 1083020677.93584 221139970.196518 148891262.125881 0 0
37 5728.29250825037 864381.582067538 1.4990264751943 499786358.789853 585373890.33439 303089588.584367 421089449.592085 90907655.5544056 55010233.6523158 35650.353078888 451271.70749175 1326599732.28432 1486835607.57575 792720763.745774 1088278525.32509 222275070.06635 149578136.170507 0 0
38 5728.29250825037 864381.581812341 1.49904807654221 493622735.499354 578154757.437584 299351731.369077 415896357.197219 89786535.4333673 54331819.0629778 35650.353078888 451271.70749175 1332763355.57481 1494054740.47256 796458620.961064 1093471617.71995 223396190.187388 150256550.759845 0 0
39 5728.29250825037 864381.581516523 1.49906462269545 487535119.592628 571024648.054827 295659967.942207 410767303.979964 88679240.5257269 53661770.4161411 35650.353078888 451271.70749175 1338850971.48154 1501184849.85531 800150384.387935 1098600670.93721 224503485.095028 150926599.406682 0 0
40 5728.29250825037 864381.581283207 1.49907736751559 481522578.211043 563982469.577093 292013732.582555 405701503.970633 87585601.1510005 52999985.0343911 45387.8306826895 451271.70749175 1344863512.86312 1508227028.33305 803796619.747586 1103666470.94654 225597124.469755 151588384.788432 0 0
41 5728.29250825037 864381.581711892 1.49908661113786 475584145.648278 557027090.922559 288412439.648825 400698143.524083 86505441.6539385 52346356.6248498 45387.8306826895 451271.70749175 1350801945.42588 1515182406.98758 807397912.681316 1108669831.39309 226677283.966817 152242013.197973 0 0
42 5728.29250825037 864381.581810488 1.49909353254545 469718875.676735 550157403.823822 284855515.312364 395756425.406754 85438589.9223353 51700781.038614 45387.8306826895 451271.70749175 1356667215.39743 1522052094.08632 810954837.017777 1113611549.51042 227744135.69842 152887588.784209 0 0
43 5728.29250825037 864381.58175682 1.49909865170886 463926096.935042 543372621.95006 281342552.433923 390875783.970572 84384923.8402361 51063184.3806173 45387.8306826895 451271.70749175 1362459994.13912 1528836875.96008 814467799.896218 1118492190.9466 228797801.780519 153525185.442206 0 0
44 5728.29250825037 864381.581777286 1.49910264409899 458204407.27654 536671103.039473 277872700.698069 386055037.852432 83344188.3669356 50433412.3200866 45387.8306826895 451271.70749175 1368181683.79762 1535538394.87067 817937651.632072 1123312937.06474 229838537.25382 154154957.502737 0 0
45 5728.29250825037 864381.581892629 1.4991054577348 452553705.094845 530052728.085765 274445898.486801 381294101.445004 82316365.0209406 49811453.6734614 45387.8306826895 451271.70749175 1373832385.97932 1542156769.82438 821364453.84334 1128073873.47217 230866360.599815 154776916.149362 0 0
46 5728.29250825037 864381.582294806 1.49910746010553 446972824.36729 523516131.386944 271061438.679317 376591992.328829 81301241.7108541 49197180.0995449 45387.8306826895 451271.70749175 1379413266.70687 1548693366.5232 824748913.650824 1132775982.58834 231881483.909901 155391189.723278 0 0
47 5728.29250825037 864381.583154552 1.49910903929874 441460711.664498 517060079.115715 267718682.435699 371947822.94868 80298626.8252143 48590475.6500024 45387.8306826895 451271.70749175 1384925379.40967 1555149418.79443 828091669.894442 1137420151.96849 232884098.795541 155997894.172821 0 0
48 5728.29250825037 864381.584733951 1.49911047246837 436016403.391958 510683442.663705 264417045.395332 367360781.438694 79308345.0928947 47991234.2643974 55125.308286491 451271.70749175 1390369687.6822 1561526055.24644 831393306.934809 1142007193.47848 233874380.527861 156597135.558426 0 0
49 5728.29250825037 864381.583156739 1.49911149274075 430639210.234047 504385414.671209 261156109.530823 362830287.023645 78330271.1321877 47399380.0714847 55125.308286491 451271.70749175 1395746880.84011 1567824083.23893 834654242.799317 1146537687.89353 234852454.488568 157188989.751339 0 0
50 5728.29250825037 864381.582788819 1.4991122569335 425328236.094591 498164945.587166 257935331.415135 358355584.707646 77364241.9494444 46814814.4402012 55125.308286491 451271.70749175 1401057854.97957 1574044552.32298 837875020.915006 1151012390.20953 235818483.671311 157773555.382622 0 0
51 5728.29250825037 864381.582985131 1.49911282193381 420082906.186847 492021362.193618 254754362.475573 353936190.210508 76410152.9949619 46237474.1052086 55125.308286491 451271.70749175 1406303184.88731 1580188135.71653 841055989.854568 1155431784.70667 236772572.625794 158350895.717615 0 0
52 5728.29250825037 864381.582910389 1.49911326297863 414901937.346771 485953161.586943 251612424.552319 349571022.416606 75467770.8701434 45667217.8318521 55125.308286491 451271.70749175 1411484153.72739 1586256336.3232 844197927.777822 1159796952.50057 237714954.750612 158921151.990971 0 0
53 5728.29250825037 864381.582275572 1.49911357217262 409785258.109719 479960260.064303 248509474.306475 345260021.114196 74537082.5760679 45104037.754197 55125.308286491 451271.70749175 1416600832.96444 1592249237.84584 847300878.023666 1164107953.80298 238645643.044688 159484332.068626 0 0
54 5728.29250825037 864381.580000603 1.49911378729926 404731838.716643 474041451.522232 245444887.252718 341002318.691223 73617900.8067415 44547820.5292425 55125.308286491 451271.70749175 1421654252.35752 1598168046.38791 850365465.077422 1168365656.22595 239564824.814014 160040549.293581 0 0
55 5728.29250825037 864381.575273912 1.49911395001867 399740754.996613 468195653.527159 242418102.938403 336797136.497727 72710057.4619125 43998464.435807 55125.308286491 451271.70749175 1426645336.07754 1604013844.38299 853392249.391738 1172570838.41945 240472668.158843 160589905.387016 0 0
56 5728.29250825037 864381.567284367 1.49911410199737 394811082.952971 462421783.84963 239428561.016568 332643696.030578 71813384.4730284 43455867.7718911 55125.308286491 451271.70749175 1431575008.12119 1609787714.06051 856381791.313573 1176724278.8866 241369341.147727 161132502.050932 0 0
57 5728.29250825037 864381.554156257 1.49911425362419 389942058.877955 456718947.998277 236475798.34558 328541353.836278 70927742.9269698 42919946.4780929 55125.308286491 451271.70749175 1436444032.1962 1615490549.91187 859334553.984561 1180826621.0809 242254982.693786 161668423.34473 0 0
58 5728.29250825037 864381.532946718 1.49911438393504 385133079.738437 451086439.671613 233559449.223053 324489601.835958 70053023.1362132 42390634.1800651 55125.308286491 451271.70749175 1441253011.33572 1621123058.23853 862250903.107088 1184878373.08122 243129702.484542 162197735.642758 0 0
59 5728.29250825037 864381.501586104 1.49911449762094 380383411.026346 445523398.578358 230679068.215165 320487821.177995 69189091.4988596 41867850.0323427 55125.308286491 451271.70749175 1446002680.04781 1626686099.33179 865131284.114976 1188880153.73918 243993634.121896 162720519.790481 0 0
60 5728.29250825037 864381.455714669 1.49911459474635 375692322.799531 440028969.775056 227834212.657041 316535396.857731 68335815.2435188 41351513.6920201 55125.308286491 451271.70749175 1450693768.27463 1632180528.13509 867976139.6731 1192832578.05944 244846910.377237 163236856.130803 0 0
61 5728.29250825037 864381.384618773 1.49911466225841 371059099.309233 434602314.942236 225024448.49122 312631725.828992 67493064.1804797 40841546.3784227 55125.308286491 451271.70749175 1455326991.76493 1637607182.96791 870785903.838921 1196736249.08818 245689661.440276 163746823.444401 0 0
62 5728.29250825037 864381.281112735 1.49911469438759 366483016.925901 429242586.530065 222249336.88103 308776198.405733 66660706.6865701 40337868.4434569 55125.308286491 451271.70749175 1459903074.14826 1642966911.38008 873561015.449111 1200591776.51144 246522018.934186 164250501.379366 0 0
63 5728.29250825037 864381.201321727 1.49911468717306 361963355.096072 423948940.59157 219508440.855255 304968207.493629 65838611.6981367 39840400.5776064 55125.308286491 451271.70749175 1464422735.97809 1648260557.31857 876301911.474886 1204399767.42354 247344113.922619 164747969.245217 0 0
64 5728.29250825037 864381.449031289 1.49911465998826 357499429.48531 418720575.601253 216801345.407286 301207176.514298 65026654.7395151 39349067.4578928 55125.308286491 451271.70749175 1468886661.58885 1653488922.30889 879009006.922854 1208160798.40288 248156070.881241 165239302.364931 0 0
65 5728.29250825037 864381.514112553 1.49911464059256 353090555.440656 413556689.660542 214127635.337347 297492528.620987 64224711.277103 38863793.726278 55125.308286491 451271.70749175 1473295535.6335 1658652808.2496 881682716.992794 1211875446.29619 248958014.343653 165724576.096545 0 0
66 5728.29250825037 864381.552344699 1.49911462583595 348736032.135127 408456461.927075 211486885.637117 293823673.339701 63432653.8353572 38384502.2444906 55125.308286491 451271.70749175 1477650058.93903 1663753035.98307 884323466.693024 1215544301.57747 249750071.785399 166203867.578333 0 0
67 5728.29250825037 864381.571359359 1.49911461471342 344435205.423248 403419126.234114 208878699.607725 290200059.527428 62650363.4297738 37911121.0123748 55125.308286491 451271.70749175 1481950885.65091 1668790371.67603 886931652.722416 1219167915.38975 250532362.190982 166677248.810449 0 0
68 5728.29250825037 864381.57399983 1.49911460646297 340187481.103798 398443986.624531 206302716.902797 286621186.546527 61877731.9792924 37443584.6276896 55125.308286491 451271.70749175 1486198609.97036 1673765511.28561 889507635.427345 1222746788.37065 251304993.641463 167144785.195134 0 0
69 5728.29250825037 864381.578406582 1.49911460036679 335992179.028974 393530246.476413 203758525.054655 283086481.346013 61114635.7697674 36981818.2282686 55125.308286491 451271.70749175 1490393912.04518 1678679251.43373 892051827.275486 1226281493.57116 252068089.850988 167606551.594555 0 0
70 5728.29250825037 864381.606238749 1.49911459558931 331848563.94772 388677044.628257 201245678.178901 279595324.448271 60360941.0641561 36525740.8868683 55125.308286491 451271.70749175 1494537527.12644 1683532453.28189 894564674.15124 1229772650.4689 252821784.5566 168062628.935955 0 0
71 5728.29250825037 864381.669579652 1.49911459189765 327756035.971765 383883678.461986 198763812.480314 276147210.424095 59616538.7469626 36075286.5752879 55125.308286491 451271.70749175 1498630055.10239 1688325819.44816 897046539.849827 1233220764.49308 253566186.873793 168513083.247535 0 0
72 5728.29250825037 864381.781661795 1.49911458898661 323713979.057488 379149426.437596 196312554.366449 272741620.23277 58881316.7641456 35630387.4871481 55125.308286491 451271.70749175 1502672112.01667 1693060071.47255 899497797.963692 1236626354.6844 254301408.85661 168957982.335675 0 0
