"Time" "IECs" "pheme_e" "BiomassCD" "pro_L_e" "leu_L_e" "ile_L_e" "val_L_e" "trp_L_e" "cys_L_e" "Drug" "Damage" "pro_L_v" "leu_L_v" "ile_L_v" "val_L_v" "trp_L_v" "cys_L_v" "CD" "pheme_c"
0 457000 1e+05 0.4963 224235600.199112 195370466.451958 120509812.093413 157438605.791629 18978882.6152 31300034.1459915 0 0 0 0 0 0 0 0 45700000 1000
1 370118.217739218 134258.391205603 0.594123777997183 298287057.810291 319921313.511883 175036199.521164 238017486.033538 45386409.9009262 34965016.9926963 0 86881.7822607811 236943056.552722 236790485.362663 134789947.81031 180814812.833151 30239015.3209453 29697621.5414351 48532264.051304 783.022590495321
2 295404.534734273 211509.96482694 0.697811999247171 336792223.644221 378501603.960194 201828674.817734 276948727.481165 57013407.545752 37591601.6813449 0 161595.465265726 465678761.379361 488944402.53192 270675566.536821 366578416.366648 67324619.9868355 55761091.1266854 52252899.9892431 1071.84896504853
3 231329.594911476 292426.750697904 0.803528804250089 366032125.291554 418413676.258313 221009582.183805 304312301.629958 64277469.2272947 40129548.3881817 0 225670.405088523 665382608.512577 715520004.956814 390858784.210832 531806905.84688 101836356.812788 77827921.3118028 57057143.6136299 1307.32673335668
4 176792.268045718 364705.77546008 0.907130645169677 393572849.163324 453509301.105042 238416595.916347 328872378.15244 70247142.7801394 42836491.8976003 0 280207.731954281 832387461.647867 907245122.54477 491876409.061711 671031344.824216 131423547.871703 96063311.3188351 63165461.8621626 1460.49867275401
5 131020.496683813 424106.062045693 1.00479455404446 421424652.844238 487935912.028838 255698539.456894 353170996.415137 75882157.296158 45742825.2375411 0 325979.503316186 967384499.461817 1063183308.71514 573724552.876575 784005668.41448 155629737.356369 110733338.181866 70824626.4522744 1545.78167537765
6 93449.7586501945 468929.147826423 1.09354971762221 449456402.728475 522329490.74073 272941293.086709 377458539.094093 81402754.0661953 48769843.1981507 0 363550.241349805 1072445582.97986 1185046429.48507 637498974.334472 872142914.394873 174602609.625443 122133483.626166 80308687.1936415 1579.8499430396
7 63582.8465606679 498532.157430985 1.17156372615695 476473983.54441 555741495.959046 289489820.690321 400921061.703032 86712324.9698316 51770406.8020093 0 393417.153439331 1150449025.03191 1275850911.64709 684880090.558337 937710754.207126 188762778.561954 130601814.264685 91917617.9504677 1574.73111068146
8 40848.8438857426 513075.417954176 1.23815209993818 500755478.513866 586484187.066507 304330252.456083 422237106.366363 91570955.0545381 54560297.4563573 9737.47760380151 416151.156114257 1205053523.38809 1339658937.66464 718060855.404127 983700714.115541 198722198.638624 136541780.637509 105972234.944064 1538.61933817421
9 40227.1811304666 673762.423246482 1.2935786397549 460905743.926386 539891637.584819 280113862.477628 388664315.857583 84297560.4822403 50224155.996113 8640.01788986954 416772.818869532 1247037058.62054 1388836982.54553 743576196.64162 1019103744.97122 206400752.290528 141116640.595779 0.000483901844608893 778.371359500933
10 40227.1811304628 744906.017488593 1.33875763823511 422440809.235619 494834927.284614 256736932.230689 356228296.729817 77262499.1898425 46032694.0632847 8244.0345904634 416772.818869536 1285501993.31132 1433893692.84575 766953126.888567 1051539764.099 213435813.582928 145308102.528609 -1.4925122504251e-08 382.38806013642
11 40227.1811304628 774915.008975007 1.37495895453498 387185969.439751 453538429.158912 235310925.988884 326499228.757694 70814549.627169 42191030.996902 8053.98576424141 416772.818869536 1320756833.10718 1475190190.97145 788379133.130372 1081268832.07112 219883763.145602 149149765.594992 -1.4925122504251e-08 192.339233914428
12 40227.1811304628 787573.092720964 1.40357091550842 354873325.808995 415688334.395741 215673029.231148 299251203.112989 64904714.3372018 38669974.3041976 7959.51332988765 416772.818869536 1353069476.73794 1513040285.73462 808017029.888108 1108516857.71583 225793598.435569 152670822.287696 -1.4925122504251e-08 97.8667995606679
13 40227.1811304628 792912.379911782 1.42594009407383 325257337.069704 380997023.059636 197674015.102606 274277164.161457 59488084.939781 35442767.7483625 7911.73205691038 416772.818869536 1382685465.47723 1547731597.07072 826016044.01665 1133490896.66736 231210227.83299 155898028.843531 -1.4925122504251e-08 50.0855265834039
14 40227.1811304628 795164.532474277 1.44328042020184 298112953.619397 349200878.565162 181177110.490253 251387336.117191 54523500.8880344 32484888.0369648 7887.35426630348 416772.818869536 1409829848.92754 1579527741.5652 842512948.629003 1156380724.71163 236174811.884736 158855908.554929 -1.4925122504251e-08 25.7077359765041
15 40227.1811304628 796114.508728882 1.45663398710942 273233907.392635 320058284.475338 166056956.69488 230407780.951444 49973236.6926377 29773858.4713906 7874.86153289171 416772.818869536 1434708895.1543 1608670335.65502 857633102.424376 1177360279.87737 240725076.080133 161566938.120503 -1.4925122504251e-08 13.2150025647326
16 40227.1811304628 796515.216345236 1.46686521230063 250431144.445885 293347788.476951 152198656.839984 211179076.650946 45802715.2487287 27289078.1481433 17605.9225092514 416772.818869536 1457511658.10105 1635380831.65341 871491402.279272 1196588984.17787 244895597.524042 164051718.44375 0 6.79837512295635
17 40227.1811304628 796684.23781829 1.47467364600792 229531389.412571 268866420.824784 139496903.424316 193555106.677355 41980245.2812766 25011665.5298242 17600.6618257662 416772.818869536 1478411413.13437 1659862199.30558 884193155.694939 1214212954.15146 248718067.491494 166329131.062069 0 1.53769163775715
18 40227.1811304628 796755.532595026 1.4806152937702 210375824.455298 246428146.904517 127855175.459694 177401945.977815 38476779.7314632 22924314.4926858 17599.4720173032 416772.818869536 1497566978.09164 1682300473.22584 895834883.659562 1230366114.851 252221533.041308 168416482.099207 0 0.347883174705805
19 40227.1811304628 796785.605351757 1.48512621468826 192818889.078774 225862461.368352 117185009.061478 162596848.912758 35265696.2479349 21011163.5441807 17599.2028418546 416772.818869536 1515123913.46816 1702866158.76201 906505050.057778 1245171211.91606 255432616.524836 170329633.047713 0 0.0787077261537346
20 40227.1811304628 796798.290297464 1.48854503146229 176727169.492204 207013087.166288 107405322.46243 149027312.697377 32322594.0562451 19257674.7985714 17599.1419418047 416772.818869536 1531215633.05473 1721715532.96407 916284736.656826 1258740748.13144 258375718.716526 172083121.793322 0 0.0178076762044249
21 40227.1811304628 796803.640914128 1.49113276551644 161978385.966026 189736789.36514 98441800.5822949 136590223.478005 29625108.7510153 17650523.6308264 17599.1281631859 416772.818869536 1545964416.58091 1738991830.76522 925248258.536961 1271177837.35081 261073204.021755 173690272.961067 0 0.0040290574597887
22 40227.1811304628 796805.897845226 1.49308951113819 148460463.638015 173902286.717717 90226330.3134395 125191072.778178 27152742.3506049 16177497.423859 17599.1250457548 416772.818869536 1559482338.90892 1754826333.41264 933463728.805816 1282576988.05064 263545570.422166 175163299.168034 0 0.000911626308299522
23 40227.1811304628 796806.849841649 1.49456802230931 136070680.863451 159389254.06489 82696482.933633 114743239.334668 24886707.5342381 14827402.7656179 17599.1243403609 416772.818869536 1571872121.68349 1769339366.06547 940993576.185622 1293024821.49415 265811605.238533 176513393.826275 0 0.000206232462953277
24 40227.1811304628 796807.251421569 1.49568455115237 124714888.558596 146087407.89714 75795039.6647582 105167330.799469 22809784.8634824 13589980.3822042 27336.6017845371 416772.818869536 1583227913.98834 1782641212.23322 947895019.454497 1302600730.02935 267888527.909288 177750816.209689 0 4.66071403645852e-05
25 40227.1811304628 796807.420796235 1.4965273839884 114306817.997535 133895695.527839 69469570.9887505 96390600.0311535 20906196.1814447 12455829.7096087 27336.6017427167 416772.818869536 1593635984.5494 1794832924.60252 954220488.130505 1311377460.79767 269792116.591326 178884966.882284 0 4.78672174421815e-06
26 40227.1811304628 796807.492227516 1.49716335682444 104767336.404668 122721423.115851 63671984.2365248 88346317.3642835 19161468.4640301 11416327.7768257 27336.6017383392 416772.818869536 1603175466.14227 1806007197.01451 960018074.88273 1319421743.46454 271536844.30874 179924468.815067 0 4.09178683957611e-07
27 40227.1811304628 796807.522362832 1.49764315397238 96023971.0155352 112479698.164175 58358234.3375989 80973369.2679739 17562346.7728357 10463577.343529 27336.6017379671 416772.818869536 1611918831.5314 1816248921.96618 965331824.781656 1326794691.56084 273135965.999935 180877219.248364 0 3.71706817496854e-08
28 40227.1811304628 796807.535083652 1.49800505906986 88010284.7859365 103092698.243688 53487944.4094804 74215731.905091 16096680.0751927 9590338.87209967 27336.6017379331 416772.818869536 1619932517.761 1825635921.88667 970202114.709775 1333552328.92373 274601632.697578 181750457.719793 0 3.12128826565635e-09
29 40227.1811304628 796807.540480771 1.4982780290012 80665367.8602824 94489075.3139008 49024096.6993271 68022042.3068201 14753328.2360447 8789975.11375288 27336.6017379283 416772.818869536 1627277434.68665 1834239544.81646 974665962.419928 1339746018.522 275944984.536726 182550821.47814 0 -1.64867562939139e-09
30 40227.1811304628 796807.542633588 1.4984838541907 73933428.7333313 86603476.8216601 44932784.1139154 62345253.6148804 13522087.243293 8056406.55809102 27336.6017379278 416772.818869536 1634009373.81361 1842125143.3087 978757275.00534 1345422807.21394 277176225.529477 183284390.033802 0 -2.15311830508235e-09
31 40227.1811304628 796807.543619232 1.49863905710494 67763304.2791885 79375971.7633128 41182912.4414686 57142221.9075807 12393599.5943321 7384058.04175361 27336.6017379278 416772.818869536 1640179498.26775 1849352648.36705 982507146.677786 1350625838.92124 278304713.178438 183956738.55014 0 -2.19508621556264e-09
32 40227.1811304628 796807.544021578 1.49875610149302 62108096.3953987 72751625.060119 37745979.5233679 52373399.7955772 11359287.8399107 6767819.15410964 37074.0793417294 416772.818869536 1645834706.15154 1855976995.07024 985944079.595887 1355394661.03324 279339024.93286 184572977.437784 0 0
33 40227.1811304628 796807.544215051 1.49884430839193 56924940.4733537 66680226.351195 34595934.5428486 48002641.1817584 10411312.2384236 6203019.00785123 37074.0793417294 416772.818869536 1651017862.07359 1862048393.77916 989094124.576406 1359765419.64706 280287000.534347 185137777.584042 0 0
34 40227.1811304628 796807.544297201 1.49891081707067 52174288.1507273 61115449.8304916 31708742.1202874 43996596.4336033 9542439.57460048 5685348.08168244 37074.0793417294 416772.818869536 1655768514.39621 1867613170.29987 991981316.998967 1363771464.39521 281155873.19817 185655448.510211 0 0
35 40227.1811304628 796807.544331794 1.49896096259471 47820088.5004238 56015066.4862798 29062492.4301554 40324865.1729426 8746076.29813881 5210877.96418701 37074.0793417294 416772.818869536 1660122714.04651 1872713553.64408 994627566.689099 1367443195.65587 281952236.474632 186129918.627707 0 0
36 40227.1811304628 796807.544346762 1.49899877686194 43829253.7650055 51340318.2779358 26637076.5029752 36959545.7500852 8016170.80896512 4776003.1357701 37074.0793417294 416772.818869536 1664113548.78193 1877388301.85242 997052982.61628 1370808515.07873 282682141.963806 186564793.456124 0 0
37 40227.1811304628 796807.544352345 1.49902728711122 40171461.5487185 47055686.4294085 24414066.0082125 33875068.4398622 7347177.2790577 4377419.41384212 37074.0793417294 416772.818869536 1667771340.99822 1881672933.70095 999275993.111042 1373892992.38896 283351135.493713 186963377.178052 0 0
38 40227.1811304628 796807.544353771 1.49904877120832 36818945.4261662 43128646.1542859 22376585.9974261 31048018.8698716 6734017.35572709 4012101.13578342 37074.0793417294 416772.818869536 1671123857.12077 1885599973.97607 1001313473.12183 1376720041.95895 283964295.417044 187328695.45611 0 0
39 40227.1811304628 796807.544355772 1.49906496986269 33746213.5279248 39529337.0151365 20509143.8756545 28456900.7144109 6172028.69220743 3677270.49367244 37074.0793417294 416772.818869536 1674196589.01902 1889199283.11522 1003180915.2436 1379311160.11441 284526284.080563 187663526.098221 0 0
40 40227.1811304628 796807.544356661 1.49907718300674 30929913.419374 36230404.6464858 18797547.2819954 26082021.7519253 5656940.2346103 3370382.81034967 46811.5569455309 416772.818869536 1677012889.12756 1892498215.48387 1004892511.83726 1381686039.07689 285041372.53816 187970413.781544 0 0
41 40227.1811304628 796807.544356881 1.49908638652272 28348695.9191185 33206841.2356595 17228821.3257251 23905379.0282524 5184847.31493439 3089111.69993054 46811.5569455309 416772.818869536 1679594106.62782 1895521778.8947 1006461237.79353 1383862681.80056 285513465.457836 188251684.891963 0 0
42 40227.1811304628 796807.544356975 1.49909332540955 25982864.8027376 30435575.1959027 15790995.6949708 21910363.4650929 4752147.5834775 2831310.89658766 46811.5569455309 416772.818869536 1681959937.7442 1898293044.93445 1007899063.42429 1385857697.36372 285946165.189293 188509485.695306 0 0
43 40227.1811304628 796807.544357014 1.49909855675702 23814467.5954244 27895577.5182482 14473159.8356216 20081836.4219964 4355557.61439652 2595024.14807834 46811.5569455309 416772.818869536 1684128334.95151 1900833042.61211 1009216899.28363 1387686224.40682 286342755.158374 188745772.443815 0 0
44 40227.1811304628 796807.544357031 1.49910250146205 21827026.5976926 25567546.7028196 13265299.4831371 18405902.8805517 3992063.71153481 2378455.90604945 46811.5569455309 416772.818869536 1686115775.94924 1903161073.42754 1010424759.63612 1389362157.94826 286706249.061236 188962340.685844 0 0
45 40227.1811304628 796807.544357037 1.49910547547399 20005441.2139112 23433794.3493072 12158237.3030544 16869829.0817477 3658904.04475616 2179960.68293526 46811.5569455309 416772.818869536 1687937361.33302 1905294825.78105 1011531821.8162 1390898231.74707 287039408.728014 189160835.908958 0 0
46 40227.1811304628 796807.544357039 1.49910771649217 18335883.731826 21478123.0761175 11143569.5513546 15461954.6408009 3353549.58849421 1998031.6952199 46811.5569455309 416772.818869536 1689606918.81511 1907250497.05424 1012546489.5679 1392306106.18801 287344763.184276 189342764.896674 0 0
47 40227.1811304628 796807.544357041 1.49910940614496 16805659.1651893 19685662.3440899 10213580.8943089 14171574.3577656 3073678.48760797 1831285.59071459 46811.5569455309 416772.818869536 1691137143.38174 1909042957.78627 1013476478.22495 1393596486.47105 287624634.285163 189509511.001179 0 0
48 40227.1811304628 796807.544357042 1.49911068005464 15403137.973164 18042789.6459556 9361203.51893019 12988881.4823621 2817163.75206746 1678455.11709962 56549.0345493324 416772.818869536 1692539664.57377 1910685830.4844 1014328855.60032 1394779179.34645 287881149.020703 189662341.474794 0 0
49 40227.1811304628 796807.544357042 1.49911164002792 14117688.5044691 16537051.3733663 8579976.07613779 11904910.7466891 2582060.9012957 1538381.76047171 56549.0345493324 416772.818869536 1693825114.04246 1912191568.75699 1015110083.04311 1395863150.08212 288116251.871475 189802414.831422 0 0
50 40227.1811304628 796807.544357042 1.4991123637824 12939501.4558691 15156957.1926535 7863936.99601476 10911390.3377321 2366575.85842625 1409996.6168686 56549.0345493324 416772.818869536 1695003301.09106 1913571662.9377 1015826122.12324 1396856670.49108 288331736.914344 189930799.975025 0 0
51 40227.1811304628 796807.544357043 1.49911290942953 11859636.7443786 13892034.9495717 7207652.9742274 10000781.422914 2169073.52301589 1292325.49985761 56549.0345493324 416772.818869536 1696083165.80256 1914836585.18078 1016482406.14502 1397767279.4059 288529239.249755 190048471.092036 0 0
52 40227.1811304628 796807.544357043 1.49911332087365 10869888.4673065 12732672.487405 6606136.9019618 9166164.27602748 1988053.07285199 1184474.22544934 56549.0345493324 416772.818869536 1697072914.07963 1915995947.64295 1017083922.21729 1398601896.55278 288710259.699919 190156322.366444 0 0
53 40227.1811304628 796807.544357043 1.49911363107017 9962736.50717101 11670060.9583675 6054818.45397935 8401197.46749662 1822139.11271199 1085623.33856323 56549.0345493324 416772.818869536 1697980066.03976 1917058559.17199 1017635240.66527 1399366863.36132 288876173.660058 190255173.25333 0 0
54 40227.1811304628 796807.544357043 1.49911386481336 9131294.64603881 10696134.0462418 5549512.5552867 7700074.11116909 1670072.18471238 995022.459130771 56549.0345493324 416772.818869536 1698811507.9009 1918032486.08411 1018140546.56396 1400067986.71764 289028240.588058 190345774.132763 0 0
55 40227.1811304628 796807.544357043 1.49911404104707 8369240.76335873 9803486.20214433 5086376.95911221 7057463.00279946 1530696.00181063 911982.675865929 56549.0345493324 416772.818869536 1699573561.78358 1918925133.92821 1018603682.16014 1400710597.82601 289167616.77096 190428813.916028 0 0
56 40227.1811304628 796807.544357043 1.49911417391727 7670783.3329778 8985333.40010011 4661891.88558392 6468480.36825453 1402951.32026201 835872.895498992 56549.0345493324 416772.818869536 1700272019.21396 1919743286.73026 1019028167.23367 1401299580.46056 289295361.452509 190504923.696395 0 0
57 40227.1811304628 796807.544357043 1.49911427412925 7030609.33850704 8235452.12661084 4272828.36747428 5928645.94251881 1285866.41357732 766114.167197941 56549.0345493324 416772.818869536 1700912193.20843 1920493168.00375 1019417230.75178 1401839414.88629 289412446.359193 190574682.424696 0 0
58 40227.1811304628 796807.544357043 1.49911434944421 6443867.12806771 7548159.2972014 3916237.83023188 5433868.51175285 1178553.93673413 702177.814277774 56549.0345493324 416772.818869536 1701498935.41887 1921180460.83315 1019773821.28902 1402334192.31706 289519758.836036 190638618.777616 0 0
59 40227.1811304628 796807.544357044 1.49911440572088 5906106.719843 6918242.33207221 3589415.81288806 4980395.57523129 1080200.00833414 643578.9293927 56549.0345493324 416772.818869536 1702036695.82709 1921810377.79828 1020100643.30636 1402787665.25358 289618112.764436 190697217.662501 0 0
60 40227.1811304628 796807.544357045 1.49911444851928 5413220.63709902 6340889.85195662 3289866.01074688 4564763.4537622 990053.389598142 589869.92742374 56549.0345493324 416772.818869536 1702529581.90984 1922387730.2784 1020400193.1085 1403203297.37505 289708259.383172 190750926.66447 0 0
61 40227.1811304628 796807.544357044 1.49911448105789 4961459.95514664 5811710.47506724 3015310.02787022 4183810.82148079 907428.419282168 540642.294090295 56549.0345493324 416772.818869536 1702981342.59179 1922916909.65529 1020674749.09138 1403584250.00733 289790884.353488 190800154.297803 0 0
62 40227.1811304628 796807.544357043 1.49911450560193 4547400.81952137 5326693.59746159 2763667.02861814 3834650.47190163 831698.8900052 495522.937490172 56549.0345493324 416772.818869536 1703395401.72741 1923401926.53289 1020926392.09063 1403933410.35691 289866613.882765 190845273.654403 0 0
63 40227.1811304628 796807.544357043 1.49911452410257 4167897.03351211 4882153.85544678 2533024.92288445 3514629.33678163 762289.376724184 454169.02163902 56549.0345493324 416772.818869536 1703774905.51342 1923846466.27491 1021157034.19637 1404253431.49203 289936023.396046 190886627.570255 0 0
64 40227.1811304628 796807.544357042 1.4991145380497 3820064.77342517 4474713.22148245 2321631.0768515 3221315.59708243 698672.441225466 416266.30091728 56549.0345493324 416772.818869536 1704122737.77351 1924253906.90887 1021368428.0424 1404546745.23173 289999640.331545 190924530.290976 0 0
65 40227.1811304628 796807.544357043 1.49911454856399 3501260.89060905 4101275.58780115 2127879.12612131 2952480.38589171 640364.663663994 381526.75567681 56549.0345493324 416772.818869536 1704441541.65633 1924627344.54256 1021562179.99313 1404815580.44292 290057948.109107 190959269.836217 0 0
66 40227.1811304628 796807.544357043 1.49911455648787 3209063.03201373 3759003.48020728 1950296.89405457 2706081.02484548 586923.006704183 349686.426010262 56549.0345493324 416772.818869536 1704733739.51492 1924969616.65015 1021739762.2252 1405061979.80397 290111389.766066 190991110.165883 0 0
67 40227.1811304628 796807.544357036 1.49911456246153 2941250.67025241 3445295.83724098 1787534.86285671 2480245.02749937 537941.346004653 320503.344627497 56549.0345493324 416772.818869536 1705001551.87668 1925283324.29311 1021902524.25639 1405287815.80131 290160371.426766 191020293.247266 0 0
68 40227.1811304628 796807.54435701 1.49911456697591 2695788.14316614 3157768.14321536 1638355.86593226 2273255.79723737 493047.368231871 293755.688704272 56549.0345493324 416772.818869536 1705247014.40377 1925570851.98714 1022051703.25332 1405494805.03157 290205265.404539 191047040.903189 0 0
69 40227.1811304628 796807.544356944 1.49911457038501 2470810.55625063 2894235.91472767 1501626.52013381 2083540.73932355 451899.992678251 269240.243692421 56549.0345493324 416772.818869536 1705471991.99068 1925834384.21563 1022188432.59912 1405684520.08949 290246412.780092 191071556.348201 0 0
70 40227.1811304628 796807.544356814 1.49911457294463 2264608.56605443 2652696.87637268 1376307.9779252 1909658.42931945 414186.58821502 246770.745191276 56549.0345493324 416772.818869536 1705678193.98088 1926075923.25398 1022313751.14132 1405858402.39949 290284126.184556 191094025.846702 0 0
71 40227.1811304628 796807.544356655 1.49911457486601 2075614.99857689 2431315.28592163 1261447.79475938 1750287.32888709 379620.525858164 226176.420776066 56549.0345493324 416772.818869536 1705867187.54836 1926297304.84443 1022428611.32449 1406017773.49992 290318692.246912 191114620.171118 0 0
72 40227.1811304628 796807.544356529 1.49911457628678 1902394.36653515 2228409.65515251 1156173.55823397 1604216.94609821 347939.261524338 207300.847711393 56549.0345493324 416772.818869536 1706040408.1804 1926500210.4752 1022533885.56102 1406163843.88271 290350373.511246 191133495.744182 0 0
