"Time" "IECs" "pheme_e" "BiomassCD" "pro_L_e" "leu_L_e" "ile_L_e" "val_L_e" "trp_L_e" "cys_L_e" "Drug" "Damage" "pro_L_v" "leu_L_v" "ile_L_v" "val_L_v" "trp_L_v" "cys_L_v" "CD" "pheme_c"
0 457000 1e+05 0.4963 224235600.199112 195370466.451958 120509812.093413 157438605.791629 18978882.6152 31300034.1459915 0 0 0 0 0 0 0 0 45700000 1000
1 315068.62075752 164423.23084289 0.594123777894521 444852441.285088 488359052.680683 263811268.330428 360326218.966789 71470650.6649559 50882670.4566203 0 141931.37924248 287518416.544091 297304020.040749 166016210.670577 224161136.525199 40046935.846566 34919013.3184835 48532264.0534943 954.225757623887
2 211689.191024361 285706.447221493 0.697811933054969 536404946.374509 607368004.456582 322554053.413133 443245537.678807 92321713.5660919 59371977.7504251 0 245310.808975639 565661298.671975 608250116.525058 332317297.961026 452110324.923551 86598106.7003939 66127407.0422117 52252903.1945793 1446.69017434651
3 137537.068880235 397387.157528333 0.803528930589155 590571610.559476 676018047.837383 356765346.464232 491407693.427654 103984909.751283 64683408.3658526 0 319462.931119765 776158192.935951 847998749.141678 459214619.883688 626705358.621418 123280372.73463 89290391.3301286 57057136.0358869 1777.01605019208
4 85600.7058400438 482406.61608259 0.907130712475216 630053914.843945 725313247.115522 381379972.832942 526086243.200277 112133235.699821 68754356.1348214 0 371399.294159956 921377555.853426 1014706883.74769 547034739.467076 747755473.230678 148992187.945508 105163006.968593 63165454.9579939 1932.78727895636
5 50463.6605798581 538703.047048593 1.00479456243296 660791015.074378 763794982.219124 400383352.171007 553036977.380342 118375006.478586 72066625.1958264 0 406536.339420142 1014711473.67959 1122360119.8812 603559917.051281 825775470.151232 165656628.352718 115343363.287499 70824623.4204653 1964.43009606272
6 27805.9952497542 569112.269072132 1.09354975858329 683946805.38579 793565628.156449 414631132.825007 573575393.255494 123146641.173626 74692437.4894904 0 429194.004750245 1070385397.86637 1186822704.05178 637302539.855842 872413751.910415 175653717.709134 121418094.480595 80308689.3364463 1918.18009998711
7 14098.8153181602 578122.285907298 1.17156377573887 699618947.490801 815162771.807065 424250785.501936 587965573.397122 126581589.773529 76625184.0481996 0 442901.184681839 1100849491.16126 1222233721.73667 655773450.788339 897985410.869569 181150671.18998 124748905.015618 91917622.9073434 1826.73776165719
8 6460.5995698716 570634.785407366 1.23815230808526 708223118.479715 829342464.562799 429530624.357426 596668523.41955 128823726.375622 77905572.5158879 9737.47760380151 450539.400430128 1115912349.72054 1239821368.27806 664908260.976178 910657570.135937 183882179.474589 126401591.395273 105972250.054157 1711.63877382042
9 5799.18721312654 721610.185165363 1.29357881099944 701054902.543515 821540221.309136 425188364.968708 590836885.180245 127614770.656644 77168284.7510381 7072.93437265119 451200.812786873 1124918730.51745 1250374425.52343 670370602.471232 918247575.722617 185521443.455851 127392861.505113 358287.867063739 1107.58104188273
10 5794.55313126177 803209.757109188 1.33875777621736 692320286.202848 811308992.013229 419890874.374236 583477092.997026 126025512.71629 76207222.2018819 6160.49772480383 451205.446868738 1133665880.7011 1260624927.96581 675675731.507595 925619536.471447 187113715.675727 128355703.541705 15760.4880370767 401.973168840739
11 5794.29615676664 838198.364249475 1.37495906409547 683685026.788859 801189852.845457 414653608.759444 576199516.766858 124453646.99278 75256717.6824999 5873.8424238769 451205.703843233 1142301830.45986 1270745135.89051 680913417.849744 932897785.432947 188685748.542328 129306306.739293 1259.17520463815 133.713974076133
12 5794.27415802359 853135.578707449 1.40357100159953 675156994.387891 791196131.337713 409481374.244937 569012226.402366 122901262.114245 74317995.3661634 5782.18532802297 451205.725841976 1150829921.71551 1280738948.89103 686085688.233677 940085133.281281 190238147.729007 130245037.503147 119.329359263142 43.8513727717723
13 5794.27202605303 859508.811959547 1.42594016112122 666735297.734912 781327001.053245 404373631.991949 561914547.066058 121368230.653895 73390976.1849043 5752.48842129975 451205.727973947 1159251624.05979 1290608088.04236 691193433.955307 947182818.18307 191771180.575984 131172057.503083 11.9491405652984 14.3360401028763
14 5794.27181090136 862227.747217823 1.44328047208915 658418646.871665 771580968.777831 399329599.786246 554905398.05685 119854320.740577 72475519.7591465 5742.81691222255 451205.728189098 1167568275.49699 1300354121.21259 696237466.510818 954191967.753757 193285090.629235 132087514.011459 1.21986095112547 4.68313565906847
15 5794.27178887205 863387.662431208 1.45663402702994 650205734.966742 761956504.860589 394348485.050901 547983678.621548 118359294.771952 71571482.3954173 5739.66139082199 451205.728211128 1175781187.46072 1309978585.22145 701218581.281998 961113687.246562 194780116.612188 132991551.383647 0.125470909360222 1.52952974879449
16 5794.27178660327 863882.486534276 1.46686524286878 642095268.362068 752452093.482704 389429503.186243 541148298.547474 116882917.287509 70678721.7098885 15476.1087926618 451205.728213397 1183891654.07145 1319482996.60877 706137563.150351 967949067.326563 196256494.098107 133884312.070047 0.0129495889011831 0.499525468087771
17 5794.27178659049 864093.58001764 1.47467367037842 634085969.226821 743066237.210922 384571879.190561 534398180.904262 115424955.681994 69797097.046753 15475.6336887747 451205.72821341 1191900953.20673 1328868852.8806 710995187.146053 974699184.969808 197714455.70363 134765936.733188 -3.8676587828615e-08 0.0244227199459054
18 5794.27178659049 864183.633092467 1.48061531229089 626176575.623395 733797457.220908 379774847.701225 527732262.150563 113985180.240724 68926469.4982639 15475.6104602289 451205.72821341 1199810346.81016 1338137632.87062 715792218.635389 981365103.723508 199154231.144901 135636564.281677 -3.8676587828615e-08 0.00119417414295193
19 5794.27178659049 864222.050056429 1.48512622882633 618365841.366192 724644293.145331 375037652.909147 521149492.019778 112563364.116041 68066701.8903776 15475.6093244293 451205.72821341 1207621081.06736 1347290796.94619 720529413.427466 987947873.854293 200576047.269583 136496331.889563 -3.8676587828615e-08 5.83746004539146e-05
20 5794.27178659049 864238.439364387 1.48854508137617 610652535.545866 715605302.518626 370359548.270259 514648833.119903 111159283.24108 67217658.7305849 15475.6092688409 451205.72821341 1215334386.88769 1356329787.5729 725207518.066355 994448532.754168 201980128.144544 137345375.049356 -3.8676587828615e-08 2.78615672015439e-06
21 5794.27178659049 864245.43947563 1.49113332502858 603035439.760299 706679057.53207 365739794.826097 508229258.599836 109772715.825708 66379205.9031112 15475.6092662041 451205.72821341 1222951482.67325 1365256032.55945 729827271.510516 1000868107.27424 203366695.559916 138183827.87683 -3.8676587828615e-08 1.49317983207603e-07
22 5794.27178659049 864248.394984557 1.49308896270782 595513365.266662 697864165.133769 361177671.606502 501889766.604883 108403445.478781 65551212.5569322 15475.6092659983 451205.72821341 1230473557.16689 1374070924.95776 734389394.730111 1007207599.26919 204735965.906843 139011821.223009 -3.8676587828615e-08 -5.64469707177902e-08
23 5794.27178659049 864249.706419611 1.49456728383119 588085114.694343 689159222.161188 356672452.408578 495629348.00898 107051254.238609 64733546.8913191 15475.6092659601 451205.72821341 1237901807.73921 1382775867.93034 738894613.928036 1013468017.86509 206088157.147016 139829486.888622 -3.8676587828615e-08 -9.46290813577132e-08
24 5794.27178659049 864250.246127068 1.49568383637901 580749521.766296 680562861.889407 352223429.887616 489447019.89126 105715929.803574 63926080.5281717 25213.0868697615 451205.72821341 1245237400.66725 1391372228.20212 743343636.448998 1019650345.98281 207423481.58205 140636953.251769 0 0
25 5794.27178659049 864250.468643478 1.49652799707471 573505455.727828 672073759.221081 347829918.243144 483341829.268563 104397266.338323 63128688.9995174 25213.0868697615 451205.72821341 1252481466.70572 1399861330.87045 747737148.09347 1025755536.60551 208742145.047301 141434344.780423 0 0
26 5794.27178659049 864250.56031891 1.4971638118538 566351717.731392 663690509.262898 343491190.376509 477312765.770087 103095045.612313 62341240.3420535 25213.0868697615 451205.72821341 1259635204.70215 1408244580.82863 752075875.960104 1031784600.10398 210044365.773311 142221793.437887 0 0
27 5794.27178659049 864250.600443685 1.49764230826706 559287237.226898 655411857.469475 339206597.001212 471358927.152212 101809072.749451 61563616.7148374 25213.0868697615 451205.72821341 1266699685.20665 1416523232.62205 756360469.335402 1037738438.72186 211330338.636173 142999417.065103 0 0
28 5794.27178659049 864250.62561304 1.49800439197878 552310860.560444 647236451.908571 334975438.428455 465479341.132666 100539137.745955 60795691.1292627 25213.0868697615 451205.72821341 1273676061.8731 1424698638.18296 760591627.908159 1043618024.7414 212600273.639668 143767342.650678 0 0
29 5794.27178659049 864250.633718145 1.49827745611902 545421505.08492 639163023.858667 330797058.034918 459673095.272642 99285043.5236697 60037344.4128055 25213.0868697615 451205.72821341 1280565417.34863 1432772066.23286 764770008.301696 1049424270.60143 213854367.861954 144525689.367135 0 0
30 5794.27178659049 864250.630704646 1.49848322462488 538618085.597298 631190301.603042 326670797.647124 453939274.979241 98046592.5391726 59288457.1115988 25213.0868697615 451205.72821341 1287368836.83625 1440744788.48849 768896268.68949 1055158090.89483 215092818.846451 145274576.668342 0 0
31 5794.27178659049 864250.628524264 1.49863808157223 531899531.476381 623317030.512979 322596007.935446 448276977.948913 96823589.9034266 58548911.3768724 25213.0868697615 451205.72821341 1294087390.95717 1448618059.57855 772971058.401168 1060820387.92516 216315821.482197 146014122.403068 0 0
32 5794.27178659049 864250.633229556 1.49875542454571 525264781.849885 615541967.384223 318572045.482955 442685310.094351 95615842.5020242 57818590.4329693 34950.564473563 451205.72821341 1300722140.58366 1456393122.7073 776995020.853659 1066412055.77972 217523568.8836 146744443.346971 0 0
33 5794.27178659049 864250.632430709 1.49884440993407 518712755.693887 607863845.397418 314598254.65079 437163360.344742 94423153.5522821 57097375.2860379 34950.564473563 451205.72821341 1307274166.73966 1464071244.6941 780968811.685824 1071934005.52933 218716257.833342 147465658.493902 0 0
34 5794.27178659049 864250.632185605 1.49891124706628 512242387.078675 600281415.421659 310673988.954702 431710230.350452 93245329.0191707 56385148.603724 34950.564473563 451205.72821341 1313744535.35487 1471653674.66986 784893077.381912 1077387135.52362 219894082.366453 148177885.176216 0 0
35 5794.27178659049 864250.632129981 1.49896141097373 505852744.010258 592793585.281278 306798683.142188 426325134.64087 92082199.248463 55681807.7966656 34950.564473563 451205.72821341 1320134178.42329 1479141504.81025 788768383.194426 1082772231.2332 221057212.137161 148881225.983275 0 0
36 5794.27178659049 864250.632056892 1.49899885711152 499542886.65053 585399253.608323 302971767.203307 421007281.134483 90933593.1580392 54987249.4120587 34950.564473563 451205.72821341 1326444035.78301 1486535836.4832 792595299.133307 1088090084.73959 222205818.227585 149575784.367882 0 0
37 5794.27178659049 864250.631913284 1.49902649696327 493311857.940435 578097298.854128 299192660.683645 415755863.236216 89799336.5309875 54301368.1015008 34950.564473563 451205.72821341 1332675064.49311 1493837791.2374 796374405.65297 1093341502.63786 223340074.854637 150261665.678439 0 0
38 5794.27178659049 864250.631603193 1.49904809271726 487158446.878341 570886301.882381 295460629.11312 410569860.331991 88679208.9243141 53624030.5638272 34950.564473563 451205.72821341 1338828475.5552 1501048788.20914 800106437.223494 1098527505.54208 224460202.46131 150939003.216113 0 0
39 5794.27178659049 864250.631243683 1.49906463464534 481081785.720583 563765245.810431 291775146.206925 405448541.100409 87573052.3795099 52955141.2820387 34950.564473563 451205.72821341 1344905136.71296 1508169844.28109 803791920.129689 1103648824.77366 225566359.006114 151607892.497901 0 0
40 5794.27178659049 864250.630959971 1.49907737662045 475080921.712171 556733014.13342 288135634.121054 400391102.573801 86480693.4631484 52294595.3815037 44688.0420773645 451205.72821341 1350906000.72137 1515202075.9581 807431432.21556 1108706263.30027 226658717.922476 152268438.398436 0 0
41 5794.27178659049 864250.631481157 1.49908661634565 469154870.042803 549788452.781836 284541495.570018 395396714.768759 85401952.9066588 51642284.4590979 44688.0420773645 451205.72821341 1356832052.39074 1522146637.30968 811025570.766596 1113700651.10531 227737458.478966 152920749.320842 0 0
42 5794.27178659049 864250.631604298 1.4990935364697 463302663.235838 542930427.998959 280992143.781158 390464562.310424 84336654.596779 50998102.0197017 44688.0420773645 451205.72821341 1362684259.1977 1529004662.09256 814574922.555456 1118632803.56365 228802756.788846 153564931.760238 0 0
43 5794.27178659049 864250.631549289 1.49909866346838 457523597.561579 536158115.105168 277487151.943812 385594052.105922 83284670.4310544 50361970.6001756 44688.0420773645 451205.72821341 1368463324.87196 1535776974.98635 818079914.392802 1123503313.76815 229854740.95457 154201063.179764 0 0
44 5794.27178659049 864250.631577114 1.49910264499835 451816307.258107 529469913.605233 274025691.726094 380784033.111516 82245751.7949179 49733739.8640956 44688.0420773645 451205.72821341 1374170615.17543 1542465176.48629 821541374.61052 1128313332.76255 230893659.590706 154829293.915844 0 0
45 5794.27178659049 864250.631725758 1.49910545130928 446180620.391411 522865622.014864 270607658.850366 376034360.423787 81219867.3906008 49113390.8858023 44688.0420773645 451205.72821341 1379806302.04213 1549069468.07666 824959407.486249 1133063005.45028 231919543.995024 155449642.894137 0 0
46 5794.27178659049 864250.632224143 1.49910745428953 440615357.948573 516343858.68436 267232338.247639 371344040.388266 80206802.5981303 48500793.885293 44688.0420773645 451205.72821341 1385371564.48497 1555591231.40716 828334728.088975 1137753325.48581 232932608.787494 156062239.894647 0 0
47 5794.27178659049 864250.633277881 1.49910904485438 435119446.21667 509903365.361904 263899078.713163 366712168.095743 79206361.9656707 47895830.6734753 44688.0420773645 451205.72821341 1390867476.21687 1562031724.72962 831667987.623452 1142385197.77833 233933049.419954 156667203.106464 0 0
48 5794.27178659049 864250.635218495 1.49911048428399 429691917.418752 503543007.938856 260607293.29214 362137927.918265 78218369.3252938 47298394.7221733 54425.519681166 451205.72821341 1396295005.01479 1568392082.15266 834959773.044474 1146959437.95581 234921042.060331 157264639.057766 0 0
49 5794.27178659049 864250.633263301 1.4991115014496 424332067.044148 497261960.820392 257356554.70025 357620726.104763 77242696.4323812 46708408.4822814 54425.519681166 451205.72821341 1401654855.38939 1574673129.27112 838210511.636364 1151476639.76931 235896714.953244 157854625.297658 0 0
50 5794.27178659049 864250.632795279 1.49911226348538 419038977.219264 491059148.378111 254146306.248984 353159789.085088 76279176.2030928 46125770.9187425 54425.519681166 451205.72821341 1406947945.21428 1580875941.7134 841420760.08763 1155937576.78899 236860235.182532 158437262.861197 0 0
51 5794.27178659049 864250.633000435 1.49911282787372 413812044.148915 484933863.042632 250976181.737762 348754607.989677 75327698.7264132 45550415.5687212 54425.519681166 451205.72821341 1412174878.28463 1587001227.04888 844590884.598852 1160342757.8844 237811712.659212 159012618.211218 0 0
52 5794.27178659049 864250.632896975 1.49911326655696 408650019.586926 478884642.031884 247845424.107763 344404130.815306 74388036.77959 44982205.0313548 54425.519681166 451205.72821341 1417336902.84662 1593050448.05963 847721642.22885 1164693235.05877 238751374.606035 159580828.748585 0 0
53 5794.27178659049 864250.632075737 1.49911357403768 403552769.05423 472911327.753901 244753951.797701 340108244.225027 73460165.8829137 44421124.5038421 54425.519681166 451205.72821341 1422434153.37931 1599023762.33762 850813114.538913 1168989121.64905 239679245.502711 160141909.276097 0 0
54 5794.27178659049 864250.629267788 1.49911378870244 398519251.444717 467012700.167807 241701133.378789 335866070.790164 72543896.5200841 43867059.3862901 54425.519681166 451205.72821341 1427467670.98883 1604922389.92371 853865932.957825 1173231295.08391 240595514.865541 160695974.393649 0 0
55 5794.27178659049 864250.6234922 1.49911395244909 393548524.343433 461187654.885924 238686397.278233 331676816.257476 71639057.139909 43319905.942248 54425.519681166 451205.72821341 1432438398.09011 1610747435.20559 856880669.058381 1177420549.6166 241500354.245716 161243127.837691 0 0
56 5794.27178659049 864250.613767052 1.49911410714868 388639645.475808 455435087.68508 235709172.00838 327539686.492033 70745476.21675 42779560.4507177 54425.519681166 451205.72821341 1437347276.95773 1616500002.40644 859857894.328234 1181557679.38204 242393935.168875 161783473.329222 0 0
57 5794.27178659049 864250.597718188 1.49911425698791 383791869.971129 449754125.673733 232769005.806624 323454053.727927 69863018.159105 42245940.9199566 54425.519681166 451205.72821341 1442195052.46241 1622180964.41778 862798060.52999 1185643312.14615 243276393.22652 162317092.859983 0 0
58 5794.27178659049 864250.572194218 1.4991143851157 379004563.16195 444144025.104234 229865513.748421 319419383.076918 68991567.4361701 41718977.4888618 54425.519681166 451205.72821341 1446982359.27159 1627791064.98728 865701552.588193 1189677982.79716 244147843.949455 162844056.291077 0 0
59 5794.27178659049 864250.534855171 1.49911449664406 374276975.330421 438603907.404828 226998241.131388 315435042.688004 68130987.5741013 41198587.6321415 54425.519681166 451205.72821341 1451709947.10312 1633331182.68669 868568825.205227 1193662323.18607 245008423.811523 163364446.147798 0 0
60 5794.27178659049 864250.479984695 1.49911459004712 369608364.109039 433132902.617412 224166737.711108 311500406.904944 67281143.4370648 40684689.6335946 54425.519681166 451205.72821341 1456378558.3245 1638802187.4741 871400328.625506 1197596958.96913 245858267.94856 163878344.146345 0 0
61 5794.27178659049 864250.396402559 1.49911465305713 364997999.025101 427730154.723041 221370560.457341 307614860.096259 66441902.0544803 40177203.0863414 54425.519681166 451205.72821341 1460988923.40844 1644204935.36847 874196505.879273 1201482505.77782 246697509.331145 164385830.693598 0 0
62 5794.27178659049 864250.276623985 1.4991146806715 360445141.560952 422394798.275132 218609261.460599 303777779.850304 65613128.9913157 39676046.6979534 54425.519681166 451205.72821341 1465541780.87259 1649540291.81638 876957804.876016 1205319586.02377 247526282.394309 164886987.081986 0 0
63 5794.27178659049 864250.249687845 1.49911467040103 355949060.448539 417125976.322694 215882397.208261 299988549.86529 64794691.1322101 39181139.9740027 54425.519681166 451205.72821341 1470037861.985 1654809113.76882 879684669.128353 1209108816.00879 248344720.253415 165381893.805937 0 0
64 5794.27178659049 864250.512205736 1.49911464717238 351509061.307778 411922875.142631 213189546.560187 296246584.928055 63986462.0766526 38692406.4805095 54425.519681166 451205.72821341 1474477861.12576 1660012214.94888 882377519.776428 1212850780.94602 249152949.308972 165870627.29943 0 0
65 5794.27178659049 864250.563498785 1.49911463091999 347124444.718523 406784675.105555 210530285.31945 292551295.577752 63188314.5066718 38209769.2287088 54425.519681166 451205.72821341 1478862477.71502 1665150414.98596 885036781.017164 1216546070.29632 249951096.878953 166353264.55123 0 0
66 5794.27178659049 864250.604650267 1.4991146185396 342794493.153445 401710535.362815 207904178.307152 288902077.093068 62400117.8081804 37733149.2366847 54425.519681166 451205.72821341 1483192429.2801 1670224554.7287 887662888.029462 1220195288.78101 250739293.577444 166829884.543255 0 0
67 5794.27178659049 864250.621488395 1.49911460922293 338518556.777696 396699694.392536 205310831.399751 285298381.802903 61621753.6893976 37262474.9737803 54425.519681166 451205.72821341 1487468365.65584 1675235395.69898 890256234.936863 1223798984.07117 251517657.696227 167300558.806159 0 0
68 5794.27178659049 864250.622804131 1.49911460233513 334296027.583532 391751439.688766 202749875.841758 281739697.287413 60853111.4724808 36797679.5134625 54425.519681166 451205.72821341 1491690894.85001 1680183650.40275 892817190.494856 1227357668.58666 252286299.913144 167765354.266477 0 0
69 5794.27178659049 864250.629509347 1.49911459719143 330126183.068995 386864924.573238 200220873.437174 278225414.632746 60094059.6377933 36338683.3262328 54425.519681166 451205.72821341 1495860739.36455 1685070165.51828 895346192.89944 1230871951.24133 253045351.747831 168224350.453707 0 0
70 5794.27178659049 864250.662121489 1.49911459315179 326008297.330745 382039298.381702 197723383.927065 274754922.058409 59344466.0465321 35885406.5081846 54425.519681166 451205.72821341 1499978625.1028 1689895791.70981 897843682.409549 1234342443.81567 253794945.339093 168677627.271755 0 0
71 5794.27178659049 864250.728400957 1.49911459006089 321941776.009611 377273864.602561 195257046.833778 271327718.647376 58604222.5053541 35437783.6351538 54425.519681166 451205.72821341 1504045146.42393 1694661225.48896 900310019.502836 1237769647.2267 254535188.880271 169125250.144786 0 0
72 5794.27178659049 864250.838974032 1.49911458759787 317925975.801156 372567869.366732 192821471.994451 267943262.232278 57873211.9112325 34995743.895319 54425.519681166 451205.72821341 1508060946.63239 1699367220.72478 902745594.342163 1241154103.6418 255266199.474392 169567289.88462 0 0
