"Time" "IECs" "pheme_e" "BiomassCD" "pro_L_e" "leu_L_e" "ile_L_e" "val_L_e" "trp_L_e" "cys_L_e" "Drug" "Damage" "pro_L_v" "leu_L_v" "ile_L_v" "val_L_v" "trp_L_v" "cys_L_v" "CD" "pheme_c"
0 457000 1e+05 0.4963 224235600.199112 195370466.451958 120509812.093413 157438605.791629 18978882.6152 31300034.1459915 0 0 0 0 0 0 0 0 45700000 1000
1 310255.981315218 167142.989107834 0.594123777887307 458099249.505429 503577498.161908 271833518.128454 371378136.902321 73826359.5837263 52321996.6881609 0 146744.018684782 291505934.477559 302101342.000059 168484650.565316 227591203.015144 40829051.6965402 35327740.632787 48532264.053654 969.686017953917
2 205052.576643445 291965.861527721 0.697811920073671 553950363.972999 627462470.971069 333159321.335514 457851614.409662 95417217.5679581 61289486.3262633 0 251947.423356556 571862842.989368 615757329.220803 336167098.484259 457466597.775767 87829620.466232 66758358.3886455 52252903.8211756 1478.36085308091
3 130868.389449658 405564.840629678 0.803528916823172 609845119.521721 698085348.219324 368405017.913657 507444950.106955 107376727.950519 66797763.0247563 0 326131.610550342 780712960.656761 853666486.511507 462079666.943301 630712468.18023 124236421.705143 89736809.5725664 57057136.6647338 1813.66486055473
4 79867.162276807 490741.91265121 0.90713069312923 649808693.082791 747954018.979993 393302151.947336 542527614.519423 115607055.420465 70930557.0490526 0 377132.837723194 922056044.999659 1015911919.56273 547550932.389117 748524528.542405 149256451.495262 105188486.782645 63165455.9298863 1966.28174723447
5 46064.9428846475 545946.298690405 1.004794540489 680183449.072454 786064167.344659 412077658.022369 569187284.279774 121784863.851976 74214883.7578228 0 410935.057115353 1010914232.85316 1118385201.65005 601359310.890086 822793833.101635 165114453.895161 114884212.320464 70824624.7076229 1990.92849635601
6 24763.7619024866 574647.810929861 1.0935497276389 702394814.375509 814815732.960286 425745187.219769 588956420.080182 126392341.284075 76751442.5659974 0 432236.238097514 1062606124.115 1178225247.73923 632683806.449084 866089763.161016 174391160.529306 120527307.009439 80308692.154802 1936.8991929402
7 12208.2220782605 581875.85884906 1.17156377284957 716831374.455564 835078495.874517 434609033.706492 602341410.302856 129614820.355691 78564524.8650649 0 444791.77792174 1090102892.65507 1210180974.95395 649352686.16027 889167014.871324 179349584.217084 123535552.002875 91917627.2996738 1838.63762185053
8 5416.45351875212 572887.799367187 1.23815232581245 724208260.980344 847950128.650109 439139675.597499 610052635.879523 131649646.432559 79726484.988701 9737.47760380151 451583.546481249 1103273205.12376 1225556307.61736 657338260.075117 900245336.053164 181736371.436104 124981631.00609 105972256.127004 1718.41953559362
9 4873.20610037253 724865.598521308 1.29357882557612 717913983.292361 841153327.182772 435327504.191569 604951099.025477 130596897.815112 79083642.6597428 7482.13229341138 452126.793899628 1111003284.01889 1234612475.09774 662025605.956224 906758788.320654 183142422.224035 125833080.343706 194162.501303387 1105.2370160465
10 4871.37742743946 805738.63433152 1.33875778798716 710381744.15997 832330192.68216 430760132.514893 598604787.056824 129227032.025754 78254095.5291208 6696.08144995985 452128.622572561 1118540196.93916 1243443215.04908 666595826.979432 913109783.240045 184513477.014358 126663329.684734 4111.942743362 410.609582488644
11 4871.32951187827 840329.668048792 1.3749590734545 702924765.040439 823593159.873438 426238381.979787 592321166.511232 127870526.334816 77432656.0524235 6430.85024890411 452128.670488122 1125997297.39444 1252180447.13862 671117651.48983 919393525.99653 185870013.857958 127484787.561007 163.340024755924 149.256230108839
12 4871.32747034663 855093.128144386 1.40357100895147 695545970.361256 814947678.301533 421764040.415013 586103409.097012 126528234.623902 76619824.3713253 6336.46120744046 452128.672529654 1133376097.21197 1260825937.20125 675591996.187423 925611288.604046 187212306.896134 128297620.026053 7.91461325054017 55.0561983383305
13 4871.32736889053 861393.274939691 1.42594016684154 688244629.084135 806392943.905354 417336664.902646 579950917.146847 125200032.250566 75815524.5800545 6301.86353932013 452128.67263111 1140677438.74351 1269380672.01939 680019371.85491 931763780.811887 188540509.335428 129101919.856283 0.411808214670123 20.468374552667
14 4871.32736356023 864081.754973906 1.44328047650678 681019931.847151 797928010.619868 412955764.678556 573863009.431952 123885772.337538 75019667.7183907 6289.02881929546 452128.67263644 1147902135.99383 1277845605.32704 684400272.087135 937851688.540309 189854769.251921 129897776.719994 0.0220227099973463 7.63418096970455
15 4871.32736327406 865229.015598238 1.45663403043595 673871074.276999 789551936.09963 408620851.988921 567839008.184296 122585308.577294 74232165.1881735 6284.24552291674 452128.672636727 1155050993.5647 1286221679.84847 688735184.777207 943875689.78869 191155233.012352 130685279.250321 0.00119275944623334 2.85091304930475
16 4871.32736325852 865718.588670327 1.46686524549038 666797260.272838 781263787.586098 404331444.095441 561878242.569734 121298496.150381 73452929.2931923 16019.9373621682 452128.672636742 1162124807.5689 1294509828.36207 693024592.670711 949836455.403292 192442045.439274 131464515.145308 6.47024604840755e-05 1.06515004834978
17 4871.32736325847 865927.505366649 1.47467367142236 659797702.125447 773062642.147345 400087063.348276 555980048.82339 120025191.763005 72681873.2611481 16018.9587683387 452128.672636742 1169124365.71629 1302710973.80082 697268973.417876 955734649.149636 193715349.82665 132235571.177352 -7.69453765458378e-09 0.0865562236841353
18 4871.32736325847 866016.656883454 1.48061531308423 652871620.262923 764947586.385369 395887237.031875 550143770.037216 118765253.601599 71918911.2161052 16018.8792460709 452128.672636742 1176050447.57881 1310826029.5628 701468799.734277 961570927.93581 194975287.988056 132998533.222395 -7.69453765458378e-09 0.00703395585209803
19 4871.32736325847 866054.700687922 1.48512622933518 646018243.427731 756917716.643813 391731497.472343 544368756.309279 117518541.365078 71163958.1980184 16018.8727837505 452128.672636742 1182903824.41401 1318855899.30436 705624539.293809 967345941.663747 196222000.224577 133753486.240482 -7.69453765458378e-09 0.000571635481596084
20 4871.32736325847 866070.935265691 1.48854504272659 639236808.414769 748972138.701085 387619381.878604 538654364.523049 116284916.217193 70416930.1338814 16018.8722585436 452128.672636742 1189685259.42697 1326801477.24708 709736654.887547 973060333.449976 197455625.372462 134500514.304619 -7.69453765458378e-09 4.6428577370984e-05
21 4871.32736325847 866077.865465632 1.49113292541593 632526559.339284 741109966.912595 383550431.898485 532999957.730502 115064240.653352 69677743.7570813 16018.8722158263 452128.672636742 1196395508.50245 1334663649.03557 713805604.867668 978714740.242524 198676300.936303 135239700.681419 -7.69453765458378e-09 3.71128778080783e-06
22 4871.32736325847 866080.824218911 1.49309007750334 625886747.757997 733330324.352679 379524193.69216 527404905.25419 113856378.522662 68946316.6207418 16018.8722124329 452128.672636742 1203035320.08374 1342443291.59549 717831843.073992 984309792.718836 199884163.066993 135971127.817759 -7.69453765458378e-09 3.17908348382945e-07
23 4871.32736325847 866082.087482254 1.49456982781895 619316628.36469 725632337.771259 375540215.32205 521868579.060117 112661194.244894 68222566.6235584 16018.8722122246 452128.672636742 1209605439.47705 1350141278.17691 721815821.444102 989846118.912909 201079347.344761 136694877.814942 -7.69453765458378e-09 1.09585435649558e-07
24 4871.32736325847 866082.608036243 1.49568424283171 612815495.958879 718015180.90879 371598069.169827 516390384.909476 111478559.535542 67506416.0821864 25756.3498159081 452128.672636742 1216106571.88286 1357758435.03938 725757967.596325 995324313.06355 202261982.054113 137411028.356314 0 0
25 4871.32736325847 866082.845597235 1.49652830012093 606382622.448623 710478000.684582 367697313.736278 510969709.273921 110308341.945865 66797784.7916086 25756.3498159081 452128.672636742 1222539445.39312 1365295615.26359 729658723.029874 1000744988.69911 203432199.64379 138119659.646892 0 0
26 4871.32736325847 866082.94351112 1.49716404344631 600017249.153471 703019908.178421 363837488.973977 505605912.849627 109150403.462702 66096589.1772442 25756.3498159081 452128.672636742 1228904818.68827 1372753707.76975 733518547.792175 1006108785.1234 204590138.126953 138820855.261256 0 0
27 4871.32736325847 866082.986361897 1.49764248143929 593718710.069455 695640123.055992 360018191.032516 500298434.426822 108004622.931866 65402755.873551 25756.3498159081 452128.672636742 1235203357.77228 1380133492.89218 737337845.733636 1011416263.5462 205735918.657789 139514688.56495 0 0
28 4871.32736325847 866083.013234259 1.49800452230559 587486278.234908 688337793.560909 356238979.098055 495046661.429587 106870868.110226 64716204.8000203 25756.3498159081 452128.672636742 1241435789.60683 1387435822.38726 741117057.668097 1016668036.54344 206869673.479429 140201239.63848 0 0
29 4871.32736325847 866083.021910026 1.49827755468869 581319269.994898 681112118.677822 352499438.617023 489850017.774524 105749014.632673 64036860.6467185 25756.3498159081 452128.672636742 1247602797.84684 1394661497.27035 744856598.149129 1021864680.1985 207991526.956982 140880583.791782 0 0
30 4871.32736325847 866083.01871419 1.49848329939389 575216998.724145 673962293.911122 348799153.234692 484707924.875265 104638937.593752 63364647.776505 25756.3498159081 452128.672636742 1253705069.11759 1401811322.03705 748556883.53146 1027006773.09776 209101603.995903 141552796.661996 0 0
31 4871.32736325847 866083.01638847 1.49863813709483 569178785.567149 666887523.868791 345137711.307764 479619810.692663 103540513.501428 62699491.4081412 25756.3498159081 452128.672636742 1259743282.27459 1408886092.07938 752218325.458388 1032094887.28036 210200028.088226 142217953.030359 0 0
32 4871.32736325847 866083.021399347 1.49875546680377 563203956.864373 659887019.246744 341514704.343656 474585107.565963 102453619.808875 62041317.3327643 35493.8274197096 452128.672636742 1265718110.97737 1415886596.70143 755841332.422496 1037129590.40706 211286921.78078 142876127.105736 0 0
33 4871.32736325847 866083.020550861 1.4988444404109 557291836.404657 652959987.751244 337929722.30254 469603245.684277 101378133.505092 61390051.0604304 35493.8274197096 452128.672636742 1271630231.43709 1422813628.19693 759426314.463612 1042111452.28875 212362408.084563 143527393.37807 0 0
34 4871.32736325847 866083.020290162 1.49891126997169 551441720.229297 646105604.577698 334382338.319076 464673631.855187 100313926.531467 60745615.0445867 35493.8274197096 452128.672636742 1277480347.61245 1429668011.37048 762973698.447075 1047041066.11784 213426615.058188 144171829.393914 0 0
35 4871.32736325847 866083.020230982 1.49896142746658 545653024.667955 639323185.859321 330872198.468189 459795774.247543 99260892.7112985 60107944.9893842 35493.8274197096 452128.672636742 1283269043.17379 1436450430.08885 766483838.297963 1051918923.72548 214479648.878356 144809499.449116 0 0
36 4871.32736325847 866083.020153444 1.49899887217492 539925147.342373 632612025.809892 327398937.480725 454969165.265923 98218922.4646862 59476974.5381501 35493.8274197096 452128.672636742 1288996920.49937 1443161590.13828 769957099.285427 1056745532.7071 215521619.124969 145440469.90035 0 0
37 4871.32736325847 866083.020001584 1.4990265077284 534257475.147361 625971406.074802 323962183.582949 450193288.275829 97187904.2603718 58852636.1525562 35493.8274197096 452128.672636742 1294664592.69438 1449802209.87337 773393853.183203 1061521409.69719 216552637.329283 146064808.285944 0 0
38 4871.32736325847 866083.019673232 1.49904809990111 528649230.28382 619400415.333167 320561465.134303 445467487.863065 96167696.6072805 58234844.1519531 35493.8274197096 452128.672636742 1300272837.55792 1456373200.61501 776794571.631849 1066247210.10996 217572844.982374 146682600.286547 0 0
39 4871.32736325847 866083.01929236 1.49906463910602 523099852.774218 612898397.47826 317196442.576517 440791292.161278 95158197.6387184 57623536.8504395 35493.8274197096 452128.672636742 1305822215.06752 1462875218.46991 780159594.189635 1070923405.81175 218582343.950937 147293907.588061 0 0
40 4871.32736325847 866083.018991276 1.4990773801982 517608727.960638 606464632.336199 313866743.194317 436164183.227563 94159295.5409672 57018646.5386423 45231.3050235111 452128.672636742 1311313339.8811 1469308983.61197 783489293.571835 1075550514.74546 219581246.048688 147898797.899858 0 0
41 4871.32736325847 866083.019536948 1.49908664447271 512175204.607247 600098356.875993 310571972.092372 431585612.296549 93170871.8463428 56420101.4778449 45231.3050235111 452128.672636742 1316746863.23449 1475675259.07218 786784064.67378 1080129085.67647 220569669.743312 148497342.960655 0 0
42 4871.32736325847 866083.019606374 1.49909356241608 506798664.366374 593798846.600598 307311754.318022 427055058.316151 92192814.069916 55827833.5522189 45231.3050235111 452128.672636742 1322123403.47536 1481974769.34757 790044282.44813 1084659639.65687 221547727.519739 149089610.886281 0 0
43 4871.32736325847 866083.01945712 1.49909877169492 501478506.871833 587565398.08127 304085725.82219 422572015.386426 91225012.9978076 55241776.6267372 45231.3050235111 452128.672636742 1327443560.9699 1488208217.8669 793270310.943962 1089142682.5866 222515528.591848 149675667.811763 0 0
44 4871.32736325847 866083.019250699 1.49910261803049 496214278.196257 581397479.466672 300893611.353133 418136101.004432 90267386.0551326 54661880.6977526 45231.3050235111 452128.672636742 1332707789.64548 1494376136.4815 796462425.413019 1093578596.96859 223473155.534523 150255563.740748 0 0
45 4871.32736325847 866083.019229426 1.49910555025733 491005267.983751 575294258.456837 297734980.166393 413746716.587146 89319804.0195519 54088067.5140119 45231.3050235111 452128.672636742 1337916799.85799 1500479357.49133 799621056.599759 1097967981.38588 224420737.570103 150829376.924488 0 0
46 4871.32736325847 866083.019505362 1.49910758313373 485851186.362265 569255395.418495 294609656.489826 409403617.873218 88382214.1598294 53520305.1438435 45231.3050235111 452128.672636742 1343070881.47947 1506518220.52967 802746380.276326 1102311080.09981 225358327.429826 151397139.294657 0 0
47 4871.32736325847 866083.020350051 1.49910905029592 480751271.238284 563279997.432458 291517178.206397 405106162.682799 87454477.8419262 52958509.6366907 45231.3050235111 452128.672636742 1348170796.60345 1512493618.51571 805838858.559755 1106608535.29023 226286063.747729 151958934.80181 0 0
48 4871.32736325847 866083.022015336 1.4991102976288 475704808.492336 557367227.789106 288457112.289498 400853749.261474 86536465.1588628 52402602.3267129 54968.7826273126 452128.672636742 1353217259.3494 1518406388.15906 808898924.476654 1110860948.71155 227204076.430792 152514842.111787 0 0
49 4871.32736325847 866083.020822119 1.49911136395341 470711192.479107 551516376.874317 285429091.488901 396645867.260829 85628065.9364225 51852516.4973455 54968.7826273126 452128.672636742 1358210875.36263 1524257239.07385 811926945.277251 1115068830.71219 228112475.653232 153064927.941154 0 0
50 4871.32736325847 866083.020662464 1.49911216067347 465769918.686259 545726853.568057 282432809.879232 392482091.552385 84729188.3977019 51308196.5726118 54968.7826273126 452128.672636742 1363152149.15548 1530046762.38011 814923226.886919 1119232606.42064 229011353.191953 153609247.865888 0 0
51 4871.32736325847 866083.020981731 1.49911276055934 460880462.957005 539998043.733552 279467949.623146 388361980.45422 83839737.1922339 50769584.8125453 54968.7826273126 452128.672636742 1368041604.88473 1535775572.21461 817888087.143006 1123352717.5188 229900804.397421 154147859.625955 0 0
52 4871.32736325847 866083.021432657 1.49911320324248 456042411.695675 534329462.774753 276534259.92517 384285185.448995 82959637.0819581 50236635.6563507 54968.7826273126 452128.672636742 1372879656.14606 1541444153.17341 820821776.840982 1127429512.52403 230780904.507697 154680808.782149 0 0
53 4871.32736325847 866083.021450868 1.49911354098155 451255101.808406 528720333.767016 273631338.699519 380251147.779142 82088767.4420709 49709276.0590568 54968.7826273126 452128.672636742 1377666966.03333 1547053282.18115 823724698.066633 1131463550.19388 231651774.147584 155208168.379443 0 0
54 4871.32736325847 866083.020078204 1.49911377084394 446518294.075179 523170376.424339 270759040.888346 376259665.865363 81227084.7555541 49187479.668709 54968.7826273126 452128.672636742 1382403773.76656 1552603239.52383 826596995.877806 1135455032.10766 232513456.834101 155729964.769791 0 0
55 4871.32736325847 866083.016167179 1.49911392853168 441831322.702467 517678810.658975 267916962.768848 372310178.675214 80374467.9065028 48671173.142947 54968.7826273126 452128.672636742 1387090745.13927 1558094805.28919 829439073.997304 1139404519.29781 233366073.683152 156246271.295553 0 0
56 4871.32736325847 866083.008831326 1.49911405255313 437193567.647577 512244909.987881 265104728.36054 368402163.728296 79530804.1016428 48160288.1792227 54968.7826273126 452128.672636742 1391728500.19416 1563528705.96028 832251308.405612 1143312534.24473 234209737.488012 156757156.259277 0 0
57 4871.32736325847 866082.99718418 1.49911418141664 432604408.867815 506867947.928013 262321961.682937 364535098.544208 78695980.5476997 47654756.4749875 54968.7826273126 452128.672636742 1396317658.97392 1568905668.02015 835034075.083215 1147179599.42882 235044561.041955 157262687.963513 0 0
58 4871.32736325847 866082.979178925 1.49911434241946 428063263.578864 501547241.650707 259568309.348226 360708492.038408 77869891.2291493 47154513.8319944 54968.7826273126 452128.672636742 1400858804.26287 1574226374.29746 837787727.417926 1151006205.93461 235870650.360506 157762930.606506 0 0
59 4871.32736325847 866082.946256259 1.49911449993602 423569758.110138 496282353.338779 256843544.770643 356922029.336519 77052468.1707867 46659519.0875081 54968.7826273126 452128.672636742 1405352309.7316 1579491262.60939 840512491.995509 1154792668.6365 236688073.418868 158257925.350992 0 0
60 4871.32736325847 866082.892831603 1.49911464708215 419123423.273716 491072733.260619 254147383.444775 353175315.07626 76243626.0216477 46169720.5568124 54968.7826273126 452128.672636742 1409798644.56802 1584700882.68755 843208653.321377 1158539382.89676 237496915.568007 158747723.881688 0 0
61 4871.32736325847 866082.814070264 1.49911478421896 414723765.803083 485917803.472543 251479526.264471 349467933.605472 75443275.0505801 45685063.9027457 54968.7826273126 452128.672636742 1414198302.03865 1589855812.47562 845876510.501681 1162246764.36755 238297266.539075 159232380.535754 0 0
62 4871.32736325847 866082.767585276 1.49911486799909 410370293.759412 480816987.586471 248839674.928659 345799470.39077 74651325.7679542 45205494.9344017 54968.7826273126 452128.672636742 1418551774.08232 1594956628.36169 848516361.837493 1165915227.58225 239089215.821701 159711949.504098 0 0
63 4871.32736325847 866082.92623153 1.49911478722644 406062521.695257 475769716.820059 246227535.072504 342169516.368752 73867689.865001 44730960.1759504 54968.7826273126 452128.672636742 1422859546.14648 1600003899.12811 851128501.693648 1169545181.60427 239872851.724654 160186484.26255 0 0
64 4871.32736325847 866083.025744162 1.49911473260825 401799969.492098 470775428.634681 243642815.562514 338577666.966443 73092280.0023479 44261406.7385847 54968.7826273126 452128.672636742 1427122098.34964 1604998187.31348 853713221.203638 1173137031.00658 240648261.587307 160656037.699915 0 0
65 4871.32736325847 866082.991649422 1.499114697704 397582162.48206 465833566.878049 241085228.57035 335023522.203867 72325009.8321603 43796782.3339285 54968.7826273126 452128.672636742 1431339905.35968 1609940049.07012 856270808.195802 1176691175.76916 241415531.757495 161120662.104571 0 0
66 4871.32736325847 866082.995649802 1.49911466893431 393408614.568745 460943562.007461 238554479.337664 331506672.470779 71565790.9276172 43337033.4146647 54968.7826273126 452128.672636742 1435513453.27299 1614830053.94071 858801557.428488 1180208025.50224 242174750.662038 161580411.023835 0 0
67 4871.32736325847 866083.012874052 1.49911464716897 389278875.081922 456104885.987857 236050294.587772 328026738.008874 70814541.3063462 42882110.3359453 54968.7826273126 452128.672636742 1439643192.75981 1619668729.96031 861305742.17838 1183687959.96415 242926000.283309 162035334.102555 0 0
68 4871.32736325847 866083.011264619 1.49911463106156 385192531.279168 451317055.222908 233572424.04259 324583371.019803 70071185.8855027 42431967.630967 54968.7826273126 452128.672636742 1443729536.56257 1624456560.72526 863783612.723562 1187131326.95322 243669355.704152 162485476.807533 0 0
69 4871.32736325847 866082.981922644 1.49911461911454 381149102.092532 446579506.061571 231120575.992913 321176166.13055 69335637.1530006 41986552.3063352 54968.7826273126 452128.672636742 1447772965.7492 1629194109.8866 866235460.773239 1190538531.84247 244404904.436654 162930892.132165 0 0
70 4871.32736325847 866082.914080328 1.49911460970082 377148081.086849 441891645.1309 228694443.347404 317804696.592361 68607802.9821511 41545808.5742588 54968.7826273126 452128.672636742 1451773986.75489 1633881970.81727 868661593.418748 1193910001.38066 245132738.607504 163371635.864241 0 0
71 4871.32736325847 866082.815635994 1.49911460246345 373189055.1497 437252988.401052 226293775.603622 314468614.295107 67887608.2228024 41109690.9271761 54968.7826273126 452128.672636742 1455733012.69204 1638520627.54711 871062261.16253 1197246083.67792 245852933.366852 163807753.511324 0 0
72 4871.32736325847 866082.689963393 1.4991145967211 369271586.830743 432663023.326264 223918307.501138 311167550.620255 67174973.2974403 40678151.1765136 54968.7826273126 452128.672636742 1459650481.01099 1643110592.6219 873437729.265014 1200547147.35277 246565568.292215 164239293.261986 0 0
