"Time" "IECs" "pheme_e" "BiomassCD" "pro_L_e" "leu_L_e" "ile_L_e" "val_L_e" "trp_L_e" "cys_L_e" "Drug" "Damage" "pro_L_v" "leu_L_v" "ile_L_v" "val_L_v" "trp_L_v" "cys_L_v" "CD" "pheme_c"
0 457000 1e+05 0.4963 224235600.199112 195370466.451958 120509812.093413 157438605.791629 18978882.6152 31300034.1459915 0 0 0 0 0 0 0 0 45700000 1000
1 419771.02212051 108344.975633959 0.594123778077483 173154782.160625 176038314.085689 99222886.7683482 133557302.986419 23089717.9152729 21384888.2766668 0 37228.9778794898 184254359.690301 174167471.367067 102362067.458775 135856943.676998 20162225.6435525 24211073.3750489 48532264.0495478 636.312855859798
2 383310.496578191 140753.723293423 0.697811820870294 160123134.126385 175594414.352877 94883165.7156895 129595266.008855 25638589.8188771 18362833.1885576 0 73689.5034218087 327688153.49231 326250696.830384 186084364.965586 249468066.726903 41385278.2518902 41233970.2714085 52252908.4774817 715.226710081199
3 347343.588315538 179426.574160199 0.80352885697766 161922452.670968 183535729.446355 97393938.6932755 133882024.183528 27916080.5712237 17920394.7127202 0 109656.411684461 454468596.759819 467895753.201278 261844251.518007 353318500.645354 62557744.4436593 55487701.5201046 57057139.2621335 802.783963257414
4 311676.054216176 218674.537613366 0.90713069811002 170932341.295544 196567279.679747 103476338.56804 142658116.614576 30395571.1443821 18626353.743901 0 145323.945783824 572879068.786777 603205477.287133 333325472.732786 451739288.214973 83332848.9519543 68478075.5830789 63165455.934506 875.763426676576
5 276226.461929744 256395.470278346 1.00479458850997 184565654.322063 213700731.061044 112045066.100512 154706949.173295 33278703.1722788 19983473.5269933 0 180773.538070256 685760217.687329 733506880.225109 401768253.855306 546176014.380221 103561984.553376 80733599.2379766 70824620.2851466 934.311452457855
6 241058.637136775 291424.751031676 1.09354970079334 201910973.559702 234676371.38344 122733200.979398 169638655.635284 36661670.5921974 21811853.5487133 0 215941.362863225 793746035.643024 858794223.216671 467370950.394126 636805386.568243 123107260.644437 92409663.9367568 80308681.227441 981.51567031207
7 206408.815261507 322731.478717072 1.17156376261267 222565305.881663 259388261.337172 135371993.568757 187280426.584441 40583644.3729782 24038123.0843593 0 250591.184738493 896329582.37362 978190942.442177 529748589.248483 723061436.22684 141775369.928138 103488926.001214 91917615.671321 1019.07410319518
8 172699.279364848 349218.400034898 1.23815229243504 246164946.813283 287622286.887265 149773067.953477 207416103.170132 45035053.2532951 26615066.4279305 9737.47760380151 284300.720635151 992279453.827792 1090154876.68629 588118680.444583 803853227.646563 159300409.540124 113856444.441959 105972241.050682 1046.89722933107
9 171390.682723639 469262.394634741 1.29357879815058 173042985.041558 202206631.811983 105284717.981131 145812026.195207 31661581.280861 18710365.4562552 7986.08446302942 285609.317276361 1070033774.97166 1181012985.19236 635426799.383859 869371544.528391 173526987.154862 122263646.523859 1.44051599560613 28.5243550757932
10 171390.682695494 520542.783701677 1.3387577658421 119373359.845737 139491843.698368 72630453.7731107 100588136.922559 21841679.0176425 12907308.4812902 7958.08169529067 285609.317304506 1123703400.26744 1243727773.42303 668081063.652727 914595433.885369 183346889.436428 128066703.509631 2.03655479707655e-07 0.521785933712054
11 171390.682695494 541261.82720909 1.37495905584523 82349475.3593941 96228171.5143111 50103974.3797072 69390526.6104265 15067438.9193325 8904081.13761456 7957.56948700767 285609.317304506 1160727284.75379 1286991445.60708 690607543.046131 945793044.197502 190121129.534739 132069930.853307 2.84895736280277e-08 0.00957765078872343
12 171390.682695494 549633.034545272 1.40357099511578 56808622.0933348 66382813.0832834 34564127.2575056 47868917.0254626 10394242.8260428 6142462.69605934 7957.56008517122 285609.317304506 1186268138.01985 1316836804.03811 706147390.168332 967314653.782466 194794325.628028 134831549.294862 -2.52272643878922e-08 0.000175814402299301
13 171390.682695494 553015.240776366 1.42594015048353 39189339.9436419 45794080.7658008 23844009.6421316 33022298.2518871 7170452.31087101 4237368.37502439 7957.55991258778 285609.317304506 1203887420.16954 1337425536.35559 716867507.783706 982161272.556041 198018116.1432 136736643.615897 -1.57805337487843e-08 3.2309670384336e-06
14 171390.682695494 554381.86766696 1.44328046402715 27034672.4471244 31590937.1094535 16448733.0337312 22780353.4832399 4946519.38003805 2923138.44074258 7957.55990945324 285609.317304506 1216042087.66605 1351628680.01194 724262784.392107 992403217.324688 200242049.074033 138050873.550179 -1.57805337487843e-08 9.64198165518762e-08
15 171390.682695494 554933.986449297 1.45663402264663 18649799.314609 21792926.7833393 11347116.2137678 15714968.310018 3412343.68287478 2016519.54153663 7957.55990940222 285609.317304506 1224426960.79857 1361426690.33805 729364401.21207 999468602.49791 201776224.771196 138957492.449385 -1.57805337487843e-08 4.54034857178659e-08
16 171390.682695494 555157.037463297 1.46686523944485 12865542.380162 15033825.211148 7827794.93109596 10840952.6228556 2354001.32339837 1391093.66188954 17695.0375131536 285609.317304506 1230211217.73302 1368185791.91025 732883722.494742 1004342618.18507 202834567.130673 139582918.329032 0 0
17 171390.682695494 555247.176612055 1.47467364674601 8875286.57913294 10371075.1701594 5399999.5680933 7478624.567512 1623906.37996217 959645.115834569 17695.0375131536 285609.317304506 1234201473.53405 1372848541.95124 735311517.857745 1007704946.24041 203564662.074109 140014366.875087 0 0
18 171390.682695494 555283.599317392 1.48061529824829 6122591.35679446 7154456.88782336 3725174.43662442 5159108.01634452 1120247.22554605 662008.470308207 17695.0375131536 285609.317304506 1236954168.75639 1376065160.23357 736986342.989214 1010024462.79158 204068321.228525 140312003.520613 0 0
19 171390.682695494 555298.304085953 1.48512621447992 4223669.85313668 4935502.32437635 2569811.71023043 3559010.8383648 772802.586170981 456686.565478352 17695.0375131536 285609.317304506 1238853090.26005 1378284114.79702 738141705.715608 1011624559.96956 204415765.8679 140517325.425443 0 0
20 171390.682695494 555304.254555924 1.48854503130199 2913690.27113684 3404746.48960288 1772779.51144578 2455176.56805325 533116.33132584 315044.321422276 17695.0375131536 285609.317304506 1240163069.84205 1379814870.63179 738938737.914392 1012728394.23987 204655452.122746 140658967.669499 0 0
21 171390.682695494 555306.659005152 1.49113276534164 2010003.39640882 2348757.54496125 1222948.39447698 1693698.63689902 367769.233147714 217332.693989816 17695.0375131536 285609.317304506 1241066756.71677 1380870859.57644 739488569.031361 1013489872.17103 204820799.220924 140756679.296932 0 0
22 171390.682695494 555307.629743467 1.49308951116951 1386596.43732106 1620285.24419062 843648.269370583 1168394.29227614 253704.799379951 149926.482581114 17695.0375131536 285609.317304506 1241690163.67586 1381599331.87721 739867869.156468 1014015176.51565 204934863.654691 140824085.50834 0 0
23 171390.682695494 555308.022356305 1.49456802241235 956540.633508747 1117750.36501417 581988.982750746 806014.343063714 175017.721805177 103426.468414235 17695.0375131536 285609.317304506 1242120219.47967 1382101866.75638 740129528.443087 1014377556.46486 205013550.732266 140870585.522507 0 0
24 171390.682695494 555308.181205165 1.49568455057173 659867.410753288 771077.58248066 401483.794500156 556027.186881239 120735.582867913 71348.5172767976 27432.5151169551 285609.317304506 1242416892.70243 1382448539.53892 740310033.631338 1014627543.62104 205067832.871204 140902663.473645 0 0
25 171390.682695494 555308.245250014 1.49652735765373 455209.137572832 531927.407844056 276963.35485829 383575.021409701 83289.3694339518 49219.7318543049 27432.5151169551 285609.317304506 1242621550.97561 1382687689.71356 740434554.07098 1014799995.78651 205105279.084638 140924792.259068 0 0
26 171390.682695494 555308.271128747 1.49716334774555 314024.736739245 366948.618613555 191062.387410616 264608.144204178 57456.9360560995 33954.0928820907 27432.5151169551 285609.317304506 1242762735.37645 1382852668.50279 740520455.038427 1014918962.66372 205131111.518016 140940057.89804 0 0
27 171390.682695494 555308.281576647 1.49764315149918 216629.975148651 253139.516830783 131804.394349265 182539.93713457 39636.6692611414 23423.2321110104 27432.5151169551 285609.317304506 1242860130.13804 1382966477.60457 740579713.031489 1015001030.87079 205148931.784811 140950588.758811 0 0
28 171390.682695494 555308.285804522 1.49800506062071 149441.758701195 174627.79361907 90925.0000263531 125924.813589979 27343.277676037 16158.4702150925 27432.5151169551 285609.317304506 1242927318.35448 1383044989.32778 740620592.425811 1015057645.99433 205161225.176396 140957853.520707 0 0
29 171390.682695494 555308.28751291 1.49827800517268 103092.097857448 120466.633589367 62724.4291145399 86868.9803849004 18862.7053269472 11146.8883069807 27432.5151169551 285609.317304506 1242973668.01533 1383099150.48781 740648792.996723 1015096701.82754 205169705.748745 140962865.102615 0 0
30 171390.682695494 555308.288202628 1.49848383304153 71117.8577402954 83103.6431318672 43270.3099395393 59926.3757111674 13012.3959247962 7689.65646580389 27432.5151169551 285609.317304506 1243005642.25544 1383136513.47827 740668247.115898 1015123644.43221 205175556.058147 140966322.334456 0 0
31 171390.682695494 555308.288481585 1.49863903586872 49060.504459524 57328.8732819011 29849.9322280759 41340.0841397255 8976.57393771354 5304.69332625897 27432.5151169551 285609.317304506 1243027699.60872 1383162288.24812 740681667.49361 1015142230.72378 205179591.880134 140968707.297596 0 0
32 171390.682695494 555308.288594449 1.49875605837854 33844.2789711981 39548.1946594715 20591.9088017497 28518.3643285197 6192.46939876472 3659.43079404493 37169.9927207566 285609.317304506 1243042915.83421 1383180068.92674 740690925.517036 1015155052.44359 205182375.984673 140970352.560128 0 0
33 171390.682695494 555308.288639954 1.49884428880026 23347.4556671632 27282.2985035117 14205.3160080692 19673.3766267189 4271.87132220964 2524.45615117772 37169.9927207566 285609.317304506 1243053412.65751 1383192334.8229 740697312.10983 1015163897.43129 205184296.58275 140971487.534771 0 0
34 171390.682695494 555308.288658341 1.49891080941062 16106.1762927161 18820.6165002414 9799.49709216017 13571.6232526606 2946.93835577445 1741.48893968283 37169.9927207566 285609.317304506 1243060653.93689 1383200796.5049 740701717.928745 1015169999.18467 205185621.515716 140972270.501982 0 0
35 171390.682695494 555308.288665764 1.49896096040839 11110.8462541294 12983.402922063 6760.18339672712 9362.38475469027 2032.9455232782 1201.36620327652 37169.9927207566 285609.317304506 1243065649.26693 1383206633.71848 740704757.242441 1015174208.42316 205186535.508548 140972810.624719 0 0
36 171390.682695494 555308.288668768 1.4989987695583 7664.7952515914 8956.57475500944 4663.49910834773 6458.62255403379 1402.42343716849 828.76009258737 37169.9927207566 285609.317304506 1243069095.31793 1383210660.54664 740706853.926729 1015177112.18536 205187166.030635 140973183.230829 0 0
37 171390.682695494 555308.288669982 1.49902727361933 5287.54364919831 6178.67515177101 3217.1055173674 4455.4678301498 967.458998614156 571.718489591687 37169.9927207566 285609.317304506 1243071472.56953 1383213438.44625 740708300.32032 1015179115.34009 205187600.995073 140973440.272432 0 0
38 171390.682695494 555308.288670472 1.4990487624335 3647.60039651897 4262.34551027846 2219.31318951323 3073.59471659321 667.399469599818 394.398746882789 37169.9927207566 285609.317304506 1243073112.51278 1383215354.77589 740709298.112648 1015180497.2132 205187901.054602 140973617.592175 0 0
39 171390.682695494 555308.28867067 1.49906496240396 2516.28945533357 2940.37007802105 1530.98853212766 2120.31284531972 460.404119226415 272.075145327059 37169.9927207566 285609.317304506 1243074243.82372 1383216676.75132 740709986.437305 1015181450.49507 205188108.049953 140973739.915777 0 0
40 171390.682695494 555308.28867075 1.49907717515042 1735.85663717772 2028.4077036022 1056.14900515667 1462.69306086389 317.608749044807 187.690428788313 46907.4703245581 285609.317304506 1243075024.25654 1383217588.7137 740710461.276832 1015182108.11486 205188250.845323 140973824.300493 0 0
41 171390.682695494 555308.288670782 1.4990863819572 1197.47967088813 1399.2958504256 728.583764359772 1009.0379398966 219.102207020814 129.478130901239 46907.4703245581 285609.317304506 1243075562.63351 1383218217.82555 740710788.842073 1015182561.76998 205188349.351865 140973882.512791 0 0
42 171390.682695494 555308.288670796 1.49909332271227 826.077966211294 965.300287219211 502.611450456193 696.081970729076 151.147038207272 89.3201226242172 46907.4703245581 285609.317304506 1243075934.03521 1383218651.82112 740711014.814387 1015182874.72595 205188417.307034 140973922.670799 0 0
43 171390.682695494 555308.288670801 1.49909855509791 569.869912934466 665.912435791228 346.726526098961 480.192171053705 104.268789420113 61.6174896137335 46907.4703245581 285609.317304506 1243076190.24326 1383218951.20897 740711170.699311 1015183090.61575 205188464.185283 140973950.373432 0 0
44 171390.682695494 555308.288670803 1.49910249961951 393.12362916741 459.378373071018 239.188606337789 331.259616796297 71.929617576496 42.5067029989382 46907.4703245581 285609.317304506 1243076366.98955 1383219157.74303 740711278.237231 1015183239.5483 205188496.524455 140973969.484219 0 0
45 171390.682695494 555308.288670805 1.49910547326172 271.195548077031 316.901250437627 165.003780940208 228.518783068629 49.6205025959463 29.3231639145143 46907.4703245581 285609.317304506 1243076488.91763 1383219300.22015 740711352.422056 1015183342.28914 205188518.833569 140973982.667758 0 0
46 171390.682695494 555308.288670801 1.49910771497164 187.083654255605 218.613632821147 113.827496517447 157.64318148165 34.2305949248567 20.2285203365698 46907.4703245581 285609.317304506 1243076573.02952 1383219398.50777 740711403.598341 1015183413.16474 205188534.223477 140973991.762401 0 0
47 171390.682695494 555308.288670803 1.49910940491085 129.059265045091 150.810154382525 78.5236588461831 108.749816879217 23.6139038476467 13.9546021696824 46907.4703245581 285609.317304506 1243076631.05391 1383219466.31125 740711438.902179 1015183462.0581 205188544.840168 140973998.03632 0 0
48 171390.682695494 555308.288670805 1.49911067889147 89.0312443463676 104.036046540734 54.1693698260468 75.0208171092055 16.2899985731124 9.62655098873586 56644.9479283596 285609.317304506 1243076671.08193 1383219513.08536 740711463.256468 1015183495.7871 205188552.164074 140974002.364371 0 0
49 171390.682695494 555308.288670805 1.49911163929291 61.4181531726853 71.7692074151058 37.3687089029181 51.7530679277896 11.2376462318541 6.6408707133269 56644.9479283596 285609.317304506 1243076698.69502 1383219545.3522 740711480.057129 1015183519.05485 205188557.216426 140974005.350051 0 0
50 171390.682695494 555308.288670805 1.49911236330596 42.3691396709941 49.5097852339772 25.7786983985151 35.7017078854488 7.75225854531883 4.58118592395407 56644.9479283596 285609.317304506 1243076717.74404 1383219567.61162 740711491.647139 1015183535.10621 205188560.701814 140974007.409736 0 0
51 171390.682695494 555308.288670805 1.4991129091093 29.2283527749656 34.1543274153888 17.7834361689214 24.6288246787095 5.3478958818803 3.16033130133875 56644.9479283596 285609.317304506 1243076730.88482 1383219582.96708 740711499.642401 1015183546.17909 205188563.106177 140974008.830591 0 0
52 171390.682695494 555308.288670805 1.49911332057029 20.1631211808542 23.5612950147809 12.267868163719 16.9901458478416 3.68923536537105 2.18014827900662 56644.9479283596 285609.317304506 1243076739.95005 1383219593.56011 740711505.157969 1015183553.81777 205188564.764837 140974009.810774 0 0
53 171390.682695494 555308.288670805 1.49911363074597 13.9094887990127 16.2537122184001 8.46296430401088 11.7206181148456 2.54501163442279 1.5039709276669 56644.9479283596 285609.317304506 1243076746.20369 1383219600.86769 740711508.962873 1015183559.0873 205188565.909061 140974010.486951 0 0
54 171390.682695494 555308.288670805 1.49911386458261 9.5954302042279 11.2125875655715 5.8381572805014 8.08544258502104 1.75567066913239 1.03751103107684 56644.9479283596 285609.317304506 1243076750.51774 1383219605.90882 740711511.58768 1015183562.72247 205188566.698402 140974010.953411 0 0
55 171390.682695494 555308.288670805 1.49911404086401 6.61938729499746 7.73497989104106 4.02744049054939 5.57772551960598 1.21114570937468 0.715724797258566 56644.9479283596 285609.317304506 1243076753.49379 1383219609.38643 740711513.398396 1015183565.23019 205188567.242927 140974011.275197 0 0
56 171390.682695494 555308.288670805 1.49911417375555 4.56636927521514 5.33595829111715 2.77832066537349 3.84778126784649 0.835506113878083 0.493741124073676 56644.9479283596 285609.317304506 1243076755.5468 1383219611.78545 740711514.647516 1015183566.96014 205188567.618566 140974011.497181 0 0
57 171390.682695494 555308.288670805 1.49911427393705 3.15009977669866 3.68099906254949 1.91661838544103 2.65438342413899 0.576372050557343 0.340606225855032 56644.9479283596 285609.317304506 1243076756.96307 1383219613.44041 740711515.509219 1015183568.15353 205188567.877701 140974011.650316 0 0
58 171390.682695494 555308.288670805 1.49911434946 2.17308943120997 2.53932914071169 1.32217499517733 1.83112059117715 0.397608996634286 0.234966458867399 56644.9479283596 285609.317304506 1243076757.94008 1383219614.58208 740711516.103662 1015183568.9768 205188568.056464 140974011.755955 0 0
59 171390.682695494 555308.288670805 1.49911440639364 1.49910098940534 1.75175065167349 0.91209952750714 1.26319453333579 0.274289696360578 0.162091097543578 56644.9479283596 285609.317304506 1243076758.61407 1383219615.36965 740711516.513737 1015183569.54472 205188568.179783 140974011.828831 0 0
60 171390.682695494 555308.288670805 1.49911444931369 1.03415152579107 1.20844134053459 0.629209856247916 0.87141197507873 0.18921814474461 0.111818187718177 56644.9479283596 285609.317304506 1243076759.07902 1383219615.91296 740711516.796627 1015183569.9365 205188568.264854 140974011.879104 0 0
61 171390.682695494 555308.288670805 1.4991144816698 0.713407114885994 0.833640553399884 0.43405901070474 0.601141600156228 0.130531713544678 0.0771375264671955 56644.9479283596 285609.317304506 1243076759.39977 1383219616.28776 740711516.991778 1015183570.20678 205188568.323541 140974011.913784 0 0
62 171390.682695494 555308.288670805 1.49911450606177 0.492142307327896 0.575085076769841 0.299434640596263 0.414696192340283 0.0900470115070563 0.0532131506190468 56644.9479283596 285609.317304506 1243076759.62103 1383219616.54632 740711517.126402 1015183570.39322 205188568.364026 140974011.937709 0 0
63 171390.682695494 555308.288670805 1.49911452444959 0.339503223911204 0.396721100136037 0.206564289067306 0.286077201953369 0.0621187210589791 0.0367089679562932 56644.9479283596 285609.317304506 1243076759.77367 1383219616.72468 740711517.219273 1015183570.52184 205188568.391954 140974011.954213 0 0
64 171390.682695494 555308.288670805 1.49911453831156 0.234205489595572 0.273677105094516 0.142497882337128 0.197349675722529 0.0428524516234944 0.0253235940257182 56644.9479283596 285609.317304506 1243076759.87897 1383219616.84773 740711517.283339 1015183570.61057 205188568.41122 140974011.965598 0 0
65 171390.682695494 555308.288670805 1.49911454876169 0.161566079970067 0.188795476673259 0.0983018130488942 0.136141187573862 0.029561658174088 0.0174694189472349 56644.9479283596 285609.317304506 1243076759.95161 1383219616.93261 740711517.327535 1015183570.67178 205188568.424511 140974011.973453 0 0
66 171390.682695494 555308.288670805 1.49911455663971 0.111456014782097 0.130240155871797 0.0678132955278513 0.0939167071299871 0.0203930466781632 0.012051241304966 56644.9479283596 285609.317304506 1243076760.00172 1383219616.99116 740711517.358024 1015183570.714 205188568.43368 140974011.978871 0 0
67 171390.682695494 555308.288670805 1.49911456257805 0.0768876557321547 0.0898458489365227 0.0467808339532279 0.0647882077914642 0.0140680927394354 0.00831351896451915 56644.9479283596 285609.317304506 1243076760.03629 1383219617.03156 740711517.379056 1015183570.74313 205188568.440004 140974011.982608 0 0
68 171390.682695494 555308.288670805 1.49911456705444 0.0530407461835603 0.0619799215324487 0.0322716347161535 0.0446939739862522 0.00970483661096385 0.00573505909485563 56644.9479283596 285609.317304506 1243076760.06013 1383219617.05943 740711517.393566 1015183570.76322 205188568.444368 140974011.985187 0 0
69 171390.682695494 555308.288670805 1.49911457042922 0.0365900281195033 0.0427566962174972 0.0222625077264296 0.0308320278766663 0.0066948576338353 0.0039563163915765 56644.9479283596 285609.317304506 1243076760.07658 1383219617.07865 740711517.403575 1015183570.77709 205188568.447378 140974011.986966 0 0
70 171390.682695494 555308.288670805 1.4991145729738 0.0252415486543049 0.0294956107808527 0.0153577409153307 0.0212694051291504 0.00461843249059154 0.00272925597005368 56644.9479283596 285609.317304506 1243076760.08793 1383219617.09191 740711517.410479 1015183570.78665 205188568.449454 140974011.988193 0 0
71 171390.682695494 555308.288670805 1.49911457489215 0.0174128181451075 0.0203474720842722 0.0105944985127946 0.0146726450362234 0.00318601390809973 0.00188277028991801 56644.9479283596 285609.317304506 1243076760.09576 1383219617.10106 740711517.415242 1015183570.79324 205188568.450887 140974011.989039 0 0
72 171390.682695494 555308.288670805 1.49911457633777 0.0120121951348613 0.0140366598411335 0.00730859200569301 0.0101218926110274 0.00219786484002016 0.00129882503383672 56644.9479283596 285609.317304506 1243076760.10116 1383219617.10737 740711517.418528 1015183570.7978 205188568.451875 140974011.989623 0 0
