"Time" "IECs" "pheme_e" "BiomassCD" "pro_L_e" "leu_L_e" "ile_L_e" "val_L_e" "trp_L_e" "cys_L_e" "Drug" "Damage" "pro_L_v" "leu_L_v" "ile_L_v" "val_L_v" "trp_L_v" "cys_L_v" "CD" "pheme_c"
0 457000 1e+05 0.4963 224235600.199112 195370466.451958 120509812.093413 157438605.791629 18978882.6152 31300034.1459915 0 0 0 0 0 0 0 0 45700000 1000
1 357606.908138014 140971.060611741 0.594123777953441 330833204.717675 357333197.852731 194751815.993112 265181497.33082 51181720.7460801 38498555.3353602 0 99393.0918619857 249202529.074252 251413137.653225 142347909.749537 191300124.638445 32601039.6694559 30968426.0856338 48532264.0521597 821.079970765811
2 275114.107095501 228780.964666173 0.697812005578614 381904855.7665 430264087.729489 229123385.497045 314550898.712224 65006958.5613513 42508654.3120313 0 181885.892904499 493187147.439823 521569807.312279 287586080.796157 390015971.859522 72560291.3183771 58635562.7092877 52252899.6992101 1159.01486472447
3 207018.783950871 318145.053482095 0.803529051753927 417503739.373431 477543248.36603 252152298.594703 347239880.078938 73408955.5796862 45746015.4505599 0 249981.216049128 700848994.814481 757499095.634253 412636476.688856 561982314.096786 108555232.278989 81546805.6582969 57057130.9644365 1422.30576549043
4 151425.423392439 395282.339799433 0.907130885876021 448716336.545239 517005902.282984 271790713.42459 374919344.064535 80060037.7865103 48859610.1622106 0 305574.57660756 867844437.197463 949249228.279818 513652503.045242 701213494.703894 138149340.882313 99781061.4010841 63165448.4876148 1583.08545659197
5 106869.436719862 455896.797594942 1.0047948266411 478436555.440508 553784187.600654 290211212.607346 400851986.016567 86063965.5726048 51982491.2145559 0 350130.563280138 996458139.729483 1097779291.5334 591614365.08825 808825432.623782 161193652.637979 113767679.231009 70824613.8494314 1661.83020237481
6 72136.9784480172 498813.152645095 1.09354998617374 506629726.664805 588622353.604701 307553383.088945 425365251.209667 91654243.3410713 55050143.9147871 0 384863.021551982 1090988261.06452 1207393419.48195 648978014.066851 888106859.265181 178245940.524855 124037290.507166 80308675.6200667 1680.70161218861
7 46094.1869910101 524225.475491662 1.17156399377903 532041539.390948 620508923.637642 323124338.088913 447596279.328217 96723463.0260734 57910659.918882 0 410905.813008989 1156652889.83926 1283818819.1187 688849342.885839 943289907.902269 190152713.445035 131177206.422561 91917610.1927414 1656.03289593006
8 27551.6428688801 533302.540047552 1.23815279033712 553056385.147988 647881455.036224 335975184.459195 466313510.700266 101051512.183587 60391204.3046188 9737.47760380151 429448.357131119 1199222392.38096 1333564728.72406 714706462.749106 979138554.209752 197909389.385094 135816998.979723 105972241.717534 1599.38701741068
9 25757.7383951304 685277.455272023 1.29357920785363 528467762.415716 619448942.89564 321045365.433605 445714044.076404 96621839.9218655 57734625.3578726 4981.81217685369 431242.261604869 1229847144.45463 1369458089.57097 733310995.322492 1004966382.38953 203507997.714911 139162437.244389 941386.250507883 876.053619438684
10 25696.5041384067 764879.734859326 1.33875809665247 500027224.958576 586125128.987552 303767929.913711 421731711.410806 91424151.6743107 54628524.2816495 3565.27892945232 431303.495861593 1258493421.52259 1403036576.75277 750713682.612736 1029127050.39757 208745586.617754 142292052.275194 219948.910215548 467.931592077109
11 25677.2528454429 799237.337568841 1.37495931889954 473027094.962154 554479941.495366 287365356.37314 398960754.552215 86488170.1686894 51679035.3442887 2950.31848062803 431322.747154557 1285558335.07405 1434761830.37239 767155695.460943 1051954118.12111 213694112.574792 145248933.709053 93394.997859108 281.50079345504
12 25668.0923410833 813976.084245366 1.40357120176264 447468390.140893 524521992.09381 271838406.109387 377404672.971648 81815334.0133193 48886840.9056474 2622.23806030277 431331.907658916 1311147928.58399 1464757878.31158 782701450.239364 1073536926.62046 218372917.971381 148044645.781368 49802.0744634109 181.295377981474
13 25662.9186654987 820299.087684645 1.42594031685924 423285642.605318 496175990.650706 257147335.202849 357008766.286823 77393918.0814441 46244900.1624624 2426.75497964615 431337.081334501 1335348161.41091 1493125397.07144 797403165.84625 1093947945.63964 222797705.285598 150688573.215977 29794.7742593417 121.550606585642
14 25659.7186545883 823018.665760515 1.44328059235302 400407831.003719 469359172.325443 243249007.404611 337713306.689614 73211018.9479287 43745491.275788 2302.37494311443 431340.281345411 1358236814.48776 1519955524.24208 811308093.686813 1113252764.08845 226982689.72613 153189210.906842 19055.5406947039 83.6123845094302
15 25657.628866334 824194.336799393 1.45663411936583 378765589.740351 443990437.204252 230101287.027872 319459864.63752 69253989.3415025 41381052.0512994 2219.83933974969 431342.371133666 1379886153.75257 1545332950.79262 824460135.141771 1131512325.83663 230941081.187629 155554452.61002 12708.7299620936 58.5211058840121
16 25656.2158084711 824706.947079745 1.4668653134168 358292614.789475 419992169.299856 217663896.277732 302192555.459447 65510724.0689217 39144346.7054465 11900.9807058046 431343.784191529 1400363940.39544 1569337095.60467 836900455.109009 1148783778.33339 234685267.331026 157791700.570092 8713.32397542493 41.4598922470176
17 25656.1613384237 824950.460533211 1.47467372422162 338922522.384639 397286470.657745 205896504.123461 285855359.53259 61969070.6696395 37028117.2051081 11858.0677217547 431343.838661576 1419734218.55049 1592043020.78771 848667960.342224 1165121134.09395 238226956.228183 159907950.986928 5.32306424895297e-06 0.0916909262388304
18 25656.1613384237 825054.355052442 1.48061535320925 320599455.208829 375808090.765242 194765182.871116 270401246.544086 58618855.296777 35026277.1557383 11857.9762243057 431343.838661576 1438057285.7263 1613521400.68021 859799281.594569 1180575247.08245 241577171.601046 161909791.036298 2.05821549600567e-08 0.000193478261726016
19 25656.1613384237 825098.39261081 1.48512631769352 303266972.193593 355490877.980417 184235644.628844 255782615.922985 55449759.7250389 33132660.8565674 11857.9760312375 431343.838661576 1455389768.74154 1633838613.46504 870328819.836841 1195193877.70355 244746267.172784 163803407.335469 6.87203127120781e-09 4.10162505853986e-07
20 25656.1613384237 825117.037444447 1.4885450115158 286871539.571585 336272079.78585 174275367.463693 241954316.009835 52451995.7651112 31341419.6121535 11857.9760308369 431343.838661576 1471785201.36354 1653057411.65961 880289097.001992 1209022177.6167 247744031.132712 165594648.579883 -2.36331648575427e-08 9.56369712435916e-09
21 25656.1613384237 825124.939104719 1.491131961571 271362588.473242 318092419.130334 164853630.627489 228873695.810865 49616317.3337601 29647028.649413 11857.976030725 431343.838661576 1487294152.46189 1671237072.31512 889710833.838197 1222102797.81567 250579709.564063 167289039.542624 -2.36331648575427e-08 -1.02334098870066e-07
22 25656.1613384237 825128.354004106 1.49308860190033 256692019.193814 300895513.328513 155941213.39749 216500186.884954 46933929.8133197 28044232.9575769 11857.9760307358 431343.838661576 1501964721.74131 1688433978.11694 898623251.068195 1234476306.74158 253262097.084503 168891835.23446 -2.36331648575427e-08 -9.16079826973591e-08
23 25656.1613384237 825129.778723665 1.49456761009887 242814551.531543 284628284.728835 147510607.907941 204795598.82722 44396554.1080165 26528085.5634965 11857.9760307222 431343.838661576 1515842189.40359 1704701206.71662 907053856.557744 1246180894.79932 255799472.789806 170407982.62854 -2.36331648575427e-08 -1.05113846884668e-07
24 25656.1613384237 825130.412908743 1.49568476466457 229687319.948374 269240486.15915 139535773.208917 193723777.817887 41996352.6225839 25093903.3019572 21595.4536345162 431343.838661576 1528969420.98675 1720089005.2863 915028691.256768 1257252715.80865 258199674.275239 171842164.890079 0 0
25 25656.1613384237 825130.624806107 1.49652781484938 217269719.20954 254684519.984764 131992041.491893 183250476.43102 39725901.0387884 23737249.9514255 21595.4536345162 431343.838661576 1541387021.72558 1734644971.46069 922572422.973792 1267726017.19552 260470125.859035 173198818.240611 0 0
26 25656.1613384237 825130.712266781 1.49716278206598 205523936.701923 240916062.094354 124856441.474824 173343802.604558 37578285.6452659 22453994.391135 21595.4536345162 431343.838661576 1553132804.2332 1748413429.3511 929708022.990861 1277632691.02198 262617741.252557 174482073.800901 0 0
27 25656.1613384237 825130.753490085 1.49764266367431 194412767.109888 227891500.253375 118106370.810808 163972376.485658 35546703.7697784 21240071.8490599 21595.4536345162 431343.838661576 1564243973.82524 1761437991.19208 936458093.654877 1287004117.14088 264649323.128045 175695996.342976 0 0
28 25656.1613384237 825130.768820029 1.49800452801531 183902330.90078 215571120.724714 111721247.57662 155107623.266369 33624960.8309253 20091780.9031251 21595.4536345162 431343.838661576 1574754410.03434 1773758370.72074 942843216.889065 1295868870.36017 266571066.066898 176844287.288911 0 0
29 25656.1613384237 825130.775486751 1.4982776280239 173960078.653569 203916768.93395 105681297.896051 146722089.986686 31807105.4467864 19005565.4492146 21595.4536345162 431343.838661576 1584696662.28155 1785412722.5115 948883166.569634 1304254403.63985 268388921.451037 177930502.742822 0 0
30 25656.1613384237 825130.780233516 1.49848385072186 164555311.041274 192892458.995042 99967871.8308828 138789884.100168 30087524.5092399 17978071.5105273 21595.4536345162 431343.838661576 1594101429.89385 1796437032.45041 954596592.634802 1312186609.52637 270108502.388583 178957996.681509 0 0
31 25656.1613384237 825130.781329778 1.49863937177001 155658964.38122 182464122.331392 94563313.1019805 131286492.601889 28460903.9736685 17006123.8084153 21595.4536345162 431343.838661576 1602997776.5539 1806865369.11406 960001151.363705 1319690001.02465 271735122.924154 179929944.383621 0 0
32 25656.1613384237 825130.774522103 1.49875627522413 147243592.506812 172599586.425861 89450948.0763444 124188766.738662 26922225.5443706 16086723.7818318 31332.9312383177 431343.838661576 1611413148.42831 1816729905.01959 965113516.389341 1326787726.88788 273273801.353452 180849344.410204 0 0
33 25656.1613384237 825130.777673141 1.49884448292894 139283167.647076 163268341.410896 84614964.8008005 117474754.066085 25466730.2670944 15217027.8329321 31332.9312383177 431343.838661576 1619373573.28805 1826061150.03455 969949499.664885 1333501739.56046 274729296.630728 181719040.359104 0 0
34 25656.1613384237 825130.778973644 1.49891085908574 131753403.64125 154441918.942091 80040609.3558867 111123971.055454 24089977.6260494 14394382.6390607 31332.9312383177 431343.838661576 1626903337.29387 1834887572.50336 974523855.109799 1339852522.57109 276106049.271773 182541685.552975 0 0
35 25656.1613384237 825130.77958662 1.49896099145031 124630464.806032 146092378.726693 75713401.4886202 105116314.121522 22787609.4713766 13616184.0933295 31332.9312383177 431343.838661576 1634026276.12909 1843237112.71876 978851062.977065 1345860179.50502 277408417.426446 183319884.098706 0 0
36 25656.1613384237 825130.779814681 1.49899877544799 117892633.078828 138194262.756256 71620147.4072966 99433465.7309854 21555654.8419661 12880059.4441094 31332.9312383177 431343.838661576 1640764107.85629 1851135228.68919 982944317.058389 1351543027.89556 278640372.055857 184056008.747927 0 0
37 25656.1613384237 825130.779913782 1.49902728074916 111519041.634325 130723110.846419 67748170.4495509 94057826.3044188 20390298.4181295 12183728.9395326 31332.9312383177 431343.838661576 1647137699.3008 1858606380.59903 986816294.016135 1356918667.32212 279805728.479693 184752339.252503 0 0
38 25656.1613384237 825130.779984294 1.49904879979964 105490010.880142 123655854.492478 64085515.2007786 88972797.6030381 19287941.9555176 11525042.5358425 31332.9312383177 431343.838661576 1653166730.05498 1865673636.95297 990478949.264907 1362003696.0235 280908084.942305 185411025.656193 0 0
39 25656.1613384237 825130.780000738 1.49906502450531 99786909.0731123 116970653.483189 60620862.8180877 84162665.1691448 18245178.8000055 10901964.6693805 31332.9312383177 431343.838661576 1658869831.86201 1872358837.96226 993943601.647598 1366813828.4574 281950848.097817 186034103.522655 0 0
40 25656.1613384237 825130.779900008 1.49907721816116 94392141.3122269 110646882.99824 57343524.3434742 79612589.0425055 17258791.875146 10312573.0540375 41070.4088421192 431343.838661576 1664264599.6229 1878682608.44721 997220940.122211 1371363904.58404 282937235.022677 186623495.137998 0 0
41 25656.1613384237 825130.779946567 1.49908641754057 89289028.3858245 104664991.5924 54243367.1031092 75308501.5771802 16325731.5304207 9755045.4450128 41070.4088421192 431343.838661576 1669367712.5493 1884664499.85305 1000321097.36258 1375667992.04937 283870295.367402 187181022.747023 0 0
42 25656.1613384237 825130.779965782 1.49909333943539 84461989.3082672 99006715.1658089 51310925.598946 71237261.3973168 15443148.9165017 9227679.58139343 41070.4088421192 431343.838661576 1674194751.62686 1890322776.27964 1003253538.86674 1379739232.22923 284752877.981321 187708388.610642 0 0
43 25656.1613384237 825130.779974839 1.49909856703843 79895749.8689091 93654149.2216019 48536920.6997157 67385985.8684269 14608251.2752321 8728806.7181871 41070.4088421192 431343.838661576 1678760991.06622 1895675342.22385 1006027543.76597 1383590507.75812 285587775.622591 188207261.473848 0 0
44 25656.1613384237 825130.77997821 1.49910250678457 75576387.7463623 88590973.9534447 45912894.5511484 63742932.571748 13818493.0297883 8256905.80762012 41070.4088421192 431343.838661576 1683080353.18877 1900738517.49201 1008651569.91454 1387233561.0548 286377533.868035 188679162.384415 0 0
45 25656.1613384237 825130.779979674 1.49910547893558 71490525.7881486 83801508.6043959 43430720.4908111 60296818.8970121 13071428.282797 7810515.36295994 41070.4088421192 431343.838661576 1687166215.14698 1905527982.84105 1011133743.97487 1390679674.72953 287124598.615026 189125552.829075 0 0
46 25656.1613384237 825130.779980715 1.49910772258535 67625548.3752262 79270965.0903558 41082734.4902415 57037004.5294605 12364750.3767294 7388257.09687054 41070.4088421192 431343.838661576 1691031192.5599 1910058526.35509 1013481729.97544 1393939489.09708 287831276.521094 189547811.095165 0 0
47 25656.1613384237 825130.779980959 1.49910941418794 63969511.3664728 74985342.4365939 38861680.4459369 53953415.4948681 11696275.4280237 6988826.08262623 41070.4088421192 431343.838661576 1694687229.56865 1914344149.00886 1015702784.01975 1397023078.13168 288499751.469799 189947242.109409 0 0
48 25656.1613384237 825130.779979475 1.49911068549638 60511135.2704995 70931418.773719 36760706.0312094 51036538.4004878 11063941.0786105 6610990.00811564 50807.8864459207 431343.838661576 1698145605.66463 1918398072.67173 1017803758.43448 1399939955.22606 289132085.819212 190325078.18392 0 0
49 25656.1613384237 825130.779980161 1.49911164459914 57239730.1818436 67096663.3475544 34773317.0946856 48277357.1244403 10465792.7711402 6253580.97493647 50807.8864459207 431343.838661576 1701417010.75329 1922232828.09789 1019791147.371 1402699136.50211 289730234.126682 190682487.217099 0 0
50 25656.1613384237 825130.779980443 1.49911236625298 54145302.8521508 63469362.0284485 32893442.7063889 45667443.12211 9900003.3260287 5915507.19618501 50807.8864459207 431343.838661576 1704511438.08298 1925860129.417 1021671021.7593 1405309050.50444 290296023.571794 191020560.995851 0 0
51 25656.1613384237 825130.779980577 1.49911291126212 51218063.9790787 60038039.7531612 31115135.8341892 43198539.8618239 9364782.85346755 5595699.16655972 50807.8864459207 431343.838661576 1707438676.95605 1929291451.69229 1023449328.6315 1407777953.76472 290831244.044355 191340369.025476 0 0
52 25656.1613384237 825130.779980626 1.49911332200131 48449088.6136314 56792234.6572451 29432974.5433483 40863119.8281899 8858499.50322989 5293181.81348314 50807.8864459207 431343.838661576 1710207652.3215 1932537256.7882 1025131489.92234 1410113373.79836 291337527.394593 191642886.378552 0 0
53 25656.1613384237 825130.779980648 1.49911363186356 45829801.0878722 53721894.3050458 27841749.0884759 38653950.0978131 8379585.28812893 5007018.22419054 50807.8864459207 431343.838661576 1712826939.84726 1935607597.1404 1026722715.37721 1412322543.52873 291816441.609694 191929049.967845 0 0
54 25656.1613384237 825130.779980663 1.49911386577468 43352114.0979926 50817538.7234869 26336546.4069337 36564209.6452815 7926561.51416196 4736324.84089655 50807.8864459207 431343.838661576 1715304626.83714 1938511952.72196 1028227918.05876 1414412283.98127 292269465.383661 192199743.351139 0 0
55 25656.1613384237 825130.779980666 1.49911404213096 41008370.697303 48070192.4059984 24912714.8793943 34587440.4186677 7498028.17442715 4480265.12338701 50807.8864459207 431343.838661576 1717648370.23783 1941259299.03945 1029651749.5863 1416389053.20788 292697998.723396 192455803.068649 0 0
56 25656.1613384237 825130.779980644 1.49911417467046 38791340.009025 45471379.2870335 23565861.7253487 32717543.7235957 7092663.16524449 4238049.08063103 50807.8864459207 431343.838661576 1719865400.92611 1943858112.15842 1030998602.74034 1418258949.90295 293103363.732578 192698019.111405 0 0
57 25656.1613384237 825130.779980614 1.49911427433161 36694173.094144 43013071.010171 22291826.1926869 30948743.001132 6709214.21697187 4008928.44923563 50807.8864459207 431343.838661576 1721962567.84099 1946316420.43528 1032272638.273 1420027750.62542 293486812.680851 192927139.7428 0 0
58 25656.1613384237 825130.779980614 1.49911434962296 34710384.9591622 40687665.8375246 21086668.6273516 29275568.6526945 6346495.60427737 3792194.72774857 50807.8864459207 431343.838661576 1723946355.97597 1948641825.60792 1033477795.83834 1421700924.97385 293849531.293545 193143873.464287 0 0
59 25656.1613384237 825130.779980662 1.49911440651856 32833846.2703251 38487978.9371223 19946665.4397043 27692851.051633 6003386.63115671 3587178.27141722 50807.8864459207 431343.838661576 1725822894.6648 1950841512.50833 1034617799.02599 1423283642.57491 294192640.266666 193348889.920619 0 0
60 25656.1613384237 825130.779980709 1.49911444944348 31058757.4848562 36407212.0594264 18868293.3891681 26195698.7248938 5678826.90105187 3393245.46596258 50807.8864459207 431343.838661576 1727597983.45027 1952922279.38602 1035696171.07652 1424780794.90165 294517199.996771 193542822.726073 0 0
61 25656.1613384237 825130.779980658 1.49911448175305 29379625.952145 34438926.6952455 17848215.6731279 24779479.0396144 5371812.13000014 3209796.22582781 50807.8864459207 431343.838661576 1729277114.98299 1954890564.7502 1036716248.79256 1426197014.58693 294824214.767822 193726271.966208 0 0
62 25656.1613384237 825130.779980354 1.49911450585831 27791261.7640169 32577039.2114022 16883279.4059555 23439814.7031418 5081393.38789148 3036263.54081003 50807.8864459207 431343.838661576 1730865479.17111 1956752452.23405 1037681185.05973 1427536678.92341 295114633.509931 193899804.651226 0 0
63 25656.1613384237 825130.77997955 1.49911452335719 26288776.2509903 30815819.0880394 15970514.7054815 22172582.4947396 4806676.82352229 2872113.31177277 50807.8864459207 431343.838661576 1732367964.68414 1958513672.35741 1038593949.76021 1428803911.13181 295389350.0743 194063954.880263 0 0
64 25656.1613384237 825130.779977882 1.49911453561147 24867544.3644123 29149844.8227941 15107111.8400234 20973881.5377821 4546816.78649192 2716840.24080193 50807.8864459207 431343.838661576 1733789196.57072 1960179646.62265 1039457352.62567 1430002612.08876 295649210.111331 194219227.951234 0 0
65 25656.1613384237 825130.779974857 1.49911454387966 23523172.898029 27573966.6799828 14290401.9228892 19840006.4970663 4301010.01679011 2569964.35933439 50807.8864459207 431343.838661576 1735133568.0371 1961755524.76547 1040274062.5428 1431136487.12948 295895016.881033 194366103.832701 0 0
66 25656.1613384237 825130.77996978 1.49911455066994 22251487.3483274 26083291.2882365 13517848.9299939 18767436.4965109 4068493.24232334 2431029.59261814 50807.8864459207 431343.838661576 1736405253.5868 1963246200.15721 1041046615.5357 1432209057.13004 296127533.655499 194505038.599418 0 0
67 25656.1613384237 825130.779967554 1.49911455862895 21048516.8680814 24673164.0029804 12787040.5590905 17752822.4286162 3848540.42779999 2299602.11585022 50807.8864459207 431343.838661576 1737608224.06705 1964656327.44247 1041777423.9066 1433223671.19793 296347486.470023 194636466.076185 0 0
68 25656.1613384237 825130.779974957 1.49911456396965 19910578.0555978 23339267.1245576 12095739.1320025 16793057.6243185 3640478.09487397 2175279.50835745 50807.8864459207 431343.838661576 1738746162.87953 1965990224.32089 1042468725.33369 1434183436.00223 296555548.802948 194760788.683678 0 0
69 25656.1613384237 825130.779978639 1.49911456809049 18834158.4152658 22077483.2901719 11441810.7965387 15885179.5608304 3443664.01390765 2057678.02137555 50807.8864459207 431343.838661576 1739822582.51986 1967252008.15528 1043122653.66915 1435091314.06572 296752362.883915 194878390.17066 0 0
70 25656.1613384237 825130.77997766 1.49911457126524 17815932.925578 20883914.8949954 10823235.5916186 15026383.8355065 3257490.23329215 1946434.388146 50807.8864459207 431343.838661576 1740840808.00955 1968445576.55045 1043741228.87407 1435950109.79104 296938536.66453 194989633.80389 0 0
71 25656.1613384237 825130.779997647 1.4991145735791 16852755.4667659 19754874.0436049 10238102.2395339 14214016.9357052 3081381.51206413 1841204.8873643 50807.8864459207 431343.838661576 1741803985.46836 1969574617.40184 1044326362.22616 1436762476.69084 297114645.385758 195094863.304671 0 0
72 25656.1613384237 825130.779992764 1.49911457534353 15941649.9825752 18686872.1897764 9684602.7766989 13445568.7844199 2914793.70391241 1741664.37758211 50807.8864459207 431343.838661576 1742715090.95255 1970642619.25567 1044879861.68899 1437530924.84213 297281233.19391 195194403.814454 0 0
