"Time" "IECs" "pheme_e" "BiomassCD" "pro_L_e" "leu_L_e" "ile_L_e" "val_L_e" "trp_L_e" "cys_L_e" "Drug" "Damage" "pro_L_v" "leu_L_v" "ile_L_v" "val_L_v" "trp_L_v" "cys_L_v" "CD" "pheme_c"
0 457000 1e+05 0.4963 224235600.199112 195370466.451958 120509812.093413 157438605.791629 18978882.6152 31300034.1459915 0 0 0 0 0 0 0 0 45700000 1000
1 375991.673149477 131133.890739026 0.594123778009767 283154623.593374 302524913.031131 165868930.955998 225386702.521803 42691292.7749175 33322294.2817064 0 81008.326850523 231041273.569318 229759184.792153 131153502.028076 175770995.921927 29104657.4253466 29084937.374886 48532264.05109 765.315969321047
2 305187.434576331 203322.563389077 0.697812003168557 315684574.698338 354275235.433615 189055776.957871 259351517.630483 53270683.5103519 35291989.5059907 0 151812.565423669 451771340.814013 472483690.615381 262134406.229552 354745146.812979 64688956.8995686 54304069.7626896 52252899.7914896 1030.54480082216
3 243393.736751326 279971.77294335 0.803528842640602 341835838.169505 390602518.173824 206365265.795528 284124970.151838 59979253.1768223 37491623.3415452 0 213606.263248674 646431436.929093 693156397.129369 379238647.002331 515715092.842843 98268886.6011893 75833215.8919371 57057141.4698001 1251.6654349226
4 189784.293112279 349521.661786713 0.907130633866572 367487991.744692 423451409.141469 222622289.701695 307079236.179634 65596633.1448534 39991303.1917712 0 267215.706887721 812057454.791538 883269182.25652 479417175.440994 653777195.786753 127603489.508731 93919562.3991051 63165462.9127615 1399.6452344353
5 143830.942041438 407848.977002199 1.00479454178408 394211795.88032 456479273.24044 239215033.86338 330397743.157393 71010764.1978701 42770451.3005384 0 313169.057958562 948908528.140162 1041361305.26118 562396229.691582 768310918.3531 152149082.34224 108786501.101541 70824627.4675852 1486.45767758582
6 105208.205498012 453116.985974254 1.09354970413362 421840402.573006 490281791.005482 256210121.986782 354302599.560947 76437406.5835241 45744565.8731808 0 351791.794501988 1058238090.66908 1168190748.78025 628770897.412605 860039107.836406 171901978.096346 120643517.361574 80308688.172192 1526.50513439875
7 73671.3533948023 484390.427598907 1.17156369803193 449261012.80718 523999360.556402 273002643.089492 378046663.729864 81794379.5964474 48774182.3640163 0 383328.646605198 1141939980.45898 1265634947.12658 679621701.037344 930403367.995139 187103750.99496 129724052.078371 91917618.0907838 1529.99583360558
8 48920.0032703594 501424.816229717 1.23815205240086 474797345.066345 555992869.684362 288606419.283436 400345359.60836 86849349.7838255 51679627.4920677 9737.47760380151 408079.996729641 1202657685.22831 1336582303.16617 716523701.256778 981544008.926658 198182385.974584 136323125.398106 105972233.684214 1503.62808156903
9 47698.0312002131 657990.769226302 1.29357860063312 431941939.232703 505936198.12648 262560086.924705 364255913.194386 79032547.1037155 47023988.8699364 6668.1559740989 409301.968799787 1249733223.66374 1391721156.56379 745138995.978455 1021242368.53392 206795635.468846 141448001.295173 3561.01427431337 86.5438585971279
10 47697.9369689608 730055.103853395 1.3387576063596 389538919.667821 456269294.8135 236785001.482687 328497521.205997 71274055.4234733 42407722.9678515 6582.33777419172 409302.063031039 1292136569.22632 1441388451.78455 770914279.867676 1057001039.06771 214554188.567348 146064303.38206 2.23580426403257 2.16444586653994
11 47697.9369085158 760378.724220243 1.37495892902775 351298274.784293 411477795.964012 213540055.475492 296249249.162954 64277152.9193275 38244599.3560274 6580.2253999308 409302.063091484 1330377214.31947 1486179950.88543 794159226.002474 1089249311.28965 221551091.110891 150227427.017094 0.00149907598359644 0.0531134089540876
12 47697.9369084753 773138.163065568 1.40357089547919 316811675.470638 371083433.411024 192577042.391751 267166757.485114 57967129.281687 34490165.3932862 6580.17358832601 409302.063091525 1364863813.63327 1526574313.43859 815122239.086301 1118331802.96761 227861114.748558 153981860.979851 1.04961643555116e-06 0.00130252976559168
13 47697.9369084752 778507.026776475 1.42594007851048 285710591.012397 334654544.9036 173671947.270977 240939264.837833 52276554.3339256 31104300.445974 6580.17231777432 409302.063091525 1395964898.09151 1563003201.94601 834027334.207075 1144559295.61489 233551689.696319 157367725.927164 7.7605163069988e-08 3.19787130426557e-05
14 47697.9369084752 780766.024687039 1.44328039309775 257662671.566487 301801847.05854 156622748.04525 217286501.152797 47144617.9234757 28050822.7634046 6580.17228656134 409302.063091525 1424012817.53742 1595855899.79107 851076533.432803 1168212059.29992 238683626.106769 160421203.609733 8.81582938268938e-08 7.65930989273276e-07
15 47697.9369084752 781716.51024861 1.4566339090048 232368195.576128 272174274.201918 141247256.066186 195955711.741106 42516479.9053063 25297102.7208969 6580.17228580511 409302.063091525 1449307293.52777 1625483472.6477 866452025.411866 1189542848.71162 243311764.124939 163174923.652241 9.77158958605758e-08 9.88298076967894e-09
16 47697.9369084752 782116.712582709 1.4668651977598 209556835.529591 245455190.08272 127381150.140104 176718929.863023 38342678.3718105 22813710.7193802 16317.6498895885 409302.063091525 1472118653.57431 1652202556.76689 880318131.337948 1208779630.5897 247485565.658435 165658315.653757 1.03329155277864e-07 0
17 47697.9369084752 782284.824917046 1.47467326247599 188985038.153137 221359319.27698 114876384.052949 159370767.449048 34578650.3059064 20574131.9762766 16317.6498895885 409302.063091525 1492690450.95076 1676298427.57263 892822897.425103 1226127793.00367 251249593.724339 167897894.396861 -5.83863523901107e-09 -2.36480935435228e-13
18 47697.9369084752 782355.762243485 1.48061445158921 170432685.640906 199628836.466133 103599157.066579 143725599.520656 31184120.6852466 18554403.0454194 16317.6498895885 409302.063091525 1511242803.463 1698028910.38348 904100124.411473 1241772960.93207 254644123.344999 169917623.327718 -5.83863523901107e-09 -1.18557763759183e-12
19 47697.9369084752 782385.654021438 1.48512514178769 153701590.068529 180031602.934564 93428998.7335072 129616294.5318 28122827.004616 16732947.9091939 16317.6498895885 409302.063091525 1527973899.03537 1717626143.91505 914270282.744545 1255882265.92092 257705417.025629 171739078.463943 -5.83863523901107e-09 -2.18557763759184e-12
20 47697.9369084752 782398.1654211 1.48854378705209 138612980.492688 162358223.194112 84257241.4060585 116892095.244171 25362059.4897689 15090304.4079645 16317.6498895885 409302.063091525 1543062508.61121 1735299523.6555 923442040.071993 1268606465.20855 260466184.540477 173381721.965173 -5.83863523901107e-09 -3.18557763759184e-12
21 47697.9369084752 782403.479485934 1.49113196389108 125005482.83738 146419678.812618 75985792.2906839 105416915.168644 22872291.4765991 13608904.3174434 16317.6498895885 409302.063091525 1556670006.26652 1751238068.03699 931713489.187368 1280081645.28408 262955952.553646 174863122.055694 -5.83863523901107e-09 -4.18557763759185e-12
22 47697.9369084752 782405.706923602 1.49308948435187 112733711.753036 132045679.04999 68526277.4959057 95068151.0824292 20626921.7631732 12272920.04938 16317.6498895885 409302.063091525 1568941777.35087 1765612067.79962 939173003.982146 1290430409.37029 265201322.267072 176199106.323757 -5.83863523901107e-09 -5.18557763759185e-12
23 47697.9369084752 782406.282070617 1.49456797037261 101666730.515731 119082856.928824 61799105.8671482 85735384.2646438 18601992.8170166 11068096.98624 16317.6498895885 409302.063091525 1580008758.58817 1778574889.92079 945900175.610904 1299763176.18808 267226251.213229 177403929.386897 -5.83863523901107e-09 -6.18557763759185e-12
24 47697.9369084752 782406.725538749 1.49568450330208 91686198.3521006 107392599.184859 55732342.8202613 77318818.1385004 16775851.790586 9981551.78702902 26055.12749339 409302.063091525 1589989290.7518 1790265147.66475 951966938.65779 1308179742.31422 269052392.23966 178490474.586108 0 0
25 47697.9369084752 782407.005407405 1.49652722618124 82685605.4759444 96850150.2607239 50261245.3511181 69728633.1789529 15129010.5556823 9001689.10843581 26055.12749339 409302.063091525 1598989883.62796 1800807596.58889 957438036.126933 1315769927.27377 270699233.474564 179470337.264701 0 0
26 47697.9369084752 782407.123704112 1.49716322634085 74568453.6094854 87342481.1394718 45327156.0478587 62883452.5493107 13643812.792869 8118003.52462423 26055.12749339 409302.063091525 1607107035.49442 1810315265.71014 962372125.430193 1322615107.90341 272184431.237377 180354022.848513 0 0
27 47697.9369084752 782407.173610947 1.49764305939652 67248151.8901069 78768167.4195111 40877439.8167919 56710254.319562 12304414.9454955 7321068.19496805 26055.12749339 409302.063091525 1614427337.21379 1818889579.4301 966821841.661259 1328788306.13316 273523829.084751 181150958.178169 0 0
28 47697.9369084752 782407.194675202 1.49800505036829 60646437.6437497 71035539.5569255 36864523.9342244 51143039.7072141 11096497.2681218 6602362.93924215 26055.12749339 409302.063091525 1621029051.46015 1826622207.29268 970834757.543827 1334355520.74551 274731746.762124 181869663.433895 0 0
29 47697.9369084752 782407.202424048 1.49827799574096 54692832.9094865 64062046.2894171 33245567.6896645 46122374.7653737 10007164.3866539 5954215.07137728 26055.12749339 409302.063091525 1626982656.19441 1833595700.56019 974453713.788387 1339376185.68735 275821079.643592 182517811.30176 0 0
30 47697.9369084752 782407.206606543 1.49848383380445 49323686.6824745 57773132.8096798 29981880.2039342 41594582.7078264 9024770.05724314 5369695.13184133 26055.12749339 409302.063091525 1632351802.42143 1839884614.03993 977717401.274117 1343903977.74489 276803473.973003 183102331.241296 0 0
31 47697.9369084752 782407.208139404 1.49863906450924 44481609.7496214 52101578.7849924 27038576.8885594 37511267.3068959 8138813.75799499 4842555.3601993 26055.12749339 409302.063091525 1637193879.35428 1845556168.06462 980660704.589492 1347987293.14582 277689430.272251 183629471.012938 0 0
32 47697.9369084752 782407.205477888 1.4987561156184 40114841.4749224 46986756.669051 24384194.5401108 33828778.9045759 7339824.82948845 4367160.759275 35792.6050971915 409302.063091525 1641560647.62898 1850670990.18056 983315086.93794 1351669781.54814 278488419.200758 184104865.613862 0 0
33 47697.9369084752 782407.20786165 1.49884432167557 36176874.8720064 42374192.5471727 21990463.4369232 30507898.2368328 6619293.87418483 3938448.27812656 35792.6050971915 409302.063091525 1645498614.23189 1855283554.30244 985708818.041128 1354990662.21588 279208950.156061 184533578.09501 0 0
34 47697.9369084752 782407.20886924 1.49891083182738 32625432.1950235 38214366.2397 19831684.6421038 27512972.5511103 5969485.31997878 3551815.28825347 35792.6050971915 409302.063091525 1649050056.90888 1859443380.60991 987867596.835947 1357985587.90161 279858758.710268 184920211.084884 0 0
35 47697.9369084752 782407.209294316 1.49896097727203 29422630.0040196 34462904.6440738 17884830.3401179 24812054.8056845 5383467.62226043 3203137.55367944 35792.6050971915 409302.063091525 1652252859.09988 1863194842.20554 989814451.137933 1360686505.64703 280444776.407986 185268888.819458 0 0
36 47697.9369084752 782407.209473737 1.49899878858864 26534226.5299189 31079700.1688809 16129086.340311 22376268.9738087 4854975.55405575 2888687.29424288 35792.6050971915 409302.063091525 1655141262.57398 1866578046.68073 991570195.13774 1363122291.47891 280973268.476191 185583339.078894 0 0
37 47697.9369084752 782407.20953974 1.49902728779445 23929386.030475 28028634.722553 14545708.838393 20179611.3254802 4378367.09016272 2605107.53186358 35792.6050971915 409302.063091525 1657746103.07343 1869629112.12706 993153572.639658 1365318949.12724 281449876.940084 185866918.841273 0 0
38 47697.9369084752 782407.209575357 1.49904877395382 21580259.7225085 25277088.8567594 13117769.6820447 18198597.0282954 3948546.73019455 2349366.46811925 35792.6050971915 409302.063091525 1660095229.38139 1872380657.99285 994581511.796006 1367299963.42442 281879697.300052 186122659.905018 0 0
39 47697.9369084752 782407.209588421 1.49906497403555 19461738.4941648 22795652.1167779 11830006.0546705 16412051.6101092 3560920.25226577 2118730.56290453 35792.6050971915 409302.063091525 1662213750.60974 1874862094.73283 995869275.42338 1369086508.84261 282267323.777981 186353295.810232 0 0
40 47697.9369084752 782407.209565788 1.49907718760099 17551175.8371488 20557798.5103438 10668652.0570765 14800877.3082504 3211344.01781832 1910734.3710444 45530.082700993 409302.063091525 1664124313.26675 1877099948.33927 997030629.420974 1370697683.14447 282616900.012428 186561292.002093 0 0
41 47697.9369084752 782407.209586067 1.49908639026339 15828224.3060292 18539694.951443 9621339.29767633 13347915.1559263 2896095.04853043 1723162.73819769 45530.082700993 409302.063091525 1665847264.79787 1879118051.89817 998077942.180374 1372150645.29679 282932148.981716 186748863.63494 0 0
42 47697.9369084752 782407.209594639 1.49909332872667 14274385.5190999 16719674.1735963 8676823.35616023 12037565.4986991 2611788.68983633 1554001.81104409 45530.082700993 409302.063091525 1667401103.5848 1880938072.67602 999022458.12189 1373460994.95402 283216455.34041 186918024.562093 0 0
43 47697.9369084752 782407.209598256 1.4990985596288 12873085.059206 15078322.4616514 7825029.3126873 10855851.1582282 2355392.31555344 1401447.19147198 45530.082700993 409302.063091525 1668802404.04469 1882579424.38796 999874252.165363 1374642709.29449 283472851.714693 187070579.181666 0 0
44 47697.9369084752 782407.209599782 1.49910250369578 11609341.349319 13598091.8037383 7056850.47069963 9790138.19559468 2124164.74194488 1263867.88823457 45530.082700993 409302.063091525 1670066147.75458 1884059655.04588 1000642431.00735 1375708422.25712 283704079.288301 187208158.484903 0 0
45 47697.9369084752 782407.209600343 1.49910547630507 10469663.0358338 12263179.6957047 6364085.98036652 8829049.37480669 1915637.45190991 1139795.14543286 45530.082700993 409302.063091525 1671205826.06806 1885394567.15391 1001335195.49768 1376669511.07791 283912606.578336 187332231.227705 0 0
46 47697.9369084752 782407.209600646 1.49910771735173 9441865.630819 11059314.3730734 5739329.38280225 7962309.53751532 1727581.04596032 1027902.48100662 45530.082700993 409302.063091525 1672233623.47308 1886598432.47654 1001959952.09525 1377536250.9152 284100662.984286 187444123.892131 0 0
47 47697.9369084752 782407.209600757 1.49910940701255 8514963.31444676 9973628.07857337 5175902.84112616 7180654.36018406 1557985.4452779 926993.907647991 45530.082700993 409302.063091525 1673160525.78945 1887684118.77104 1002523378.63692 1378317906.09254 284270258.584968 187545032.465489 0 0
48 47697.9369084752 782407.209600565 1.49911068085965 7679047.70666038 8994515.06666045 4667783.45064769 6475728.12243818 1405037.71052933 835990.735102181 55267.5603047945 409302.063091525 1673996441.39724 1888663231.78295 1003031498.0274 1379022832.33028 284423206.319717 187636035.638035 0 0
49 47697.9369084752 782407.209600737 1.49911164066408 6925216.43758171 8111547.93760265 4209559.81969744 5840023.47060851 1267108.97237173 753923.793880617 55267.5603047945 409302.063091525 1674750272.66632 1889546198.91201 1003489721.65835 1379658536.98211 284561135.057875 187718102.579257 0 0
50 47697.9369084752 782407.20960081 1.49911236431462 6245375.81189915 7315246.49708339 3796312.11726596 5266715.00493898 1142718.3248953 679911.952031562 55267.5603047945 409302.063091525 1675430113.292 1890342500.35253 1003902969.36078 1380231845.44778 284685525.705351 187792114.421106 0 0
51 47697.9369084752 782407.209600841 1.49911290986996 5632274.25475374 6597116.93157043 3423632.40340933 4749687.48444662 1030538.94522738 613165.756275319 55267.5603047945 409302.063091525 1676043214.84915 1891060629.91804 1004275649.07464 1380748872.96827 284797705.085019 187858860.616862 0 0
52 47697.9369084752 782407.209600854 1.49911332121276 5079356.97596608 5949481.57564485 3087536.28549308 4283413.26550647 929371.501401481 552971.609813189 55267.5603047945 409302.063091525 1676596132.12793 1891708265.27396 1004611745.19255 1381215147.18721 284898872.528845 187919054.763324 0 0
53 47697.9369084752 782407.209600859 1.49911363123678 4580721.19463629 5365426.46630404 2784435.70103217 3862914.54283144 838135.95978869 498686.897788209 55267.5603047945 409302.063091525 1677094767.90926 1892292320.38331 1004914845.77701 1381635645.90989 284990108.070458 187973339.475349 0 0
54 47697.9369084752 782407.209600862 1.49911386496245 4131035.91440978 4838707.37524479 2511090.15230995 3483695.69608778 755856.906353434 449731.253502379 55267.5603047945 409302.063091525 1677544453.18949 1892819039.47436 1005188191.32574 1382014864.75663 285072387.123893 188022295.119635 0 0
55 47697.9369084752 782407.209600862 1.49911404118209 3725494.58365847 4363694.35944696 2264577.9304113 3141703.36830482 681654.884872357 405581.404698204 55267.5603047945 409302.063091525 1677949994.52024 1893294052.49016 1005434703.54764 1382356857.08441 285146589.145374 188066444.968439 0 0
56 47697.9369084752 782407.209600861 1.49911417403523 3359762.05408677 3935309.63346756 2042263.87349802 2833281.73615586 614736.691934212 365765.399129931 55267.5603047945 409302.063091525 1678315727.04981 1893722437.21614 1005657017.60455 1382665278.71656 285213507.338312 188106260.974007 0 0
57 47697.9369084752 782407.209600859 1.49911427389825 3029941.804177 3548989.17806394 1841779.443263 2555144.86954441 554389.379803633 329859.036296098 55267.5603047945 409302.063091525 1678645547.29972 1894108757.67155 1005857502.03479 1382943415.58317 285273854.650443 188142167.336841 0 0
58 47697.9369084752 782407.209600859 1.49911434912948 2732502.68342237 3200596.93527043 1660978.19570343 2304314.95513805 499966.85279101 297477.892343556 55267.5603047945 409302.063091525 1678942986.42048 1894457149.91434 1006038303.28234 1383194245.49758 285328277.177455 188174548.480794 0 0
59 47697.9369084752 782407.209600862 1.49911440615086 2464255.53665645 2886397.4283339 1497921.57199326 2078102.58370438 450885.590198891 268274.775240976 55267.5603047945 409302.063091525 1679211233.56724 1894771349.42127 1006201359.90605 1383420457.86901 285377358.440048 188203751.597896 0 0
60 47697.9369084752 782407.209600863 1.49911444913046 2222342.04161665 2603042.68708432 1350872.11328815 1874097.33684705 406622.603927552 241938.509563912 55267.5603047945 409302.063091525 1679453147.06228 1895054704.16252 1006348409.36476 1383624463.11587 285421621.426319 188230087.863573 0 0
61 47697.9369084752 782407.209600863 1.49911448153137 2004176.95351216 2347504.5986475 1218258.35352729 1690119.0819461 366704.870945909 218187.648865402 55267.5603047945 409302.063091525 1679671312.15039 1895310242.25096 1006481023.12452 1383808441.37077 285461539.159301 188253838.724272 0 0
62 47697.9369084752 782407.209600863 1.49911450595745 1807428.91313332 2117052.42786746 1098663.15345695 1524201.78766875 330705.821745414 196768.386322787 55267.5603047945 409302.063091525 1679868060.19077 1895540694.42174 1006600618.32459 1383974358.66505 285497538.208501 188275257.986814 0 0
63 47697.9369084752 782407.209600864 1.49911452437303 1629995.49998713 1909223.59689299 990808.536437531 1374572.48632004 298240.775804614 177451.838860904 55267.5603047945 409302.063091525 1680045493.60391 1895748523.25272 1006708472.94161 1384123987.9664 285530003.254442 188294574.534276 0 0
64 47697.9369084752 782407.209600864 1.49911453826061 1469980.670145 1721797.25799216 893541.973820988 1239632.24721759 268962.813385247 160031.590890449 55267.5603047945 409302.063091525 1680205508.43375 1895935949.59162 1006805739.50423 1384258928.2055 285559281.216861 188311994.782247 0 0
65 47697.9369084752 782407.209600851 1.49911454874649 1325674.03620886 1552770.02405118 805823.79007777 1117938.70352153 242558.984381298 144321.438591258 55267.5603047945 409302.063091525 1680349815.06769 1896104976.82556 1006893457.68797 1384380621.7492 285585685.045865 188327704.934546 0 0
66 47697.9369084752 782407.209600785 1.49911455663836 1195533.79746508 1400335.97456032 726716.786725687 1008191.65726174 218747.185044029 130153.531578592 55267.5603047945 409302.063091525 1680479955.30644 1896257410.87505 1006972564.69132 1384490368.79546 285609496.845202 188341872.841559 0 0
67 47697.9369084752 782407.209600639 1.49911456254698 1078169.20515312 1262866.11707699 655375.58367383 909218.292328248 197272.949646823 117376.46395903 55267.5603047945 409302.063091525 1680597319.89875 1896394880.73253 1007043905.89437 1384589342.16039 285630971.0806 188354649.909178 0 0
68 47697.9369084752 782407.209600454 1.49911456696794 972326.347129534 1138891.73671653 591037.97829299 819961.186701974 177906.849500791 105853.726757162 55267.5603047945 409302.063091525 1680703162.75677 1896518855.11289 1007108243.49976 1384678599.26602 285650337.180746 188366172.64638 0 0
69 47697.9369084752 782407.209600387 1.49911457030184 876874.027767813 1027087.85719355 533016.362376197 739466.404997919 160441.909395733 95462.1707102837 55267.5603047945 409302.063091525 1680798615.07613 1896630658.99242 1007166265.11567 1384759094.04772 285667802.120851 188376564.202427 0 0
70 47697.9369084752 782407.209600689 1.49911457286483 790792.182783939 926259.671036844 480690.679978308 666873.728706829 144691.487857216 86090.7450314715 55267.5603047945 409302.063091525 1680884696.92112 1896731487.17857 1007218590.79807 1384831686.72401 285683552.542389 188385935.628106 0 0
71 47697.9369084752 782407.209601252 1.49911457482833 713160.845356514 835329.615539162 433501.720365375 601407.351342715 130487.258274197 77639.2961901486 55267.5603047945 409302.063091525 1680962328.25854 1896822417.23407 1007265779.75768 1384897153.10138 285697756.771972 188394387.076947 0 0
72 47697.9369084752 782407.209601628 1.49911457628186 643150.538554221 753326.119349319 390945.277958712 542367.776392958 117677.450998533 70017.5219696792 55267.5603047945 409302.063091525 1681032338.56535 1896904420.73026 1007308336.20009 1384956192.67633 285710566.579248 188402008.851168 0 0
