"Time" "IECs" "pheme_e" "BiomassCD" "pro_L_e" "leu_L_e" "ile_L_e" "val_L_e" "trp_L_e" "cys_L_e" "Drug" "Damage" "pro_L_v" "leu_L_v" "ile_L_v" "val_L_v" "trp_L_v" "cys_L_v" "CD" "pheme_c"
0 457000 1e+05 0.4963 224235600.199112 195370466.451958 120509812.093413 157438605.791629 18978882.6152 31300034.1459915 0 0 0 0 0 0 0 0 45700000 1000
1 343270.180139364 148762.626425811 0.594123777919188 368665654.118182 400815546.523549 217668110.576568 296754627.750207 57916180.9185718 42606811.689228 0 113729.819860636 262712369.730835 267557240.728795 150684124.689192 202869177.137959 35214080.927344 32365473.2832477 48532264.0528964 865.282986837858
2 252779.296291898 248281.605852495 0.697812003499742 433816170.872049 489800518.877762 260524063.395377 357806637.727124 74195492.9573187 48170461.58543 0 204220.703708102 521209182.614945 554923854.296196 304841746.951275 413948062.872415 77933895.4083904 61550322.7844729 52252899.7984204 1257.49465565068
3 181398.440925185 346260.665045315 0.803529047386575 476261348.488378 544988117.364071 287687161.264582 396216536.939698 83812571.8476794 52165978.0378806 0 275601.559074815 733695894.539553 796609233.280044 432862677.536854 590039304.453786 114855749.355122 84965054.79284 57057131.13274 1548.07866489466
4 125940.18676128 427461.919077986 0.907130884613246 511031285.343008 588679880.115272 309479040.657819 426913204.842496 91117298.2678655 55680435.1457853 0 331059.813238721 896512128.936497 983568349.596526 531347243.513112 725786984.696441 143707888.964005 102746567.283875 63165448.6585523 1712.17285324612
5 83862.7681020321 487898.32698222 1.00479478429605 541994422.304802 627095157.459791 328650469.930071 453954826.93789 97372873.4665648 58959760.5951997 0 373137.231897968 1014824003.04929 1120153056.45582 603044641.617547 824752243.210962 164884221.729695 115624970.599611 70824613.9262941 1778.71095121823
6 53014.6213733032 527380.463921235 1.09354991976276 569326259.772435 661214965.44336 345463783.245651 477840114.503068 102846080.113381 61965646.603282 0 403985.378626697 1096076873.65368 1214330690.71703 652331759.147946 892873927.094051 179520629.775825 124464772.935361 80308676.4173882 1777.15907446896
7 31436.3782824261 547364.278795416 1.171564006387 591949748.058073 690233671.66679 359332894.83863 497854428.916605 107460931.967952 64566146.8259318 0 425563.621717574 1148269485.3264 1275055897.50856 684008234.240668 936720665.455767 188970430.043486 130150318.059608 91917613.7466234 1729.28838499207
8 17244.3833248231 550310.084033967 1.23815299496199 608704602.8182 713109474.290482 369586461.810009 513145960.076987 111079200.695692 66636210.8559731 9737.47760380151 439755.616675177 1179207377.59455 1311204601.91354 702790658.990983 962767494.045358 194599802.477591 133529980.093286 105972252.357806 1650.50621009808
9 16790.8993423313 713583.212490098 1.29357937623453 588363751.245389 689427907.816115 357238545.597398 496050875.605264 107391960.658804 64421266.4348006 7366.33798679849 440209.100657669 1201027214.13001 1336772208.27109 716039069.019964 981163758.790981 198582457.483503 135919062.363736 14.0157943087639 144.172319378699
10 16790.8992273134 787712.270287953 1.33875823260872 567347064.830127 664801152.528739 344477782.426633 478331657.403036 103555859.008844 62120102.3157374 7232.56048908881 440209.100772687 1222043900.91958 1361398964.03682 728799832.418633 998882977.322875 202418559.208387 138220226.526966 7.36150133889814e-05 10.3983894505627
11 16790.8992273127 819222.001230132 1.374959427008 547081106.018412 641054078.45308 332172840.737547 461245379.411677 99856785.0143162 59901137.0421844 7222.92491044741 440209.100772688 1242309859.7313 1385146038.11248 741104774.107721 1015969255.31424 206117633.202916 140439191.800519 1.91574264257482e-08 0.762810831741312
12 16790.8992273127 832615.710989538 1.40357128668936 527539058.745183 618155263.326746 320307438.541849 444769432.957189 96289844.0400529 57761434.4662393 7222.21812727858 440209.100772688 1261851907.00453 1408044853.23882 752970176.303419 1032445201.76872 209684574.177179 142578894.376464 2.27340835520734e-08 0.0560276629871466
13 16790.8992273127 838308.919174197 1.42594038294579 508695064.479869 596074406.859151 308865875.239641 428882016.651052 92850316.2196585 55698163.2794059 7222.16621525873 440209.100772688 1280695901.26984 1430125709.70641 764411739.605627 1048332618.07486 213124101.997574 144642165.563298 2.74137712709677e-08 0.00411564322656402
14 16790.8992273127 840728.907018727 1.44328064342015 490524188.373267 574782291.103264 297833011.065354 413562107.862701 89533650.2830402 53708593.3091327 7222.16240192496 440209.100772688 1298866777.37644 1451417825.4623 775444603.779914 1063652526.86321 216440767.934192 146631735.533571 3.31483471229355e-08 0.000302309577971702
15 16790.8992273127 841757.567264792 1.45663415883299 473002386.262616 554250741.793091 287194247.054117 398789434.901425 86335457.5339604 51790091.9061235 7222.16212183894 440209.100772688 1316388579.48709 1471949374.77248 786083367.79115 1078425199.82449 219638960.683272 148550236.93658 4.01678862036151e-08 2.22237036098039e-05
16 16790.8992273127 842194.883425598 1.46686568059679 456106459.656328 534452575.596066 276935497.70971 384544439.063884 83251503.6335583 49940119.0155154 16959.6397049994 440209.100772688 1333284506.09338 1491747540.9695 796342117.135557 1092670195.66203 222722914.583674 150400209.827188 0 1.58277339480403e-06
17 16790.8992273127 842381.026445535 1.47467569227889 439814108.376578 515361661.798136 267043222.967715 370808319.017209 80277718.2090166 48156232.9408337 16959.6397032515 440209.100772688 1349576857.37313 1510838454.76743 806234391.877552 1106406315.7087 225696700.008216 152184095.90187 0 -1.65157902273137e-07
18 16790.8992273127 842459.496313777 1.48061539985764 424103742.194805 496952701.5836 257504313.825693 357562871.988438 77410160.4720533 46436069.7195404 16959.6397032515 440209.100772688 1365287223.5549 1529247414.98197 815773301.019574 1119651762.73748 228564257.745179 153904259.123163 0 -1.65157902273137e-07
19 16790.8992273127 842493.485488023 1.48512560298516 408954523.704395 479201278.272104 248306118.374315 344790529.910581 74645027.044322 44777347.817261 16959.6397032515 440209.100772688 1380436442.04531 1546998838.29346 824971496.470952 1132424104.81533 231329391.17291 155562981.025443 0 -1.65157902273137e-07
20 16790.8992273127 842507.711757498 1.4885440521385 394346443.021567 462083944.851009 239436487.153721 332474422.403113 71978665.5923001 43177876.3069509 16959.6397032515 440209.100772688 1395044522.72814 1564116171.71456 833841127.691546 1144740212.3228 233995752.624932 157162452.535753 0 -1.65157902273137e-07
21 16790.8992273127 842513.738768763 1.49113158103731 380260171.736369 445578052.839325 230883684.476513 320598253.637712 69407548.1694806 41635538.8776637 16959.6397032515 440209.100772688 1409130794.01334 1580622063.72624 842393930.368754 1156616381.0882 236566870.047752 158704789.96504 0 -1.65157902273137e-07
22 16790.8992273127 842516.26636402 1.49308824067925 366677070.501697 429661761.180307 222636393.035608 309146308.736579 66928272.6015675 40148294.6654891 16959.6397032515 440209.100772688 1422713895.24801 1596538355.38526 850641221.809659 1168068325.98934 239046145.615665 160192034.177214 0 -1.65157902273137e-07
23 16790.8992273127 842517.351044064 1.49456742896867 353579157.162656 414313998.896345 214683694.553242 298103426.902228 64537556.6692414 38714174.7639655 16959.6397032515 440209.100772688 1435811808.58705 1611886117.66922 858593920.292025 1179111207.82369 241436861.547991 161626154.078738 0 -1.65157902273137e-07
24 16790.8992273127 842517.838690874 1.49568482074147 340949103.006154 399514460.694351 207015067.503832 287454998.255509 62232237.4236111 37331281.8134395 26697.117307053 440209.100772688 1448441862.74355 1626685655.87122 866262547.341435 1189759636.47041 243742180.793621 163009047.029264 0 0
25 16790.8992273127 842517.975249928 1.49652779637048 328770262.586884 385243641.914988 199620405.223497 277186988.98196 60009276.6302442 35997793.2667796 26697.117307053 440209.100772688 1460620703.16282 1640956474.65058 873657209.62177 1200027645.74396 245965141.586988 164342535.575924 0 0
26 16790.8992273127 842518.031967624 1.497163345451 317026353.797984 371482463.648576 192489821.65763 267285671.598629 57865702.3735938 34711926.3595954 26697.117307053 440209.100772688 1472364611.95172 1654717652.917 880787793.187637 1209928963.12729 248108715.843638 165628402.483108 0 0
27 16790.8992273127 842518.058182563 1.4976424677219 305702099.916534 358213025.065739 185614041.193539 257738166.264149 55798726.2472981 33472008.4092387 26697.117307053 440209.100772688 1483688865.83317 1667987091.49983 887663573.651728 1219476468.46177 250175691.969934 166868320.433465 0 0
28 16790.8992273127 842518.07376615 1.49800454307255 294782267.146604 345417475.637728 178983814.282642 248531629.329004 53805567.6803076 32276371.4332337 26697.117307053 440209.100772688 1494608698.6031 1680782640.92784 894293800.562625 1228683005.39691 252168850.536925 168063957.40947 0 0
29 16790.8992273127 842518.077162312 1.49827750975172 284252497.047349 333078990.551984 172590422.868271 239653955.157626 51883605.8770498 31123443.2936958 26697.117307053 440209.100772688 1505138468.70235 1693121126.01359 900687191.976996 1237560679.56829 254090812.340182 169216885.549008 0 0
30 16790.8992273127 842518.074937654 1.49848314129243 274098881.39194 321181272.543924 166425422.251523 231093417.690954 50030302.2179283 30011701.1476823 26697.117307053 440209.100772688 1515292084.35776 1705018844.02165 906852192.593744 1246121217.03497 255944115.999304 170328627.695021 0 0
31 16790.8992273127 842518.074693904 1.49863829824773 264307973.546306 309708565.230228 160480648.000127 222838680.039874 48243202.3362453 28939672.6930769 26697.117307053 440209.100772688 1525082992.2034 1716491551.33534 912796966.84514 1254375954.68604 257731215.880987 171400656.149627 0 0
32 16790.8992273127 842518.078246881 1.49875548875754 254866817.522516 298645687.152771 154748233.588866 214878818.980203 46519941.421213 27905939.3497093 36434.5949108545 440209.100772688 1534524148.22719 1727554429.4128 918529381.256401 1262335815.74571 259454476.796019 172434389.492994 0 0
33 16790.8992273127 842518.077184657 1.49884387932465 245762910.580394 287977987.956249 149220587.692293 207203293.422012 44858237.3917574 26909132.164522 36434.5949108545 440209.100772688 1543628055.16931 1738222128.60932 924057027.152973 1270011341.3039 261116180.825475 173431196.678181 0 0
34 16790.8992273127 842518.076748109 1.49891041984959 236984116.222053 277691246.437661 143890341.35737 199801871.055118 43255875.0157184 25947922.2851474 36434.5949108545 440209.100772688 1552406849.52765 1748508870.12791 929387273.487897 1277412763.67079 262718543.201514 174392406.557556 0 0
35 16790.8992273127 842518.076543969 1.49896043022997 228519186.003595 267772281.990402 138750664.8334 192665068.289762 41710801.1542984 25021078.0942399 36434.5949108545 440209.100772688 1560871779.74611 1758427834.57517 934526950.011867 1284549566.43615 264263617.062934 175319250.748463 0 0
36 16790.8992273127 842518.076382966 1.49899837766094 220356346.873544 258207299.287638 133794409.842167 185782959.238293 40220866.9139291 24127310.5339944 36434.5949108545 440209.100772688 1569034618.87616 1767992817.27793 939483205.003099 1291431675.48762 265753551.303303 176213018.308709 0 0
37 16790.8992273127 842518.076328202 1.49902698794114 212485114.945501 248984013.609495 129015210.851599 179146704.911197 38784158.7077971 23265471.7001805 36434.5949108545 440209.100772688 1576905850.8042 1777216102.95608 944262403.993668 1298067929.81472 267190259.509435 177074857.142523 0 0
38 16790.8992273127 842518.076381992 1.49904852881387 204895047.99086 240090189.04952 124406727.623106 172747501.440742 37398770.5527393 22434418.2497731 36434.5949108545 440209.100772688 1584495917.75885 1786109927.51605 948870887.222161 1304467133.28517 268575647.664493 177905910.59293 0 0
39 16790.8992273127 842518.076423116 1.49906477723806 197576100.590887 231514054.67178 119962860.850313 166576879.510542 36062868.8938988 21633050.2873496 36434.5949108545 440209.100772688 1591814865.15882 1794686061.89379 953314753.994953 1310637755.21537 269911549.323333 178707278.555354 0 0
40 16790.8992273127 842518.07637031 1.49907707316239 190518574.306632 223244246.121383 115677721.903581 160626662.343694 34774683.5094158 20860305.9090823 46172.072514656 440209.100772688 1598872391.44307 1802955870.44419 957599892.941686 1316587972.38222 271199734.707816 179480022.933621 0 0
41 16790.8992273127 842518.076385896 1.49908630680546 183713223.792065 215269929.964833 111545697.259026 154889055.167008 33532526.8788827 20115172.8213031 46172.072514656 440209.100772688 1605677741.95764 1810930186.60074 961731917.586241 1322325579.55891 272441891.338349 180225156.0214 0 0
42 16790.8992273127 842518.076392307 1.49909325791155 177150876.442127 207580358.004433 107561217.559114 149356324.535378 32334724.7590448 19396646.6949158 46172.072514656 440209.100772688 1612240089.30757 1818619758.56114 965716397.286153 1327858310.19054 273639693.458187 180943682.147788 0 0
43 16790.8992273127 842518.076395297 1.49909848139101 170823154.90896 200165713.902256 103719196.304962 144021407.486939 31179748.0621406 18703810.2753187 46172.072514656 440209.100772688 1618567810.84074 1826034402.66332 969558418.540305 1333193227.23898 274794670.155091 181636518.567385 0 0
44 16790.8992273127 842518.076397656 1.49910244485096 164721251.744287 193015677.340935 100014285.852348 138876878.441133 30065989.1956948 18035699.2152505 46172.072514656 440209.100772688 1624669714.00541 1833184439.22464 973263328.992919 1338337756.28478 275908429.021537 182304629.627453 0 0
45 16790.8992273127 842518.076398465 1.49910543299583 158837331.490196 186121066.953767 96441728.7232984 133916131.304794 28992017.9812066 17391455.5928548 46172.072514656 440209.100772688 1630553634.25951 1840079049.6118 976835886.121969 1343298503.42112 276982400.236025 182948873.249849 0 0
46 16790.8992273127 842518.07639768 1.49910768271211 153163588.251022 179472736.014249 92996785.389232 129132584.908752 27956409.6360675 16770224.7231115 46172.072514656 440209.100772688 1636227377.49868 1846727380.55132 980280829.456035 1348082049.81716 278018008.581164 183570104.119592 0 0
47 16790.8992273127 842518.076397075 1.49910937964904 147692512.877412 173061885.514764 89674896.4978979 124519908.271358 26957793.5417267 16171184.41242 46172.072514656 440209.100772688 1641698452.87229 1853138231.05081 983602718.347369 1352694726.45456 279016624.675505 184169144.430283 0 0
48 16790.8992273127 842518.076397842 1.49911066374276 142416855.658959 166880020.450874 86471660.2213519 120071989.144556 25994846.4341099 15593540.8737314 55909.5501184575 440209.100772688 1646974110.09074 1859320096.1147 986805954.623915 1357142645.58136 279979571.783122 184746787.968972 0 0
49 16790.8992273127 842518.076397617 1.4991116280282 137329716.422664 160919055.396132 83382886.9613034 115783009.976107 25066308.8489726 15036538.5916316 55909.5501184575 440209.100772688 1652061249.32703 1865281061.16944 989894727.883963 1361431624.74981 280908109.368259 185303790.251072 0 0
50 16790.8992273127 842518.076397525 1.49911235398522 132424213.997459 155170927.190012 80404398.656919 111647169.234346 24170924.7904259 14499424.1312701 55909.5501184575 440209.100772688 1656966751.75224 1871029189.37556 992873216.188348 1365567465.49157 281803493.426806 185840904.711433 0 0
51 16790.8992273127 842518.076397482 1.49911289947843 127694102.291925 149628316.840261 77532402.8505418 107659200.824768 23307554.1814302 13981513.594092 55909.5501184575 440209.100772688 1661696863.45777 1876571799.72531 995745211.994725 1369555433.90115 282666864.035802 186358815.248612 0 0
52 16790.8992273127 842518.076397448 1.4991133133918 123132794.128771 144283505.679897 74762899.9864029 103813551.082558 22474994.6877437 13482085.7352846 55909.5501184575 440209.100772688 1666258171.62093 1881916610.88568 998514714.858864 1373401083.64336 283499423.529488 186858243.107419 0 0
53 16790.8992273127 842518.076397436 1.49911362545159 118734433.065143 139129631.295771 72092334.1909077 100105282.426842 21672177.3535051 13000499.319788 55909.5501184575 440209.100772688 1670656532.68456 1887070485.2698 1001185280.65436 1377109352.29907 284302240.863727 187339829.522915 0 0
54 16790.8992273127 842518.076397447 1.49911386039395 114493183.971257 134159856.248779 69517162.5311788 96529475.2458442 20898037.1130522 12536115.4461574 55909.5501184575 440209.100772688 1674897781.77844 1892040260.31679 1003760452.31409 1380685159.48007 285076381.10418 187804213.396546 0 0
55 16790.8992273127 842518.076397456 1.4991140376081 110403433.604649 129367603.101069 67033976.798316 93081397.0015156 20151549.401033 12088319.5078888 55909.5501184575 440209.100772688 1678987532.14505 1896832513.4645 1006243638.04695 1384133237.7244 285822868.816199 188252009.334814 0 0
56 16790.8992273127 842518.076397445 1.49911417170567 106459762.688553 124746521.698279 64639486.5541412 89756478.6887489 19431725.0559705 11656518.1362173 55909.5501184575 440209.100772688 1682931203.06115 1901453594.8673 1008638128.29113 1387458156.03717 286542693.161261 188683810.706486 0 0
57 16790.8992273127 842518.07639741 1.49911427372074 102656951.082949 120290495.228816 62330522.2709171 86550319.195098 18737611.2641153 11240139.7663066 55909.5501184575 440209.100772688 1686734014.66675 1905909621.33676 1010947092.57435 1390664315.53082 287236806.953117 189100189.076397 0 0
58 16790.8992273127 842518.076397354 1.49911435018565 98989977.3860867 115993639.756942 60104035.0894064 83458684.9648252 18068291.4867139 10838634.5936194 55909.5501184575 440209.100772688 1690400988.36361 1910206476.80863 1013173579.75586 1393755949.76109 287906126.730518 189501694.249084 0 0
59 16790.8992273127 842518.076397301 1.49911440778353 95453972.3547649 111850249.641979 57957068.5369243 80477470.7274271 17422876.9579761 10451469.473799 55909.5501184575 440209.100772688 1693936993.39493 1914349866.92359 1015320546.30834 1396737163.99849 288551541.259256 189888859.368904 0 0
60 16790.8992273127 842518.076397289 1.49911444899654 92044293.7513335 107854885.241897 55886803.9724125 77602762.6013185 16800520.3466343 10078136.1178358 55909.5501184575 440209.100772688 1697346671.99837 1918345231.32368 1017390810.87285 1399611872.1246 289173897.870598 190262192.724868 0 0
61 16790.8992273127 842518.076397342 1.49911447891776 88756415.7755746 104002243.352733 53890493.4524702 74830744.8735903 16200395.5743347 9718138.98571532 55909.5501184575 440209.100772688 1700634549.97412 1922197873.21284 1019387121.3928 1402383889.85233 289774022.642897 190622189.856988 0 0
62 16790.8992273127 842518.076397491 1.49911450178503 85585983.9843577 100287221.56189 51965493.0770822 72157746.3029004 15621707.8399288 9371001.29969517 55909.5501184575 440209.100772688 1703804981.76534 1925912895.00368 1021312121.76819 1405056888.42302 290352710.377303 190969327.543008 0 0
63 16790.8992273127 842518.076397709 1.49911451998057 82528800.833441 96704901.3064231 50109254.210992 69580227.9297323 15063690.9804685 9036263.46124392 55909.5501184575 440209.100772688 1706862164.91626 1929495215.25915 1023168360.63427 1407634406.79618 290910727.236763 191304065.38146 0 0
64 16790.8992273127 842518.076397928 1.49911453472035 79580823.8364517 93250545.7157874 48319322.3658847 67094781.5242271 14525607.1351718 8713482.84946399 55909.5501184575 440209.100772688 1709810141.91325 1932949570.84979 1024958292.47938 1410119853.20169 291448811.08206 191626845.993239 0 0
65 16790.8992273127 842518.076398054 1.49911454668176 76738147.2650724 89919578.1686384 46593326.0892351 64698114.1575673 14006743.4052226 8402231.81740392 55909.5501184575 440209.100772688 1712652818.48463 1936280538.39693 1026684288.75603 1412516520.56835 291967674.812009 191938097.025299 0 0
66 16790.8992273127 842518.076397958 1.49911455568068 73997012.8531073 86707594.8355508 44928983.4635272 62387057.2265998 13506413.8075455 8102098.86407059 55909.5501184575 440209.100772688 1715393952.89659 1939492521.73002 1028348631.38174 1414827577.49932 292468004.409686 192238229.978633 0 0
67 16790.8992273127 842518.07639732 1.4991145615627 71353790.6721434 83610342.2696625 43324090.4944731 60158550.3300611 13023955.7841081 7812686.54046253 55909.5501184575 440209.100772688 1718037175.07756 1942589774.29591 1029953524.35079 1417056084.39585 292950462.433124 192527642.302241 0 0
68 16790.8992273127 842518.076395469 1.49911456494368 68804968.5785652 80623705.0409868 41776514.7035263 58009632.3713301 12558728.2757218 7533610.29409982 55909.5501184575 440209.100772688 1720585997.17113 1945576411.52459 1031501100.14174 1419205002.35459 293415689.94151 192806718.548604 0 0
69 16790.8992273127 842518.07639177 1.4991145653307 66347181.3416615 77743739.8678996 40284212.8136794 55937466.1164043 12110117.0386922 7264501.6583259 55909.5501184575 440209.100772688 1723043784.40804 1948456376.69767 1032993402.03159 1421277168.60951 293864301.17854 193075827.184377 0 0
70 16790.8992273127 842518.076385445 1.49911456210093 63977189.3170988 74966650.6273217 38845217.8005747 53939320.2134543 11677530.7521637 7005005.9172183 55909.5501184575 440209.100772688 1725413776.4326 1951233465.93825 1034432397.04469 1423275314.51246 294296887.465068 193335322.925485 0 0
71 16790.8992273127 842518.076375555 1.49911455467104 61691871.4116871 72288780.1110317 37457634.6209 52012563.2614011 11260399.7340028 6754781.33528507 55909.5501184575 440209.100772688 1727699094.33801 1953911336.45454 1035819980.22437 1425202071.46451 294714018.483229 193585547.507418 0 0
72 16790.8992273127 842518.076358809 1.49911454329228 59488213.9898482 69706597.0265812 36119633.4766968 50154654.4569336 10858173.9159349 6513497.94280916 55909.5501184575 440209.100772688 1729902751.75985 1956493519.53899 1037157981.36857 1427059980.26898 295116244.301297 193826830.899894 0 0
