"Time" "IECs" "pheme_e" "BiomassCD" "pro_L_e" "leu_L_e" "ile_L_e" "val_L_e" "trp_L_e" "cys_L_e" "Drug" "Damage" "pro_L_v" "leu_L_v" "ile_L_v" "val_L_v" "trp_L_v" "cys_L_v" "CD" "pheme_c"
0 457000 1e+05 0.4963 224235600.199112 195370466.451958 120509812.093413 157438605.791629 18978882.6152 31300034.1459915 0 0 0 0 0 0 0 0 45700000 1000
1 305299.751854709 169959.108558629 0.594123777877738 471819092.656371 519338418.997384 280141982.281717 382824242.66767 76265851.8438808 53812842.9742678 0 151700.248145291 295534538.483776 306953379.490839 170979826.45686 231059130.672227 41621004.2734642 35740086.4595153 48532264.0538555 985.698416391413
2 198332.095939411 298372.523891967 0.69781192472876 572024544.023758 648158416.790495 344083065.747452 472895853.489675 98604538.899053 63265345.3011235 0 258667.904060589 577835018.497462 623011862.649451 339880670.408897 462636671.047308 89023995.8761188 67363164.0041341 52252903.5930232 1510.785107426
3 124237.581426269 413821.667866702 0.80352891966975 629606573.38518 720703281.083074 380337027.175757 523884202.538351 110851438.958843 68966855.7248282 0 332762.418573732 784642063.998864 858626084.217032 464568557.29434 634202716.783288 125084882.304842 90113947.153476 57057136.5562443 1850.67761348361
4 74279.4581909171 499025.075834698 0.907130689153641 669964669.339616 771042917.45086 405462843.2503 559296949.086235 119146937.195844 73152894.1601792 0 382720.541809083 921807757.828143 1016062282.38507 547508713.393763 748525341.627475 149359560.617954 105111828.0405 63165456.2651481 1999.57455841215
5 41872.8873261108 553013.561628642 1.00479451676421 699877958.418326 808665837.950005 423949414.599898 585581709.341047 125242105.947825 76399221.8392525 0 415127.11267389 1006070424.24866 1113218290.11266 598528116.76205 818944306.416547 164390144.4372 114309623.573512 70824627.200985 2016.78758459094
6 21936.6305191012 579937.330144245 1.09354964943212 721069966.268013 836311330.684736 436990664.319499 604518401.166731 129671462.314528 78838863.6866236 0 435063.369480899 1053824067.88042 1168487689.43828 627461576.8722 858935267.056863 172954928.054922 119525504.340033 80308693.7426248 1954.79012491224
7 10501.0875874963 585379.072114327 1.1715637610644 734247497.16676 855212440.055368 445084278.737752 616878412.013575 132677060.159041 80529917.8773956 0 446498.912412504 1078489433.41611 1197147003.12019 642411345.223328 879632775.46908 177399863.771577 122225698.634997 91917630.4675035 1849.74631387325
8 4504.23880722448 574935.570104207 1.23815231257984 740428011.562026 866811716.424234 448884564.427042 623623841.901483 134510164.225575 81576756.7427976 9737.47760380151 452495.761192776 1089919777.00579 1210488620.82848 649340570.341872 889245960.507901 179469935.702537 123481649.701219 105972259.382375 1724.58255052293
9 4339.61168697043 737544.536866045 1.2935788147259 733898892.220099 859366395.441835 444927721.617107 618194059.210006 133355587.604317 80874859.3264475 7793.09563018452 452660.38831303 1096862872.85263 1218618626.00401 653549835.962539 895094394.337486 180731541.167802 124246763.931747 2.26629809684763 393.831008180528
10 4339.6116809516 811827.38099233 1.33875777924257 727031903.831691 851325425.335701 440764595.701022 612409704.621909 132107798.187514 80118124.6790735 7482.37426776976 452660.388319049 1103729861.25581 1226659596.13518 657712961.887637 900878748.940735 181979330.588517 125003498.581432 3.80963547762734e-06 83.1101149596621
11 4339.61168095159 843531.791259131 1.37495906648188 720229168.870931 843359693.428486 436640423.558317 606679473.409242 130871684.156503 79368470.6888257 7417.37245676217 452660.388319049 1110532596.21657 1234625328.0424 661837134.030342 906608980.153401 183215444.619529 125753152.57168 1.02407883445061e-08 18.1083039532014
12 4339.61168095159 857063.440748742 1.40357100347234 713490086.141526 835468495.750989 432554840.712548 601002859.161661 129647136.270099 78625831.1052099 7403.23663866535 452660.388319049 1117271678.94598 1242516525.71989 665922716.876111 912285594.400982 184439992.505932 126495792.155296 5.59237645886115e-09 3.97248585639289
13 4339.61168095159 862838.837476687 1.42594016257589 706814060.058529 827651134.896939 428507486.089108 595379360.192787 128434046.30552 77890140.2954127 7400.13691003046 452660.388319049 1123947705.02898 1250333886.57394 669970071.499551 917909093.369856 185653082.470511 127231482.965093 6.74407116415949e-09 0.872757221533582
14 4339.61168095159 865303.814631256 1.44328047321054 700200500.609795 819906919.985594 424498001.991914 589808479.51045 127232307.052607 77161333.240738 7399.45596053123 452660.388319049 1130561264.47771 1258078101.48529 673979555.596745 923479974.052193 186854821.723424 127960290.019768 8.15484700855481e-09 0.191807722326845
15 4339.61168095159 866355.883026145 1.45663402789224 693648823.303839 812235166.600688 420526034.071793 584289724.772765 126041812.304353 76439345.53086 7399.30630984686 452660.388319049 1137112941.78367 1265749854.87019 677951523.516865 928998728.789878 188045316.471679 128682277.729646 9.88187348283826e-09 0.0421570379960579
16 4339.61168095159 866804.912690901 1.46686524352459 687158449.11818 804635196.72994 416591231.295171 578822608.244623 124862456.847513 75724113.3581315 17136.7510223649 452660.388319049 1143603315.96933 1273349824.74094 681886326.293488 934465845.31802 189224671.928518 129397509.902375 1.19944288466206e-08 0.00926575460574535
17 4339.61168095159 866996.560190615 1.47467364702259 680728805.228363 797106339.618708 412693246.386034 573406647.41177 123694136.595077 75015573.5979208 17136.7420339516 452660.388319049 1150032959.85915 1280878681.85217 685784311.202625 939881806.150873 190392992.180954 130106049.662586 -1.09626179417245e-09 0.000277341295298458
18 4339.61168095159 867078.356681091 1.48061529060258 674359321.829411 789647928.048043 408831733.898938 568041362.303388 122536748.008699 74313663.4583396 17136.7417650083 452660.388319049 1156402443.2581 1288337093.42284 689645823.689721 945247091.259255 191550380.767332 130807959.802167 -1.09626179417245e-09 8.39795313073882e-06
19 4339.61168095159 867113.296071572 1.48512673781255 668049435.783096 782259302.605489 405006352.430166 562726278.564344 121390188.761437 73618320.8821677 17136.7417568729 452660.388319049 1162712329.30441 1295725718.86539 693471205.158493 950562174.998299 192696940.014594 131503302.378339 -1.09626179417245e-09 2.62536914274455e-07
20 4339.61168095159 867128.091967054 1.48854429926718 661798592.708609 774939814.133183 401216765.885207 557460929.216249 120254358.117646 72929484.7772435 17136.7417566343 452660.388319049 1168963172.3789 1303045207.3377 697260791.703452 955827524.346393 193832770.658385 132192138.483263 -1.09626179417245e-09 2.39980167282001e-08
21 4339.61168095159 867134.557130264 1.49113171949101 655606236.822681 767688811.831036 397462637.319303 552244846.099362 119129155.08684 72247093.8968554 17136.7417564975 452660.388319049 1175155528.26483 1310296209.63984 701014920.269356 961043607.463281 194957973.689191 132874529.363651 -1.09626179417245e-09 -1.12782624687401e-07
22 4339.61168095159 867137.318072939 1.49308829091597 649471821.825322 760505656.003502 393743635.536956 547077569.042108 118014480.401729 71571088.0393389 17136.7417565096 452660.388319049 1181289943.26219 1317479365.46738 704733922.051703 966210884.520535 196072648.374302 133550535.221168 -1.09626179417245e-09 -1.00743317165824e-07
23 4339.61168095159 867138.455903649 1.49456757202681 643394805.589923 753389711.841895 390059431.872787 541958641.38833 116910235.553357 70901407.4629316 17136.7417564927 452660.388319049 1187366959.49759 1324595309.62898 708418125.715871 971329812.174313 197176893.222674 134220215.797575 -1.09626179417245e-09 -1.17676064182895e-07
24 4339.61168095159 867138.982031413 1.49568470637102 637374651.121461 746340350.546416 386409700.772454 536887610.80442 115816322.965222 70237992.9913665 26874.2193602877 452660.388319049 1193387113.96605 1331644670.92446 712067856.816205 976400842.758223 198270805.810809 134883630.26914 0 0
25 4339.61168095159 867139.145435956 1.49652864805357 631410847.312948 739356973.631121 382794132.376286 531864046.763357 114732649.764895 69580788.3012094 26874.2193602877 452660.388319049 1199350917.77456 1338628047.83976 715683425.212373 981424406.799286 199354479.011136 135540834.959297 0 0
26 4339.61168095159 867139.212800969 1.49716430768534 625502821.724169 732438910.791301 379212379.64122 526887467.074551 113659111.935186 68929730.3101718 26874.2193602877 452660.388319049 1205258943.36334 1345546110.67957 719265177.947439 986400986.488092 200428016.840845 136191892.950335 0 0
27 4339.61168095159 867139.242280698 1.49764267986745 619650087.832862 725585592.32875 375664147.612128 521957461.919735 112595621.070915 68284765.4040296 26874.2193602877 452660.388319049 1211111677.25465 1352399429.14213 722813409.976531 991330991.642908 201491507.705116 136836857.856477 0 0
28 4339.61168095159 867139.260765639 1.49800467180398 613852109.56169 718796390.518239 372149111.291015 517073579.738307 111542079.762333 67645834.5076437 26874.2193602877 452660.388319049 1216909655.52582 1359188630.95264 726328446.297644 996214873.824335 202545049.013698 137475788.752863 0 0
29 4339.61168095159 867139.266742568 1.49827766761864 608108382.159666 712070714.316453 368666964.671551 512235395.357177 110498396.29195 67012881.9980046 26874.2193602877 452660.388319049 1222653382.92785 1365914307.15442 729810592.917108 1001053058.20547 203588732.484081 138108741.262502 0 0
30 4339.61168095159 867139.26455239 1.49848338483917 602418398.104072 705407969.434486 365217400.067038 507442481.268504 109464478.438627 66385851.946661 26874.2193602877 452660.388319049 1228343366.98344 1372577052.03639 733260157.521621 1005845972.29414 204622650.337403 138735771.313845 0 0
31 4339.61168095159 867139.262952685 1.49863820097678 596781654.993598 698807567.580396 361800112.895643 502694414.278428 108440234.911832 65764688.9895352 26874.2193602877 452660.388319049 1233980110.09391 1379177453.89048 736677444.693016 1010594039.28421 205646893.864199 139356934.270971 0 0
32 4339.61168095159 867139.266394314 1.498755515241 591197653.851786 692268924.472613 358414800.651857 497990774.077988 107425575.043354 65149338.1399646 36611.6969640892 452660.388319049 1239564111.23572 1385716096.99826 740062756.936802 1015297679.48466 206661553.732677 139972285.120542 0 0
33 4339.61168095159 867139.265812761 1.4988444763057 585665899.804303 685791460.632985 355061163.317091 493331143.813613 106420408.910374 64539744.8633361 36611.6969640892 452660.388319049 1245095865.2832 1392193560.83789 743416394.271568 1019957309.74904 207666719.865657 140581878.397171 0 0
34 4339.61168095159 867139.265633964 1.49891129700132 580185856.617966 679374548.153795 351738875.798867 488715071.793427 105424639.074822 63935850.0673365 36611.6969640892 452660.388319049 1250575908.46954 1398610473.31708 746738681.789792 1024573381.76922 208662489.701209 141185773.19317 0 0
35 4339.61168095159 867139.265593405 1.49896144724858 574757097.085149 673017686.791917 348447679.101681 484142198.162389 104438187.909488 63337606.6741503 36611.6969640892 452660.388319049 1256004668.00236 1404967334.67896 750029878.486978 1029146255.40026 209648940.866543 141784016.586356 0 0
36 4339.61168095159 867139.265540298 1.49899888896226 569379172.561902 666720351.203138 345187301.234208 479612145.008734 103460973.892 62744965.2437022 36611.6969640892 452660.388319049 1261382592.5256 1411264670.26773 753290256.354451 1033676308.55392 210626154.884031 142376658.016804 0 0
37 4339.61168095159 867139.265436472 1.49902651990976 564051626.732147 660482007.059493 341957465.553882 475124527.958141 102492914.105899 62157875.4904572 36611.6969640892 452660.388319049 1266710138.35536 1417503014.41138 756520092.034777 1038163925.60451 211594214.670132 142963747.770049 0 0
38 4339.61168095159 867139.265211767 1.4990481084034 558773879.623746 654301975.236689 338757820.451396 470678858.475563 101533903.16538 61576273.5021167 36611.6969640892 452660.388319049 1271987885.46376 1423683046.23418 759719737.137263 1042609595.08709 212553225.610651 143545349.75839 0 0
39 4339.61168095159 867139.264951032 1.49906464483944 553545512.591038 648179765.517317 335588112.12195 466274783.918064 100583864.999012 61000113.1443844 36611.6969640892 452660.388319049 1277216252.49647 1429805255.95356 762889445.466709 1047013669.64459 213503263.77702 144121510.116122 0 0
40 4339.61168095159 867139.26474467 1.49907738468958 548366066.198789 642114839.921005 332448062.031984 461911917.283924 99642716.1235577 60429343.7879975 46349.1745678907 452660.388319049 1282395698.88872 1435870181.54987 766029495.556675 1051376536.27872 214444412.652473 144692279.472509 0 0
41 4339.61168095159 867139.265112035 1.49908666531918 543235044.65702 636106617.897417 329337369.607798 457589840.948288 98710366.4498181 59863910.7974398 46349.1745678907 452660.388319049 1287526720.43049 1441878403.57346 769140187.980861 1055698612.61436 215376762.326213 145257712.463067 0 0
42 4339.61168095159 867139.2651267 1.49909359709912 538151975.598903 630154546.323795 326255748.476024 453308157.016609 97786730.1447758 59303762.1184007 46349.1745678907 452660.388319049 1292609789.48861 1447830475.14708 772221809.112635 1059980296.54604 216300398.631255 145817861.142106 0 0
43 4339.61168095159 867139.264937921 1.4990987901005 533116422.268182 624258113.775948 323202933.852279 449066497.59063 96871727.846154 58748849.6208162 46349.1745678907 452660.388319049 1297645342.81933 1453726907.69493 775274623.736379 1064221955.97201 217215400.929877 146372773.63969 0 0
44 4339.61168095159 867139.264594392 1.4991024914 528128209.355003 618417114.973011 320178819.454602 444864714.999452 95965327.698681 58199153.9857312 46349.1745678907 452660.388319049 1302633555.73251 1459567906.49786 778298738.134056 1068423738.56319 218121801.07735 146922469.274775 0 0
45 4339.61168095159 867139.264445109 1.49910553602823 523186286.575148 612630320.073967 317182768.546013 440701924.544281 95067338.8569005 57654559.4729677 46349.1745678907 452660.388319049 1307575478.51236 1465354701.39691 781294789.042646 1072586529.01836 219019789.91913 147467063.787539 0 0
46 4339.61168095159 867139.264395025 1.49910764470447 518290932.829772 606898055.660965 314214950.210913 436578361.15535 94177811.9994926 57115096.8171294 46349.1745678907 452660.388319049 1312470832.25774 1471086965.80991 784262607.377746 1076710092.40729 219909316.776538 148006526.443377 0 0
47 4339.61168095159 867139.264646477 1.4991091016224 513441511.685915 601219576.49634 311274978.610505 432493488.738274 93296631.4812478 56580695.8839967 46349.1745678907 452660.388319049 1317320253.40159 1476765444.97453 787202578.978154 1080794964.82437 220790497.294783 148540927.37651 0 0
48 4339.61168095159 867139.265377878 1.49911021928239 508637470.477674 595594235.430314 308362518.689941 428446841.759201 92423696.8781336 56051295.7703886 56086.6521716922 452660.388319049 1322124294.60983 1482390786.04056 790115038.898718 1084841611.80344 221663431.897897 149070327.490118 0 0
49 4339.61168095159 867139.265387286 1.49911130707432 503878211.513794 590021332.590213 305477208.097661 424437916.757522 91558899.5846328 55526830.611379 56086.6521716922 452660.388319049 1326883553.57371 1487963688.88066 793000349.490998 1088850536.80512 222528229.191398 149594792.649128 0 0
50 4339.61168095159 867139.265387757 1.49911212026046 499163404.44391 584500481.148907 302618846.558073 420466435.465162 90702179.573312 55007264.0027173 56086.6521716922 452660.388319049 1331598360.64359 1493484540.32197 795858711.030586 1092822018.09748 223384949.202719 150114359.257789 0 0
51 4339.61168095159 867139.265383017 1.49911272913007 494492672.897076 579031240.390997 299787205.895513 416532080.848962 89853468.4544117 54492554.4687346 56086.6521716922 452660.388319049 1336269092.19043 1498953781.07988 798690351.693146 1096756372.71368 224233660.321619 150629068.791772 0 0
52 4339.61168095159 867139.265374284 1.49911316286087 489865855.146852 573613420.941257 296982188.062992 412634716.679906 89012736.8408805 53982684.1873534 56086.6521716922 452660.388319049 1340895909.94065 1504371600.52962 801495369.525667 1100653736.88274 225074391.93515 151138939.073153 0 0
53 4339.61168095159 867139.265370499 1.49911352022328 485281965.199561 568245868.240333 294203195.299803 408773512.413841 88179805.569393 53477544.5031432 56086.6521716922 452660.388319049 1345479799.88794 1509739153.23054 804274362.288856 1104514941.1488 225907323.206638 151644078.757363 0 0
54 4339.61168095159 867139.265372095 1.49911376633218 480741276.15732 562928902.079936 291450393.17467 404948698.096226 87354724.2648958 52977165.5116604 56086.6521716922 452660.388319049 1350020488.93018 1515056119.39094 807027164.413989 1108339755.46641 226732404.511135 152144457.748846 0 0
55 4339.61168095159 867139.26539485 1.4991139296965 476243227.075598 557661865.616341 288723441.613811 401159801.219769 86537390.9990599 52481485.3974279 56086.6521716922 452660.388319049 1354518538.0119 1520323155.85453 809754115.974849 1112128652.34287 227549737.776971 152640137.863079 0 0
56 4339.61168095159 867139.265447813 1.49911404575621 471787341.904272 552444201.413803 286022052.010853 397406420.78733 85727719.269583 51990451.7002401 56086.6521716922 452660.388319049 1358974423.18323 1525540820.05707 812455505.577806 1115882032.77531 228359409.506448 153131171.560266 0 0
57 4339.61168095159 867139.265539452 1.49911415054766 467373151.897874 547275360.590032 283345940.187887 393688161.954787 84925623.9014799 51504012.7648567 56086.6521716922 452660.388319049 1363388613.18963 1530709660.88084 815131617.400772 1119600291.60785 229161504.874551 153617610.49565 0 0
58 4339.61168095159 867139.265678237 1.49911428010719 463000188.310937 542154794.26274 280694821.967003 390004629.878017 84131019.7197655 51022116.936037 56086.6521716922 452660.388319049 1367761576.77657 1535830227.20813 817782735.621656 1123283823.68462 229956109.056265 154099506.32447 0 0
59 4339.61168095159 867139.265882621 1.49911446411323 458667998.114275 537081971.952782 278068422.698321 386355442.95139 83343824.4052348 50544714.2904579 56086.6521716922 452660.388319049 1372093766.97323 1540903049.51809 820409134.890338 1126933010.61125 230743304.370796 154576908.970049 0 0
60 4339.61168095159 867139.266281439 1.49911466195886 454376302.018903 532056566.623872 275466573.062317 382740365.917987 82563987.2087358 50071774.0507773 56086.6521716922 452660.388319049 1376385463.0686 1545928454.847 823010984.526342 1130548087.64465 231523141.567295 155049849.209729 0 0
61 4339.61168095159 867139.266966416 1.49911485666534 450124762.328665 527078182.847248 272889068.329996 379159114.322059 81791446.7680425 49603259.0032458 56086.6521716922 452660.388319049 1380637002.75884 1550906838.62363 825588489.258663 1134129339.24058 232295682.007988 155518364.257261 0 0
62 4339.61168095159 867139.26800691 1.49911504549806 445913006.137052 522146383.964231 270335682.426016 375611374.048694 81026135.3229131 49139128.0539724 56086.6521716922 452660.388319049 1384848758.95045 1555838637.50664 828141875.162643 1137677079.51395 233060993.453117 155982495.206534 0 0
63 4339.61168095159 867139.2694813 1.49911522549933 441740660.634775 517260733.429978 267806189.333974 372096831.064867 80267985.130771 48679340.1197788 56086.6521716922 452660.388319049 1389021104.45273 1560724288.0409 830671368.254685 1141191622.49778 233819143.64526 156442283.140728 0 0
64 4339.61168095159 867139.272240296 1.49911537461898 437607361.334321 512420804.44412 265300368.082562 368615178.347339 79516929.9611764 48223855.0345378 56086.6521716922 452660.388319049 1393154403.75318 1565564217.02675 833177189.506097 1144673275.2153 234570198.814854 156897768.225969 0 0
65 4339.61168095159 867139.277215428 1.49911546880886 433512744.619024 507626171.226011 262817998.228424 365166109.606423 78772903.7419297 47772632.7280885 56086.6521716922 452660.388319049 1397249020.46848 1570358850.24486 835659559.360235 1148122343.95622 235314225.034101 157348990.532418 0 0
66 4339.61168095159 867139.284983794 1.49911549278271 429456443.053205 502876403.523092 260358857.012919 361749315.335513 78035839.7068843 47325632.7094188 56086.6521716922 452660.388319049 1401305322.0343 1575108617.94778 838118700.57574 1151539138.22713 236051289.069146 157795990.551088 0 0
67 4339.61168095159 867139.296122486 1.49911543125428 425438089.201182 498171071.082806 257922721.677405 358364486.028004 77305671.0898934 46882814.4875165 56086.6521716922 452660.388319049 1405323675.88632 1579813950.38807 840554835.911254 1154923967.53464 236781457.686137 158238808.77299 0 0
68 4339.61168095159 867139.315100992 1.49911529256091 421457328.863615 493509759.151819 255509377.487799 355011323.326819 76582333.5299644 46444139.0299997 56086.6521716922 452660.388319049 1409304436.22389 1584475262.31906 842968180.10086 1158277130.23582 237504795.246066 158677484.230507 0 0
69 4339.61168095159 867139.35116797 1.4991151140455 417513824.093047 488892072.00711 253118619.562756 351689542.56453 75865765.6192083 46009569.0954263 56086.6521716922 452660.388319049 1413247940.99446 1589092949.46376 845358938.025903 1161598910.99811 238221363.156822 159112054.16508 0 0
70 4339.61168095159 867139.409178849 1.49911490638774 413607222.002562 484317596.432142 250750233.963854 348398846.48957 75155903.235111 45579065.7960422 56086.6521716922 452660.388319049 1417154543.08494 1593667425.03873 847727323.624805 1164889607.07307 238931225.54092 159542557.464464 0 0
71 4339.61168095159 867139.493919972 1.49911467984802 409737169.470309 479785918.935285 248404006.61024 345138937.652479 74452682.2124689 45152590.2182038 56086.6521716922 452660.388319049 1421024595.61719 1598199102.53559 850073550.978419 1168149515.91016 239634446.563562 159969033.042303 0 0
72 4339.61168095159 867139.571175637 1.49911447799227 405903317.134012 475296630.427214 246079725.70031 341909521.770642 73756039.0692244 44730103.8625682 56086.6521716922 452660.388319049 1424858447.95349 1602688391.04366 852397831.888349 1171378931.792 240331089.706806 160391519.397938 0 0
