"Time" "IECs" "pheme_e" "BiomassCD" "pro_L_e" "leu_L_e" "ile_L_e" "val_L_e" "trp_L_e" "cys_L_e" "Drug" "Damage" "pro_L_v" "leu_L_v" "ile_L_v" "val_L_v" "trp_L_v" "cys_L_v" "CD" "pheme_c"
0 457000 1e+05 0.4963 224235600.199112 195370466.451958 120509812.093413 157438605.791629 18978882.6152 31300034.1459915 0 0 0 0 0 0 0 0 45700000 1000
1 285716.323866454 181244.320408545 0.594123778248034 526827951.696138 582520732.907501 313451580.982629 428711777.339044 86043307.3055127 59791583.9067333 0 171283.676133546 310653822.072671 325218542.583875 180357864.148211 244100677.76625 44611876.1166465 37281381.87454 48532264.0458276 1049.91150195042
2 172907.757262882 323287.121889001 0.697811952855901 643444629.993633 729896474.273945 387236650.142879 532322514.153107 111184198.451243 71078700.1307848 0 284092.242737118 597377992.463408 647013629.721686 352097468.051736 479680010.75274 93020778.8299791 69312755.22626 52252902.2501219 1636.96412819995
3 100297.314024712 444827.195593494 0.803528930232256 706709708.546969 808870221.396375 426868460.371355 587984550.453406 124378647.98772 77442157.6568907 0 356702.685975288 793049137.425467 870026716.026805 470088974.988362 642046871.679011 127166271.904408 90831707.9036114 57057136.2480292 1989.75490459048
4 55105.2048390063 528896.482415302 0.907130675203434 747622815.221024 859884938.697855 452280625.988183 623847860.757626 132741180.19102 81734289.5955267 0 401894.795160993 912407114.469284 1006965980.82868 542241899.737931 741497277.719181 148266177.677341 103893345.892286 63165457.5340172 2119.70939875188
5 28271.3687389792 577354.490780865 1.00479456956438 774935749.394256 894662118.447924 469148703.216798 647990039.061524 138362596.015561 84748788.982177 0 428728.63126102 979087081.720028 1083790725.41862 582595549.613748 797191735.562099 160136727.251829 111183039.568046 70824624.0968155 2105.90251637692
6 13318.1126445091 597240.178966698 1.09354972903641 791808076.017591 917576972.918617 479536261.871969 663384157.81903 142030593.250094 86773481.2703613 0 443681.88735549 1013051597.92147 1123066463.04483 603161483.177675 825616492.070483 166213524.477247 114900397.620139 80308685.8900473 2013.34244930843
7 5648.44994219278 596201.597542603 1.17156384611771 800296851.049249 931402614.876216 484761038.826102 671925322.555864 144227307.941921 88010230.7775346 0 451351.550057807 1028619090.72281 1141138948.26616 612590302.24581 838670722.846492 169011495.002831 116608798.590655 91917622.8045079 1884.07932182516
8 2108.14558364826 580875.329345408 1.2381523853264 802460198.48239 938767473.680429 486108992.226399 675441073.905945 145388586.060968 88674436.7797297 9737.47760380151 454891.854416351 1034929251.08396 1148498215.28914 616412678.555396 843974106.635925 170151159.560928 117304069.462141 105972251.951052 1742.4707179088
9 1970.4168450418 739680.976646544 1.29357887456668 799221752.177614 935320987.588157 484148669.85315 672834358.987216 144855387.32875 88347672.9968182 8364.55519150327 455029.583154958 1038363787.02762 1152517515.20527 618493234.630169 846865476.095431 170773637.942518 117683721.080677 273.48547304722 970.013783026126
10 1970.41633821034 815395.987410056 1.338757827544 795817531.913297 931337065.019904 482086477.846831 669968476.050708 144238387.761154 87971363.3692646 7859.54509468356 455029.583661789 1041768007.92963 1156501439.88144 620555427.028113 849731360.042752 171390637.838511 118060030.902854 0.0139953248253448 465.055934546389
11 1970.41633818 847736.793530665 1.37495910481897 792427811.100401 927370109.648283 480033069.242418 667114799.176097 143624015.941741 87596656.4177493 7624.67432095951 455029.583661819 1045157728.74257 1160468395.25319 622608835.632548 852585036.917423 172005009.657943 118434737.854381 2.15622287237502e-06 230.18516558895
12 1970.41633817999 861550.852607258 1.40357103334175 789052528.530825 923420051.204101 477988406.966893 664273277.308712 143012260.989693 87223545.5003657 7510.16778804054 455029.583661819 1048533011.31214 1164418453.69737 624653497.908073 855426558.784807 172616764.609991 118807848.771765 9.03834313551734e-08 115.678632670951
13 1970.41633817999 867451.348749013 1.42594018597494 785691622.706063 919486817.716374 475952453.76599 661443858.675333 142403111.758694 86852023.8189456 7453.06065287759 455029.583661819 1051893917.1369 1168351687.18509 626689451.108977 858255977.418186 173225913.84099 119179370.453185 -2.46896507118027e-09 58.5714975080472
14 1970.41633817999 869971.679802068 1.44328049146525 782345032.389528 915570337.520552 473925172.544105 658626491.723207 141796557.149884 86482084.6042663 7424.2573832959 455029.583661819 1055240507.45344 1172268167.38092 628716732.330862 861073344.370312 173832468.4498 119549309.667864 -2.46896507118028e-09 29.7682279263642
15 1970.41633817999 871048.216901447 1.45663404189877 779012696.605462 911670539.257335 471906526.36364 655821125.119166 141192586.111677 86113721.1159379 7409.64726989594 455029.583661819 1058572843.2375 1176167965.64413 630735378.511326 863878710.974354 174436439.488007 119917673.156192 -2.46896507118028e-09 15.158114526399
16 1970.41633817999 871508.04624751 1.46686525421758 775694554.63783 907787351.871372 469896478.444332 653027707.748692 140591187.639564 85746926.6422806 17139.6928025119 455029.583661819 1061890985.20513 1180051153.0301 632745426.430635 866672128.344828 175037837.96012 120284467.62985 0 7.72604334084539
17 1970.41633817999 871704.456962764 1.47467367808699 772390546.036585 903920704.618596 467894992.167044 650246188.721192 139992350.777241 85381694.5010176 17133.5911773962 455029.583661819 1065194993.80638 1183917800.28288 634746912.707924 869453647.372328 175636674.822443 120649699.771113 0 1.62441822511823
18 1970.41633817999 871788.351629832 1.48061531814874 769100610.587042 900070527.030379 465902031.055217 647476517.344217 139396064.611065 85018018.0358895 17132.3083923206 455029.583661819 1068484929.25592 1187767977.87109 636739873.819751 872223318.749303 176232960.988619 121013376.236241 0 0.341633149529551
19 1970.41633817999 871824.186285686 1.48512623317826 765824688.353117 896236748.96414 463917558.80106 644718643.159858 138802318.277887 84655890.621434 17132.038612271 455029.583661819 1071760851.48984 1191601755.93733 638724346.073907 874981192.933662 176826707.321797 121375503.650697 0 0.0718530999459977
20 1970.41633817999 871839.49264931 1.48854504546518 762562719.646642 892419300.567432 461941539.246967 641972515.918922 138211100.959492 84295305.6595942 17131.9818716957 455029.583661819 1075022820.19632 1195419204.33404 640700365.628 877727320.174598 177417924.640192 121736088.612536 0 0.0151125246895447
21 1970.41633817999 871846.030583515 1.49113277610665 759314645.033691 888618112.28534 459973936.389341 639238085.586247 137622401.883746 83936256.5804171 17131.9699378042 455029.583661819 1078270894.80927 1199220392.61613 642667968.485626 880461750.507273 178006623.715938 122095137.691713 0 0.00317863316696017
22 1970.41633817999 871848.823184941 1.49308951914387 756080405.333488 884833114.859213 458014714.37794 636515302.339793 137036210.324396 83578736.841934 17131.9674277193 455029.583661819 1081505134.50947 1203005390.04226 644627190.497027 883184533.753727 178592815.275288 122452657.430197 0 0.000668548261011597
23 1970.41633817999 871850.016016631 1.49456802842743 752859941.617334 881064239.325402 456063837.515223 633804116.569732 136452515.600877 83222739.9300411 17131.9668997897 455029.583661819 1084725598.22563 1206774265.57607 646578067.359744 885895719.523788 179176509.998807 122808654.34209 0 0.00014061870697331
24 1970.41633817999 871850.52556651 1.4956845578399 749653195.207511 877311417.013976 454121270.255688 631104478.877528 135871307.078115 82868259.3583787 26869.4443925435 455029.583661819 1087932344.63545 1210527087.8875 648520634.61928 888595357.215992 179757718.521569 123163134.913752 0 2.95709204861907e-05
25 1970.41633817999 871850.743469932 1.49652747750471 746460115.837835 873574589.098939 452186982.149329 628416346.945994 135292575.645587 82515289.5704157 26869.4443656857 455029.583661819 1091125424.00513 1214263915.80254 650454922.72564 891283489.147526 180336449.954097 123516104.701715 0 2.71314866891643e-06
26 1970.41633817999 871850.83641096 1.49716363545681 743280628.704919 869853668.038655 450260927.882112 625739657.801006 134716307.745511 82163822.2972265 26869.4443632288 455029.583661819 1094304911.13804 1217984836.86282 652380976.992856 893960178.292514 180912717.854173 123867571.974904 0 2.56186672108192e-07
27 1970.41633817999 871850.876033428 1.49764356656245 740114684.257614 866148595.843928 448343077.437186 623074369.727342 134142494.396962 81813852.0613219 26869.4443629997 455029.583661819 1097470855.58535 1221689909.05755 654298827.437782 896625466.366178 181486531.202722 124217542.210809 0 2.7114585053393e-08
28 1970.41633817999 871850.89218721 1.49800448771425 736962226.055074 862459306.462612 446433396.624088 620420435.209598 133571125.370289 81465372.6236103 26869.4443629754 455029.583661819 1100623313.78789 1225379198.43886 656208508.25088 899279400.883922 182057900.229395 124566021.64852 0 2.77920236078167e-09
29 1970.41633817999 871850.900730438 1.49827729786745 733823194.715146 858785730.400389 444531849.470586 617777804.256205 133002189.90274 81118377.4198625 26869.4443628957 455029.583661819 1103762345.12782 1229052774.50109 658110055.404382 901922031.837315 182626835.696944 124913016.852268 0 -7.69231854957243e-08
30 1970.41633817999 871850.906232119 1.49848331740587 730697533.811936 855127801.622614 442638401.795276 615146429.36435 132435677.767372 80772860.21264 26869.4443629009 455029.583661819 1106888006.03102 1232710703.27886 660003503.079692 904553406.72917 183193347.832312 125258534.059491 0 -7.16763129619128e-08
31 1970.41633817999 871850.907229529 1.498638605194 727585186.40979 851485453.498079 440753019.107955 612526262.602074 131871578.644852 80428814.7081544 26869.4443629027 455029.583661819 1110000353.43317 1236353051.4034 661888885.767013 907173573.491446 183757446.954832 125602579.563976 0 -6.991242591958e-08
32 1970.41633817999 871850.905391241 1.49875557493548 724486095.812912 847858619.676274 438875667.063717 609917256.239343 131309882.259319 80086234.6391317 36606.9219667042 455029.583661819 1113099444.03005 1239979885.2252 663766237.811251 909782579.854177 184319143.340365 125945159.632999 0 0
33 1970.41633817999 871850.905409832 1.49884451898399 721400213.514875 844247243.39063 437006316.278576 607319369.440446 130750579.819199 79745114.6435684 36606.9219667042 455029.583661819 1116185326.32809 1243591261.51084 665635588.596392 912380466.653074 184878445.780485 126286279.628562 0 0
34 1970.41633817999 871850.905415566 1.49891132908947 718327461.495239 840651233.33463 435144919.48969 604732536.522946 130193657.183634 79405446.0969191 36606.9219667042 455029.583661819 1119258078.34772 1247187271.56684 667496985.385278 914967299.570574 185435368.41605 126625948.175212 0 0
35 1970.41633817999 871850.90541687 1.49896146997448 715267798.491559 837070541.219257 433291451.701294 602156722.74956 129639106.873989 79067224.4379452 36606.9219667042 455029.583661819 1122317741.3514 1250767963.68222 669350453.173674 917543113.34396 185989918.725695 126964169.834185 0 0
36 1970.41633817999 871850.905418564 1.49899891093363 712221172.282111 833505105.929965 431445881.278765 599591884.156808 129086919.425309 78730443.8939461 36606.9219667042 455029.583661819 1125364367.56085 1254333398.97151 671196023.596203 920107951.936713 186542106.174375 127300950.378185 0 0
37 1970.41633817999 871850.905421852 1.4990265353503 709187529.717645 829954865.266735 429608176.025611 597037976.000359 128537085.204529 78395098.5896909 36606.9219667042 455029.583661819 1128398010.12532 1257883639.63474 673033728.849357 922661860.093161 187091940.395155 127636295.68244 0 0
38 1970.41633817999 871850.905428987 1.49904811830416 706166802.912118 826419739.783231 427778294.818152 594494941.129541 127989591.907607 78061181.0209118 36606.9219667042 455029.583661819 1131418736.93084 1261418765.11824 674863610.056816 925204894.963979 187639433.692077 127970213.251219 0 0
39 1970.41633817999 871850.905437273 1.4990646505836 703158942.245785 822899671.409974 425956207.597983 591962737.771377 127444430.541183 77728685.7025365 36606.9219667042 455029.583661819 1134426597.59718 1264938833.4915 676685697.276986 927737098.322143 188184595.058501 128302708.569594 0 0
40 1970.41633817999 871850.905443849 1.49907738939912 700163893.296289 819394596.45704 424141881.397389 589441320.109759 126901591.241447 77397606.618602 46344.3995705057 455029.583661819 1137421646.54667 1268443908.44443 678500023.477579 930258515.983761 188727434.358237 128633787.653529 0 0
41 1970.41633817999 871850.905433387 1.49908671386456 697181602.010464 815904451.666566 422335283.472309 586930642.639384 126361064.211504 77067937.7939562 46344.3995705057 455029.583661819 1140403937.83249 1271934053.2349 680306621.402659 932769193.454136 189267961.38818 128963456.478175 0 0
42 1970.41633817999 871850.905437023 1.49909378618584 694211978.472949 812429131.811531 420536359.354252 584430629.663935 125822833.154595 76739669.289164 46344.3995705057 455029.583661819 1143373561.37001 1275409373.08994 682105545.520716 935269206.429585 189806192.445089 129291724.982967 0 0
43 1970.41633817999 871850.905454877 1.49909877205625 691255024.55181 808968639.078113 418745110.174845 581941282.756065 125286898.409297 76412801.3107251 46344.3995705057 455029.583661819 1146330515.29115 1278869865.82336 683896794.700123 937758553.337455 190342127.190387 129618592.961406 0 0
44 1970.41633817999 871850.905487454 1.49910253387957 688310644.319542 805522861.203339 416961477.823591 579462521.158059 124753242.589178 76087323.2546091 46344.3995705057 455029.583661819 1149274895.52342 1282315643.69813 685680427.051377 940237314.935461 190875783.010506 129944071.017522 0 0
45 1970.41633817999 871850.905534847 1.49910520220687 685378822.583013 802091780.406846 415185453.096867 576994332.079399 124221862.94055 75763233.4413349 46344.3995705057 455029.583661819 1152206717.25995 1285746724.49462 687456451.778101 942705504.014121 191407162.659134 130268160.830796 0 0
46 1970.41633817999 871850.905598048 1.49910720864028 682459478.694737 798675302.307709 413416987.140432 574536647.626036 123692744.846415 75440522.9559577 46344.3995705057 455029.583661819 1155126061.14822 1289163202.59376 689224917.734536 945163188.467484 191936280.753269 130590871.316173 0 0
47 1970.41633817999 871850.905677608 1.499108791776 679552568.071564 795273374.730726 411656052.946922 572089430.265116 123165880.226275 75119186.8701613 46344.3995705057 455029.583661819 1158032971.7714 1292565130.17074 690985851.928046 947610405.828404 192463145.373409 130912207.40197 0 0
48 1970.41633817999 871850.905762503 1.49911002116413 676658054.966929 791885955.842064 409902628.861956 569652649.902966 122641262.601224 74799221.2324444 56081.8771743072 455029.583661819 1160927484.87603 1295952549.05941 692739276.013012 950047186.190554 192987762.99846 131232173.039687 0 0
49 1970.41633817999 871850.905683193 1.49911116721189 673775878.232187 788512974.080089 408156677.843205 567226255.06087 122118880.888342 74480619.2833055 56081.8771743072 455029.583661819 1163809661.61077 1299325530.82138 694485227.031763 952473581.03265 193510144.711342 131550774.988826 0 0
50 1970.41633817999 871850.906061477 1.4991120473117 670905897.485959 785154265.15792 406418114.85112 564810127.557091 121598709.64413 74163365.5046885 56081.8771743072 455029.583661819 1166679642.357 1302684239.74355 696223790.023848 954889708.536429 194030315.955554 131868028.767443 0 0
51 1970.41633817999 871850.906898944 1.49911266105324 668048140.617735 781809861.71434 404686956.780459 562404290.870728 121080753.923432 73847462.9795566 56081.8771743072 455029.583661819 1169537399.22522 1306028643.18713 697954948.094509 957295545.222792 194548271.676252 132183931.292575 0 0
52 1970.41633817999 871850.90820138 1.49911300892487 665202607.100729 778479763.132856 402963203.31211 560008744.558301 120565013.630772 73532911.6496781 56081.8771743072 455029.583661819 1172382932.74223 1309358741.76862 699678701.562858 959691091.535219 195064011.968912 132498482.622453 0 0
53 1970.41633817999 871850.911204284 1.49911319526027 662369184.394224 775163837.708227 401246786.271704 557623393.876065 120051468.368644 73219699.0745625 56081.8771743072 455029.583661819 1175216355.44873 1312674667.19325 701395118.603264 962076442.217455 195577557.23104 132811695.197569 0 0
54 1970.41633817999 871850.916843158 1.49911329905927 659547787.284151 771861985.715302 399537654.038675 555248167.08554 119540102.692379 72907815.8344653 56081.8771743072 455029.583661819 1178037752.55881 1315976519.18617 703104250.836293 964451669.00798 196088922.907306 133123578.437666 0 0
55 1970.41633817999 871850.925118003 1.49911332032185 656738415.770508 768574207.154083 397835806.613023 552883064.186726 119030916.601974 72597261.9293864 56081.8771743072 455029.583661819 1180847124.07245 1319264297.74739 704806098.261945 966816771.906794 196598108.99771 133434132.342745 0 0
56 1970.41633817999 871850.936506443 1.49911326263861 653941064.154791 765300495.355668 396141240.542736 550528080.382268 118523909.064603 72288036.7294009 56081.8771743072 455029.583661819 1183644475.68817 1322538009.54581 706500664.332232 969171755.711252 197105116.535081 133743357.54273 0 0
57 1970.41633817999 871850.962180291 1.49911320999478 651155599.146818 762040694.331927 394453875.083934 548183103.460236 118019055.922012 71980125.5003284 56081.8771743072 455029.583661819 1186429940.69614 1325797810.56955 708188029.791034 971516732.633284 197609969.677671 134051268.771803 0 0
58 1970.41633817999 871851.006840207 1.49911319772805 648381964.663318 758794738.449188 392773676.262767 545848086.206263 117516347.009359 71673522.0426051 56081.8771743072 455029.583661819 1189203575.17964 1329043766.45229 709868228.612201 973851749.887257 198112678.590325 134357872.229526 0 0
59 1970.41633817999 871851.070486192 1.49911322583842 645620160.704294 755562627.707453 391100644.079235 543523028.620349 117015782.326643 71368226.356231 56081.8771743072 455029.583661819 1191965379.13866 1332275877.19402 711541260.795733 976176807.473171 198613243.273041 134663167.9159 0 0
60 1970.41633817999 871851.13430214 1.4991133125001 642870177.106018 752344350.212216 389434772.376407 541207922.14604 116517360.031734 71064237.3176861 56081.8771743072 455029.583661819 1194715362.73694 1335494154.68926 713207132.498561 978491913.94748 199111665.56795 134967156.954445 0 0
61 1970.41633817999 871851.052450844 1.49911358379421 640131919.409646 749139795.419264 387776003.93346 538902687.26203 116021063.004387 70761544.4852888 56081.8771743072 455029.583661819 1197453620.43331 1338698709.48221 714865900.941508 980797148.83149 199607962.595297 135269849.786843 0 0
62 1970.41633817999 871850.941652276 1.4991138342259 637405325.1082 745948890.177325 386124300.885224 536607271.346077 115526879.91549 70460140.9493848 56081.8771743072 455029.583661819 1200180214.73476 1341889614.72415 716517603.989744 983092564.747443 200102145.684194 135571253.322747 0 0
63 1970.41633817999 871850.904561127 1.49911401928886 634690345.571516 742771577.575019 384479633.772752 534321633.458296 115034801.951042 70160021.3342922 56081.8771743072 455029.583661819 1202895194.27144 1345066927.32646 718162271.102216 985378202.635224 200594223.648642 135871372.937839 0 0
64 1970.41633817999 871850.907350486 1.49911415772897 631986931.415226 739607799.818328 382841972.680223 532045732.02387 114544820.160346 69861180.180958 56081.8771743072 455029.583661819 1205598608.42773 1348230705.08315 719799932.194745 987654104.06965 201084205.439338 136170214.091173 0 0
65 1970.41633817999 871850.906843097 1.49911426212403 629295031.785104 736457497.393073 381211286.80141 529779524.23056 114056925.3263 69563611.8678476 56081.8771743072 455029.583661819 1208290508.05785 1351381007.5084 721430618.073558 989920311.86296 201572100.273384 136467782.404284 0 0
66 1970.41633817999 871850.905822709 1.49911434070438 626614598.558951 733320613.982343 379587546.985082 527522969.56612 113571108.72697 69267311.0754309 56081.8771743072 455029.583661819 1210970941.28401 1354517890.91913 723054357.889886 992176866.527399 202057916.872714 136764083.196701 0 0
67 1970.41633817999 871850.90574669 1.4991144002261 623945574.004001 730197082.022074 377970718.258164 525276019.427534 113087359.898547 68972271.4218051 56081.8771743072 455029.583661819 1213639965.83896 1357641422.8794 724671186.616805 994423816.665986 202541665.701137 137059122.850326 0 0
68 1970.41633817999 871850.906803629 1.49911444619556 621287872.985953 727086801.880471 376360749.048413 523038602.143475 112605663.41082 68678483.4960435 56081.8771743072 455029.583661819 1216297666.85701 1360751703.021 726281155.826556 996661233.950045 203023362.188864 137352910.776088 0 0
69 1970.41633817999 871850.909070047 1.49911447931374 618641483.013589 723989758.93919 374757631.788959 520810707.198062 112126016.99981 68385945.9173401 56081.8771743072 455029.583661819 1218944056.82937 1363848745.96228 727884273.08601 998889128.895458 203503008.599874 137645448.354791 0 0
70 1970.41633817999 871850.912575288 1.49911449964644 616006402.891354 720905951.799084 373161365.755565 518592333.584803 111648420.448828 68094658.5535357 56081.8771743072 455029.583661819 1221579136.95161 1366932553.10239 729480539.119404 1001107502.50872 203980605.150856 137936735.718596 0 0
71 1970.41633817999 871850.919727763 1.49911451259551 613382534.496804 717835265.62847 371571891.508094 516383398.698149 111172855.973618 67804610.5579668 56081.8771743072 455029.583661819 1224203005.34615 1370003239.273 731070013.366875 1003316437.39537 204456169.626066 138226783.714165 0 0
72 1970.41633817999 871850.932058647 1.49911452159521 610769815.447359 714777627.421654 369989171.256729 514183850.020581 110699312.267614 67515795.03473 56081.8771743072 455029.583661819 1226815724.3956 1373060877.47982 732652733.61824 1005515986.07294 204929713.33207 138515599.237401 0 0
