"Time" "IECs" "pheme_e" "BiomassCD" "pro_L_e" "leu_L_e" "ile_L_e" "val_L_e" "trp_L_e" "cys_L_e" "Drug" "Damage" "pro_L_v" "leu_L_v" "ile_L_v" "val_L_v" "trp_L_v" "cys_L_v" "CD" "pheme_c"
0 457000 1e+05 0.4963 224235600.199112 195370466.451958 120509812.093413 157438605.791629 18978882.6152 31300034.1459915 0 0 0 0 0 0 0 0 45700000 1000
1 396006.930579592 120608.959042961 0.594123778050243 232266352.142144 244015879.516174 135038734.768984 182907558.000172 33625413.7368224 27798984.1711373 0 60993.0694204078 210249572.850588 205024762.65526 118351466.16316 158019267.993645 25120648.514234 26922388.6322909 48532264.0501102 705.706015272284
2 339763.736138407 175048.150463116 0.697811797359376 244147040.622982 272135023.869133 145757041.075575 199695307.433885 40574109.3167396 27502774.1456799 0 117236.263861593 399546853.619772 410821063.983191 230097864.271957 310380770.551422 54841996.7739552 48815985.3231633 52252909.8048125 887.984447761275
3 287764.992768463 235691.328159487 0.803528648195491 259389215.429984 295770996.439118 156445898.863573 215304472.47579 45308074.515337 28513736.4116454 0 169235.007231537 570161082.45476 603447865.088802 332544909.84101 451092959.494398 84010461.0536706 67772540.5112562 57057150.2089504 1053.88218579892
4 239723.065047587 293648.476982214 0.907130526231821 277922666.406277 320146837.656526 168358150.135508 232199185.188269 49589350.3267384 30240254.1312391 0 217276.934952413 723153027.388504 778878401.262518 425043949.588401 578541202.197799 111051484.06739 84494123.0364789 63165466.7473783 1175.8381438255
5 195572.608797842 345541.908132776 1.00479447347153 299638893.025278 347045379.217962 181884652.417253 251191174.589399 54030181.7720414 32468032.3463462 0 261427.391202158 858812451.443037 935601607.243774 507315034.877016 692087867.840764 135395339.037923 99220120.0212741 70824631.5188342 1259.20436165609
6 155454.621778329 389531.701328192 1.09354967138899 324189235.501122 376854148.145648 196990246.037366 272355547.315715 58820264.4912967 35085931.9514629 0 301545.378221671 976914342.650373 1072643546.33024 579044420.529886 791203674.847162 156760281.756204 112007527.43165 80308691.9337971 1312.09196924188
7 119670.674066473 424209.028936161 1.17156363817612 350856237.838707 409144714.532414 213312810.164855 295268936.973555 63946672.5832362 37992472.219232 0 337329.325933527 1077009420.97132 1189178418.47708 639884191.905649 875366460.676458 174962462.184299 122842023.085234 91917619.921599 1339.70789983652
8 88601.4749260744 448425.930173439 1.23815216922004 378476515.324734 442840716.228106 230178103.331976 319066497.203568 69265191.8937727 41060112.084353 9737.47760380151 368398.525073926 1158792525.95939 1284699216.00631 689614780.117634 944249019.565466 189897684.503756 131704955.690026 105972276.107719 1344.5203264191
9 87727.845576335 596630.215716017 1.29357869676562 315499863.047695 369195371.497327 191878985.992044 265990375.263861 57747226.1142753 34230550.1659489 8215.73087188427 369272.154423665 1224832184.71905 1361977985.20266 729778409.341313 999925363.711778 201985138.047791 138869991.27873 0.00145004696867908 251.64780069671
10 87727.8455763168 660940.789794188 1.33875768399356 260893751.839354 305295744.667569 158668939.095633 219953271.248349 47752446.9701317 28305992.1929969 8009.20102795879 369272.154423683 1279438295.92746 1425877612.03249 762988456.237763 1045962467.72734 211979917.191946 144794549.251689 5.70019684950189e-09 45.1179569377791
11 87727.8455763168 687647.889553132 1.37495899076066 215738761.608485 252455742.671359 131206823.409485 181884180.883232 39487545.0273511 23406845.3489711 7972.34266582989 369272.154423683 1324593286.15833 1478717614.0287 790450571.923912 1084031558.09246 220244819.134727 149693696.095715 6.77711564231419e-09 8.25959480890058
12 87727.8455763168 698738.898216777 1.4035709439896 178399110.489233 208761186.884916 108497798.039874 150404015.670196 32653116.4625259 19355633.4452012 7965.60083227933 369272.154423683 1361932937.27758 1522412169.81514 813159597.293522 1115511723.3055 227079247.699552 153744907.999485 8.14377108429606e-09 1.51776125835641
13 87727.8455763168 703344.807156472 1.42594011629432 147522134.576372 172629201.017336 89719207.2302646 124372377.080123 27001577.6867533 16005597.5283926 7964.36216333784 369272.154423683 1392809913.19044 1558544155.68272 831938188.103132 1141543361.89557 232730786.475324 157094943.916293 9.82053975655716e-09 0.279092316895857
14 87727.8455763168 705257.563510321 1.44328043746729 121989286.439145 142750869.97038 74190778.904705 102846244.574166 22328196.4038618 13235379.4034206 7964.13439817448 369272.154423683 1418342761.32767 1588422486.72968 847466616.428691 1163069494.40153 237404167.758216 159865162.041265 1.18749361708391e-08 0.0513271535757842
15 87727.8455763168 706051.8989792 1.45663400044646 100875614.691132 118043823.160974 61349981.1736287 85045813.7999591 18463674.9908975 10944625.3188507 7964.09251065216 369272.154423683 1439456433.07568 1613129533.53908 860307414.159768 1180869925.17573 241268689.17118 162155916.125835 1.4388853985915e-08 0.00943963129713879
16 87727.8455763168 706381.77268141 1.46686522255715 83416256.7710846 97613024.6461041 50731644.0960486 70326247.4579689 15268017.5352028 9050350.55950765 17701.5624110148 369272.154423683 1456915790.99573 1633560332.05395 870925751.237348 1195589491.51772 244464346.626875 164050190.885178 1.74638675753239e-08 0.0017361924267916
17 87727.8455763168 706518.759799997 1.47467360444167 68978796.9924518 80718426.7373746 41951148.5488724 58154371.0353319 12625470.4155344 7483940.39866822 17701.5607151073 369272.154423683 1471353250.77436 1650454929.96268 879706246.784524 1207761367.94036 247106893.746543 165616601.046017 -8.65753947793976e-09 4.02850282023252e-05
18 87727.8455763168 706575.649462078 1.48061524986782 57040088.8695408 66747847.6757602 34690330.1556395 48089132.2643763 10440279.9979339 6188635.40750202 17701.560675697 369272.154423683 1483291958.89727 1664425509.02429 886967065.177757 1217826606.71131 249292084.164144 166911906.037184 -8.65753947793976e-09 8.74688921255488e-07
19 87727.8455763168 706599.278512977 1.48512616966511 47167709.9713314 55195270.2524991 28686200.6006568 39765966.1542067 8633298.24201946 5117519.37636345 17701.5606748274 369272.154423683 1493164337.79548 1675978086.44756 892971194.73274 1226149772.82148 251099065.920058 167983022.068322 -8.65753947793976e-09 5.09933302766621e-09
20 87727.8455763168 706609.09349626 1.48854503835357 39003982.5754303 45642142.9084247 23721229.3974706 32883323.1869121 7139057.93613653 4231785.61576184 17701.56067479 369272.154423683 1501328065.19139 1685531213.79163 897936165.935926 1233032415.78878 252593306.225941 168868755.828924 -8.65753947793976e-09 -3.23559037883144e-08
21 87727.8455763168 706613.162714301 1.4911327866819 32253236.1642434 37742474.4106744 19615597.263259 27191930.6332763 5903441.30010645 3499354.98503666 17701.5606747885 369272.154423683 1508078811.60257 1693430882.28938 902041798.070137 1238723808.34241 253828922.861971 169601186.459649 -8.65753947793976e-09 -3.38174891920379e-08
22 87727.8455763168 706614.845524423 1.49308954651048 26670891.9815004 31210060.6895877 16220557.6239506 22485590.0039132 4881682.08710852 2893691.60773722 17701.5606747885 369272.154423683 1513661155.78532 1699963296.01047 905436837.709446 1243430148.97178 254850682.074969 170206849.836949 -8.65753947793976e-09 -3.38184891920379e-08
23 87727.8455763168 706615.550020237 1.49456799931338 22054776.7701848 25808320.2455403 13413153.8507331 18593853.8698362 4036775.70172256 2392860.44481258 17701.5606747885 369272.154423683 1518277270.99663 1705365036.45451 908244241.482663 1247321885.10585 255695588.460355 170707680.999873 -8.65753947793976e-09 -3.3819489192038e-08
24 87727.8455763168 706615.85470709 1.49568453742739 18237576.4259711 21341463.4756257 11091629.7641585 15375663.7184786 3338097.96135386 1978708.54435254 27439.03827859 369272.154423683 1522094471.34084 1709831893.22443 910565765.569238 1250540075.25721 256394266.200724 171121832.900333 0 0
25 87727.8455763168 706615.974355224 1.49652733408983 15081081.5567368 17647758.8742383 9171929.92991099 12714498.522793 2760351.83753171 1636240.70640755 27439.03827859 369272.154423683 1525250966.21007 1713525597.82582 912485465.403486 1253201240.4529 256972012.324546 171464300.738278 0 0
26 87727.8455763168 706616.02408765 1.49716333084398 12470875.983357 14593317.5599399 7584469.340189 10513896.7435328 2282595.27055685 1353043.20527421 27439.03827859 369272.154423683 1527861171.78345 1716580039.14012 914072925.993208 1255401842.23216 257449768.891521 171747498.239411 0 0
27 87727.8455763168 706616.044714639 1.49764314303724 10312436.4790888 12067529.2222368 6271761.37447576 8694168.11297601 1887527.28890097 1118860.62586736 27439.03827859 369272.154423683 1530019611.28772 1719105827.47782 915385633.958921 1257221570.86271 257844836.873177 171981680.818818 0 0
28 87727.8455763168 706616.053288567 1.49800506200805 8527571.15176001 9978894.3454089 5186251.71424356 7189390.92028394 1560836.11177927 925209.441564453 27439.03827859 369272.154423683 1531804476.61505 1721194462.35465 916471143.619153 1258726348.0554 258171528.050299 172175332.003121 0 0
29 87727.8455763168 706616.0566754 1.49827799287391 7051644.36880449 8251776.83837612 4288630.61299703 5945072.41228835 1290691.21586671 765076.928994745 27439.03827859 369272.154423683 1533280403.39801 1722921579.86168 917368764.7204 1259970666.5634 258441672.946211 172335464.515691 0 0
30 87727.8455763168 706616.058223363 1.49848381145619 5831170.53684724 6823588.29515604 3546369.49426437 4916120.16671176 1067302.91496613 632660.102161686 27439.03827859 369272.154423683 1534500877.22996 1724349768.4049 918111025.839132 1260999618.80898 258665061.247112 172467881.342524 0 0
31 87727.8455763168 706616.058898587 1.49863901958235 4821922.72507111 5642574.72132375 2932570.66447211 4065247.51784477 882576.173632601 523160.505181973 27439.03827859 369272.154423683 1535510125.04174 1725530781.97873 918724824.668924 1261850491.45784 258849787.988445 172577380.939504 0 0
32 87727.8455763168 706616.059179476 1.49875604601711 3987353.65063913 4665968.78400671 2425006.99647103 3361642.32718827 729821.593698222 432612.895134439 37176.5158823915 369272.154423683 1536344694.11617 1726507387.91605 919232388.336925 1262554096.6485 259002542.56838 172667928.549551 0 0
33 87727.8455763168 706616.059295258 1.49884427802144 3297236.71894016 3858399.56824233 2005295.44480446 2779821.27704473 603506.678328241 357737.800030765 37176.5158823915 369272.154423683 1537034811.04787 1727314957.13181 919652099.888592 1263135917.69864 259128857.48375 172742803.644655 0 0
34 87727.8455763168 706616.059343384 1.49891080138116 2726557.11479596 3190594.94093536 1658222.63560651 2298694.97608402 499052.863924085 295821.206376368 37176.5158823915 369272.154423683 1537605490.65201 1727982761.75912 919999172.697789 1263617043.9996 259233311.298154 172804720.238309 0 0
35 87727.8455763168 706616.059363344 1.49896095481879 2254648.91857245 2638371.81115532 1371220.08258476 1900840.4826112 412677.582967531 244620.939509345 37176.5158823915 369272.154423683 1538077398.84824 1728534984.8889 920286175.250811 1264014898.49308 259319686.579111 172855920.505176 0 0
36 87727.8455763168 706616.059371641 1.49899876617241 1864416.72819284 2181725.27855244 1133890.79734138 1571845.07273548 341251.794324595 202282.212512376 37176.5158823915 369272.154423683 1538467631.03862 1728991631.4215 920523504.536055 1264343893.90295 259391112.367754 172898259.232173 0 0
37 87727.8455763168 706616.059374919 1.49902726963 1541728.99611014 1804118.72122124 937640.33236181 1299794.77730715 282188.943238458 167271.805552791 37176.5158823915 369272.154423683 1538790318.7707 1729369237.97884 920719755.001034 1264615944.19838 259450175.21884 172933269.639132 0 0
38 87727.8455763168 706616.059376417 1.49904875809886 1274891.95897831 1491868.19248413 775356.838431304 1074830.86462785 233348.672532586 138320.989227735 37176.5158823915 369272.154423683 1539057155.80783 1729681488.50757 920882038.494965 1264840908.11106 259499015.489546 172962220.455458 0 0
39 87727.8455763168 706616.05937707 1.49906495913534 1054236.10408275 1233658.50727449 641159.564044 888801.200206201 192961.131875662 114380.657725052 37176.5158823915 369272.154423683 1539277811.66273 1729939698.19278 921016235.769352 1265026937.77548 259539403.030203 172986160.78696 0 0
40 87727.8455763168 706616.059377342 1.49907717267718 871770.954839906 1020139.27493859 530188.904730872 734969.204683769 159563.791764269 94583.8743465743 46913.993486193 369272.154423683 1539460276.81197 1730153217.42512 921127206.428665 1265180769.771 259572800.370314 173005957.570339 0 0
41 87727.8455763168 706616.059377454 1.49908637994004 720887.957087526 843577.219190884 438425.706064158 607763.364385115 131947.061589368 78213.6357865314 46913.993486193 369272.154423683 1539611159.80972 1730329779.48087 921218969.627332 1265307975.6113 259600417.100489 173022327.808899 0 0
42 87727.8455763168 706616.0593775 1.49909332120236 596118.009136466 697572.441754483 362543.799606689 502572.810713978 109109.909373213 64676.565052856 46913.993486193 369272.154423683 1539735929.75767 1730475784.2583 921294851.533789 1265413166.16497 259623254.252705 173035864.879633 0 0
43 87727.8455763168 706616.05937752 1.49909855400927 492942.846224404 576837.705984224 299795.291737646 415588.302905362 90225.3386969992 53482.4473888258 46913.993486193 369272.154423683 1539839104.92059 1730596518.99407 921357600.041658 1265500150.67278 259642138.823381 173047058.997297 0 0
44 87727.8455763168 706616.059377528 1.49910249888539 407624.832887533 476999.26128557 247907.047705477 343658.730052233 74609.2349047758 44225.7633846703 46913.993486193 369272.154423683 1539924422.93392 1730696357.43877 921409488.285691 1265572080.24563 259657754.927173 173056315.681301 0 0
45 87727.8455763168 706616.059377531 1.49910547254601 337074.3324846 394441.640011277 205000.029148389 284179.293529014 61696.0892067457 36571.2990690699 46913.993486193 369272.154423683 1539994973.43432 1730778915.06005 921452395.304248 1265631559.68215 259670668.072872 173063970.145616 0 0
46 87727.8455763168 706616.059377532 1.49910771429204 278734.691554969 326173.06709345 169519.344508519 234994.540059611 51017.9468974422 30241.6671439895 46913.993486193 369272.154423683 1540053313.07525 1730847183.63297 921487875.988888 1265680744.43562 259681346.215181 173070299.777541 0 0
47 87727.8455763168 706616.059377533 1.49910940439787 230491.825780365 269719.658271976 140179.26151526 194322.13580804 42187.8585057223 25007.4974011105 46913.993486193 369272.154423683 1540101555.94103 1730903637.04179 921517216.071881 1265721416.83987 259690176.303573 173075533.947284 0 0
48 87727.8455763168 706616.059377533 1.49911067850461 190598.745635788 223037.100625594 115917.305607267 160689.235763062 34886.0654169705 20679.2480384262 56651.4710899945 369272.154423683 1540141449.02117 1730950319.59943 921541478.027789 1265755049.73992 259697478.096661 173079862.196647 0 0
49 87727.8455763168 706616.059377533 1.49911163898537 157610.597440167 184434.638138154 95854.7535529286 132877.718404379 28848.1101717862 17100.1578582151 56651.4710899945 369272.154423683 1540174437.16937 1730988922.06192 921561540.579843 1265782861.25728 259703516.051906 173083441.286827 0 0
50 87727.8455763168 706616.059377533 1.49911236307539 130331.648137746 152513.03372135 79264.3909438467 109879.489842048 23855.1328743963 14140.4943149389 56651.4710899945 369272.154423683 1540201716.11867 1731020843.66634 921578130.942452 1265805859.48584 259708509.029204 173086400.95037 0 0
51 87727.8455763168 706616.059377533 1.49911290894107 107774.052451136 126116.31887287 65545.4354268645 90861.7213911475 19726.3241765866 11693.0799062138 56651.4710899945 369272.154423683 1540224273.71435 1731047240.38118 921591849.897969 1265824877.25429 259712637.837901 173088848.364779 0 0
52 87727.8455763168 706616.059377533 1.49911332045193 89120.6363165137 104288.243155211 54200.9025366622 75135.4731776861 16312.1133781279 9669.25431531023 56651.4710899945 369272.154423683 1540242927.13049 1731069068.4569 921603194.430859 1265840603.50251 259716052.0487 173090872.19037 0 0
53 87727.8455763168 706616.059377533 1.49911363064923 73695.9001639544 86238.3424703679 44819.9706289343 62131.2476990048 13488.8610389653 7995.72837597603 56651.4710899945 369272.154423683 1540258351.86664 1731087118.35759 921612575.362767 1265853607.72798 259718875.301039 173092545.716309 0 0
54 87727.8455763168 706616.059377533 1.49911386449641 60940.8727560934 71312.5132265309 37062.6876251344 51377.7896976461 11154.2563747973 6611.85580837737 56651.4710899945 369272.154423683 1540271106.89405 1731102044.18683 921620332.64577 1265864361.18599 259721209.905703 173093929.588877 0 0
55 87727.8455763168 706616.059377533 1.49911404079887 50393.3433898768 58969.8802214868 30647.9487407469 42485.4204042798 9223.69907637525 5467.48848723366 56651.4710899945 369272.154423683 1540281654.42342 1731114386.81983 921626747.384655 1265873253.55528 259723140.463001 173095073.956198 0 0
56 87727.8455763168 706616.059377533 1.49911417370681 41671.3608213388 48763.4872187177 25343.4609513549 35132.1258765432 7627.27905043695 4521.18613713173 56651.4710899945 369272.154423683 1540290376.40598 1731124593.21284 921632051.872444 1265880606.84981 259724736.883027 173096020.258548 0 0
57 87727.8455763168 706616.059377533 1.49911427390448 34458.9663239841 40323.6018884549 20957.0662018973 29051.5288823937 6307.16508322063 3738.66842294498 56651.4710899945 369272.154423683 1540297588.80048 1731133033.09817 921636438.267194 1265886687.4468 259726056.996995 173096802.776262 0 0
58 87727.8455763168 706616.059377533 1.49911434944497 28494.8677233449 33344.4622551141 17329.8532427771 24023.340250011 5215.53180283824 3091.58612512166 56651.4710899945 369272.154423683 1540303552.89908 1731140012.2378 921640065.480153 1265891715.63543 259727148.630275 173097449.85856 0 0
59 87727.8455763168 706616.059377533 1.4991144063796 23563.0251646277 27573.2602392303 14330.432133374 19865.4219540618 4312.83655394937 2556.49973083308 56651.4710899945 369272.154423683 1540308484.74164 1731145783.43982 921643064.901262 1265895873.55373 259728051.325524 173097984.944955 0 0
60 87727.8455763168 706616.059377533 1.49911444930064 19484.7814328886 22800.9326221864 11850.1481030883 16427.1523771942 3566.3789781809 2114.02560327012 56651.4710899945 369272.154423683 1540312562.98537 1731150555.76743 921645545.185292 1265899311.82331 259728797.7831 173098427.419082 0 0
61 87727.8455763168 706616.059377533 1.49911448166025 16112.3910911889 18854.5888963586 9799.14613787706 13583.9708814567 2949.11662590441 1748.13391743677 56651.4710899945 369272.154423683 1540315935.37572 1731154502.11116 921647596.187258 1265902155.0048 259729415.045452 173098793.310768 0 0
62 87727.8455763168 706616.059377534 1.49911450605389 13323.6884251156 15591.2717371975 8103.12815983259 11232.8824800774 2438.68900838473 1445.57015215707 56651.4710899945 369272.154423683 1540318724.07838 1731157765.42832 921649292.205236 1265904506.0932 259729925.473069 173099095.874533 0 0
63 87727.8455763168 706616.059377533 1.49911452444374 11017.6480357275 12892.762045232 6700.65309281302 9288.71507974407 2016.60503500908 1195.37343108363 56651.4710899945 369272.154423683 1540321030.11877 1731160463.93801 921650694.680303 1265906450.2606 259730347.557043 173099346.071254 0 0
64 87727.8455763168 706616.059377533 1.49911453830698 9110.73267152535 10661.3052087701 5540.91570680838 7681.04042524232 1667.57454208389 988.480276183362 56651.4710899945 369272.154423683 1540322937.03414 1731162695.39485 921651854.417689 1265908057.93526 259730696.587536 173099552.964409 0 0
65 87727.8455763168 706616.059377534 1.49911454875755 7533.86370677173 8816.06598228965 4581.90413996815 6351.61998231381 1378.95378713147 817.395916013714 56651.4710899945 369272.154423683 1540324513.9031 1731164540.63407 921652813.429256 1265909387.3557 259730985.208291 173099724.048769 0 0
66 87727.8455763168 706616.059377534 1.49911455663665 6229.91600757676 7290.19699912436 3788.87633992005 5252.29291927515 1140.28692401712 675.922488101894 56651.4710899945 369272.154423683 1540325817.8508 1731166066.50306 921653606.457056 1265910486.68276 259731223.875154 173099865.522197 0 0
67 87727.8455763168 706616.059377532 1.49911456257628 5151.65320652492 6028.42264663946 3133.10435035349 4343.23538652597 942.928087846915 558.935023996714 56651.4710899945 369272.154423683 1540326896.1136 1731167328.27741 921654262.229045 1265911395.7403 259731421.23399 173099982.509661 0 0
68 87727.8455763168 706616.059377533 1.49911456705305 4260.01441410183 4985.03418988976 2590.8323325192 3591.51608400259 779.727804775691 462.195563893268 56651.4710899945 369272.154423683 1540327787.75239 1731168371.66587 921654804.501063 1265912147.4596 259731584.434273 173100079.249121 0 0
69 87727.8455763168 706616.059377537 1.49911457042889 3522.69864365832 4122.23327723587 2142.41564852446 2969.90282378198 644.773893537429 382.199572058253 56651.4710899945 369272.154423683 1540328525.06816 1731169234.46678 921655252.917747 1265912769.07286 259731719.388184 173100159.245113 0 0
70 87727.8455763168 706616.05937753 1.49911457297365 2912.99623963771 3408.76448716805 1771.61016572557 2455.87733521876 533.177576989829 316.049151181614 56651.4710899945 369272.154423683 1540329134.77057 1731169947.93557 921655623.72323 1265913283.09835 259731830.984501 173100225.395534 0 0
71 87727.8455763168 706616.059377528 1.49911457489245 2408.82005656912 2818.78162185069 1464.98304445193 2030.81847516707 440.896154855921 261.347928936084 56651.4710899945 369272.154423683 1540329638.94675 1731170537.91843 921655930.350351 1265913708.15721 259731923.265923 173100280.096756 0 0
72 87727.8455763168 706616.059377545 1.4991145763385 1991.90573607581 2330.91187778739 1211.42636683865 1679.32800068743 364.586627164725 216.114291036243 56651.4710899945 369272.154423683 1540330055.86107 1731171025.78818 921656183.907029 1265914059.64768 259731999.575451 173100325.330394 0 0
