"Time" "IECs" "pheme_e" "BiomassCD" "pro_L_e" "leu_L_e" "ile_L_e" "val_L_e" "trp_L_e" "cys_L_e" "Drug" "Damage" "pro_L_v" "leu_L_v" "ile_L_v" "val_L_v" "trp_L_v" "cys_L_v" "CD" "pheme_c"
0 457000 1e+05 0.4963 224235600.199112 195370466.451958 120509812.093413 157438605.791629 18978882.6152 31300034.1459915 0 0 0 0 0 0 0 0 45700000 1000
1 391642.080851338 122888.446934103 0.594123778046947 243275966.716349 256675183.460994 141709060.181721 192098328.624687 35587136.8508635 28993824.7541894 0 65357.919148662 214871732.690413 210518868.730249 121196339.621182 161963448.864442 26004794.5054048 27403650.3448883 48532264.0501842 718.611799085837
2 332059.974838921 181263.053680689 0.697811969564231 259692286.483352 289988263.023449 155167066.806215 212660700.621184 43334552.0686939 29194819.483057 0 124940.025161079 411577141.555785 425007768.073436 237473360.145051 320591985.312653 57104359.9643114 50082184.3247889 52252901.3712898 919.310128912125
3 277649.006760322 245590.413026908 0.803529008284436 277355859.558797 316444992.362829 167326798.90244 230305998.432177 48508387.9075399 30468842.2737615 0 179350.993239678 588382428.388317 624846254.972947 343692100.072695 466515611.174353 87405671.7567522 69701973.2762662 57057132.7579536 1098.08335751161
4 228050.170735365 306387.834492437 0.907130841117821 297523358.212201 342766431.278529 180237569.193254 248592494.207939 53097363.1559263 32371876.7628218 0 228949.829264635 745276009.491175 804806375.085044 438562356.553087 597239839.503992 115154026.017366 86844891.8207895 63165450.1019989 1226.85205545218
5 183142.440799035 360077.707729061 1.00479474453872 320480443.307786 371175569.68083 194524526.011027 268654046.293671 57778604.4031728 34734949.9984854 0 273857.559200965 882350675.175817 963168485.48794 521689914.424182 711971482.315544 139751114.672158 101726386.880677 70824615.1211679 1312.20628680047
6 143011.374880754 404764.675507908 1.09354988560308 345933422.644903 402123051.967028 210183978.076284 290610642.560147 62750231.9655285 37454411.2656922 0 313988.625119245 999522237.658923 1099126106.35587 592848739.652151 810301984.493107 160942910.405902 114417254.92609 80308677.1681671 1363.4447274386
7 107885.947734004 439073.737475532 1.17156386898966 373073999.454118 435082218.423514 226798084.685219 313964854.386961 67983589.0974833 40420071.9800872 0 349114.052265996 1096689540.11688 1212253591.40272 651903250.352766 892000486.378456 178608620.910147 124939758.236047 91917765.4551951 1386.6967075988
8 78039.9488433451 461984.034425167 1.23815314581604 400593125.745482 468816909.957342 243604012.501719 337732664.369667 73309442.425005 43489584.6246744 9737.47760380151 378960.051156655 1174074366.513 1302648409.25514 698954563.559859 957179926.982156 192738777.592663 133331109.165473 105972425.054847 1385.21270907089
9 76661.6061400493 611804.15412616 1.29357950035998 343360161.371053 401915240.332087 208802701.041557 289509089.854427 62849718.7723787 37281352.1682482 7682.36218308618 380338.39385995 1236127207.82389 1375282606.1834 736689842.376463 1009500368.5114 204096971.225659 140068625.219965 104.543603459032 188.048519529409
10 76661.6037577742 679185.813499059 1.33875833283315 290820945.563964 340416225.930073 176852779.635917 245209889.635454 53232776.2659995 31576750.3385248 7513.0500728453 380338.396242226 1288666431.9833 1436781630.4933 768639768.866338 1053799575.82079 213713915.284958 145773227.964482 0.00227985488126336 18.7613993385337
11 76661.6037577197 707270.118031452 1.37495950670243 246321005.88372 288327469.081119 149791668.164663 207689121.395682 45087368.0036919 26745036.8502218 7496.19804473143 380338.39624228 1333166371.66374 1488870387.34248 795700880.337708 1091320344.06073 221859323.547301 150604941.452806 7.30946967109303e-08 1.90937190717183
12 76661.6037577197 718975.496049411 1.40357134929393 208630220.296109 244209068.471449 126871310.124757 175909589.985765 38188328.6219712 22652647.5477425 7494.48338367493 380338.39624228 1370857157.25135 1532988787.95215 818621238.377615 1123099875.47064 228758362.929022 154697330.755285 -6.94181864366422e-09 0.194710850693405
13 76661.6037577197 723854.230926199 1.42594043165496 176706686.726303 206841440.788679 107458108.518276 148992800.590677 32344945.1034761 19186454.8101374 7494.30853283395 380338.39624228 1402780690.82115 1570356415.63492 838034439.984096 1150016664.86573 234601746.447517 158163523.49289 -6.94181864366422e-09 0.0198600097143263
14 76661.6037577197 725887.659612229 1.44328068103019 149667929.649271 175191617.148384 91015416.1334465 126194681.198411 27395686.3655914 16250641.2289328 7494.29069859562 380338.39624228 1429819447.89819 1602006239.27522 854477132.368925 1172814784.258 239551005.185402 161099337.074095 -6.94181864366422e-09 0.00202577138156148
15 76661.6037577197 726735.180893541 1.45663418749095 126766505.450607 148384688.304194 77088700.7818374 106885013.906878 23203737.9893279 13764050.8875268 7494.2888794423 380338.39624228 1452720872.09685 1628813168.11941 868403847.720534 1192124451.54953 243742953.561665 163585927.415501 -6.94181864366422e-09 0.000206618063670736
16 76661.6037577197 727088.431215345 1.46686537029092 107369337.771528 125679615.936591 65292978.7974508 90530011.2209344 19653219.6961833 11657945.634726 17231.7662976886 380338.39624228 1472118039.77593 1651518240.48701 880199569.704921 1208479454.23548 247293471.85481 165692032.668301 0 2.10628722574616e-05
17 76661.6037577197 727235.652584584 1.47467374909121 90940268.3553115 106448807.800106 55302203.93268 76677603.545994 16645991.4004494 9874110.49092594 17231.7662767117 380338.39624228 1488547109.19215 1670749048.6235 890190344.569692 1222331861.91042 250300700.150544 167475867.812101 0 8.59543511990698e-08
18 76661.6037577197 727297.015513185 1.48061536473971 77025056.3601666 90160558.8872978 46840145.2051281 64944791.1415553 14098907.436483 8363224.90382954 17231.7662766258 380338.39624228 1502462321.18729 1687037297.5363 898652403.297244 1234064674.31486 252847784.11451 168986753.399197 0 4.35716490875439e-12
19 76661.6037577197 727322.606659999 1.48512630257957 65239057.0723493 76364628.9256751 39672894.1297443 55007255.2498236 11941561.2317833 7083524.92802575 17231.7662766129 380338.39624228 1514248320.47511 1700833227.49793 905819654.372628 1244002210.20659 255005130.31921 170266453.375001 0 -1.28716167914536e-08
20 76661.6037577197 727333.247532848 1.48854511478678 55256499.5557251 64679691.4864227 33602344.2893026 46590317.3907427 10114322.6544021 5999639.01385565 17231.7662766128 380338.39624228 1524230877.99173 1712518164.93718 911890204.213069 1252419148.06567 256832368.896591 171350339.289171 0 -1.29966297991968e-08
21 76661.6037577197 727337.683875747 1.49113288445086 46801402.3568899 54782700.4952206 28460667.0321637 39461279.8072809 8566675.19517233 5081601.65303957 17231.7662766128 380338.39624228 1532685975.19057 1722415155.92838 917031881.470208 1259548185.64913 258380016.355821 172268376.649987 0 -1.29966297991968e-08
22 76661.6037577197 727339.434578492 1.49308946976634 39640142.0328417 46400191.4304492 24105792.2773611 33423159.5119721 7255855.68774865 4304046.48443525 17231.7662766128 380338.39624228 1539847235.51462 1730797664.99315 921386756.225011 1265586305.94444 259690835.863245 173045931.818592 0 -1.29966297991968e-08
23 76661.6037577197 727340.392878742 1.49456802958646 33574596.6497929 39300255.5454978 20417238.9686584 28308907.1286989 6145599.27316694 3645461.82900024 17231.7662766128 380338.39624228 1545912780.89767 1737897600.8781 925075309.533714 1270700558.32772 260801092.277826 173704516.474027 0 -1.29966297991968e-08
24 76661.6037577197 727340.600897324 1.49568453734726 28437189.8109889 33286738.7276441 17293101.2701128 23977228.1930134 5205232.24318174 3087652.58035152 26969.2438804143 380338.39624228 1551050187.73647 1743911117.69596 928199447.232259 1275032237.2634 261741459.307812 174262325.722676 0 0
25 76661.6037577197 727340.758899361 1.49652732668774 24085922.1067811 28193425.6342374 14647027.1129133 20308393.8473509 4408762.58133402 2615200.72965896 26969.2438804143 380338.39624228 1555401455.44068 1749004430.78937 930845521.389459 1278701071.60906 262537928.96966 174734777.573369 0 0
26 76661.6037577197 727340.824826997 1.49716332215805 20400420.5212862 23879415.3831513 12405815.7775901 17200909.8410734 3734156.83397911 2215036.418207 26969.2438804143 380338.39624228 1559086957.02617 1753318441.04045 933086732.724782 1281808555.61534 263212534.717015 175134941.88482 0 0
27 76661.6037577197 727340.852272292 1.49764314106405 17278843.04611 20225498.2934206 10507535.5410575 14568906.610728 3162773.5210929 1876101.84661053 26969.2438804143 380338.39624228 1562208534.50135 1756972358.13018 934985012.961314 1284440558.84569 263783918.029901 175473876.456417 0 0
28 76661.6037577197 727340.863719541 1.49800505531114 14634919.9105016 17130692.5402529 8899724.40225075 12339644.5504251 2678821.55377702 1589030.01756652 26969.2438804143 380338.39624228 1564852457.63696 1760067163.88335 936592824.100121 1286669820.90599 264267869.997217 175760948.285461 0 0
29 76661.6037577197 727340.868399757 1.49827801960787 12395537.4835348 14509416.0268853 7537920.81513672 10451476.8439924 2268917.98415083 1345882.40083732 26969.2438804143 380338.39624228 1567091840.06392 1762688440.39672 937954627.687235 1288557988.61242 264677773.566843 176004095.90219 0 0
30 76661.6037577197 727340.869995341 1.49848379016686 10498873.5736778 12289303.6866298 6384529.7351274 8852277.21581662 1921746.68474725 1139946.46784767 26969.2438804143 380338.39624228 1568988503.97378 1764908552.73697 939108018.767244 1290157188.2406 265024944.866246 176210031.83518 0 0
31 76661.6037577197 727340.871124288 1.49863899933483 8892392.85591211 10408861.0592575 5407603.60686175 7497749.74620505 1627691.42521763 965518.039213794 26969.2438804143 380338.39624228 1570594984.69155 1766788995.36435 940084944.89551 1291511715.71021 265319000.125776 176384460.263814 0 0
32 76661.6037577197 727340.871581268 1.49875603082194 7531724.20085038 8816150.16493299 4580159.6504284 6350482.27518059 1378630.37513886 817779.387408568 36706.7214842158 380338.39624228 1571955653.34661 1768381706.25867 940912388.851943 1292658983.18123 265568061.175855 176532198.915619 0 0
33 76661.6037577197 727340.87177123 1.49884426577792 6379270.51560503 7467162.27367347 3879334.4837883 5378774.26968952 1167681.64493435 692648.296093477 36706.7214842158 380338.39624228 1573108107.03186 1769730694.14993 941613214.018583 1293630691.18672 265779009.90606 176657330.006934 0 0
34 76661.6037577197 727340.871850493 1.49891079181994 5403147.97080967 6324576.23297368 3285739.05008396 4555742.41751054 989009.118667285 586662.883533055 36706.7214842158 380338.39624228 1574084229.57665 1770873280.19063 942206809.452287 1294453723.0389 265957682.432327 176763315.419495 0 0
35 76661.6037577197 727340.87188349 1.49896094810077 4576383.39567675 5356818.99027009 2782970.54098218 3858643.89928068 837675.54271952 496894.457372818 36706.7214842158 380338.39624228 1574910994.15178 1771841037.43333 942709577.961389 1295150821.55713 266109016.008274 176853083.845655 0 0
36 76661.6037577197 727340.871897252 1.49899876055327 3876127.83434925 4537145.03277233 2357134.14795305 3268213.28715008 709498.572684291 420862.124177826 36706.7214842158 380338.39624228 1575611249.71311 1772660711.39083 943135414.354418 1295741252.16926 266237192.97831 176929116.17885 0 0
37 76661.6037577197 727340.871902879 1.49902726879646 3283016.79535484 3842887.53677113 1996454.01992618 2768123.12984949 600933.67142363 356463.326611747 36706.7214842158 380338.39624228 1576204360.7521 1773354968.88683 943496094.482445 1296241342.32656 266345757.87957 176993514.976416 0 0
38 76661.6037577197 727340.871904797 1.49904875301826 2780676.37624863 3254880.26902548 1690972.92993754 2344567.53453433 508983.708576926 301920.219448999 36706.7214842158 380338.39624228 1576706701.17121 1773942976.15458 943801575.572434 1296664897.92188 266437707.842417 177048058.083579 0 0
39 76661.6037577197 727340.871906154 1.49906495485661 2355192.35315277 2756836.13724894 1432229.42014923 1985814.52194557 431101.7810483 255722.024390266 36706.7214842158 380338.39624228 1577132185.19431 1774441020.28636 944060319.082222 1297023650.93446 266515589.769946 177094256.278637 0 0
40 76661.6037577197 727340.871906704 1.4990771694595 1994812.81712644 2334999.11543948 1213076.9703607 1681955.29996096 365136.78263688 216592.742920703 46444.1990880173 380338.39624228 1577492564.73033 1774862857.30816 944279471.53201 1297327510.15645 266581554.768357 177133385.560107 0 0
41 76661.6037577197 727340.871906933 1.49908637743126 1689580.02040353 1977713.30685028 1027460.11793004 1424593.84942168 309266.016019685 183451.182918694 46444.1990880173 380338.39624228 1577797797.52705 1775220143.11675 944465088.384441 1297584871.60699 266637425.534974 177166527.120109 0 0
42 76661.6037577197 727340.871907028 1.49909331927591 1431049.33974526 1675093.98063169 870243.55497954 1206609.96401529 261943.750923923 155380.444264832 46444.1990880173 380338.39624228 1578056328.20771 1775522762.44297 944622304.947391 1297802855.49239 266684747.80007 177194597.858763 0 0
43 76661.6037577197 727340.871907068 1.49909855260812 1212076.82485173 1418778.88971579 737082.933251655 1021980.11864389 221862.336323175 131604.85127794 46444.1990880173 380338.39624228 1578275300.7226 1775779077.53388 944755465.569119 1297987485.33777 266724829.214671 177218373.45175 0 0
44 76661.6037577197 727340.871907084 1.49910249777164 1026610.82169078 1201684.3585363 624298.146986103 865601.773617761 187914.058519214 111467.327597379 46444.1990880173 380338.39624228 1578460766.72576 1775996172.06506 944868250.355385 1298143863.68279 266758777.492475 177238510.97543 0 0
45 76661.6037577197 727340.871907091 1.49910547206172 869522.552931533 1017806.97142028 528770.306223488 733150.526095741 159160.130054198 94411.0009490257 46444.1990880173 380338.39624228 1578617854.99452 1776180049.45218 944963778.196147 1298276314.93032 266787531.42094 177255567.302079 0 0
46 76661.6037577197 727340.871907094 1.49910771346025 736475.312637497 862070.460339622 447862.19204602 620969.819697387 134806.746697829 79965.000569488 46444.1990880173 380338.39624228 1578750902.23482 1776335785.96326 945044686.310325 1298388495.63671 266811884.804296 177270013.302458 0 0
47 76661.6037577197 727340.871907095 1.49910940372438 623783.853428947 730161.112600121 379332.747704893 525952.384753696 114179.349233369 67729.1897484624 46444.1990880173 380338.39624228 1578863593.69403 1776467695.311 945113215.754666 1298483513.07166 266832512.201761 177282249.113279 0 0
48 76661.6037577197 727340.871907096 1.49911067799681 528335.625865469 618435.578746755 321289.18305315 445473.830152502 96708.2068676783 57365.6141601155 56181.6766918188 380338.39624228 1578959041.92159 1776579420.84485 945171259.319317 1298563991.62626 266849983.344126 177292612.688868 0 0
49 76661.6037577197 727340.871907096 1.49911163859396 447493.276262477 523806.742801657 272127.68193822 377310.43296122 81910.5701263201 48587.9152731143 56181.6766918188 380338.39624228 1579039884.27119 1776674049.68079 945220420.820432 1298632155.02345 266864780.980867 177301390.387755 0 0
50 76661.6037577197 727340.871907096 1.49911236277678 379020.200184887 443656.579989435 230488.130113436 319576.367777483 69377.0439319992 41153.2470994723 56181.6766918188 380338.39624228 1579108357.34727 1776754199.84361 945262060.372257 1298689889.08863 266877314.507062 177308825.055929 0 0
51 76661.6037577197 727340.871907096 1.49911290872098 321024.291776388 375770.313333083 195219.90832266 270676.278161936 58761.2913057014 34856.168610439 56181.6766918188 380338.39624228 1579166353.25568 1776822086.11026 945297328.594047 1298738789.17825 266887930.259688 177315122.134418 0 0
52 76661.6037577197 727340.871907096 1.49911332028053 271902.741812348 318271.79781809 165348.323130201 229258.732317544 49769.9290294935 29522.6500206828 56181.6766918188 380338.39624228 1579215474.80564 1776879584.62578 945327200.17924 1298780206.7241 266896921.621964 177320455.653007 0 0
53 76661.6037577197 727340.871907096 1.49911363055741 230297.169305431 269571.000346302 140047.321746264 194178.391653439 42154.3147951591 25005.2010687353 56181.6766918188 380338.39624228 1579257080.37815 1776928285.42325 945352501.180624 1298815287.06476 266904537.236199 177324973.101959 0 0
54 76661.6037577197 727340.871907096 1.49911386437844 195058.977090393 228323.447219824 118618.424214522 164466.799844787 35704.2057819867 21179.1093964266 56181.6766918188 380338.39624228 1579292318.57036 1776969532.97638 945373930.078155 1298844998.65657 266910987.345212 177328799.193632 0 0
55 76661.6037577197 727340.871907096 1.49911404070516 165212.110044025 193386.631317316 100468.076101398 139300.981886897 30240.9418047677 17938.3969116959 56181.6766918188 380338.39624228 1579322165.43741 1777004469.79228 945392080.426269 1298870164.47453 266916450.609189 177332039.906116 0 0
56 76661.6037577197 727340.871907096 1.49911417363601 139932.19459087 163795.594145953 85094.9629022048 117985.855267525 25613.62694362 15193.5547982942 56181.6766918188 380338.39624228 1579347445.35286 1777034060.82945 945407453.539468 1298891479.60115 266921077.92405 177334784.74823 0 0
57 76661.6037577197 727340.871907096 1.49911427384683 118520.483410453 138732.427197618 72074.1654088366 99932.261069642 21694.3603016351 12868.714484769 56181.6766918188 380338.39624228 1579368857.06404 1777059123.9964 945420474.336961 1298909533.19534 266924997.190692 177337109.588543 0 0
58 76661.6037577197 727340.871907096 1.49911434937759 100385.099975456 117504.318015988 61045.7542191856 84641.1500323377 18374.8029464342 10899.6112143362 56181.6766918188 380338.39624228 1579386992.44748 1777080352.10558 945431502.748151 1298924824.30638 266928316.748047 177339078.691814 0 0
59 76661.6037577197 727340.871907096 1.49911440629515 85024.6675162261 99524.3873191639 51704.8342536147 71689.7790752816 15563.1813045832 9231.80651094292 56181.6766918188 380338.39624228 1579402352.87994 1777098332.03628 945440843.668116 1298937775.67734 266931128.369689 177340746.496517 0 0
60 76661.6037577197 727340.871907096 1.49911444924818 72014.6038585046 84295.6466214018 43793.2104307625 60720.1555927856 13181.7785257879 7819.20010045371 56181.6766918188 380338.39624228 1579415362.9436 1777113560.77698 945448755.291939 1298948745.30082 266933509.772468 177342159.102928 0 0
61 76661.6037577197 727340.871907096 1.49911448164425 60995.2948817724 71397.1548468759 37092.1957620185 51429.0657340286 11164.7697156873 6622.74580866745 56181.6766918188 380338.39624228 1579426382.25257 1777126459.26875 945455456.306608 1298958036.39068 266935526.781278 177343355.557219 0 0
62 76661.6037577197 727340.871907096 1.4991145060447 51662.1026635675 60472.3225084071 31416.5351473232 43559.6496253146 9456.39299531108 5609.36666582679 56181.6766918188 380338.39624228 1579435715.44479 1777137384.10109 945461131.967222 1298965905.80679 266937235.157998 177344368.936362 0 0
63 76661.6037577197 727340.871907096 1.49911452443941 43757.0274783653 51219.1517815819 26609.3349058728 36894.3710637431 8009.42328725329 4751.04958331286 56181.6766918188 380338.39624228 1579443620.51998 1777146637.27182 945465939.167464 1298972571.08535 266938682.127706 177345227.253445 0 0
64 76661.6037577197 727340.871907096 1.49911453830607 37061.5481772765 43381.8559153931 22537.7088986881 31248.9807797227 6783.86179635958 4024.06797654705 56181.6766918188 380338.39624228 1579450315.99928 1777154474.56768 945470010.793471 1298978216.47563 266939907.689197 177345954.235052 0 0
65 76661.6037577197 727340.871907096 1.49911454875411 31390.5752594222 36743.7810879282 19089.1012964479 26467.4178815755 5745.82916098225 3408.32520170542 56181.6766918188 380338.39624228 1579455986.9722 1777161112.64251 945473459.401073 1298982998.03853 266940945.721833 177346569.977826 0 0
66 76661.6037577197 727340.871907096 1.49911455663214 26587.3429111293 31121.4273571806 16168.1803483867 22417.503004453 4866.63047584473 2886.79994366099 56181.6766918188 380338.39624228 1579460790.20454 1777166734.99624 945476380.322021 1298987047.95341 266941824.920518 177347091.503085 0 0
67 76661.6037577197 727340.871907096 1.49911456257681 22519.0801699631 26359.3816050972 13694.2059492276 18987.2883896326 4121.96292835486 2445.07619972565 56181.6766918188 380338.39624228 1579464858.46728 1777171497.04199 945478854.29642 1298990478.16802 266942569.588065 177347533.226828 0 0
68 76661.6037577197 727340.871907096 1.49911456705197 19073.3222033082 22325.9997583994 11598.7864698164 16081.9476856628 3491.2406034892 2070.94276573571 56181.6766918188 380338.39624228 1579468304.22525 1777175530.42384 945480949.7159 1298993383.50873 266943200.31039 177347907.360262 0 0
69 76661.6037577197 727340.871907096 1.49911457042568 16154.8174303704 18909.7864652482 9823.9979294868 13621.1681435125 2957.02835372235 1754.0574176115 56181.6766918188 380338.39624228 1579471222.73003 1777178946.63713 945482724.50444 1298995844.28827 266943734.52264 177348224.245611 0 0
70 76661.6037577197 727340.871907096 1.49911457297303 13682.8882860182 16016.3057757637 8320.77903514627 11536.9253064024 2504.55870497841 1485.66034843077 56181.6766918188 380338.39624228 1579473694.65917 1777181840.11782 945484227.723335 1298997928.53111 266944186.992289 177348492.64268 0 0
71 76661.6037577197 727340.871907096 1.49911457489222 11589.2012378529 13565.5708679565 7047.57509367049 9771.60276742154 2121.32367357489 1258.33204139046 56181.6766918188 380338.39624228 1579475788.34622 1777184290.85273 945485500.927276 1298999693.85365 266944570.22732 177348719.970987 0 0
72 76661.6037577197 727340.871907096 1.49911457633588 9815.87899302883 11489.8343188912 5969.19001525337 8276.400449383 1796.72921864944 1065.78829703954 56181.6766918188 380338.39624228 1579477561.66846 1777186366.58928 945486579.312354 1299001189.05596 266944894.821775 177348912.514731 0 0
