"Time" "IECs" "pheme_e" "BiomassCD" "pro_L_e" "leu_L_e" "ile_L_e" "val_L_e" "trp_L_e" "cys_L_e" "Drug" "Damage" "pro_L_v" "leu_L_v" "ile_L_v" "val_L_v" "trp_L_v" "cys_L_v" "CD" "pheme_c"
0 457000 1e+05 0.4963 224235600.199112 195370466.451958 120509812.093413 157438605.791629 18978882.6152 31300034.1459915 0 0 0 0 0 0 0 0 45700000 1000
1 399649.287654043 118713.322915684 0.594123778060648 223115892.678218 233493916.810079 129494700.339791 175268610.538321 31994823.0365039 26805962.0262393 0 57350.7123459572 206355675.763443 200398162.288714 115955285.88716 154697414.441284 24376433.1216963 26516745.6605997 48532264.0500879 694.975366241741
2 346262.276224212 169842.664842419 0.697811978919262 231200270.554271 257263559.813076 137919283.171397 188895934.884485 38274208.7480141 26093891.2231865 0 110737.723775788 389231844.569536 398665099.822384 223775930.341382 301629279.221904 52904887.8197362 47729428.8527074 52252900.9645946 861.751202089679
3 296399.034833234 227327.573256003 0.803529024632012 244407363.263714 278527527.170224 147371450.50563 202793121.432127 42637924.4855435 26884048.7618123 0 160600.965166766 554255110.75517 584782353.410314 322817552.352232 437636611.587148 81051297.9307335 66086756.0082173 57057132.1578073 1016.54165690185
4 249815.151151946 282776.546084383 0.907130829461549 261546454.803553 301242964.604334 158431192.397331 218499900.113343 46656263.6617938 28460309.76566 0 207184.848848053 703452898.574474 755809288.206679 413010712.746012 561899540.882005 107404674.279016 82398706.3379841 63165449.3673892 1132.3074523045
5 206474.816051246 332989.927917655 1.00479487723197 282166360.735342 326810173.494228 171285629.755357 236547966.751678 50885052.5191003 30569026.7820341 0 250525.183948753 837353855.870813 910494533.000596 494216021.782398 673972467.732393 131432455.725257 96932678.0002788 70824618.6311793 1213.44210416674
6 166546.345388932 376194.634211475 1.09354993034234 305863042.439664 355552958.404134 185867546.108571 256966976.392783 55505217.3430205 33091798.6749674 0 290453.654611068 955693037.02405 1047814257.57526 566093774.560629 773290474.299782 152843860.689284 109742438.841674 80308677.1001331 1267.13638739463
7 130370.975117149 410981.076639717 1.17156390721638 331990835.233023 387119839.221538 201858832.285932 279391844.41499 60516141.059658 35933983.3901229 0 326629.024882851 1057809875.94913 1166700741.7182 628167131.330109 859154899.583577 171416873.020015 120791596.310884 91917608.6419037 1297.89784433841
8 98396.0304008784 436129.42399182 1.23815282018384 359515834.269678 420576224.455565 218664024.037747 303063569.17914 65795826.247607 38981154.0607601 9737.47760380151 358603.969599121 1143033114.98015 1266228151.55914 679993711.498549 930933134.031119 186981650.65123 130022804.411294 105972237.194069 1307.61747871162
9 95315.2836255378 575497.187207797 1.29357923241193 301232970.238716 352523577.540334 183219850.061255 253979473.468595 55152701.4005421 32669882.9259762 6185.701861953 361684.716374462 1212136582.78933 1347093624.31301 722024576.249215 989195031.972311 199633038.235218 137517082.307809 263090.487749692 428.354489776706
10 95294.5564239375 643938.797166414 1.33875811648161 245106205.017888 286840821.947912 149081726.492618 206657384.151343 44876583.7138616 26582752.6249539 5640.61154004512 361705.443576062 1268336360.43732 1412862584.33689 756207143.645624 1036578961.88762 209922667.845664 143612171.854246 11464.6450366791 59.9255025462291
11 95293.5336413731 672403.471761361 1.37495933466725 199391865.6815 233342652.700844 121276750.014517 168114077.116758 36506733.3474988 21624849.657776 5575.84913109789 361706.466358627 1314054312.60765 1466365007.33664 784014319.308463 1075125324.83566 218293184.974844 148570467.569928 662.225016881088 6.33583526063841
12 95293.4736733167 684201.209940349 1.40357121415026 162201391.014023 189819694.394039 98656269.1530485 136757520.812812 29697515.2301149 17591393.1229904 5569.40305585232 361706.526326683 1351244999.60895 1509888215.05059 806634929.420383 1106482060.53576 225102442.186932 152603947.132448 39.5661472048904 0.57962358360869
13 95293.4700817388 689088.834072941 1.42594032650249 131947533.083836 154414461.262399 80254868.7004246 111249462.108329 24158324.7221578 14310240.5668099 5568.83041771317 361706.529918261 1381498870.28204 1545293463.11961 825036337.629769 1131990129.99588 230641635.036376 155885101.067794 2.37896092128139 0.0489462417537479
14 95293.469865581 691113.570588858 1.44328059981418 107336626.872365 125613014.694863 65285698.7554043 90499168.3058163 19652304.4121338 11641088.8194581 5568.78286972815 361706.530134419 1406109777.26175 1574094910.58614 840005508.04243 1152740424.4463 235147655.487324 158554252.89815 0.143467029929864 0.00393824926559699
15 95293.4698525365 691952.325543008 1.4566341251124 87316156.1581679 102183624.790347 53108584.0269843 73619227.1196464 15986748.7074897 9469788.26171929 5568.77908485002 361706.530147463 1426130248.02238 1597524300.54491 852182622.799112 1169620365.6716 238813211.200473 160725553.460898 0.00867063845305017 0.000307009087369383
16 95293.4698517477 692299.782579508 1.46686531787154 71029911.6270615 83124294.0360647 43202749.5947243 59887739.2963629 13004893.9149365 7703479.55008824 15306.2563957543 361706.530148252 1442416492.5563 1616583631.30247 862088457.233083 1183351853.49725 241795065.99354 162491862.172832 0.000524912476186883 2.34111415061419e-05
17 95293.4698517452 692443.70830633 1.47467373110005 57781376.6404465 67619908.7348883 35144550.9230312 48717447.9196402 10579214.5344822 6266622.65416703 15306.2563723194 361706.530148254 1455665027.54292 1632088016.60366 870146655.904781 1194522144.87398 244220745.373996 163928719.068754 -7.55879859298238e-08 6.47417687210566e-09
18 95293.4698517452 692503.300602239 1.48061522968074 47004087.2800925 55007552.205354 28589445.8570146 39630747.9540943 8605996.46886128 5097782.28408779 15306.2563722611 361706.530148254 1466442316.90328 1644700373.13319 876701760.970798 1203608844.83953 246193963.439617 165097559.438833 -7.54961910208656e-08 -5.18100729890172e-08
19 95293.4698517452 692528.043426976 1.48512623351986 38236804.1035047 44747448.9900423 23256893.2601189 32238752.7060414 7000791.21065438 4146935.16751974 15306.2563722429 361706.530148254 1475209600.07987 1654960476.3485 882034313.567693 1211000840.08758 247799168.697824 166048406.555401 -7.58038572228589e-08 -6.99832967409127e-08
20 95293.4698517452 692538.280350224 1.48854505900503 31104850.003844 36401125.0815376 18919002.0811677 26225559.1371593 5694998.98386316 3373446.06552889 15306.2563722449 361706.530148254 1482341554.17953 1663306800.25701 886372204.746645 1217014033.65646 249104960.924615 166821895.657392 -7.57735440040365e-08 -6.80082746550899e-08
21 95293.4698517452 692542.518707213 1.49113280928116 25303141.995995 29611550.5021981 15390210.7235094 21333941.385022 4632762.02707709 2744227.50154268 15306.2563722446 361706.530148254 1488143262.18738 1670096374.83635 889900996.104303 1221905651.4086 250167197.881401 167451114.221379 -7.57773954524646e-08 -6.82705656320071e-08
22 95293.4698517452 692544.267035809 1.49308952486289 20583605.228479 24088410.278727 12519631.8293579 17354739.0875927 3768660.22006028 2232374.76032939 15306.256372245 361706.530148254 1492862798.95489 1675619515.05982 892771574.998454 1225884853.70603 251031299.688418 167962966.962592 -7.5773195251797e-08 -6.79442720324339e-08
23 95293.4698517452 692544.995825059 1.49456803002987 16744344.8222513 19595432.5517674 10184466.2327841 14117727.7914753 3065728.55154071 1815991.53037234 15306.256372245 361706.530148254 1496702059.36112 1680112492.78678 895106740.595028 1229121865.00215 251734231.356937 168379350.192549 -7.57732227110746e-08 -6.79571893178821e-08
24 95293.4698517452 692545.29628232 1.49568454733031 13621189.0332863 15940491.7785699 8284859.23053399 11484488.704068 2493908.75358624 1477272.72584457 25043.7339760465 361706.530148254 1499825215.15008 1683767433.55997 897006347.597278 1231755104.08955 252306051.154892 168718068.997077 0 0
25 95293.4698517452 692545.422491418 1.49652734460846 11080582.0626236 12967291.3898623 6739577.75322558 9342416.3794897 2028748.04345481 1201733.68327796 25043.7339760465 361706.530148254 1502365822.12074 1686740633.94868 898551629.074586 1233897176.41413 252771211.865023 168993608.039644 0 0
26 95293.4698517452 692545.474816675 1.49716334045208 9013824.07682527 10548623.0489118 5482506.95462804 7599862.28351906 1650344.52671842 977585.46861914 25043.7339760465 361706.530148254 1504432580.10654 1689159302.28963 899808699.873184 1235639730.5101 253149615.38176 169217756.254302 0 0
27 95293.4698517452 692545.49646672 1.497643148039 7332560.50196082 8581087.90001667 4459906.65056224 6182331.66362182 1342521.33035914 795245.673023192 25043.7339760465 361706.530148254 1506113843.68141 1691126837.43852 900831300.17725 1237057261.13 253457438.578119 169400096.049898 0 0
28 95293.4698517452 692545.505427423 1.49800506692652 5964877.78358185 6980527.54697146 3628036.63054314 5029191.7511231 1092111.77395707 646914.982322635 25043.7339760465 361706.530148254 1507481526.39979 1692727397.79157 901663170.197269 1238210401.04249 253707848.134521 169548426.740599 0 0
29 95293.4698517452 692545.509016629 1.49827798916833 4852325.98167794 5678539.68026291 2951345.70121779 4091161.40954041 888414.235452466 526254.265477319 25043.7339760465 361706.530148254 1508594078.20169 1694029385.65828 902339861.126594 1239148431.38408 253911545.673026 169669087.457444 0 0
30 95293.4698517452 692545.510642739 1.49848382112414 3947268.01091311 4619375.9679871 2400859.40630361 3328076.18868523 722706.822518276 428097.089018507 25043.7339760465 361706.530148254 1509499136.17245 1695088549.37055 902890347.421508 1239911516.60493 254077253.08596 169767244.633903 0 0
31 95293.4698517452 692545.511313056 1.49863902686636 3211022.00044496 3757768.11215362 1953050.14817901 2707322.08491544 587907.256502969 348248.24850109 25043.7339760465 361706.530148254 1510235382.18292 1695950157.22639 903338156.679633 1240532270.7087 254212052.651975 169847093.47442 0 0
32 95293.4698517452 692545.511594728 1.49875605114958 2612101.3445843 3056868.22981354 1588766.72828527 2202351.66786476 478250.642627012 283292.8949203 34781.211579848 361706.530148254 1510834302.83878 1696651057.10873 903702440.099526 1241037241.12575 254321709.265851 169912048.828001 0 0
33 95293.4698517452 692545.511707559 1.49884428221757 2124895.53356761 2486705.06667084 1292431.98462173 1791571.84390782 389047.942780222 230453.465504181 34781.211579848 361706.530148254 1511321508.6498 1697221220.27187 903998774.84319 1241448020.94971 254410911.965698 169964888.257417 0 0
34 95293.4698517452 692545.511754338 1.49891080472323 1728558.51933995 2022883.08303932 1051366.65892204 1457406.59946562 316482.445984228 187469.122512509 34781.211579848 361706.530148254 1511717845.66402 1697685042.2555 904239840.168889 1241782186.19415 254483477.462494 170007872.600409 0 0
35 95293.4698517452 692545.511773694 1.49896095709705 1406146.80471028 1645573.78398989 855265.15387322 1185570.29459714 257451.960803471 152502.275539657 34781.211579848 361706.530148254 1512040257.37865 1698062351.55455 904435941.673938 1242054022.49902 254542507.947675 170042839.447382 0 0
36 95293.4698517452 692545.511781705 1.49899876801261 1143869.70745929 1338638.3246684 695739.518863858 964435.535116593 209431.545911568 124057.269642173 34781.211579848 361706.530148254 1512302534.4759 1698369287.01388 904595467.308948 1242275157.2585 254590528.362566 170071284.453279 0 0
37 95293.4698517452 692545.511784914 1.49902727022248 930518.428453517 1088959.36487803 565972.190262978 784551.800462259 170368.977952115 100918.465479844 34781.211579848 361706.530148254 1512515885.75491 1698618965.97366 904725234.637549 1242455040.99315 254629590.930526 170094423.257441 0 0
38 95293.4698517452 692545.511786367 1.4990487598914 756957.722919938 885846.186367706 460406.809018801 638216.854423443 138591.681436293 82095.1090212751 34781.211579848 361706.530148254 1512689446.46044 1698822079.15217 904830800.018793 1242601375.93919 254661368.227042 170113246.6139 0 0
39 95293.4698517452 692545.511786966 1.49906496048611 615769.665242547 720617.800861943 374531.546585307 519176.391099508 112741.50550209 66782.6964035451 34781.211579848 361706.530148254 1512830634.51812 1698987307.53768 904916675.281226 1242720416.40251 254687218.402976 170128559.026518 0 0
40 95293.4698517452 692545.511787219 1.49907717364737 500916.147665852 586207.981851492 304673.825432676 422339.476054229 91712.9306717484 54326.3705593961 44518.6891836495 361706.530148254 1512945488.0357 1699121717.35669 904986533.002379 1242817253.31756 254708246.977806 170141015.352362 0 0
41 95293.4698517452 692545.511787319 1.4990863807052 407485.909697741 476869.220267534 247846.453934525 343565.258183744 74606.7523675697 44193.4855386999 44518.6891836495 361706.530148254 1513038918.27367 1699231056.11827 905043360.373877 1242896027.53543 254725353.15611 170151148.237383 0 0
42 95293.4698517452 692545.511787361 1.49909332179764 331481.350322639 387923.236852139 201617.958480663 279483.223827714 60691.0482777998 35950.485435677 44518.6891836495 361706.530148254 1513114922.83304 1699320002.10169 905089588.869331 1242960109.56979 254739268.8602 170159391.237486 0 0
43 95293.4698517452 692545.511787378 1.49909855443241 269653.261000373 315567.574867138 164012.06260211 227353.854528127 49370.9195576488 29244.9805180327 44518.6891836495 361706.530148254 1513176750.92236 1699392357.76367 905127194.76521 1243012238.93909 254750588.98892 170166096.742403 0 0
44 95293.4698517452 692545.511787385 1.49910249921853 219357.037081748 256707.328385813 133420.229981996 184947.393973239 40162.1645219124 23790.1527767551 44518.6891836495 361706.530148254 1513227047.14628 1699451218.01016 905157786.59783 1243054645.39964 254759797.743956 170171551.570145 0 0
45 95293.4698517452 692545.511787388 1.4991054727135 178443.195133854 208827.017819213 108535.073459296 150451.539423216 32671.2334198366 19352.8820897806 44518.6891836495 361706.530148254 1513267960.98823 1699499098.32072 905182671.754352 1243089141.25419 254767288.675058 170175988.840832 0 0
46 95293.4698517452 692545.51178739 1.4991077145591 145159.892081897 169876.510828462 88291.0639356917 122389.252276317 26577.3806271989 15743.1740309231 44518.6891836495 361706.530148254 1513301244.29128 1699538048.82771 905202915.763876 1243117203.54134 254773382.527851 170179598.54889 0 0
47 95293.4698517452 692545.51178739 1.49910940459915 118084.610867188 138191.075984936 71822.9793255429 99561.159918893 21620.1569470808 12806.7509047688 44518.6891836495 361706.530148254 1513328319.5725 1699569734.26256 905219383.848486 1243140031.63369 254778339.751531 170182534.972017 0 0
48 95293.4698517452 692545.511787391 1.49911067864637 96059.4386391803 112415.64067131 58426.5386042966 80990.9865632795 17587.5596690867 10418.0324063357 54256.166787451 361706.530148254 1513350344.74473 1699595509.69787 905232780.289207 1243158601.80705 254782372.348809 170184923.690515 0 0
49 95293.4698517452 692545.511787391 1.49911163909604 78142.5555577058 91448.0198006275 47528.895688013 65884.6518036291 14307.1506354349 8474.87438659691 54256.166787451 361706.530148254 1513368261.62781 1699616477.31874 905243677.932123 1243173708.14181 254785652.757843 170186866.848535 0 0
50 95293.4698517452 692545.511787391 1.49911236316073 63567.3509644783 74391.0706296297 38663.7725320217 53595.8000667249 11638.57080503 6894.13483687313 54256.166787451 361706.530148254 1513382836.83241 1699633534.26791 905252543.055279 1243185996.99355 254788321.337673 170188447.588084 0 0
51 95293.4698517452 692545.51178739 1.49911290900249 51710.7326365255 60515.6059755154 31452.1837671047 43599.0810634818 9467.73798245093 5608.23689992866 54256.166787451 361706.530148254 1513394693.45073 1699647409.73257 905259754.644044 1243195993.71255 254790492.170496 170189733.486021 0 0
52 95293.4698517452 692545.51178739 1.49911332050041 42065.5513471554 49228.1234605674 25585.6644023021 35466.8999964862 7701.79802018297 4562.1782027185 54256.166787451 361706.530148254 1513404338.63202 1699658697.21508 905265621.163409 1243204125.89362 254792258.110458 170190779.544719 0 0
53 95293.4698517452 692545.51178739 1.4991136306767 34219.606024958 40046.2358442979 20813.5000658389 28851.7160940151 6265.28086508214 3711.25388145507 54256.166787451 361706.530148254 1513412184.57734 1699667879.1027 905270393.327746 1243210741.07752 254793694.627613 170191630.46904 0 0
54 95293.4698517452 692545.51178739 1.49911386453133 27836.9500938623 32576.794362615 16931.3569007424 23470.2813482309 5096.67792896618 3019.02917901418 54256.166787451 361706.530148254 1513418567.23327 1699675348.54418 905274275.470911 1243216122.51226 254794863.230549 170192322.693742 0 0
55 95293.4698517452 692545.51178739 1.49911404082531 22644.7910123036 26500.5576295105 13773.3134297845 19092.5950701704 4146.04352018817 2455.91864727653 54256.166787451 361706.530148254 1513423759.39236 1699681424.78091 905277433.514382 1243220500.19854 254795813.864958 170192885.804274 0 0
56 95293.4698517452 692545.51178739 1.49911417374772 18421.078722937 21557.6667512501 11204.3114386833 15531.4392886945 3372.72240810758 1997.84006458834 54256.166787451 361706.530148254 1513427983.10465 1699686367.67179 905280002.516373 1243224061.35433 254796587.18607 170193343.882857 0 0
57 95293.4698517452 692545.51178739 1.49911427397104 14985.1686944833 17536.7185486642 9114.47692827778 12634.5064428509 2743.64031582063 1625.20180510255 54256.166787451 361706.530148254 1513431419.01467 1699690388.61999 905282092.350883 1243226958.28717 254797216.268162 170193716.521116 0 0
58 95293.4698517452 692545.51178739 1.49911434948234 12190.1254335781 14265.7585750284 7414.43885500357 10277.9102104072 2231.89476717657 1322.06812368894 54256.166787451 361706.530148254 1513434214.05794 1699693659.57997 905283792.388956 1243229314.8834 254797728.013711 170194019.654798 0 0
59 95293.4698517452 692545.51178739 1.4991144063995 9916.41815569941 11604.9033382845 6031.49462872256 8360.87011314815 1815.60082473604 1075.47542609431 54256.166787451 361706.530148254 1513436487.76521 1699696320.4352 905285175.333182 1243231231.9235 254798144.307653 170194266.247495 0 0
60 95293.4698517452 692545.51178739 1.49911444931829 8066.8028879926 9440.35097091418 4906.49723780827 6801.39644334285 1476.95405200362 874.877212413267 54256.166787451 361706.530148254 1513438337.38048 1699698484.98757 905286300.330573 1243232791.39717 254798482.954426 170194466.845709 0 0
61 95293.4698517452 692545.51178739 1.4991144816716 6562.17905256296 7679.53230670687 3991.33508559247 5532.79680790456 1201.47189366467 711.694706884263 54256.166787451 361706.530148254 1513439842.00432 1699700245.80623 905287215.492725 1243234059.9968 254798758.436584 170194630.028215 0 0
62 95293.4698517452 692545.51178739 1.49911450606526 5338.19734838628 6247.14118102251 3246.86879156539 4500.81611802116 977.372611376159 578.948969041968 54256.166787451 361706.530148254 1513441065.98602 1699701678.19736 905287959.95902 1243235091.97749 254798982.535867 170194762.773952 0 0
63 95293.4698517452 692545.51178739 1.49911452445163 4342.51382585531 5081.92095199725 2641.26102838313 3661.3214058202 795.072531216237 470.96308705961 54256.166787451 361706.530148254 1513442061.66954 1699702843.41759 905288565.566783 1243235931.47221 254799164.835947 170194870.759834 0 0
64 95293.4698517452 692545.51178739 1.49911453831308 3532.54587862215 4134.03840134591 2148.61164163188 2978.40982461207 646.775187365214 383.118806040394 54256.166787451 361706.530148254 1513442871.63749 1699703791.30014 905289058.216169 1243236614.38379 254799313.133291 170194958.604115 0 0
65 95293.4698517452 692545.51178739 1.4991145487629 2873.65342432884 3362.95522167945 1747.8513835853 2422.87514037595 526.138313784027 311.65926975368 54256.166787451 361706.530148254 1513443530.52994 1699704562.38332 905289458.976427 1243237169.91847 254799433.770164 170195030.063652 0 0
66 95293.4698517452 692545.51178739 1.49911455663972 2337.65811064369 2735.69508526472 1421.84124517112 1970.95922390142 428.002725076315 253.528422574876 54256.166787451 361706.530148254 1513444066.52526 1699705189.64346 905289784.986566 1243237621.83439 254799531.905753 170195088.194499 0 0
67 95293.4698517452 692545.51178739 1.49911456257864 1901.63684144705 2225.43174188655 1156.63863855687 1603.33483159724 348.171422732445 206.240162548657 54256.166787451 361706.530148254 1513444502.54653 1699705699.9068 905290050.189173 1243237989.45878 254799611.737055 170195135.482759 0 0
68 95293.4698517452 692545.51178739 1.49911456705554 1546.94250703799 1810.34300714128 940.901772761535 1304.27994975371 283.230300245374 167.772135641928 54256.166787451 361706.530148254 1513444857.24086 1699706114.99553 905290265.926038 1243238288.51366 254799676.678178 170195173.950786 0 0
69 95293.4698517452 692545.51178739 1.49911457042968 1258.40597455941 1472.67687443053 765.404277747716 1061.00496547271 230.402035229794 136.479188396372 54256.166787451 361706.530148254 1513445145.7774 1699706452.66167 905290441.423533 1243238531.78865 254799729.506443 170195205.243733 0 0
70 95293.4698517452 692545.51178739 1.49911457297383 1023.68740462125 1197.99237917585 622.640653663373 863.10573960466 187.427321732497 111.023015607672 54256.166787451 361706.530148254 1513445380.49597 1699706727.34616 905290584.187158 1243238729.68787 254799772.481156 170195230.699906 0 0
71 95293.4698517452 692545.51178739 1.49911457489218 832.748685279426 974.542203244716 506.505387678902 702.118797855908 152.468277966093 90.3149436690124 54256.166787451 361706.530148254 1513445571.43468 1699706950.79634 905290700.322423 1243238890.67481 254799807.4402 170195251.407978 0 0
72 95293.4698517452 692545.51178739 1.49911457633866 677.423953938475 792.770068895909 412.03173115482 571.159223167649 124.029812998532 73.4693519443549 54256.166787451 361706.530148254 1513445726.75941 1699707132.56847 905290794.79608 1243239021.63439 254799835.878665 170195268.25357 0 0
