"Time" "IECs" "pheme_e" "BiomassCD" "pro_L_e" "leu_L_e" "ile_L_e" "val_L_e" "trp_L_e" "cys_L_e" "Drug" "Damage" "pro_L_v" "leu_L_v" "ile_L_v" "val_L_v" "trp_L_v" "cys_L_v" "CD" "pheme_c"
0 457000 1e+05 0.4963 224235600.199112 195370466.451958 120509812.093413 157438605.791629 18978882.6152 31300034.1459915 0 0 0 0 0 0 0 0 45700000 1000
1 377269.151774066 130456.520832685 0.594123778013699 279875484.165449 298755046.95136 163882384.188237 222649595.911471 42107224.5253199 32966339.7572476 0 79730.8482259339 229745451.502693 228216017.272257 130355229.241831 174663865.580456 28855813.4859629 28950340.1075025 48532264.0510176 761.477933762115
2 307337.026088824 201535.059196352 0.697811984350826 311100172.147064 349012916.769363 186281455.487426 255529277.61371 52457593.9822787 34792611.8269727 0 149662.973911176 448661792.255811 468805858.179177 260225335.460607 352100596.19687 64100526.5471961 53978004.3009105 52252900.7133506 1021.5285498861
3 246073.9972951 277230.438425522 0.803528831205294 336571908.9017 384550966.969874 203179018.563404 279732587.900466 59043719.1253964 36917928.6420475 0 210926.002704899 642109005.87461 688060744.731762 376589546.329347 512047256.376094 97456919.9258414 75377690.5426254 57057141.9624907 1239.41626510174
4 192705.8491436 346147.542800193 0.907130619977602 361800281.752384 416895628.987856 219177811.327771 302326400.9107 64581898.5039474 39371246.7638814 0 264294.1508564 807306700.652377 877674210.87587 476507583.161378 649748911.240369 126713420.149582 93417741.3109677 63165463.547079 1386.12476050433
5 146750.692792615 404195.789650765 1.00479469552592 388257625.777842 449594423.462963 235607612.863243 325413781.323943 69943954.6547884 42120595.1097821 0 310249.307207384 944447176.047506 1036102911.66451 559663496.126167 764526343.900878 151312293.320756 108315173.003845 70824632.5490817 1473.12825572997
6 107929.071590248 449517.132396124 1.0935506715608 415768933.813692 483233712.441717 252530611.344677 349210319.921477 75344579.8044044 45080167.8087276 0 349070.928409751 1054627687.91867 1163922745.2664 626556774.453906 856970645.108624 171220915.54195 120263102.846608 80308720.2046081 1514.36066811372
7 76046.2784051003 481121.23563352 1.17156490771993 443243207.177923 516978088.090946 269355374.49441 372986924.481719 80705544.342121 48112557.4949211 0 380953.721594899 1139541448.69156 1262778906.4742 678145607.712018 928354989.35911 186644295.778055 129473705.743512 91917680.3892098 1519.65380856167
8 50857.7523371368 498683.459915064 1.23815321610287 469021332.390073 549207037.815725 285106137.864349 395472981.928603 85797408.8555741 51039835.2178342 9737.47760380151 406142.247662863 1201614786.56822 1335309036.66608 715872903.962558 980637726.517158 197971129.433451 136218822.030697 105972326.947682 1495.39392547885
9 50148.9253427338 657094.265099964 1.29357955820803 422923152.66924 495297426.878658 257086132.192327 356628681.469358 77376935.7559684 46028213.5520069 7818.47220893633 406851.074657266 1250164460.70711 1392166659.07287 745385226.69446 1021576988.35655 206853602.135387 141502633.262375 0.0398482698147741 149.098679194244
10 50148.9253422809 726993.179294166 1.33875837954126 379385475.75992 444309205.474028 230620489.697674 319915665.848417 69411394.0070441 41289855.1110195 7683.16814162553 406851.074657719 1293702137.618 1443154880.47939 771850869.190069 1058290003.97883 214819143.884607 146240991.703536 1.80093628785881e-08 13.7946182770137
11 50148.9253422809 756381.280007113 1.37495954384782 340329769.861584 398569948.792789 206879343.567287 286982058.85511 62265862.1837644 37039285.3321666 7670.67016396508 406851.074657719 1332757843.51634 1488894137.16062 795592015.320455 1091223610.97213 221964675.707886 150491561.482389 -1.84902640494505e-08 1.29664061657088
12 50148.9253422809 768737.129572884 1.40357137847392 305294640.028162 357539303.988091 185582221.471031 257438790.583455 55855924.6496917 33226288.9813702 7669.4955820713 406851.074657719 1367792973.34976 1529924781.96532 816889137.416712 1120766879.24379 228374613.241959 154304557.833185 -1.84902640494505e-08 0.122058722794293
13 50148.9253422809 773931.987810284 1.42594045435925 273866189.454519 320732544.647382 166477524.204445 230936843.792498 50105855.9064734 29805820.2142137 7669.38501488918 406851.074657719 1399221423.9234 1566731541.30603 835993834.683298 1147268826.03474 234124681.985177 157725026.600342 -1.84902640494505e-08 0.0114915406720484
14 50148.9253422809 776116.098841997 1.44328069856954 245673129.798429 287714844.350373 149339553.355825 207163130.699987 44947725.9908955 26737470.4150955 7669.37460532693 406851.074657719 1427414483.57949 1599749241.60304 853131805.531917 1171042539.12726 239282811.900755 160793376.39946 -1.84902640494505e-08 0.00108197841535059
15 50148.9253422809 777034.380668827 1.45663420100255 220382394.860361 258096139.723689 133965844.953973 185836794.230987 40320597.9649803 23984990.8185787 7669.37362520811 406851.074657719 1452705218.51756 1629367946.22972 868505513.93377 1192368875.59626 243909939.92667 163545855.995977 -1.84902640494505e-08 0.000101859598972935
16 50148.9253422809 777420.451348761 1.46686536426021 197695208.112184 231526525.01102 120174779.001205 166705891.973243 36169808.4411197 21515864.5247148 17406.8511367849 406851.074657719 1475392405.26574 1655937560.94239 882296579.886538 1211499777.854 248060729.450531 166014982.289841 0 9.63491382756152e-06
17 50148.9253422809 777582.819936314 1.47467403432385 177343485.666769 207692039.48772 107803392.913871 149544362.992078 32446309.4786169 19300915.0215804 17406.8511272847 406851.074657719 1495744127.71115 1679772046.46569 894667965.973871 1228661306.83517 251784228.413034 168229931.792975 0 1.34667044559183e-07
18 50148.9253422809 777651.032752394 1.48061552900271 159086938.939625 186311274.30479 96705620.2910027 134149584.658489 29106138.4940858 17313990.8577561 17406.8511271139 406851.074657719 1514000674.4383 1701152811.64862 905765738.59674 1244056085.16875 255124399.397565 170216855.9568 0 -3.60967636196953e-08
19 50148.9253422809 777679.744245114 1.48512636895971 142709801.044196 167131538.676583 86750300.9585348 120339612.191796 26109819.3311279 15531609.3644188 17406.8511271139 406851.074657719 1530377812.33373 1720332547.27683 915721057.929208 1257866057.63545 258120718.560523 171999237.450137 0 -3.60967636196953e-08
20 50148.9253422809 777691.843474582 1.48854538098818 128018549.778514 149926193.2052 77819796.8205557 107951258.574956 23421945.663808 13932708.8399731 17406.8511271139 406851.074657719 1545069063.59941 1737537892.74821 924651562.067187 1270254411.25229 260808592.227843 173598137.974583 0 -3.60967636196953e-08
21 50148.9253422809 777696.666003373 1.49113306668377 114839713.17326 134492079.894923 69808657.8979038 96838244.0895384 21010779.505353 12498409.7201327 17406.8511271139 406851.074657719 1558247900.20466 1752972006.05849 932662700.989839 1281367425.7377 263219758.386298 175032437.094423 0 -3.60967636196953e-08
22 50148.9253422809 777698.889298507 1.49308980787542 103017564.370494 120646822.558617 62622221.0931954 86869252.5291192 18847829.4690736 11211763.7034674 17406.8511271139 406851.074657719 1570070049.00743 1766817263.39479 939849137.794547 1291336417.29812 265382708.422577 176319083.111089 0 -3.60967636196953e-08
23 50148.9253422809 777699.822170531 1.49456825671257 92412452.4430608 108226871.9925 56175595.5308851 77926523.6677524 16907545.3793642 10057572.0886125 17406.8511271139 406851.074657719 1580675160.93486 1779237213.96091 946295763.356858 1300279146.15949 267322992.512287 177473274.725943 0 -3.60967636196953e-08
24 50148.9253422809 777700.246700977 1.49568475035981 82899079.5301799 97085488.2802383 50392615.2640454 69904400.4597081 15167003.0608443 9022198.26887641 27144.3287309154 406851.074657719 1590188533.84774 1790378597.67317 952078743.623697 1308301269.36754 269063534.830806 178508648.54568 0 0
25 50148.9253422809 777700.415004551 1.49652742743466 74365197.3735596 87091214.2690309 45205046.925959 62708229.8974624 13605665.8599502 8093425.87168442 27144.3287309154 406851.074657719 1598722416.00436 1800372871.68438 957266311.961783 1315497439.92979 270624872.0317 179437420.942872 0 0
26 50148.9253422809 777700.486018863 1.49716337937166 66709710.4339038 78125654.0749772 40551436.6543449 56252763.4703722 12205037.595993 7260252.31407908 27144.3287309154 406851.074657719 1606377902.94402 1809338431.87843 961919922.233397 1321952906.35688 272025500.295657 180270594.500477 0 0
27 50148.9253422809 777700.516002657 1.4976431841364 59842305.2039494 70083038.9609498 36376884.7585135 50461844.5840043 10948594.7412221 6512848.45955484 27144.3287309154 406851.074657719 1613245308.17397 1817381046.99246 966094474.129229 1327743825.24324 273281943.150428 181017998.355002 0 0
28 50148.9253422809 777700.528468839 1.49800512557725 53681834.5593626 62868335.2036175 32632063.6000942 45267046.16887 9821490.82580801 5842382.78128612 27144.3287309154 406851.074657719 1619405778.81856 1824595750.74979 969839295.287648 1332938623.65838 274409047.065842 181688464.03327 0 0
29 50148.9253422809 777700.533349755 1.49827805610598 48155571.7597296 56396370.4326219 29272764.1158517 40607041.6189945 8810419.95177557 5240940.17243238 27144.3287309154 406851.074657719 1624932041.61819 1831067715.52079 973198594.771891 1337598628.20825 275420117.939875 182289906.642124 0 0
30 50148.9253422809 777700.535863069 1.49848388049362 43198207.3126959 50590658.829417 26259286.0323938 36426758.9006079 7903433.26183881 4701412.77133579 27144.3287309154 406851.074657719 1629889406.06522 1836873427.12399 976212072.855348 1341778910.92664 276327104.629812 182829434.043221 0 0
31 50148.9253422809 777700.536452582 1.49863911510592 38751147.1585115 45382579.2110734 23556011.2472462 32676788.7483659 7089810.53704466 4217423.58047795 27144.3287309154 406851.074657719 1634336466.21941 1842081506.74233 978915347.640496 1345528881.07888 277140727.354606 183313423.234078 0 0
32 50148.9253422809 777700.534423866 1.4987560975421 34761899.7152365 40710657.1813475 21131031.2264627 29312867.7930549 6359948.05213503 3783259.75645464 36881.8063347169 406851.074657719 1638325713.66268 1846753428.77206 981340327.66128 1348892802.03419 277870589.839515 183747587.058102 0 0
33 50148.9253422809 777700.53622618 1.49884430963614 31183406.0156374 36519780.6348008 18955739.8088655 26295313.7015375 5705236.01911091 3393799.70641929 36881.8063347169 406851.074657719 1641904207.36228 1850944305.31861 983515619.078877 1351910356.12571 278525301.872539 184137047.108137 0 0
34 50148.9253422809 777700.536986656 1.49891082287478 27973246.3412539 32760270.6232139 17004350.9355009 23588356.1733057 5117913.43503508 3044426.74327926 36881.8063347169 406851.074657719 1645114367.03666 1854703815.33019 985467007.952242 1354617313.65394 279112624.456615 184486420.071277 0 0
35 50148.9253422809 777700.537307743 1.49896097151803 25093551.367539 29387777.2951128 15253844.6366295 21160062.0138864 4591051.82537474 2731019.41530907 36881.8063347169 406851.074657719 1647994062.01038 1858076308.65829 987217514.251113 1357045607.81336 279639486.066275 184799827.399248 0 0
36 50148.9253422809 777700.537441246 1.49899878223743 22510293.8175407 26362450.3310915 13683536.4428261 18981737.8239308 4118425.64677514 2449874.41433024 36881.8063347169 406851.074657719 1650577319.56038 1861101635.62231 988787822.444916 1359223932.00331 280112112.244875 185080972.400226 0 0
37 50148.9253422809 777700.537493512 1.49902728339513 20192977.3494219 23648574.5910689 12274888.2662147 17027667.6545474 3694455.36671782 2197672.71624637 36881.8063347169 406851.074657719 1652894636.0285 1863815511.36234 990196470.621528 1361178002.1727 280536082.524932 185333174.09831 0 0
38 50148.9253422809 777700.537520425 1.49904877076347 18114215.8611693 21214077.4259746 11011252.6686072 15274758.2572589 3314130.49418877 1971433.79529561 36881.8063347169 406851.074657719 1654973397.51675 1866250008.52743 991460106.219135 1362930911.56999 280916407.397461 185559413.019261 0 0
39 50148.9253422809 777700.537526745 1.49906497324187 16249439.2392719 19030184.071591 9877693.99228381 13702290.9574554 2972955.74421086 1768483.59964479 36881.8063347169 406851.074657719 1656838174.13864 1868433901.88181 992593664.895459 1364503378.86979 281257582.147439 185762363.214912 0 0
40 50148.9253422809 777700.537505043 1.49907718109394 14576636.2546656 17071116.546625 8860832.07181912 12291704.8521713 2666903.99874513 1586426.5698512 46619.2839385184 406851.074657719 1658510977.12325 1870392969.40678 993610526.815923 1365913964.97507 281563633.892905 185944420.244705 0 0
41 50148.9253422809 777700.537524326 1.49908638552477 13076074.1325316 15313765.2328607 7948671.76643273 11026360.3381573 2392364.99990006 1423115.11865794 46619.2839385184 406851.074657719 1660011539.24538 1872150320.72054 994522687.12131 1367179309.48908 281838172.89175 186107731.695898 0 0
42 50148.9253422809 777700.537532463 1.49909332516732 11729964.4136304 13737297.5557894 7130399.84408789 9891257.35045143 2146084.21677781 1276613.2655081 46619.2839385184 406851.074657719 1661357648.96428 1873726788.39762 995340959.043654 1368314412.47679 282084453.674873 186254233.549048 0 0
43 50148.9253422809 777700.537535898 1.49909855704984 10522427.7867672 12323116.7989017 6396363.60388322 8873005.70746086 1925156.41131227 1145192.80913833 46619.2839385184 406851.074657719 1662565185.59115 1875140969.1545 996074995.283859 1369332664.11978 282305381.480338 186385654.005418 0 0
44 50148.9253422809 777700.537537327 1.49910250154125 9439195.65910062 11054512.6041221 5737889.46689013 7959573.46101884 1726971.03833786 1027300.84842642 46619.2839385184 406851.074657719 1663648417.71882 1876409573.34928 996733469.420852 1370246096.36622 282503566.853312 186503545.96613 0 0
45 50148.9253422809 777700.537537886 1.49910547472078 8467480.06454705 9916508.61781229 5147203.89619469 7140177.19703635 1549188.44436468 921545.624065582 46619.2839385184 406851.074657719 1664620133.31337 1877547577.33559 997324154.991547 1371065492.6302 282681349.447286 186609301.190491 0 0
46 50148.9253422809 777700.537538174 1.49910771617023 7595797.24340964 8895655.87981762 4617326.15464674 6405133.26955276 1389707.59015974 826677.318115186 46619.2839385184 406851.074657719 1665491816.13451 1878568430.07359 997854032.733095 1371800536.55769 282840830.30149 186704169.496441 0 0
47 50148.9253422809 777700.537538241 1.49910940628978 6813844.26290568 7979888.33023009 4141993.30506107 5745753.7613652 1246643.47755494 741574.626179057 46619.2839385184 406851.074657719 1666273769.11501 1879484197.62317 998329365.582681 1372459916.06588 282983894.414095 186789272.188377 0 0
48 50148.9253422809 777700.53753801 1.49911067969793 6112391.19045169 7158396.53043181 3715594.66461431 5154255.55947425 1118307.42174777 665233.022244982 56356.7615423199 406851.074657719 1666975222.18746 1880305689.42297 998755764.223128 1373051414.26777 283112230.469903 186865613.792311 0 0
49 50148.9253422809 777700.537538216 1.49911163980569 5483163.60832626 6421490.07264899 3333100.38796762 4623661.28592533 1003185.5564852 596751.972342437 56356.7615423199 406851.074657719 1667604449.76958 1881042595.88075 999138258.499775 1373582008.54132 283227352.335166 186934094.842214 0 0
50 50148.9253422809 777700.537538303 1.49911236366829 4918702.15366127 5760433.08320951 2989976.08456735 4147680.85532711 899913.135860609 535319.647786023 56356.7615423199 406851.074657719 1668168911.22425 1881703652.87019 999481382.803175 1374057988.97192 283330624.75579 186995527.16677 0 0
51 50148.9253422809 777700.537538339 1.49911290939363 4412348.27275578 5167427.53901156 2682174.15899063 3720699.46221938 807271.927959523 480211.374767367 56356.7615423199 406851.074657719 1668675265.10515 1882296658.41439 999789184.728752 1374484970.36503 283423265.963691 187050635.439789 0 0
52 50148.9253422809 777700.537538355 1.49911332083136 3958118.74457359 4635466.31839493 2406057.53640593 3337671.77338826 724167.258000467 430775.978306229 56356.7615423199 406851.074657719 1669129494.63334 1882828619.63501 1000065301.35134 1374867998.05386 283506370.63365 187100070.83625 0 0
53 50148.9253422809 777700.537538361 1.49911363095337 3550651.21794441 4158269.41819614 2158366.5557776 2994076.00227426 649618.043960889 386429.85487263 56356.7615423199 406851.074657719 1669536962.15997 1883305816.53521 1000312992.33196 1375211593.82497 283580919.84769 187144416.959683 0 0
54 50148.9253422809 777700.537538364 1.49911386475082 3185130.23092384 3730197.31290035 1936173.99858333 2685851.52501921 582743.261268933 346648.920813712 56356.7615423199 406851.074657719 1669902483.14699 1883733888.6405 1000535184.88916 1375519818.30223 283647794.630382 187184197.893742 0 0
55 50148.9253422809 777700.537538364 1.49911404103974 2857235.47631846 3346190.36691486 1736853.64050972 2409355.25552532 522752.477596551 310962.981908959 56356.7615423199 406851.074657719 1670230377.90159 1884117895.58649 1000734505.24723 1375796314.57172 283707785.414054 187219883.832647 0 0
56 50148.9253422809 777700.537538362 1.4991141738629 2563096.58316219 3001715.8778599 1558052.76405826 2161323.51507053 468937.579794335 278950.812079286 56356.7615423199 406851.074657719 1670524516.79475 1884462370.07554 1000913306.12368 1376044346.31218 283761600.311856 187251896.002477 0 0
57 50148.9253422809 777700.537538358 1.49911427368687 2299246.22261932 2692713.15754749 1397663.65260527 1938832.48900175 420664.19426776 250235.049737611 56356.7615423199 406851.074657719 1670788367.15529 1884771372.79585 1001073695.23514 1376266837.33824 283809873.697383 187280611.764818 0 0
58 50148.9253422809 777700.53753836 1.49911434919601 2062553.12708905 2415515.08873477 1253782.8741176 1739241.74529545 377359.432324276 224474.908022517 56356.7615423199 406851.074657719 1671025060.25082 1885048570.86467 1001217576.01363 1376466428.08195 283853178.459326 187306371.906534 0 0
59 50148.9253422809 777700.537538363 1.4991144061964 1850224.29167198 2166850.7033246 1124712.61937804 1560196.09093768 338512.292947972 201366.414391596 56356.7615423199 406851.074657719 1671237389.08624 1885297235.25008 1001346646.26837 1376645473.73631 283892025.598703 187329480.400165 0 0
60 50148.9253422809 777700.537538365 1.49911444916557 1659753.59578842 1943785.01166996 1008929.47014246 1399582.24725758 303664.262742578 180636.818931531 56356.7615423199 406851.074657719 1671427859.78212 1885520300.94173 1001462429.4176 1376806087.57999 283926873.628908 187350209.995625 0 0
61 50148.9253422809 777700.537538366 1.49911448155779 1488890.83993689 1743682.74063433 905065.577233419 1255502.74026684 272403.650976182 162041.224519678 56356.7615423199 406851.074657719 1671598722.53797 1885720403.21277 1001566293.31051 1376950167.08698 283958134.240674 187368805.590036 0 0
62 50148.9253422809 777700.537538365 1.49911450597462 1335617.5111307 1564179.95179975 811893.928856334 1126255.4649366 244361.155687643 145359.949291324 56356.7615423199 406851.074657719 1671751995.86678 1885899906.0016 1001659464.95889 1377079414.36231 283986176.735963 187385486.865265 0 0
63 50148.9253422809 777700.537538364 1.49911452436418 1198123.00478563 1403156.19423798 728313.896382698 1010313.63437555 219205.513304114 130395.938784128 56356.7615423199 406851.074657719 1671889490.37313 1886060929.75916 1001743044.99136 1377195356.19287 284011332.378346 187400450.875772 0 0
64 50148.9253422809 777700.537538385 1.49911453823757 1074782.60696738 1258708.71888931 653337.850219162 906307.213425992 196639.470329486 116972.369668705 56356.7615423199 406851.074657719 1672012830.77094 1886205377.23451 1001818021.03752 1377299362.61382 284033898.421321 187413874.444887 0 0
65 50148.9253422809 777700.537538467 1.49911454869992 964139.348496722 1129131.22738496 586080.129297879 813007.617192431 176396.463417988 104930.674867095 56356.7615423199 406851.074657719 1672123474.02941 1886334954.72602 1001885278.75845 1377392662.21005 284054141.428233 187425916.139689 0 0
66 50148.9253422809 777700.537538656 1.49911455663584 864886.178361049 1012892.9948184 525746.204666509 729312.678824222 158237.357867266 94128.6034224715 56356.7615423199 406851.074657719 1672222727.19955 1886451192.95858 1001945612.68308 1377476357.14842 284072300.533783 187436718.211134 0 0
67 50148.9253422809 777700.537538866 1.49911456262612 775850.699554195 908620.993449775 471623.400724754 654233.778058257 141947.654926769 84438.5592469226 56356.7615423199 406851.074657719 1672311762.67836 1886555464.95995 1001999735.48702 1377551436.04919 284088590.236724 187446408.255309 0 0
68 50148.9253422809 777700.537538891 1.4991145671258 695981.005534381 815083.30537588 423072.285503597 586883.897854546 127334.900472406 75746.0596533785 56356.7615423199 406851.074657719 1672391632.37238 1886649002.64803 1002048286.60224 1377618785.92939 284103202.991178 187455100.754903 0 0
69 50148.9253422809 777700.537538459 1.49911457048411 624333.478246051 731174.832443718 379519.253338185 526467.335114692 114226.452563905 67948.4073714287 56356.7615423199 406851.074657719 1672463279.89967 1886732911.12096 1002091839.6344 1377679202.49213 284116311.439087 187462898.407185 0 0
70 50148.9253422809 777700.537537859 1.49911457300581 560061.641255237 655904.241837831 340449.748922127 472270.301121675 102467.442043036 60953.477394855 56356.7615423199 406851.074657719 1672527551.73666 1886808181.71156 1002130909.13882 1377733399.52612 284128070.449608 187469893.337161 0 0
71 50148.9253422809 777700.537537766 1.4991145749298 502406.264436918 588382.37739602 305402.252154066 423652.57734712 91918.9621125771 54678.6400399687 56356.7615423199 406851.074657719 1672585207.11347 1886875703.576 1002165956.63559 1377782017.2499 284138618.929538 187476168.174516 0 0
72 50148.9253422809 777700.537538967 1.49911457637768 450686.215616594 527811.545704567 273962.717042083 380039.801125456 82456.394576115 49049.7652976014 56356.7615423199 406851.074657719 1672636927.1623 1886936274.4077 1002197396.1707 1377825630.02612 284148081.497074 187481797.049259 0 0
