"Time" "IECs" "pheme_e" "BiomassCD" "pro_L_e" "leu_L_e" "ile_L_e" "val_L_e" "trp_L_e" "cys_L_e" "Drug" "Damage" "pro_L_v" "leu_L_v" "ile_L_v" "val_L_v" "trp_L_v" "cys_L_v" "CD" "pheme_c"
0 457000 1e+05 0.4963 224235600.199112 195370466.451958 120509812.093413 157438605.791629 18978882.6152 31300034.1459915 0 0 0 0 0 0 0 0 45700000 1000
1 294809.814394117 175971.926798766 0.594123778215452 501123733.88195 552999333.495065 297887410.930549 407270720.343901 81475275.8458636 56997611.1281565 0 162190.185605883 303794478.192376 316920114.891761 176100298.324451 238178315.024926 43250983.5091861 36583454.2904943 48532264.0465872 1019.90229230673
2 184489.434465049 311798.271702713 0.697811951369184 610285366.468514 691955204.572398 367203431.867948 504735781.919779 105346690.2814 67449916.1965669 0 272510.565534952 589101851.623666 636786703.939425 346908416.844759 472432606.616842 91307139.0229974 68494175.1148462 52252902.3212213 1578.76190485572
3 110974.77667775 430749.495642465 0.803528939139165 671113504.007278 768182658.502695 405391068.294127 558399557.958792 118139622.451353 73526906.7155013 0 346025.22332225 790512427.045285 866306711.746504 468354035.765726 639546461.431091 126443803.463871 90646813.1862344 57057135.7706011 1926.5903002474
4 63456.7787631787 515579.584217997 0.907130694463936 711967375.724932 819118174.182528 430792216.865292 594222325.680183 126508590.376952 77790453.3399149 0 393543.221236822 918344353.563594 1012998549.39337 545639617.417947 746073287.039693 149053889.709968 104630177.761016 63165456.4161019 2066.13770501859
5 34038.167634914 566731.680947973 1.00479454976384 740630970.836097 855386484.710001 448499647.803002 619481250.459888 132377083.608706 80927717.9339769 0 422961.832365087 993033810.646564 1099082242.54836 590850875.842313 808473817.092088 162362801.677221 112789659.840208 70824625.1235257 2067.00147660137
6 16860.4389739792 589871.513070297 1.09354970998314 759549893.193148 880549350.037444 460144412.894009 636556075.825991 136406792.562671 83149682.4166169 0 440139.561026021 1033038271.83851 1145361550.72174 615081108.692922 841963681.459436 169528438.72649 117163943.163367 80308686.8937175 1988.40158063398
7 7571.85588796033 591719.801536344 1.17156379939318 770145508.9903 896655183.4014 466658322.950418 646813064.929348 138966987.125893 84590437.8412898 0 449428.14411204 1052433382.53574 1167886934.41254 626832081.126981 858232851.019082 173018690.488395 119290003.643725 91917622.5652802 1869.85822543057
8 3018.05546157598 578492.631611722 1.23815235543745 774031935.476895 905826784.483914 469058107.805849 651710771.299358 140415012.724895 85417817.5468627 9737.47760380151 453981.944538425 1060805277.5013 1177654589.30335 631905145.693141 865271299.011176 174532665.401985 120211283.301884 105972251.311293 1735.29394566142
9 2705.45683696598 731068.089034708 1.29357884996128 770062953.713252 901752018.564217 466655955.451551 648567831.705194 139784773.115568 85031028.7982226 7270.75685343204 454294.543163034 1065395596.63083 1183029452.90281 634686863.702697 869137233.088387 175365846.9555 120718109.922374 137710.821912854 964.977528445095
10 2704.663532084 810837.380682414 1.33875780767657 765565401.402488 896486930.257032 463930459.238111 644780427.052974 138968610.632074 84534548.9595364 6539.6598573091 454295.336467916 1069894599.14818 1188297840.565 637413246.441938 872926417.118154 176182524.237673 121214894.390135 2568.99413759658 304.710709616645
11 2704.64550959083 844957.330772547 1.37495908911121 761093032.421266 891249765.909075 461220216.510163 641013686.756061 138156773.490939 84040708.5670675 6327.45038759544 454295.354490409 1074367000.19533 1193535079.8685 640123508.776781 876693197.454687 176994373.072589 121708741.703241 85.5070181304246 94.9433299302655
12 2704.64487495766 859529.184465959 1.40357102125099 756646768.393873 886043134.673767 458525793.140946 637268920.189506 137349669.357568 83549747.4475208 6262.3769059742 454295.355125042 1078813265.32957 1198741713.74325 642817932.822911 880437965.421428 177801477.617699 122199703.066487 3.34146473100856 29.965751893105
13 2704.64484971199 865751.93774243 1.4259401764114 752226478.452734 880866918.13733 455847109.988316 633546029.269774 136547279.945709 83061654.297638 6241.92017061369 454295.355150288 1083233555.31412 1203917930.38468 645496616.00209 884160856.396585 178603867.045936 122687796.226064 0.137369319910467 9.51296976687665
14 2704.64484866781 868409.277403694 1.44328048389883 747832011.580042 875720940.695439 453184075.541604 629844887.237273 135749578.03651 82576412.5539553 6235.43329487206 454295.355151333 1087628022.18859 1209063907.83092 648159650.44989 887861998.431372 179401568.955813 123173037.970148 0.00574737177131617 3.02625960405365
15 2704.64484862402 869544.056258919 1.45663403610493 743463216.946711 870605025.775119 450536598.399038 626165367.076917 134956536.258666 82094005.5662726 6233.37040256926 454295.355151377 1091996816.82199 1214179822.75142 650807127.592501 891541518.591823 180194610.733685 123655444.957847 0.000242133732644734 0.963374277243485
16 2704.64484862217 870028.6473027 1.46686524980696 739119944.578028 865518997.756125 447904587.676378 622507342.476561 134168127.38847 81614416.7744094 15970.1913792823 454295.355151378 1096340089.19068 1219265850.77042 653439138.315163 895199543.192183 180983019.603882 124135033.749711 1.03041913428785e-05 0.306747483722262
17 2704.64484862217 870235.584969643 1.47467367447602 734802045.391767 860462682.061332 445287953.030219 618870687.875047 133384324.36391 81137629.7165543 15969.9009757028 454295.355151378 1100657988.37694 1224322166.46521 656055772.961323 898836197.793697 181766822.628442 124611820.807566 -1.90936091662944e-08 0.0163439049508313
18 2704.64484862217 870323.954813592 1.48061531540459 730509371.124289 855435905.072108 442686604.613215 615255278.400619 132605100.271554 80663628.0212777 15969.8855026202 454295.355151378 1104950662.64442 1229348943.45444 658657121.378326 902451607.268125 182546046.720798 125085822.502843 -1.90936091662944e-08 0.000870822273796056
19 2704.64484862217 870361.691991898 1.48512623128963 726241774.430399 850438494.245329 440100453.134598 611660989.955065 131830428.364689 80192395.4185652 15969.8846782054 454295.355151378 1109218259.33831 1234346354.28122 661243272.856943 906045895.713679 183320718.627663 125557055.105555 -1.90936091662944e-08 4.64074903346287e-05
20 2704.64484862217 870377.810419698 1.48854517246916 721999108.71868 845470277.920551 437529409.760385 608087699.075022 131060282.03343 79723915.7216354 15969.8846341796 454295.355151378 1113460925.05003 1239314570.60599 663814316.231156 909619186.593722 184090864.958922 126025534.802485 -1.90936091662944e-08 2.38168598164826e-06
21 2704.64484862217 870384.699126117 1.49113341117288 717781228.067749 840531085.221952 434973386.062631 604535282.861449 130294634.789522 79258172.8176926 15969.8846319395 454295.355151378 1117678805.70096 1244253763.30459 666370339.92891 913171602.807295 184856512.20283 126491277.706428 -1.90936091662944e-08 1.41575969305258e-07
22 2704.64484862217 870387.609932432 1.49308895488811 713587989.058062 835620748.203394 432432295.129502 601003620.522423 129533460.598853 78795150.8701971 15969.8846317258 454295.355151378 1121872044.71064 1249164100.32315 668911430.862039 916703265.146321 185617686.393499 126954299.653923 -1.90936091662944e-08 -7.20825082657871e-08
23 2704.64484862217 870388.90527081 1.4945673087297 709419246.185277 830739096.477414 429906048.785779 597492589.510147 128776733.048868 78334833.8124034 15969.8846317049 454295.355151378 1126040787.58343 1254045752.04913 671437677.205763 920214296.158597 186374413.943484 127414616.711717 -1.90936091662944e-08 -9.29997696585691e-08
24 2704.64484862217 870389.435330027 1.49568389172473 705274856.881364 825885963.095007 427394560.635639 594002069.749866 128024426.260025 77877205.9017967 25707.3622355032 454295.355151378 1130185176.88734 1258898885.43154 673949165.355903 923704815.918878 187126720.732327 127872244.622324 0 0
25 2704.64484862217 870389.655735075 1.49652802862106 701154690.330231 821061194.868842 424897751.404903 590531951.064636 127276516.486044 77422252.693524 25707.3622355032 454295.355151378 1134305343.43847 1263723653.65771 676445974.586639 927174934.604108 187874630.506308 128327197.830597 0 0
26 2704.64484862217 870389.746661428 1.49716384329383 697058581.19015 816264598.18162 422415520.896954 587082094.19906 126532973.713406 76969955.9303742 25707.3622355032 454295.355151378 1138401452.57855 1268520250.34493 678928205.094588 930624791.469684 188618173.278946 128779494.593746 0 0
27 2704.64484862217 870389.786453174 1.49764232798429 692986404.300625 811496026.468785 419947793.264886 583652393.739496 125793775.222458 76520301.7919914 25707.3622355032 454295.355151378 1142473629.46808 1273288822.05776 681395932.726656 934054491.929248 189357371.769894 129229148.732129 0 0
28 2704.64484862217 870389.811388074 1.49800440610583 688938014.804484 806755310.100717 417494480.725663 580242727.683209 125058894.718121 76073274.2830912 25707.3622355032 454295.355151378 1146522018.96422 1278029538.42583 683849245.265878 937464157.985535 190092252.274231 129676176.24103 0 0
29 2704.64484862217 870389.819475941 1.498277467432 684913275.78418 802042288.745202 415055500.307643 576852980.714438 124328307.346555 75628858.2850912 25707.3622355032 454295.355151378 1150546757.98452 1282742559.78134 686288225.683899 940853904.954306 190822839.645797 130120592.239029 0 0
30 2704.64484862217 870389.816557303 1.49848323416569 680912049.09102 797356800.628336 412630768.293108 573483036.480519 123601988.030433 75187038.5434647 25707.3622355032 454295.355151378 1154547984.67768 1287428047.89821 688712957.698434 944223849.188225 191549158.961919 130562411.980656 0 0
31 2704.64484862217 870389.814415139 1.49863808676532 676934197.447311 792698684.996169 410220201.492167 570132779.362366 122879911.850538 74747799.8998617 25707.3622355032 454295.355151378 1158525836.32139 1292086163.53038 691123524.499375 947574106.306378 192271235.141814 131001650.624259 0 0
32 2704.64484862217 870389.81904375 1.49875542929787 672979584.159443 788067781.778717 407823717.06888 566802094.232825 122162053.993675 74311127.2604269 35444.8398393047 454295.355151378 1162480449.60926 1296717066.74783 693520008.922662 950904791.435919 192989092.998677 131438323.263694 0 0
33 2704.64484862217 870389.818259537 1.49884440975213 669048083.033264 783463943.201002 405441238.54995 563490874.807677 121448391.552559 73877006.6906672 35444.8398393047 454295.355151378 1166411950.73544 1301320905.32555 695902487.441593 954216010.861067 193702755.439793 131872443.833454 0 0
34 2704.64484862217 870389.818017856 1.49891124684228 665139526.029718 778886972.487116 403072664.104184 560198979.559762 120738894.02404 73445419.6355294 35444.8398393047 454295.355151378 1170320507.73899 1305897876.03943 698271061.887358 957507906.108982 194412252.968311 132304030.888591 0 0
35 2704.64484862217 870389.81796289 1.49896140861237 661253804.708958 774336742.652601 400717928.017345 556926317.158029 120033541.723667 73016354.1209697 35444.8398393047 454295.355151378 1174206229.05975 1310448105.87395 700625797.974197 960780568.510715 195117605.268685 132733096.403151 0 0
36 2704.64484862217 870389.817891379 1.4989988627844 657390794.202401 769813107.474734 398376954.619425 553672782.434692 119332311.984775 72589796.3588651 35444.8398393047 454295.355151378 1178069239.5663 1314971741.05181 702966771.372117 964034103.234052 195818835.007577 133159654.165256 0 0
37 2704.64484862217 870389.817752278 1.49902649944978 653550367.39782 765315918.103455 396049666.880777 550438268.332302 118635181.733422 72165732.3133473 35444.8398393047 454295.355151378 1181909666.37088 1319468930.42309 705294059.110766 967268617.336442 196515965.25893 133583718.210774 0 0
38 2704.64484862217 870389.817450823 1.4990480919537 649732362.25012 760844984.781866 393735966.602531 547222638.37198 117942121.554511 71744144.091223 35444.8398393047 454295.355151378 1185727671.51858 1323939863.74468 707607759.389011 970484247.296764 197209025.437841 134005306.432898 0 0
39 2704.64484862217 870389.817100915 1.49906463144856 645936660.75868 756400169.329716 391435782.276648 544025793.170327 117253110.028076 71325018.6627373 35444.8398393047 454295.355151378 1189523373.01002 1328384679.19683 709907943.714894 973681092.498417 197898036.964276 134424431.861384 0 0
40 2704.64484862217 870389.816823596 1.49907737477177 642163133.474248 751981320.16026 389149035.457248 540847623.701587 116568123.655951 70908341.7339649 45182.3174431062 454295.355151378 1193296900.29446 1332803528.36629 712194690.534294 976859261.967157 198583023.336401 134841108.790156 0 0
41 2704.64484862217 870389.817265121 1.49908670340824 638411637.748123 747588270.230027 386875639.699623 537688009.823064 115887136.543951 70494097.5534832 45182.3174431062 454295.355151378 1197048396.02059 1337196578.29652 714468086.291919 980018875.84568 199264010.448401 135255352.970638 0 0
42 2704.64484862217 870389.817109776 1.4990937784628 634681989.313819 743220803.760583 384615483.338806 534546796.340404 115210115.243255 70082265.7743893 45182.3174431062 454295.355151378 1200778044.45489 1341564044.76597 716728242.652736 983160089.32834 199941031.749097 135667184.749732 0 0
43 2704.64484862217 870389.816352127 1.49909876571117 630974178.487344 738878909.411849 382368560.506325 531423975.097484 114537057.995987 69672845.3273665 45182.3174431062 454295.355151378 1204485855.28136 1345905939.1147 718975165.485217 986282910.57126 200614088.996365 136076605.196754 0 0
44 2704.64484862217 870389.814969245 1.49910252846757 627287978.489315 734562321.622239 380134733.774518 528319355.094406 113867923.636208 69265811.1711922 45182.3174431062 454295.355151378 1208172055.27939 1350222526.90431 721208992.217024 989387530.574337 201283223.356144 136483639.352929 0 0
45 2704.64484862217 870389.81295698 1.4991051973807 623623353.457094 730270998.396141 377913981.410729 525232906.126664 113202705.653984 68861159.3458753 45182.3174431062 454295.355151378 1211836680.31161 1354513850.13041 723429744.580813 992473979.54208 201948441.338368 136888291.178246 0 0
46 2704.64484862217 870389.8102702 1.49910720373199 619980113.771445 726004717.686983 375706188.506239 522164468.491669 112541369.628841 68458868.9134566 45182.3174431062 454295.355151378 1215479919.99726 1358780130.83957 725637537.485303 995542417.177075 202609777.36351 137290581.610664 0 0
47 2704.64484862217 870389.806883824 1.49910878721368 616358154.048151 721763356.088483 373511291.198511 519113953.431909 111883896.430999 68058928.2372978 45182.3174431062 454295.355151378 1219101879.72056 1363021492.43807 727832434.793031 998592932.236835 203267250.561353 137690522.286823 0 0
48 2704.64484862217 870389.803263265 1.49911001686925 612757391.023529 717546816.097795 371329239.029989 516081290.820395 111230270.946087 67661328.1233336 54919.7950469077 454295.355151378 1222702642.74518 1367238032.42876 730014486.961553 1001625594.84835 203920876.046265 138088122.400787 0 0
49 2704.64484862217 870389.809791385 1.49911116272445 609177686.767538 713354936.19706 369159948.415462 513066364.488619 110580468.13647 67266053.3411812 54919.7950469077 454295.355151378 1226282347.00117 1371429912.32949 732183777.57608 1004640521.18013 204570678.855882 138483397.182939 0 0
50 2704.64484862217 870389.80453833 1.49911203889382 605618789.73686 709187421.825806 367003266.920392 510068962.579813 109934442.340958 66873076.1151576 54919.7950469077 454295.355151378 1229841244.03185 1375597426.70075 734340459.07115 1007637923.08893 205216704.651394 138876374.408963 0 0
51 2704.64484862217 870389.787398901 1.49911264598409 602080743.593135 705044324.112375 364859221.003609 507089121.867021 109292201.485195 66482401.2664279 54919.7950469077 454295.355151378 1233379290.17558 1379740524.41418 736484504.987933 1010617763.80172 205858945.507157 139267049.257693 0 0
52 2704.64484862217 870389.751558785 1.49911307743484 598563344.908655 700925404.840298 362727687.388501 504126671.01778 108653708.642136 66094006.3322867 54919.7950469077 454295.355151378 1236896688.86005 1383859443.68626 738616038.603041 1013580214.65096 206497438.350216 139655444.191834 0 0
53 2704.64484862217 870389.692574985 1.49911339416961 595066461.046517 696830508.690046 360608585.697479 501181498.321607 108018939.734978 65707876.6668247 54919.7950469077 454295.355151378 1240393572.72219 1387954339.83651 740735140.294063 1016525387.34714 207132207.257374 140041573.857296 0 0
54 2704.64484862217 870389.626750738 1.49911360721151 591590081.077416 692759622.863262 358501909.307417 498253594.573536 107387892.77979 65324011.0632163 54919.7950469077 454295.355151378 1243869952.69129 1392025225.66329 742841816.684125 1019453291.09521 207763254.212562 140425439.460904 0 0
55 2704.64484862217 870389.718870059 1.49911383765929 588134038.345885 688712552.204243 356407557.225574 495342819.411706 106760537.524577 64942391.1191863 54919.7950469077 454295.355151378 1247325995.42282 1396072296.32231 744936168.765968 1022364066.25704 208390609.467775 140807059.404934 0 0
56 2704.64484862217 870389.785564521 1.49911402140714 584698186.494713 684689125.326806 354325440.759897 492449049.570009 106136847.401968 64563000.6738144 54919.7950469077 454295.355151378 1250761847.274 1400095723.19975 747018285.231645 1025257836.09874 209014299.590384 141186449.850306 0 0
57 2704.64484862217 870389.802760096 1.49911415943702 581282405.996688 680689202.263042 352255487.477234 489572184.379309 105516800.714889 64185826.5287778 54919.7950469077 454295.355151378 1254177627.77202 1404095646.26351 749088238.514308 1028134701.28944 209634346.277463 141563623.995343 0 0
58 2704.64484862217 870389.810647849 1.49911426336695 577886580.833386 676712647.15388 350197627.07075 486712126.125667 104900376.403191 63810855.8731977 54919.7950469077 454295.355151378 1257573452.93532 1408072201.37267 751146098.920792 1030994759.54308 210250770.589161 141938594.650923 0 0
59 2704.64484862217 870389.814837336 1.49911434197129 574510585.554662 672759313.095577 348151783.518013 483868769.151486 104287551.694642 63438074.8547345 54919.7950469077 454295.355151378 1260949448.21405 1412025535.43098 753191942.473529 1033838116.51726 210863595.29771 142311375.669386 0 0
60 2704.64484862217 870389.816294837 1.49911440103786 571154312.008144 668829073.440312 346117891.278992 481042022.367836 103678306.956973 63067471.5310875 54919.7950469077 454295.355151378 1264305721.76057 1415955775.08624 755225834.71255 1036664863.30091 211472840.035378 142681978.993033 0 0
61 2704.64484862217 870389.816536485 1.49911444544421 567817646.380855 664921794.91162 344095881.383348 478231789.918267 103072621.530381 62699033.3349056 54919.7950469077 454295.355151378 1267642387.38785 1419863053.61493 757247844.608194 1039475095.75048 212078525.461971 143050417.189215 0 0
62 2704.64484862217 870389.816592314 1.49911447818283 564500493.342632 661037365.876646 342085696.061272 475437991.513069 102470478.110136 62332749.7397299 54919.7950469077 454295.355151378 1270959540.42608 1423747482.64991 759258029.93027 1042268894.15568 212680668.882216 143416700.784391 0 0
63 2704.64484862217 870389.817307485 1.49911450241922 561202726.963643 657175638.869935 340087258.999643 472660521.09064 101871853.836932 61968606.8402536 54919.7950469077 454295.355151378 1274257306.80507 1427609209.65662 761256466.991899 1045046364.5781 213279293.15542 143780843.683867 0 0
64 2704.64484862217 870389.819689732 1.49911452159674 557924212.166775 653336455.71444 338100488.342113 469899264.885284 101276724.191009 61606589.7211168 54919.7950469077 454295.355151378 1277535821.60193 1431448392.81211 763243237.649428 1047807620.78346 213874422.801343 144142860.803004 0 0
65 2704.64484862217 870389.823505988 1.49911453636427 554664849.104056 649519699.486899 336125323.581097 467154138.802267 100685071.047549 61246687.3569996 54919.7950469077 454295.355151378 1280795184.66465 1435265149.03965 765218402.410444 1050552746.86648 214466075.944803 144502763.167121 0 0
66 2704.64484862217 870389.828616446 1.49911454805773 551424526.852748 645725240.295353 334161697.49773 464425049.419378 100096874.271393 60888887.4996941 54919.7950469077 454295.355151378 1284035506.91596 1439059608.2312 767182028.493812 1053281836.24937 215054272.720959 144860563.024426 0 0
67 2704.64484862217 870389.833118896 1.49911455682806 548203134.605329 641952948.382764 332209542.942967 461711903.411445 99512113.7483 60533177.9137151 54919.7950469077 454295.355151378 1287256899.16338 1442831900.14379 769134183.048575 1055994982.2573 215639033.244052 145216272.610405 0 0
68 2704.64484862217 870389.834182449 1.49911456362599 545000471.172836 638202588.154257 330268737.996869 459014531.331537 98930752.957612 60179536.3835615 54919.7950469077 454295.355151378 1290459562.59587 1446582260.3723 771074987.994673 1058692354.33721 216220394.03474 145569914.140559 0 0
69 2704.64484862217 870389.83398344 1.49911456760694 541816691.241713 634474340.749656 328339376.39898 456333063.460872 98352819.9786559 59827979.9898762 54919.7950469077 454295.355151378 1293643342.527 1450310507.7769 773004349.592562 1061373822.20787 216798327.013696 145921470.534244 0 0
70 2704.64484862217 870389.827641043 1.4991145708015 538651432.391483 630767781.769904 326421238.523523 453667194.55886 97778249.0233592 59478468.7138018 54919.7950469077 454295.355151378 1296808601.37723 1454017066.75665 774922487.468019 1064039691.10988 217372897.968993 146270981.810319 0 0
71 2704.64484862217 870389.821659915 1.49911457325816 535504655.172001 627082865.018371 324514300.46382 451016891.399495 97207032.9305671 59130998.1992107 54919.7950469077 454295.355151378 1299955378.59671 1457701983.50818 776829425.527722 1066689994.26925 217944114.061785 146618452.32491 0 0
72 2704.64484862217 870389.819510372 1.49911457511337 532376256.788797 623419470.121405 322618499.926714 448382067.406417 96639153.0405997 58785557.0954275 54919.7950469077 454295.355151378 1303083776.97991 1461365378.40515 778725226.064828 1069324818.26233 218511993.951752 146963893.428693 0 0
