"Time" "IECs" "pheme_e" "BiomassCD" "pro_L_e" "leu_L_e" "ile_L_e" "val_L_e" "trp_L_e" "cys_L_e" "Drug" "Damage" "pro_L_v" "leu_L_v" "ile_L_v" "val_L_v" "trp_L_v" "cys_L_v" "CD" "pheme_c"
0 457000 1e+05 0.4963 224235600.199112 195370466.451958 120509812.093413 157438605.791629 18978882.6152 31300034.1459915 0 0 0 0 0 0 0 0 45700000 1000
1 343104.648430175 148853.230522072 0.594123777919346 369105906.851547 401321506.83805 217934774.871749 297122022.036022 57994535.2988021 42654624.1531653 0 113895.351569825 262864911.070458 267739726.79281 150778299.440023 202999900.538777 35243652.693405 32381224.9956391 48532264.0528953 865.797186408034
2 252527.12174563 248504.923008166 0.697812003470707 434416696.404961 490489079.407917 260887267.358955 358306946.990296 74301725.8732016 48235983.2074243 0 204472.87825437 521511126.246208 555284087.703966 305027886.421397 414206334.816775 77992078.4594351 61581636.1882454 52252899.7998183 1258.62281676877
3 181116.151885251 346576.874098127 0.803529047365584 476937805.709997 545764234.808205 288096158.203053 396780211.972407 83932213.399931 52239943.317538 0 275883.848114749 734028642.363614 797007155.952995 433067999.683175 590324351.866122 114920156.434883 84999488.5045173 57057131.1344334 1549.49367392256
4 125666.88870874 427816.168451839 0.907130884614006 511744473.933945 589499659.97032 309910212.071552 427508000.746002 91243642.3425625 55758590.8405898 0 331333.11129126 896774349.131094 983885216.341989 531509825.649394 726013164.203204 143759728.699047 102773358.041246 63165448.6603595 1713.59436302725
5 83623.447667366 488241.846665845 1.00479478443021 542716425.332927 627927309.297312 329086899.731549 454557718.964796 97501068.3665911 59039155.2047662 0 373376.552332634 1014953635.16167 1120316238.30607 603126631.881445 824867174.079801 164912053.75886 115637475.036957 70824613.9283128 1779.96599079827
6 52822.480166886 527678.204098198 1.09354991758537 570032559.886184 662032044.940957 345890570.036728 478430869.483463 102971836.602753 62043729.6118148 0 404177.519833114 1096050665.00201 1214312726.49692 652318983.297338 892857901.132459 179520135.073132 124460472.150093 80308676.1384432 1778.16451521175
7 31294.8395732953 547597.244881 1.17156390204247 592619920.27659 691012969.997422 359737626.867244 498416243.926374 107580701.742777 64640806.5903269 0 425705.160426705 1148095138.11143 1274865258.6692 683905362.399053 936579980.668081 188942924.140741 130130009.159519 91917608.0483005 1730.02680226258
8 17149.3739673486 550474.457321472 1.23815225928122 609324233.003075 713835093.011169 369960378.211376 513667017.820977 111190497.165827 66705971.5136561 9737.47760380151 439850.626032652 1178913474.59285 1310874127.11059 702615079.904906 962526039.598722 194550426.903129 133496703.028874 105972226.433266 1651.00087225996
9 16000.4943629269 705662.497792933 1.29357877084402 592011377.656199 693941949.040878 359454774.761599 499209961.402988 108095843.59168 64841832.3058562 7129.42344102816 440999.505637073 1199962450.83652 1335545461.35567 715395473.958712 980274827.557578 198393480.787227 135802012.004772 130814.535419726 829.401697503217
10 15997.5568625193 785174.763126999 1.33875774379443 571854764.88144 670315881.826512 347216190.027708 482213391.011547 104415603.991007 62634202.9033807 6452.24098259995 441002.443137481 1220128570.64178 1359183745.63423 727639847.256057 997279794.351417 202075633.846322 138010769.407403 2470.93314438695 222.678247167313
11 15997.4905158812 819033.481337207 1.37495903831351 552376566.059584 647483978.784185 335389505.70879 465788515.126011 100859061.683723 60500793.4367815 6285.26849181268 441002.509484119 1239606984.24242 1382015924.61222 739466662.347643 1013704859.90165 205632219.371235 140144204.351112 77.7593665559094 58.0262791651086
12 15997.488334848 833430.731705216 1.40357098134601 533561648.969698 625429536.754852 323965549.436901 449922939.570871 97423624.828079 58440030.0948987 6242.37150243844 441002.511665152 1258421908.40008 1404070375.71247 750890622.92289 1029570441.69488 209067657.647598 142204968.530511 2.76401262997553 15.2129410191716
13 15997.4882563991 839552.149841157 1.42594014536198 515387595.335337 604126300.37535 312930709.728507 434597768.345088 94105203.8285542 56449459.2916435 6231.1566777202 441002.511743601 1276595962.28907 1425373612.41824 761925462.786321 1044895613.14522 212386078.698225 144195539.363891 0.101580866069887 4.00121145647533
14 15997.4882535056 842154.834831346 1.44328045991855 497832581.911728 583548689.644847 302271736.055767 419794599.378582 90899814.0766274 54526690.8266106 6228.20884439136 441002.511746495 1294150975.7221 1445951223.16078 772584436.46479 1059698782.12002 215591468.452037 146118307.830035 0.00377289695089486 1.05349339219932
15 15997.4882533979 843261.435441471 1.45663401768985 480875523.299518 563671988.735939 291975825.881651 405495652.533018 87803605.5697146 52669415.2567299 6227.43281144938 441002.511746602 1311108034.33466 1465827924.07014 782880346.63912 1073997728.96589 218687676.95902 147975583.399957 0.000140735329885201 0.277464752215993
16 15997.4882533939 843731.935926294 1.46686523573169 464496052.107423 544472323.429749 282030612.625625 391683753.117529 84812859.4029665 50875401.7790161 15964.7060346167 441002.511746606 1327487505.52676 1485027589.37634 792825559.895153 1087809628.38139 221678423.125771 149769596.877672 5.28148147525761e-06 0.0730842790390531
17 15997.4882533939 843931.981701807 1.4746736618952 448674495.634336 525926633.807431 272424151.505986 378342312.234612 81923983.5156475 49142495.6785536 15964.6353411594 441002.511746606 1343309061.99985 1503573278.99866 802432021.014792 1101151069.26431 224567299.01309 151502502.978135 -1.93998120066782e-07 0.00239082206753441
18 15997.4882533939 844017.036745111 1.48061530590985 433391848.421429 508012642.077218 263144902.874179 365455303.635154 79133507.6795393 47468615.3222491 15964.6330285315 441002.511746606 1358591709.21275 1521487270.72887 811711269.646599 1114038077.86377 227357774.849198 153176383.334439 -1.93998120066782e-07 7.81942517092688e-05
19 15997.4882533939 844053.201384463 1.48512625874337 418629752.873161 490708829.858814 254181720.448351 353007247.377213 76438079.9605136 45851750.0362884 15964.6329528651 441002.511746606 1373353804.76102 1538791082.94728 820674452.072427 1126486134.12171 230053202.568224 154793248.6204 -1.93998120066782e-07 2.52778133578673e-06
20 15997.4882533939 844068.598432311 1.48854584574518 404370423.776075 473994349.705934 245523805.483012 340983146.176901 73834452.9363334 44289951.8388179 15964.6329504523 441002.511746606 1387613133.85811 1555505563.10016 829332367.037766 1138510235.32202 232656829.592404 156355046.81787 -1.93998120066782e-07 1.14994556303582e-07
21 15997.4882533939 844075.065391806 1.49113222826488 390596902.815689 457849323.44557 237160861.305456 329368700.02837 71319530.1691818 42781363.3167151 15964.6329503553 441002.511746606 1401386654.81849 1571650589.36052 837695311.215322 1150124681.47055 235171752.359556 157863635.339973 -1.93998120066782e-07 1.80198272806586e-08
22 15997.4882533939 844077.911539767 1.49308863047965 377292495.555561 442254182.216895 229082751.46325 318149831.43948 68890263.4030305 41324155.9589351 15964.6329502564 441002.511746606 1414691062.07862 1587245730.5892 845773421.057528 1161343550.05944 237601019.125707 159320842.697753 -1.93998120066782e-07 -8.09133693649136e-08
23 15997.4882533939 844079.132644453 1.49456701794984 364441254.304326 427190232.477667 221279792.909262 307313092.606793 66543740.7308798 39916583.044054 15964.6329502661 441002.511746606 1427542303.32986 1602309680.32842 853576379.611517 1172180288.89213 239947541.797858 160728415.612634 -1.93998120066782e-07 -7.12322639365728e-08
24 15997.4882533939 844079.600713781 1.49568408129407 352027739.507471 412639376.31278 213742611.124594 296845464.210486 64277143.0270121 38556953.5059461 25702.1105540585 441002.511746606 1439955818.12671 1616860536.49331 861113561.396184 1182647917.28843 242214139.501726 162088045.150742 0 0
25 15997.4882533939 844079.800155694 1.49652700459994 340037169.849425 398584287.380715 206462231.256894 286734481.987122 62087771.3543027 37243648.3741916 25702.1105540585 441002.511746606 1451946387.78476 1630915625.42537 868393941.263884 1192758899.51179 244403511.174435 163401350.282497 0 0
26 15997.4882533939 844079.883961739 1.49716319334138 328454735.235109 385007605.605235 199429660.979599 276967657.405103 59972921.5207441 35975045.5262039 25702.1105540585 441002.511746606 1463528822.39907 1644492307.20086 875426511.54118 1202525724.09381 246518361.007994 164669953.130484 0 0
27 15997.4882533939 844079.921691194 1.49764222082082 317267111.987284 371893713.257251 192636810.482607 267533755.346535 57930160.7410428 34749685.6440198 25702.1105540585 441002.511746606 1474716445.6469 1657606199.54884 882219362.038172 1211959626.15238 248561121.787695 165895313.012668 0 0
28 15997.4882533939 844079.944562576 1.49800435350736 306460449.600391 359226375.070809 186075270.07858 258421096.448429 55956960.0357269 33566051.707135 25702.1105540585 441002.511746606 1485523108.03379 1670273537.73528 888780902.442198 1221072285.05049 250534322.493011 167078946.949553 0 0
29 15997.4882533939 844079.950135477 1.49827738003703 296021881.348745 346990508.945644 179737227.407196 249618830.914786 54050970.0548035 32422734.4466529 25702.1105540585 441002.511746606 1495961676.28544 1682509403.86045 895118945.113582 1229874550.58413 252440312.473935 168222264.210035 0 0
30 15997.4882533939 844079.94694375 1.4984830825185 285938886.691328 335171438.57175 173615080.302974 241116400.867936 52209904.6585305 31318362.5106496 25702.1105540585 441002.511746606 1506044670.94285 1694328474.23434 901241092.217805 1238376980.63098 254281377.870208 169326636.146039 0 0
31 15997.4882533939 844079.946099727 1.49863818071469 276199359.174603 323754973.023594 167701478.024196 232903597.60721 50431553.3158668 30251609.9014444 25702.1105540585 441002.511746606 1515784198.45958 1705744939.7825 907154694.496583 1246589783.89171 256059729.212871 170393388.755244 0 0
32 15997.4882533939 844079.951022329 1.49875541446924 266791583.559728 312727379.949127 161989307.365113 224970542.321587 48713776.9281041 29221193.4703852 35439.58815786 441002.511746606 1525191974.07445 1716772532.85696 912866865.155666 1254522839.17733 257777505.600634 171423805.186303 0 0
33 15997.4882533939 844079.949739603 1.4988437975276 257704321.71409 302075486.250008 156471744.807182 217307758.517263 47054523.5119011 28225882.3253918 35439.58815786 441002.511746606 1534279235.92009 1727424426.55608 918384427.713597 1262185622.98165 259436759.016837 172419116.331296 0 0
34 15997.4882533939 844079.949205145 1.49891041165813 248926351.639087 291786137.739832 151141976.628033 209905783.30535 45451744.0298432 27264447.3415123 35439.58815786 441002.511746606 1543057205.99509 1737713775.06626 923714195.892746 1269587598.19357 261039538.498895 173380551.315176 0 0
35 15997.4882533939 844079.948969027 1.49896034073376 240447819.449385 281847783.905269 145994019.790125 202756307.450984 43903639.2498645 26335809.2407354 35439.58815786 441002.511746606 1551535738.18479 1747652128.90082 928862152.730654 1276737074.04793 262587643.278874 174309189.415953 0 0
36 15997.4882533939 844079.948757251 1.49899829982956 232257735.198149 272247542.566028 141021201.467231 195850063.74166 42408202.5051451 25438764.3143142 35439.58815786 441002.511746606 1559725822.43603 1757252370.24006 933834971.053548 1283643317.75726 264083080.023593 175206234.342374 0 0
37 15997.4882533939 844079.948653519 1.49902694718472 224346646.611994 262974333.969702 136217782.470738 189179081.599591 40963707.8943992 24572277.2720586 35439.58815786 441002.511746606 1567636911.02218 1766525578.83639 938638390.050041 1290314299.89933 265527574.634339 176072721.38463 0 0
38 15997.4882533939 844079.948725585 1.49904850466275 216705022.184989 254016985.489188 131577975.503972 182735323.634578 39568415.0491803 23735304.1455823 35439.58815786 441002.511746606 1575278535.44919 1775482927.3169 943278197.016807 1296758057.86434 266922867.479558 176909694.511106 0 0
39 15997.4882533939 844079.948819962 1.49906475794152 209323684.532876 245364739.591228 127096208.284257 176511051.067588 38220648.2605195 22926839.7527978 35439.58815786 441002.511746606 1582659873.1013 1784135173.21486 947759964.236522 1302982330.43133 268270634.268219 177718158.90389 0 0
40 15997.4882533939 844079.948795235 1.49907703360895 202193761.188997 237007196.160439 122767093.667406 170498782.239683 36918787.4946966 22145912.3086836 45177.0657616615 441002.511746606 1589789796.44518 1792492716.64565 952089078.853373 1308994599.25923 269572495.034042 178499086.348005 0 0
41 15997.4882533939 844079.948788257 1.49908627420586 195306806.877268 228934455.825082 118585503.888872 164691395.718036 35661290.7192014 21391596.8176191 45177.0657616615 441002.511746606 1596676750.75691 1800565456.98101 956270668.631907 1314801985.78088 270829991.809537 179253401.839069 0 0
42 15997.4882533939 844079.948785346 1.4990932389946 188654227.313732 221136444.549581 114546220.710184 159081644.419749 34446588.6940081 20662951.9634245 45177.0657616615 441002.511746606 1603329330.32044 1808363468.25651 960309951.810595 1320411737.07916 272044693.83473 179982046.693264 0 0
43 15997.4882533939 844079.948784064 1.49909845837074 182228589.415509 213604449.433389 110644730.945687 153663260.438376 33273324.2041081 19959163.6141471 45177.0657616615 441002.511746606 1609754968.21867 1815895463.3727 964211441.575092 1325830121.06054 273217958.32463 180685835.042541 0 0
44 15997.4882533939 844079.948782914 1.49910242640681 176021556.610807 206328698.525608 106875972.833416 148429214.005388 32139975.0654311 19279318.6803483 45177.0657616615 441002.511746606 1615962001.02337 1823171214.28048 967980199.687363 1331064167.49353 274351307.463308 181365679.97634 0 0
45 15997.4882533939 844079.948782347 1.49910542097867 170025966.660405 199300796.40283 103235597.637347 143373465.601774 31045233.5166187 18622632.6950853 45177.0657616615 441002.511746606 1621957590.97377 1830199116.40326 971620574.883432 1336119915.89714 275446049.01212 182022365.961603 0 0
46 15997.4882533939 844079.948782736 1.4991076743501 164234596.007772 192512275.766809 99719219.3910875 138489924.003032 29987780.6003158 17988314.4754425 45177.0657616615 441002.511746606 1627748961.62641 1836987637.03928 975136953.129692 1341003457.49588 276503501.928423 182656684.181246 0 0
47 15997.4882533939 844079.948783249 1.4991093732211 158640489.36693 185954983.780292 96322615.0155464 133772724.202338 28966346.3429904 17375602.2216865 45177.0657616615 441002.511746606 1633343068.26725 1843544929.0258 978533557.505233 1345720657.29658 277524936.185748 183269396.435002 0 0
48 15997.4882533939 844079.948783118 1.49911065629553 153236922.5371 179621038.479148 93041701.7408992 129216196.054194 27979702.9652187 16783759.4444227 54914.543365463 441002.511746606 1638746635.09708 1849878874.32694 981814470.77988 1350277185.44472 278511579.56352 183861239.212266 0 0
49 15997.4882533939 844079.948783079 1.49911162211754 148017507.634478 173502952.122803 89872601.0007418 124814953.010553 27026684.0960735 16212086.4904384 54914.543365463 441002.511746606 1643966049.9997 1855996960.68328 984983571.520037 1354678428.48836 279464598.432665 184432912.16625 0 0
50 15997.4882533939 844079.948783063 1.4991123501248 142975703.260574 167593057.024055 86811341.0183172 120563479.072948 26106095.3342076 15659866.8923389 54914.543365463 441002.511746606 1649007854.37361 1861906855.78203 988044831.502462 1358929902.42597 280385187.194531 184985131.76435 0 0
51 15997.4882533939 844079.948783056 1.49911289564881 138105894.728007 161884771.766612 83854512.6931285 116457039.686981 25216911.4875029 15126485.6836996 54914.543365463 441002.511746606 1653877662.90617 1867615141.03948 991001659.827651 1363036341.81193 281274371.041236 185518512.972989 0 0
52 15997.4882533939 844079.948783049 1.49911331039002 133401760.086406 156370685.89566 80998277.4919364 112490303.902613 24357978.2238927 14611250.4328763 54914.543365463 441002.511746606 1658581797.54777 1873129226.91043 993857895.028843 1367003077.5963 282133304.304846 186033748.223813 0 0
53 15997.4882533939 844079.948783046 1.49911362338668 128857871.975966 151044437.576279 78239340.0549538 108658695.128398 23528304.5556126 14113566.6910905 54914.543365463 441002.511746606 1663125685.65821 1878455475.22981 996616832.465825 1370834686.37052 282962977.973126 186531431.965598 0 0
54 15997.4882533939 844079.948783049 1.49911385891081 124468755.920665 145899609.744933 75574376.414584 104957597.042399 22726890.8918954 13632834.8490111 54914.543365463 441002.511746606 1667514801.71352 1883600303.06116 999281796.106195 1374535784.45652 283764391.636843 187012163.807678 0 0
55 15997.4882533939 844079.948783051 1.49911403647617 120229140.702235 140930023.59247 73000186.016354 101382564.718669 21952774.755037 13168477.5597566 54914.543365463 441002.511746606 1671754416.93195 1888569889.21362 1001855986.50443 1378110816.78025 284538507.773702 187476521.096932 0 0
56 15997.4882533939 844079.948783051 1.49911417058156 116133930.233323 136129705.594447 70513674.6409874 97929300.9094463 21205025.644685 12719936.6582134 54914.543365463 441002.511746606 1675849627.40086 1893370207.21164 1004342497.87979 1381564080.58947 285286256.884054 187925061.998475 0 0
57 15997.4882533939 844079.948783044 1.49911427272279 112178199.442974 131492882.688176 68111851.9061707 94593652.5756081 20482744.2865643 12286672.710381 54914.543365463 441002.511746606 1679805358.19121 1898007030.11791 1006744320.61461 1384899728.92331 286008538.242174 188358325.946308 0 0
58 15997.4882533939 844079.948783032 1.49911434982309 108357203.168674 127013992.695795 65791836.665585 91371618.3848421 19785064.2560857 11868165.9873008 54914.543365463 441002.511746606 1683626354.46551 1902485920.11029 1009064335.85519 1388121763.11407 286706218.272653 188776832.669388 0 0
59 15997.4882533939 844079.948783015 1.49911440771341 104666345.334763 122687648.195855 63550838.294793 88259322.7215084 19111146.3505974 11463913.0892245 54914.543365463 441002.511746606 1687317212.29942 1906812264.61023 1011305334.22599 1391234058.77741 287380136.178141 189181085.567464 0 0
60 15997.4882533939 844079.948783001 1.49911445032147 101101199.948934 118508661.134975 61386169.4397989 85253033.3918242 18460182.4231591 11073429.2453215 54914.543365463 441002.511746606 1690882357.68525 1910991251.67111 1013470003.08098 1394240348.10709 288031100.10558 189571569.411367 0 0
61 15997.4882533939 844079.948782997 1.4991144797369 97657512.3258701 114472044.262153 59295246.7600094 82349162.6556866 17831395.6059675 10696248.4477024 54914.543365463 441002.511746606 1694326045.30831 1915027868.54394 1015560925.76077 1397144218.84323 288659886.922771 189948750.208986 0 0
62 15997.4882533939 844079.948783011 1.49911450144419 94331120.2364029 110572918.701508 57275543.0519389 79544200.7361359 17224025.9128923 10331914.8150302 54914.543365463 441002.511746606 1697652437.39778 1918926994.10458 1017580629.46884 1399949180.76278 289267256.615846 190313083.841659 0 0
63 15997.4882533939 844079.948783051 1.4991145185576 91118033.9653334 106806607.794338 55324635.8583528 76834783.3276712 16637344.8573237 9979991.36110708 54914.543365463 441002.511746606 1700865523.66885 1922693305.01175 1019531536.66243 1402658598.17124 289853937.671415 190665007.295582 0 0
64 15997.4882533939 844079.948783111 1.49911453266681 88014388.1097088 103168580.598094 53440178.2013642 74217650.9504136 16070646.6509657 9640054.71542777 54914.543365463 441002.511746606 1703969169.52447 1926331332.20799 1021415994.31941 1405275730.5485 290420635.877773 191004943.941261 0 0
65 15997.4882533939 844079.948783183 1.49911454456291 85016461.1211736 99654474.7935024 51619910.4480703 71689665.4290851 15523251.7720955 9311697.26361758 54914.543365463 441002.511746606 1706967096.51301 1929845438.01258 1023236262.07271 1407803716.06983 290968030.756643 191333301.393071 0 0
66 15997.4882533939 844079.94878324 1.49911455444127 82120645.4342611 96260061.6695929 49861642.1731831 69247784.7038552 14994501.5112554 8994523.87563886 54914.543365463 441002.511746606 1709862912.19992 1933239851.1365 1024994530.3476 1410245596.79506 291496781.017483 191650474.78105 0 0
67 15997.4882533939 844079.94878325 1.49911456164701 79323466.9972022 92981269.017291 48163264.0176579 66889079.2995877 14483761.5374043 8688154.04496468 54914.543365463 441002.511746606 1712660090.63698 1936518643.7888 1026692908.50312 1412604302.19933 292007520.991334 191956844.611724 0 0
68 15997.4882533939 844079.948783108 1.49911456592485 76621561.0430916 89814152.7288988 46522732.9775396 64610711.8950099 13990417.4739481 8392219.23483909 54914.543365463 441002.511746606 1715361996.59109 1939685760.07719 1028333439.54324 1414882669.6039 292500865.054791 192252779.42185 0 0
69 15997.4882533939 844079.948782628 1.49911456768985 74011669.715137 86754894.0144632 44938070.9620719 62409935.3202162 13513874.4651312 8106362.618175 54914.543365463 441002.511746606 1717971887.91904 1942745018.79162 1029918101.55871 1417083446.1787 292977408.063608 192538636.038514 0 0
70 15997.4882533939 844079.948781632 1.49911456619058 71490665.6669647 83799827.065548 43407379.1232244 60284112.4574973 13053561.4852428 7830241.66245235 54914.543365463 441002.511746606 1720492891.96722 1945700085.74054 1031448793.39755 1419209269.04142 293437721.043496 192814756.994236 0 0
71 15997.4882533939 844079.948779895 1.49911456053837 69055532.5426662 80945416.1743638 41928826.0036555 58230699.7812461 12608927.7744468 7563525.99173353 54914.543365463 441002.511746606 1722928025.09151 1948554496.63172 1032927346.51712 1421262681.71767 293882354.754292 193081472.664955 0 0
72 15997.4882533939 844079.948777149 1.49911454981506 66703359.3216268 78188249.1048956 40500644.1030311 56247242.589265 12179441.8061973 7305896.76726265 54914.543365463 441002.511746606 1725280198.31255 1951311663.70119 1034355528.41775 1423246138.90965 294311840.722541 193339101.889426 0 0
