"Time" "IECs" "pheme_e" "BiomassCD" "pro_L_e" "leu_L_e" "ile_L_e" "val_L_e" "trp_L_e" "cys_L_e" "Drug" "Damage" "pro_L_v" "leu_L_v" "ile_L_v" "val_L_v" "trp_L_v" "cys_L_v" "CD" "pheme_c"
0 457000 1e+05 0.4963 224235600.199112 195370466.451958 120509812.093413 157438605.791629 18978882.6152 31300034.1459915 0 0 0 0 0 0 0 0 45700000 1000
1 291753.021689529 177737.900784389 0.594123778230912 509732602.073752 562887060.714005 303100277.151654 414451966.398178 83005345.1720053 57933318.1164511 0 165246.97831047 306131942.782119 319745588.531198 177550564.214422 240195345.274836 43713932.4107428 36821555.7007609 48532264.0462284 1029.95197498956
2 180553.071546299 315676.38981152 0.697811983810548 621432878.337546 704711879.580792 373938646.903438 514010675.905528 107309705.165106 68669629.5981967 0 276446.928453701 592037629.189491 640401362.310106 348745881.822492 474997209.920219 91910597.3704561 68786025.0740157 52252900.7575394 1598.40517695781
3 107302.357159743 435543.144346093 0.803529025567421 683120638.955555 781910321.986254 412636628.074868 568380587.068297 120245300.157526 74847108.8702262 0 349697.642840257 791621761.090274 867852641.038333 469092749.015018 640601350.17252 126732472.141388 90736820.126424 57057131.9994185 1948.09479447497
4 60546.8847402463 520160.687856805 0.907130839268584 724032512.328676 832917364.530914 438064862.890163 604249323.692567 128619290.195056 79124244.242403 0 396453.115259753 916636171.74071 1011301608.28636 544671660.248982 744775193.984928 148840323.420633 104413786.163334 63165449.2287492 2084.56356561122
5 31999.8434715351 570428.267060337 1.00479476233075 752268446.804837 868715738.608257 455506314.212055 629155309.224487 134409726.855504 82223028.4527801 0 425000.156528465 988596943.331314 1094230378.84558 588227816.38133 804890784.395042 161658971.948507 112277065.800142 70824614.1958183 2080.53658953549
6 15588.197492465 592469.302605892 1.0935499047782 770504596.048784 893129714.729383 466731643.394286 645669793.934253 138318921.69106 84379290.4602966 0 441411.802507535 1026499837.98931 1138072438.35141 611182912.885689 836618050.021423 168445570.789091 116422875.848588 80308676.6257606 1997.19258093552
7 6868.52476757636 593322.701810944 1.17156398295557 780376449.520126 908451942.332377 472802702.089044 655337243.857312 140754216.740359 85749923.1043659 0 450131.475232424 1044534856.61816 1159015329.61123 622108631.880653 851744703.943769 171689716.018691 118400597.530876 91917613.8250411 1874.9436403551
8 2678.48556271116 579358.29909156 1.23815250564525 783656288.120443 916985440.883595 474832189.250415 659747723.783651 142100985.226741 86519658.9663475 9737.47760380151 454321.514437289 1052157968.07654 1167908204.11305 626727409.724539 858152943.484545 173067688.029753 119239836.723563 105972243.666145 1737.90093119947
9 2449.73368277601 734545.490393266 1.29357897359291 779876827.748363 913024190.7394 472544417.097246 656726652.909913 141488135.418189 86143990.9831733 4996.26401154981 454550.266317224 1056354456.59125 1172820833.32589 629270152.318373 861686653.790157 173828980.17493 119703345.428632 280148.380976444 494.191377862545
10 2447.39269475562 812464.976136576 1.33875790750153 775755657.43085 908204586.852185 470047333.20097 653258056.141351 140741268.054874 85689240.9207401 4300.08300750746 454552.607305245 1060479512.44185 1177650173.38229 631769613.911711 865160329.529339 174577365.988689 120158994.430465 25578.5824596247 99.6335366371697
11 2447.14096949771 845921.099360039 1.3749591684904 771654326.773022 903403585.608924 467562249.686084 649804555.25817 139997274.803798 85236263.615454 4178.00471092994 454552.859030502 1064581247.37896 1182452221.55089 634254944.90095 868614370.638872 175321522.494308 120612068.39825 3309.30414467003 17.6345407929157
12 2447.10746643023 860230.154685555 1.40357108360809 767574509.828091 898627274.173385 465090199.616861 646368997.78956 139257106.759843 84785617.6355816 4157.57231046117 454552.89253357 1068661116.83895 1187228672.32569 636727027.124617 872049999.44366 176061712.264169 121062727.243301 454.522912529702 2.8276587463291
13 2447.10283882104 866344.017631646 1.42594022493029 763516242.444156 893876124.454023 462631206.609416 642951563.672122 138520837.823359 84337345.9106603 4154.38188870596 454552.897161179 1072719391.34912 1191979841.29128 639186024.496195 875467443.35873 176797984.201319 121511000.745224 63.208603546492 0.427246632355157
14 2447.10219419694 868955.477394445 1.44328052136919 759479428.890132 889150082.114905 460185212.90733 639552192.399595 137788459.673568 83891443.1043729 4153.90637687885 454552.897805803 1076756205.88371 1196705886.31139 641632018.798867 878866815.990772 177530362.769081 121956903.799047 8.82641228696617 0.0624450366965037
15 2447.10210410283 870070.814362478 1.45663406487443 755463958.139489 884449025.247865 457752151.27151 636170793.289085 137059953.432307 83447897.6857813 4153.83738359762 454552.897895897 1080771676.77034 1201406943.55313 644065080.51798 882248215.290824 178258869.068757 122400449.252235 1.23538857806121 0.00896180821451405
16 2447.10209148506 870547.15116936 1.46686527179825 751469717.67559 879772823.260934 455331953.530437 632807271.986457 136335298.864062 83006697.3294944 13891.3051247384 454552.897908515 1084765917.2532 1206083145.59254 646485278.270669 885611736.619963 178983523.645183 122841649.613367 0.17319900414068 0.0012734984611331
17 2447.10209140487 870750.595969113 1.47467376421541 747496595.275184 875121344.925874 452924551.686238 629461534.043489 135614475.633106 82567829.6535612 13891.303837406 454552.897908595 1088739039.65373 1210734623.92793 648892680.114941 888957474.5631 179704346.876191 123280517.289331 -1.3194038954492e-07 3.20532597182562e-07
18 2447.10209140487 870837.447439115 1.48061546804859 743544479.272777 870494459.541792 450529878.07847 626133485.437894 134897463.485231 82131282.3262283 13891.3038370882 454552.897908595 1092691155.65613 1215361509.31202 651287353.72271 892285523.168696 180421359.024066 123717064.616664 -1.3194038954492e-07 2.79944679028218e-09
19 2447.10209140487 870874.477269268 1.48512521622458 739613258.878169 865892037.402781 448147865.576925 622823032.874103 134184242.320369 81697043.1097231 13891.3038370786 454552.897908595 1096622376.05074 1219963931.45103 653669366.224254 895595975.732486 181134580.188929 124151303.833169 -1.3194038954492e-07 -6.83333206204068e-09
20 2447.10209140487 870890.486063059 1.4885438342422 735702823.205781 861313948.691078 445778446.993604 619530082.976167 133474792.021117 81265099.7557202 13891.3038370793 454552.897908595 1100532811.72313 1224542020.16273 656038784.807575 898888925.630422 181844030.48818 124583247.187172 -1.3194038954492e-07 -6.08727214245833e-09
21 2447.10209140487 870897.240086504 1.49113137529679 731813062.539084 856760064.957566 443421555.84886 616254543.352579 132769092.682168 80835440.1450263 13891.3038370793 454552.897908595 1104422572.38983 1229095903.89624 658395675.952319 902164465.25401 182549729.82713 125012906.797866 -1.3194038954492e-07 -6.08827214245841e-09
22 2447.10209140487 870900.160624974 1.49308799923644 727943867.566848 852230258.227626 441077125.908625 612996321.953134 132067124.471745 80408052.203217 13891.3038370793 454552.897908595 1108291767.36206 1233625710.62618 660740105.892554 905422686.653455 183251698.037552 125440294.739675 -1.3194038954492e-07 -6.08927214245848e-09
23 2447.10209140487 870901.358545219 1.49456667181739 724095129.550906 847724401.197551 438745091.286064 609755327.210203 131368867.662042 79982923.9191686 13891.3038370793 454552.897908595 1112140505.378 1238131567.65626 663072140.515115 908663681.396386 183949954.847255 125865423.023724 -1.3194038954492e-07 -6.09027214245855e-09
24 2447.10209140487 870901.908229403 1.49568414711227 720266740.326533 843242367.234975 436425386.441801 606531468.039042 130674302.629285 79560043.3450982 23628.7814408808 454552.897908595 1115968894.60238 1242613601.61883 665391845.359378 911887540.567548 184644519.880012 126288303.597794 0 0
25 2447.10209140487 870902.090270957 1.49652822081083 716458602.211575 838784041.979863 434117952.188082 603324662.182209 129983411.651503 79139399.6911196 23628.7814408808 454552.897908595 1119777032.71734 1247071926.87394 667699279.613097 915094346.424381 185335410.857794 126708947.251773 0 0
26 2447.10209140487 870902.165378694 1.49716398890103 712670587.646186 834349276.093282 431822711.233602 600134802.222471 129296171.586166 78720978.8670822 23628.7814408808 454552.897908595 1123565047.28273 1251506692.76052 669994520.567577 918284206.384119 186022650.923131 127127368.07581 0 0
27 2447.10209140487 870902.198247695 1.49764243751049 708902603.099708 829937960.075502 429539606.906089 596961809.39833 128612565.464487 78304770.5416699 23628.7814408808 454552.897908595 1127333031.82921 1255918008.7783 672277624.89509 921457199.20826 186706257.04481 127543576.401222 0 0
28 2447.10209140487 870902.218843358 1.49800448865923 705154538.848996 825549965.469661 427268572.721886 593805591.31271 127932573.379958 77890762.5949588 23628.7814408808 454552.897908595 1131081096.07992 1260306003.38414 674548659.079293 924613417.29388 187386249.129339 127957584.347933 0 0
29 2447.10209140487 870902.225527821 1.49827752976102 701426291.123225 821185170.787495 425009545.803979 590666060.580942 127256176.50597 77478943.564513 23628.7814408808 454552.897908595 1134809343.80569 1264670798.06631 676807685.997199 927752948.025648 188062646.003327 128369403.378379 0 0
30 2447.10209140487 870902.223121212 1.49848328127617 697717755.160793 816843453.380803 422762462.675021 587543128.984032 126583355.836163 77069301.8784563 23628.7814408808 454552.897908595 1138517879.76812 1269012515.473 679054769.126158 930875879.622558 188735466.673134 128779045.064436 0 0
31 2447.10209140487 870902.221352332 1.49863812208103 694028826.797981 812524691.301344 420527260.219933 584436708.806456 125914092.472647 76661826.030954 23628.7814408808 454552.897908595 1142206808.13093 1273331277.55246 681289971.581246 933982299.800134 189404730.03665 129186520.911938 0 0
32 2447.10209140487 870902.225173104 1.49875545603512 690359402.272052 808228763.070323 418303875.5666 581346712.670356 125248367.59028 76256504.5604636 33366.2590446823 454552.897908595 1145876232.65686 1277627205.78348 683513356.234578 937072295.936234 190070454.919017 129591842.382429 0 0
33 2447.10209140487 870902.224526176 1.49884442974242 686709387.799924 803955558.892488 416092251.889802 578273061.601671 124586164.174479 75853327.1077867 33366.2590446823 454552.897908595 1149526247.12899 1281900409.96131 685724979.911376 940145947.00492 190732658.334818 129995019.835106 0 0
34 2447.10209140487 870902.224326755 1.49891126190156 683078651.518385 799704924.390799 413892309.29073 575215644.559331 123927458.301977 75452279.1074266 33366.2590446823 454552.897908595 1153156983.41053 1286151044.463 687924922.510448 943203364.047259 191391364.20732 130396067.835466 0 0
35 2447.10209140487 870902.224281411 1.49896141972655 679467113.030163 795476765.441258 411703999.054918 572174393.841371 123272235.386709 75053351.6787699 33366.2590446823 454552.897908595 1156768521.89875 1290379203.41254 690113232.74626 946244614.765219 192046587.122588 130794995.264123 0 0
36 2447.10209140487 870902.224222432 1.49899887187928 675874677.302267 791270970.785298 409527263.599795 569149229.421188 122620478.187327 74656534.3245542 33366.2590446823 454552.897908595 1160360957.62665 1294584998.0685 692289968.201383 949269779.185402 192698344.32197 131191812.618338 0 0
37 2447.10209140487 870902.224107792 1.499026506121 672301247.607587 787087427.18099 407362044.316289 566140069.845577 121972169.155127 74261816.3603865 33366.2590446823 454552.897908595 1163934387.32133 1298768541.67281 694455187.484889 952278938.761013 193346653.35417 131586530.582506 0 0
38 2447.10209140487 870902.223859261 1.49904809671652 668746700.546536 782925990.159962 405208266.433887 563146811.200625 121327285.902354 73869184.1556546 33366.2590446823 454552.897908595 1167488934.38238 1302929978.69384 696608965.367291 955272197.405965 193991536.606943 131979162.787238 0 0
39 2447.10209140487 870902.223570751 1.49906463478051 665210946.142998 778786554.38392 403065875.434091 560169377.718091 120685812.105103 73478627.7716745 33366.2590446823 454552.897908595 1171024688.78591 1307069414.46988 698751356.367087 958249630.888499 194633010.404194 132369719.171218 0 0
40 2447.10209140487 870902.22334199 1.49907737735268 661693885.698944 774669004.303505 400934811.513606 557207686.285072 120047729.857097 73090136.3063468 43103.7366484838 454552.897908595 1174541749.22997 1311186964.5503 700882420.287572 961211322.321518 195271092.6522 132758210.636546 0 0
41 2447.10209140487 870902.223706033 1.49908670520619 658195413.468292 770573216.117946 398815010.598565 554261647.853547 119413019.973366 72703698.0790505 43103.7366484838 454552.897908595 1178040221.46062 1315282752.73586 703002221.202613 964157360.753043 195905802.535932 133144648.863842 0 0
42 2447.10209140487 870902.223578191 1.49909377997931 654715382.46895 766499017.749982 396706383.629299 551331138.650949 118781655.787701 72319296.8542703 43103.7366484838 454552.897908595 1181520252.45996 1319356951.10382 705110848.171879 967087869.955641 196537166.721596 133529050.088622 0 0
43 2447.10209140487 870902.222953951 1.49909876683715 651253788.478308 762446404.256054 394608928.047238 548416155.121448 118153636.534018 71936932.1655805 43103.7366484838 454552.897908595 1184981846.45061 1323409564.59775 707208303.75394 970002853.485142 197165185.975279 133911414.777312 0 0
44 2447.10209140487 870902.221814224 1.49910252914806 647810458.127485 758415172.666929 392522538.804382 545516551.27235 117528930.758888 71556584.8628037 43103.7366484838 454552.897908595 1188425176.80143 1327440796.18688 709294692.996796 972902457.33424 197789891.750409 134291762.080089 0 0
45 2447.10209140487 870902.220155556 1.49910519789108 644385363.953121 754405290.830258 390447199.260078 542632303.976956 116907533.479775 71178251.9123611 43103.7366484838 454552.897908595 1191850270.97579 1331450678.02355 711370032.5411 975786704.629634 198411289.029523 134670095.030532 0 0
46 2447.10209140487 870902.21794042 1.49910720363033 640978361.045596 750416589.095099 388382821.610416 539763291.207912 116289418.406468 70801917.3076608 43103.7366484838 454552.897908595 1195257273.88332 1335439379.7587 713434410.190762 978655717.398678 199029404.102829 135046429.635232 0 0
47 2447.10209140487 870902.215147855 1.49910878687283 637589368.460442 746448972.69683 386329356.809371 536909444.80246 115674570.85363 70427572.1076466 43103.7366484838 454552.897908595 1198646266.46847 1339406996.15697 715487874.991808 981509563.804129 199644251.655667 135420774.835246 0 0
48 2447.10209140487 870902.212160109 1.49911001627528 634218322.72083 742502367.320829 384286766.394942 534070711.307219 115062979.304983 70055209.3007228 52841.2142522853 454552.897908595 1202017312.20808 1343353601.53297 717530465.406236 984348297.299371 200255843.204314 135793137.64217 0 0
49 2447.10209140487 870902.216935676 1.4991111632672 630865116.717608 738576647.57053 382254985.467349 531247000.526336 114454624.328263 69684817.0557047 52841.2142522853 454552.897908595 1205370518.2113 1347279321.28327 719562246.333829 987172008.080254 200864198.181034 136163529.887188 0 0
50 2447.10209140487 870902.210520316 1.49911204308467 627529540.866596 734671568.078141 380233887.034949 528438135.970473 113849467.899687 69316372.2221045 52841.2142522853 454552.897908595 1208706094.06231 1351184400.77566 721583344.766229 989980872.636117 201469354.60961 136531974.720788 0 0
51 2447.10209140487 870902.192881443 1.49911265532209 624211634.58586 730787174.99182 378223494.982011 525644150.833303 113247517.170673 68949879.1540077 52841.2142522853 454552.897908595 1212024000.34305 1355068793.86198 723593736.819167 992774857.773287 202071305.338624 136898467.788885 0 0
52 2447.10209140487 870902.157143986 1.49911305537646 620911301.485765 726923355.464729 376223750.903946 522864963.945802 112648754.653742 68585327.2042985 52841.2142522853 454552.897908595 1215324333.44315 1358932613.38907 725593480.897232 995554044.660788 202670067.855555 137263019.738594 0 0
53 2447.10209140487 870902.090069696 1.49911334991712 617628355.96391 723079892.205412 374234542.340194 520100419.013517 112053146.676003 68222695.8714952 52841.2142522853 454552.897908595 1218607278.965 1362776076.64839 727582689.460984 998318589.593073 203265675.833294 137625651.071398 0 0
54 2447.10209140487 870901.991327762 1.49911354160962 614362793.382287 719256779.783987 372255866.480486 517350512.130816 111460692.396007 67861984.643288 52841.2142522853 454552.897908595 1221872841.54662 1366599189.06981 729561365.320692 1001068496.47578 203858130.11329 137986362.299605 0 0
55 2447.10209140487 870901.969387307 1.49911370362858 611114565.814291 715453962.09104 370287694.285042 514615202.939045 110871383.118673 67503188.225745 52841.2142522853 454552.897908595 1225121069.11462 1370402006.76276 731529537.516136 1003803805.66754 204447439.390624 138345158.717148 0 0
56 2447.10209140487 870902.124661705 1.49911392021367 607883516.143672 711671255.184885 368329930.553687 511894359.131737 110285190.339207 67146289.2639408 52841.2142522853 454552.897908595 1228352118.78524 1374184713.66891 733487301.247491 1006524649.47485 205033632.17009 138702057.678952 0 0
57 2447.10209140487 870902.195437339 1.49911408376277 604669549.008341 707908547.421671 366382517.504444 509187900.405158 109702096.756554 66791277.2242613 52841.2142522853 454552.897908595 1231566085.92057 1377947421.43213 735434714.296735 1009231108.20143 205616725.752743 139057069.718632 0 0
58 2447.10209140487 870902.209363664 1.49911420633322 601472575.93074 704165735.217514 364445401.526822 506495752.252989 109122086.318684 66438142.3335516 52841.2142522853 454552.897908595 1234763058.99817 1381690233.63629 737371830.274356 1011923256.3536 206196736.190613 139410204.609341 0 0
59 2447.10209140487 870902.217118029 1.4991142987197 598292505.139925 700442711.132845 362518527.014798 503817837.395575 108545142.376065 66086874.4548723 52841.2142522853 454552.897908595 1237943129.78899 1385413257.72095 739298704.78638 1014601171.21101 206773680.133232 139761472.48802 0 0
60 2447.10209140487 870902.22108967 1.49911436808245 595129252.061719 696739376.153612 360601842.723027 501154084.613608 107971249.584837 65737464.2462329 52841.2142522853 454552.897908595 1241106382.86719 1389116592.70019 741215389.078151 1017264923.99298 207347572.92446 140110882.69666 0 0
61 2447.10209140487 870902.222729496 1.4991144205831 591982717.825895 693055614.528856 358695288.743872 498504410.649176 107400390.007482 65389900.786513 52841.2142522853 454552.897908595 1244252917.10301 1392800354.32494 743121943.057306 1019914597.95741 207918432.501815 140458446.15638 0 0
62 2447.10209140487 870902.22327659 1.49911445944999 588852830.553746 689391342.107574 356798821.524454 495868754.973735 106832550.603416 65044176.1360529 52841.2142522853 454552.897908595 1247382804.37516 1396464626.74622 745018410.276724 1022550253.63286 208486271.905881 140804170.80684 0 0
63 2447.10209140487 870902.224550101 1.49911448919308 585739486.466596 685746437.392308 354912378.182998 493247030.196004 106267712.544603 64700278.8315493 52841.2142522853 454552.897908595 1250496148.46232 1400109531.46149 746904853.61818 1025171978.41059 209051109.964694 141148068.111343 0 0
64 2447.10209140487 870902.226579326 1.49911451178906 582642602.414182 682120803.036033 353035908.336942 490639166.295741 105705860.745519 64358199.688296 52841.2142522853 454552.897908595 1253593032.51473 1403735165.81776 748781323.464236 1027779842.31085 209612961.763778 141490147.254597 0 0
65 2447.10209140487 870902.228739358 1.49911452901808 579562091.988493 678514337.877762 351169359.629779 488045090.50938 105146979.529601 64017929.1617384 52841.2142522853 454552.897908595 1256673542.94042 1407341630.97604 750647872.171399 1030373918.09721 210171842.979696 141830417.781154 0 0
66 2447.10209140487 870902.229041168 1.49911454236875 576497829.956671 674926895.302848 349312656.180178 485464697.379226 104591046.176493 63679453.418763 52841.2142522853 454552.897908595 1259737804.97224 1410929073.55095 752504575.621 1032954311.22736 210727776.332804 142168893.52413 0 0
67 2447.10209140487 870902.227624668 1.49911455150554 573449845.412094 671358509.371963 347465815.616454 482898011.404603 104038065.964458 63342775.6729992 52841.2142522853 454552.897908595 1262785789.51682 1414497459.48183 754351416.184724 1035520997.20199 211280756.544839 142505571.269894 0 0
68 2447.10209140487 870902.224707337 1.49911455873131 570417937.013812 667808944.367966 345628715.94172 480344863.037741 103488002.365239 63007873.6844994 52841.2142522853 454552.897908595 1265817697.9151 1418047024.48583 756188515.859458 1038074145.56885 211830820.144058 142840473.258393 0 0
69 2447.10209140487 870902.224286092 1.49911456416717 567402057.029611 664278144.40902 343801328.233979 477805212.083682 102940846.719026 62674742.1808041 52841.2142522853 454552.897908595 1268833577.8993 1421577824.44478 758015903.567199 1040613796.52291 212377975.790271 143173604.762089 0 0
70 2447.10209140487 870902.224216767 1.49911456829091 564402105.92095 660765992.961753 341983592.180652 475278974.721735 102396580.967052 62343370.1669721 52841.2142522853 454552.897908595 1271833529.00796 1425089975.89205 759833639.620526 1043140033.88486 212922241.542245 143504976.775921 0 0
71 2447.10209140487 870902.223985903 1.49911457146896 561417955.114973 657272339.501263 340175429.87663 472766042.681615 101855181.783001 62013743.4409564 52841.2142522853 454552.897908595 1274817679.81394 1428583629.35254 761641801.924547 1045652965.92498 213463640.726296 143834603.501936 0 0
72 2447.10209140487 870902.223588241 1.49911457373541 558449591.282109 653797168.422137 338376833.245235 470266404.738588 101316646.748559 61685860.5303841 52841.2142522853 454552.897908595 1277786043.6468 1432058800.43166 763440398.555943 1048152603.868 214002175.760738 144162486.412509 0 0
