"Time" "IECs" "pheme_e" "BiomassCD" "pro_L_e" "leu_L_e" "ile_L_e" "val_L_e" "trp_L_e" "cys_L_e" "Drug" "Damage" "pro_L_v" "leu_L_v" "ile_L_v" "val_L_v" "trp_L_v" "cys_L_v" "CD" "pheme_c"
0 457000 1e+05 0.4963 224235600.199112 195370466.451958 120509812.093413 157438605.791629 18978882.6152 31300034.1459915 0 0 0 0 0 0 0 0 45700000 1000
1 324637.034247253 159057.870302877 0.594123777890603 418731965.237416 458348203.604947 247992045.717313 338532416.450803 66824667.5725711 48044896.3931046 0 132362.965752747 279373650.263029 287519837.412687 160977872.107531 217161988.302628 38454345.0572414 34082516.6019418 48532264.0535882 923.738803150574
2 225208.820229457 273150.692229091 0.697811994865108 501545548.201298 567432722.599751 301480259.707237 414220437.795515 86167445.9509172 55563819.872337 0 231791.179770543 552143136.463084 591957260.517896 323943083.574101 440468723.590412 83937684.382892 64744027.305543 52252900.2028808 1383.18638996141
3 151485.938914361 380657.240293768 0.803528969801125 552027093.090178 631863675.296387 333480910.097012 459323948.12878 97193325.2784892 60458386.1336573 0 305514.061085639 764854114.679639 834139771.210744 452155321.026305 616859301.639565 120977516.020554 88159047.4692195 57057135.0097461 1702.0670569592
4 97948.402484585 464955.595842584 0.907130809160891 590267973.744678 679681707.595029 357358473.321512 492956536.008291 105124185.653784 64377075.5419784 0 359051.597515415 917141057.477334 1008984352.92354 544258503.948535 743813425.041848 147950913.253761 104798772.049932 63165452.6539969 1862.68622728101
5 60250.5697700871 523126.730515772 1.00479474397799 621458555.685036 718586416.138353 376650797.364281 520258804.987507 111442400.54699 67717123.7942564 0 396749.430229913 1019308771.3501 1126864930.63981 606147400.734757 829238261.83822 166208733.165343 115934691.560022 70824617.7823078 1907.46660628505
6 34829.1633659287 556837.593283178 1.09354990126729 646325297.45772 750182910.234947 391949785.758529 542183799.862946 116508297.895771 70502717.8583825 0 422170.836634071 1083308853.21507 1200996065.77811 644947732.234504 882867079.29498 177713747.897441 122910917.555092 80308679.7797004 1876.68409779595
7 18651.5881966715 569503.805625269 1.17156396070865 664454750.772602 774424875.727437 403072253.013462 558569819.830588 120364134.709901 72672933.0911214 0 438348.411803328 1120323434.91968 1244036635.41456 667397987.995761 913946557.633086 184400777.088776 126952891.187348 91917616.1222849 1799.42100515274
8 9100.59923177341 565253.178584743 1.23815247699089 675672303.39733 791395053.898281 409947255.551152 569386251.255372 123048270.736551 74206246.4733283 9737.47760380151 447899.400768226 1139803916.67827 1266789020.34873 679216260.926521 930339796.774613 187937717.177499 129087157.567662 105972245.36443 1695.4457856147
9 8883.26457750802 729675.531856007 1.2935789500197 663427318.715108 777186058.887592 402519433.079997 559114332.225666 120839946.313232 72872645.9933181 7458.16952111771 448116.735422492 1152704770.47065 1281901910.18651 687043559.462722 941212172.738 190287528.130159 130504214.55491 0.107735759057464 102.827764704404
10 8883.26457709385 803384.943464423 1.33875788846702 650782491.521162 762373006.824805 394847471.841865 548457695.223917 118536754.695818 71483704.0704547 7361.15016791478 448116.735422906 1165349597.66583 1296714962.25102 694715520.701609 951868809.740889 192590719.747843 131893156.477933 2.19845346915672e-08 5.80843261081323
11 8883.26457709385 834797.72167874 1.37495915335434 638378672.874021 747842289.355706 387321737.056714 538004172.156194 116277461.571888 70121235.176365 7355.6739123205 448116.735422906 1177753416.31298 1311245679.72012 702241255.486761 962322332.808612 194850012.871773 133255625.372022 2.92577572697474e-08 0.332177016628936
12 8883.26457709385 848184.921708284 1.40357107171757 626211269.187387 733588525.226084 379939441.670559 527749891.701857 114061230.242867 68784734.7391634 7355.3607453882 448116.735422906 1189920819.99961 1325499443.84974 709623550.872916 972576613.262949 197066244.200794 134592125.809224 -1.3122971111952e-08 0.0190100843940342
13 8883.26457709385 853890.151469998 1.42594021568299 614275774.426855 719606435.745989 372697851.749537 517691056.325974 111887239.957272 67473707.8038782 7355.34282330663 448116.735422906 1201856314.76014 1339481533.32984 716865140.793938 982635448.638832 199240234.486389 135903152.744509 -1.31238481494795e-08 0.00108800281959333
14 8883.26457709385 856321.540163417 1.44328051102821 602567768.443845 705890842.838247 365594285.46905 507823940.875311 109754685.607291 66187668.8494676 7355.34179763445 448116.735422906 1213564320.74315 1353197126.23758 723968707.074425 992502564.089495 201372788.83637 137189191.69892 -1.31238481494795e-08 6.23306393134614e-05
15 8883.26457709385 857357.648700143 1.45663402103321 591082915.351655 692436667.136057 358626112.128481 498144891.209724 107662777.432987 64926141.6104421 7355.34173880011 448116.735422906 1225049173.83534 1366651301.93977 730936880.414994 1002181613.75508 203464697.010673 138450718.937945 -1.31238481494795e-08 3.49630049828253e-06
16 8883.26457709385 857799.574435417 1.46686628622751 579816954.434534 679238917.333231 351790746.635478 488650316.54063 105610739.366438 63688658.0782925 17092.8193393161 448116.735422906 1236315134.75246 1379849051.74259 737772245.907997 1011676188.42418 205516735.077223 139688202.470095 0 2.10761674417548e-07
17 8883.26457709385 857987.764036297 1.47467554415107 568765769.124961 666292770.989091 345085691.356346 479336747.562748 103597821.595591 62474766.0781394 17092.8193391199 448116.735422906 1247366320.06203 1392795198.08673 744477301.187129 1020989757.40206 207529652.84807 140902094.470248 0 1.45788573337587e-08
18 8883.26457709385 858067.746915641 1.48061571396907 557925183.360042 653593335.965838 338508412.559926 470200664.830086 101623263.471614 61284006.8999714 17092.8193390745 448116.735422906 1258206905.82695 1405494633.10998 751054579.983549 1030125840.13472 209504210.972047 142092853.648416 0 -3.08136784057527e-08
19 8883.26457709385 858101.897427289 1.48512605792511 547291211.84256 641135943.60219 332056492.257796 461238709.667583 99686339.0926812 60115942.7879937 17092.8193390759 448116.735422906 1268840877.34443 1417952025.47363 757506500.285679 1039087795.29723 211441135.35098 143260917.760394 0 -2.93875346621617e-08
20 8883.26457709385 858116.593579019 1.48854429866664 536859922.598105 628915987.702998 325727544.813932 452447568.338849 97786332.2694476 58970141.8435321 17092.8193390759 448116.735422906 1279272166.58889 1430171981.37282 763835447.729543 1047878936.62596 213341142.174213 144406718.704855 0 -2.93875346621617e-08
21 8883.26457709385 858122.816022475 1.49113173789765 526627452.224776 616928942.403844 319519226.19712 443823984.898113 95922539.3027063 57846179.7001023 17092.8193390759 448116.735422906 1289504636.96222 1442159026.67198 770043766.346354 1056502520.0667 215204935.140955 145530680.848285 0 -2.93875346621617e-08
22 8883.26457709385 858125.413736274 1.49308825302429 516590011.424621 605170368.650956 313429237.337034 435364765.851928 94094269.9909112 56743640.1309971 17092.8193390759 448116.735422906 1299542077.76237 1453917600.42487 776133755.206441 1064961739.11288 217033204.45275 146633220.41739 0 -2.93875346621617e-08
23 8883.26457709385 858126.541416033 1.49456673271315 506743882.808516 593635911.629689 307455322.792388 427066778.309201 92300847.230347 55662114.808169 17092.8193390759 448116.735422906 1309388206.37848 1465452057.44613 782107669.751087 1073259726.65561 218826627.213314 147714745.740218 0 -2.93875346621617e-08
24 8883.26457709385 858126.986531183 1.49568325443846 497085420.111697 582321299.845546 301595270.274989 418926949.320069 90541606.872243 54601203.2160622 26830.2969428774 448116.735422906 1319046669.0753 1476766669.23027 787967722.268486 1081399555.64474 220585867.571418 148775657.332325 0 0
25 8883.26457709385 858127.167703978 1.49652757259762 487611055.992822 571222354.260552 295846915.381631 410942272.448685 88815899.1433321 53560513.5082823 26830.2969428774 448116.735422906 1328521033.19418 1487865614.81526 793716077.161844 1089384232.51612 222311575.300329 149816347.040105 0 0
26 8883.26457709385 858127.242239632 1.4971634798982 478317240.308526 560334915.983671 290208104.143592 403109755.753084 87123077.4028725 52539655.7275073 26830.2969428774 448116.735422906 1337814848.87847 1498753053.09214 799354888.399882 1097216749.21172 224004397.040789 150837204.82088 0 0
27 8883.26457709385 858127.274880548 1.49764206399996 469200635.917205 549655075.649309 284676811.826121 395426586.802049 85462533.8073204 51538263.3131027 26830.2969428774 448116.735422906 1346931453.26979 1509432893.42651 804886180.717353 1104899918.16276 225664940.636341 151838597.235285 0 0
28 8883.26457709385 858127.295374087 1.49800420887498 460257743.18535 539178733.537278 279250915.106202 387889816.221631 83833630.9160502 50555951.8558853 26830.2969428774 448116.735422906 1355874346.00165 1519909235.53854 810312077.437273 1112436688.74318 227293843.527611 152820908.692502 0 0
29 8883.26457709385 858127.301910935 1.49827731698075 451485300.715835 528902069.014467 273928435.205321 380496695.415525 82235774.6819934 49592363.1151985 26830.2969428774 448116.735422906 1364646788.47116 1530185900.06135 815634557.338153 1119829809.54928 228891699.761668 153784497.433189 0 0
30 8883.26457709385 858127.299399162 1.4984831180766 442880061.016983 518821277.737604 268707401.781784 373244487.506474 80668373.5908896 48647140.3777978 26830.2969428774 448116.735422906 1373252028.17001 1540266691.33821 820855590.761691 1127082017.45833 230459100.852771 154729720.170589 0 0
31 8883.26457709385 858127.297619779 1.49863800448302 434438843.10505 508932633.275547 263585884.846068 366130511.66788 79130848.2425632 47719934.2358494 26830.2969428774 448116.735422906 1381693246.08195 1550155335.80027 825977107.697407 1134195993.29693 231996626.201098 155656926.312538 0 0
32 8883.26457709385 858127.301486503 1.4987553650028 426158510.453304 499232461.277273 258561981.381933 359152124.540026 77622627.3344599 46810400.1647979 36567.7745466789 448116.735422906 1389973578.73369 1559855507.79854 831001011.161542 1141174380.42478 233504847.109201 156566460.383589 0 0
33 8883.26457709385 858127.300828368 1.49884405476622 418035954.339866 489717119.96434 253633805.2431 352306706.196195 76143144.6285391 45918196.6942474 36567.7745466789 448116.735422906 1398096134.84713 1569370849.11147 835929187.300375 1148019798.76861 234984329.815122 157458663.854139 0 0
34 8883.26457709385 858127.300586501 1.49891066347564 410068185.143096 480383107.080819 248799542.544652 345591737.083362 74691855.5802692 45042995.4360939 36567.7745466789 448116.735422906 1406063904.0439 1578704861.99499 840763449.998824 1154734767.88144 236435618.863392 158333865.112293 0 0
35 8883.26457709385 858127.300471362 1.49896097047704 402252165.143681 471226864.025742 244057350.219501 339004657.113397 73268206.8843699 44184462.7190551 36567.7745466789 448116.735422906 1413879924.04331 1587861105.05007 845505642.323975 1161321847.85141 237859267.559291 159192397.829332 0 0
36 8883.26457709385 858127.300405937 1.49899801917992 394585563.592769 462245660.393735 239405814.138804 332543502.009201 71871774.0066708 43342342.5273909 36567.7745466789 448116.735422906 1421546525.59422 1596842308.68208 850157178.404672 1167783002.95561 239255700.43699 160034518.020996 0 0
37 8883.26457709385 858127.300248644 1.49902654205427 387064869.312304 453435382.940501 234842803.975152 326205312.667466 70501917.403765 42516249.1838339 36567.7745466789 448116.735422906 1429067219.87469 1605652586.13531 854720188.568323 1174121192.29734 240625557.039896 160860611.364553 0 0
38 8883.26457709385 858127.300025287 1.49904827994218 379687485.679233 444792989.796676 230366744.286582 319987900.741218 69158164.1138353 41705897.4683045 36567.7745466789 448116.735422906 1436444603.50776 1614294979.27914 859196248.256894 1180338604.22359 241969310.329826 161670963.080082 0 0
39 8883.26457709385 858127.299788985 1.49906499040407 372450706.513568 436315310.750087 225975993.159947 313888985.552569 67840021.2198199 40910990.1266942 36567.7745466789 448116.735422906 1443681382.67343 1622772658.32573 863586999.383528 1186437519.41224 243287453.223841 162465870.421693 0 0
40 8883.26457709385 858127.299714267 1.49907744835533 365351863.741106 427999220.228402 221668931.801923 307906318.53791 66547002.7454344 40131234.0905365 46305.2521504804 448116.735422906 1450780225.44589 1631088748.84741 867894060.741552 1192420186.4269 244580471.698227 163245626.45785 0 0
41 8883.26457709385 858127.300079982 1.49908661710214 358388313.951609 419841621.552408 217443956.383483 302037671.919595 65278627.2068112 39366339.0005215 46305.2521504804 448116.735422906 1457743775.23539 1639246347.5234 872119036.159992 1198288833.04522 245848847.23685 164010521.547865 0 0
42 8883.26457709385 858127.300214294 1.49909350220053 351557434.28953 411839442.122127 213299475.546693 296280835.242783 64034416.8640162 38616016.7551218 46305.2521504804 448116.735422906 1464574654.89746 1647248526.95368 876263516.996782 1204045669.72203 247093057.579645 164760843.793265 0 0
43 8883.26457709385 858127.300279571 1.49909870058004 344856642.654514 403989657.081119 209233922.660904 290633632.399747 62813901.4004686 37879983.7294705 46305.2521504804 448116.735422906 1471275446.53248 1655098311.99469 880329069.882571 1209692872.56506 248313573.043193 165496876.818916 0 0
44 8883.26457709385 858127.300334749 1.49910247452314 338284055.759731 396290060.212923 205246155.084674 285094476.2194 61616737.7849528 37158033.0582627 46305.2521504804 448116.735422906 1477848033.42726 1662797908.86289 884316837.458801 1215232028.74541 249510736.658709 166218827.490124 0 0
45 8883.26457709385 858127.300496123 1.49910532561926 331836710.341363 388737180.139043 201334374.925095 279660869.362206 60442386.273882 36449839.2486084 46305.2521504804 448116.735422906 1484295378.84563 1670350788.93677 888228617.61838 1220665635.6026 250685088.169779 166927021.299778 0 0
46 8883.26457709385 858127.300822168 1.49910762072883 325511960.301783 381327917.032073 197496976.722629 274330581.78568 59290364.8938942 35755111.6460078 46305.2521504804 448116.735422906 1490620128.88521 1677760052.04374 892066015.820846 1225995923.17913 251837109.549767 167621748.902379 0 0
47 8883.26457709385 858127.301227311 1.49910939020741 319307745.909333 374059857.975502 193732710.781949 269101877.616943 58160298.475237 35073624.0039803 46305.2521504804 448116.735422906 1496824343.27766 1685028111.10031 895830281.761526 1231224627.34787 252967175.968424 168303236.544406 0 0
48 8883.26457709385 858127.301638507 1.499110762182 313221793.947344 366930339.961261 190040197.880556 263972841.065093 57051772.9629378 34405126.6262759 56042.7297542819 448116.735422906 1502910295.23965 1692157629.11455 899522794.662919 1236353663.89972 254075701.480724 168971733.922111 0 0
49 8883.26457709385 858127.300892278 1.49911170502208 307251862.363355 359936736.489253 186418077.704125 258941582.603382 55964379.9784276 33749373.2398053 56042.7297542819 448116.735422906 1508880226.82364 1699151232.58656 903144914.83935 1241384922.36143 255163094.465234 169627487.308582 0 0
50 8883.26457709385 858127.300618363 1.49911241300617 301395646.723903 353076347.981831 182864952.090076 254006160.132442 54897699.7807522 33106110.7193819 56042.7297542819 448116.735422906 1514736442.46309 1706011621.09398 906698040.453399 1246320344.83237 256229774.66291 170270749.829005 0 0
51 8883.26457709385 858127.300485014 1.49911294774758 295650948.949835 346346599.452366 179379487.403888 249164721.184755 53851332.0008591 32475097.622063 56042.7297542819 448116.735422906 1520481140.23716 1712741369.62345 910183505.139587 1251161783.78006 257276142.442803 170901762.926324 0 0
52 8883.26457709385 858127.300373754 1.49911333593053 290016167.007314 339745614.164209 175960711.647976 244415915.619841 52824984.8363498 31856157.9761312 56042.7297542819 448116.735422906 1526115922.17968 1719342354.9116 913602280.895499 1255910589.34497 258302489.607312 171520702.572256 0 0
53 8883.26457709385 858127.300048749 1.49911362903322 284488759.400724 333270414.828202 172607082.827692 239757601.550285 51818195.3665922 31249012.6168535 56042.7297542819 448116.735422906 1531643329.78627 1725817554.24761 916955909.715783 1260568903.41453 259309279.07707 172127847.931533 0 0
54 8883.26457709385 858127.299389053 1.49911386498757 279066453.866018 326918339.552247 169317222.298519 235187863.988026 50830549.710129 30653411.9526186 56042.7297542819 448116.735422906 1537065635.32098 1732169629.52356 920245770.244956 1265138640.97679 260296924.733533 172723448.595768 0 0
55 8883.26457709385 858127.298568138 1.49911404692216 273747484.566536 320687319.709386 166090058.679233 230705214.745048 49861726.2287019 30069162.019165 56042.7297542819 448116.735422906 1542384604.62046 1738400649.36643 923472933.864242 1269621290.21976 261265748.21496 173307698.529222 0 0
56 8883.26457709385 858127.297732751 1.49911418800585 268529903.409031 314575073.164304 162924410.008576 226308012.033586 48911370.0869331 29496048.8326764 56042.7297542819 448116.735422906 1547602185.77796 1744512895.91151 926638582.534899 1274018492.93123 262216104.356729 173880811.715711 0 0
57 8883.26457709385 858127.297307112 1.49911429172247 263411781.768064 308579340.587667 159819106.136938 221994630.472692 47979129.995408 28933860.547733 56042.7297542819 448116.735422906 1552720307.41893 1750508628.48814 929743886.406537 1278331874.49212 263148344.448254 174443000.000654 0 0
58 8883.26457709385 858127.297587152 1.49911436528041 258391199.674459 302697872.790697 156772982.166699 217763451.976624 47064656.2414063 28382386.2697421 56042.7297542819 448116.735422906 1557740889.51254 1756390096.28511 932790010.376776 1282563052.98819 264062818.202255 174994474.278645 0 0
59 8883.26457709385 858127.298694999 1.49911441778174 253466319.940252 296928517.56044 153784923.425857 213612928.22488 46167614.1903893 27841424.197023 56042.7297542819 448116.735422906 1562665769.24674 1762159451.51537 935778069.117618 1286713576.73993 264959860.253273 175535436.351364 0 0
60 8883.26457709385 858127.300622319 1.49911445676657 248635304.673754 291269121.859539 150853814.81544 209541510.303876 45287669.079638 27310772.4505954 56042.7297542819 448116.735422906 1567496784.51324 1767818847.21627 938709177.728035 1290784994.66094 265839805.364024 176066088.097791 0 0
61 8883.26457709385 858127.302960283 1.49911448694276 243896362.098734 285717586.673576 147978569.215982 205547688.164594 44424494.5461319 26790234.2169257 56042.7297542819 448116.735422906 1572235727.08826 1773370382.40224 941584423.327493 1294778816.80022 266702979.89753 176586626.331461 0 0
62 8883.26457709385 858127.305030033 1.49911451113454 239247739.274363 280271858.482693 145158123.070513 201629984.487195 43577771.3005236 26279616.9482654 56042.7297542819 448116.735422906 1576884349.91263 1778816110.59312 944404869.472961 1298696520.47762 267549703.143138 177097243.600122 0 0
63 8883.26457709385 858127.306241262 1.49911453217364 234687714.825211 274929920.744988 142391431.973652 197786948.554097 42747185.8029443 25778731.5640946 56042.7297542819 448116.735422906 1581444374.36178 1784158048.33082 947171560.569823 1302539556.41072 268380288.640718 177598128.984292 0 0
64 8883.26457709385 858127.305738627 1.49911455118249 230214595.364581 269689789.706557 139677468.501543 194017153.235689 41932429.6115316 25287392.0582512 56042.7297542819 448116.735422906 1585917493.82241 1789398179.36925 949885524.041932 1306309351.72912 269195044.83213 178089468.490136 0 0
65 8883.26457709385 858127.30237453 1.49911456729363 225826726.00172 264549526.710391 137015228.58687 190319203.84545 41133201.296266 24805416.6530718 56042.7297542819 448116.735422906 1590305363.18528 1794538442.36542 952547763.956605 1310007301.11936 269994273.147396 178571443.895315 0 0
66 8883.26457709385 858127.294480159 1.49911457779915 221522495.333388 259507244.043853 134403734.547376 186691742.346683 40349207.3481596 24332628.3476784 56042.7297542819 448116.735422906 1594609593.85361 1799580725.03196 955159257.996099 1313634762.61813 270778267.095502 179044232.200709 0 0
67 8883.26457709385 858127.276428621 1.49911458394482 217300292.458778 254561054.582891 131842009.005642 183133411.126119 39580154.3497396 23868850.1963816 56042.7297542819 448116.735422906 1598831796.72822 1804526914.49292 957720983.537833 1317193093.83869 271547320.093922 179508010.352005 0 0
68 8883.26457709385 858127.242057669 1.49911458515984 213158549.787694 249709121.940591 129329100.861978 179642889.071225 38825756.7723433 23413910.0108463 56042.7297542819 448116.735422906 1602973539.3993 1809378847.13522 960233891.681497 1320683615.89359 272301717.671318 179962950.537541 0 0
69 8883.26457709385 858127.184979327 1.49911457853481 209095746.913094 244949665.00375 126864087.644001 176218894.833851 38085737.681482 22967640.7854625 56042.7297542819 448116.735422906 1607036342.2739 1814138304.07206 962698904.899474 1324107610.13096 273041736.76218 180409219.762924 0 0
70 8883.26457709385 858127.099155096 1.49911456034325 205110400.837083 240280946.482905 124446069.576475 172860178.593022 37359826.9565547 22529879.6237415 56042.7297542819 448116.735422906 1611021688.34991 1818807022.59291 965116922.967 1327466326.37179 273767647.487107 180846980.924645 0 0
71 8883.26457709385 858127.113229001 1.49911455125122 201201031.790842 235701232.871367 122074148.843332 169565493.249124 36647755.0651207 22100463.9838855 56042.7297542819 448116.735422906 1614931057.39615 1823386736.20444 967488843.700143 1330761011.71569 274479719.378541 181276396.564501 0 0
72 8883.26457709385 858127.288582511 1.49911456433284 197366168.274697 231208800.349507 119747432.645622 166333598.671494 35949253.9809217 21679232.2324013 56042.7297542819 448116.735422906 1618765920.9123 1827879168.7263 969815559.897853 1333992906.29332 275178220.46274 181697628.315986 0 0
