"Time" "IECs" "pheme_e" "BiomassCD" "pro_L_e" "leu_L_e" "ile_L_e" "val_L_e" "trp_L_e" "cys_L_e" "Drug" "Damage" "pro_L_v" "leu_L_v" "ile_L_v" "val_L_v" "trp_L_v" "cys_L_v" "CD" "pheme_c"
0 457000 1e+05 0.4963 224235600.199112 195370466.451958 120509812.093413 157438605.791629 18978882.6152 31300034.1459915 0 0 0 0 0 0 0 0 45700000 1000
1 329301.273875893 156462.174523587 0.594123777904489 406101675.205888 443835531.432212 240342496.331446 327993646.826827 64577719.0540848 46672876.2692457 0 127698.726124107 275300823.951443 282633936.969905 158460084.689746 213665237.338757 37660224.6138997 33663468.7084028 48532264.0532628 908.995230171911
2 231955.895037746 266976.302817043 0.697811960942028 484570237.344929 547980590.099829 291216654.786438 400083740.956589 83168715.7935132 53710080.964863 0 225044.104962254 544974326.201097 583348308.890141 319509873.322748 434309990.369779 82537374.2451973 64006889.4866339 52252901.8499298 1351.96896217493
3 158626.501941723 372272.888673499 0.803528809479502 533142031.223464 610219748.035147 322069566.108976 443599214.190951 93861924.3262605 58389890.8203551 0 298373.498058277 758217885.277941 826086096.841187 448031414.849256 611118334.274745 119653377.9844 87485566.5800148 57057142.9610975 1664.51881804243
4 104448.166029526 456014.245455741 0.907130734240653 570641356.029829 657155803.870074 345503635.699419 476605490.840401 101660531.342914 62220392.4771219 0 352551.833970474 913586198.737288 1004477740.06509 542002154.199404 740646518.396952 147176904.379713 104459545.913531 63165463.3270262 1826.78062949703
5 65564.3562345615 514937.912194563 1.00479465076778 601916826.108779 696105619.745558 364853027.241873 503963216.763827 107990090.262166 65559869.3177724 0 391435.643765439 1019973822.69358 1127245689.12686 606454079.660179 829609669.039605 166196731.686141 116051452.034147 70824628.1882225 1877.52830741921
6 38777.4177734093 550192.295995301 1.09354988776617 627519949.960205 728475416.277245 380604414.248797 526480609.669548 113180684.300361 68413082.6268409 0 418222.58222659 1088197328.2215 1206282769.6551 647820736.695749 886785397.197398 178467490.995109 123484423.094161 80308692.8552144 1854.2253196508
7 21314.0372175872 564679.819475956 1.17156394917052 646827547.674312 753979277.955913 392447202.313072 543821294.188032 117237201.949943 70696760.7322143 0 435685.962782413 1128719111.85936 1253409107.7081 672402234.469334 920814449.352603 185792318.189661 127906683.122224 91917631.5949292 1784.13604314251
8 10715.6961941965 562125.671660849 1.2381524252577 659389726.191162 772385887.803867 400142815.918669 555725327.572951 120148720.145285 72360429.3295388 9737.47760380151 446284.303805803 1150696570.60418 1279080998.17643 685737753.445179 939311283.926875 189784902.017372 130312777.477881 105972260.459977 1686.03783464365
9 10250.9699049971 723257.572228462 1.29357890743233 646270164.348648 757264441.704191 392184414.581375 544755154.522846 117798400.280142 70941223.2034235 7028.82002120836 446749.030095003 1165251461.78294 1296135240.91288 694570280.002682 951579779.6513 192437819.748495 131910438.499049 2238.1886681101 260.581189241962
10 10250.9492202039 799121.521201085 1.33875785408085 632076902.853554 740633556.660183 383571335.764029 532791350.267834 115211336.261104 69383226.6181692 6793.65020297364 446749.050779796 1179444786.69217 1312766211.98495 703183397.440658 963543641.487421 195024897.235219 133468443.027264 1.29315846593449 26.3080570260712
11 10250.9492074564 831438.462021162 1.37495912601109 618195293.895393 724367837.466997 375147380.915269 521090240.567855 112681076.557632 67859439.2191353 6770.06652025453 446749.050792543 1193326395.68933 1329031931.23115 711607352.313174 975244751.222853 197555156.946991 134992230.431193 0.000954808483087772 2.7250346983843
12 10250.949207447 845204.808428924 1.40357105023946 604618551.39291 708459344.303943 366908432.088801 509646109.422556 110206386.154078 66369117.08026 6767.62462082624 446749.050792553 1206903138.19185 1344940424.39424 719846301.13966 986688882.368179 200029847.350551 136482552.570071 7.18753674054623e-07 0.283135782961354
13 10250.949207447 851068.98649715 1.42594019896626 591339979.935698 692900231.858258 358850426.22292 498453313.127657 107786044.6508 64911525.2454214 6767.37091264025 446749.050792553 1220181709.64906 1360499536.83993 727904307.005541 997881678.663077 202450188.853829 137940144.40491 5.52878050963888e-08 0.0294275974876729
14 10250.949207447 853567.004226766 1.4432805013279 578353031.121454 677682827.06601 350969389.466647 487506331.892627 105418858.442754 63485944.8949967 6767.34454385082 446749.050792553 1233168658.4633 1375716941.63217 735785343.761814 1008828659.89811 204817375.061875 139365724.755335 6.68627871330199e-08 0.00305880829278793
15 10250.949207447 854631.119699502 1.45663404998534 565651300.363109 662799625.378183 343261435.242248 476799767.151915 103103660.138709 62091672.9959945 6767.34180213498 446749.050792553 1245870389.22165 1390600143.32 743493297.986212 1019535224.63882 207132573.36592 140759996.654337 7.68526109779433e-08 0.000317092667254169
16 10250.9492074469 855084.422125602 1.46686526302057 553228523.730308 648243287.059697 335722762.328509 466328338.902573 100839307.985527 60728021.9553428 16504.8191215082 446749.050792553 1258293165.85445 1405156481.63849 751031970.899952 1030006652.88816 209396925.519102 142123647.694989 0 3.26644971645867e-05
17 10250.9492074469 855277.545294699 1.47467363537135 541078637.258179 634006706.684217 328349690.85183 456086935.696898 98624696.678628 59394326.1302265 16504.8190889978 446749.050792553 1270443052.32658 1419393062.01397 758405042.376631 1040248056.09383 211611536.826001 143457343.520105 0 1.54160742075344e-07
18 10250.9492074469 855359.593513436 1.48061456277192 529195528.640259 620082722.181343 321138511.602868 446070405.33901 96458712.1020046 58089914.571363 16504.8190887681 446749.050792553 1282326160.9445 1433317046.51684 765616221.625593 1050264586.45172 213777521.402624 144761755.078969 0 -7.55821787312802e-08
19 10250.9492074469 855394.795197439 1.48512528295347 517573390.680613 606464528.99271 314085700.526414 436273852.817326 94340295.7534392 56814149.8215226 16504.8190887381 446749.050792553 1293948298.90415 1446935239.70548 772669032.702047 1060061138.97341 215895937.75119 146037519.828809 0 -1.05603401739138e-07
20 10250.9492074469 855409.711838082 1.48854375529268 506206497.440603 593145417.772854 307187782.877668 426692451.613796 92268403.9418254 55566403.3431073 16504.8190887381 446749.050792553 1305315192.14416 1460254350.92533 779566950.350793 1069642540.17694 217967829.562803 147285266.307225 0 -1.05603401739138e-07
21 10250.9492074469 855416.150471981 1.49113134647319 495089242.917805 580118819.71109 300441356.694259 417321476.307214 90242014.8373396 54346059.7639452 16504.8190887381 446749.050792553 1316432446.66695 1473280948.9871 786313376.534202 1079013515.48352 219994218.667289 148505609.886387 0 -1.05603401739138e-07
22 10250.9492074469 855418.833124192 1.49308812192106 484216144.269413 567378310.308516 293843094.752349 408156305.29029 88260129.0589831 53152517.2311238 16504.8190887381 446749.050792553 1327305545.31535 1486021458.38967 792911638.476112 1088178686.50044 221976104.445646 149699152.419208 0 -1.05603401739138e-07
23 10250.9492074469 855420.007802811 1.49456744849109 473581837.697853 554917604.557 287389742.069845 399192417.301547 86321768.9246368 51985186.9593528 16504.8190887381 446749.050792553 1337939851.8869 1498482164.14119 799364991.158616 1097142574.48919 223914464.579992 150866482.690979 0 -1.05603401739138e-07
24 10250.9492074469 855420.424908066 1.49568439093022 463181080.618903 542730559.479667 281078117.222109 390425393.252873 84425978.8462529 50843493.4689597 26242.2966925396 446749.050792553 1348340608.96585 1510669209.21852 805676616.006352 1105909598.53786 225810254.658376 152008176.181372 0 0
25 10250.9492074469 855420.62833249 1.49652843735001 453008735.978851 530811155.754588 274905102.824933 381850903.010117 82571822.471277 49726872.8643802 26242.2966925396 446749.050792553 1358512953.6059 1522588612.9436 811849630.403528 1114484088.78062 227664411.033352 153124796.785951 0 0
26 10250.9492074469 855420.711968548 1.49716412722793 443059775.240168 519153501.213233 268867647.346378 373464707.909774 80758383.2268589 48634773.1618961 26242.2966925396 446749.050792553 1368461914.34458 1534246267.48496 817887085.882083 1122870283.88096 229477850.27777 154216896.488436 0 0
27 10250.9492074469 855420.748604186 1.49764255505332 433329415.597218 507751991.622426 262962848.375142 365262776.421091 78984789.3307429 47566669.3518357 26242.2966925396 446749.050792553 1378192273.98753 1545647777.07576 823791884.853319 1131072215.36964 231251444.173886 155285000.298496 0 0
28 10250.9492074469 855420.771618383 1.49800457974775 423812682.778283 496600798.399383 257187687.310104 357240915.622393 77250134.1013382 46522015.4072513 26242.2966925396 446749.050792553 1387709006.80647 1556798970.2988 829567045.918357 1139094076.16834 232986099.403291 156329654.24308 0 0
29 10250.9492074469 855420.778929655 1.49827759632383 414504955.542127 485694506.623361 251539359.784162 349395230.169069 75553575.205417 45500304.0534326 26242.2966925396 446749.050792553 1397016734.04263 1567705262.07483 835215373.444299 1146939761.62166 234682658.299212 157351365.596899 0 0
30 10250.9492074469 855420.776077407 1.49848332818683 405401645.799464 475027740.219279 246015081.548232 341721852.661005 73894276.3524976 44501031.6547661 26242.2966925396 446749.050792553 1406120043.78529 1578372028.47891 840739651.680229 1154613139.12973 236341957.152131 158350637.995566 0 0
31 10250.9492074469 855420.774071745 1.49863816406328 396498273.630112 464595249.858767 240612133.99488 334217006.876175 72271420.9685393 43523706.4493857 26242.2966925396 446749.050792553 1415023415.95464 1588804518.83942 846142599.233581 1162117984.91456 237964812.53609 159327963.200946 0 0
32 10250.9492074469 855420.778430256 1.49875548494648 387790431.35033 454391870.856213 235327842.352833 326876977.482216 70684205.6463436 42567844.6048362 35979.7742963411 446749.050792553 1423731258.23442 1599007897.84197 851426890.875628 1169458014.30852 239552027.858285 160283825.045496 0 0
33 10250.9492074469 855420.777688017 1.49884407102293 379273784.060856 444412523.810926 230159576.019563 319698110.498388 69131840.2454482 41632970.2782311 35979.7742963411 446749.050792553 1432247905.52389 1608987244.88726 856595157.208898 1176636881.29235 241104393.25918 161218699.372101 0 0
34 10250.9492074469 855420.777391033 1.4989108275121 370944019.809628 434652156.210501 225104718.317883 312676771.28664 67613538.8080736 40718610.1456036 35979.7742963411 446749.050792553 1440577669.77512 1618747612.48768 861650014.910578 1183658220.5041 242622694.696555 162133059.504729 0 0
35 10250.9492074469 855420.777272846 1.4989606674994 362797492.483711 425106495.73684 220161056.630304 305809886.459184 66128636.7417601 39824363.9723002 35979.7742963411 446749.050792553 1448724197.10104 1628293272.96134 866593676.598158 1190525105.33155 244107596.762869 163027305.678032 0 0
36 10250.9492074469 855420.777177352 1.49899795081448 354830035.996669 415770660.794998 215326062.797148 299093944.331276 64676374.6762746 38949774.4460574 35979.7742963411 446749.050792553 1456691653.58808 1637629107.90318 871428670.431313 1197241047.45946 245559858.828354 163901895.204275 0 0
37 10250.9492074469 855420.776982931 1.49902659867043 347037312.264605 406639568.252698 210597104.283312 292525288.237774 63255961.8906771 38094365.3744105 35979.7742963411 446749.050792553 1464484377.32014 1646760200.44549 876157628.945149 1203809703.55296 246980271.613952 164757304.275922 0 0
38 10250.9492074469 855420.776707393 1.49904846944096 339415730.17559 397709010.23905 205972001.848273 286100891.152434 61866743.8177749 37257742.5601794 35979.7742963411 446749.050792553 1472105959.40916 1655690758.45913 880782731.380187 1210234100.6383 248369489.686854 165593927.090153 0 0
39 10250.9492074469 855420.776474574 1.49906506380573 331961538.199318 388974590.913578 201448478.90277 279817590.828877 60508036.6502375 36439494.1970219 35979.7742963411 446749.050792553 1479560151.38543 1664425177.78461 885306254.325691 1216517400.96186 249728196.854391 166412175.45331 0 0
40 10250.9492074469 855420.776457554 1.4990774337921 324671045.24111 380431985.251006 197024295.532465 273672275.963226 59179167.5965922 35639215.1126283 45717.2519001426 446749.050792553 1486850644.34364 1672967783.44718 889730437.695996 1222662715.82751 251057065.908037 167212454.537704 0 0
41 10250.9492074469 855420.776854411 1.49908659847592 317540659.249246 372076984.279249 192697271.926531 267661918.737066 57879481.9183465 34856511.0066573 45717.2519001426 446749.050792553 1493981030.33551 1681322784.41894 894057461.30193 1228673073.05367 252356751.586283 167995158.643675 0 0
42 10250.9492074469 855420.777013231 1.49909350463605 310566703.967833 363905280.36032 188465177.175442 261783420.354457 56608309.5287564 34090978.3356562 45717.2519001426 446749.050792553 1500954985.61692 1689494488.33787 898289556.053018 1234551571.43628 253627923.975873 168760691.314676 0 0
43 10250.9492074469 855420.777077975 1.49909865279431 303746170.104576 355913347.368132 184326185.111751 256034244.217559 55365101.9113596 33342286.7689197 45717.2519001426 446749.050792553 1507775519.48017 1697486421.33005 902428548.11671 1240300747.57318 254871131.59327 169509382.881413 0 0
44 10250.9492074469 855420.77713889 1.49910245532602 297075701.934231 348097253.245191 180278259.337655 250411561.712678 54149247.403892 32610067.9477176 45717.2519001426 446749.050792553 1514445987.65052 1705302515.453 906476473.890806 1245923430.07806 256086986.100737 170241601.702615 0 0
45 10250.9492074469 855420.777307212 1.49910541719329 290551437.557952 340452472.827131 176319056.287536 244912117.561395 52960042.0816819 31893897.950528 45717.2519001426 446749.050792553 1520970252.0268 1712947295.87105 910435676.940925 1251422874.22934 257276191.422947 170957771.699804 0 0
46 10250.9492074469 855420.777524431 1.49910769387285 284170370.954439 332975483.820642 172446751.778924 239533377.923066 51796938.024485 31193446.8057032 45717.2519001426 446749.050792553 1527351318.63031 1720424284.87754 914307981.449537 1256801613.86767 258439295.480144 171658222.844629 0 0
47 10250.9492074469 855420.777718113 1.4991094369298 277929457.191684 325662718.338946 168659498.016666 234272776.158362 50659380.2196376 30508380.2703582 45717.2519001426 446749.050792553 1533592232.39307 1727737050.35924 918095235.211795 1262062215.63237 259576853.284992 172343289.379974 0 0
48 10250.9492074469 855420.777737242 1.49911073269587 271825619.304818 318510570.960894 164955427.766697 229127718.626766 49546807.815711 29838360.5853534 55454.7295039441 446749.050792553 1539696070.27993 1734889197.73729 921799305.461765 1267207273.16397 260689425.688918 173013309.064979 0 0
49 10250.9492074469 855420.777395193 1.49911168202738 265855842.616051 311515509.249967 161332711.593418 224095664.190887 48458671.314606 29183056.8288163 55454.7295039441 446749.050792553 1545665846.9687 1741884259.44822 925422021.635044 1272239327.59985 261777562.190023 173668612.821516 0 0
50 10250.9492074469 855420.777258287 1.49911239744405 260017010.775158 304673881.635382 157789458.362043 219173986.011433 47394402.6859578 28542126.9182679 55454.7295039441 446749.050792553 1551504678.80959 1748725887.0628 928965274.866419 1277161005.7793 262841830.818671 174309542.732064 0 0
51 10250.9492074469 855420.777202419 1.49911293084757 254306624.454528 297982759.540111 154324151.373534 214360577.350874 46353546.3667289 27915296.5019429 55454.7295039441 446749.050792553 1557215065.13022 1755417009.15807 932430581.854928 1281974414.43986 263882687.1379 174936373.148389 0 0
52 10250.9492074469 855420.777150465 1.49911332475349 248721881.851144 291438859.962791 150935090.373824 209653076.508593 45335591.6604075 27302258.0252815 55454.7295039441 446749.050792553 1562799807.7336 1761960908.73539 935819642.854638 1286681915.28214 264900641.844222 175549411.625051 0 0
53 10250.9492074469 855420.777006577 1.49911363150036 243259547.261588 285038391.481019 147620311.799496 205048756.039897 44339948.7816164 26702656.3043774 55454.7295039441 446749.050792553 1568262142.32316 1768361377.21717 939134421.428966 1291286235.75084 265896284.723013 176149013.345955 0 0
54 10250.9492074469 855420.77682032 1.49911386732609 237917101.202558 278778401.900414 144378286.720176 200545492.217588 43366158.4934547 26116214.7749703 55454.7295039441 446749.050792553 1573604588.38219 1774621366.79777 942376446.508286 1295789499.57315 266870075.011174 176735454.875362 0 0
55 10250.9492074469 855420.77665372 1.49911404788667 232691995.797089 272655905.756441 141207468.975 196141137.380832 42413756.3835884 25542653.7560215 55454.7295039441 446749.050792553 1578829693.78766 1780743862.94174 945547264.253462 1300193854.4099 267822477.121041 177309015.894311 0 0
56 10250.9492074469 855420.776636144 1.4991141821327 227581655.144227 266667884.747567 138106295.396946 191833520.246765 41482272.9316324 24981690.4902924 55454.7295039441 446749.050792553 1583940034.44052 1786731883.95062 948648437.831516 1304501471.54397 268753960.572997 177869979.16004 0 0
57 10250.9492074469 855420.776825882 1.49911428086446 222583540.209763 260811363.770715 135073225.191311 187620500.608304 40571245.3370588 24433046.2674153 55454.7295039441 446749.050792553 1588938149.37498 1792588404.92747 951681508.037151 1308714491.18243 269664988.16757 178418623.382917 0 0
58 10250.9492074469 855420.77714377 1.49911435340776 217695216.979133 255083490.779158 132106781.293813 183500026.781705 39680229.9417163 23896453.9050532 55454.7295039441 446749.050792553 1593826472.60561 1798316277.91903 954647951.934649 1312834965.00903 270556003.562913 178955215.745279 0 0
59 10250.9492074469 855420.777563007 1.49911440988367 212914210.83646 249481366.151742 129205462.001552 179470012.859497 38808775.6868798 23371641.7640538 55454.7295039441 446749.050792553 1598607478.74829 1803918402.54644 957549271.22691 1316864978.93124 271427457.817749 179480027.886279 0 0
60 10250.9492074469 855420.777754428 1.49911445236308 208238219.658826 244002292.385238 126367870.287744 175528518.332269 37956462.954847 22858357.139856 55454.7295039441 446749.050792553 1603283469.92592 1809397476.31295 960386862.940718 1320806473.45847 272279770.549782 179993312.510476 0 0
61 10250.9492074469 855420.777481414 1.49911448619277 203664915.384193 238643541.582365 123592593.384638 171673580.825964 37122867.3998823 22356344.4805562 55454.7295039441 446749.050792553 1607856774.20056 1814756227.11582 963162139.843824 1324661410.96477 273113366.104747 180495325.169776 0 0
62 10250.9492074469 855420.776394258 1.49911451388806 199192040.311473 233402468.290994 120878261.222517 167903297.275297 36307577.5012388 21865355.9577879 55454.7295039441 446749.050792553 1612329649.27327 1819997300.40719 965876472.005945 1328431694.51544 273928656.00339 180986313.692544 0 0
63 10250.9492074469 855420.774046295 1.49911453539136 194817392.268882 228276492.125237 118223537.429226 164215811.421839 35510191.8597309 21385149.8386492 55454.7295039441 446749.050792553 1616704297.31587 1825123276.57295 968531195.799236 1332119180.3689 274726041.644898 181466519.811683 0 0
64 10250.9492074469 855420.769695604 1.49911454953553 190538825.00299 223263098.221311 115627119.566264 160609314.141958 34730319.2686489 20915490.5284088 55454.7295039441 446749.050792553 1620982864.58176 1830136670.47687 971127613.662198 1335725677.64878 275505914.23598 181936179.121924 0 0
65 10250.9492074469 855420.761786183 1.49911455899395 186354205.242287 218359786.926944 113087713.073113 157082007.254761 33967570.8875522 20456143.8573637 55454.7295039441 446749.050792553 1625167484.34246 1835039981.77124 973667020.155349 1339252984.53597 276268662.617077 182395525.792969 0 0
66 10250.9492074469 855420.748755401 1.49911456257663 182261479.520085 213564152.100841 110604071.818237 153632159.848576 33221572.4223634 20006884.4160044 55454.7295039441 446749.050792553 1629260210.06466 1839835616.59734 976150661.410226 1342702831.94216 277014661.082266 182844785.234328 0 0
67 10250.9492074469 855420.728795277 1.49911455744358 178258655.02262 208873858.67153 108174986.476895 150258092.137398 32491960.6344711 19567493.452707 55454.7295039441 446749.050792553 1633263034.56213 1844525910.02665 978579746.751567 1346076899.65334 277744272.870158 183284176.197625 0 0
68 10250.9492074469 855420.697214634 1.49911454577786 174343755.097231 204286590.504243 105799257.531596 146958137.957765 31778375.2310164 19137753.9898556 55454.7295039441 446749.050792553 1637177934.48752 1849113178.19394 980955475.696866 1349376853.83297 278457858.273613 183713915.660477 0 0
69 10250.9492074469 855420.647152248 1.49911453304456 170514830.688145 199800063.800751 103475702.21182 143730654.40823 31080460.9493417 18717452.0791506 55454.7295039441 446749.050792553 1641006858.8966 1853599704.89743 983279031.016642 1352604337.38251 279155772.555287 184134217.571182 0 0
70 10250.9492074469 855420.5718134 1.49911452253071 166769996.200949 195412069.123423 101203176.258119 140574052.080309 30397874.0941612 18306380.7384609 55454.7295039441 446749.050792553 1644751693.3838 1857987699.57476 985551556.970343 1355760939.71043 279838359.410468 184545288.911871 0 0
71 10250.9492074469 855420.484872489 1.49911451886216 163107410.151302 191120448.720424 98980562.178928 137486778.746854 29730279.0103187 17904337.8276281 55454.7295039441 446749.050792553 1648414279.43345 1862279319.97776 987774171.049534 1358848213.04388 280505954.49431 184947331.822704 0 0
72 10250.9492074469 855420.648859213 1.49911453373091 159525262.002713 186923081.102936 96806761.2631593 134467308.26733 29077345.6836534 17511124.6036461 55454.7295039441 446749.050792553 1651996427.58204 1866476687.59525 989947971.965303 1361867683.52341 281158887.820975 185340545.046686 0 0
