"Time" "IECs" "pheme_e" "BiomassCD" "pro_L_e" "leu_L_e" "ile_L_e" "val_L_e" "trp_L_e" "cys_L_e" "Drug" "Damage" "pro_L_v" "leu_L_v" "ile_L_v" "val_L_v" "trp_L_v" "cys_L_v" "CD" "pheme_c"
0 457000 1e+05 0.4963 224235600.199112 195370466.451958 120509812.093413 157438605.791629 18978882.6152 31300034.1459915 0 0 0 0 0 0 0 0 45700000 1000
1 376846.261177805 130680.667508159 0.594123778012273 280960516.640344 300002460.93178 164539712.845853 223555278.02882 42300488.3575597 33084120.6658301 0 80153.7388221946 230174893.516613 228727405.281686 130619774.608512 175030762.026869 28938273.0407665 28994949.1878841 48532264.0510414 762.747942915017
2 306624.575537421 202127.11720073 0.697812004138188 312617471.542824 350754575.651011 187199670.702909 256794319.586004 52726699.2748794 34957891.314552 0 150375.424462579 449694544.334297 470027281.140814 260859364.460864 352978878.912129 64295934.452332 54086305.82507 52252899.7354427 1024.51461000883
3 245184.496900868 278139.219661272 0.80352885278217 338314455.442783 386554268.111372 204233787.384021 281186634.290584 59353423.894236 37107837.0213336 0 211815.503099132 643547908.697172 689756875.729876 377471368.938127 513268168.529014 97727159.7673569 75529350.3147247 57057141.0039187 1243.47688859455
4 191734.869607908 347267.347641146 0.907130647654356 363683622.847114 419066462.168769 220318382.101134 303900210.109711 64917924.4206719 39576551.7177106 0 265265.130392092 808892624.210811 879541681.583897 477478812.611266 651093525.541718 127010456.163247 93585292.4988441 63165462.2788658 1390.61183191261
5 145778.742414124 405409.775074689 1.00479458298521 390230075.926908 451875283.328768 236802688.335345 327064883.532349 70297402.5350157 42335852.1488986 0 311221.257585876 945942014.448345 1037864393.42285 560579034.122409 765794220.06261 151592530.958658 108473144.910069 70824627.5963978 1477.55779263628
6 107021.701856203 450715.435540477 1.0935505784228 417781179.675136 485569672.661887 253750128.265179 350898065.607367 75706799.8226845 45300345.7800501 0 349978.298143798 1055844360.28261 1165360535.77012 627302792.164888 858004455.930559 171450262.380208 120391354.85316 80308711.9728389 1518.40257966022
7 75252.6559365425 482211.343579294 1.17156482693777 445239019.238019 519306702.256272 270565027.260621 374665009.670779 81066682.0500516 48331959.0531586 0 381747.344063458 1140358366.49122 1263750968.15561 678648175.153738 929052319.834866 186800546.692304 129559055.213201 91917670.8927297 1523.10255661566
8 50208.6565543411 499599.524612597 1.23815306178497 470938572.785733 551459443.164608 286268034.336827 397090290.628945 86146609.5096377 51252163.4797325 9737.47760380151 406791.343445659 1201982143.88818 1335756220.67784 716101776.722644 980956309.83157 198045067.989759 136255746.549392 105972309.8466 1498.14506791591
9 49382.8736854728 657702.855736837 1.29357943122133 425705751.550989 498575427.930126 258774737.655978 358980257.388169 77886844.6919999 46335280.8910062 8771.92165124721 407617.126314527 1250069655.33889 1392074666.86395 745332832.805291 1021506402.69524 206843059.676607 141489729.759764 0.0154874647794952 880.466689608278
10 49382.8736853171 728088.101584808 1.33875827622019 382515879.993123 447992581.408202 232520810.756795 322560004.309804 69984854.1597182 41634346.4474647 8383.37690180988 407617.126314683 1293259526.8973 1442657513.38652 771586759.704804 1057926655.77406 214745050.20899 146190664.203365 -7.66017830814479e-09 491.92194149956
11 49382.8736853171 757688.248607143 1.37495946141322 343707825.48917 402541604.269766 208930469.102704 289834758.423868 62884557.9975553 37410344.070887 8171.77368281874 407617.126314683 1332067581.40125 1488108490.52496 795177101.358895 1090651901.66 221845346.371153 150414666.579943 -7.6601783081448e-09 280.318722508423
12 49382.8736853171 770136.363618786 1.40357131415983 308837032.687032 361701844.928373 187733479.805864 260429644.37541 56504620.6502868 33614886.8249078 8052.94638698274 407617.126314683 1366938374.20339 1528948249.86635 816374090.655735 1120057015.70846 228225283.718421 154210123.825922 -7.6601783081448e-09 161.491426672422
13 49382.8736853171 775371.370103246 1.42594040401202 277504047.57606 325005473.307562 168687025.834947 234007818.926972 50771958.2744936 30204496.7585741 7985.06694990736 407617.126314683 1398271359.31436 1565644621.48716 835420544.626652 1146478841.15689 233957946.094214 157620513.892256 -7.6601783081448e-09 93.6119895970339
14 49382.8736853171 777572.904809336 1.44328065948584 249349942.756254 292032123.035963 151572925.162968 210266613.275121 45620901.7488221 27140106.9768816 7945.91213029184 407617.126314683 1426425464.13417 1598617971.75876 852534645.298631 1170220046.80874 239109002.619886 160684903.673948 -7.6601783081448e-09 54.4571699815203
15 49382.8736853171 778498.734393571 1.45663417067465 224052205.708383 262404075.896939 136195131.360554 188934065.796736 40992444.3945864 24386614.1059272 7923.1995925501 407617.126314683 1451723201.18204 1628246018.89778 867912439.101044 1191552594.28713 243737459.974122 163438396.544903 -7.6601783081448e-09 31.74463223978
16 49382.8736853171 778888.085603564 1.46686535251642 201321044.343927 235781934.985424 122377487.842063 169765806.670297 36833566.0416116 21912476.1762339 17647.459501869 407617.126314683 1474454362.54649 1654868159.8093 881730082.619536 1210720853.41357 247896338.327096 165912534.474596 0 18.5269377571862
17 49382.8736853171 779051.824953829 1.47467375244946 180896069.019613 211860738.770242 109961710.954101 152542259.954388 33096625.9717936 19689351.4817801 17634.5129628245 407617.126314683 1494879337.87081 1678789356.02448 894145859.507498 1227944400.12948 251633278.396914 168135659.16905 0 5.58039871268616
18 49382.8736853171 779120.684461969 1.48061537465875 162543302.878035 190366459.683335 98805572.644376 137066122.530158 29738815.9329822 17691773.1751711 17630.6142670601 407617.126314683 1513232104.01238 1700283635.11139 905301997.817223 1243420537.55371 254991088.435726 170133237.475659 0 1.68170294828021
19 49382.8736853171 779149.642852937 1.48512627603871 146052512.106269 171052877.388558 88781277.5998389 123160112.817545 26721671.6848499 15896858.6837865 17629.4394372895 407617.126314683 1529722894.78415 1719597217.40617 915326292.86176 1257326547.26632 258008232.683858 171928151.967043 0 0.506873177689439
20 49382.8736853171 779161.82109983 1.48854507792511 131234790.451827 153698749.830034 79773994.9408253 110664933.896335 24010631.0635192 14284046.8001747 17629.0853449406 407617.126314683 1544540616.43859 1736951344.96469 924333575.520774 1269821726.18753 260719273.305189 173540963.850655 0 0.152780828752715
21 49382.8736853171 779166.942573682 1.49113280066789 117920397.099383 138105281.009988 71680543.9261886 99437450.2759847 21574638.4009071 12834862.3491046 17628.9786157023 407617.126314683 1557855009.79103 1752544813.78474 932427026.535411 1281049209.80788 263155265.967801 174990148.301725 0 0.0460515904353188
22 49382.8736853171 779169.096372144 1.4930895377269 105956812.246221 124093843.72963 64408211.9914594 89349048.2418885 19385788.7740863 11532704.5496972 17628.9464451609 407617.126314683 1569818594.6442 1766556251.06509 939699358.47014 1291137611.84198 265344115.594621 176292306.101133 0 0.0138810490843248
23 49382.8736853171 779170.002134589 1.49456804239886 95206989.949574 111503933.369724 57873692.7031289 80284162.552964 17419008.3473828 10362656.8493107 17628.9367482844 407617.126314683 1580568416.94084 1779146161.425 946233877.75847 1300202497.5309 267310896.021325 177462353.801519 0 0.0041841725849462
24 49382.8736853171 779170.383045297 1.49568456551033 85547788.2294403 100191329.268103 52002131.4616209 72138952.611532 15651767.1450175 9311316.05052029 27366.4114291857 407617.126314683 1590227618.66098 1790458765.52662 952105438.999978 1308347707.47233 269078137.22369 178513694.600309 0 0.00126127232048477
25 49382.8736853171 779170.543224176 1.49652735647984 76868621.7991728 90026516.8330301 46726306.5335284 64820166.3661011 14063832.55558 8366645.66967372 27366.4103642336 407617.126314683 1598906785.09125 1800623577.96169 957381263.928071 1315666493.71776 270666071.813128 179458364.981156 0 0.000196320165612231
26 49382.8736853171 779170.610583557 1.49716333816818 69069940.6951732 80892905.7541307 41985704.2527335 58243857.4019814 12636990.9831168 7517810.34570481 27366.4101983524 407617.126314683 1606705466.19525 1809757189.04059 962121866.208865 1322242802.68188 272092913.385591 180307200.305124 0 3.04390081176609e-05
27 49382.8736853171 779170.638918422 1.49764313505942 62062475.7341739 72685946.301723 37726060.3547843 52334748.6662569 11354909.7964908 6755093.71310394 27366.410172499 407617.126314683 1613712931.15625 1817964148.493 966381510.106815 1328151911.4176 273374994.572217 181069916.937725 0 4.58559339709793e-06
28 49382.8736853171 779170.650839864 1.49800504102621 55765950.1655921 65311620.447794 33898576.8260381 47025146.0568828 10202901.6141427 6069758.17372093 27366.4101685992 407617.126314683 1620009456.72483 1825338474.34693 970208993.635561 1333461514.02698 274527002.754565 181755252.477108 0 6.85771824323272e-07
29 49382.8736853171 779170.655854598 1.49827798201548 50108239.9707373 58685458.4304208 30459411.4728029 42254230.3373346 9167770.67298551 5453953.50083735 27366.4101680106 407617.126314683 1625667166.91968 1831964636.3643 973648158.988796 1338232429.74653 275562133.695722 182371057.149992 0 9.72351374307497e-08
30 49382.8736853171 779170.657969015 1.49848381266929 45024529.7375243 52731550.1363407 27369164.8009509 37967345.3202617 8237658.387796 4900624.96166162 27366.4101679253 407617.126314683 1630750877.15289 1837918544.65838 976738405.660648 1342519314.7636 276492245.980911 182924385.689168 0 1.189202281651e-08
31 49382.8736853171 779170.658871185 1.49863905011972 40456553.2561568 47381655.7065028 24592418.3950641 34115357.4928714 7401904.41110026 4403430.66114646 27366.4101679087 407617.126314683 1635318853.63426 1843268439.08822 979515152.066535 1346371302.59099 277327999.957607 183421579.989683 0 -4.714357637564e-09
32 49382.8736853171 779170.659186588 1.49875607652209 36352029.6852367 42574545.1885803 22097392.179426 30654180.5588589 6650943.47449513 3956680.17236532 37103.8877717066 407617.126314683 1639423377.20518 1848075549.60614 982010178.282173 1349832479.525 278078960.894212 183868330.478464 0 0
33 49382.8736853171 779170.659366364 1.49884429332932 32664004.1816254 38255226.2999322 19855543.6051737 27544219.4185242 5976184.75072084 3555262.76839454 37103.8877717066 407617.126314683 1643111402.70879 1852394868.49479 984252026.856425 1352942440.66533 278753719.617986 184269747.882435 0 0
34 49382.8736853171 779170.659442258 1.4989108105087 29350090.8807186 34374057.8259256 17841107.4789705 24749731.8049851 5369873.34982925 3194565.02567783 37103.8877717066 407617.126314683 1646425316.0097 1856276036.96879 986266462.982629 1355736928.27887 279360031.018878 184630445.625151 0 0
35 49382.8736853171 779170.659474298 1.498960961959 26372386.453139 30886648.3797976 16031043.4165129 22238755.3900696 4825074.50357311 2870461.41523889 37103.8877717066 407617.126314683 1649403020.43728 1859763446.41492 988076527.045086 1358247904.69379 279904829.865134 184954549.23559 0 0
36 49382.8736853171 779170.659487677 1.49899877561587 23696770.962403 27753037.5854636 14404610.8532672 19982518.2261675 4335545.65078403 2579238.20562075 37103.8877717066 407617.126314683 1652078635.92801 1862897057.20926 989702959.608332 1360504141.85769 280394358.717923 185245772.445209 0 0
37 49382.8736853171 779170.659492816 1.49902727822965 21292618.9282106 24937357.6824097 12943193.4078449 17955195.0977148 3895683.57370172 2317562.01401861 37103.8877717066 407617.126314683 1654482787.96221 1865712737.11231 991164377.053754 1362531464.98614 280834220.795006 185507448.636811 0 0
38 49382.8736853171 779170.65949552 1.49904876691177 19132378.9287795 22407341.1669547 11630043.3339029 16133553.0170272 3500447.48229319 2082434.04874929 37103.8877717066 407617.126314683 1656643027.96164 1868242753.62776 992477527.127696 1364353107.06683 281229456.886414 185742576.60208 0 0
39 49382.8736853171 779170.659496252 1.49906496988094 17191295.0846559 20133994.6013839 10450112.2178649 14496716.3629844 3145308.05711373 1871159.79458952 37103.8877717066 407617.126314683 1658584111.80576 1870516100.19334 993657458.243734 1365989943.72087 281584596.311593 185953850.85624 0 0
40 49382.8736853171 779170.659494183 1.4990771807476 15447141.4696125 18091287.5629472 9389889.53466136 13025942.920597 2826198.8572992 1681320.10514285 46841.3653755081 407617.126314683 1660328265.4208 1872558807.23177 994717680.926938 1367460717.16326 281903705.511408 186143690.545687 0 0
41 49382.8736853171 779170.659496007 1.49908638521596 13879981.6808287 16255871.0587513 8437256.49709961 11704421.1363685 2539472.33168416 1510745.03362965 46841.3653755081 407617.126314683 1661895425.20958 1874394223.73597 995670313.9645 1368782238.94749 282190432.037023 186314265.6172 0 0
42 49382.8736853171 779170.659496777 1.49909332492706 12471793.7656718 14606638.2498276 7581258.05924105 10516953.834383 2281831.19565209 1357473.00862554 46841.3653755081 407617.126314683 1663303613.12474 1876043456.54489 996526312.402358 1369969706.24947 282448073.173055 186467537.642204 0 0
43 49382.8736853171 779170.659497102 1.49909855684445 11206471.7734424 13124726.268496 6812103.8596641 9449959.52482877 2050328.71504174 1219751.00295868 46841.3653755081 407617.126314683 1664568935.11697 1877525368.52622 997295466.601935 1371036700.55903 282679575.653665 186605259.647871 0 0
44 49382.8736853171 779170.659497238 1.49910250144752 10069517.0444524 11793154.6642173 6120980.56464354 8491212.08069737 1842312.22459957 1096000.93254931 46841.3653755081 407617.126314683 1665705889.84596 1878856940.1305 997986589.896956 1371995448.00316 282887592.144108 186729009.71828 0 0
45 49382.8736853171 779170.65949729 1.49910547463281 9047915.83486441 10596682.0810104 5499977.47967937 7629737.54381406 1655400.73830078 984806.336675539 46841.3653755081 407617.126314683 1666727491.05555 1880053412.71371 998607592.98192 1372856922.54004 283074503.630406 186840204.314154 0 0
46 49382.8736853171 779170.659497317 1.49910771610854 8129960.66162456 9521597.02131529 4941977.95002857 6855663.4723225 1487452.26273552 884892.932540271 46841.3653755081 407617.126314683 1667645446.22879 1881128497.7734 999165592.511571 1373630996.61153 283242452.105972 186940117.71829 0 0
47 49382.8736853171 779170.659497325 1.49910940619557 7305131.96117175 8555579.24777327 4440587.42431182 6160119.1483125 1336542.14546411 795115.734597321 46841.3653755081 407617.126314683 1668470274.92924 1882094515.54694 999666983.037287 1374326540.93554 283393362.223243 187029894.916232 0 0
48 49382.8736853171 779170.659497304 1.49911067985568 6563985.21730759 7687567.59034362 3990064.84267115 5535140.39736674 1200942.42400623 714446.769159845 56578.8429793096 407617.126314683 1669211421.67311 1882962527.20437 1000117505.61893 1374951519.68649 283528961.944701 187110563.88167 0 0
49 49382.8736853171 779170.659497322 1.49911163991955 5898048.90762465 6907640.42383311 3585260.60122985 4973583.53095574 1079103.15418648 641963.96653794 56578.8429793096 407617.126314683 1669877357.98279 1883742454.37088 1000522309.86037 1375513076.5529 283650801.214521 187183046.684292 0 0
50 49382.8736853171 779170.65949733 1.49911236375331 5299664.7461827 6206828.56430199 3221519.44003935 4468990.62961762 969623.181039343 576833.772501034 56578.8429793096 407617.126314683 1670475742.14423 1884443266.23041 1000886051.02156 1376017669.45424 283760281.187668 187248176.878329 0 0
51 49382.8736853171 779170.659497333 1.49911290945469 4761988.89332817 5577116.68597295 2894681.17849493 4015590.56314939 871250.360156971 518311.279958805 56578.8429793096 407617.126314683 1671013417.99709 1885072978.10874 1001212889.28311 1376471069.52071 283858654.00855 187306699.370871 0 0
52 49382.8736853171 779170.659497335 1.49911332088371 4278860.40265854 5011289.24976081 2601000.74788842 3608188.05730993 782857.488832187 465725.910275482 56578.8429793096 407617.126314683 1671496546.48776 1885638805.54495 1001506569.71371 1376878472.02655 283947046.879875 187359284.740554 0 0
53 49382.8736853171 779170.659497335 1.49911363099131 3844749.31838577 4502869.71626389 2337116.64123269 3242119.92644835 703432.809986192 418475.764008033 56578.8429793096 407617.126314683 1671930657.57203 1886147225.07845 1001770453.82037 1377244540.15741 284026471.558721 187406534.886822 0 0
54 49382.8736853171 779170.659497336 1.49911386477934 3454680.75553272 4046031.63047809 2100004.76371545 2913191.05343721 632066.12193117 376019.357533142 56578.8429793096 407617.126314683 1672320726.13489 1886604063.16424 1002007565.69789 1377573469.03042 284097838.246776 187448991.293297 0 0
55 49382.8736853171 779170.659497336 1.49911404105633 3104184.61514338 3635539.72956812 1886947.86596804 2617631.98656505 567939.578298177 337870.14987742 56578.8429793096 407617.126314683 1672671222.27527 1887014555.06515 1002220622.59563 1377869028.09729 284161964.790409 187487140.500953 0 0
56 49382.8736853171 779170.659497336 1.4991141738994 2789247.61771636 3266693.76568078 1695506.38651793 2352058.49129159 510318.912105637 303591.321871021 56578.8429793096 407617.126314683 1672986159.2727 1887383401.02903 1002412064.07508 1378134601.59257 284219585.456602 187521419.328959 0 0
57 49382.8736853171 779170.659497336 1.4991142737271 2506271.46687603 2935279.5083323 1523493.02064299 2113436.271382 458545.781412095 272791.22253745 56578.8429793096 407617.126314683 1673269135.42354 1887714815.28638 1002584077.44096 1378373223.81247 284271358.587295 187552219.428293 0 0
58 49382.8736853171 779170.659497336 1.49911434917121 2252001.66659885 2637485.37700796 1368929.45033454 1899020.94338376 412024.745762702 245115.6213152 56578.8429793096 407617.126314683 1673523405.22382 1888012609.41771 1002738641.01127 1378587639.14047 284317879.622945 187579895.029515 0 0
59 49382.8736853171 779170.659497336 1.49911440617728 2023525.38130012 2369899.9349516 1230045.04350333 1706356.23212531 370222.874672087 220247.475142214 56578.8429793096 407617.126314683 1673751881.50912 1888280194.85976 1002877525.4181 1378780303.85173 284359681.494035 187604763.175688 0 0
60 49382.8736853171 779170.659497336 1.49911444915064 1818229.11219379 2129462.32082674 1105251.12661076 1533238.28092048 332662.00411895 197902.321805054 56578.8429793096 407617.126314683 1673957177.77822 1888520632.47389 1003002319.33499 1378953421.80294 284397242.364588 187627108.329025 0 0
61 49382.8736853171 779170.659497336 1.49911448154693 1633761.12632297 1913418.24658092 993118.146316907 1377683.96950579 298911.862586163 177824.190585117 56578.8429793096 407617.126314683 1674141645.76409 1888736676.54813 1003114452.31528 1379108976.11435 284430992.506121 187647186.460245 0 0
62 49382.8736853171 779170.659497336 1.49911450596926 1468008.29974902 1719292.87679521 892361.593096428 1237911.38684852 268585.834305853 159783.081791541 56578.8429793096 407617.126314683 1674307398.59067 1888930801.91792 1003215208.86851 1379248748.69701 284461318.534401 187665227.569038 0 0
63 49382.8736853171 779170.659497335 1.499114524387 1319072.04002673 1544862.6297177 801827.365178013 1112319.52755429 241336.554051278 143572.346080441 56578.8429793096 407617.126314683 1674456334.85039 1889105232.165 1003305743.09642 1379374340.5563 284488567.814656 187681438.304749 0 0
64 49382.8736853171 779170.659497338 1.49911453827489 1185245.9407977 1388129.00690842 720478.185390465 999469.448899108 216851.818835904 129006.252303852 56578.8429793096 407617.126314683 1674590160.94962 1889261965.78781 1003387092.27621 1379487190.63496 284513052.549871 187696004.398526 0 0
65 49382.8736853171 779170.659497354 1.49911454877115 1064996.94013258 1247296.52638319 647382.147840728 898068.382429687 194851.140656081 115917.936718776 56578.8429793096 407617.126314683 1674710409.95028 1889402798.26833 1003460188.31376 1379588591.70143 284535053.228051 187709092.714111 0 0
66 49382.8736853171 779170.659497412 1.49911455662274 956947.80365218 1120752.20730381 581702.069888289 806954.962695544 175082.541614388 104157.496389723 56578.8429793096 407617.126314683 1674818459.08677 1889529342.58741 1003525868.39171 1379679705.12116 284554821.827093 187720853.15444 0 0
67 49382.8736853171 779170.659497494 1.49911456251954 859860.74228642 1007046.38352633 522685.533834499 725085.412774822 157319.556635567 93590.2060891452 56578.8429793096 407617.126314683 1674915546.14813 1889643048.41119 1003584884.92777 1379761574.67108 284572584.812072 187731420.444741 0 0
68 49382.8736853171 779170.659497546 1.4991145669456 772623.77962884 904876.737403711 469656.6000149 651522.048421664 141358.73924666 84095.0344733275 56578.8429793096 407617.126314683 1675002783.11079 1889745218.05731 1003637913.86159 1379835138.03543 284588545.629461 187740915.616357 0 0
69 49382.8736853171 779170.65949745 1.49911457032134 694237.426682188 813072.693596754 422007.706746073 585422.041423898 127017.223597212 75563.1937157807 56578.8429793096 407617.126314683 1675081169.46374 1889837022.10112 1003685562.75486 1379901238.04243 284602887.14511 187749447.457114 0 0
70 49382.8736853171 779170.659497215 1.4991145729095 623803.680879837 730582.535016118 379192.983135395 526028.142927526 114130.71172746 67896.942122826 56578.8429793096 407617.126314683 1675151603.20954 1889919512.2597 1003728377.47847 1379960631.94093 284615773.65698 187757113.708707 0 0
71 49382.8736853171 779170.659497048 1.4991145748409 560515.817770894 656461.447111234 340722.043729112 472660.075182089 102551.605861739 61008.4730254259 56578.8429793096 407617.126314683 1675214891.07265 1889993633.3476 1003766848.41787 1380014000.00868 284627352.762846 187764002.177804 0 0
72 49382.8736853171 779170.659497268 1.49911457627852 503648.795778575 589860.280174599 306154.155830664 424706.440265657 92147.2528693839 54818.8704000228 56578.8429793096 407617.126314683 1675271758.09464 1890060234.51454 1003801416.30577 1380061953.64359 284637757.115838 187770191.78043 0 0
