"Time" "IECs" "pheme_e" "BiomassCD" "pro_L_e" "leu_L_e" "ile_L_e" "val_L_e" "trp_L_e" "cys_L_e" "Drug" "Damage" "pro_L_v" "leu_L_v" "ile_L_v" "val_L_v" "trp_L_v" "cys_L_v" "CD" "pheme_c"
0 457000 1e+05 0.4963 224235600.199112 195370466.451958 120509812.093413 157438605.791629 18978882.6152 31300034.1459915 0 0 0 0 0 0 0 0 45700000 1000
1 316685.405547449 163512.751733431 0.594123777894677 440418736.039031 483265238.20635 261126168.736595 356627044.907446 70682124.3749405 50400953.8490174 0 140314.594452551 286162309.216623 295673626.573767 165176999.212505 222995144.852866 39781323.848381 34779884.5667537 48532264.0535035 949.051129424426
2 213943.243050552 283595.14709486 0.697811933621973 530512278.605861 600618383.418086 318992015.406584 438339636.044334 91281776.5535281 58728095.2808668 0 243056.756949448 563488426.701644 605625135.186629 330969743.208754 450236172.927544 86168420.1544491 65905733.533713 52252903.1655347 1436.00949577904
3 139828.984984819 394604.373708691 0.803528930846592 584079125.808569 668582744.304314 352843903.822403 486004524.207253 102841709.466871 63971422.4682749 0 317171.015015181 774460764.698737 845901973.595781 458150711.953133 625219381.164623 122929281.266777 89122281.4435459 57057136.0201563 1764.54686569277
4 87596.9967374454 479540.761582116 0.907130714642658 623378124.006666 717659686.082366 377350299.227061 520528889.338337 110958355.477413 68019363.7880729 0 369403.003262554 920937645.884472 1014057870.93856 546732870.326306 747319985.363108 148865549.48022 105131423.610739 63165454.8192672 1921.27293282534
5 52017.4815510966 536182.842758307 1.0047945699254 654217228.398126 756242906.520357 396418106.795077 547560617.099593 117217865.369993 71338965.0981698 0 404982.518448903 1015773679.34293 1123449854.16059 604169960.535802 826598925.70633 165800772.976185 115474356.1322 70824622.687162 1955.21217792291
6 28898.1958152441 567160.004029307 1.09354969852901 677678714.819592 786341969.037869 410853708.478113 568347536.417669 122042414.50684 73993530.1214505 0 428101.804184755 1072818353.74785 1189503901.01849 638745098.230495 874387896.50899 176045962.519706 121697596.831487 80308690.2304921 1911.57929024209
7 14790.2291310536 576778.114269796 1.17156377578096 693767176.570664 808388135.475964 420727999.008388 583076192.011685 125548840.554551 75966566.7654242 0 442209.770868946 1104328178.05844 1226132768.01994 657851166.694939 900838724.549875 181732795.758022 125142019.394242 91917625.6696033 1822.47658309389
8 6850.61765464337 569813.963679763 1.23815231148682 702797450.358078 823022456.290293 426267942.184901 592123623.527023 127863012.122304 77288135.2748905 9737.47760380151 450149.382345356 1120074396.52472 1244519291.336 667401002.908622 914086436.777189 184588829.460893 126869261.691718 105972253.270462 1709.1684769702
9 6615.78123922307 732675.025446502 1.29357881382859 693439205.567665 812253533.11699 420593690.441225 584305836.323474 126191036.585046 76275330.427418 6410.99547183498 450384.218760776 1130102011.8786 1256264899.16104 673483080.135231 922535856.240044 186413616.570678 127972243.722711 369.981731153064 22.5113927600838
10 6615.77924781824 807200.407961474 1.33875777850176 683571872.828616 800695526.821001 414608828.541895 575991423.683301 124395394.302588 75189966.4076493 6388.49312223443 450384.220752181 1139969350.22201 1267822913.73928 679467945.449307 930850274.204969 188209260.148846 129057608.50718 0.0265395447882617 0.141405256228626
11 6615.77924767454 838984.638870228 1.3749590658992 673844942.713957 789301978.107251 408709125.437584 567795316.518159 122625302.004983 74120045.9243254 6388.35258664434 450384.220752325 1149696280.33707 1279216462.45363 685367648.553864 939046381.370495 189979352.446544 130127528.990559 1.96668041352488e-06 0.00088016346048467
12 6615.77924767453 852540.175833842 1.40357100161511 664256422.579519 778070554.630579 402893372.53959 559715836.389173 120880397.350018 73065349.9436024 6388.35171201467 450384.220752325 1159284800.47151 1290447885.9303 691183401.451858 947125861.49948 191724257.10151 131182224.971282 3.10985442448063e-08 5.53467371824318e-06
13 6615.77924767452 858321.539986142 1.42594015558786 654804342.912303 766998949.420466 397160375.27349 551751323.745084 119160321.928662 72025661.8275312 6388.35170647792 450384.220752325 1168736880.13872 1301519491.14041 696916398.717957 955090374.14357 193444332.522866 132221913.087353 3.7539655747236e-08 -1.93473453049058e-09
14 6615.77924767452 860787.299035609 1.44328046981253 645486762.221482 756084888.329766 391508956.061228 543900142.646624 117464722.431297 71000768.0204696 6388.3517064434 450384.220752325 1178054460.82954 1312433552.23111 702567817.93022 962941555.242029 195139932.020231 133246806.894414 4.53922986831395e-08 -3.62929900662939e-08
15 6615.77924767452 861838.584979146 1.4566340284706 636301766.647699 745326129.577204 385937954.084141 536160680.437366 115793250.57664 69990458.0061188 6388.35170645446 450384.220752325 1187239456.40333 1323192310.98367 708138819.907306 970681017.451287 196811403.874888 134257116.908765 5.48252703133717e-08 -2.50372971996238e-08
16 6615.77924767452 862287.211065595 1.46686524540855 627247469.561657 734720463.27718 380446225.039498 528531347.405478 114145563.038692 68994524.2633694 16125.8293102564 450384.220752325 1196293753.48937 1333797977.2837 713630548.951949 978310350.483175 198459091.412836 135253050.651515 0 0
17 6615.77924767452 862478.621614352 1.47467473461901 618322039.358357 724265743.996288 375032657.99861 521010600.203707 112521326.504697 68012765.3235478 16125.8293102564 450384.220752325 1205219183.69267 1344252696.56459 719044115.992837 985831097.684946 200083327.946831 136234809.591336 0 0
18 6615.77924767452 862560.033152021 1.48061510236716 609523588.711988 713959761.033075 369696108.236287 513596848.533325 110920197.521905 67044973.5889313 16125.8293102564 450384.220752325 1214017634.33904 1354558679.52781 724380665.75516 993244849.355328 201684456.929623 137202601.325953 0 0
19 6615.77924767452 862594.818357172 1.48512559120912 600850333.602101 703800424.691853 364435493.685435 506288589.142779 109341851.436925 66090952.8249421 16125.8293102564 450384.220752325 1222690889.44893 1364718015.86903 729641280.306012 1000553108.74587 203262803.014603 138156622.089942 0 0
20 6615.77924767452 862609.800808676 1.48854394592827 592300495.250672 693785651.417603 359249735.458667 499084323.197892 107785964.550373 65150507.3736471 16125.8293102564 450384.220752325 1231240727.80035 1374732789.14328 734827038.53278 1007757374.69076 204818689.901155 139097067.541237 0 0
21 6615.77924767452 862616.14877776 1.49113146891956 583872317.389802 683913384.02233 354137768.321724 491982570.831969 106252217.259226 64223444.05313 16125.8293102564 450384.220752325 1239668905.66123 1384605056.53855 739939005.669723 1014859127.05668 206352437.192302 140024130.861754 0 0
22 6615.77924767452 862618.801151195 1.49308806921444 575564068.883385 674181594.75593 349098542.28361 484981873.354871 104740294.533905 63309572.4458636 16125.8293102564 450384.220752325 1247977154.16764 1394336845.80495 744978231.707837 1021859824.53378 207864359.917623 140938002.469021 0 0
23 6615.77924767452 862619.949700993 1.49456659544362 567374043.157017 664588284.638419 344131022.250806 478080792.772644 103249885.814535 62408704.8360023 16125.8293102564 450384.220752325 1256167179.89401 1403930155.92246 749945751.740641 1028760905.11601 209354768.636993 141838870.078882 0 0
24 6615.77924767452 862620.405845944 1.49568316093584 559300557.975454 655131483.19926 339234187.892296 471277911.6 101780684.970444 61520656.1849037 25863.3069140579 450384.220752325 1264240665.07557 1413386957.36162 754842586.099151 1035563786.28865 210823969.481085 142726918.729981 0 0
25 6615.77924767452 862620.5927403 1.49652749100254 551341979.631144 645809276.810375 334407048.310705 464571853.24206 100332394.701958 60645246.7917623 25863.3069140579 450384.220752325 1272199243.41988 1422709163.7505 759669725.680743 1042269844.64659 212272259.749571 143602328.123122 0 0
26 6615.77924767452 862620.669710944 1.4971634270082 543496613.291282 636619680.245194 329648575.534181 457961189.598579 98904706.5859192 59782290.2322581 25863.3069140579 450384.220752325 1280044609.75974 1431898760.31569 764428198.457266 1048880508.29007 213699947.86561 144465284.682626 0 0
27 6615.77924767452 862620.703404157 1.49764201951876 535762917.277749 627560887.673454 324957834.484229 451444621.620532 97497340.070034 58931616.9284278 25863.3069140579 450384.220752325 1287778305.77327 1440957552.88743 769118939.507218 1055397076.26812 215107314.381495 145315957.986457 0 0
28 6615.77924767452 862620.724543226 1.49800417448718 528139245.10367 618630970.498138 320333826.512393 445020761.944925 96109995.5290656 58093045.7737956 25863.3069140579 450384.220752325 1295401977.94735 1449887470.06274 773742947.479054 1061820935.94372 216494658.922463 146154529.141089 0 0
29 6615.77924767452 862620.731333107 1.4982772917848 520624054.482603 609828122.176429 315775616.17121 438688311.010149 94742392.3000174 57266407.1234852 25863.3069140579 450384.220752325 1302917168.56842 1458690318.38445 778301157.820237 1068153386.8785 217862262.151512 146981167.791399 0 0
30 6615.77924767452 862620.728787161 1.4984831002147 513215802.213432 601150535.09412 311282267.458434 432445968.483872 93394249.5534422 56451531.2320103 25863.3069140579 450384.220752325 1310325420.83759 1467367905.46676 782794506.533013 1074395729.40478 219210404.898087 147796043.682874 0 0
31 6615.77924767452 862620.726956451 1.49863798870401 505912968.732615 592596429.324651 306852858.708789 426292453.951256 92065290.7614231 55648250.9539157 25863.3069140579 450384.220752325 1317628254.31841 1475922011.23623 787223915.282658 1080549243.93739 220539363.690106 148599323.960969 0 0
32 6615.77924767452 862620.730918462 1.498755354067 498714050.283337 584164043.456526 302486477.844297 420226500.316531 90755242.272528 54856400.8824186 35600.7845178594 450384.220752325 1324827172.76769 1484354397.10435 791590296.14715 1086615197.57212 221849412.179001 149391174.032466 0 0
33 6615.77924767452 862620.730243237 1.49884435793376 491617500.327464 575851565.966752 298182186.838703 414246804.435527 89463822.650044 54075810.904975 35600.7845178594 450384.220752325 1331923722.72356 1492666874.59412 795894587.152745 1092594893.45312 223140831.801485 150171764.00991 0 0
34 6615.77924767452 862620.730036283 1.49891120791694 484621849.464876 567657275.687227 293939094.452493 408352128.162117 88190764.4947194 53306319.3938906 35600.7845178594 450384.220752325 1338919373.58615 1500861164.87365 800137679.538954 1098489569.72653 224413889.95681 150941255.520994 0 0
35 6615.77924767452 862620.729989246 1.49896138248271 477725766.394518 559579613.210896 289756393.207784 402541349.715225 86935825.538365 52547779.9117743 35600.7845178594 450384.220752325 1345815456.65651 1508938827.34998 804320380.783663 1104300348.17343 225668828.913164 151699795.00311 0 0
36 6615.77924767452 862620.729927386 1.4989988323502 470927930.399493 551617031.528363 285633282.046328 396813356.232202 85698765.4388814 51800047.1854472 35600.7845178594 450384.220752325 1352613292.65153 1516901409.03251 808443491.945119 1110028341.65645 226905889.012648 152447527.729437 0 0
37 6615.77924767452 862620.729805477 1.49902647915035 464226994.574508 543767952.954696 281568944.025755 391167012.783527 84479339.0884433 51062973.061119 35600.7845178594 450384.220752325 1359314228.47652 1524750487.60618 812507829.965692 1115674685.10512 228125315.363086 153184601.853766 0 0
38 6615.77924767452 862620.729542686 1.49904808046505 457621260.157746 536030387.661111 277562348.791139 385600887.958291 83277237.3488983 50336370.6822953 35600.7845178594 450384.220752325 1365919962.89328 1532488052.89977 816514425.200308 1121240809.93036 229327417.102631 153911204.232589 0 0
39 6615.77924767452 862620.729238204 1.49906462659932 451109514.701349 528402915.458137 273612760.952968 380113960.123514 82092239.5807852 49620106.6849256 35600.7845178594 450384.220752325 1372431708.34968 1540115525.10274 820464013.038479 1126727737.76514 230512414.870744 154627468.229959 0 0
40 6615.77924767452 862620.728998435 1.49907737025104 444690426.549578 520883976.523266 269719372.818228 374705107.199259 80924103.4513705 48914034.5926052 45338.2621216609 450384.220752325 1378850796.50145 1547634464.03761 824357401.173219 1132136590.68939 231680551.000158 155333540.322279 0 0
41 6615.77924767452 862620.729440694 1.4990865931533 438362642.594689 513471985.906385 265881363.682559 369373189.029696 79772582.7241164 48218005.5693012 45338.2621216609 450384.220752325 1385178580.45634 1555046454.65449 828195410.308888 1137468508.85895 232832071.727412 156029569.345583 0 0
42 6615.77924767452 862620.729572853 1.49909351831636 432124797.27352 506165344.067839 262097905.286979 364117054.963809 78637428.8958662 47531869.408938 45338.2621216609 450384.220752325 1391416425.77751 1562353096.49304 831978868.704467 1142724642.92484 233967225.555662 156715705.505946 0 0
43 6615.77924767452 862620.729595648 1.49909871014328 425975746.716829 498962711.147082 258368303.837164 358935741.154344 77518433.8069942 46855500.2908182 45338.2621216609 450384.220752325 1397565476.3342 1569555729.41379 835708470.154282 1147905956.73431 235086220.644534 157392074.624066 0 0
44 6615.77924767452 862620.729646014 1.49910259193865 419914255.410827 491862639.936577 254691809.953355 353828206.532503 76415372.6205358 46188762.3137381 45338.2621216609 450384.220752325 1403626967.6402 1576655800.6243 839384964.038092 1153013491.35615 236189281.830993 158058812.601146 0 0
45 6615.77924767452 862620.729834483 1.4991053461412 413939324.637504 484863960.597316 251067817.880224 348793609.558384 75328063.5912705 45531545.6230114 45338.2621216609 450384.220752325 1409601898.41352 1583654479.96356 843008956.111223 1158048088.33027 237276590.860258 158716029.291873 0 0
46 6615.77924767452 862620.730326015 1.49910739134312 408049450.658028 477964911.738866 247495415.5507 343830683.151369 74256233.0710388 44883684.8138332 45338.2621216609 450384.220752325 1415491772.393 1590553528.82201 846581358.440747 1163011014.73728 238348421.38049 159363890.101051 0 0
47 6615.77924767452 862620.731290995 1.49910913511178 402243182.223129 471163793.453955 243973722.734359 338938204.459603 73199616.9636539 44245020.2550249 45338.2621216609 450384.220752325 1421298040.8279 1597354647.10692 850103051.257088 1167903493.42905 239405037.487875 160002554.659859 0 0
48 6615.77924767452 862620.733124921 1.49911060000333 396519457.323861 464459361.768322 240502095.287838 334115278.612962 72158022.0063045 43615435.1301692 55075.7397254624 450384.220752325 1427021765.72717 1604059078.79255 853574678.703609 1172726419.27569 240446632.445224 160632139.784715 0 0
49 6615.77924767452 862620.731163976 1.49911158653763 390877158.689444 457850307.977282 237079855.549654 329360964.176594 71131244.8797136 42994806.5442851 55075.7397254624 450384.220752325 1432664064.36159 1610668132.58359 856996918.441793 1177480733.71206 241473409.571815 161252768.370599 0 0
50 6615.77924767452 862620.73057489 1.49911232742397 385315026.259412 451335156.120778 233706239.251681 324674199.398177 70119056.2799486 42382995.89614 55075.7397254624 450384.220752325 1438226196.79162 1617183284.44009 860370534.739766 1182167498.49047 242485598.17158 161864579.018744 0 0
51 6615.77924767452 862620.730474084 1.4991128828156 379832071.066874 444912747.781682 230380646.552966 320054150.954297 69121276.2362833 41779894.4036287 55075.7397254624 450384.220752325 1443709151.98416 1623605692.77919 863696127.438481 1186787546.93436 243483378.215245 162467680.511256 0 0
52 6615.77924767452 862620.730238528 1.49911329817648 374427184.888082 438581784.85246 227102405.279347 315499885.03331 68137703.0758057 41185380.1669048 55075.7397254624 450384.220752325 1449114038.16295 1629936655.70841 866974368.7121 1191341812.85534 244466951.375723 163062194.747979 0 0
53 6615.77924767452 862620.729266372 1.49911359153375 369099495.82791 432341246.046904 223870986.597749 311010666.958826 67168178.1323358 40599357.281254 55075.7397254624 450384.220752325 1454441727.22312 1636177194.51397 870205787.393698 1195831030.92983 245436476.319193 163648217.63363 0 0
54 6615.77924767452 862620.726755626 1.49911380692177 363847676.325063 426189576.338494 220685585.298573 306585378.10097 66212459.8182404 40021679.7206426 55075.7397254624 450384.220752325 1459693546.72597 1642328864.22238 873391188.692874 1200256319.78768 246392194.633288 164225895.194242 0 0
55 6615.77924767452 862620.721936971 1.49911398909694 358670432.053137 420125259.630086 217545416.330274 302222927.83425 65270312.5939226 39452205.1147324 55075.7397254624 450384.220752325 1464870790.9979 1648393180.93078 876531357.661174 1204618770.0544 247334341.857606 164795369.800152 0 0
56 6615.77924767452 862620.714096159 1.49911415084492 353566703.647095 414147055.044346 214449837.153107 297922423.516358 64341543.6777064 38890816.937925 55075.7397254624 450384.220752325 1469974519.40394 1654371385.51653 879626936.83834 1208919274.37229 248263110.773822 165356757.976959 0 0
57 6615.77924767452 862620.702558131 1.49911428220135 348535598.937697 408253917.547166 211398306.637079 293683113.387527 63425990.7139579 38337417.0554405 55075.7397254624 450384.220752325 1475005624.11333 1660264523.01371 882678467.354368 1213158584.50113 249178663.737571 165910157.859444 0 0
58 6615.77924767452 862620.686621146 1.49911439155909 343576088.785792 402444641.666018 208390200.575438 289504130.274388 62523466.4214631 37791892.266398 55075.7397254624 450384.220752325 1479965134.26524 1666073798.89485 885686573.416009 1217337567.61426 250081188.030065 166455682.648486 0 0
59 6615.77924767452 862620.665766712 1.49911447559928 338687162.195374 396718043.180176 205424905.765848 285384622.291349 61633786.82067 37254131.3655846 55075.7397254624 450384.220752325 1484854060.85566 1671800397.3807 888651868.225599 1221457075.5973 250970867.630859 166993443.5493 0 0
60 6615.77924767452 862620.639492387 1.49911452997716 333867809.759717 391072939.730502 202501809.969923 281323738.89198 60756768.2212417 36724023.3226011 55075.7397254624 450384.220752325 1489673413.29131 1677445500.83037 891574964.021525 1225517958.99667 251847886.230287 167523551.592283 0 0
61 6615.77924767452 862620.607285704 1.49911455490022 329117022.582505 385508149.555722 199620301.258856 277320629.959929 59892227.0257247 36201457.1631915 55075.7397254624 450384.220752325 1494424200.46853 1683010291.00515 894456472.732591 1229521067.92872 252712427.425804 168046117.751693 0 0
62 6615.77924767452 862620.569029481 1.49911456184906 324433844.943602 380022553.181983 196779799.956945 273374490.186167 59039989.3135879 35686327.7622506 55075.7397254624 450384.220752325 1499107378.10743 1688495887.37889 897296974.034502 1233467207.70249 253564665.137941 168561247.152634 0 0
63 6615.77924767452 862620.524519752 1.4991145598293 319817309.448273 374615017.460501 193979719.307459 269484504.424412 58199879.0397741 35178528.7105178 55075.7397254624 450384.220752325 1503723913.60276 1693903423.10037 900097054.683988 1237357193.46424 254404775.411754 169069046.204366 0 0
64 6615.77924767452 862620.473655725 1.49911455545777 315266453.758291 369284415.165385 191219475.620604 265649861.789098 57371721.0794018 34677954.1549266 55075.7397254624 450384.220752325 1508274769.29274 1699234025.39549 902857298.370843 1241191836.09955 255232933.372127 169569620.759958 0 0
65 6615.77924767452 862620.416959297 1.49911455238729 310780365.007126 364029677.018953 188498515.212799 261869793.080505 56555349.3103756 34184503.6840842 55075.7397254624 450384.220752325 1512760858.04391 1704488763.54192 905578258.778648 1244971904.80815 256049305.141153 170063071.2308 0 0
66 6615.77924767452 862620.354690864 1.49911455551545 306358109.552424 358849709.407958 185816271.799244 258143511.592789 55750593.8298464 33698074.6013469 55075.7397254624 450384.220752325 1517183113.49861 1709668731.15291 908260502.192204 1248698186.29586 256854060.621682 170549500.313537 0 0
67 6615.77924767452 862620.33691731 1.49911456489028 301998766.953027 353743434.182246 183172187.102092 254470241.743695 54957287.1372988 33218565.6621451 55075.7397254624 450384.220752325 1521542456.09801 1714775006.37863 910904586.889355 1252371456.14496 257647367.31423 171029009.252739 0 0
68 6615.77924767452 862620.502006202 1.49911456986539 297701456.423654 348709819.642209 180565726.896099 250849241.365811 54175268.9487358 32745879.9838861 55075.7397254624 450384.220752325 1525839766.62738 1719808620.91866 913511047.095348 1255992456.52284 258429385.502793 171501694.930998 0 0
69 6615.77924767452 862620.730378 1.49911457218325 293465295.527282 343747832.153485 177996355.954179 247279766.899935 53404378.6795782 32279920.5022918 55075.7397254624 450384.220752325 1530075927.52375 1724770608.40739 916080418.037268 1259561930.98872 259200275.77195 171967654.412592 0 0
70 6615.77924767452 862620.843759099 1.49911457388308 289289413.597925 338856451.869604 175463546.188769 243761084.705376 52644457.8873227 31820591.4478481 55075.7397254624 450384.220752325 1534251809.45311 1729661988.69127 918613227.802678 1263080613.18328 259960196.564206 172426983.467036 0 0
71 6615.77924767452 862620.754582795 1.49911457564913 285172940.362367 334034659.404167 172966769.750534 240292461.472398 51895348.2009419 31367797.0942436 55075.7397254624 450384.220752325 1538368282.68866 1734483781.1567 921110004.240913 1266549236.41625 260709306.250587 172879777.820641 0 0
72 6615.77924767452 862620.644153696 1.4991145769783 281115046.251189 329281483.048783 170505523.47833 236873198.189106 51156898.6566247 30921446.1924097 55075.7397254624 450384.220752325 1542426176.79984 1739236957.51209 923571250.513117 1269968499.69955 261447755.794904 173326128.722475 0 0
