"Time" "IECs" "pheme_e" "BiomassCD" "pro_L_e" "leu_L_e" "ile_L_e" "val_L_e" "trp_L_e" "cys_L_e" "Drug" "Damage" "pro_L_v" "leu_L_v" "ile_L_v" "val_L_v" "trp_L_v" "cys_L_v" "CD" "pheme_c"
0 457000 1e+05 0.4963 224235600.199112 195370466.451958 120509812.093413 157438605.791629 18978882.6152 31300034.1459915 0 0 0 0 0 0 0 0 45700000 1000
1 346919.841178292 146768.75931005 0.594123777913932 358979068.003211 389683006.61665 211800812.813179 288670983.632312 56192120.1547945 41554855.8168857 0 110080.158821708 259328947.581394 263510840.37479 148595591.76743 199970259.765561 34558574.3023959 32015959.3166414 48532264.0530136 853.968408750222
2 258372.323251838 243347.155561192 0.697812004169342 420581991.169288 474625230.005123 252519612.855452 346780486.44852 71853999.7153427 46726659.6462663 0 198627.676748162 514427147.841897 546837744.042439 300662096.705728 408149420.288987 76628775.5152611 60846402.3710192 52252899.7660903 1232.56892898696
3 187699.832456407 339240.149759431 0.803529047883433 461334095.651752 527859602.642682 278661290.514873 383776984.845049 81171689.2097103 50534119.2560402 0 269300.167543594 726094539.884236 787530260.623081 428175031.715855 583532987.215804 113388208.937725 84177179.2266911 57057131.0958114 1516.66522481795
4 132084.321706273 419552.313356561 0.907130884692935 495268391.740299 570558024.92606 299948303.174967 413765441.070752 88323632.8794437 53953578.0963229 0 324915.678293727 890344793.189914 976136747.549509 527528559.871629 720477332.415607 142495722.208005 102114076.51446 63165448.6207374 1680.43603802355
5 89285.8270765739 480177.35709495 1.00479481903848 526005533.795747 608663226.604145 318984303.35647 440601659.129383 94532386.7713362 57202333.898267 0 367714.172923426 1011511230.06374 1116030485.03634 600961232.145257 821837902.977154 164189094.7042 115299942.65032 70824613.9271386 1750.50516636718
6 57407.6292064142 520636.64464401 1.09354997500943 553653021.662591 643079437.781554 335991483.643455 464728646.216903 100053622.30261 60233939.8571521 0 399592.370793586 1096194565.89373 1214195698.80093 652334537.342862 892842388.871277 179449162.292378 124509564.673576 80308675.6421718 1754.38341808329
7 34705.1564695634 542039.037440988 1.17156394135996 577061189.955735 672917462.612281 350339802.290707 485371178.936897 104798442.685667 62908519.1881484 0 422294.843530437 1151696372.92685 1278777258.08276 686023482.94013 939473418.803593 189502104.905961 130552734.873531 91917608.0683542 1712.42604070298
8 19464.6742878553 546509.756042018 1.23815220125236 594922643.07536 696967584.404178 361268270.720042 501554855.496034 108602228.134935 65085589.8747441 9737.47760380151 437535.325712145 1185359693.62433 1318112301.68459 706463221.080775 967816859.048014 195629704.405458 134228009.344711 105972222.275561 1639.08243854773
9 18770.4255749086 707774.638210127 1.29357872310444 573364017.955946 671912915.694783 348180225.106003 483451317.084786 104700474.09588 62742956.3959139 8106.61196652185 438229.574425092 1209203966.61941 1346054350.79113 720942851.476986 987921774.952358 199983753.362418 136837234.329313 162.012890644468 673.74158512405
10 18770.423917695 783041.32667363 1.33875770524767 550517311.366464 645139353.916965 334306366.284412 464187341.764464 100528498.022429 60242852.015367 7666.48407712011 438229.576082305 1232050678.65393 1372827919.4613 734816713.613728 1007185755.04528 204155730.515504 139337339.34623 0.00685011857126588 233.649154139736
11 18770.4239176149 815013.859741992 1.37495900762148 528580967.479024 619432626.025515 320985333.025035 445690969.449009 96522760.768442 57842368.1590319 7516.83741285808 438229.576082385 1253987022.54163 1398534647.35308 748137746.873265 1025682127.36097 208161467.769544 141737823.202596 7.22151195423529e-07 84.0024922879228
12 18770.4239176149 828595.470827666 1.40357095722496 507518716.326396 594750228.542107 308195100.08735 427931618.067584 92676639.2575862 55537535.8620258 7463.4181756505 438229.576082385 1275049273.69426 1423217044.83649 760927979.81095 1043441478.7424 212007589.2804 144042655.499602 -1.90302561371874e-08 30.5832550807138
13 18770.4239176149 834364.798576533 1.42594012660695 487295728.127044 571051345.197609 295914516.787332 410879919.708652 88983773.3163499 53324543.7176405 7444.02008704996 438229.576082385 1295272261.89361 1446915928.18099 773208563.110968 1060493177.10133 215700455.221636 146255647.643987 -1.67528564569599e-08 11.1851664801731
14 18770.4239176149 836815.550739397 1.44328044542532 467878560.951734 548296786.117016 284123275.226186 394507676.675402 85438056.2032235 51199732.1911939 7436.93240459994 438229.576082385 1314689429.06892 1469670487.26158 784999804.672114 1076865420.13458 219246172.334762 148380459.170434 -1.67528564569599e-08 4.09748403014931
15 18770.4239176149 837856.605147489 1.45663400654434 449235105.42492 526448923.016227 272801876.709791 378787814.858858 82033624.510773 49159587.5687311 7434.33686474931 438229.576082385 1333332884.59574 1491518350.36237 796321203.18851 1092585281.95112 222650604.027213 150420603.792896 -1.67528564569599e-08 1.50194417952465
16 18770.4239176149 838298.834103491 1.46686522719632 431334531.626376 505471626.977213 261931599.50426 363694338.966192 78764848.469488 47200736.1464949 17170.8631882779 438229.576082385 1351233458.39428 1512495646.40139 807191480.394041 1107678757.84379 225919380.068498 152379455.215133 0 0.55066390659406
17 18770.4239176149 838486.688207582 1.47467365718451 414147238.609512 485330209.289622 251494468.180503 349202289.955377 75626322.7294562 45319938.7067383 17170.3667689059 438229.576082385 1368420751.41114 1532637064.08898 817628611.717798 1122170806.8546 229057905.80853 154260252.65489 0 0.0542445345845343
18 18770.4239176149 838566.486779948 1.48061530226416 397644803.428761 465991361.71707 241473222.660672 335287702.055898 72612857.0523901 43514084.9398157 17170.3178679049 438229.576082385 1384923186.5919 1551975911.66153 827649857.23763 1136085394.75409 232071371.485596 156066106.421812 0 0.00534353359982141
19 18770.4239176149 838600.384383922 1.48512622112757 381799937.202978 447423105.008793 231851291.537278 321927565.722121 69719468.2884825 41780188.6362211 17170.3130507868 438229.576082385 1400768052.81768 1570544168.36981 837271788.361023 1149445531.08786 234964760.249504 157800002.725407 0 0.000526415459870413
20 18770.4239176149 838614.783785435 1.4885450364684 366586437.924289 429594733.597351 222612763.415964 309099787.842473 66941371.758955 40115382.5224823 17170.312576177 438229.576082385 1415981552.09637 1588372539.78125 846510316.482337 1162273308.96751 237742856.779031 159464808.839146 0 5.18057492727967e-05
21 18770.4239176149 838620.900015145 1.49113275985931 351979147.850688 412476765.667932 213742361.041792 296783155.81356 64273973.4756346 38516913.5986527 17170.312529532 438229.576082385 1430588842.16997 1605490507.71067 855380718.856509 1174589940.99642 240410255.062351 161063277.762975 0 5.1606707075672e-06
22 18770.4239176149 838623.501210498 1.49308982952049 337953853.69415 396040826.19096 205225380.687616 284957253.380395 61712851.9145707 36982132.2159436 17170.3125248608 438229.576082385 1444614136.32651 1621926447.18764 863897699.210685 1186415843.42959 242971376.623415 162598059.145684 0 4.89438932029536e-07
23 18770.4239176149 838624.591809401 1.49456736030678 324487585.6822 380259997.385889 197047873.761789 273602712.8003 59253812.6268712 35508524.8028914 17170.3125244332 438229.576082385 1458080404.33846 1637707275.99271 872075206.136513 1197770384.00968 245430415.911115 164071666.558737 0 6.19172547060307e-08
24 18770.4239176149 838625.078565919 1.49568380654767 311557811.812849 365107874.485955 189196157.512552 262700535.451631 56892741.1037446 34093625.6930521 26907.7901280284 438229.576082385 1471010178.20781 1652859398.89265 879926922.385749 1208672561.35835 247791487.434242 165486565.668576 0 0
25 18770.4239176149 838625.27406142 1.49652730571457 299143178.892074 350559434.144005 181657265.029412 252232716.664657 54625738.0953785 32735098.2163865 26907.7901280284 438229.576082385 1483424811.12859 1667407839.2346 887465814.868889 1219140380.14532 250058490.442608 166845093.145242 0 0
26 18770.4239176149 838625.353865048 1.49716231666395 287223474.202765 336590989.513165 174418921.966275 242182213.401437 52449112.611408 31430730.5047109 26907.7901280284 438229.576082385 1495344515.81789 1681376283.86544 894704157.932025 1229190883.40854 252235115.926579 168149460.856917 0 0
27 18770.4239176149 838625.392611351 1.49764192416298 275778609.879359 323179000.057387 167468929.794223 232532087.896845 50359196.460276 30178324.3522875 26907.7901280284 438229.576082385 1506789380.1413 1694788273.32122 901654150.104078 1238841008.91314 254325032.077711 169401867.009341 0 0
28 18770.4239176149 838625.414436292 1.4980041289513 264789746.315234 310301388.04834 160795848.000303 223266454.897617 48352549.3916618 28975818.1497714 26907.7901280284 438229.576082385 1517778243.70543 1707665885.33027 908327231.897998 1248106641.91236 256331679.146325 170604373.211857 0 0
29 18770.4239176149 838625.418133622 1.4982771811331 254238753.44806 297936907.257325 154388666.948425 214370027.42682 46425860.7232352 27821227.9329176 26907.7901280284 438229.576082385 1528329236.5726 1720030366.12128 914734412.949876 1257003069.38316 258258367.814751 171758963.42871 0 0
30 18770.4239176149 838625.414975759 1.49848280778799 244108233.132176 286065169.172995 148236821.465188 205828135.647888 44575953.4260173 26712649.83078 26907.7901280284 438229.576082385 1538459756.88848 1731902104.20561 920886258.433113 1265544961.16209 260108275.111969 172867541.530848 0 0
31 18770.4239176149 838625.415694598 1.49863817932676 234381372.163172 274666470.764024 142330101.587788 197626602.937304 42799757.2855909 25648243.9822604 26907.7901280284 438229.576082385 1548186617.85749 1743300802.61458 926792978.310513 1273746493.87268 261884471.252396 173931947.379368 0 0
32 18770.4239176149 838625.421411717 1.49875543056098 225042117.140517 263721999.396854 136658758.750852 189751893.325964 41094340.8332988 24626253.6712435 36645.2677318299 438229.576082385 1557525872.88014 1754245273.98175 932464321.147449 1281621203.48402 263589887.704688 174953937.690385 0 0
33 18770.4239176149 838625.419215068 1.49884386640606 216074904.222976 253213516.141897 131213341.678098 182190883.633285 39456861.9976012 23644975.7538592 36645.2677318299 438229.576082385 1566493085.79768 1764753757.23671 937909738.220203 1289182213.1767 265227366.540386 175935215.607769 0 0
34 18770.4239176149 838625.418330116 1.49891033519662 207465204.504952 243123994.888299 125985027.566797 174931323.319768 37884667.6937948 22702820.3387601 36645.2677318299 438229.576082385 1575102785.51571 1774843278.4903 943138052.331504 1296441773.49022 266799560.844192 176877371.022869 0 0
35 18770.4239176149 838625.417883755 1.49896050044287 199198519.369968 233436445.020374 120965012.007551 167960987.385213 36375110.3681921 21798200.8491234 36645.2677318299 438229.576082385 1583369470.65069 1784530828.35823 948158067.89075 1303412109.42477 268309118.169795 177781990.512505 0 0
36 18770.4239176149 838625.417616442 1.49899842936908 191261107.940102 224134763.89989 116144950.734207 161268289.742382 34925680.8357221 20929613.6271019 36645.2677318299 438229.576082385 1591306882.08056 1793832509.47871 952978129.164094 1310104807.0676 269758547.702265 178650577.734527 0 0
37 18770.4239176149 838625.417583668 1.4990270061662 183639988.249277 215203738.241026 111516960.33635 154842284.206294 33534008.4941819 20095638.062217 36645.2677318299 438229.576082385 1598928001.77138 1802763535.13758 957606119.561951 1316530812.60369 271150220.043805 179484553.299412 0 0
38 18770.4239176149 838625.417626182 1.49904854850297 176322545.503221 206628585.038672 107073380.371796 148672334.185332 32197789.7896324 19294893.7234288 36645.2677318299 438229.576082385 1606245444.51744 1811338688.33993 962049699.526505 1322700762.62465 272486438.748354 180285297.6382 0 0
39 18770.4239176149 838625.417591308 1.49906481303273 169296669.009027 198395112.03323 102806856.518246 142748228.138039 30914813.2207407 18526055.3432744 36645.2677318299 438229.576082385 1613271321.01163 1819572161.34538 966316223.380055 1328624868.67194 273769415.317246 181054136.018354 0 0
40 18770.4239176149 838625.417449577 1.49907714769508 162550728.692483 190489690.19177 98710326.313233 137060159.772913 29682955.0506718 17787850.2481696 46382.7453356314 438229.576082385 1620017261.32817 1827477583.18683 970412753.585068 1334312937.03707 275001273.487315 181792341.113459 0 0
41 18770.4239176149 838625.417537276 1.49908636636428 156073614.797362 182899300.230784 94777043.2618544 131598761.522204 28500186.5564703 17079062.7026845 46382.7453356314 438229.576082385 1626494375.22329 1835067973.14782 974346036.636447 1339774335.28778 276184041.981516 182501128.658944 0 0
42 18770.4239176149 838625.417572628 1.49909329487367 149854718.250297 175611509.606196 91000564.9131765 126355087.985898 27364570.4435428 16398531.7608804 46382.7453356314 438229.576082385 1632713271.77036 1842355763.7724 978122514.985125 1345018008.82408 277319658.094444 183181659.600748 0 0
43 18770.4239176149 838625.417590426 1.49909852334361 143883588.911662 168614072.02495 87374545.3301435 121320327.774356 26274198.4397619 15745113.8688632 46382.7453356314 438229.576082385 1638684401.10899 1849353201.35365 981748534.568158 1350052769.03563 278410030.098225 183835077.492765 0 0
44 18770.4239176149 838625.417601097 1.49910247636933 138150297.005237 161895350.996636 83892954.5708496 116486108.259992 25227257.2951747 15117722.4158635 46382.7453356314 438229.576082385 1644417693.01542 1856071922.38196 985230125.327452 1354886988.54999 279456971.242812 184462468.945765 0 0
45 18770.4239176149 838625.417602424 1.49910545458321 132645466.668706 155444359.15059 80550099.0623644 111844523.866513 24222034.9085685 14515331.4056513 46382.7453356314 438229.576082385 1649922523.35195 1862522914.22801 988572980.835937 1359528572.94347 280462193.629418 185064859.955977 0 0
46 18770.4239176149 838625.417600728 1.49910769960359 127359986.011331 149250418.458743 77340445.5307659 107387891.594215 23256867.3818769 13936943.728283 46382.7453356314 438229.576082385 1655208004.00932 1868716854.91986 991782634.367535 1363985205.21577 281427361.15611 185643247.633346 0 0
47 18770.4239176149 838625.417602106 1.49910939455117 122285107.345134 143303277.694376 74258681.8673865 103108835.533304 22330157.3231278 13381602.1283526 46382.7453356314 438229.576082385 1660282882.67552 1874663995.68423 994864398.030915 1368264261.27668 282354071.214859 186198589.233276 0 0
48 18770.4239176149 838625.41760774 1.49911067994723 117412430.089698 137593092.39863 71299706.7476065 99000272.4494968 21440370.7247351 12848387.3342723 56120.2229394329 438229.576082385 1665155559.93095 1880374180.97997 997823373.150695 1372372824.36049 283243857.813252 186731804.027356 0 0
49 18770.4239176149 838625.417604259 1.49911164060589 112733937.307531 132110467.695511 68458651.8172686 95055442.5900545 20586043.6351244 12336422.0563204 56120.2229394329 438229.576082385 1669834052.71312 1885856805.68309 1000664428.08103 1376317654.21993 284098184.902863 187243769.305308 0 0
50 18770.4239176149 838625.417602855 1.49911236263088 108241948.888563 126846403.429807 65730853.2635603 91267870.209702 19765773.6098782 11844865.8636424 56120.2229394329 438229.576082385 1674326041.13209 1891120869.94879 1003392226.63474 1380105226.60029 284918454.928109 187735325.497986 0 0
51 18770.4239176149 838625.417602149 1.49911290747332 103928927.479732 121792066.740164 63111733.9640887 87631199.9335774 18978184.2730558 11372893.9472164 56120.2229394329 438229.576082385 1678639062.54092 1896175206.63844 1006011345.93421 1383741896.87641 285706044.264931 188207297.414412 0 0
52 18770.4239176149 838625.417601726 1.49911331940927 99787698.5280382 116939049.922788 60596937.1099147 84139382.2939948 18221965.498668 10919721.1990617 56120.2229394329 438229.576082385 1682780291.49261 1901028223.45581 1008526142.78839 1387233714.51599 286462263.039319 188660470.162567 0 0
53 18770.4239176149 838625.417601672 1.49911362976083 95811490.2815775 112279417.307795 58182350.4965257 80786707.4586744 17495880.7151596 10484606.5895334 56120.2229394329 438229.576082385 1686756499.73907 1905687856.07081 1010940729.40178 1390586389.35131 287188347.822828 189095584.772095 0 0
54 18770.4239176149 838625.41760174 1.49911386370667 91993721.0758262 107805455.984601 55863977.3516026 77567625.8739569 16798728.0623251 10066829.8901594 56120.2229394329 438229.576082385 1690574268.94482 1910161817.394 1013259102.5467 1393805470.93603 287885500.475662 189513361.471469 0 0
55 18770.4239176149 838625.417601685 1.49911404033035 88328072.3534879 103509761.372299 53637980.6769508 74476809.8339652 16129353.7252677 9665699.66416884 56120.2229394329 438229.576082385 1694239917.66716 1914457512.0063 1015485099.22135 1396896286.97602 288554874.812719 189914491.697459 0 0
56 18770.4239176149 838625.417601462 1.49911417427637 84808476.2550577 99385222.6773138 51500675.7127627 71509143.0171675 15486649.6683461 9280551.90853277 56120.2229394329 438229.576082385 1697759513.76559 1918582050.70129 1017622404.18554 1399863953.79282 289197578.869641 190299639.453095 0 0
57 18770.4239176149 838625.417601149 1.49911427502743 81429122.1745238 95425030.5758867 49448533.9186246 68659726.0140394 14869554.832293 8910750.77135178 56120.2229394329 438229.576082385 1701138867.84612 1922542242.80271 1019674545.97968 1402713370.79595 289814673.705694 190669440.590277 0 0
58 18770.4239176149 838625.417601014 1.49911435095063 78184409.0969805 91622621.3595507 47478154.0301219 65923836.1389058 14277046.4307143 8555683.33618323 56120.2229394329 438229.576082385 1704383580.92367 1926344652.01905 1021644925.86818 1405449260.67108 290407182.107273 191024508.025445 0 0
59 18770.4239176149 838625.417601396 1.4991144064281 75069007.6542394 87971749.656764 45586299.7426431 63296979.7542343 13708151.2818981 8214766.41275776 56120.2229394329 438229.576082385 1707498982.36641 1929995523.72184 1023536780.15566 1408076117.05575 290976077.256089 191365424.948871 0 0
60 18770.4239176149 838625.417602278 1.4991144478506 72077745.3602746 84466353.9428042 43769830.0196169 60774795.5030082 13161924.8519662 7887433.97834769 56120.2229394329 438229.576082385 1710490244.66037 1933500919.4358 1025353249.87868 1410598301.30698 291522303.686021 191692757.383281 0 0
61 18770.4239176149 838625.417603515 1.49911447951017 69205677.6182397 81100639.7513593 42025742.2121343 58353114.1807015 12637464.2212754 7573144.94803172 56120.2229394329 438229.576082385 1713362312.40241 1936866633.62724 1027097337.68617 1413019982.62929 292046764.316712 192007046.413597 0 0
62 18770.4239176149 838625.417604347 1.49911450408299 66448049.7450795 77869035.1719898 40351148.9980671 56027926.715042 12133901.1498336 7271379.01906593 56120.2229394329 438229.576082385 1716119940.27557 1940098238.20661 1028771930.90023 1415345170.09494 292550327.388154 192308812.342562 0 0
63 18770.4239176149 838625.417603943 1.49911452311811 63800307.2529188 74766202.8986664 38743284.6255299 53795392.8351132 11650403.9547565 6981637.79597139 56120.2229394329 438229.576082385 1718767682.76773 1943201070.47993 1030379795.27277 1417577703.97487 293033824.583231 192598553.565657 0 0
64 18770.4239176149 838625.417602049 1.49911453764484 61258066.044245 71787005.3021476 37199486.8136488 51651815.9404116 11186172.0676895 6703441.52900684 56120.2229394329 438229.576082385 1721309923.9764 1946180268.07645 1031923593.08465 1419721280.86958 293498056.470298 192876749.832621 0 0
65 18770.4239176149 838625.417598082 1.49911454809731 58817123.2049216 68926517.0780795 35717203.3067112 49593652.201342 10740438.0056911 6436330.29524321 56120.2229394329 438229.576082385 1723750866.81573 1949040756.30052 1033405876.59159 1421779444.60864 293943790.532296 193143861.066385 0 0
66 18770.4239176149 838625.417590852 1.49911455542442 56473426.9821963 66179990.0648714 34293973.6430535 47617485.2451568 10312461.8889971 6179860.713271 56120.2229394329 438229.576082385 1726094563.03845 1951787283.31373 1034829106.25525 1423755611.56483 294371766.64899 193400330.648357 0 0
67 18770.4239176149 838625.417579488 1.49911455963681 54223110.0987227 63542892.2836788 32927449.3852873 45720054.2458036 9901537.52440516 5933609.58873817 56120.2229394329 438229.576082385 1728344879.92193 1954424381.09492 1036195630.51301 1425653042.56418 294782691.013582 193646581.77289 0 0
68 18770.4239176149 838625.417563337 1.49911456062966 52062466.3769438 61010880.5450227 31615379.9252548 43898234.2139808 9506988.13671579 5697171.35636727 56120.2229394329 438229.576082385 1730505523.6437 1956956392.83358 1037507699.97305 1427474862.59601 295177240.401271 193883020.005261 0 0
69 18770.4239176149 838625.417542 1.49911455848546 49987939.7991418 58579787.6284988 30355605.8406506 42149026.772748 9128164.3710173 5470156.88280191 56120.2229394329 438229.576082385 1732580050.22151 1959387485.7501 1038767474.05765 1429224070.03724 295556064.16697 194110034.478826 0 0
70 18770.4239176149 838625.417512341 1.49911455393772 47996104.7445428 56245599.1230663 29146046.8938337 40469543.4937705 8764440.68383614 5252191.30396228 56120.2229394329 438229.576082385 1734571885.2761 1961721674.25553 1039977033.00447 1430903553.31622 295919787.854151 194328000.057666 0 0
71 18770.4239176149 838625.417471019 1.49911454847086 46083663.981173 54004451.073748 27984700.8123646 38857004.2040846 8415214.97643515 5042913.80529493 56120.2229394329 438229.576082385 1736484326.03947 1963962822.30485 1041138379.08594 1432516092.6059 296269013.561552 194537277.556333 0 0
72 18770.4239176149 838625.417415165 1.4991145445416 44247440.7276868 51852620.6790579 26869638.4684826 37308730.2927589 8079907.14524514 4841976.75310237 56120.2229394329 438229.576082385 1738320549.29296 1966114652.69954 1042253441.42982 1434064366.51723 296604321.392742 194738214.608526 0 0
