"Time" "IECs" "pheme_e" "BiomassCD" "pro_L_e" "leu_L_e" "ile_L_e" "val_L_e" "trp_L_e" "cys_L_e" "Drug" "Damage" "pro_L_v" "leu_L_v" "ile_L_v" "val_L_v" "trp_L_v" "cys_L_v" "CD" "pheme_c"
0 457000 1e+05 0.4963 224235600.199112 195370466.451958 120509812.093413 157438605.791629 18978882.6152 31300034.1459915 0 0 0 0 0 0 0 0 45700000 1000
1 332543.981343873 154665.003034196 0.594123777910709 397359616.878738 433790118.335002 235047736.380359 320699009.668293 63022331.0137733 45723291.1397539 0 124456.018656127 272430376.937866 279192929.707787 156686208.5613 211201977.77302 37101377.9365267 33367854.1701902 48532264.0531219 898.789415495724
2 236707.364930543 262663.707578636 0.69781196061374 472775841.589494 534463204.771076 284084953.899255 390260573.128252 81084454.5121418 52422395.8262156 0 220292.635069457 539765438.375282 577104330.934754 316291473.824934 429840424.392589 81523713.5206081 63470010.1864475 52252901.8668243 1330.16924180836
3 163725.673669175 366355.348478938 0.803528804820608 519978175.741404 595128629.70838 314114053.259077 432636174.625825 91538214.8094694 56948674.3585607 0 293274.326330825 753155399.648457 819969759.953477 444892246.288302 606751892.373997 118652502.63482 86968701.0984674 57057143.2191452 1638.02290749413
4 109161.125839998 449625.116966604 0.907130679133908 556911823.054935 641392244.877113 337208891.531336 465164334.275507 99235296.1275818 60712720.9371174 0 347838.874160002 910503798.710976 1000640099.20629 540063041.613945 737933924.237024 146529417.001213 104157440.886315 63165461.1139565 1801.12885511082
5 69483.5650911731 509003.620320175 1.00479459966487 588191518.826214 680308634.8311 356564227.319914 492513978.455385 105562303.034433 64046139.7018429 0 387516.434908827 1019770071.38127 1126742684.40667 606263669.280347 829311161.766306 166069388.163685 116060205.449138 70824624.8761563 1855.83649609875
6 41745.8309037852 545297.630573256 1.09354976493735 614263395.791451 713164678.858821 372603592.217246 515406378.564325 110831349.88964 66941832.6417586 0 415254.169096215 1090978750.55771 1209247876.86429 649444545.358437 888994235.013772 178881694.067909 123815802.437179 80308686.4738847 1837.68645076637
7 23359.9898263551 561060.549319253 1.17156410827005 634374627.524055 739526139.024607 384937625.971868 533397109.590744 115024188.540134 69302699.4306083 0 433640.010173645 1134057348.36306 1259353129.73954 675580029.041424 925173830.857365 186671739.068338 128515098.622063 91917628.0527615 1772.66870239073
8 11988.3418055215 559729.448089938 1.23815288804333 647893128.139209 758953917.577067 393216800.640805 546074475.960463 118097286.236975 71059116.2468993 9737.47760380151 445011.658194479 1157912074.88532 1287220035.30573 690056440.111249 945252316.574327 191007047.397869 131125394.645772 105972266.813813 1678.83001892868
9 11479.0639945892 720771.756796855 1.2935792882534 633489555.940486 742323174.337802 384478234.246743 534019828.377416 115511469.696411 69499331.6714832 6296.09384939025 445520.936005411 1173912499.24406 1305968864.96066 699767430.567409 958740208.607642 193924512.577655 132880741.900586 9288.59404742127 139.009869650675
10 11478.949258872 796689.756502254 1.33875816157022 617931228.178239 724091980.107355 375035556.188184 520904469.630084 112674549.364987 67792452.0975301 6157.43952195278 445521.050741128 1189471184.55323 1324200536.37695 709210326.363239 971855889.283732 196761507.62264 134587665.533055 19.9462256324324 5.18814305892599
11 11478.9490038336 829018.704506955 1.37495937052106 602754692.008548 706308111.051769 365824594.801425 508110933.495404 109907235.976453 66127453.5543142 6152.42436318019 445521.050996167 1204647721.51672 1341984406.49324 718421288.2334 984649426.13358 199528821.177248 136252664.174205 0.04722920292114 0.185207781522738
12 11478.9490032285 842784.62287053 1.40357124230212 587950894.430542 688961017.047924 356839856.362562 495631608.976987 107207888.306007 64503347.6788547 6152.24571142052 445521.050996772 1219451519.09661 1359331500.49961 727406026.673409 997128750.653694 202228168.848088 137876770.049897 0.000112798317835437 0.00658608634129497
13 11478.949003227 848646.260074562 1.42594034832407 573510681.615327 672039971.767102 348075785.220504 483458779.614244 104574837.251449 62919130.2270238 6152.23935943196 445521.050996773 1233891731.91182 1376252545.78043 736170097.815471 1009301580.01644 204861219.902647 139460987.501729 3.8750331188758e-07 0.000234170827179743
14 11478.949003227 851142.172781806 1.44328061332363 559425123.840919 655534511.35898 339526961.737763 471584917.818644 102006454.553318 61373821.5303627 6152.23913364496 445521.050996773 1247977289.68623 1392758006.18856 744718921.298212 1021175441.81204 207429602.600778 141006296.19839 4.70266536317171e-08 8.38416657886704e-06
15 11478.949003227 852205.493451313 1.45663505134727 545685500.495513 639434417.008287 331188093.190248 460002672.277514 99501150.0815768 59866464.8615994 6152.23912555761 445521.050996773 1261716913.03164 1408858100.53925 753057789.845727 1032757687.35317 209934907.072519 142513652.867153 5.58377653132863e-08 2.96998920720316e-07
16 11478.949003227 852657.369239741 1.4668653987561 532283341.63357 623729763.63055 323054038.988534 448704902.985159 97057379.413072 58396130.9937404 15889.7167290715 445521.050996773 1275119071.89358 1424562753.91699 761191844.047441 1044055456.64553 212378677.741024 143983986.735012 6.7772415467773e-08 9.572060384616e-09
17 11478.949003227 852850.057231788 1.47467323438553 519210416.063072 608410905.912738 315119803.44777 437684671.200636 94673641.6593398 56961916.8931388 15889.7167290618 445521.050996773 1288191997.46408 1439881611.6348 769126079.588205 1055075688.43005 214762415.494756 145418200.835614 -4.60141015383606e-08 -9.41867454138039e-11
18 11478.949003227 852932.158862083 1.48061436126114 506458486.93189 593468191.909298 307380387.447861 426935033.411634 92348434.8998434 55562918.9051837 15889.7167290618 445521.050996773 1300943926.59526 1454824325.63824 776865495.588114 1065825326.21906 217087622.254253 146817198.823569 -4.60141015383606e-08 -9.51867454138048e-11
19 11478.949003227 852967.269747957 1.48512499276263 494019748.284198 578892474.599084 299831053.38881 416449409.343367 90080335.7843535 54198280.6483517 15889.7167290618 445521.050996773 1313382665.24295 1469400042.94846 784414829.647165 1076310950.28732 219355721.369742 148181837.080401 -4.60141015383606e-08 -9.61867454138051e-11
20 11478.949003227 852982.172821656 1.48854350291212 481886508.624177 564674741.085215 292467133.138824 406221315.208696 87867941.8334583 52867158.2983819 15889.7167290618 445521.050996773 1325515904.90297 1483617776.46233 791778749.897151 1086539044.42199 221568115.320638 149512959.43037 -4.60141015383606e-08 -9.71867454138055e-11
21 11478.949003227 852988.539900303 1.49113116430736 470051264.153248 550806198.414487 285284072.483541 396244425.445743 85709884.7927549 51568728.6230397 15889.7167290618 445521.050996773 1337351149.3739 1497486319.13305 798961810.552434 1096515934.18495 223726172.361341 150811389.105713 -4.60141015383606e-08 -9.81867454138059e-11
22 11478.949003227 852991.178023458 1.49308774597078 458506697.06519 537278271.579595 278277430.091305 386512571.280714 83604830.3219791 50302188.7950766 15889.7167290618 445521.050996773 1348895716.46196 1511014245.96795 805968452.94467 1106247788.34997 225831226.832117 152077928.933676 -4.60141015383606e-08 -9.91867454138063e-11
23 11478.949003227 852992.351764783 1.49456599362429 447245669.363073 524082596.273803 271442873.760524 377019735.515679 81551476.8675742 49066755.7138932 15889.7167290618 445521.050996773 1360156744.16408 1524209921.27374 812803009.27545 1115740624.11501 227884580.286522 153313362.014859 -4.60141015383606e-08 -1.00186745413807e-10
24 11478.949003227 852992.857283571 1.49568259888574 436261214.863888 511211009.521978 264776175.56712 367760045.788633 79548554.2048037 47861665.1283779 25627.1943328633 445521.050996773 1371141198.66326 1537081508.02556 819469707.468855 1125000313.84206 229887502.949292 154518452.600374 0 0
25 11478.949003227 852992.998941455 1.49652709144563 425546502.854786 498655507.092959 258273189.806724 358727743.936384 77594816.8107729 46686167.6496789 25627.1943328633 445521.050996773 1381855910.67236 1549637010.45458 825972693.229251 1134032615.69431 231841240.343323 155693950.079073 0 0
26 11478.949003227 852993.057148387 1.49716310533063 415094943.447577 486408366.953982 251929916.936554 349917274.806422 75689063.0749325 45539540.3095124 25627.1943328633 445521.050996773 1392307470.07957 1561884150.59356 832315966.099421 1142843084.82427 233746994.079163 156840577.41924 0 0
27 11478.949003227 852993.082655156 1.49764178755912 404900211.687824 474462177.521728 245742518.207739 341323306.580438 73830139.6951698 44421089.2051409 25627.1943328633 445521.050996773 1402502201.83932 1573830340.02581 838503364.828236 1151437053.05026 235605917.458926 157959028.523611 0 0
28 11478.949003227 852993.098680899 1.4980040014796 394955772.670301 462809281.192488 239707027.447824 332940330.455533 72016855.0866158 43330097.4003922 25627.1943328633 445521.050996773 1412446640.85685 1585483236.35505 844538855.588151 1159820029.17516 237419202.06748 159050020.32836 0 0
29 11478.949003227 852993.103746553 1.4982771595272 385255571.500577 451442582.839328 233819769.813078 324763242.268929 70248105.1903225 42265900.6204697 25627.1943328633 445521.050996773 1422146842.02657 1596849934.70821 850426113.222898 1167997117.36176 239187951.963773 160114217.108282 0 0
30 11478.949003227 852993.101743042 1.49848299770778 375793612.695735 440355056.953746 228077106.517874 316786987.940649 68522796.7805308 41227841.1085391 25627.1943328633 445521.050996773 1431608800.83141 1607937460.59379 856168776.518101 1175973371.69005 240913260.373565 161152276.620213 0 0
31 11478.949003227 852993.100352549 1.49863791704975 366564058.610304 429539862.981201 222475494.571479 309006646.444727 66839865.411809 40215278.4239122 25627.1943328633 445521.050996773 1440838354.91685 1618752654.56634 861770388.464496 1183753713.18597 242596191.742287 162164839.30484 0 0
32 11478.949003227 852993.103402534 1.49875529760323 357561177.22437 418990284.13921 217011455.089547 301417385.795569 65198265.8986555 39227583.713947 35364.6719366648 445521.050996773 1449841236.30278 1629302233.40833 867234427.946428 1191342973.83512 244237791.25544 163152534.014805 0 0
33 11478.949003227 852993.102877403 1.49884389569764 348779350.850771 408699737.620435 211681578.578701 294014470.38795 63596973.9031813 38264140.6693026 35364.6719366648 445521.050996773 1458623062.67638 1639592779.9271 872564304.457273 1198745889.24274 245839083.250914 164115977.059449 0 0
34 11478.949003227 852993.10266223 1.49891066645403 340213051.254178 398661745.437223 206482509.835779 286793240.022869 62034981.3982854 37324342.7942854 35364.6719366648 445521.050996773 1467189362.27297 1649630772.11032 877763373.200196 1205967119.60782 247401075.75581 165055774.934467 0 0
35 11478.949003227 852993.102582763 1.49896035039596 331857622.482281 388870851.7434 201411423.064665 279749769.819598 60511439.4103207 36407679.2902668 35364.6719366648 445521.050996773 1475544791.04487 1659421665.80414 882834459.971309 1213010589.81109 248924617.743775 165972438.438485 0 0
36 11478.949003227 852993.10249673 1.49899792255869 323707327.286932 379320333.630034 196464836.207887 272879223.385238 59025301.8004608 35513520.7310216 35364.6719366648 445521.050996773 1483695086.24022 1668972183.91751 887781046.828087 1219881136.24545 250410755.353635 166866596.99773 0 0
37 11478.949003227 852993.102348233 1.49902658242155 315757031.695073 370004175.106108 191639633.348409 266177272.87651 57575632.4320056 34641303.8748706 35364.6719366648 445521.050996773 1491645381.83208 1678288342.44143 892606249.687565 1226583086.75418 251860424.72209 167738813.853881 0 0
38 11478.949003227 852993.102139768 1.49904853338832 308001981.75237 360916805.486649 186932929.210611 259639910.798812 56161564.4614652 33790507.1715073 35364.6719366648 445521.050996773 1499400431.77478 1687375712.06089 897312953.825364 1233120448.83188 253274492.69263 168589610.557245 0 0
39 11478.949003227 852993.101996426 1.49906505228532 300437414.439962 352052643.464867 182341833.017418 253263122.016316 54782229.3925095 32960608.0761671 35364.6719366648 445521.050996773 1506964999.08719 1696239874.08267 901904050.018557 1239497237.61437 254653827.761586 169419509.652585 0 0
40 11478.949003227 852993.102021098 1.49907737989313 293058618.006498 343406167.809255 177863485.107094 247042934.610745 53436768.0770068 32151089.6685794 45102.1495404663 445521.050996773 1514343795.52065 1704886349.73829 906382397.92888 1245717425.01994 255999289.077089 170229028.060173 0 0
41 11478.949003227 852993.102294151 1.49908655443443 285861028.955919 334972031.013897 173495115.797182 240975501.64026 52124348.3999274 31361451.2933734 45102.1495404663 445521.050996773 1521541384.57123 1713320486.53365 910750767.238792 1251784857.99043 257311708.754168 171018666.435379 0 0
42 11478.949003227 852993.10240609 1.49909346877403 278840052.386867 326744848.772141 169233936.344684 235056949.688946 50844132.5197508 30591188.8497432 45102.1495404663 445521.050996773 1528562361.14028 1721547668.7754 915011946.69129 1257703409.94174 258591924.634345 171788928.879009 0 0
43 11478.949003227 852993.102447828 1.49909860488271 271991927.931183 318720214.68356 165077664.502482 229284108.836765 49595434.7650486 29839889.7924624 45102.1495404663 445521.050996773 1535410485.59596 1729572302.86398 919168218.533492 1263476250.79392 259840622.389047 172540227.93629 0 0
44 11478.949003227 852993.102496287 1.49910246338264 265312032.563522 310892711.485807 161023494.458534 223653081.959803 48377412.166128 29107046.935278 45102.1495404663 445521.050996773 1542090380.96363 1737399806.06174 923222388.57744 1269107277.67088 261058644.987968 173273070.793474 0 0
45 11478.949003227 852993.102588919 1.49910544972929 258795901.324767 303257107.138578 157068716.334539 218160105.181024 47189250.5753401 28392170.4331825 45102.1495404663 445521.050996773 1548606512.20238 1745035410.40897 927177166.701435 1274600254.44966 262246806.578756 173987947.29557 0 0
46 11478.949003227 852993.102678182 1.49910772135474 252439813.906161 295809042.18307 153211072.196282 212802042.349717 46030271.625751 27694852.1358158 45102.1495404663 445521.050996773 1554962599.62099 1752483475.36448 931034810.839692 1279958317.28097 263405785.528345 174685265.592937 0 0
47 11478.949003227 852993.102700817 1.49910942877428 246239853.757154 288543927.204287 149448185.006242 207575591.887011 44899761.16739 27014662.3633795 45102.1495404663 445521.050996773 1561162559.76999 1759748590.34326 934797698.029732 1285184767.74367 264536295.986706 175365455.365373 0 0
48 11478.949003227 852993.102612954 1.49911070100467 240192156.861611 281457234.347077 145777709.611149 202477496.499561 43797014.6294943 26351177.1995592 54839.6271442678 445521.050996773 1567210256.66554 1766835283.20047 938468173.424825 1290282863.13112 265639042.524601 176028940.529193 0 0
49 11478.949003227 852993.102544064 1.49911165780617 234293002.082961 274544603.182601 142197387.574369 197504619.338827 42721353.4941848 25703988.4031764 54839.6271442678 445521.050996773 1573109411.44419 1773747914.36495 942048495.461605 1295255740.29185 266714703.659911 176676129.325576 0 0
50 11478.949003227 852993.102515811 1.49911237894569 228538576.970824 267801566.280474 138704905.038982 192653746.580434 41672082.5932794 25072677.7151306 54839.6271442678 445521.050996773 1578863836.55633 1780490951.26707 945540977.996992 1300106613.05025 267763974.560816 177307440.013622 0 0
51 11478.949003227 852993.102505272 1.49911291466535 222925821.171986 261224537.517971 135298404.611773 187922298.403852 40648643.8971728 24456909.3879482 54839.6271442678 445521.050996773 1584476592.35517 1787067980.02958 948947478.424201 1304838061.22683 268787413.256922 177923208.340804 0 0
52 11478.949003227 852993.10249316 1.49911331702681 217450949.998516 254809081.996751 131975589.285441 183307084.387932 39650347.2999312 23856268.2083113 54839.6271442678 445521.050996773 1589951463.52864 1793483435.5508 952270293.750533 1309453275.24275 269785709.854164 178523849.520441 0 0
53 11478.949003227 852993.102469894 1.49911362846851 212110299.319428 248550906.087136 128734235.221248 178805015.738774 38676524.6781635 23270352.1890524 54839.6271442678 445521.050996773 1595292114.20772 1799741611.46041 955511647.814726 1313955343.89191 270759532.475932 179109765.5397 0 0
54 11478.949003227 852993.102447432 1.49911386537097 206900821.052655 242446438.045733 125572492.473599 174413522.980195 37726620.2398043 22698826.9289494 54839.6271442678 445521.050996773 1600501592.4745 1805846079.50181 958673390.562375 1318346836.65049 271709436.914291 179681290.799803 0 0
55 11478.949003227 852993.102441618 1.4991140434515 201819305.466597 236491916.708189 122488412.988374 170129900.368483 36800048.7173595 22141340.2924159 54839.6271442678 445521.050996773 1605583108.06055 1811800600.83936 961757470.0476 1322630459.2622 272636008.436736 180238777.436336 0 0
56 11478.949003227 852993.102463592 1.49911417614326 196862585.521233 230683630.936148 119480074.621875 165951478.148122 35896232.6277838 21597544.8275035 54839.6271442678 445521.050996773 1610539828.00592 1817608886.6114 964765808.414099 1326808881.48256 273539824.526312 180782572.901249 0 0
57 11478.949003227 852993.102499195 1.4991142749114 192027621.996713 225018019.370969 116545632.807173 161875694.313617 35014617.7949627 21067107.1052533 54839.6271442678 445521.050996773 1615374791.53044 1823274498.17658 967700250.228801 1330884665.31706 274421439.359133 181313010.623499 0 0
58 11478.949003227 852993.102534282 1.49911435057265 187311378.598452 219491524.081836 113683244.752748 157899989.325411 34154650.5761791 20549694.0176334 54839.6271442678 445521.050996773 1620091034.9287 1828800993.46571 970562638.283226 1334860370.30527 275281406.577916 181830423.711119 0 0
59 11478.949003227 852993.102531577 1.49911440777535 182710973.135441 214100767.716547 110891161.195804 154021933.550385 33315805.4282038 20044989.3631203 54839.6271442678 445521.050996773 1624691440.39171 1834191749.831 973354721.84017 1338738426.0803 276120251.725891 182335128.365632 0 0
60 11478.949003227 852993.102462048 1.49911445256492 178223548.320863 208842402.105636 108167647.988425 150239118.349182 32497561.3488767 19552679.6723972 54839.6271442678 445521.050996773 1629178865.20629 1839450115.44191 976078235.047549 1342521241.2815 276938495.805219 182827438.056355 0 0
61 11478.949003227 852993.102284413 1.49911448779396 173846324.697233 203713170.280072 105511018.218968 146549200.691121 31699411.5275602 19072460.0147052 54839.6271442678 445521.050996773 1633556088.82992 1844579347.26747 978734864.817006 1346211158.93956 277736645.626535 183307657.714047 0 0
62 11478.949003227 852993.101944125 1.49911451324905 169576610.387292 198709917.897354 102919638.130085 142949911.374013 30920865.123133 18604035.0676011 54839.6271442678 445521.050996773 1637825803.13986 1849582599.65019 981326244.905889 1349810448.25667 278515192.030962 183776082.661151 0 0
63 11478.949003227 852993.101360738 1.49911453153565 165411748.53857 193829531.657038 100391895.221712 139439010.720909 30161437.680948 18147113.3511663 54839.6271442678 445521.050996773 1641990664.98858 1854462985.89051 983853987.814261 1353321348.90977 279274619.473147 184233004.377586 0 0
64 11478.949003227 852993.100437528 1.49911454343454 161349163.982529 189068993.975938 97926226.5694989 136014327.91289 29420659.640735 17701412.3469237 54839.6271442678 445521.050996773 1646053249.54462 1859223523.57161 986319656.466475 1356746031.71779 280015397.51336 184678705.381829 0 0
65 11478.949003227 852993.099063497 1.49911454686853 157386373.672271 184425395.219026 95521125.1596659 132673769.787855 28698078.2398277 17266659.6429439 54839.6271442678 445521.050996773 1650016039.85488 1863867122.32852 988724757.876308 1360086589.84283 280737978.914268 185113458.085808 0 0
66 11478.949003227 852993.097075498 1.49911454396822 153520925.48749 179895861.991064 93175102.7484403 129415269.254242 27993246.3547635 16842586.2202153 54839.6271442678 445521.050996773 1653881488.03966 1868396655.55648 991070780.287534 1363345090.37644 281442810.799332 185537531.508537 0 0
67 11478.949003227 852993.094266998 1.49911453961466 149750410.456866 175477571.458811 90886697.2800829 126236795.594278 27305724.7299335 16428927.7935465 54839.6271442678 445521.050996773 1657652003.07029 1872814946.08874 993359185.755891 1366523564.0364 282130332.424162 185951189.935206 0 0
68 11478.949003227 852993.090415564 1.49911453686522 146072501.119902 171167796.303423 88654496.1694987 123136386.802288 26635088.9725395 16025429.0201952 54839.6271442678 445521.050996773 1661329912.40725 1877124721.24412 995591386.866475 1369623972.82839 282800968.181556 186354688.708557 0 0
69 11478.949003227 852993.085206619 1.49911453780486 142484924.82896 166963873.435785 86477120.09868 120112127.078813 25980924.6844468 15631840.5708687 54839.6271442678 445521.050996773 1664917488.69819 1881328644.11176 997768762.937294 1372648232.55187 283455132.469648 186748277.157884 0 0
70 11478.949003227 852993.078175941 1.49911454226496 138985456.568031 162863195.581537 84353218.6582634 117162140.776967 25342826.1527464 15247918.3418798 54839.6271442678 445521.050996773 1668416956.95912 1885429321.96601 999892664.37771 1375598218.85371 284093231.001349 187132199.386873 0 0
71 11478.949003227 852993.068843816 1.49911455081253 135571935.707826 158863230.914694 82281480.5165503 114284606.526664 24720399.4049046 14873425.2933267 54839.6271442678 445521.050996773 1671830477.81932 1889429286.63285 1001964402.51942 1378475753.10402 284715657.749191 187506692.435426 0 0
72 11478.949003227 852993.056579387 1.4991145630558 132242255.671946 154961510.948461 80260627.147686 111477748.523395 24113260.3244766 14508130.3153817 54839.6271442678 445521.050996773 1675160157.85521 1893331006.59909 1003985255.88829 1381282611.10729 285322796.829619 187871987.41337 0 0
