"Time" "IECs" "pheme_e" "BiomassCD" "pro_L_e" "leu_L_e" "ile_L_e" "val_L_e" "trp_L_e" "cys_L_e" "Drug" "Damage" "pro_L_v" "leu_L_v" "ile_L_v" "val_L_v" "trp_L_v" "cys_L_v" "CD" "pheme_c"
0 457000 1e+05 0.4963 224235600.199112 195370466.451958 120509812.093413 157438605.791629 18978882.6152 31300034.1459915 0 0 0 0 0 0 0 0 45700000 1000
1 395431.822325079 120908.811051249 0.594123778057107 233714209.296311 245680714.173064 135915946.600492 184116236.147746 33883407.1725628 27956112.0286486 0 61568.1776749205 210861345.346397 205751803.228889 118727969.046068 158541239.110687 25237623.9629116 26986102.3445124 48532264.0501676 707.403546969056
2 338743.490659185 175868.983613153 0.697811957325594 246193395.484708 274485033.376254 146995727.626399 201401977.059344 40937437.7789688 27725527.3349668 0 118256.509340814 401152482.139281 412714255.424151 231082178.827899 311743499.414118 55143862.2584493 48985006.3978974 52252902.0501031 892.121147016024
3 286417.828180839 237003.449094829 0.803528909556332 261755711.482053 298494216.106599 157879133.42742 217280480.530917 45729659.4667394 28771228.9782737 0 170582.171819162 572613899.821316 606327502.941252 334045252.369739 453168635.216657 84467214.4152457 68032359.1462757 57057137.2240703 1059.74045281355
4 238159.079137554 295345.233758977 0.907130614261666 280506819.592273 323129107.963513 169924392.68182 234360545.646106 50051908.2788064 30521245.3549993 0 218840.920862446 726159424.639006 782400748.355357 426880757.984966 581081714.384579 111608622.230801 84813702.4021712 63165470.9257213 1182.6320198766
5 193895.836632491 347488.407703741 1.00479459247908 302391152.680676 350232197.021739 183553968.675841 253497425.689842 54525331.3506681 32767300.7721677 0 263104.163367509 862047305.891469 939388484.87569 509290178.949555 694819696.200007 135993409.152568 99564732.1069471 70824638.5626423 1266.30124660683
6 153763.311309692 391584.79094769 1.09354964651883 327067856.620706 380199599.374196 198737093.172948 274772430.308888 59340706.1425303 35399348.7405012 0 303236.688690308 980065057.749328 1076332255.34075 580967754.481791 793864336.023008 157342521.613223 112343573.862569 80308738.2504328 1319.01282839067
7 118055.026284508 426227.986962067 1.17156467397769 353807724.323203 412590180.448438 215104431.436536 297752610.20962 64483067.6088197 38314787.4580429 0 338944.973715492 1079803604.30763 1192452431.68625 641590103.861615 877727105.181388 175479394.633383 123140116.594697 91917682.6537869 1346.08811258865
8 87139.0420880167 450283.809934054 1.23815267767167 381428189.636216 446306962.510632 231970175.358671 321557627.095949 69805046.4493046 41384082.9201746 9737.47760380151 369860.957911983 1161022029.96177 1287315227.89727 690976656.093386 946134242.456984 190311234.000947 131942559.064018 105972316.615678 1350.09568381266
9 83177.6462148744 589137.152391974 1.29357911513018 330023943.885269 386360770.170712 200714718.669524 278295267.935734 60433768.8051037 35819928.9113633 6889.7166555267 373822.353785126 1226306323.70667 1363736865.67359 730681174.059139 1001183178.56512 202264788.296521 139027889.088116 649104.085329295 882.082198158642
10 83123.7875578562 662438.595329585 1.33875802178397 275796837.135478 322879037.01647 167734842.02515 232568653.611372 50504148.066106 29934392.7977402 5938.5362873437 373876.212442144 1280722604.0981 1427442596.98237 763776204.169531 1047070243.76009 212229518.168723 144934106.926035 45543.6620854618 300.390082398511
11 83119.0661184815 693237.145942789 1.37495925936572 230364812.641964 269691307.026384 140103882.385223 194257664.625554 42184626.3402743 25003306.0324353 5671.36443705446 373880.933881519 1326171259.47425 1480649963.43881 791417287.307433 1085395319.11214 220552117.768115 149867006.724059 5391.5078429536 84.4304370211651
12 83118.4739255864 706077.024634073 1.40357115499619 192407151.5121 225253755.516253 117018692.415185 162249453.992613 35233785.6453061 20883462.7306547 5601.33396971621 373881.526074414 1364131011.76377 1525089977.87919 814503750.198743 1117405298.82586 227503344.518717 153987077.427911 726.92960206877 21.6594439683117
13 83118.3928335162 711421.240069504 1.42594028047597 160702639.543475 188136839.060051 97736558.2587877 135514274.835997 29428024.7033019 17442322.4687939 5583.91255646458 373881.607166484 1395835810.71227 1562207231.59731 833786059.0439 1144140720.50609 233309158.326443 157428248.829127 101.478164305416 5.26912229866702
14 83118.3814622276 713644.512676297 1.44328056426755 134222174.183693 157135786.116194 81631598.5042468 113184330.133702 24578895.9852382 14568189.1090703 5579.73929078892 373881.618537772 1422316316.39085 1593208331.83436 849891043.34103 1166470699.25019 238158294.457838 160302386.555426 14.3134162274361 1.24210492755203
15 83118.3798557321 714569.275795535 1.45663409781512 112105117.178718 131243036.576359 68180388.0157795 94533877.6536932 20528798.8487017 12167650.8133116 5578.7638023305 373881.620144268 1444433379.10125 1619101088.05561 863342257.302461 1185121156.54359 242208392.64172 162702925.468079 2.02683129848236 0.287355644945706
16 83118.3796280658 714953.906786853 1.46686529698121 93632493.4441717 109616876.294176 56945658.6337099 78956633.7595074 17146073.899276 10162671.5500091 15316.0168364189 373881.620371934 1462906003.64548 1640727249.28466 874576987.177393 1200698401.1204 245591117.739573 164707904.818805 0.287595915213422 0.0657288595455431
17 83118.3796262778 715113.881162855 1.47467371169062 78203778.6057437 91554262.9469022 47562181.8509456 65946199.6455826 14320752.5278201 8488071.68008774 15315.952172782 373881.620373722 1478334718.49027 1658789862.63937 883960463.964031 1213708835.23969 248416439.112195 166382504.689413 -7.30392750619749e-08 0.00108889234812759
18 83118.3796262778 715180.415960866 1.48061534194141 65317400.8146912 76467999.3193735 39724910.3683499 55079619.3131748 11960986.4063388 7089411.66215466 15315.9511020782 373881.620373722 1491221096.28133 1673876126.2669 891797735.446627 1224575415.5721 250776205.233676 167781164.707346 -7.30392750619749e-08 1.81885831589079e-05
19 83118.3796262778 715208.087927212 1.48512624374031 54554438.2855722 63867647.7884535 33179063.2214286 46003632.3419893 9990062.16720755 5921222.61725152 15315.9510841702 373881.620373722 1501984058.81044 1686476477.79782 898343582.593548 1233651402.54328 252747129.472807 168949353.752249 -7.30392750619749e-08 2.80570470396555e-07
20 83118.3796262778 715219.60079768 1.48854505563793 45564985.7135483 53343569.2950475 27711834.0722267 38423177.2209161 8343904.80832162 4945526.56833344 15315.9510838824 373881.620373722 1510973511.38247 1697000556.29122 903810811.74275 1241231857.66436 254393286.831693 169925049.801167 -7.30392750619749e-08 -7.27811880621004e-09
21 83118.3796262778 715224.384972409 1.49113280420359 38056795.5290728 44553625.5012788 23145483.017429 32091812.9606467 6968997.66853049 4130603.58622477 15315.9510838676 373881.620373722 1518481701.56694 1705790500.08499 908377162.797548 1247563221.92462 255768193.971484 170739972.783276 -7.30392750619749e-08 -2.20534346087227e-08
22 83118.3796262778 715226.376908684 1.49308955984058 31785803.4864252 37212086.9638004 19331574.4156222 26803729.6916123 5820647.46413141 3449963.457164 15315.9510838676 373881.620373722 1524752693.60959 1713132038.62247 912191071.399354 1252851305.19366 256916544.175883 171420612.912337 -7.30392750619749e-08 -2.20544346087229e-08
23 83118.3796262778 715227.201151819 1.49456808019043 26548139.1223517 31080279.6654152 16146117.7868042 22387011.3950315 4861521.23623109 2881478.51498971 15315.9510838676 373881.620373722 1529990357.97366 1719263845.92086 915376528.028173 1257268023.49024 257875670.403784 171989097.854511 -7.30392750619749e-08 -2.2055434608723e-08
24 83118.3796262778 715227.546409403 1.49568460897559 22173537.7460121 25958872.3390964 13485561.098926 18698080.4907038 4060439.9478927 2406668.59255135 25053.4286876691 373881.620373722 1534364959.35 1724385253.24717 918037084.716051 1260956954.39457 258676751.692122 172463907.776949 0 0
25 83118.3796262778 715227.691127043 1.49652738534262 18519829.8338952 21681425.1251511 11263439.3134503 15617050.9584376 3391369.3767359 2010102.91236215 25053.4286876691 373881.620373722 1538018667.26212 1728662700.46111 920259206.501527 1264037983.92684 259345822.263279 172860473.457138 0 0
26 83118.3796262778 715227.751374088 1.49716336804546 15468142.7803568 18108772.1931253 9407456.17324546 13043682.1612206 2832541.45479626 1678879.29481527 25053.4286876691 373881.620373722 1541070354.31565 1732235353.39314 922115189.641732 1266611352.72405 259904650.185219 173191697.074685 0 0
27 83118.3796262778 715227.776400181 1.49764317285457 12919303.6721665 15124810.4193976 7857296.43245198 10894345.4451448 2365795.54107717 1402233.72298939 25053.4286876691 373881.620373722 1543619193.42385 1735219315.16687 923665349.382525 1268760689.44013 260371396.098938 173468342.646511 0 0
28 83118.3796262778 715227.786822578 1.49800508178572 10790461.9373857 12632545.4747451 6562571.81010375 9099176.15078814 1975959.95770484 1171173.77214637 25053.4286876691 373881.620373722 1545748035.15863 1737711580.11152 924960074.004873 1270555858.73449 260761231.68231 173699402.597354 0 0
29 83118.3796262778 715227.79099528 1.49827802316685 9012408.23576137 10550953.0116378 5481190.38576432 7599812.73794053 1650361.02251136 978187.607801057 25053.4286876691 373881.620373722 1547526088.86025 1739793172.57463 926041455.429213 1272055222.14733 261086830.617503 173892388.761699 0 0
30 83118.3796262778 715227.792753228 1.4984838165139 7527373.83061986 8812402.35798002 4578018.21567861 6347541.08165987 1378420.06786075 817005.134230504 25053.4286876691 373881.620373722 1549011123.26539 1741531723.22829 926944627.599299 1273307493.80361 261358771.572154 174053571.23527 0 0
31 83118.3796262778 715227.793625684 1.49863902351729 6287016.88648658 7360299.04742651 3823654.63390895 5301596.39550898 1151284.68949694 682379.431503595 25053.4286876691 373881.620373722 1550251480.20953 1742983826.53884 927698991.181068 1274353438.48976 261585906.950518 174188196.937997 0 0
32 83118.3796262778 715227.79398471 1.49875604904118 5251045.433079 6147472.70397158 3193594.76291774 4428002.03074099 961576.582361475 569937.294923733 34790.9062914706 373881.620373722 1551287451.66293 1744196652.88229 928329051.052059 1275227032.85453 261775615.057653 174300639.074577 0 0
33 83118.3796262778 715227.794134311 1.49884428000708 4385789.53322523 5134505.45886006 2667361.13085861 3698365.441134 803130.07458452 476024.261173747 34790.9062914706 373881.620373722 1552152707.56278 1745209620.1274 928855284.684118 1275956669.44414 261934061.56543 174394552.108327 0 0
34 83118.3796262778 715227.79419659 1.49891080272096 3663101.62242286 4288444.56265054 2227834.87716762 3088950.88218427 670790.756587834 397585.25351213 34790.9062914706 373881.620373722 1552875395.47359 1746055681.02361 929294810.937809 1276566084.00309 262066400.883427 174472991.115989 0 0
35 83118.3796262778 715227.794222461 1.49896095601668 3059496.08244995 3581795.07194641 1860732.45615594 2579953.84705495 560257.918961771 332071.192924118 34790.9062914706 373881.620373722 1553479001.01356 1746762330.51431 929661913.358821 1277075081.03821 262176933.721053 174538505.176577 0 0
36 83118.3796262778 715227.794233235 1.49899876678702 2555352.5847271 2991587.19227115 1554121.12425918 2154829.27707143 467938.667921535 277352.530705826 34790.9062914706 373881.620373722 1553983144.51128 1747352538.39399 929968524.690718 1277500205.6082 262269252.972093 174593223.838795 0 0
37 83118.3796262778 715227.794237548 1.49902727174698 2134281.25680728 2498633.06955385 1298032.8453065 1799756.23135556 390831.673973068 231650.344986239 34790.9062914706 373881.620373722 1554404215.8392 1747845492.51671 930224612.96967 1277855278.65391 262346359.966042 174638926.024514 0 0
38 83118.3796262778 715227.794239366 1.49904875778099 1782601.54957351 2086916.69263181 1084147.34658826 1503198.43583703 326431.741563905 193479.77808203 34790.9062914706 373881.620373722 1554755895.54644 1748257208.89363 930438498.468388 1278151836.44943 262410759.898451 174677096.591419 0 0
39 83118.3796262778 715227.794240268 1.49906495890893 1488865.34615308 1743035.59015266 905502.081968495 1255502.13958062 272642.480320504 161598.275754132 34790.9062914706 373881.620373722 1555049631.74986 1748601089.99611 930617143.733008 1278399532.74569 262464549.159694 174708978.093747 0 0
40 83118.3796262778 715227.794240639 1.49907717251333 1243530.86965486 1455819.06977842 756293.908226131 1048621.13388574 227716.590713741 134970.193847604 44528.3838952721 373881.620373722 1555294966.22635 1748888306.51648 930766351.90675 1278606413.75138 262509475.049301 174735606.175653 0 0
41 83118.3796262778 715227.794240794 1.49908637978568 1038624.55461642 1215932.36633552 631673.441133386 875831.621651442 190193.945627158 112730.098538179 44528.3838952721 373881.620373722 1555499872.54139 1749128193.21992 930890972.373843 1278779203.26361 262546997.694388 174757846.270963 0 0
42 83118.3796262778 715227.794240858 1.49909332106955 867480.58986266 1015571.72097803 527586.649939484 731512.584016614 158853.895190151 94154.4968684963 44528.3838952721 373881.620373722 1555671016.50614 1749328553.86528 930995059.165037 1278923522.30125 262578337.744825 174776421.872632 0 0
43 83118.3796262778 715227.794240885 1.49909855392921 724537.220033022 848225.908522138 440650.971492294 610974.009374067 132677.965314141 78639.7277494228 44528.3838952721 373881.620373722 1555813959.87597 1749495899.67774 931081994.843484 1279044060.87589 262604513.674701 174791936.641751 0 0
44 83118.3796262778 715227.794240896 1.49910249879553 605148.040141354 708455.317334693 368040.542862369 510297.765424902 110815.301767569 65681.4802732204 44528.3838952721 373881.620373722 1555933349.05586 1749635670.26892 931154605.272114 1279144737.11984 262626376.338247 174804894.889227 0 0
45 83118.3796262778 715227.7942409 1.49910547265158 505431.668014831 591715.958744258 307394.774727452 426210.833803085 92555.1420456825 54858.477480027 44528.3838952721 373881.620373722 1556033065.42799 1749752409.62751 931215251.040249 1279228824.05146 262644636.497969 174815717.892021 0 0
46 83118.3796262778 715227.794240902 1.49910771417111 422148.333038106 494214.987749053 256743.294787003 355981.242171541 77304.2161805015 45819.0815628164 44528.3838952721 373881.620373722 1556116348.76297 1749849910.59851 931265902.520189 1279299053.64309 262659887.423834 174824757.287938 0 0
47 83118.3796262778 715227.794240903 1.49910940430879 352586.939097208 412778.486017789 214437.261403351 297322.828802822 64566.0655965009 38269.0359197047 44528.3838952721 373881.620373722 1556185910.15691 1749931347.10024 931308208.553573 1279357712.05646 262672625.574418 174832307.333581 0 0
48 83118.3796262778 715227.794240903 1.49911067843754 294487.842125808 344761.056477544 179102.398244623 248330.123892492 53926.9020592531 31963.0835931839 54265.8614990736 373881.620373722 1556244009.25388 1749999364.52978 931343543.416732 1279406704.76137 262683264.737956 174838613.285907 0 0
49 83118.3796262778 715227.794240903 1.499111638932 245962.77660742 287952.080144272 149590.294972095 207410.82669813 45040.94453809 26696.2762630995 54265.8614990736 373881.620373722 1556292534.3194 1750056173.50611 931373055.520005 1279447624.05856 262692150.695477 174843880.093237 0 0
50 83118.3796262778 715227.794240904 1.49911236303346 205433.169852917 240503.499780358 124940.891053607 173233.788372859 37619.1232561899 22297.2790096249 54265.8614990736 373881.620373722 1556333063.92615 1750103622.08648 931397704.923923 1279481801.09689 262699572.516759 174848279.090491 0 0
51 83118.3796262778 715227.794240904 1.49911290891121 171581.911485394 200873.355752559 104353.142800721 144688.341051022 31420.2476714109 18623.1354758033 54265.8614990736 373881.620373722 1556366915.18452 1750143252.2305 931418292.672176 1279510346.54421 262705771.392344 174851953.234024 0 0
52 83118.3796262778 715227.794240904 1.49911332042689 143308.659091483 167773.461729713 87157.8410409914 120846.608845235 26242.8220033877 15554.4168380686 54265.8614990736 373881.620373722 1556395188.43691 1750176352.12453 931435487.973935 1279534188.27642 262710948.818012 174855021.952662 0 0
53 83118.3796262778 715227.794240903 1.49911363064821 119694.239734839 140127.72903416 72795.9607358535 100933.489029649 21918.5264038164 12991.3580222875 54265.8614990736 373881.620373722 1556418802.85627 1750203997.85722 931449849.854241 1279554101.39623 262715273.113611 174857585.011478 0 0
54 83118.3796262778 715227.794240903 1.4991138644742 99971.4243939738 117037.951865283 60800.8865005791 84302.007262013 18306.86514289 10850.6856234464 54265.8614990736 373881.620373722 1556438525.67161 1750227087.63439 931461844.928476 1279570732.878 262718884.774872 174859725.683877 0 0
55 83118.3796262778 715227.794240903 1.49911404078214 83498.1824291193 97752.4959278959 50782.1464348722 70410.7641175993 15290.2689410761 9062.71500240983 54265.8614990736 373881.620373722 1556454998.91358 1750246373.09033 931471863.668541 1279584624.12114 262721901.371074 174861513.654498 0 0
56 83118.3796262778 715227.794240903 1.49911417369402 69739.3942836891 81644.8892347721 42414.2901050564 58808.5141228251 12770.7461810986 7569.36542146035 54265.8614990736 373881.620373722 1556468757.70172 1750262480.69702 931480231.524871 1279596226.37114 262724420.893834 174863007.004079 0 0
57 83118.3796262778 715227.794240903 1.4991142738897 58247.7809240091 68191.4959336585 35425.2901600626 49118.0842947753 10666.3906882647 6322.09016627652 54265.8614990736 373881.620373722 1556480249.31508 1750275934.09032 931487220.524816 1279605916.80097 262726525.249327 174864254.279334 0 0
58 83118.3796262778 715227.794240903 1.49911434942353 48649.734788283 56954.9284000504 29587.9249603248 41024.4259324976 8908.7870799623 5280.33866729142 54265.8614990736 373881.620373722 1556489847.36122 1750287170.65786 931493057.890016 1279614010.45933 262728282.852935 174865296.030833 0 0
59 83118.3796262778 715227.794240912 1.4991144063681 40633.2433273444 47569.9091565881 24712.4338847093 34264.4310094219 7440.79931261607 4410.24574650944 54265.8614990736 373881.620373722 1556497863.85268 1750296555.6771 931497933.381092 1279620770.45425 262729750.840703 174866166.123754 0 0
60 83118.3796262778 715227.79424092 1.49911444929445 33937.7166010195 39731.3618971218 20640.3306510435 28618.3541816952 6214.70790117036 3683.52752646663 54265.8614990736 373881.620373722 1556504559.3794 1750304394.22436 931502005.484325 1279626416.53108 262730976.932114 174866892.841974 0 0
61 83118.3796262778 715227.794240906 1.49911448165498 28345.4747787765 33184.4457840595 17239.2261616442 23902.6345291293 5190.65110187158 3076.55750166916 54265.8614990736 373881.620373722 1556510151.62123 1750310941.14047 931505406.588815 1279631132.25073 262732000.988913 174867499.811998 0 0
62 83118.3796262778 715227.794240906 1.49911450605054 23674.7197996774 27716.3272718731 14398.5539887933 19963.9688298653 4335.3378757553 2569.60369752384 54265.8614990736 373881.620373722 1556514822.37621 1750316409.25899 931508247.260988 1279635070.91643 262732856.302139 174868006.765803 0 0
63 83118.3796262778 715227.794240922 1.4991145244414 19773.6103641143 23149.2436166346 12025.9668874705 16674.3152317461 3620.96289533026 2146.18558255191 54265.8614990736 373881.620373722 1556518723.48564 1750320976.34264 931510619.848089 1279638360.57003 262733570.67712 174868430.183918 0 0
64 83118.3796262778 715227.794240885 1.4991145383053 16515.321025723 19334.7184854632 10044.3318207452 13926.7267770259 3024.30176065063 1792.53779274166 54265.8614990736 373881.620373722 1556521981.77498 1750324790.86777 931512601.483155 1279641108.15848 262734167.338255 174868783.831707 0 0
65 83118.3796262778 715227.79424086 1.49911454875719 13793.9325817045 16148.7507787055 8389.2305664439 11631.8859286422 2525.95844356703 1497.16408326089 54265.8614990736 373881.620373722 1556524703.16342 1750327976.83548 931514256.58441 1279643402.99933 262734665.681572 174869079.205417 0 0
66 83118.3796262778 715227.794240947 1.49911455663589 11520.9742553683 13487.7665144305 7006.85673254216 9715.18872747074 2109.73208880726 1250.46202430978 54265.8614990736 373881.620373722 1556526976.12175 1750330637.81974 931515638.958244 1279645319.69653 262735081.907926 174869325.907476 0 0
67 83118.3796262778 715227.794240963 1.49911456257454 9622.55249622953 11265.2574743424 5852.26954317944 8114.32362131219 1762.09123703826 1044.41136719454 54265.8614990736 373881.620373722 1556528874.54351 1750332860.32878 931516793.545433 1279646920.56164 262735429.548778 174869531.958133 0 0
68 83118.3796262778 715227.794240781 1.49911456705213 8036.95180982914 9408.97246152551 4887.93470496458 6777.24833815121 1471.73448647309 872.313643502523 54265.8614990736 373881.620373722 1556530460.1442 1750334716.6138 931517757.880271 1279648257.63692 262735719.905529 174869704.055857 0 0
69 83118.3796262778 715227.794240828 1.4991145704283 6712.62610939873 7858.56574760183 4082.50278189474 5660.49607127358 1229.22266722062 728.574150687144 54265.8614990736 373881.620373722 1556531784.4699 1750336267.02051 931518563.312194 1279649374.38919 262735962.417348 174869847.79535 0 0
70 83118.3796262778 715227.794241233 1.49911457297282 5606.52189858597 6563.63399917619 3409.78938417013 4727.76148458801 1026.67178086401 608.519953889854 54265.8614990736 373881.620373722 1556532890.57411 1750337561.95226 931519236.025592 1279650307.12378 262736164.968234 174869967.849546 0 0
71 83118.3796262778 715227.794240889 1.49911457489219 4682.68127885716 5482.0807989646 2847.92554152449 3948.72268319613 857.497181808098 508.248259336992 54265.8614990736 373881.620373722 1556533814.41473 1750338643.50546 931519797.889435 1279651086.16258 262736334.142834 174870068.121241 0 0
72 83118.3796262778 715227.794240166 1.49911457633865 3911.0709412948 4578.74573003042 2378.64551634531 3298.05374779834 716.199141110526 424.499315601874 54265.8614990736 373881.620373722 1556534586.02506 1750339546.84053 931520267.16946 1279651736.83151 262736475.440874 174870151.870185 0 0
