

--------------------------------------------------------------------
                      Generation ODE/SDE model
--------------------------------------------------------------------


-H CD196HemeSink.txt
Compiling general transition file

Enabling flux balance.
SAVING TIME: 0.006

#Computing p-semiflows and place bounds: 
/usr/local/GreatSPN/bin/PN2ODE /home/EpitCellDifficileHemeSink_unf -M -H CD196HemeSink.txt


 =========================================================
|	      	        PN to ODE        	          |
 =========================================================

 If you find any bug, send an email to beccuti@di.unito.it!
Transition EX_pro_L_e_in has function:  Call["FBA"]

Transition EX_biomass_e_out has function:  Call["FBA"]

Transition EX_val_L_e_in has function:  Call["FBA"]

Warning: it is not possible to open input file .bnd

Warning: it is not possible to open input file .pin

Transition EX_ile_L_e_in has function:  Call["FBA"]

Transition EX_leu_L_e_out has function:  Call["FBA"]

Transition EX_cys_L_e_in has function:  Call["FBA"]

Transition EX_trp_L_e_in has function:  Call["FBA"]

Transition Inflam has function:  Call["Heam"]

Transition EX_cys_L_e_out has function:  Call["FBA"]

Transition EX_trp_L_e_out has function:  Call["FBA"]

Transition EX_val_L_e_out has function:  Call["FBA"]

Transition EX_ile_L_e_out has function:  Call["FBA"]

Transition EX_leu_L_e_in has function:  Call["FBA"]

Transition EX_biomass_e_in has function:  Call["FBA"]

Transition Starv has function:  Call["Starvation"]

Transition DeathBac has function:  Call["DeathCD"]

Transition Dup has function:  Call["Duplication"]

Transition Death4Treat has function:  Call["DfourT"]

Transition sink_pheme_c_out has function:  Call["FBA"]

Transition Efflux has function:  Call["Efflux"]

Transition sink_pheme_c_in has function:  Call["FBA"]

Transition EX_pro_L_e_out has function:  Call["FBA"]



------------------------------------------------
               Start  encoding
------------------------------------------------

Opening file: /home/EpitCellDifficileHemeSink_unf.bnd
Opening file: /home/EpitCellDifficileHemeSink_unf.pin


START EXECUTION...

	Warning: no imlicit places are considered.

	Done.

------------------------------------------------
                 End encoding
------------------------------------------------


===================== INFO =====================
 Total Time: 0.000914 sec
 Total Used Memory: 3648KB
 Output saved in: EpitCellDifficileHemeSink_unf.cpp
================================================


/home/EpitCellDifficileHemeSink_unf
#cd /usr/local/GreatSPN/scripts/../inst_src
#Copying file form /usr/local/GreatSPN/scripts/../inst_src to /tmp/tmp.cuHuhnd6yg

#cat /tmp/tmp.cuHuhnd6yg/tmpB /tmp/tmp.cuHuhnd6yg/incl1  /home/gen_tran_out.cpp  /tmp/tmp.cuHuhnd6yg/tmpE >> /tmp/tmp.cuHuhnd6yg/tmpA
FuncT
#cat /tmp/tmp.cuHuhnd6yg/tmpA >>  /tmp/tmp.cuHuhnd6yg/class.cpp

#cd /tmp/tmp.cuHuhnd6yg

#Compiling ... 
g++ -D CGLPK -I./  -o  /home/EpitCellDifficileHemeSink_unf.solver  /home/EpitCellDifficileHemeSink_unf.cpp  ./class.cpp  ./lsode.cpp ./GLPKsolve.cpp ./general.cpp ./readSupport.cpp -O3 -std=c++11 -lm -Wall -lglpk
./class.cpp:4561:1: error: ‘Return’ does not name a type
 4561 | Return calculated rate
      | ^~~~~~
./class.cpp: In function ‘double SDE::EX_pro_L_e_in_general(double*, std::vector<FBGLPK::LPprob>&, std::map<std::__cxx11::basic_string<char>, int>&, std::map<std::__cxx11::basic_string<char>, int>&, const std::vector<std::__cxx11::basic_string<char> >&, const InfTr*, int, const double&)’:
./class.cpp:4941:18: error: ‘FBA’ was not declared in this scope
 4941 |    double rate = FBA(Value, vec_fluxb, NumTrans, NumPlaces, NameTrans, Trans, T, time);
      |                  ^~~
./class.cpp: In function ‘double SDE::EX_biomass_e_out_general(double*, std::vector<FBGLPK::LPprob>&, std::map<std::__cxx11::basic_string<char>, int>&, std::map<std::__cxx11::basic_string<char>, int>&, const std::vector<std::__cxx11::basic_string<char> >&, const InfTr*, int, const double&)’:
./class.cpp:4954:18: error: ‘FBA’ was not declared in this scope
 4954 |    double rate = FBA(Value, vec_fluxb, NumTrans, NumPlaces, NameTrans, Trans, T, time);
      |                  ^~~
./class.cpp: In function ‘double SDE::EX_val_L_e_in_general(double*, std::vector<FBGLPK::LPprob>&, std::map<std::__cxx11::basic_string<char>, int>&, std::map<std::__cxx11::basic_string<char>, int>&, const std::vector<std::__cxx11::basic_string<char> >&, const InfTr*, int, const double&)’:
./class.cpp:4967:18: error: ‘FBA’ was not declared in this scope
 4967 |    double rate = FBA(Value, vec_fluxb, NumTrans, NumPlaces, NameTrans, Trans, T, time);
      |                  ^~~
./class.cpp: In function ‘double SDE::EX_ile_L_e_in_general(double*, std::vector<FBGLPK::LPprob>&, std::map<std::__cxx11::basic_string<char>, int>&, std::map<std::__cxx11::basic_string<char>, int>&, const std::vector<std::__cxx11::basic_string<char> >&, const InfTr*, int, const double&)’:
./class.cpp:4980:18: error: ‘FBA’ was not declared in this scope
 4980 |    double rate = FBA(Value, vec_fluxb, NumTrans, NumPlaces, NameTrans, Trans, T, time);
      |                  ^~~
./class.cpp: In function ‘double SDE::EX_leu_L_e_out_general(double*, std::vector<FBGLPK::LPprob>&, std::map<std::__cxx11::basic_string<char>, int>&, std::map<std::__cxx11::basic_string<char>, int>&, const std::vector<std::__cxx11::basic_string<char> >&, const InfTr*, int, const double&)’:
./class.cpp:4993:18: error: ‘FBA’ was not declared in this scope
 4993 |    double rate = FBA(Value, vec_fluxb, NumTrans, NumPlaces, NameTrans, Trans, T, time);
      |                  ^~~
./class.cpp: In function ‘double SDE::EX_cys_L_e_in_general(double*, std::vector<FBGLPK::LPprob>&, std::map<std::__cxx11::basic_string<char>, int>&, std::map<std::__cxx11::basic_string<char>, int>&, const std::vector<std::__cxx11::basic_string<char> >&, const InfTr*, int, const double&)’:
./class.cpp:5006:18: error: ‘FBA’ was not declared in this scope
 5006 |    double rate = FBA(Value, vec_fluxb, NumTrans, NumPlaces, NameTrans, Trans, T, time);
      |                  ^~~
./class.cpp: In function ‘double SDE::EX_trp_L_e_in_general(double*, std::vector<FBGLPK::LPprob>&, std::map<std::__cxx11::basic_string<char>, int>&, std::map<std::__cxx11::basic_string<char>, int>&, const std::vector<std::__cxx11::basic_string<char> >&, const InfTr*, int, const double&)’:
./class.cpp:5019:18: error: ‘FBA’ was not declared in this scope
 5019 |    double rate = FBA(Value, vec_fluxb, NumTrans, NumPlaces, NameTrans, Trans, T, time);
      |                  ^~~
./class.cpp: In function ‘double SDE::EX_cys_L_e_out_general(double*, std::vector<FBGLPK::LPprob>&, std::map<std::__cxx11::basic_string<char>, int>&, std::map<std::__cxx11::basic_string<char>, int>&, const std::vector<std::__cxx11::basic_string<char> >&, const InfTr*, int, const double&)’:
./class.cpp:5045:18: error: ‘FBA’ was not declared in this scope
 5045 |    double rate = FBA(Value, vec_fluxb, NumTrans, NumPlaces, NameTrans, Trans, T, time);
      |                  ^~~
./class.cpp: In function ‘double SDE::EX_trp_L_e_out_general(double*, std::vector<FBGLPK::LPprob>&, std::map<std::__cxx11::basic_string<char>, int>&, std::map<std::__cxx11::basic_string<char>, int>&, const std::vector<std::__cxx11::basic_string<char> >&, const InfTr*, int, const double&)’:
./class.cpp:5058:18: error: ‘FBA’ was not declared in this scope
 5058 |    double rate = FBA(Value, vec_fluxb, NumTrans, NumPlaces, NameTrans, Trans, T, time);
      |                  ^~~
./class.cpp: In function ‘double SDE::EX_val_L_e_out_general(double*, std::vector<FBGLPK::LPprob>&, std::map<std::__cxx11::basic_string<char>, int>&, std::map<std::__cxx11::basic_string<char>, int>&, const std::vector<std::__cxx11::basic_string<char> >&, const InfTr*, int, const double&)’:
./class.cpp:5071:18: error: ‘FBA’ was not declared in this scope
 5071 |    double rate = FBA(Value, vec_fluxb, NumTrans, NumPlaces, NameTrans, Trans, T, time);
      |                  ^~~
./class.cpp: In function ‘double SDE::EX_ile_L_e_out_general(double*, std::vector<FBGLPK::LPprob>&, std::map<std::__cxx11::basic_string<char>, int>&, std::map<std::__cxx11::basic_string<char>, int>&, const std::vector<std::__cxx11::basic_string<char> >&, const InfTr*, int, const double&)’:
./class.cpp:5084:18: error: ‘FBA’ was not declared in this scope
 5084 |    double rate = FBA(Value, vec_fluxb, NumTrans, NumPlaces, NameTrans, Trans, T, time);
      |                  ^~~
./class.cpp: In function ‘double SDE::EX_leu_L_e_in_general(double*, std::vector<FBGLPK::LPprob>&, std::map<std::__cxx11::basic_string<char>, int>&, std::map<std::__cxx11::basic_string<char>, int>&, const std::vector<std::__cxx11::basic_string<char> >&, const InfTr*, int, const double&)’:
./class.cpp:5097:18: error: ‘FBA’ was not declared in this scope
 5097 |    double rate = FBA(Value, vec_fluxb, NumTrans, NumPlaces, NameTrans, Trans, T, time);
      |                  ^~~
./class.cpp: In function ‘double SDE::EX_biomass_e_in_general(double*, std::vector<FBGLPK::LPprob>&, std::map<std::__cxx11::basic_string<char>, int>&, std::map<std::__cxx11::basic_string<char>, int>&, const std::vector<std::__cxx11::basic_string<char> >&, const InfTr*, int, const double&)’:
./class.cpp:5110:18: error: ‘FBA’ was not declared in this scope
 5110 |    double rate = FBA(Value, vec_fluxb, NumTrans, NumPlaces, NameTrans, Trans, T, time);
      |                  ^~~
./class.cpp: In function ‘double SDE::sink_pheme_c_out_general(double*, std::vector<FBGLPK::LPprob>&, std::map<std::__cxx11::basic_string<char>, int>&, std::map<std::__cxx11::basic_string<char>, int>&, const std::vector<std::__cxx11::basic_string<char> >&, const InfTr*, int, const double&)’:
./class.cpp:5175:18: error: ‘FBA’ was not declared in this scope
 5175 |    double rate = FBA(Value, vec_fluxb, NumTrans, NumPlaces, NameTrans, Trans, T, time);
      |                  ^~~
./class.cpp: In function ‘double SDE::sink_pheme_c_in_general(double*, std::vector<FBGLPK::LPprob>&, std::map<std::__cxx11::basic_string<char>, int>&, std::map<std::__cxx11::basic_string<char>, int>&, const std::vector<std::__cxx11::basic_string<char> >&, const InfTr*, int, const double&)’:
./class.cpp:5201:18: error: ‘FBA’ was not declared in this scope
 5201 |    double rate = FBA(Value, vec_fluxb, NumTrans, NumPlaces, NameTrans, Trans, T, time);
      |                  ^~~
./class.cpp: In function ‘double SDE::EX_pro_L_e_out_general(double*, std::vector<FBGLPK::LPprob>&, std::map<std::__cxx11::basic_string<char>, int>&, std::map<std::__cxx11::basic_string<char>, int>&, const std::vector<std::__cxx11::basic_string<char> >&, const InfTr*, int, const double&)’:
./class.cpp:5214:18: error: ‘FBA’ was not declared in this scope
 5214 |    double rate = FBA(Value, vec_fluxb, NumTrans, NumPlaces, NameTrans, Trans, T, time);
      |                  ^~~
./class.cpp: At global scope:
./class.cpp:4321:13: warning: ‘SDE::FlagPrev’ defined but not used [-Wunused-variable]
 4321 | static bool FlagPrev = 0;
      |             ^~~~~~~~
./class.cpp:4315:15: warning: ‘SDE::FBAtime’ defined but not used [-Wunused-variable]
 4315 | static double FBAtime = -1;
      |               ^~~~~~~
./class.cpp:4314:16: warning: ‘SDE::Vars’ defined but not used [-Wunused-variable]
 4314 | static double* Vars;
      |                ^~~~
make: *** [makefile:30: fluxb] Error 1
#Error during compilation. 


